{"EventID": 7, "Computer": "evtx-PC", "UtcTime": "2022-04-04 11:19:49.604", "Provider": "Microsoft-Windows-Sysmon", "RuleName": "-", "ProcessGuid": "{e97d4e69-0000-0000-1bad-000000000000}", "ProcessId": "892", "Image": "C:\\Windows\\System32\\svchost.exe", "ImageLoaded": "C:\\Windows\\System32\\wecsvc.dll", "FileVersion": "6.1.7600.16385 (win7_rtm.090713-1255)", "Description": "Event Collector Service", "Product": "Microsoft\u00ae Windows\u00ae Operating System", "Company": "Microsoft Corporation", "OriginalFileName": "wecsvc.dll", "Hashes": "SHA1=313C8B092A562F813D884645FBC8B868709FAD1B,MD5=760F0AFE937A77CFF27153206534F275,SHA256=A53940BA28854486FF18F16B98A3314B36322B0B6EFB54D08B921315BEB0ADD5,IMPHASH=AB136260260724D6E05BD170082F7B85", "Signed": "true", "Signature": "Microsoft Windows", "SignatureStatus": "Valid", "_source_file": "data/baseline/win7-x86/Microsoft-Windows-Sysmon%4Operational.evtx"}, {"EventID": 7, "Computer": "evtx-PC", "UtcTime": "2022-04-04 11:19:49.604", "Provider": "Microsoft-Windows-Sysmon", "RuleName": "-", "ProcessGuid": "{e97d4e69-0000-0000-1bad-000000000000}", "ProcessId": "892", "Image": "C:\\Windows\\System32\\svchost.exe", "ImageLoaded": "C:\\Windows\\System32\\wevtapi.dll", "FileVersion": "6.1.7600.16385 (win7_rtm.090713-1255)", "Description": "Eventing Consumption and Configuration API", "Product": "Microsoft\u00ae Windows\u00ae Operating System", "Company": "Microsoft Corporation", "OriginalFileName": "wevtapi.dll", "Hashes": "SHA1=2B6AB1ACE6551305C8675E8AC373CAADCBB44B71,MD5=82C089EA2A3EEFADF3588EA71E8BDADA,SHA256=2F3BB32EE2C0673058A74DEEB2D405E5E79F833F33C4D289A93EB3C618A86E75,IMPHASH=8CD914F9811FBE547FD72D59DA7FF80D", "Signed": "true", "Signature": "Microsoft Windows", "SignatureStatus": "Valid", "_source_file": "data/baseline/win7-x86/Microsoft-Windows-Sysmon%4Operational.evtx"}, {"EventID": 7, "Computer": "evtx-PC", "UtcTime": "2022-04-04 11:19:49.604", "Provider": "Microsoft-Windows-Sysmon", "RuleName": "-", "ProcessGuid": "{e97d4e69-0000-0000-1bad-000000000000}", "ProcessId": "892", "Image": "C:\\Windows\\System32\\svchost.exe", "ImageLoaded": "C:\\Windows\\System32\\wevtapi.dll", "FileVersion": "6.1.7600.16385 (win7_rtm.090713-1255)", "Description": "Eventing Consumption and Configuration API", "Product": "Microsoft\u00ae Windows\u00ae Operating System", "Company": "Microsoft Corporation", "OriginalFileName": "wevtapi.dll", "Hashes": "SHA1=2B6AB1ACE6551305C8675E8AC373CAADCBB44B71,MD5=82C089EA2A3EEFADF3588EA71E8BDADA,SHA256=2F3BB32EE2C0673058A74DEEB2D405E5E79F833F33C4D289A93EB3C618A86E75,IMPHASH=8CD914F9811FBE547FD72D59DA7FF80D", "Signed": "true", "Signature": "Microsoft Windows", "SignatureStatus": "Valid", "_source_file": "data/baseline/win7-x86/Microsoft-Windows-Sysmon%4Operational.evtx"}, {"EventID": 7, "Computer": "evtx-PC", "UtcTime": "2022-04-04 11:19:49.620", "Provider": "Microsoft-Windows-Sysmon", "RuleName": "-", "ProcessGuid": "{e97d4e69-0000-0000-1bad-000000000000}", "ProcessId": "892", "Image": "C:\\Windows\\System32\\svchost.exe", "ImageLoaded": "C:\\Windows\\System32\\aeevts.dll", "FileVersion": "6.1.7600.16385 (win7_rtm.090713-1255)", "Description": "Application Experience Event Resources", "Product": "Microsoft\u00ae Windows\u00ae Operating System", "Company": "Microsoft Corporation", "OriginalFileName": "-", "Hashes": "SHA1=D2F6D3D1415BD7F9397F5CD9A2B01BF1389ACFB7,MD5=175383778EB24D98C84E624021E3AA0B,SHA256=FE831AC7C5375FE0F0D2A56F1546F968B2595503CC63FE9A8F819F7910A1604A,IMPHASH=00000000000000000000000000000000", "Signed": "true", "Signature": "Microsoft Windows", "SignatureStatus": "Valid", "_source_file": "data/baseline/win7-x86/Microsoft-Windows-Sysmon%4Operational.evtx"}, {"EventID": 7, "Computer": "evtx-PC", "UtcTime": "2022-04-04 11:19:49.620", "Provider": "Microsoft-Windows-Sysmon", "RuleName": "-", "ProcessGuid": "{e97d4e69-0000-0000-1bad-000000000000}", "ProcessId": "892", "Image": "C:\\Windows\\System32\\svchost.exe", "ImageLoaded": "C:\\Windows\\System32\\apilogen.dll", "FileVersion": "6.1.7600.16385 (win7_rtm.090713-1255)", "Description": "API Tracing Log Engine", "Product": "Microsoft\u00ae Windows\u00ae Operating System", "Company": "Microsoft Corporation", "OriginalFileName": "apilogen.dll", "Hashes": "SHA1=099FAE7B237C2E96C62A1A010FB334C750F730CA,MD5=6726C291D2D2DCE34DABEB5C8E736555,SHA256=C9C92264C3580032DCB7EE10E6754A44BF7558E43DAE3369D925B21C1787056F,IMPHASH=C20F3FF51269EFDE1B78CB5E0FEBEF0E", "Signed": "true", "Signature": "Microsoft Windows", "SignatureStatus": "Valid", "_source_file": "data/baseline/win7-x86/Microsoft-Windows-Sysmon%4Operational.evtx"}, {"EventID": 7, "Computer": "evtx-PC", "UtcTime": "2022-04-04 11:19:49.620", "Provider": "Microsoft-Windows-Sysmon", "RuleName": "-", "ProcessGuid": "{e97d4e69-0000-0000-1bad-000000000000}", "ProcessId": "892", "Image": "C:\\Windows\\System32\\svchost.exe", "ImageLoaded": "C:\\Windows\\System32\\appidapi.dll", "FileVersion": "6.1.7600.16385 (win7_rtm.090713-1255)", "Description": "Application Identity APIs Dll", "Product": "Microsoft\u00ae Windows\u00ae Operating System", "Company": "Microsoft Corporation", "OriginalFileName": "appidapi.dll", "Hashes": "SHA1=685C116E008E4AA6E15ADDFBC81D8A7E7EEE3D0B,MD5=CEAF33BDAE752B7EA0C7BE5F9D396636,SHA256=7DB648914965018D1192087BFE389F47F9A14A4E7C67BB9952266958C1210CB2,IMPHASH=FD8F2D43CACDAB0F8F2DD63C8C89CCAA", "Signed": "true", "Signature": "Microsoft Windows", "SignatureStatus": "Valid", "_source_file": "data/baseline/win7-x86/Microsoft-Windows-Sysmon%4Operational.evtx"}, {"EventID": 7, "Computer": "evtx-PC", "UtcTime": "2022-04-04 11:19:49.635", "Provider": "Microsoft-Windows-Sysmon", "RuleName": "-", "ProcessGuid": "{e97d4e69-0000-0000-1bad-000000000000}", "ProcessId": "892", "Image": "C:\\Windows\\System32\\svchost.exe", "ImageLoaded": "C:\\Windows\\System32\\appidapi.dll", "FileVersion": "6.1.7600.16385 (win7_rtm.090713-1255)", "Description": "Application Identity APIs Dll", "Product": "Microsoft\u00ae Windows\u00ae Operating System", "Company": "Microsoft Corporation", "OriginalFileName": "appidapi.dll", "Hashes": "SHA1=685C116E008E4AA6E15ADDFBC81D8A7E7EEE3D0B,MD5=CEAF33BDAE752B7EA0C7BE5F9D396636,SHA256=7DB648914965018D1192087BFE389F47F9A14A4E7C67BB9952266958C1210CB2,IMPHASH=FD8F2D43CACDAB0F8F2DD63C8C89CCAA", "Signed": "true", "Signature": "Microsoft Windows", "SignatureStatus": "Valid", "_source_file": "data/baseline/win7-x86/Microsoft-Windows-Sysmon%4Operational.evtx"}, {"EventID": 7, "Computer": "evtx-PC", "UtcTime": "2022-04-04 11:19:49.666", "Provider": "Microsoft-Windows-Sysmon", "RuleName": "-", "ProcessGuid": "{e97d4e69-0000-0000-1bad-000000000000}", "ProcessId": "892", "Image": "C:\\Windows\\System32\\svchost.exe", "ImageLoaded": "C:\\Windows\\System32\\authui.dll", "FileVersion": "6.1.7600.16385 (win7_rtm.090713-1255)", "Description": "Windows Authentication UI", "Product": "Microsoft\u00ae Windows\u00ae Operating System", "Company": "Microsoft Corporation", "OriginalFileName": "AUTHUI.DLL", "Hashes": "SHA1=873FEE15462A8DC37B7D51EECD4A0663C94C8726,MD5=FABFC817547EABB19B74849CEF410622,SHA256=9C26DF88BD8117DA653F832A4A08CF69C676A4174F9CB406FF3E436EDD7F99E1,IMPHASH=A302EB5C012E9F62D6075BE97CE3E8D3", "Signed": "true", "Signature": "Microsoft Windows", "SignatureStatus": "Valid", "_source_file": "data/baseline/win7-x86/Microsoft-Windows-Sysmon%4Operational.evtx"}, {"EventID": 7, "Computer": "evtx-PC", "UtcTime": "2022-04-04 11:19:49.666", "Provider": "Microsoft-Windows-Sysmon", "RuleName": "-", "ProcessGuid": "{e97d4e69-0000-0000-1bad-000000000000}", "ProcessId": "892", "Image": "C:\\Windows\\System32\\svchost.exe", "ImageLoaded": "C:\\Windows\\System32\\BlbEvents.dll", "FileVersion": "6.1.7600.16385 (win7_rtm.090713-1255)", "Description": "Blb Publisher", "Product": "Microsoft\u00ae Windows\u00ae Operating System", "Company": "Microsoft Corporation", "OriginalFileName": "BlbEvents.dll", "Hashes": "SHA1=5BA0C006D1812B21792362D66DD403A2FC8D3F49,MD5=C6D95DB7246DF065716D6DFA85F86EF9,SHA256=F270358FEC5C0080597180314238A64E93FAD613B2FA83996BB4D8381DD755FA,IMPHASH=00000000000000000000000000000000", "Signed": "true", "Signature": "Microsoft Windows", "SignatureStatus": "Valid", "_source_file": "data/baseline/win7-x86/Microsoft-Windows-Sysmon%4Operational.evtx"}, {"EventID": 7, "Computer": "evtx-PC", "UtcTime": "2022-04-04 11:19:49.666", "Provider": "Microsoft-Windows-Sysmon", "RuleName": "-", "ProcessGuid": "{e97d4e69-0000-0000-1bad-000000000000}", "ProcessId": "892", "Image": "C:\\Windows\\System32\\svchost.exe", "ImageLoaded": "C:\\Windows\\System32\\blbres.dll", "FileVersion": "6.1.7600.16385 (win7_rtm.090713-1255)", "Description": "Microsoft\u00ae Block Level Backup Engine Service Resources", "Product": "Microsoft\u00ae Windows\u00ae Operating System", "Company": "Microsoft Corporation", "OriginalFileName": "blbres.dll", "Hashes": "SHA1=8D749E3445A6D17A0AC1332FB98ADDAADD8E200D,MD5=00AE4E86C2EB10E960816976A38662DC,SHA256=7BB3C9E26676D82E3863EA37066CA3960EACE33C99813AFC9BBDAD0FD97B1E67,IMPHASH=00000000000000000000000000000000", "Signed": "true", "Signature": "Microsoft Windows", "SignatureStatus": "Valid", "_source_file": "data/baseline/win7-x86/Microsoft-Windows-Sysmon%4Operational.evtx"}, {"EventID": 7, "Computer": "evtx-PC", "UtcTime": "2022-04-04 11:19:49.681", "Provider": "Microsoft-Windows-Sysmon", "RuleName": "-", "ProcessGuid": "{e97d4e69-0000-0000-1bad-000000000000}", "ProcessId": "892", "Image": "C:\\Windows\\System32\\svchost.exe", "ImageLoaded": "C:\\Windows\\System32\\wbiosrvc.dll", "FileVersion": "6.1.7600.16385 (win7_rtm.090713-1255)", "Description": "Windows Biometric Service", "Product": "Microsoft\u00ae Windows\u00ae Operating System", "Company": "Microsoft Corporation", "OriginalFileName": "wbiosrvc.dll", "Hashes": "SHA1=D48E22AEC80E01D8EAEF95A48758DFC6E2E1C353,MD5=9614B5D29DC76AC3C29F6D2D3AA70E67,SHA256=A2FFB92F0030B4CD771E862DA575ECCF2F3A5B4B85858C1241A0C59262C0EC88,IMPHASH=4090F1CD981E4B751616002748843112", "Signed": "true", "Signature": "Microsoft Windows", "SignatureStatus": "Valid", "_source_file": "data/baseline/win7-x86/Microsoft-Windows-Sysmon%4Operational.evtx"}, {"EventID": 7, "Computer": "evtx-PC", "UtcTime": "2022-04-04 11:19:49.697", "Provider": "Microsoft-Windows-Sysmon", "RuleName": "-", "ProcessGuid": "{e97d4e69-0000-0000-1bad-000000000000}", "ProcessId": "892", "Image": "C:\\Windows\\System32\\svchost.exe", "ImageLoaded": "C:\\Windows\\System32\\qmgr.dll", "FileVersion": "7.5.7600.16385 (win7_rtm.090713-1255)", "Description": "Background Intelligent Transfer Service", "Product": "Microsoft\u00ae Windows\u00ae Operating System", "Company": "Microsoft Corporation", "OriginalFileName": "qmgr.dll", "Hashes": "SHA1=4D3A1898B8449CE5A19EF281430DC2E169602F83,MD5=53F476476F55A27F580661BDE09C4EC4,SHA256=90DFBF97F011CFF41D2CFA2E33978BC746A7E693AC75EED1436130C4F10B4E67,IMPHASH=6CEB27225BA231ED8519CA9BBAF27AC9", "Signed": "true", "Signature": "Microsoft Windows", "SignatureStatus": "Valid", "_source_file": "data/baseline/win7-x86/Microsoft-Windows-Sysmon%4Operational.evtx"}, {"EventID": 7, "Computer": "evtx-PC", "UtcTime": "2022-04-04 11:19:49.712", "Provider": "Microsoft-Windows-Sysmon", "RuleName": "-", "ProcessGuid": "{e97d4e69-0000-0000-1bad-000000000000}", "ProcessId": "892", "Image": "C:\\Windows\\System32\\svchost.exe", "ImageLoaded": "C:\\Windows\\System32\\wpd_ci.dll", "FileVersion": "6.1.7600.16385 (win7_rtm.090713-1255)", "Description": "Driver Setup Class Installer for Windows Portable Devices", "Product": "Microsoft\u00ae Windows\u00ae Operating System", "Company": "Microsoft Corporation", "OriginalFileName": "wpd_ci.DLL", "Hashes": "SHA1=EA9080E01C4624309B8446D8F53FA9A1D59804F8,MD5=48685A9603CBD3B297202991B54E3152,SHA256=493015821C4103080B5BBF99712AA77AB4BC3763161E0007312EDA79D6721F9F,IMPHASH=5139E714E021757226C3548B7AFA8770", "Signed": "true", "Signature": "Microsoft Windows", "SignatureStatus": "Valid", "_source_file": "data/baseline/win7-x86/Microsoft-Windows-Sysmon%4Operational.evtx"}, {"EventID": 7, "Computer": "evtx-PC", "UtcTime": "2022-04-04 11:19:49.728", "Provider": "Microsoft-Windows-Sysmon", "RuleName": "-", "ProcessGuid": "{e97d4e69-0000-0000-1bad-000000000000}", "ProcessId": "892", "Image": "C:\\Windows\\System32\\svchost.exe", "ImageLoaded": "C:\\Windows\\System32\\PeerDistSvc.dll", "FileVersion": "6.1.7600.16385 (win7_rtm.090713-1255)", "Description": "BranchCache Service", "Product": "Microsoft\u00ae Windows\u00ae Operating System", "Company": "Microsoft Corporation", "OriginalFileName": "PeerDistSvc.dll", "Hashes": "SHA1=09DC6ACBE46796F8BC25DF0ACFEEFE12E187E8B2,MD5=AF4D64D2A57B9772CF3801950B8058A6,SHA256=C9C493A3775E6E1660CE5DF75DA574D0C04245FB88CF41B96217A725359C350D,IMPHASH=944304B44DDC71747DFBFED024E4BB61", "Signed": "true", "Signature": "Microsoft Windows", "SignatureStatus": "Valid", "_source_file": "data/baseline/win7-x86/Microsoft-Windows-Sysmon%4Operational.evtx"}, {"EventID": 7, "Computer": "evtx-PC", "UtcTime": "2022-04-04 11:19:49.743", "Provider": "Microsoft-Windows-Sysmon", "RuleName": "-", "ProcessGuid": "{e97d4e69-0000-0000-1bad-000000000000}", "ProcessId": "892", "Image": "C:\\Windows\\System32\\svchost.exe", "ImageLoaded": "C:\\Windows\\System32\\cscsvc.dll", "FileVersion": "6.1.7600.16385 (win7_rtm.090713-1255)", "Description": "CSC Service DLL", "Product": "Microsoft\u00ae Windows\u00ae Operating System", "Company": "Microsoft Corporation", "OriginalFileName": "cscsvc.dll", "Hashes": "SHA1=B657829BF846CBE10FE5EECBB65B213BA3B586FE,MD5=56FB5F222EA30D3D3FC459879772CB73,SHA256=2C4646774575858E26DBA9C73853E06D0BD18CC8A4C73C633071FF5FE04CA0F4,IMPHASH=BB8D3AC8E3ED8A185A4B167B1D97EBCD", "Signed": "true", "Signature": "Microsoft Windows", "SignatureStatus": "Valid", "_source_file": "data/baseline/win7-x86/Microsoft-Windows-Sysmon%4Operational.evtx"}, {"EventID": 7, "Computer": "evtx-PC", "UtcTime": "2022-04-04 11:19:49.759", "Provider": "Microsoft-Windows-Sysmon", "RuleName": "-", "ProcessGuid": "{e97d4e69-0000-0000-1bad-000000000000}", "ProcessId": "892", "Image": "C:\\Windows\\System32\\svchost.exe", "ImageLoaded": "C:\\Windows\\System32\\ci.dll", "FileVersion": "6.1.7600.16385 (win7_rtm.090713-1255)", "Description": "Code Integrity Module", "Product": "Microsoft\u00ae Windows\u00ae Operating System", "Company": "Microsoft Corporation", "OriginalFileName": "ci.dll", "Hashes": "SHA1=0F4765E1E83313B3CFA1BFD970FA6B60D7B72226,MD5=284783C6158F9A6AD7F2796B2ABE7E8E,SHA256=035FD1EF3AF1E6ADD21331A5F92B9844730BC66DEAEB6F362147E31BF72D7015,IMPHASH=1F27D711F0BD20A7F0288C4673309A55", "Signed": "true", "Signature": "Microsoft Windows", "SignatureStatus": "Valid", "_source_file": "data/baseline/win7-x86/Microsoft-Windows-Sysmon%4Operational.evtx"}, {"EventID": 7, "Computer": "evtx-PC", "UtcTime": "2022-04-04 11:19:49.743", "Provider": "Microsoft-Windows-Sysmon", "RuleName": "-", "ProcessGuid": "{e97d4e69-0000-0000-1bad-000000000000}", "ProcessId": "892", "Image": "C:\\Windows\\System32\\svchost.exe", "ImageLoaded": "C:\\Windows\\System32\\dimsroam.dll", "FileVersion": "6.1.7600.16385 (win7_rtm.090713-1255)", "Description": "Key Roaming DIMS Provider DLL", "Product": "Microsoft\u00ae Windows\u00ae Operating System", "Company": "Microsoft Corporation", "OriginalFileName": "dimsroam.dll", "Hashes": "SHA1=3C6444F33CA89F9130BE85F9B9FAE1B3C16161DC,MD5=EE456A30B0F30D6ADE305886DA3DA5B1,SHA256=606AD1279C118DBC10088FDBF95E950F0730C37D89EFD5D95C8CF4AD23B99743,IMPHASH=05EE583876C966EC2B39FF06336A3AF5", "Signed": "true", "Signature": "Microsoft Windows", "SignatureStatus": "Valid", "_source_file": "data/baseline/win7-x86/Microsoft-Windows-Sysmon%4Operational.evtx"}, {"EventID": 7, "Computer": "evtx-PC", "UtcTime": "2022-04-04 11:19:49.743", "Provider": "Microsoft-Windows-Sysmon", "RuleName": "-", "ProcessGuid": "{e97d4e69-0000-0000-1bad-000000000000}", "ProcessId": "892", "Image": "C:\\Windows\\System32\\svchost.exe", "ImageLoaded": "C:\\Windows\\System32\\CertPolEng.dll", "FileVersion": "6.1.7600.16385 (win7_rtm.090713-1255)", "Description": "Certificate Policy Engine", "Product": "Microsoft\u00ae Windows\u00ae Operating System", "Company": "Microsoft Corporation", "OriginalFileName": "CertPolEng.dll", "Hashes": "SHA1=14ABECE02EB9D83A4D26ACB21ED6560A4EDC4EE5,MD5=86CA47ABE19ACE81497558D9FD4E3555,SHA256=8374C247087EF3D8B5C482EED3B16EF7579AC0459E19EE78342AE9F933A2EBD3,IMPHASH=6FCD42354EA3E8889A46B35C57431C5D", "Signed": "true", "Signature": "Microsoft Windows", "SignatureStatus": "Valid", "_source_file": "data/baseline/win7-x86/Microsoft-Windows-Sysmon%4Operational.evtx"}, {"EventID": 7, "Computer": "evtx-PC", "UtcTime": "2022-04-04 11:19:49.759", "Provider": "Microsoft-Windows-Sysmon", "RuleName": "-", "ProcessGuid": "{e97d4e69-0000-0000-1bad-000000000000}", "ProcessId": "892", "Image": "C:\\Windows\\System32\\svchost.exe", "ImageLoaded": "C:\\Windows\\System32\\cofiredm.dll", "FileVersion": "6.1.7600.16385 (win7_rtm.090713-1255)", "Description": "Corrupted File Recovery Diagnostic Module", "Product": "Microsoft\u00ae Windows\u00ae Operating System", "Company": "Microsoft Corporation", "OriginalFileName": "cofiredm.dll", "Hashes": "SHA1=AECF77A4C71C7071AA4FE35F67CA3BEB5EBCB508,MD5=CA95870DBD7AAA96CB3AEAD0D1B4EDD1,SHA256=07CC99EFD9DF582C8849192465C250965173F541F4DD11F66C91BF0DBF767607,IMPHASH=FB5DDCE628F122A28DA1800398DC0011", "Signed": "true", "Signature": "Microsoft Windows", "SignatureStatus": "Valid", "_source_file": "data/baseline/win7-x86/Microsoft-Windows-Sysmon%4Operational.evtx"}, {"EventID": 7, "Computer": "evtx-PC", "UtcTime": "2022-04-04 11:19:49.759", "Provider": "Microsoft-Windows-Sysmon", "RuleName": "-", "ProcessGuid": "{e97d4e69-0000-0000-1bad-000000000000}", "ProcessId": "892", "Image": "C:\\Windows\\System32\\svchost.exe", "ImageLoaded": "C:\\Windows\\System32\\cofiredm.dll", "FileVersion": "6.1.7600.16385 (win7_rtm.090713-1255)", "Description": "Corrupted File Recovery Diagnostic Module", "Product": "Microsoft\u00ae Windows\u00ae Operating System", "Company": "Microsoft Corporation", "OriginalFileName": "cofiredm.dll", "Hashes": "SHA1=AECF77A4C71C7071AA4FE35F67CA3BEB5EBCB508,MD5=CA95870DBD7AAA96CB3AEAD0D1B4EDD1,SHA256=07CC99EFD9DF582C8849192465C250965173F541F4DD11F66C91BF0DBF767607,IMPHASH=FB5DDCE628F122A28DA1800398DC0011", "Signed": "true", "Signature": "Microsoft Windows", "SignatureStatus": "Valid", "_source_file": "data/baseline/win7-x86/Microsoft-Windows-Sysmon%4Operational.evtx"}, {"EventID": 7, "Computer": "evtx-PC", "UtcTime": "2022-04-04 11:19:49.774", "Provider": "Microsoft-Windows-Sysmon", "RuleName": "-", "ProcessGuid": "{e97d4e69-0000-0000-1bad-000000000000}", "ProcessId": "892", "Image": "C:\\Windows\\System32\\svchost.exe", "ImageLoaded": "C:\\Windows\\System32\\timedate.cpl", "FileVersion": "6.1.7600.16385 (win7_rtm.090713-1255)", "Description": "Time Date Control Panel Applet", "Product": "Microsoft\u00ae Windows\u00ae Operating System", "Company": "Microsoft Corporation", "OriginalFileName": "timedate.cpl", "Hashes": "SHA1=6AE8CC55436F9EA08219B9C2D3A1C957B5F2ECF1,MD5=A4155E8A6B30607FB2609B27493BC0AD,SHA256=28539DBBA8065F1A628490552BD26936674C5510CB3CD29483620EF814A18A0E,IMPHASH=EE8C760F6F2836FBDF3C279032717BA7", "Signed": "true", "Signature": "Microsoft Windows", "SignatureStatus": "Valid", "_source_file": "data/baseline/win7-x86/Microsoft-Windows-Sysmon%4Operational.evtx"}, {"EventID": 7, "Computer": "evtx-PC", "UtcTime": "2022-04-04 11:19:49.790", "Provider": "Microsoft-Windows-Sysmon", "RuleName": "-", "ProcessGuid": "{e97d4e69-0000-0000-1bad-000000000000}", "ProcessId": "892", "Image": "C:\\Windows\\System32\\svchost.exe", "ImageLoaded": "C:\\Windows\\System32\\SyncInfrastructure.dll", "FileVersion": "6.1.7600.16385 (win7_rtm.090713-1255)", "Description": "Microsoft Windows Sync Infrastructure.", "Product": "Microsoft\u00ae Windows\u00ae Operating System", "Company": "Microsoft Corporation", "OriginalFileName": "-", "Hashes": "SHA1=092B13B3B417688D6384EAB21C373585283AC731,MD5=469E61ED4C5E018E1D0B130ACE65D85F,SHA256=9E8D84782940FE4D8E7FBEA32CB5A847F628DBB3E65C2315835D7E11C62DDEF3,IMPHASH=C66DB7C82AA2FEFEAA893B745D76C7CB", "Signed": "true", "Signature": "Microsoft Windows", "SignatureStatus": "Valid", "_source_file": "data/baseline/win7-x86/Microsoft-Windows-Sysmon%4Operational.evtx"}, {"EventID": 7, "Computer": "evtx-PC", "UtcTime": "2022-04-04 11:19:49.790", "Provider": "Microsoft-Windows-Sysmon", "RuleName": "-", "ProcessGuid": "{e97d4e69-0000-0000-1bad-000000000000}", "ProcessId": "892", "Image": "C:\\Windows\\System32\\svchost.exe", "ImageLoaded": "C:\\Windows\\System32\\DHCPQEC.DLL", "FileVersion": "6.1.7600.16385 (win7_rtm.090713-1255)", "Description": "Microsoft DHCP NAP Enforcement Client", "Product": "Microsoft\u00ae Windows\u00ae Operating System", "Company": "Microsoft Corporation", "OriginalFileName": "DhcpQEC.dll", "Hashes": "SHA1=1DDDC4981B2DEB698EDD1609C3D995B09F00288C,MD5=2765B91A9EE086C20B451E80D2709CC9,SHA256=BFF8DFC9211E6C0114939F94A7080EA385FED93D16CD94602CA9C1B70DBC2634,IMPHASH=69889F7E0BA6B8BD9F7265D80B784E11", "Signed": "true", "Signature": "Microsoft Windows", "SignatureStatus": "Valid", "_source_file": "data/baseline/win7-x86/Microsoft-Windows-Sysmon%4Operational.evtx"}, {"EventID": 7, "Computer": "evtx-PC", "UtcTime": "2022-04-04 11:19:49.805", "Provider": "Microsoft-Windows-Sysmon", "RuleName": "-", "ProcessGuid": "{e97d4e69-0000-0000-1bad-000000000000}", "ProcessId": "892", "Image": "C:\\Windows\\System32\\svchost.exe", "ImageLoaded": "C:\\Windows\\System32\\dps.dll", "FileVersion": "6.1.7600.16385 (win7_rtm.090713-1255)", "Description": "WDI Diagnostic Policy Service", "Product": "Microsoft\u00ae Windows\u00ae Operating System", "Company": "Microsoft Corporation", "OriginalFileName": "dps.dll", "Hashes": "SHA1=97A64EA7D83D22B55EC5756DDD32821F7B901119,MD5=7FA81C6E11CAA594ADB52084DA73A1E5,SHA256=9ED1C585D9CA091E75E4A2A1E5B923B104EBDC5FC9D12154DE909C583E4D0CAE,IMPHASH=08E6F9CEB88FE13B2EDB0B8F456496A5", "Signed": "true", "Signature": "Microsoft Windows", "SignatureStatus": "Valid", "_source_file": "data/baseline/win7-x86/Microsoft-Windows-Sysmon%4Operational.evtx"}, {"EventID": 7, "Computer": "evtx-PC", "UtcTime": "2022-04-04 11:19:49.805", "Provider": "Microsoft-Windows-Sysmon", "RuleName": "-", "ProcessGuid": "{e97d4e69-0000-0000-1bad-000000000000}", "ProcessId": "892", "Image": "C:\\Windows\\System32\\svchost.exe", "ImageLoaded": "C:\\Windows\\System32\\pcwum.dll", "FileVersion": "6.1.7600.16385 (win7_rtm.090713-1255)", "Description": "Performance Counters for Windows Native DLL", "Product": "Microsoft\u00ae Windows\u00ae Operating System", "Company": "Microsoft Corporation", "OriginalFileName": "pcwum.dll", "Hashes": "SHA1=3084C13730A79F14813176A07654F6F0BAD0B019,MD5=5893EBDCE371174AC89ECD7731DD6D77,SHA256=31CC55F4724CFD95E48954B38C0A04D674399FD243083A816893ED5E5A770086,IMPHASH=77A11CD699F4374AE3BE0D60FFB9B9C9", "Signed": "true", "Signature": "Microsoft Windows", "SignatureStatus": "Valid", "_source_file": "data/baseline/win7-x86/Microsoft-Windows-Sysmon%4Operational.evtx"}, {"EventID": 7, "Computer": "evtx-PC", "UtcTime": "2022-04-04 11:19:49.836", "Provider": "Microsoft-Windows-Sysmon", "RuleName": "-", "ProcessGuid": "{e97d4e69-0000-0000-1bad-000000000000}", "ProcessId": "892", "Image": "C:\\Windows\\System32\\svchost.exe", "ImageLoaded": "C:\\Windows\\System32\\pla.dll", "FileVersion": "6.1.7600.16385 (win7_rtm.090713-1255)", "Description": "Performance Logs & Alerts", "Product": "Microsoft\u00ae Windows\u00ae Operating System", "Company": "Microsoft Corporation", "OriginalFileName": "PLA.DLL", "Hashes": "SHA1=B1F02B871DBB1EFC0793D72F9F914A286AAFCFB1,MD5=9C1BFF7910C89A1D12E57343475840CB,SHA256=62E00E1278BD263B2AC8CB803C31F2818C54DB143C49470FAD07731E04BD2DE3,IMPHASH=B80E358DCD2962FBE61BFB4EC710C320", "Signed": "true", "Signature": "Microsoft Windows", "SignatureStatus": "Valid", "_source_file": "data/baseline/win7-x86/Microsoft-Windows-Sysmon%4Operational.evtx"}, {"EventID": 7, "Computer": "evtx-PC", "UtcTime": "2022-04-04 11:19:49.852", "Provider": "Microsoft-Windows-Sysmon", "RuleName": "-", "ProcessGuid": "{e97d4e69-0000-0000-1bad-000000000000}", "ProcessId": "892", "Image": "C:\\Windows\\System32\\svchost.exe", "ImageLoaded": "C:\\Windows\\System32\\sdiagschd.dll", "FileVersion": "6.1.7600.16385 (win7_rtm.090713-1255)", "Description": "Scripted Diagnostics Scheduled Task", "Product": "Microsoft\u00ae Windows\u00ae Operating System", "Company": "Microsoft Corporation", "OriginalFileName": "sdiagschd.dll", "Hashes": "SHA1=1E5449EA6C630ADC907318B04F96523900E79218,MD5=C81E72D82FD4B1290ECB6077369EB0A0,SHA256=0650A322C3767DF9BD5C1EA2EF3B72458623B51CD5BD682FEE7D53B14E75908E,IMPHASH=86B60FADFAE98D9403611A699493B5DD", "Signed": "true", "Signature": "Microsoft Windows", "SignatureStatus": "Valid", "_source_file": "data/baseline/win7-x86/Microsoft-Windows-Sysmon%4Operational.evtx"}, {"EventID": 7, "Computer": "evtx-PC", "UtcTime": "2022-04-04 11:19:49.852", "Provider": "Microsoft-Windows-Sysmon", "RuleName": "-", "ProcessGuid": "{e97d4e69-0000-0000-1bad-000000000000}", "ProcessId": "892", "Image": "C:\\Windows\\System32\\svchost.exe", "ImageLoaded": "C:\\Windows\\System32\\sdiageng.dll", "FileVersion": "6.1.7600.16385 (win7_rtm.090713-1255)", "Description": "Scripted Diagnostics Execution Engine", "Product": "Microsoft\u00ae Windows\u00ae Operating System", "Company": "Microsoft Corporation", "OriginalFileName": "sdiageng.dll", "Hashes": "SHA1=4A04939B541924B2355AB03959FE5E4829F457F0,MD5=B45934FDAEB1710CEC3D8F797FD481CA,SHA256=24A0FDD3F0DE19391A07E3D9A80E01939B77E8B41660C3113C75CEA20FD4BB3F,IMPHASH=FF062D66BB2A8A414467EBD75B176031", "Signed": "true", "Signature": "Microsoft Windows", "SignatureStatus": "Valid", "_source_file": "data/baseline/win7-x86/Microsoft-Windows-Sysmon%4Operational.evtx"}, {"EventID": 7, "Computer": "evtx-PC", "UtcTime": "2022-04-04 11:19:49.867", "Provider": "Microsoft-Windows-Sysmon", "RuleName": "-", "ProcessGuid": "{e97d4e69-0000-0000-1bad-000000000000}", "ProcessId": "892", "Image": "C:\\Windows\\System32\\svchost.exe", "ImageLoaded": "C:\\Windows\\System32\\sdiagprv.dll", "FileVersion": "6.1.7600.16385 (win7_rtm.090713-1255)", "Description": "Windows Scripted Diagnostic Provider API", "Product": "Microsoft\u00ae Windows\u00ae Operating System", "Company": "Microsoft Corporation", "OriginalFileName": "SDIAGPRV.DLL", "Hashes": "SHA1=C2ECF5D317324264461C66FC2FA63FBB5092F72E,MD5=E22CF2157EA7D798CA5CFA6A30A5D9FA,SHA256=7DE1AF280F6628FC852F74CB2B74BB4D8A8B36D947905685958E2DDDFA368B57,IMPHASH=DC803DB5BAE6BB1591D74177AED89E14", "Signed": "true", "Signature": "Microsoft Windows", "SignatureStatus": "Valid", "_source_file": "data/baseline/win7-x86/Microsoft-Windows-Sysmon%4Operational.evtx"}, {"EventID": 7, "Computer": "evtx-PC", "UtcTime": "2022-04-04 11:19:49.883", "Provider": "Microsoft-Windows-Sysmon", "RuleName": "-", "ProcessGuid": "{e97d4e69-0000-0000-1bad-000000000000}", "ProcessId": "892", "Image": "C:\\Windows\\System32\\svchost.exe", "ImageLoaded": "C:\\Windows\\System32\\diagperf.dll", "FileVersion": "6.1.7600.16385 (win7_rtm.090713-1255)", "Description": "Microsoft Performance Diagnostics", "Product": "Microsoft\u00ae Windows\u00ae Operating System", "Company": "Microsoft Corporation", "OriginalFileName": "diagperf.dll", "Hashes": "SHA1=2E41280500C8FFE9369C8A26736517EAF4956A97,MD5=86CAA1B14F29093EC790779F47C9D99F,SHA256=4973784921F245B627FB1FE87FCE1492547C8349D046C903087AEF660F9671E0,IMPHASH=C8D9AF14B0AEFCD6100CF98E2CF55FAC", "Signed": "true", "Signature": "Microsoft Windows", "SignatureStatus": "Valid", "_source_file": "data/baseline/win7-x86/Microsoft-Windows-Sysmon%4Operational.evtx"}, {"EventID": 7, "Computer": "evtx-PC", "UtcTime": "2022-04-04 11:19:49.867", "Provider": "Microsoft-Windows-Sysmon", "RuleName": "-", "ProcessGuid": "{e97d4e69-0000-0000-1bad-000000000000}", "ProcessId": "892", "Image": "C:\\Windows\\System32\\svchost.exe", "ImageLoaded": "C:\\Windows\\System32\\netdiagfx.dll", "FileVersion": "6.1.7600.16385 (win7_rtm.090713-1255)", "Description": "Network Diagnostic Framework", "Product": "Microsoft\u00ae Windows\u00ae Operating System", "Company": "Microsoft Corporation", "OriginalFileName": "netdiagfx.dll", "Hashes": "SHA1=25599A088B967ACB5B494A471B78AB5BF0214D4A,MD5=039C64E115D594EAD99DA9DC8A5B3C30,SHA256=D35B2F386899C1AEAA80B3E0060F45B965B6BF55234EC67CF8B1EDDD5B0FA433,IMPHASH=317ADBC6FFA7ABE2E37FDEB826994C5F", "Signed": "true", "Signature": "Microsoft Windows", "SignatureStatus": "Valid", "_source_file": "data/baseline/win7-x86/Microsoft-Windows-Sysmon%4Operational.evtx"}, {"EventID": 7, "Computer": "evtx-PC", "UtcTime": "2022-04-04 11:19:49.883", "Provider": "Microsoft-Windows-Sysmon", "RuleName": "-", "ProcessGuid": "{e97d4e69-0000-0000-1bad-000000000000}", "ProcessId": "892", "Image": "C:\\Windows\\System32\\svchost.exe", "ImageLoaded": "C:\\Windows\\System32\\dfdts.dll", "FileVersion": "6.1.7600.16385 (win7_rtm.090713-1255)", "Description": "Windows Disk Failure Diagnostic Module", "Product": "Microsoft\u00ae Windows\u00ae Operating System", "Company": "Microsoft Corporation", "OriginalFileName": "DFDTS.dll", "Hashes": "SHA1=149E3F55F007AB570B3B25D8B3ECFAAE269635DC,MD5=321C076D63E11C6F4061E487515E55D2,SHA256=1A336265B63F81E37C5BF64550688BA96CE3C85CA296E034472E87C7C045B723,IMPHASH=AC7CA8A6258C005FF31C0FC740BE263A", "Signed": "true", "Signature": "Microsoft Windows", "SignatureStatus": "Valid", "_source_file": "data/baseline/win7-x86/Microsoft-Windows-Sysmon%4Operational.evtx"}, {"EventID": 7, "Computer": "evtx-PC", "UtcTime": "2022-04-04 11:19:49.883", "Provider": "Microsoft-Windows-Sysmon", "RuleName": "-", "ProcessGuid": "{e97d4e69-0000-0000-1bad-000000000000}", "ProcessId": "892", "Image": "C:\\Windows\\System32\\svchost.exe", "ImageLoaded": "C:\\Windows\\System32\\dfdts.dll", "FileVersion": "6.1.7600.16385 (win7_rtm.090713-1255)", "Description": "Windows Disk Failure Diagnostic Module", "Product": "Microsoft\u00ae Windows\u00ae Operating System", "Company": "Microsoft Corporation", "OriginalFileName": "DFDTS.dll", "Hashes": "SHA1=149E3F55F007AB570B3B25D8B3ECFAAE269635DC,MD5=321C076D63E11C6F4061E487515E55D2,SHA256=1A336265B63F81E37C5BF64550688BA96CE3C85CA296E034472E87C7C045B723,IMPHASH=AC7CA8A6258C005FF31C0FC740BE263A", "Signed": "true", "Signature": "Microsoft Windows", "SignatureStatus": "Valid", "_source_file": "data/baseline/win7-x86/Microsoft-Windows-Sysmon%4Operational.evtx"}, {"EventID": 7, "Computer": "evtx-PC", "UtcTime": "2022-04-04 11:19:49.898", "Provider": "Microsoft-Windows-Sysmon", "RuleName": "-", "ProcessGuid": "{e97d4e69-0000-0000-1bad-000000000000}", "ProcessId": "892", "Image": "C:\\Windows\\System32\\svchost.exe", "ImageLoaded": "C:\\Windows\\System32\\dfdts.dll", "FileVersion": "6.1.7600.16385 (win7_rtm.090713-1255)", "Description": "Windows Disk Failure Diagnostic Module", "Product": "Microsoft\u00ae Windows\u00ae Operating System", "Company": "Microsoft Corporation", "OriginalFileName": "DFDTS.dll", "Hashes": "SHA1=149E3F55F007AB570B3B25D8B3ECFAAE269635DC,MD5=321C076D63E11C6F4061E487515E55D2,SHA256=1A336265B63F81E37C5BF64550688BA96CE3C85CA296E034472E87C7C045B723,IMPHASH=AC7CA8A6258C005FF31C0FC740BE263A", "Signed": "true", "Signature": "Microsoft Windows", "SignatureStatus": "Valid", "_source_file": "data/baseline/win7-x86/Microsoft-Windows-Sysmon%4Operational.evtx"}, {"EventID": 7, "Computer": "evtx-PC", "UtcTime": "2022-04-04 11:19:49.898", "Provider": "Microsoft-Windows-Sysmon", "RuleName": "-", "ProcessGuid": "{e97d4e69-0000-0000-1bad-000000000000}", "ProcessId": "892", "Image": "C:\\Windows\\System32\\svchost.exe", "ImageLoaded": "C:\\Windows\\System32\\DFDWiz.exe", "FileVersion": "6.1.7600.16385 (win7_rtm.090713-1255)", "Description": "Windows Disk Diagnostic User Resolver", "Product": "Microsoft\u00ae Windows\u00ae Operating System", "Company": "Microsoft Corporation", "OriginalFileName": "DFDWiz.exe", "Hashes": "SHA1=5C302518EFC58AE706D052F4F860893439551419,MD5=0FACC053BAFF107027CBD1F48885FD4A,SHA256=867B8CBE2831F1782E1A77A6B5C71BDBCAEE69E363D15691DF3F9006ABBD2F99,IMPHASH=53AF0E433B3E79ED57056036BAC89ED1", "Signed": "true", "Signature": "Microsoft Windows", "SignatureStatus": "Valid", "_source_file": "data/baseline/win7-x86/Microsoft-Windows-Sysmon%4Operational.evtx"}, {"EventID": 7, "Computer": "evtx-PC", "UtcTime": "2022-04-04 11:19:49.914", "Provider": "Microsoft-Windows-Sysmon", "RuleName": "-", "ProcessGuid": "{e97d4e69-0000-0000-1bad-000000000000}", "ProcessId": "892", "Image": "C:\\Windows\\System32\\svchost.exe", "ImageLoaded": "C:\\Windows\\System32\\dccw.exe", "FileVersion": "6.1.7600.16385 (win7_rtm.090713-1255)", "Description": "Display Color Calibration", "Product": "Microsoft\u00ae Windows\u00ae Operating System", "Company": "Microsoft Corporation", "OriginalFileName": "dccw.exe", "Hashes": "SHA1=32FB71D35EC2A28D3F80C8240E3B0627665764E5,MD5=12E8D1D2F8C3C7DF6E2C8ED37217B5DE,SHA256=4C5067DE02F638821689D87701135FF8E8799EC01029241003D2AE4654AB05D3,IMPHASH=6D86E779A247BF438689A64A68008C86", "Signed": "true", "Signature": "Microsoft Windows", "SignatureStatus": "Valid", "_source_file": "data/baseline/win7-x86/Microsoft-Windows-Sysmon%4Operational.evtx"}, {"EventID": 7, "Computer": "evtx-PC", "UtcTime": "2022-04-04 11:19:49.914", "Provider": "Microsoft-Windows-Sysmon", "RuleName": "-", "ProcessGuid": "{e97d4e69-0000-0000-1bad-000000000000}", "ProcessId": "892", "Image": "C:\\Windows\\System32\\svchost.exe", "ImageLoaded": "C:\\Windows\\System32\\WUDFPlatform.dll", "FileVersion": "6.1.7600.16385 (win7_rtm.090713-1255)", "Description": "Windows Driver Foundation - User-mode Platform Library", "Product": "Microsoft\u00ae Windows\u00ae Operating System", "Company": "Microsoft Corporation", "OriginalFileName": "WUDFPlatform.dll", "Hashes": "SHA1=135B8A75F76E744A2900CC58B3FB4FA5A1249032,MD5=688975CEA9ADD749E339168A2841205A,SHA256=C8FB6CCBF012FDAAC357AF899DCF91FB6B0E1CB223FF461203031864F3B69C9A,IMPHASH=674D6272A976CB8534FD7B18A094FBF0", "Signed": "true", "Signature": "Microsoft Windows", "SignatureStatus": "Valid", "_source_file": "data/baseline/win7-x86/Microsoft-Windows-Sysmon%4Operational.evtx"}, {"EventID": 7, "Computer": "evtx-PC", "UtcTime": "2022-04-04 11:19:49.929", "Provider": "Microsoft-Windows-Sysmon", "RuleName": "-", "ProcessGuid": "{e97d4e69-0000-0000-1bad-000000000000}", "ProcessId": "892", "Image": "C:\\Windows\\System32\\svchost.exe", "ImageLoaded": "C:\\Windows\\System32\\eapsvc.dll", "FileVersion": "6.1.7600.16385 (win7_rtm.090713-1255)", "Description": "Microsoft EAPHost service", "Product": "Microsoft\u00ae Windows\u00ae Operating System", "Company": "Microsoft Corporation", "OriginalFileName": "eapsvc.dll", "Hashes": "SHA1=8FF9F3E23E3DF34FB78A08834689CDCAA4CEA7F2,MD5=8600142FA91C1B96367D3300AD0F3F3A,SHA256=5713625E27DF11FAAFDA7AC79899A6AD813166E167088FA990EC5DE87DBE83DF,IMPHASH=D107A8AA6C69E8A792332228BC53B6F8", "Signed": "true", "Signature": "Microsoft Windows", "SignatureStatus": "Valid", "_source_file": "data/baseline/win7-x86/Microsoft-Windows-Sysmon%4Operational.evtx"}, {"EventID": 7, "Computer": "evtx-PC", "UtcTime": "2022-04-04 11:19:49.944", "Provider": "Microsoft-Windows-Sysmon", "RuleName": "-", "ProcessGuid": "{e97d4e69-0000-0000-1bad-000000000000}", "ProcessId": "892", "Image": "C:\\Windows\\System32\\svchost.exe", "ImageLoaded": "C:\\Windows\\System32\\fthsvc.dll", "FileVersion": "6.1.7600.16385 (win7_rtm.090713-1255)", "Description": "Microsoft Windows Fault Tolerant Heap Diagnostic Module", "Product": "Microsoft\u00ae Windows\u00ae Operating System", "Company": "Microsoft Corporation", "OriginalFileName": "fthsvc.dll", "Hashes": "SHA1=6D4745F77B0CE308BDEDD226D3FB0B43C7659358,MD5=47BB23927747B934C6690F86C33E3C16,SHA256=28009E9966CDA25DA61A3B25DB8B2A84FE765932D568D5DB335C0A955D834782,IMPHASH=F976A9EB006DCE6EC44112E0BE907147", "Signed": "true", "Signature": "Microsoft Windows", "SignatureStatus": "Valid", "_source_file": "data/baseline/win7-x86/Microsoft-Windows-Sysmon%4Operational.evtx"}, {"EventID": 7, "Computer": "evtx-PC", "UtcTime": "2022-04-04 11:19:49.944", "Provider": "Microsoft-Windows-Sysmon", "RuleName": "-", "ProcessGuid": "{e97d4e69-0000-0000-1bad-000000000000}", "ProcessId": "892", "Image": "C:\\Windows\\System32\\svchost.exe", "ImageLoaded": "C:\\Windows\\System32\\fms.dll", "FileVersion": "1.0001.6000.16384", "Description": "Font Management Services", "Product": "Microsoft(R) Font Management Services", "Company": "Windows (R) Codename Longhorn DDK provider", "OriginalFileName": "FMS", "Hashes": "SHA1=FAC043DBD7EB7052201EC7F03854977E89C42DD0,MD5=A80E96E4D060B4073785C6A80A9F070E,SHA256=CED566813690C9E90EB7F7947649315108C9134ECF4AA4D2B0184904A9AE5BF5,IMPHASH=FE703EC5F5EEDD775C0A22A6A8A446BA", "Signed": "true", "Signature": "Microsoft Windows", "SignatureStatus": "Valid", "_source_file": "data/baseline/win7-x86/Microsoft-Windows-Sysmon%4Operational.evtx"}, {"EventID": 7, "Computer": "evtx-PC", "UtcTime": "2022-04-04 11:19:49.944", "Provider": "Microsoft-Windows-Sysmon", "RuleName": "-", "ProcessGuid": "{e97d4e69-0000-0000-1bad-000000000000}", "ProcessId": "892", "Image": "C:\\Windows\\System32\\svchost.exe", "ImageLoaded": "C:\\Windows\\System32\\fdeploy.dll", "FileVersion": "6.1.7600.16385 (win7_rtm.090713-1255)", "Description": "Folder Redirection Group Policy Extension", "Product": "Microsoft\u00ae Windows\u00ae Operating System", "Company": "Microsoft Corporation", "OriginalFileName": "fdeploy.dll", "Hashes": "SHA1=13C0B37767FDE925E896DF923A912D93B46EA8CC,MD5=43B25D3B9C0AD8D1AB5EAF21CDD63100,SHA256=584C083236400AF809C4C164C81E228BF3C6D7418ED37D7E3553E5375CA7F15A,IMPHASH=CCC675C6203F83C015EE4F55B0E4C8AF", "Signed": "true", "Signature": "Microsoft Windows", "SignatureStatus": "Valid", "_source_file": "data/baseline/win7-x86/Microsoft-Windows-Sysmon%4Operational.evtx"}, {"EventID": 7, "Computer": "evtx-PC", "UtcTime": "2022-04-04 11:19:49.960", "Provider": "Microsoft-Windows-Sysmon", "RuleName": "-", "ProcessGuid": "{e97d4e69-0000-0000-1bad-000000000000}", "ProcessId": "892", "Image": "C:\\Windows\\System32\\svchost.exe", "ImageLoaded": "C:\\Windows\\System32\\wevtfwd.dll", "FileVersion": "6.1.7600.16385 (win7_rtm.090713-1255)", "Description": "WS-Management Event Forwarding Plug-in", "Product": "Microsoft\u00ae Windows\u00ae Operating System", "Company": "Microsoft Corporation", "OriginalFileName": "wevtfwd.dll", "Hashes": "SHA1=18FEBB4E2D34C34A1302DDDBAACD2A7FB7EC8390,MD5=A9907BA5DF28EF36A1902C074221C106,SHA256=CC63897C7FE8160034ECEFC040349E42DB968C3F25572E43EF66854F2F01B6AD,IMPHASH=7072E48DC0762B7056EDDF3ED1E170B5", "Signed": "true", "Signature": "Microsoft Windows", "SignatureStatus": "Valid", "_source_file": "data/baseline/win7-x86/Microsoft-Windows-Sysmon%4Operational.evtx"}, {"EventID": 7, "Computer": "evtx-PC", "UtcTime": "2022-04-04 11:19:49.975", "Provider": "Microsoft-Windows-Sysmon", "RuleName": "-", "ProcessGuid": "{e97d4e69-0000-0000-1bad-000000000000}", "ProcessId": "892", "Image": "C:\\Windows\\System32\\svchost.exe", "ImageLoaded": "C:\\Windows\\System32\\gpsvc.dll", "FileVersion": "6.1.7600.16385 (win7_rtm.090713-1255)", "Description": "Group Policy Client", "Product": "Microsoft\u00ae Windows\u00ae Operating System", "Company": "Microsoft Corporation", "OriginalFileName": "gpsvc.dll", "Hashes": "SHA1=4597A614270370C16C4D2628F85806E6057E66D7,MD5=8BA3C04702BF8F927AB36AE8313CA4EE,SHA256=3B6460C8134AA9D6E4FB978201B35FE9B67DD5BBB6C8D9625F3097DDA30C2893,IMPHASH=00BE1AFBFD7270A6F4019A0378221CE2", "Signed": "true", "Signature": "Microsoft Windows", "SignatureStatus": "Valid", "_source_file": "data/baseline/win7-x86/Microsoft-Windows-Sysmon%4Operational.evtx"}, {"EventID": 7, "Computer": "evtx-PC", "UtcTime": "2022-04-04 11:19:49.991", "Provider": "Microsoft-Windows-Sysmon", "RuleName": "-", "ProcessGuid": "{e97d4e69-0000-0000-1bad-000000000000}", "ProcessId": "892", "Image": "C:\\Windows\\System32\\svchost.exe", "ImageLoaded": "C:\\Windows\\System32\\apds.dll", "FileVersion": "6.1.7600.16385 (win7_rtm.090713-1255)", "Description": "Microsoft\u00ae Help Data Services Module", "Product": "Microsoft\u00ae Windows\u00ae Operating System", "Company": "Microsoft Corporation", "OriginalFileName": "APDS.DLL", "Hashes": "SHA1=CD7DF2D0F58AB64AA7B4C9E9622A162F1F74F8CB,MD5=7D44EE5DBCC3A6E90EB60EDF72B66D99,SHA256=030C3A880D7B448337DBF6CB8FBB7049E0A0E3FA035BE3BFB678C110BB687D70,IMPHASH=0D3FFD543AD258227CF7FA5423F804AC", "Signed": "true", "Signature": "Microsoft Windows", "SignatureStatus": "Valid", "_source_file": "data/baseline/win7-x86/Microsoft-Windows-Sysmon%4Operational.evtx"}, {"EventID": 7, "Computer": "evtx-PC", "UtcTime": "2022-04-04 11:19:50.006", "Provider": "Microsoft-Windows-Sysmon", "RuleName": "-", "ProcessGuid": "{e97d4e69-0000-0000-1bad-000000000000}", "ProcessId": "892", "Image": "C:\\Windows\\System32\\svchost.exe", "ImageLoaded": "C:\\Windows\\System32\\hgcpl.dll", "FileVersion": "6.1.7600.16385 (win7_rtm.090713-1255)", "Description": "HomeGroup Control Panel", "Product": "Microsoft\u00ae Windows\u00ae Operating System", "Company": "Microsoft Corporation", "OriginalFileName": "HGCPL.DLL", "Hashes": "SHA1=9BA838D09F5F2261E5FEEC3C1F7500FECA008227,MD5=8CC4ECA2177510674DB92BB8F1CEBBEE,SHA256=21ABC4427657E18F139AFF3164AF4FC68D23553098EA2D9F4A168684B1C7001E,IMPHASH=82AD3E1C6C23F5599CFF392EA2087A5F", "Signed": "true", "Signature": "Microsoft Windows", "SignatureStatus": "Valid", "_source_file": "data/baseline/win7-x86/Microsoft-Windows-Sysmon%4Operational.evtx"}, {"EventID": 7, "Computer": "evtx-PC", "UtcTime": "2022-04-04 11:19:50.006", "Provider": "Microsoft-Windows-Sysmon", "RuleName": "-", "ProcessGuid": "{e97d4e69-0000-0000-1bad-000000000000}", "ProcessId": "892", "Image": "C:\\Windows\\System32\\svchost.exe", "ImageLoaded": "C:\\Windows\\System32\\ListSvc.dll", "FileVersion": "6.1.7600.16385 (win7_rtm.090713-1255)", "Description": "Windows HomeGroup", "Product": "Microsoft\u00ae Windows\u00ae Operating System", "Company": "Microsoft Corporation", "OriginalFileName": "ListSvc.dll", "Hashes": "SHA1=580130366B00F2D3C2B2C4D84863551109C9C874,MD5=A768CA158BB06782A2835B907F4873C3,SHA256=EFF736C6BA38FB8FC8807286AB273E7274F505E8E59D952E8563DF77C412C5AE,IMPHASH=0F57280F3D2ED706BDD25EC66E512886", "Signed": "true", "Signature": "Microsoft Windows", "SignatureStatus": "Valid", "_source_file": "data/baseline/win7-x86/Microsoft-Windows-Sysmon%4Operational.evtx"}, {"EventID": 7, "Computer": "evtx-PC", "UtcTime": "2022-04-04 11:19:50.022", "Provider": "Microsoft-Windows-Sysmon", "RuleName": "-", "ProcessGuid": "{e97d4e69-0000-0000-1bad-000000000000}", "ProcessId": "892", "Image": "C:\\Windows\\System32\\svchost.exe", "ImageLoaded": "C:\\Windows\\System32\\drivers\\http.sys", "FileVersion": "6.1.7600.16385 (win7_rtm.090713-1255)", "Description": "HTTP Protocol Stack", "Product": "Microsoft\u00ae Windows\u00ae Operating System", "Company": "Microsoft Corporation", "OriginalFileName": "http.sys", "Hashes": "SHA1=A4EDCF899DCF39C3BEC5D1465B9D1EE8BEADD420,MD5=C531C7FD9E8B62021112787C4E2C5A5A,SHA256=09205E2A5BFB6C623B312B8AC82F7F7CA8A922B1D9A0E3952BD3BA47BBE1F18C,IMPHASH=117F2DFF37EF0F122BF7B60E260258E0", "Signed": "true", "Signature": "Microsoft Windows", "SignatureStatus": "Valid", "_source_file": "data/baseline/win7-x86/Microsoft-Windows-Sysmon%4Operational.evtx"}, {"EventID": 7, "Computer": "evtx-PC", "UtcTime": "2022-04-04 11:19:50.037", "Provider": "Microsoft-Windows-Sysmon", "RuleName": "-", "ProcessGuid": "{e97d4e69-0000-0000-1bad-000000000000}", "ProcessId": "892", "Image": "C:\\Windows\\System32\\svchost.exe", "ImageLoaded": "C:\\Windows\\System32\\BFE.DLL", "FileVersion": "6.1.7600.16385 (win7_rtm.090713-1255)", "Description": "Base Filtering Engine", "Product": "Microsoft\u00ae Windows\u00ae Operating System", "Company": "Microsoft Corporation", "OriginalFileName": "BFE.DLL", "Hashes": "SHA1=D21C13352E04E2023E0830642194A5B210F34FBB,MD5=85AC71C045CEB054ED48A7841AAE0C11,SHA256=BA0C0CC50E5C49838116AC9A12A7CF1A683601FD08D3CF6EC06620C51C0806FF,IMPHASH=127FBCBAE6A2D0351B336AB644951631", "Signed": "true", "Signature": "Microsoft Windows", "SignatureStatus": "Valid", "_source_file": "data/baseline/win7-x86/Microsoft-Windows-Sysmon%4Operational.evtx"}, {"EventID": 7, "Computer": "evtx-PC", "UtcTime": "2022-04-04 11:19:50.037", "Provider": "Microsoft-Windows-Sysmon", "RuleName": "-", "ProcessGuid": "{e97d4e69-0000-0000-1bad-000000000000}", "ProcessId": "892", "Image": "C:\\Windows\\System32\\svchost.exe", "ImageLoaded": "C:\\Windows\\System32\\intl.cpl", "FileVersion": "6.1.7600.16385 (win7_rtm.090713-1255)", "Description": "Control Panel DLL", "Product": "Microsoft\u00ae Windows\u00ae Operating System", "Company": "Microsoft Corporation", "OriginalFileName": "INTL.CPL", "Hashes": "SHA1=29F43C524A254855188149E57D67FD68FB743A7A,MD5=432B85561AEEC4DCE1117F8DDC55F45B,SHA256=533882C01C8E80578FC30726BC18E5F5E16F0A2F071D612AE6497089F5CA7DD4,IMPHASH=D1310DAE55CA355D79876AA305F6823D", "Signed": "true", "Signature": "Microsoft Windows", "SignatureStatus": "Valid", "_source_file": "data/baseline/win7-x86/Microsoft-Windows-Sysmon%4Operational.evtx"}, {"EventID": 7, "Computer": "evtx-PC", "UtcTime": "2022-04-04 11:19:50.053", "Provider": "Microsoft-Windows-Sysmon", "RuleName": "-", "ProcessGuid": "{e97d4e69-0000-0000-1bad-000000000000}", "ProcessId": "892", "Image": "C:\\Windows\\System32\\svchost.exe", "ImageLoaded": "C:\\Windows\\System32\\iphlpsvc.dll", "FileVersion": "6.1.7600.16385 (win7_rtm.090713-1255)", "Description": "Service that offers IPv6 connectivity over an IPv4 network.", "Product": "Microsoft\u00ae Windows\u00ae Operating System", "Company": "Microsoft Corporation", "OriginalFileName": "iphlpsvc.dll", "Hashes": "SHA1=DA5A8AE97908C7AE88877DE89EC72B67B5C132D5,MD5=477397B432A256A50EE7E4339EB9EA14,SHA256=3722938E69D16962F773F39669E9B90279DC9527BBC63564B33C89DAFD283497,IMPHASH=5CDB49A0334146840EF8F6ABB51055C4", "Signed": "true", "Signature": "Microsoft Windows", "SignatureStatus": "Valid", "_source_file": "data/baseline/win7-x86/Microsoft-Windows-Sysmon%4Operational.evtx"}, {"EventID": 7, "Computer": "evtx-PC", "UtcTime": "2022-04-04 11:19:50.068", "Provider": "Microsoft-Windows-Sysmon", "RuleName": "-", "ProcessGuid": "{e97d4e69-0000-0000-1bad-000000000000}", "ProcessId": "892", "Image": "C:\\Windows\\System32\\svchost.exe", "ImageLoaded": "C:\\Windows\\System32\\microsoft-windows-kernel-power-events.dll", "FileVersion": "6.1.7600.16385 (win7_rtm.090713-1255)", "Description": "Microsoft-Windows-Kernel-Power-Events Resources", "Product": "Microsoft\u00ae Windows\u00ae Operating System", "Company": "Microsoft Corporation", "OriginalFileName": "microsoft-windows-kernel-power-events.dll", "Hashes": "SHA1=15F0CD1CA560619D841B08294587F6435D792B85,MD5=8B0B4C5927A333A05513791758350DC4,SHA256=52FF08569678F3DA6D52FAE200E4C8C85E986805987EF1CDC0616C29664E7D64,IMPHASH=00000000000000000000000000000000", "Signed": "true", "Signature": "Microsoft Windows", "SignatureStatus": "Valid", "_source_file": "data/baseline/win7-x86/Microsoft-Windows-Sysmon%4Operational.evtx"}, {"EventID": 7, "Computer": "evtx-PC", "UtcTime": "2022-04-04 11:19:50.068", "Provider": "Microsoft-Windows-Sysmon", "RuleName": "-", "ProcessGuid": "{e97d4e69-0000-0000-1bad-000000000000}", "ProcessId": "892", "Image": "C:\\Windows\\System32\\svchost.exe", "ImageLoaded": "C:\\Windows\\System32\\PSHED.DLL", "FileVersion": "6.1.7600.16385 (win7_rtm.090713-1255)", "Description": "Platform Specific Hardware Error Driver", "Product": "Microsoft\u00ae Windows\u00ae Operating System", "Company": "Microsoft Corporation", "OriginalFileName": "pshed.dll", "Hashes": "SHA1=FCBF6D0D28BEA874C1F6E67A99E9B9E0BF4E44FD,MD5=D93A937A2A9D2CBC06B3A615A197011F,SHA256=E55028F641512EC22CEC4674F7E380FE71059A21E51ECB345DDB769A276F30D1,IMPHASH=806C177182D41AAD53D9D1F7E321AD8C", "Signed": "true", "Signature": "Microsoft Windows", "SignatureStatus": "Valid", "_source_file": "data/baseline/win7-x86/Microsoft-Windows-Sysmon%4Operational.evtx"}, {"EventID": 7, "Computer": "evtx-PC", "UtcTime": "2022-04-04 11:19:50.084", "Provider": "Microsoft-Windows-Sysmon", "RuleName": "-", "ProcessGuid": "{e97d4e69-0000-0000-1bad-000000000000}", "ProcessId": "892", "Image": "C:\\Windows\\System32\\svchost.exe", "ImageLoaded": "C:\\Windows\\System32\\lpksetup.exe", "FileVersion": "6.1.7600.16385 (win7_rtm.090713-1255)", "Description": "Language Pack Installer", "Product": "Microsoft\u00ae Windows\u00ae Operating System", "Company": "Microsoft Corporation", "OriginalFileName": "lpksetup.exe", "Hashes": "SHA1=DA3B43B4AD2705199937A593FF49050D3357C9B8,MD5=940E0AB1953FFC3AD882AF414B18FEE4,SHA256=73E9126DA3054802F806BB1529CBC0676893CDA8CE1F87AD1D0439C03A78C0C6,IMPHASH=4A6310572098221E16CC15CBDB56DD99", "Signed": "true", "Signature": "Microsoft Windows", "SignatureStatus": "Valid", "_source_file": "data/baseline/win7-x86/Microsoft-Windows-Sysmon%4Operational.evtx"}, {"EventID": 7, "Computer": "evtx-PC", "UtcTime": "2022-04-04 11:19:50.099", "Provider": "Microsoft-Windows-Sysmon", "RuleName": "-", "ProcessGuid": "{e97d4e69-0000-0000-1bad-000000000000}", "ProcessId": "892", "Image": "C:\\Windows\\System32\\svchost.exe", "ImageLoaded": "C:\\Windows\\System32\\mctadmin.exe", "FileVersion": "6.1.7600.16385 (win7_rtm.090713-1255)", "Description": "MCTAdmin", "Product": "Microsoft\u00ae Windows\u00ae Operating System", "Company": "Microsoft Corporation", "OriginalFileName": "mctadmin.exe", "Hashes": "SHA1=632E355A02E1215B814DEE3713B95B502576B2F5,MD5=BBA1A5B86134F496B926DDAF247DB871,SHA256=636990AE49C55189B7EF69C419787440B57EC0BAD98A9C280E1028F741BB222E,IMPHASH=F4046F771DDE381FA607CEF3B3791CA6", "Signed": "true", "Signature": "Microsoft Windows", "SignatureStatus": "Valid", "_source_file": "data/baseline/win7-x86/Microsoft-Windows-Sysmon%4Operational.evtx"}, 