{"EventID": 11, "Computer": "evtx-PC", "UtcTime": "2022-04-04 11:19:57.899", "Provider": "Microsoft-Windows-Sysmon", "RuleName": "-", "ProcessGuid": "{e97d4e69-0000-0000-beb3-000000000000}", "ProcessId": "940", "Image": "C:\\Windows\\System32\\svchost.exe", "TargetFilename": "C:\\Windows\\Prefetch\\GOOGLEUPDATE.EXE-FE771DDA.pf", "CreationUtcTime": "2022-04-04 10:16:24.723", "_source_file": "data/baseline/win7-x86/Microsoft-Windows-Sysmon%4Operational.evtx"}, {"EventID": 9, "Computer": "evtx-PC", "UtcTime": "2022-04-04 11:19:57.940", "Provider": "Microsoft-Windows-Sysmon", "RuleName": "-", "ProcessGuid": "{e97d4e69-0000-0000-a8b5-090000000000}", "ProcessId": "4872", "Image": "C:\\Program Files\\Google\\Update\\1.3.36.122\\GoogleCrashHandler.exe", "Device": "\\Device\\HarddiskVolume2", "_source_file": "data/baseline/win7-x86/Microsoft-Windows-Sysmon%4Operational.evtx"}, {"EventID": 7, "Computer": "evtx-PC", "UtcTime": "2022-04-04 11:19:57.954", "Provider": "Microsoft-Windows-Sysmon", "RuleName": "-", "ProcessGuid": "{e97d4e69-0000-0000-a8b5-090000000000}", "ProcessId": "4872", "Image": "C:\\Program Files\\Google\\Update\\1.3.36.122\\GoogleCrashHandler.exe", "ImageLoaded": "C:\\Windows\\System32\\shell32.dll", "FileVersion": "6.1.7600.16385 (win7_rtm.090713-1255)", "Description": "Windows Shell Common Dll", "Product": "Microsoft\u00ae Windows\u00ae Operating System", "Company": "Microsoft Corporation", "OriginalFileName": "SHELL32.DLL", "Hashes": "SHA1=CC82028C9D8791CE8413E05A70B8B2CC8C757076,MD5=518C6116079414E7074E726925D07A41,SHA256=419DB5CB061EAA5DCC4E6C91E02889C3681DA9F69D663A891FBDC3DF591A9247,IMPHASH=A0CE3D2E5A208A05CE19D021B97FCEAC", "Signed": "true", "Signature": "Microsoft Windows", "SignatureStatus": "Valid", "_source_file": "data/baseline/win7-x86/Microsoft-Windows-Sysmon%4Operational.evtx"}, {"EventID": 7, "Computer": "evtx-PC", "UtcTime": "2022-04-04 11:19:57.954", "Provider": "Microsoft-Windows-Sysmon", "RuleName": "-", "ProcessGuid": "{e97d4e69-0000-0000-a8b5-090000000000}", "ProcessId": "4872", "Image": "C:\\Program Files\\Google\\Update\\1.3.36.122\\GoogleCrashHandler.exe", "ImageLoaded": "C:\\Windows\\System32\\shlwapi.dll", "FileVersion": "6.1.7600.16385 (win7_rtm.090713-1255)", "Description": "Shell Light-weight Utility Library", "Product": "Microsoft\u00ae Windows\u00ae Operating System", "Company": "Microsoft Corporation", "OriginalFileName": "SHLWAPI.DLL", "Hashes": "SHA1=E7E1172E3A5F4665C2ABA4EBD8DBC7C70306E6E5,MD5=F037DB14CF6165C62F4A64D12A25B07C,SHA256=26CE06C858F59691F6D6D41E0031D9CD1ACB9AF24569FC3A0E869C08AA5225B5,IMPHASH=72F2EB5F918B203273F13006B674EB11", "Signed": "true", "Signature": "Microsoft Windows", "SignatureStatus": "Valid", "_source_file": "data/baseline/win7-x86/Microsoft-Windows-Sysmon%4Operational.evtx"}, {"EventID": 7, "Computer": "evtx-PC", "UtcTime": "2022-04-04 11:19:57.954", "Provider": "Microsoft-Windows-Sysmon", "RuleName": "-", "ProcessGuid": "{e97d4e69-0000-0000-a8b5-090000000000}", "ProcessId": "4872", "Image": "C:\\Program Files\\Google\\Update\\1.3.36.122\\GoogleCrashHandler.exe", "ImageLoaded": "C:\\Windows\\System32\\userenv.dll", "FileVersion": "6.1.7600.16385 (win7_rtm.090713-1255)", "Description": "Userenv", "Product": "Microsoft\u00ae Windows\u00ae Operating System", "Company": "Microsoft Corporation", "OriginalFileName": "userenv.dll", "Hashes": "SHA1=302FC2F019EE725070758AA4F97F4B7067B241FB,MD5=9C0DC1DAAD14D443DD5A0D1EE78D775E,SHA256=73BA5BDF50EB78FA8BF479ADE0F1826FBB161CA70AF1405E06B64F4D2254B42C,IMPHASH=A7E397FE242848075A20A5F359911BC1", "Signed": "true", "Signature": "Microsoft Windows", "SignatureStatus": "Valid", "_source_file": "data/baseline/win7-x86/Microsoft-Windows-Sysmon%4Operational.evtx"}, {"EventID": 7, "Computer": "evtx-PC", "UtcTime": "2022-04-04 11:19:57.954", "Provider": "Microsoft-Windows-Sysmon", "RuleName": "-", "ProcessGuid": "{e97d4e69-0000-0000-a8b5-090000000000}", "ProcessId": "4872", "Image": "C:\\Program Files\\Google\\Update\\1.3.36.122\\GoogleCrashHandler.exe", "ImageLoaded": "C:\\Windows\\System32\\profapi.dll", "FileVersion": "6.1.7600.16385 (win7_rtm.090713-1255)", "Description": "User Profile Basic API", "Product": "Microsoft\u00ae Windows\u00ae Operating System", "Company": "Microsoft Corporation", "OriginalFileName": "PROFAPI.DLL", "Hashes": "SHA1=12B2CBAB8DD8B7531DF89B03D2A9A7A4EA9F7C2B,MD5=C733D233B623B7FFCE5031E4B756EE26,SHA256=33CC8B140B0E4A9B702E3468BE2646AEE4273F20C6EA5BAC6C3D8FC8EDEF0881,IMPHASH=3CAE6018A52671EE44B0B713A042E47F", "Signed": "true", "Signature": "Microsoft Windows", "SignatureStatus": "Valid", "_source_file": "data/baseline/win7-x86/Microsoft-Windows-Sysmon%4Operational.evtx"}, {"EventID": 7, "Computer": "evtx-PC", "UtcTime": "2022-04-04 11:19:57.954", "Provider": "Microsoft-Windows-Sysmon", "RuleName": "-", "ProcessGuid": "{e97d4e69-0000-0000-a8b5-090000000000}", "ProcessId": "4872", "Image": "C:\\Program Files\\Google\\Update\\1.3.36.122\\GoogleCrashHandler.exe", "ImageLoaded": "C:\\Windows\\System32\\version.dll", "FileVersion": "6.1.7600.16385 (win7_rtm.090713-1255)", "Description": "Version Checking and File Installation Libraries", "Product": "Microsoft\u00ae Windows\u00ae Operating System", "Company": "Microsoft Corporation", "OriginalFileName": "VERSION.DLL", "Hashes": "SHA1=D27F1672E605BA6FE202226F942E6CC635328BC5,MD5=702254574E7E52052DE39408457B7149,SHA256=645CA9E88DA21C63710A04A0F54421018DF415A3D612112C71A255C49325C082,IMPHASH=105F233D0E5DB86B1F4409873B8B8E3E", "Signed": "true", "Signature": "Microsoft Windows", "SignatureStatus": "Valid", "_source_file": "data/baseline/win7-x86/Microsoft-Windows-Sysmon%4Operational.evtx"}, {"EventID": 7, "Computer": "evtx-PC", "UtcTime": "2022-04-04 11:19:57.968", "Provider": "Microsoft-Windows-Sysmon", "RuleName": "-", "ProcessGuid": "{e97d4e69-0000-0000-a8b5-090000000000}", "ProcessId": "4872", "Image": "C:\\Program Files\\Google\\Update\\1.3.36.122\\GoogleCrashHandler.exe", "ImageLoaded": "C:\\Windows\\System32\\Wldap32.dll", "FileVersion": "6.1.7600.16385 (win7_rtm.090713-1255)", "Description": "Win32 LDAP API DLL", "Product": "Microsoft\u00ae Windows\u00ae Operating System", "Company": "Microsoft Corporation", "OriginalFileName": "WLDAP32.DLL", "Hashes": "SHA1=27CB754B62340F4585A2FDD66338033CD91D9E28,MD5=BFA70A99AD1434263F2DFBBA103BDEF8,SHA256=5A0E73D48824C23E2C221EAC369A906FEDECE0E047E8C7E5F012242E74AFAF9E,IMPHASH=D900A750A241DE43244596633C1F0AE1", "Signed": "true", "Signature": "Microsoft Windows", "SignatureStatus": "Valid", "_source_file": "data/baseline/win7-x86/Microsoft-Windows-Sysmon%4Operational.evtx"}, {"EventID": 10, "Computer": "evtx-PC", "UtcTime": "2022-04-04 11:19:57.968", "Provider": "Microsoft-Windows-Sysmon", "RuleName": "-", "SourceProcessGUID": "{e97d4e69-0000-0000-5ccd-010000000000}", "SourceProcessId": "2144", "SourceThreadId": "2168", "SourceImage": "C:\\Program Files\\Google\\Update\\1.3.36.122\\GoogleCrashHandler.exe", "TargetProcessGUID": "{e97d4e69-0000-0000-a8b5-090000000000}", "TargetProcessId": "4872", "TargetImage": "C:\\Program Files\\Google\\Update\\1.3.36.122\\GoogleCrashHandler.exe", "GrantedAccess": "0x001fffff", "CallTrace": "C:\\Windows\\SYSTEM32\\ntdll.dll+451dc|C:\\Windows\\system32\\KERNELBASE.dll+91b6|C:\\Program Files\\Google\\Update\\1.3.36.122\\GoogleCrashHandler.exe+ee43|C:\\Program Files\\Google\\Update\\1.3.36.122\\GoogleCrashHandler.exe+f57e|C:\\Program Files\\Google\\Update\\1.3.36.122\\GoogleCrashHandler.exe+fa78|C:\\Windows\\SYSTEM32\\ntdll.dll+2dbb4|C:\\Windows\\SYSTEM32\\ntdll.dll+2f35d|C:\\Windows\\SYSTEM32\\ntdll.dll+2e8d1|C:\\Windows\\system32\\kernel32.dll+51174|C:\\Windows\\SYSTEM32\\ntdll.dll+5b3f5|C:\\Windows\\SYSTEM32\\ntdll.dll+5b3c8", "_source_file": "data/baseline/win7-x86/Microsoft-Windows-Sysmon%4Operational.evtx"}, {"EventID": 1, "Computer": "evtx-PC", "UtcTime": "2022-04-04 11:19:57.968", "Provider": "Microsoft-Windows-Sysmon", "RuleName": "-", "ProcessGuid": "{e97d4e69-0000-0000-99ba-090000000000}", "ProcessId": "4892", "Image": "C:\\Windows\\System32\\sppsvc.exe", "FileVersion": "6.1.7600.16385 (win7_rtm.090713-1255)", "Description": "Microsoft Software Protection Platform Service", "Product": "Microsoft\u00ae Windows\u00ae Operating System", "Company": "Microsoft Corporation", "OriginalFileName": "sppsvc.exe", "CommandLine": "C:\\Windows\\system32\\sppsvc.exe", "CurrentDirectory": "C:\\Windows\\system32\\", "User": "NT AUTHORITY\\NETWORK SERVICE", "LogonGuid": "{e97d4e69-0000-0000-e403-000000000000}", "LogonId": "0x00000000000003e4", "TerminalSessionId": "0", "IntegrityLevel": "System", "Hashes": "SHA1=F4855315A4F753565A3E72427071B225AE823309,MD5=4C287F9069FEDBD791178876EE9DE536,SHA256=6099E76FF6FBA002EBA2BA7BE4E3238D91332E077524D1DD402E0C9ADA22E852,IMPHASH=522613916868E4512BDF9A470D3400F6", "ParentProcessGuid": "{e97d4e69-0000-0000-cb4d-000000000000}", "ParentProcessId": "536", "ParentImage": "C:\\Windows\\System32\\services.exe", "ParentCommandLine": "C:\\Windows\\system32\\services.exe", "_source_file": "data/baseline/win7-x86/Microsoft-Windows-Sysmon%4Operational.evtx"}, {"EventID": 10, "Computer": "evtx-PC", "UtcTime": "2022-04-04 11:19:57.968", "Provider": "Microsoft-Windows-Sysmon", "RuleName": "-", "SourceProcessGUID": "{e97d4e69-0000-0000-cb4d-000000000000}", "SourceProcessId": "536", "SourceThreadId": "624", "SourceImage": "C:\\Windows\\system32\\services.exe", "TargetProcessGUID": "{e97d4e69-0000-0000-99ba-090000000000}", "TargetProcessId": "4892", "TargetImage": "C:\\Windows\\system32\\sppsvc.exe", "GrantedAccess": "0x001fffff", "CallTrace": "C:\\Windows\\SYSTEM32\\ntdll.dll+44bcc|C:\\Windows\\system32\\kernel32.dll+54a0b|C:\\Windows\\system32\\kernel32.dll+379e1|C:\\Windows\\system32\\services.exe+16706|C:\\Windows\\system32\\services.exe+1643a|C:\\Windows\\system32\\services.exe+90e1|C:\\Windows\\system32\\services.exe+8b7e|C:\\Windows\\system32\\services.exe+159db|C:\\Windows\\system32\\services.exe+158a6|C:\\Windows\\SYSTEM32\\ntdll.dll+2dbb4|C:\\Windows\\SYSTEM32\\ntdll.dll+2f35d|C:\\Windows\\SYSTEM32\\ntdll.dll+2e8d1|C:\\Windows\\system32\\kernel32.dll+51174|C:\\Windows\\SYSTEM32\\ntdll.dll+5b3f5|C:\\Windows\\SYSTEM32\\ntdll.dll+5b3c8", "_source_file": "data/baseline/win7-x86/Microsoft-Windows-Sysmon%4Operational.evtx"}, {"EventID": 7, "Computer": "evtx-PC", "UtcTime": "2022-04-04 11:19:57.968", "Provider": "Microsoft-Windows-Sysmon", "RuleName": "-", "ProcessGuid": "{e97d4e69-0000-0000-cb4d-000000000000}", "ProcessId": "536", "Image": "C:\\Windows\\System32\\services.exe", "ImageLoaded": "C:\\Windows\\System32\\sppsvc.exe", "FileVersion": "6.1.7600.16385 (win7_rtm.090713-1255)", "Description": "Microsoft Software Protection Platform Service", "Product": "Microsoft\u00ae Windows\u00ae Operating System", "Company": "Microsoft Corporation", "OriginalFileName": "sppsvc.exe", "Hashes": "SHA1=F4855315A4F753565A3E72427071B225AE823309,MD5=4C287F9069FEDBD791178876EE9DE536,SHA256=6099E76FF6FBA002EBA2BA7BE4E3238D91332E077524D1DD402E0C9ADA22E852,IMPHASH=522613916868E4512BDF9A470D3400F6", "Signed": "true", "Signature": "Microsoft Windows", "SignatureStatus": "Valid", "_source_file": "data/baseline/win7-x86/Microsoft-Windows-Sysmon%4Operational.evtx"}, {"EventID": 5, "Computer": "evtx-PC", "UtcTime": "2022-04-04 11:19:57.968", "Provider": "Microsoft-Windows-Sysmon", "RuleName": "-", "ProcessGuid": "{e97d4e69-0000-0000-a8b5-090000000000}", "ProcessId": "4872", "Image": "C:\\Program Files\\Google\\Update\\1.3.36.122\\GoogleCrashHandler.exe", "_source_file": "data/baseline/win7-x86/Microsoft-Windows-Sysmon%4Operational.evtx"}, {"EventID": 7, "Computer": "evtx-PC", "UtcTime": "2022-04-04 11:19:57.968", "Provider": "Microsoft-Windows-Sysmon", "RuleName": "-", "ProcessGuid": "{e97d4e69-0000-0000-99ba-090000000000}", "ProcessId": "4892", "Image": "C:\\Windows\\System32\\sppsvc.exe", "ImageLoaded": "C:\\Windows\\System32\\sppsvc.exe", "FileVersion": "6.1.7600.16385 (win7_rtm.090713-1255)", "Description": "Microsoft Software Protection Platform Service", "Product": "Microsoft\u00ae Windows\u00ae Operating System", "Company": "Microsoft Corporation", "OriginalFileName": "sppsvc.exe", "Hashes": "SHA1=F4855315A4F753565A3E72427071B225AE823309,MD5=4C287F9069FEDBD791178876EE9DE536,SHA256=6099E76FF6FBA002EBA2BA7BE4E3238D91332E077524D1DD402E0C9ADA22E852,IMPHASH=522613916868E4512BDF9A470D3400F6", "Signed": "true", "Signature": "Microsoft Windows", "SignatureStatus": "Valid", "_source_file": "data/baseline/win7-x86/Microsoft-Windows-Sysmon%4Operational.evtx"}, {"EventID": 10, "Computer": "evtx-PC", "UtcTime": "2022-04-04 11:19:57.968", "Provider": "Microsoft-Windows-Sysmon", "RuleName": "-", "SourceProcessGUID": "{e97d4e69-0000-0000-cb4d-000000000000}", "SourceProcessId": "536", "SourceThreadId": "1864", "SourceImage": "C:\\Windows\\system32\\services.exe", "TargetProcessGUID": "{e97d4e69-0000-0000-99ba-090000000000}", "TargetProcessId": "4892", "TargetImage": "C:\\Windows\\system32\\sppsvc.exe", "GrantedAccess": "0x00001400", "CallTrace": "C:\\Windows\\SYSTEM32\\ntdll.dll+4481c|C:\\Windows\\system32\\RPCRT4.dll+c3d4|C:\\Windows\\system32\\RPCRT4.dll+c386|C:\\Windows\\system32\\services.exe+16a8b|C:\\Windows\\system32\\RPCRT4.dll+2fc8f|C:\\Windows\\system32\\RPCRT4.dll+94c53|C:\\Windows\\system32\\RPCRT4.dll+9430e|C:\\Windows\\system32\\RPCRT4.dll+2f34a|C:\\Windows\\system32\\RPCRT4.dll+2f4da|C:\\Windows\\system32\\RPCRT4.dll+2f3c6|C:\\Windows\\system32\\RPCRT4.dll+23974|C:\\Windows\\system32\\RPCRT4.dll+2f7a4|C:\\Windows\\system32\\RPCRT4.dll+2f763|C:\\Windows\\system32\\RPCRT4.dll+2f5ff|C:\\Windows\\system32\\RPCRT4.dll+2f573|C:\\Windows\\system32\\RPCRT4.dll+2ee4f", "_source_file": "data/baseline/win7-x86/Microsoft-Windows-Sysmon%4Operational.evtx"}, {"EventID": 7, "Computer": "evtx-PC", "UtcTime": "2022-04-04 11:19:57.968", "Provider": "Microsoft-Windows-Sysmon", "RuleName": "-", "ProcessGuid": "{e97d4e69-0000-0000-1bad-000000000000}", "ProcessId": "892", "Image": "C:\\Windows\\System32\\svchost.exe", "ImageLoaded": "C:\\Windows\\System32\\sppsvc.exe", "FileVersion": "6.1.7600.16385 (win7_rtm.090713-1255)", "Description": "Microsoft Software Protection Platform Service", "Product": "Microsoft\u00ae Windows\u00ae Operating System", "Company": "Microsoft Corporation", "OriginalFileName": "sppsvc.exe", "Hashes": "SHA1=F4855315A4F753565A3E72427071B225AE823309,MD5=4C287F9069FEDBD791178876EE9DE536,SHA256=6099E76FF6FBA002EBA2BA7BE4E3238D91332E077524D1DD402E0C9ADA22E852,IMPHASH=522613916868E4512BDF9A470D3400F6", "Signed": "true", "Signature": "Microsoft Windows", "SignatureStatus": "Valid", "_source_file": "data/baseline/win7-x86/Microsoft-Windows-Sysmon%4Operational.evtx"}, {"EventID": 13, "Computer": "evtx-PC", "UtcTime": "2022-04-04 11:19:57.982", "Provider": "Microsoft-Windows-Sysmon", "RuleName": "-", "EventType": "SetValue", "ProcessGuid": "{e97d4e69-0000-0000-99ba-090000000000}", "ProcessId": "4892", "Image": "C:\\Windows\\system32\\sppsvc.exe", "TargetObject": "HKLM\\SOFTWARE\\Microsoft\\Windows NT\\CurrentVersion\\SoftwareProtectionPlatform\\ServiceSessionId", "Details": "Binary Data", "_source_file": "data/baseline/win7-x86/Microsoft-Windows-Sysmon%4Operational.evtx"}, {"EventID": 1, "Computer": "evtx-PC", "UtcTime": "2022-04-04 11:19:58.080", "Provider": "Microsoft-Windows-Sysmon", "RuleName": "-", "ProcessGuid": "{e97d4e69-0000-0000-1dbe-090000000000}", "ProcessId": "4932", "Image": "C:\\Windows\\System32\\svchost.exe", "FileVersion": "6.1.7600.16385 (win7_rtm.090713-1255)", "Description": "Host Process for Windows Services", "Product": "Microsoft\u00ae Windows\u00ae Operating System", "Company": "Microsoft Corporation", "OriginalFileName": "svchost.exe", "CommandLine": "C:\\Windows\\System32\\svchost.exe -k secsvcs", "CurrentDirectory": "C:\\Windows\\system32\\", "User": "NT AUTHORITY\\SYSTEM", "LogonGuid": "{e97d4e69-0000-0000-e703-000000000000}", "LogonId": "0x00000000000003e7", "TerminalSessionId": "0", "IntegrityLevel": "System", "Hashes": "SHA1=4AF001B3C3816B860660CF2DE2C0FD3C1DFB4878,MD5=54A47F6B5E09A77E61649109C6A08866,SHA256=121118A0F5E0E8C933EFD28C9901E54E42792619A8A3A6D11E1F0025A7324BC2,IMPHASH=58E185299ECCA757FE68BA83A6495FDE", "ParentProcessGuid": "{e97d4e69-0000-0000-cb4d-000000000000}", "ParentProcessId": "536", "ParentImage": "C:\\Windows\\System32\\services.exe", "ParentCommandLine": "C:\\Windows\\system32\\services.exe", "_source_file": "data/baseline/win7-x86/Microsoft-Windows-Sysmon%4Operational.evtx"}, {"EventID": 10, "Computer": "evtx-PC", "UtcTime": "2022-04-04 11:19:58.080", "Provider": "Microsoft-Windows-Sysmon", "RuleName": "-", "SourceProcessGUID": "{e97d4e69-0000-0000-cb4d-000000000000}", "SourceProcessId": "536", "SourceThreadId": "624", "SourceImage": "C:\\Windows\\system32\\services.exe", "TargetProcessGUID": "{e97d4e69-0000-0000-1dbe-090000000000}", "TargetProcessId": "4932", "TargetImage": "C:\\Windows\\System32\\svchost.exe", "GrantedAccess": "0x001fffff", "CallTrace": "C:\\Windows\\SYSTEM32\\ntdll.dll+44bcc|C:\\Windows\\system32\\kernel32.dll+54a0b|C:\\Windows\\system32\\kernel32.dll+379e1|C:\\Windows\\system32\\services.exe+16706|C:\\Windows\\system32\\services.exe+1643a|C:\\Windows\\system32\\services.exe+90e1|C:\\Windows\\system32\\services.exe+8b7e|C:\\Windows\\system32\\services.exe+159db|C:\\Windows\\system32\\services.exe+158a6|C:\\Windows\\SYSTEM32\\ntdll.dll+2dbb4|C:\\Windows\\SYSTEM32\\ntdll.dll+2f35d|C:\\Windows\\SYSTEM32\\ntdll.dll+2e8d1|C:\\Windows\\system32\\kernel32.dll+51174|C:\\Windows\\SYSTEM32\\ntdll.dll+5b3f5|C:\\Windows\\SYSTEM32\\ntdll.dll+5b3c8", "_source_file": "data/baseline/win7-x86/Microsoft-Windows-Sysmon%4Operational.evtx"}, {"EventID": 10, "Computer": "evtx-PC", "UtcTime": "2022-04-04 11:19:58.080", "Provider": "Microsoft-Windows-Sysmon", "RuleName": "-", "SourceProcessGUID": "{e97d4e69-0000-0000-cb4d-000000000000}", "SourceProcessId": "536", "SourceThreadId": "628", "SourceImage": "C:\\Windows\\system32\\services.exe", "TargetProcessGUID": "{e97d4e69-0000-0000-1dbe-090000000000}", "TargetProcessId": "4932", "TargetImage": "C:\\Windows\\System32\\svchost.exe", "GrantedAccess": "0x00001400", "CallTrace": "C:\\Windows\\SYSTEM32\\ntdll.dll+4481c|C:\\Windows\\system32\\RPCRT4.dll+c3d4|C:\\Windows\\system32\\RPCRT4.dll+c386|C:\\Windows\\system32\\services.exe+16a8b|C:\\Windows\\system32\\RPCRT4.dll+2fc8f|C:\\Windows\\system32\\RPCRT4.dll+94c53|C:\\Windows\\system32\\RPCRT4.dll+9430e|C:\\Windows\\system32\\RPCRT4.dll+2f34a|C:\\Windows\\system32\\RPCRT4.dll+2f4da|C:\\Windows\\system32\\RPCRT4.dll+2f3c6|C:\\Windows\\system32\\RPCRT4.dll+23974|C:\\Windows\\system32\\RPCRT4.dll+2f7a4|C:\\Windows\\system32\\RPCRT4.dll+2f763|C:\\Windows\\system32\\RPCRT4.dll+2f5ff|C:\\Windows\\system32\\RPCRT4.dll+2f573|C:\\Windows\\system32\\RPCRT4.dll+2ee4f", "_source_file": "data/baseline/win7-x86/Microsoft-Windows-Sysmon%4Operational.evtx"}, {"EventID": 12, "Computer": "evtx-PC", "UtcTime": "2022-04-04 11:19:58.080", "Provider": "Microsoft-Windows-Sysmon", "RuleName": "-", "EventType": "CreateKey", "ProcessGuid": "{e97d4e69-0000-0000-99ba-090000000000}", "ProcessId": "4892", "Image": "C:\\Windows\\system32\\sppsvc.exe", "TargetObject": "HKLM\\SYSTEM\\WPA", "_source_file": "data/baseline/win7-x86/Microsoft-Windows-Sysmon%4Operational.evtx"}, {"EventID": 7, "Computer": "evtx-PC", "UtcTime": "2022-04-04 11:19:58.093", "Provider": "Microsoft-Windows-Sysmon", "RuleName": "-", "ProcessGuid": "{e97d4e69-0000-0000-1dbe-090000000000}", "ProcessId": "4932", "Image": "C:\\Windows\\System32\\svchost.exe", "ImageLoaded": "C:\\Windows\\System32\\wtsapi32.dll", "FileVersion": "6.1.7600.16385 (win7_rtm.090713-1255)", "Description": "Windows Remote Desktop Session Host Server SDK APIs", "Product": "Microsoft\u00ae Windows\u00ae Operating System", "Company": "Microsoft Corporation", "OriginalFileName": "wtsapi32.dll", "Hashes": "SHA1=5EB9A8A50A51613F468314347A3CED70B6828C97,MD5=E30E5BB0DBA49EFE5BBBAFEA440CFBD9,SHA256=70D11382A242DB280FC121DBB95D2810E9139DAB6B66BA5FD58F115E3572649B,IMPHASH=7128DCC4A1252BAABD7573FF2138BBBA", "Signed": "true", "Signature": "Microsoft Windows", "SignatureStatus": "Valid", "_source_file": "data/baseline/win7-x86/Microsoft-Windows-Sysmon%4Operational.evtx"}, {"EventID": 7, "Computer": "evtx-PC", "UtcTime": "2022-04-04 11:19:58.093", "Provider": "Microsoft-Windows-Sysmon", "RuleName": "-", "ProcessGuid": "{e97d4e69-0000-0000-1dbe-090000000000}", "ProcessId": "4932", "Image": "C:\\Windows\\System32\\svchost.exe", "ImageLoaded": "C:\\Windows\\System32\\sfc.dll", "FileVersion": "6.1.7600.16385 (win7_rtm.090713-1255)", "Description": "Windows File Protection", "Product": "Microsoft\u00ae Windows\u00ae Operating System", "Company": "Microsoft Corporation", "OriginalFileName": "sfc.dll", "Hashes": "SHA1=72C045E34F97E54882BB9EC36B465FB9E03BA1FB,MD5=40CAEEE0EAF1B8569F7C8DF6420F2CB9,SHA256=E18D66455D00A6D2A2D7CC0833C233FE8A6DD910B59D6B5B5F82EF91450858DF,IMPHASH=00000000000000000000000000000000", "Signed": "true", "Signature": "Microsoft Windows", "SignatureStatus": "Valid", "_source_file": "data/baseline/win7-x86/Microsoft-Windows-Sysmon%4Operational.evtx"}, {"EventID": 7, "Computer": "evtx-PC", "UtcTime": "2022-04-04 11:19:58.093", "Provider": "Microsoft-Windows-Sysmon", "RuleName": "-", "ProcessGuid": "{e97d4e69-0000-0000-1dbe-090000000000}", "ProcessId": "4932", "Image": "C:\\Windows\\System32\\svchost.exe", "ImageLoaded": "C:\\Windows\\System32\\sfc_os.dll", "FileVersion": "6.1.7600.16385 (win7_rtm.090713-1255)", "Description": "Windows File Protection", "Product": "Microsoft\u00ae Windows\u00ae Operating System", "Company": "Microsoft Corporation", "OriginalFileName": "sfc_os.dll", "Hashes": "SHA1=64DBBE8210049F4D762DE22525A7FE4313BF99D0,MD5=84799328D87B3091A3BDD251E1AD31F9,SHA256=F85521215924388830DBB13580688DB70B46AF4C7D82D549D09086438F8D237B,IMPHASH=8186E1BDA94832ACC608041AFF3831CC", "Signed": "true", "Signature": "Microsoft Windows", "SignatureStatus": "Valid", "_source_file": "data/baseline/win7-x86/Microsoft-Windows-Sysmon%4Operational.evtx"}, {"EventID": 7, "Computer": "evtx-PC", "UtcTime": "2022-04-04 11:19:58.093", "Provider": "Microsoft-Windows-Sysmon", "RuleName": "-", "ProcessGuid": "{e97d4e69-0000-0000-1dbe-090000000000}", "ProcessId": "4932", "Image": "C:\\Windows\\System32\\svchost.exe", "ImageLoaded": "C:\\Windows\\System32\\userenv.dll", "FileVersion": "6.1.7600.16385 (win7_rtm.090713-1255)", "Description": "Userenv", "Product": "Microsoft\u00ae Windows\u00ae Operating System", "Company": "Microsoft Corporation", "OriginalFileName": "userenv.dll", "Hashes": "SHA1=302FC2F019EE725070758AA4F97F4B7067B241FB,MD5=9C0DC1DAAD14D443DD5A0D1EE78D775E,SHA256=73BA5BDF50EB78FA8BF479ADE0F1826FBB161CA70AF1405E06B64F4D2254B42C,IMPHASH=A7E397FE242848075A20A5F359911BC1", "Signed": "true", "Signature": "Microsoft Windows", "SignatureStatus": "Valid", "_source_file": "data/baseline/win7-x86/Microsoft-Windows-Sysmon%4Operational.evtx"}, {"EventID": 7, "Computer": "evtx-PC", "UtcTime": "2022-04-04 11:19:58.093", "Provider": "Microsoft-Windows-Sysmon", "RuleName": "-", "ProcessGuid": "{e97d4e69-0000-0000-1dbe-090000000000}", "ProcessId": "4932", "Image": "C:\\Windows\\System32\\svchost.exe", "ImageLoaded": "C:\\Windows\\System32\\profapi.dll", "FileVersion": "6.1.7600.16385 (win7_rtm.090713-1255)", "Description": "User Profile Basic API", "Product": "Microsoft\u00ae Windows\u00ae Operating System", "Company": "Microsoft Corporation", "OriginalFileName": "PROFAPI.DLL", "Hashes": "SHA1=12B2CBAB8DD8B7531DF89B03D2A9A7A4EA9F7C2B,MD5=C733D233B623B7FFCE5031E4B756EE26,SHA256=33CC8B140B0E4A9B702E3468BE2646AEE4273F20C6EA5BAC6C3D8FC8EDEF0881,IMPHASH=3CAE6018A52671EE44B0B713A042E47F", "Signed": "true", "Signature": "Microsoft Windows", "SignatureStatus": "Valid", "_source_file": "data/baseline/win7-x86/Microsoft-Windows-Sysmon%4Operational.evtx"}, {"EventID": 7, "Computer": "evtx-PC", "UtcTime": "2022-04-04 11:19:58.107", "Provider": "Microsoft-Windows-Sysmon", "RuleName": "-", "ProcessGuid": "{e97d4e69-0000-0000-1dbe-090000000000}", "ProcessId": "4932", "Image": "C:\\Windows\\System32\\svchost.exe", "ImageLoaded": "C:\\Windows\\System32\\wintrust.dll", "FileVersion": "6.1.7600.16385 (win7_rtm.090713-1255)", "Description": "Microsoft Trust Verification APIs", "Product": "Microsoft\u00ae Windows\u00ae Operating System", "Company": "Microsoft Corporation", "OriginalFileName": "WINTRUST.DLL", "Hashes": "SHA1=EF9333D9DE37AEC1BBBA753011F816943EE7D419,MD5=27CBC636ABCE09CDB5227A872BE7A79C,SHA256=3CB803AAC96DD766843DD6D0F5A0EF37A1447240A24E754049AA645AACCEC5E4,IMPHASH=5C0205061B10A301667CFBD0F833ECA0", "Signed": "true", "Signature": "Microsoft Windows", "SignatureStatus": "Valid", "_source_file": "data/baseline/win7-x86/Microsoft-Windows-Sysmon%4Operational.evtx"}, {"EventID": 7, "Computer": "evtx-PC", "UtcTime": "2022-04-04 11:19:58.107", "Provider": "Microsoft-Windows-Sysmon", "RuleName": "-", "ProcessGuid": "{e97d4e69-0000-0000-1dbe-090000000000}", "ProcessId": "4932", "Image": "C:\\Windows\\System32\\svchost.exe", "ImageLoaded": "C:\\Windows\\System32\\crypt32.dll", "FileVersion": "6.1.7600.16385 (win7_rtm.090713-1255)", "Description": "Crypto API32", "Product": "Microsoft\u00ae Windows\u00ae Operating System", "Company": "Microsoft Corporation", "OriginalFileName": "CRYPT32.DLL", "Hashes": "SHA1=FA43E98FA0BD44CEAF381C55E8874B0868478AB8,MD5=E6B5DE86ABF68D7D67E451C29287B5C5,SHA256=AFE45D233FFBC190B3F13D357C973D20122B3C08A06BFF1CE70C0D46E44C5532,IMPHASH=58B2B8CD5F045A5B97B1B011C9E1FF44", "Signed": "true", "Signature": "Microsoft Windows", "SignatureStatus": "Valid", "_source_file": "data/baseline/win7-x86/Microsoft-Windows-Sysmon%4Operational.evtx"}, {"EventID": 7, "Computer": "evtx-PC", "UtcTime": "2022-04-04 11:19:58.107", "Provider": "Microsoft-Windows-Sysmon", "RuleName": "-", "ProcessGuid": "{e97d4e69-0000-0000-1dbe-090000000000}", "ProcessId": "4932", "Image": "C:\\Windows\\System32\\svchost.exe", "ImageLoaded": "C:\\Windows\\System32\\msasn1.dll", "FileVersion": "6.1.7600.16385 (win7_rtm.090713-1255)", "Description": "ASN.1 Runtime APIs", "Product": "Microsoft\u00ae Windows\u00ae Operating System", "Company": "Microsoft Corporation", "OriginalFileName": "msasn1.dll", "Hashes": "SHA1=59DA364D41A03C599D2C75F6A743BE11FEE07587,MD5=F5777C29E38E4BF12C6F93A0B2F1B2D7,SHA256=9565A1D3BEDECE70CE711A8A975886F3B0BBD9CFC3CBE6654372942EAF61773E,IMPHASH=95AFB94F9D7416CBD861FE7EB393513B", "Signed": "true", "Signature": "Microsoft Windows", "SignatureStatus": "Valid", "_source_file": "data/baseline/win7-x86/Microsoft-Windows-Sysmon%4Operational.evtx"}, {"EventID": 7, "Computer": "evtx-PC", "UtcTime": "2022-04-04 11:19:58.107", "Provider": "Microsoft-Windows-Sysmon", "RuleName": "-", "ProcessGuid": "{e97d4e69-0000-0000-1dbe-090000000000}", "ProcessId": "4932", "Image": "C:\\Windows\\System32\\svchost.exe", "ImageLoaded": "C:\\Windows\\System32\\version.dll", "FileVersion": "6.1.7600.16385 (win7_rtm.090713-1255)", "Description": "Version Checking and File Installation Libraries", "Product": "Microsoft\u00ae Windows\u00ae Operating System", "Company": "Microsoft Corporation", "OriginalFileName": "VERSION.DLL", "Hashes": "SHA1=D27F1672E605BA6FE202226F942E6CC635328BC5,MD5=702254574E7E52052DE39408457B7149,SHA256=645CA9E88DA21C63710A04A0F54421018DF415A3D612112C71A255C49325C082,IMPHASH=105F233D0E5DB86B1F4409873B8B8E3E", "Signed": "true", "Signature": "Microsoft Windows", "SignatureStatus": "Valid", "_source_file": "data/baseline/win7-x86/Microsoft-Windows-Sysmon%4Operational.evtx"}, {"EventID": 7, "Computer": "evtx-PC", "UtcTime": "2022-04-04 11:19:58.107", "Provider": "Microsoft-Windows-Sysmon", "RuleName": "-", "ProcessGuid": "{e97d4e69-0000-0000-1dbe-090000000000}", "ProcessId": "4932", "Image": "C:\\Windows\\System32\\svchost.exe", "ImageLoaded": "C:\\Windows\\System32\\shell32.dll", "FileVersion": "6.1.7600.16385 (win7_rtm.090713-1255)", "Description": "Windows Shell Common Dll", "Product": "Microsoft\u00ae Windows\u00ae Operating System", "Company": "Microsoft Corporation", "OriginalFileName": "SHELL32.DLL", "Hashes": "SHA1=CC82028C9D8791CE8413E05A70B8B2CC8C757076,MD5=518C6116079414E7074E726925D07A41,SHA256=419DB5CB061EAA5DCC4E6C91E02889C3681DA9F69D663A891FBDC3DF591A9247,IMPHASH=A0CE3D2E5A208A05CE19D021B97FCEAC", "Signed": "true", "Signature": "Microsoft Windows", "SignatureStatus": "Valid", "_source_file": "data/baseline/win7-x86/Microsoft-Windows-Sysmon%4Operational.evtx"}, {"EventID": 7, "Computer": "evtx-PC", "UtcTime": "2022-04-04 11:19:58.107", "Provider": "Microsoft-Windows-Sysmon", "RuleName": "-", "ProcessGuid": "{e97d4e69-0000-0000-1dbe-090000000000}", "ProcessId": "4932", "Image": "C:\\Windows\\System32\\svchost.exe", "ImageLoaded": "C:\\Windows\\System32\\shlwapi.dll", "FileVersion": "6.1.7600.16385 (win7_rtm.090713-1255)", "Description": "Shell Light-weight Utility Library", "Product": "Microsoft\u00ae Windows\u00ae Operating System", "Company": "Microsoft Corporation", "OriginalFileName": "SHLWAPI.DLL", "Hashes": "SHA1=E7E1172E3A5F4665C2ABA4EBD8DBC7C70306E6E5,MD5=F037DB14CF6165C62F4A64D12A25B07C,SHA256=26CE06C858F59691F6D6D41E0031D9CD1ACB9AF24569FC3A0E869C08AA5225B5,IMPHASH=72F2EB5F918B203273F13006B674EB11", "Signed": "true", "Signature": "Microsoft Windows", "SignatureStatus": "Valid", "_source_file": "data/baseline/win7-x86/Microsoft-Windows-Sysmon%4Operational.evtx"}, {"EventID": 12, "Computer": "evtx-PC", "UtcTime": "2022-04-04 11:19:58.149", "Provider": "Microsoft-Windows-Sysmon", "RuleName": "-", "EventType": "CreateKey", "ProcessGuid": "{e97d4e69-0000-0000-1dbe-090000000000}", "ProcessId": "4932", "Image": "C:\\Windows\\System32\\svchost.exe", "TargetObject": "HKLM\\SOFTWARE\\Microsoft\\Windows Defender", "_source_file": "data/baseline/win7-x86/Microsoft-Windows-Sysmon%4Operational.evtx"}, {"EventID": 7, "Computer": "evtx-PC", "UtcTime": "2022-04-04 11:19:58.149", "Provider": "Microsoft-Windows-Sysmon", "RuleName": "-", "ProcessGuid": "{e97d4e69-0000-0000-1dbe-090000000000}", "ProcessId": "4932", "Image": "C:\\Windows\\System32\\svchost.exe", "ImageLoaded": "C:\\Windows\\System32\\gpapi.dll", "FileVersion": "6.1.7600.16385 (win7_rtm.090713-1255)", "Description": "Group Policy Client API", "Product": "Microsoft\u00ae Windows\u00ae Operating System", "Company": "Microsoft Corporation", "OriginalFileName": "gpapi.dll", "Hashes": "SHA1=3AE31C89BCA76BD44EC0DCBF00A0CC45BBCE94E9,MD5=1097F3035BAF46CED8B332B3564C5108,SHA256=C69781683CA963A1335780DABBBC60E2C3CEF0888738D3425D358D12E8D0AF58,IMPHASH=072515418365B34403EB42FCC492B229", "Signed": "true", "Signature": "Microsoft Windows", "SignatureStatus": "Valid", "_source_file": "data/baseline/win7-x86/Microsoft-Windows-Sysmon%4Operational.evtx"}, {"EventID": 12, "Computer": "evtx-PC", "UtcTime": "2022-04-04 11:19:58.163", "Provider": "Microsoft-Windows-Sysmon", "RuleName": "-", "EventType": "CreateKey", "ProcessGuid": "{e97d4e69-0000-0000-1dbe-090000000000}", "ProcessId": "4932", "Image": "C:\\Windows\\System32\\svchost.exe", "TargetObject": "HKCR", "_source_file": "data/baseline/win7-x86/Microsoft-Windows-Sysmon%4Operational.evtx"}, {"EventID": 12, "Computer": "evtx-PC", "UtcTime": "2022-04-04 11:19:58.163", "Provider": "Microsoft-Windows-Sysmon", "RuleName": "-", "EventType": "CreateKey", "ProcessGuid": "{e97d4e69-0000-0000-1dbe-090000000000}", "ProcessId": "4932", "Image": "C:\\Windows\\System32\\svchost.exe", "TargetObject": "HKU\\.DEFAULT\\Software\\Microsoft\\Windows\\CurrentVersion\\WinTrust\\Trust Providers\\Software Publishing", "_source_file": "data/baseline/win7-x86/Microsoft-Windows-Sysmon%4Operational.evtx"}, {"EventID": 7, "Computer": "evtx-PC", "UtcTime": "2022-04-04 11:19:58.163", "Provider": "Microsoft-Windows-Sysmon", "RuleName": "-", "ProcessGuid": "{e97d4e69-0000-0000-1dbe-090000000000}", "ProcessId": "4932", "Image": "C:\\Windows\\System32\\svchost.exe", "ImageLoaded": "C:\\Windows\\System32\\imagehlp.dll", "FileVersion": "6.1.7600.16385 (win7_rtm.090713-1255)", "Description": "Windows NT Image Helper", "Product": "Microsoft\u00ae Windows\u00ae Operating System", "Company": "Microsoft Corporation", "OriginalFileName": "IMAGEHLP.DLL", "Hashes": "SHA1=1229558B8E8C0CD06E527F7FE0ECF06525A41276,MD5=61DA1DD85F7A9A8F8DEA8771931FAAF6,SHA256=0712A1EDD6F20FA4C52189A721D4A78B67FA4B7F1BD3AC70C7BA6689CB2D376F,IMPHASH=20DEC601D2238FFBEFB298D4CA8AE8AA", "Signed": "true", "Signature": "Microsoft Windows", "SignatureStatus": "Valid", "_source_file": "data/baseline/win7-x86/Microsoft-Windows-Sysmon%4Operational.evtx"}, {"EventID": 7, "Computer": "evtx-PC", "UtcTime": "2022-04-04 11:19:58.163", "Provider": "Microsoft-Windows-Sysmon", "RuleName": "-", "ProcessGuid": "{e97d4e69-0000-0000-1dbe-090000000000}", "ProcessId": "4932", "Image": "C:\\Windows\\System32\\svchost.exe", "ImageLoaded": "C:\\Windows\\System32\\bcrypt.dll", "FileVersion": "6.1.7600.16385 (win7_rtm.090713-1255)", "Description": "Windows Cryptographic Primitives Library", "Product": "Microsoft\u00ae Windows\u00ae Operating System", "Company": "Microsoft Corporation", "OriginalFileName": "bcrypt.dll", "Hashes": "SHA1=0AD8DAD0965DA4F52BA8E76B8D64CABE109496E2,MD5=FC7650224790CAE75A5E9231961FDEC5,SHA256=D634FC1F43AAC41D8B440BD4C1E7576886CDE683EDE4CAF06C43163B5E176CBB,IMPHASH=48BD92DC3AA679CA3D08E50ABFE5FC6A", "Signed": "true", "Signature": "Microsoft Windows", "SignatureStatus": "Valid", "_source_file": "data/baseline/win7-x86/Microsoft-Windows-Sysmon%4Operational.evtx"}, {"EventID": 7, "Computer": "evtx-PC", "UtcTime": "2022-04-04 11:19:58.163", "Provider": "Microsoft-Windows-Sysmon", "RuleName": "-", "ProcessGuid": "{e97d4e69-0000-0000-1dbe-090000000000}", "ProcessId": "4932", "Image": "C:\\Windows\\System32\\svchost.exe", "ImageLoaded": "C:\\Windows\\System32\\bcryptprimitives.dll", "FileVersion": "6.1.7600.16385 (win7_rtm.090713-1255)", "Description": "Windows Cryptographic Primitives Library", "Product": "Microsoft\u00ae Windows\u00ae Operating System", "Company": "Microsoft Corporation", "OriginalFileName": "bcryptprimitives.dll", "Hashes": "SHA1=F76BB1B4D0AD47F68F8381281F87839304C252EA,MD5=E8449FE262D7406BCB2AC2A45C53EC5F,SHA256=6C118C9FB26404D1943824CF3990F36E12986547FFACB7CC0DF975A913065D78,IMPHASH=5E7F9777B4CE3E8C2D00E88603A230E9", "Signed": "true", "Signature": "Microsoft Windows", "SignatureStatus": "Valid", "_source_file": "data/baseline/win7-x86/Microsoft-Windows-Sysmon%4Operational.evtx"}, {"EventID": 12, "Computer": "evtx-PC", "UtcTime": "2022-04-04 11:19:58.163", "Provider": "Microsoft-Windows-Sysmon", "RuleName": "-", "EventType": "CreateKey", "ProcessGuid": "{e97d4e69-0000-0000-1dbe-090000000000}", "ProcessId": "4932", "Image": "C:\\Windows\\System32\\svchost.exe", "TargetObject": "HKU\\.DEFAULT\\Software\\Microsoft\\Windows\\CurrentVersion\\WinTrust\\Trust Providers\\Software Publishing", "_source_file": "data/baseline/win7-x86/Microsoft-Windows-Sysmon%4Operational.evtx"}, {"EventID": 12, "Computer": "evtx-PC", "UtcTime": "2022-04-04 11:19:58.177", "Provider": "Microsoft-Windows-Sysmon", "RuleName": "-", "EventType": "CreateKey", "ProcessGuid": "{e97d4e69-0000-0000-1dbe-090000000000}", "ProcessId": "4932", "Image": "C:\\Windows\\System32\\svchost.exe", "TargetObject": "HKLM\\SOFTWARE\\Microsoft\\EnterpriseCertificates\\CA", "_source_file": "data/baseline/win7-x86/Microsoft-Windows-Sysmon%4Operational.evtx"}, {"EventID": 12, "Computer": "evtx-PC", "UtcTime": "2022-04-04 11:19:58.177", "Provider": "Microsoft-Windows-Sysmon", "RuleName": "-", "EventType": "CreateKey", "ProcessGuid": "{e97d4e69-0000-0000-1dbe-090000000000}", "ProcessId": "4932", "Image": "C:\\Windows\\System32\\svchost.exe", "TargetObject": "HKLM\\SOFTWARE\\Microsoft\\EnterpriseCertificates\\CA", "_source_file": "data/baseline/win7-x86/Microsoft-Windows-Sysmon%4Operational.evtx"}, {"EventID": 12, "Computer": "evtx-PC", "UtcTime": "2022-04-04 11:19:58.177", "Provider": "Microsoft-Windows-Sysmon", "RuleName": "-", "EventType": "CreateKey", "ProcessGuid": "{e97d4e69-0000-0000-1dbe-090000000000}", "ProcessId": "4932", "Image": "C:\\Windows\\System32\\svchost.exe", "TargetObject": "HKLM\\SOFTWARE\\Microsoft\\EnterpriseCertificates\\CA\\Certificates", "_source_file": "data/baseline/win7-x86/Microsoft-Windows-Sysmon%4Operational.evtx"}, {"EventID": 12, "Computer": "evtx-PC", "UtcTime": "2022-04-04 11:19:58.177", "Provider": "Microsoft-Windows-Sysmon", "RuleName": "-", "EventType": "CreateKey", "ProcessGuid": "{e97d4e69-0000-0000-1dbe-090000000000}", "ProcessId": "4932", "Image": "C:\\Windows\\System32\\svchost.exe", "TargetObject": "HKLM\\SOFTWARE\\Microsoft\\EnterpriseCertificates\\CA\\CRLs", "_source_file": "data/baseline/win7-x86/Microsoft-Windows-Sysmon%4Operational.evtx"}, {"EventID": 12, "Computer": "evtx-PC", "UtcTime": "2022-04-04 11:19:58.177", "Provider": "Microsoft-Windows-Sysmon", "RuleName": "-", "EventType": "CreateKey", "ProcessGuid": "{e97d4e69-0000-0000-1dbe-090000000000}", "ProcessId": "4932", "Image": "C:\\Windows\\System32\\svchost.exe", "TargetObject": "HKLM\\SOFTWARE\\Microsoft\\EnterpriseCertificates\\CA\\CTLs", "_source_file": "data/baseline/win7-x86/Microsoft-Windows-Sysmon%4Operational.evtx"}, {"EventID": 12, "Computer": "evtx-PC", "UtcTime": "2022-04-04 11:19:58.177", "Provider": "Microsoft-Windows-Sysmon", "RuleName": "-", "EventType": "CreateKey", "ProcessGuid": "{e97d4e69-0000-0000-1dbe-090000000000}", "ProcessId": "4932", "Image": "C:\\Windows\\System32\\svchost.exe", "TargetObject": "HKLM\\SOFTWARE\\Microsoft\\EnterpriseCertificates\\Disallowed", "_source_file": "data/baseline/win7-x86/Microsoft-Windows-Sysmon%4Operational.evtx"}, {"EventID": 12, "Computer": "evtx-PC", "UtcTime": "2022-04-04 11:19:58.177", "Provider": "Microsoft-Windows-Sysmon", "RuleName": "-", "EventType": "CreateKey", "ProcessGuid": "{e97d4e69-0000-0000-1dbe-090000000000}", "ProcessId": "4932", "Image": "C:\\Windows\\System32\\svchost.exe", "TargetObject": "HKLM\\SOFTWARE\\Microsoft\\EnterpriseCertificates\\Disallowed", "_source_file": "data/baseline/win7-x86/Microsoft-Windows-Sysmon%4Operational.evtx"}, {"EventID": 12, "Computer": "evtx-PC", "UtcTime": "2022-04-04 11:19:58.177", "Provider": "Microsoft-Windows-Sysmon", "RuleName": "-", "EventType": "CreateKey", "ProcessGuid": "{e97d4e69-0000-0000-1dbe-090000000000}", "ProcessId": "4932", "Image": "C:\\Windows\\System32\\svchost.exe", "TargetObject": "HKLM\\SOFTWARE\\Microsoft\\EnterpriseCertificates\\Disallowed\\Certificates", "_source_file": "data/baseline/win7-x86/Microsoft-Windows-Sysmon%4Operational.evtx"}, {"EventID": 12, "Computer": "evtx-PC", "UtcTime": "2022-04-04 11:19:58.177", "Provider": "Microsoft-Windows-Sysmon", "RuleName": "-", "EventType": "CreateKey", "ProcessGuid": "{e97d4e69-0000-0000-1dbe-090000000000}", "ProcessId": "4932", "Image": "C:\\Windows\\System32\\svchost.exe", "TargetObject": "HKLM\\SOFTWARE\\Microsoft\\EnterpriseCertificates\\Disallowed\\CRLs", "_source_file": "data/baseline/win7-x86/Microsoft-Windows-Sysmon%4Operational.evtx"}, {"EventID": 12, "Computer": "evtx-PC", "UtcTime": "2022-04-04 11:19:58.177", "Provider": "Microsoft-Windows-Sysmon", "RuleName": "-", "EventType": "CreateKey", "ProcessGuid": "{e97d4e69-0000-0000-1dbe-090000000000}", "ProcessId": "4932", "Image": "C:\\Windows\\System32\\svchost.exe", "TargetObject": "HKLM\\SOFTWARE\\Microsoft\\EnterpriseCertificates\\Disallowed\\CTLs", "_source_file": "data/baseline/win7-x86/Microsoft-Windows-Sysmon%4Operational.evtx"}, {"EventID": 12, "Computer": "evtx-PC", "UtcTime": "2022-04-04 11:19:58.177", "Provider": "Microsoft-Windows-Sysmon", "RuleName": "-", "EventType": "CreateKey", "ProcessGuid": "{e97d4e69-0000-0000-1dbe-090000000000}", "ProcessId": "4932", "Image": "C:\\Windows\\System32\\svchost.exe", "TargetObject": "HKLM\\SOFTWARE\\Microsoft\\EnterpriseCertificates\\Root", "_source_file": "data/baseline/win7-x86/Microsoft-Windows-Sysmon%4Operational.evtx"}, {"EventID": 12, "Computer": "evtx-PC", "UtcTime": "2022-04-04 11:19:58.177", "Provider": "Microsoft-Windows-Sysmon", "RuleName": "-", "EventType": "CreateKey", "ProcessGuid": "{e97d4e69-0000-0000-1dbe-090000000000}", "ProcessId": "4932", "Image": "C:\\Windows\\System32\\svchost.exe", "TargetObject": "HKLM\\SOFTWARE\\Microsoft\\EnterpriseCertificates\\Root", "_source_file": "data/baseline/win7-x86/Microsoft-Windows-Sysmon%4Operational.evtx"}, {"EventID": 12, "Computer": "evtx-PC", "UtcTime": "2022-04-04 11:19:58.177", "Provider": "Microsoft-Windows-Sysmon", "RuleName": "-", "EventType": "CreateKey", "ProcessGuid": "{e97d4e69-0000-0000-1dbe-090000000000}", "ProcessId": "4932", "Image": "C:\\Windows\\System32\\svchost.exe", "TargetObject": "HKLM\\SOFTWARE\\Microsoft\\EnterpriseCertificates\\Root\\Certificates", "_source_file": "data/baseline/win7-x86/Microsoft-Windows-Sysmon%4Operational.evtx"}, {"EventID": 12, "Computer": "evtx-PC", "UtcTime": "2022-04-04 11:19:58.177", "Provider": "Microsoft-Windows-Sysmon", "RuleName": "-", "EventType": "CreateKey", "ProcessGuid": "{e97d4e69-0000-0000-1dbe-090000000000}", "ProcessId": "4932", "Image": "C:\\Windows\\System32\\svchost.exe", "TargetObject": "HKLM\\SOFTWARE\\Microsoft\\EnterpriseCertificates\\Root\\CRLs", "_source_file": "data/baseline/win7-x86/Microsoft-Windows-Sysmon%4Operational.evtx"}, {"EventID": 12, "Computer": "evtx-PC", "UtcTime": "2022-04-04 11:19:58.177", "Provider": "Microsoft-Windows-Sysmon", "RuleName": "-", "EventType": "CreateKey", "ProcessGuid": "{e97d4e69-0000-0000-1dbe-090000000000}", "ProcessId": "4932", "Image": "C:\\Windows\\System32\\svchost.exe", "TargetObject": "HKLM\\SOFTWARE\\Microsoft\\EnterpriseCertificates\\Root\\CTLs", "_source_file": "data/baseline/win7-x86/Microsoft-Windows-Sysmon%4Operational.evtx"}, {"EventID": 12, "Computer": "evtx-PC", "UtcTime": "2022-04-04 11:19:58.177", "Provider": "Microsoft-Windows-Sysmon", "RuleName": "-", "EventType": "CreateKey", "ProcessGuid": "{e97d4e69-0000-0000-1dbe-090000000000}", "ProcessId": "4932", "Image": "C:\\Windows\\System32\\svchost.exe", "TargetObject": "HKLM\\SOFTWARE\\Microsoft\\EnterpriseCertificates\\TrustedPeople", "_source_file": "data/baseline/win7-x86/Microsoft-Windows-Sysmon%4Operational.evtx"}, {"EventID": 12, "Computer": "evtx-PC", "UtcTime": "2022-04-04 11:19:58.177", "Provider": "Microsoft-Windows-Sysmon", "RuleName": "-", "EventType": "CreateKey", "ProcessGuid": "{e97d4e69-0000-0000-1dbe-090000000000}", "ProcessId": "4932", "Image": "C:\\Windows\\System32\\svchost.exe", "TargetObject": "HKLM\\SOFTWARE\\Microsoft\\EnterpriseCertificates\\TrustedPeople", "_source_file": "data/baseline/win7-x86/Microsoft-Windows-Sysmon%4Operational.evtx"}, {"EventID": 12, "Computer": "evtx-PC", "UtcTime": "2022-04-04 11:19:58.177", "Provider": "Microsoft-Windows-Sysmon", "RuleName": "-", "EventType": "CreateKey", "ProcessGuid": "{e97d4e69-0000-0000-1dbe-090000000000}", "ProcessId": "4932", "Image": "C:\\Windows\\System32\\svchost.exe", "TargetObject": "HKLM\\SOFTWARE\\Microsoft\\EnterpriseCertificates\\TrustedPeople\\Certificates", "_source_file": "data/baseline/win7-x86/Microsoft-Windows-Sysmon%4Operational.evtx"}, {"EventID": 12, "Computer": "evtx-PC", "UtcTime": "2022-04-04 11:19:58.177", "Provider": "Microsoft-Windows-Sysmon", "RuleName": "-", "EventType": "CreateKey", "ProcessGuid": "{e97d4e69-0000-0000-1dbe-090000000000}", "ProcessId": "4932", "Image": "C:\\Windows\\System32\\svchost.exe", "TargetObject": "HKLM\\SOFTWARE\\Microsoft\\EnterpriseCertificates\\TrustedPeople\\CRLs", "_source_file": "data/baseline/win7-x86/Microsoft-Windows-Sysmon%4Operational.evtx"}, {"EventID": 12, "Computer": "evtx-PC", "UtcTime": "2022-04-04 11:19:58.177", "Provider": "Microsoft-Windows-Sysmon", "RuleName": "-", "EventType": "CreateKey", "ProcessGuid": "{e97d4e69-0000-0000-1dbe-090000000000}", "ProcessId": "4932", "Image": "C:\\Windows\\System32\\svchost.exe", "TargetObject": "HKLM\\SOFTWARE\\Microsoft\\EnterpriseCertificates\\TrustedPeople\\CTLs", "_source_file": "data/baseline/win7-x86/Microsoft-Windows-Sysmon%4Operational.evtx"}, {"EventID": 12, "Computer": "evtx-PC", "UtcTime": "2022-04-04 11:19:58.177", "Provider": "Microsoft-Windows-Sysmon", "RuleName": "-", "EventType": "CreateKey", "ProcessGuid": "{e97d4e69-0000-0000-1dbe-090000000000}", "ProcessId": "4932", "Image": "C:\\Windows\\System32\\svchost.exe", "TargetObject": "HKLM\\SOFTWARE\\Microsoft\\EnterpriseCertificates\\Trust", "_source_file": "data/baseline/win7-x86/Microsoft-Windows-Sysmon%4Operational.evtx"}, {"EventID": 12, "Computer": "evtx-PC", "UtcTime": "2022-04-04 11:19:58.177", "Provider": "Microsoft-Windows-Sysmon", "RuleName": "-", "EventType": "CreateKey", "ProcessGuid": "{e97d4e69-0000-0000-1dbe-090000000000}", "ProcessId": "4932", "Image": "C:\\Windows\\System32\\svchost.exe", "TargetObject": "HKLM\\SOFTWARE\\Microsoft\\EnterpriseCertificates\\Trust", "_source_file": "data/baseline/win7-x86/Microsoft-Windows-Sysmon%4Operational.evtx"}, {"EventID": 12, "Computer": "evtx-PC", "UtcTime": "2022-04-04 11:19:58.177", "Provider": "Microsoft-Windows-Sysmon", "RuleName": "-", "EventType": "CreateKey", "ProcessGuid": "{e97d4e69-0000-0000-1dbe-090000000000}", "ProcessId": "4932", "Image": "C:\\Windows\\System32\\svchost.exe", "TargetObject": "HKLM\\SOFTWARE\\Microsoft\\EnterpriseCertificates\\Trust\\Certificates", "_source_file": "data/baseline/win7-x86/Microsoft-Windows-Sysmon%4Operational.evtx"}, {"EventID": 12, "Computer": "evtx-PC", "UtcTime": "2022-04-04 11:19:58.177", "Provider": "Microsoft-Windows-Sysmon", "RuleName": "-", "EventType": "CreateKey", "ProcessGuid": "{e97d4e69-0000-0000-1dbe-090000000000}", "ProcessId": "4932", "Image": "C:\\Windows\\System32\\svchost.exe", "TargetObject": "HKLM\\SOFTWARE\\Microsoft\\EnterpriseCertificates\\Trust\\CRLs", "_source_file": "data/baseline/win7-x86/Microsoft-Windows-Sysmon%4Operational.evtx"}, {"EventID": 12, "Computer": "evtx-PC", "UtcTime": "2022-04-04 11:19:58.177", "Provider": "Microsoft-Windows-Sysmon", "RuleName": "-", "EventType": "CreateKey", "ProcessGuid": "{e97d4e69-0000-0000-1dbe-090000000000}", "ProcessId": "4932", "Image": "C:\\Windows\\System32\\svchost.exe", "TargetObject": "HKLM\\SOFTWARE\\Microsoft\\EnterpriseCertificates\\Trust\\CTLs", "_source_file": "data/baseline/win7-x86/Microsoft-Windows-Sysmon%4Operational.evtx"}, {"EventID": 12, "Computer": "evtx-PC", "UtcTime": "2022-04-04 11:19:58.177", "Provider": "Microsoft-Windows-Sysmon", "RuleName": "-", "EventType": "CreateKey", "ProcessGuid": "{e97d4e69-0000-0000-1dbe-090000000000}", "ProcessId": "4932", "Image": "C:\\Windows\\System32\\svchost.exe", "TargetObject": "HKLM\\SOFTWARE\\Microsoft\\EnterpriseCertificates\\Disallowed", "_source_file": "data/baseline/win7-x86/Microsoft-Windows-Sysmon%4Operational.evtx"}, {"EventID": 12, "Computer": "evtx-PC", "UtcTime": "2022-04-04 11:19:58.177", "Provider": "Microsoft-Windows-Sysmon", "RuleName": "-", "EventType": "CreateKey", "ProcessGuid": "{e97d4e69-0000-0000-1dbe-090000000000}", "ProcessId": "4932", "Image": "C:\\Windows\\System32\\svchost.exe", "TargetObject": "HKLM\\SOFTWARE\\Microsoft\\EnterpriseCertificates\\Disallowed", "_source_file": "data/baseline/win7-x86/Microsoft-Windows-Sysmon%4Operational.evtx"}, {"EventID": 12, "Computer": "evtx-PC", "UtcTime": "2022-04-04 11:19:58.177", "Provider": "Microsoft-Windows-Sysmon", "RuleName": "-", "EventType": "CreateKey", "ProcessGuid": "{e97d4e69-0000-0000-1dbe-090000000000}", "ProcessId": "4932", "Image": "C:\\Windows\\System32\\svchost.exe", "TargetObject": "HKLM\\SOFTWARE\\Microsoft\\EnterpriseCertificates\\Disallowed\\Certificates", "_source_file": "data/baseline/win7-x86/Microsoft-Windows-Sysmon%4Operational.evtx"}, {"EventID": 12, "Computer": "evtx-PC", "UtcTime": "2022-04-04 11:19:58.177", "Provider": "Microsoft-Windows-Sysmon", "RuleName": "-", "EventType": "CreateKey", "ProcessGuid": "{e97d4e69-0000-0000-1dbe-090000000000}", "ProcessId": "4932", "Image": "C:\\Windows\\System32\\svchost.exe", "TargetObject": "HKLM\\SOFTWARE\\Microsoft\\EnterpriseCertificates\\Disallowed\\CRLs", "_source_file": "data/baseline/win7-x86/Microsoft-Windows-Sysmon%4Operational.evtx"}, {"EventID": 12, "Computer": "evtx-PC", "UtcTime": "2022-04-04 11:19:58.177", "Provider": "Microsoft-Windows-Sysmon", "RuleName": "-", "EventType": "CreateKey", "ProcessGuid": "{e97d4e69-0000-0000-1dbe-090000000000}", "ProcessId": "4932", "Image": "C:\\Windows\\System32\\svchost.exe", "TargetObject": "HKLM\\SOFTWARE\\Microsoft\\EnterpriseCertificates\\Disallowed\\CTLs", "_source_file": "data/baseline/win7-x86/Microsoft-Windows-Sysmon%4Operational.evtx"}, {"EventID": 12, "Computer": "evtx-PC", "UtcTime": "2022-04-04 11:19:58.177", "Provider": "Microsoft-Windows-Sysmon", "RuleName": "-", "EventType": "CreateKey", "ProcessGuid": "{e97d4e69-0000-0000-99ba-090000000000}", "ProcessId": "4892", "Image": "C:\\Windows\\system32\\sppsvc.exe", "TargetObject": "HKLM\\SYSTEM\\WPA", "_source_file": "data/baseline/win7-x86/Microsoft-Windows-Sysmon%4Operational.evtx"}, {"EventID": 12, "Computer": "evtx-PC", "UtcTime": "2022-04-04 11:19:58.177", "Provider": "Microsoft-Windows-Sysmon", "RuleName": "-", "EventType": "CreateKey", "ProcessGuid": "{e97d4e69-0000-0000-99ba-090000000000}", "ProcessId": "4892", "Image": "C:\\Windows\\system32\\sppsvc.exe", "TargetObject": "HKLM\\SYSTEM\\WPA", "_source_file": "data/baseline/win7-x86/Microsoft-Windows-Sysmon%4Operational.evtx"}, {"EventID": 11, "Computer": "evtx-PC", "UtcTime": "2022-04-04 11:19:58.191", "Provider": "Microsoft-Windows-Sysmon", "RuleName": "-", "ProcessGuid": "{e97d4e69-0000-0000-1dbe-090000000000}", "ProcessId": "4932", "Image": "C:\\Windows\\System32\\svchost.exe", "TargetFilename": "C:\\ProgramData\\Microsoft\\Windows Defender\\IMpService925A3ACA-C353-458A-AC8D-A7E5EB378092.lock", "CreationUtcTime": "2022-04-04 11:19:58.191", "_source_file": "data/baseline/win7-x86/Microsoft-Windows-Sysmon%4Operational.evtx"}, 