{"EventID": 12, "Computer": "evtx-PC", "UtcTime": "2022-04-04 11:18:55.892", "Provider": "Microsoft-Windows-Sysmon", "RuleName": "-", "EventType": "CreateKey", "ProcessGuid": "{e97d4e69-0000-0000-44d3-000000000000}", "ProcessId": "1244", "Image": "C:\\Windows\\system32\\svchost.exe", "TargetObject": "HKLM\\SOFTWARE", "_source_file": "data/baseline/win7-x86/Microsoft-Windows-Sysmon%4Operational.evtx"}, {"EventID": 12, "Computer": "evtx-PC", "UtcTime": "2022-04-04 11:18:55.892", "Provider": "Microsoft-Windows-Sysmon", "RuleName": "-", "EventType": "CreateKey", "ProcessGuid": "{e97d4e69-0000-0000-44d3-000000000000}", "ProcessId": "1244", "Image": "C:\\Windows\\system32\\svchost.exe", "TargetObject": "HKLM\\SOFTWARE\\Microsoft", "_source_file": "data/baseline/win7-x86/Microsoft-Windows-Sysmon%4Operational.evtx"}, {"EventID": 12, "Computer": "evtx-PC", "UtcTime": "2022-04-04 11:18:55.892", "Provider": "Microsoft-Windows-Sysmon", "RuleName": "-", "EventType": "CreateKey", "ProcessGuid": "{e97d4e69-0000-0000-44d3-000000000000}", "ProcessId": "1244", "Image": "C:\\Windows\\system32\\svchost.exe", "TargetObject": "HKLM\\SOFTWARE\\Microsoft\\SystemCertificates", "_source_file": "data/baseline/win7-x86/Microsoft-Windows-Sysmon%4Operational.evtx"}, {"EventID": 12, "Computer": "evtx-PC", "UtcTime": "2022-04-04 11:18:55.892", "Provider": "Microsoft-Windows-Sysmon", "RuleName": "-", "EventType": "CreateKey", "ProcessGuid": "{e97d4e69-0000-0000-44d3-000000000000}", "ProcessId": "1244", "Image": "C:\\Windows\\system32\\svchost.exe", "TargetObject": "HKLM\\SOFTWARE", "_source_file": "data/baseline/win7-x86/Microsoft-Windows-Sysmon%4Operational.evtx"}, {"EventID": 12, "Computer": "evtx-PC", "UtcTime": "2022-04-04 11:18:55.892", "Provider": "Microsoft-Windows-Sysmon", "RuleName": "-", "EventType": "CreateKey", "ProcessGuid": "{e97d4e69-0000-0000-44d3-000000000000}", "ProcessId": "1244", "Image": "C:\\Windows\\system32\\svchost.exe", "TargetObject": "HKLM\\SOFTWARE\\Policies", "_source_file": "data/baseline/win7-x86/Microsoft-Windows-Sysmon%4Operational.evtx"}, {"EventID": 12, "Computer": "evtx-PC", "UtcTime": "2022-04-04 11:18:55.892", "Provider": "Microsoft-Windows-Sysmon", "RuleName": "-", "EventType": "CreateKey", "ProcessGuid": "{e97d4e69-0000-0000-44d3-000000000000}", "ProcessId": "1244", "Image": "C:\\Windows\\system32\\svchost.exe", "TargetObject": "HKLM\\SOFTWARE\\Policies\\Microsoft", "_source_file": "data/baseline/win7-x86/Microsoft-Windows-Sysmon%4Operational.evtx"}, {"EventID": 12, "Computer": "evtx-PC", "UtcTime": "2022-04-04 11:18:55.892", "Provider": "Microsoft-Windows-Sysmon", "RuleName": "-", "EventType": "CreateKey", "ProcessGuid": "{e97d4e69-0000-0000-44d3-000000000000}", "ProcessId": "1244", "Image": "C:\\Windows\\system32\\svchost.exe", "TargetObject": "HKLM\\SOFTWARE\\Policies\\Microsoft\\SystemCertificates", "_source_file": "data/baseline/win7-x86/Microsoft-Windows-Sysmon%4Operational.evtx"}, {"EventID": 12, "Computer": "evtx-PC", "UtcTime": "2022-04-04 11:18:55.892", "Provider": "Microsoft-Windows-Sysmon", "RuleName": "-", "EventType": "CreateKey", "ProcessGuid": "{e97d4e69-0000-0000-44d3-000000000000}", "ProcessId": "1244", "Image": "C:\\Windows\\system32\\svchost.exe", "TargetObject": "HKLM\\SOFTWARE", "_source_file": "data/baseline/win7-x86/Microsoft-Windows-Sysmon%4Operational.evtx"}, {"EventID": 12, "Computer": "evtx-PC", "UtcTime": "2022-04-04 11:18:55.892", "Provider": "Microsoft-Windows-Sysmon", "RuleName": "-", "EventType": "CreateKey", "ProcessGuid": "{e97d4e69-0000-0000-44d3-000000000000}", "ProcessId": "1244", "Image": "C:\\Windows\\system32\\svchost.exe", "TargetObject": "HKLM\\SOFTWARE\\Microsoft", "_source_file": "data/baseline/win7-x86/Microsoft-Windows-Sysmon%4Operational.evtx"}, {"EventID": 12, "Computer": "evtx-PC", "UtcTime": "2022-04-04 11:18:55.892", "Provider": "Microsoft-Windows-Sysmon", "RuleName": "-", "EventType": "CreateKey", "ProcessGuid": "{e97d4e69-0000-0000-44d3-000000000000}", "ProcessId": "1244", "Image": "C:\\Windows\\system32\\svchost.exe", "TargetObject": "HKLM\\SOFTWARE\\Microsoft\\EnterpriseCertificates", "_source_file": "data/baseline/win7-x86/Microsoft-Windows-Sysmon%4Operational.evtx"}, {"EventID": 12, "Computer": "evtx-PC", "UtcTime": "2022-04-04 11:18:55.892", "Provider": "Microsoft-Windows-Sysmon", "RuleName": "-", "EventType": "CreateKey", "ProcessGuid": "{e97d4e69-0000-0000-44d3-000000000000}", "ProcessId": "1244", "Image": "C:\\Windows\\system32\\svchost.exe", "TargetObject": "HKLM\\SOFTWARE", "_source_file": "data/baseline/win7-x86/Microsoft-Windows-Sysmon%4Operational.evtx"}, {"EventID": 12, "Computer": "evtx-PC", "UtcTime": "2022-04-04 11:18:55.892", "Provider": "Microsoft-Windows-Sysmon", "RuleName": "-", "EventType": "CreateKey", "ProcessGuid": "{e97d4e69-0000-0000-44d3-000000000000}", "ProcessId": "1244", "Image": "C:\\Windows\\system32\\svchost.exe", "TargetObject": "HKLM\\SOFTWARE\\Microsoft", "_source_file": "data/baseline/win7-x86/Microsoft-Windows-Sysmon%4Operational.evtx"}, {"EventID": 12, "Computer": "evtx-PC", "UtcTime": "2022-04-04 11:18:55.892", "Provider": "Microsoft-Windows-Sysmon", "RuleName": "-", "EventType": "CreateKey", "ProcessGuid": "{e97d4e69-0000-0000-44d3-000000000000}", "ProcessId": "1244", "Image": "C:\\Windows\\system32\\svchost.exe", "TargetObject": "HKLM\\SOFTWARE\\Microsoft\\EnterpriseCertificates", "_source_file": "data/baseline/win7-x86/Microsoft-Windows-Sysmon%4Operational.evtx"}, {"EventID": 12, "Computer": "evtx-PC", "UtcTime": "2022-04-04 11:18:55.892", "Provider": "Microsoft-Windows-Sysmon", "RuleName": "-", "EventType": "CreateKey", "ProcessGuid": "{e97d4e69-0000-0000-44d3-000000000000}", "ProcessId": "1244", "Image": "C:\\Windows\\system32\\svchost.exe", "TargetObject": "HKLM\\SOFTWARE", "_source_file": "data/baseline/win7-x86/Microsoft-Windows-Sysmon%4Operational.evtx"}, {"EventID": 12, "Computer": "evtx-PC", "UtcTime": "2022-04-04 11:18:55.892", "Provider": "Microsoft-Windows-Sysmon", "RuleName": "-", "EventType": "CreateKey", "ProcessGuid": "{e97d4e69-0000-0000-44d3-000000000000}", "ProcessId": "1244", "Image": "C:\\Windows\\system32\\svchost.exe", "TargetObject": "HKLM\\SOFTWARE\\Microsoft", "_source_file": "data/baseline/win7-x86/Microsoft-Windows-Sysmon%4Operational.evtx"}, {"EventID": 12, "Computer": "evtx-PC", "UtcTime": "2022-04-04 11:18:55.892", "Provider": "Microsoft-Windows-Sysmon", "RuleName": "-", "EventType": "CreateKey", "ProcessGuid": "{e97d4e69-0000-0000-44d3-000000000000}", "ProcessId": "1244", "Image": "C:\\Windows\\system32\\svchost.exe", "TargetObject": "HKLM\\SOFTWARE\\Microsoft\\SystemCertificates", "_source_file": "data/baseline/win7-x86/Microsoft-Windows-Sysmon%4Operational.evtx"}, {"EventID": 12, "Computer": "evtx-PC", "UtcTime": "2022-04-04 11:18:55.892", "Provider": "Microsoft-Windows-Sysmon", "RuleName": "-", "EventType": "CreateKey", "ProcessGuid": "{e97d4e69-0000-0000-44d3-000000000000}", "ProcessId": "1244", "Image": "C:\\Windows\\system32\\svchost.exe", "TargetObject": "HKLM\\SOFTWARE", "_source_file": "data/baseline/win7-x86/Microsoft-Windows-Sysmon%4Operational.evtx"}, {"EventID": 12, "Computer": "evtx-PC", "UtcTime": "2022-04-04 11:18:55.892", "Provider": "Microsoft-Windows-Sysmon", "RuleName": "-", "EventType": "CreateKey", "ProcessGuid": "{e97d4e69-0000-0000-44d3-000000000000}", "ProcessId": "1244", "Image": "C:\\Windows\\system32\\svchost.exe", "TargetObject": "HKLM\\SOFTWARE\\Microsoft", "_source_file": "data/baseline/win7-x86/Microsoft-Windows-Sysmon%4Operational.evtx"}, {"EventID": 12, "Computer": "evtx-PC", "UtcTime": "2022-04-04 11:18:55.892", "Provider": "Microsoft-Windows-Sysmon", "RuleName": "-", "EventType": "CreateKey", "ProcessGuid": "{e97d4e69-0000-0000-44d3-000000000000}", "ProcessId": "1244", "Image": "C:\\Windows\\system32\\svchost.exe", "TargetObject": "HKLM\\SOFTWARE\\Microsoft\\SystemCertificates", "_source_file": "data/baseline/win7-x86/Microsoft-Windows-Sysmon%4Operational.evtx"}, {"EventID": 12, "Computer": "evtx-PC", "UtcTime": "2022-04-04 11:18:55.892", "Provider": "Microsoft-Windows-Sysmon", "RuleName": "-", "EventType": "CreateKey", "ProcessGuid": "{e97d4e69-0000-0000-44d3-000000000000}", "ProcessId": "1244", "Image": "C:\\Windows\\system32\\svchost.exe", "TargetObject": "HKLM\\SOFTWARE", "_source_file": "data/baseline/win7-x86/Microsoft-Windows-Sysmon%4Operational.evtx"}, {"EventID": 12, "Computer": "evtx-PC", "UtcTime": "2022-04-04 11:18:55.892", "Provider": "Microsoft-Windows-Sysmon", "RuleName": "-", "EventType": "CreateKey", "ProcessGuid": "{e97d4e69-0000-0000-44d3-000000000000}", "ProcessId": "1244", "Image": "C:\\Windows\\system32\\svchost.exe", "TargetObject": "HKLM\\SOFTWARE\\Policies", "_source_file": "data/baseline/win7-x86/Microsoft-Windows-Sysmon%4Operational.evtx"}, {"EventID": 12, "Computer": "evtx-PC", "UtcTime": "2022-04-04 11:18:55.892", "Provider": "Microsoft-Windows-Sysmon", "RuleName": "-", "EventType": "CreateKey", "ProcessGuid": "{e97d4e69-0000-0000-44d3-000000000000}", "ProcessId": "1244", "Image": "C:\\Windows\\system32\\svchost.exe", "TargetObject": "HKLM\\SOFTWARE\\Policies\\Microsoft", "_source_file": "data/baseline/win7-x86/Microsoft-Windows-Sysmon%4Operational.evtx"}, {"EventID": 12, "Computer": "evtx-PC", "UtcTime": "2022-04-04 11:18:55.892", "Provider": "Microsoft-Windows-Sysmon", "RuleName": "-", "EventType": "CreateKey", "ProcessGuid": "{e97d4e69-0000-0000-44d3-000000000000}", "ProcessId": "1244", "Image": "C:\\Windows\\system32\\svchost.exe", "TargetObject": "HKLM\\SOFTWARE\\Policies\\Microsoft\\SystemCertificates", "_source_file": "data/baseline/win7-x86/Microsoft-Windows-Sysmon%4Operational.evtx"}, {"EventID": 12, "Computer": "evtx-PC", "UtcTime": "2022-04-04 11:18:55.892", "Provider": "Microsoft-Windows-Sysmon", "RuleName": "-", "EventType": "CreateKey", "ProcessGuid": "{e97d4e69-0000-0000-44d3-000000000000}", "ProcessId": "1244", "Image": "C:\\Windows\\system32\\svchost.exe", "TargetObject": "HKLM\\SOFTWARE", "_source_file": "data/baseline/win7-x86/Microsoft-Windows-Sysmon%4Operational.evtx"}, {"EventID": 12, "Computer": "evtx-PC", "UtcTime": "2022-04-04 11:18:55.892", "Provider": "Microsoft-Windows-Sysmon", "RuleName": "-", "EventType": "CreateKey", "ProcessGuid": "{e97d4e69-0000-0000-44d3-000000000000}", "ProcessId": "1244", "Image": "C:\\Windows\\system32\\svchost.exe", "TargetObject": "HKLM\\SOFTWARE\\Microsoft", "_source_file": "data/baseline/win7-x86/Microsoft-Windows-Sysmon%4Operational.evtx"}, {"EventID": 12, "Computer": "evtx-PC", "UtcTime": "2022-04-04 11:18:55.892", "Provider": "Microsoft-Windows-Sysmon", "RuleName": "-", "EventType": "CreateKey", "ProcessGuid": "{e97d4e69-0000-0000-44d3-000000000000}", "ProcessId": "1244", "Image": "C:\\Windows\\system32\\svchost.exe", "TargetObject": "HKLM\\SOFTWARE\\Microsoft\\EnterpriseCertificates", "_source_file": "data/baseline/win7-x86/Microsoft-Windows-Sysmon%4Operational.evtx"}, {"EventID": 12, "Computer": "evtx-PC", "UtcTime": "2022-04-04 11:18:55.892", "Provider": "Microsoft-Windows-Sysmon", "RuleName": "-", "EventType": "CreateKey", "ProcessGuid": "{e97d4e69-0000-0000-44d3-000000000000}", "ProcessId": "1244", "Image": "C:\\Windows\\system32\\svchost.exe", "TargetObject": "HKLM\\SOFTWARE", "_source_file": "data/baseline/win7-x86/Microsoft-Windows-Sysmon%4Operational.evtx"}, {"EventID": 12, "Computer": "evtx-PC", "UtcTime": "2022-04-04 11:18:55.892", "Provider": "Microsoft-Windows-Sysmon", "RuleName": "-", "EventType": "CreateKey", "ProcessGuid": "{e97d4e69-0000-0000-44d3-000000000000}", "ProcessId": "1244", "Image": "C:\\Windows\\system32\\svchost.exe", "TargetObject": "HKLM\\SOFTWARE\\Microsoft", "_source_file": "data/baseline/win7-x86/Microsoft-Windows-Sysmon%4Operational.evtx"}, {"EventID": 12, "Computer": "evtx-PC", "UtcTime": "2022-04-04 11:18:55.892", "Provider": "Microsoft-Windows-Sysmon", "RuleName": "-", "EventType": "CreateKey", "ProcessGuid": "{e97d4e69-0000-0000-44d3-000000000000}", "ProcessId": "1244", "Image": "C:\\Windows\\system32\\svchost.exe", "TargetObject": "HKLM\\SOFTWARE\\Microsoft\\EnterpriseCertificates", "_source_file": "data/baseline/win7-x86/Microsoft-Windows-Sysmon%4Operational.evtx"}, {"EventID": 12, "Computer": "evtx-PC", "UtcTime": "2022-04-04 11:18:55.892", "Provider": "Microsoft-Windows-Sysmon", "RuleName": "-", "EventType": "CreateKey", "ProcessGuid": "{e97d4e69-0000-0000-44d3-000000000000}", "ProcessId": "1244", "Image": "C:\\Windows\\system32\\svchost.exe", "TargetObject": "HKLM\\SOFTWARE", "_source_file": "data/baseline/win7-x86/Microsoft-Windows-Sysmon%4Operational.evtx"}, {"EventID": 12, "Computer": "evtx-PC", "UtcTime": "2022-04-04 11:18:55.892", "Provider": "Microsoft-Windows-Sysmon", "RuleName": "-", "EventType": "CreateKey", "ProcessGuid": "{e97d4e69-0000-0000-44d3-000000000000}", "ProcessId": "1244", "Image": "C:\\Windows\\system32\\svchost.exe", "TargetObject": "HKLM\\SOFTWARE\\Microsoft", "_source_file": "data/baseline/win7-x86/Microsoft-Windows-Sysmon%4Operational.evtx"}, {"EventID": 12, "Computer": "evtx-PC", "UtcTime": "2022-04-04 11:18:55.892", "Provider": "Microsoft-Windows-Sysmon", "RuleName": "-", "EventType": "CreateKey", "ProcessGuid": "{e97d4e69-0000-0000-44d3-000000000000}", "ProcessId": "1244", "Image": "C:\\Windows\\system32\\svchost.exe", "TargetObject": "HKLM\\SOFTWARE\\Microsoft\\SystemCertificates", "_source_file": "data/baseline/win7-x86/Microsoft-Windows-Sysmon%4Operational.evtx"}, {"EventID": 12, "Computer": "evtx-PC", "UtcTime": "2022-04-04 11:18:55.892", "Provider": "Microsoft-Windows-Sysmon", "RuleName": "-", "EventType": "CreateKey", "ProcessGuid": "{e97d4e69-0000-0000-44d3-000000000000}", "ProcessId": "1244", "Image": "C:\\Windows\\system32\\svchost.exe", "TargetObject": "HKLM\\SOFTWARE", "_source_file": "data/baseline/win7-x86/Microsoft-Windows-Sysmon%4Operational.evtx"}, {"EventID": 12, "Computer": "evtx-PC", "UtcTime": "2022-04-04 11:18:55.892", "Provider": "Microsoft-Windows-Sysmon", "RuleName": "-", "EventType": "CreateKey", "ProcessGuid": "{e97d4e69-0000-0000-44d3-000000000000}", "ProcessId": "1244", "Image": "C:\\Windows\\system32\\svchost.exe", "TargetObject": "HKLM\\SOFTWARE\\Microsoft", "_source_file": "data/baseline/win7-x86/Microsoft-Windows-Sysmon%4Operational.evtx"}, {"EventID": 12, "Computer": "evtx-PC", "UtcTime": "2022-04-04 11:18:55.892", "Provider": "Microsoft-Windows-Sysmon", "RuleName": "-", "EventType": "CreateKey", "ProcessGuid": "{e97d4e69-0000-0000-44d3-000000000000}", "ProcessId": "1244", "Image": "C:\\Windows\\system32\\svchost.exe", "TargetObject": "HKLM\\SOFTWARE\\Microsoft\\SystemCertificates", "_source_file": "data/baseline/win7-x86/Microsoft-Windows-Sysmon%4Operational.evtx"}, {"EventID": 12, "Computer": "evtx-PC", "UtcTime": "2022-04-04 11:18:55.892", "Provider": "Microsoft-Windows-Sysmon", "RuleName": "-", "EventType": "CreateKey", "ProcessGuid": "{e97d4e69-0000-0000-44d3-000000000000}", "ProcessId": "1244", "Image": "C:\\Windows\\system32\\svchost.exe", "TargetObject": "HKLM\\SOFTWARE", "_source_file": "data/baseline/win7-x86/Microsoft-Windows-Sysmon%4Operational.evtx"}, {"EventID": 12, "Computer": "evtx-PC", "UtcTime": "2022-04-04 11:18:55.892", "Provider": "Microsoft-Windows-Sysmon", "RuleName": "-", "EventType": "CreateKey", "ProcessGuid": "{e97d4e69-0000-0000-44d3-000000000000}", "ProcessId": "1244", "Image": "C:\\Windows\\system32\\svchost.exe", "TargetObject": "HKLM\\SOFTWARE\\Policies", "_source_file": "data/baseline/win7-x86/Microsoft-Windows-Sysmon%4Operational.evtx"}, {"EventID": 12, "Computer": "evtx-PC", "UtcTime": "2022-04-04 11:18:55.892", "Provider": "Microsoft-Windows-Sysmon", "RuleName": "-", "EventType": "CreateKey", "ProcessGuid": "{e97d4e69-0000-0000-44d3-000000000000}", "ProcessId": "1244", "Image": "C:\\Windows\\system32\\svchost.exe", "TargetObject": "HKLM\\SOFTWARE\\Policies\\Microsoft", "_source_file": "data/baseline/win7-x86/Microsoft-Windows-Sysmon%4Operational.evtx"}, {"EventID": 12, "Computer": "evtx-PC", "UtcTime": "2022-04-04 11:18:55.892", "Provider": "Microsoft-Windows-Sysmon", "RuleName": "-", "EventType": "CreateKey", "ProcessGuid": "{e97d4e69-0000-0000-44d3-000000000000}", "ProcessId": "1244", "Image": "C:\\Windows\\system32\\svchost.exe", "TargetObject": "HKLM\\SOFTWARE\\Policies\\Microsoft\\SystemCertificates", "_source_file": "data/baseline/win7-x86/Microsoft-Windows-Sysmon%4Operational.evtx"}, {"EventID": 12, "Computer": "evtx-PC", "UtcTime": "2022-04-04 11:18:55.892", "Provider": "Microsoft-Windows-Sysmon", "RuleName": "-", "EventType": "CreateKey", "ProcessGuid": "{e97d4e69-0000-0000-44d3-000000000000}", "ProcessId": "1244", "Image": "C:\\Windows\\system32\\svchost.exe", "TargetObject": "HKLM\\SOFTWARE", "_source_file": "data/baseline/win7-x86/Microsoft-Windows-Sysmon%4Operational.evtx"}, {"EventID": 12, "Computer": "evtx-PC", "UtcTime": "2022-04-04 11:18:55.892", "Provider": "Microsoft-Windows-Sysmon", "RuleName": "-", "EventType": "CreateKey", "ProcessGuid": "{e97d4e69-0000-0000-44d3-000000000000}", "ProcessId": "1244", "Image": "C:\\Windows\\system32\\svchost.exe", "TargetObject": "HKLM\\SOFTWARE\\Microsoft", "_source_file": "data/baseline/win7-x86/Microsoft-Windows-Sysmon%4Operational.evtx"}, {"EventID": 12, "Computer": "evtx-PC", "UtcTime": "2022-04-04 11:18:55.892", "Provider": "Microsoft-Windows-Sysmon", "RuleName": "-", "EventType": "CreateKey", "ProcessGuid": "{e97d4e69-0000-0000-44d3-000000000000}", "ProcessId": "1244", "Image": "C:\\Windows\\system32\\svchost.exe", "TargetObject": "HKLM\\SOFTWARE\\Microsoft\\EnterpriseCertificates", "_source_file": "data/baseline/win7-x86/Microsoft-Windows-Sysmon%4Operational.evtx"}, {"EventID": 12, "Computer": "evtx-PC", "UtcTime": "2022-04-04 11:18:55.892", "Provider": "Microsoft-Windows-Sysmon", "RuleName": "-", "EventType": "CreateKey", "ProcessGuid": "{e97d4e69-0000-0000-44d3-000000000000}", "ProcessId": "1244", "Image": "C:\\Windows\\system32\\svchost.exe", "TargetObject": "HKLM\\SOFTWARE", "_source_file": "data/baseline/win7-x86/Microsoft-Windows-Sysmon%4Operational.evtx"}, {"EventID": 12, "Computer": "evtx-PC", "UtcTime": "2022-04-04 11:18:55.892", "Provider": "Microsoft-Windows-Sysmon", "RuleName": "-", "EventType": "CreateKey", "ProcessGuid": "{e97d4e69-0000-0000-44d3-000000000000}", "ProcessId": "1244", "Image": "C:\\Windows\\system32\\svchost.exe", "TargetObject": "HKLM\\SOFTWARE\\Microsoft", "_source_file": "data/baseline/win7-x86/Microsoft-Windows-Sysmon%4Operational.evtx"}, {"EventID": 12, "Computer": "evtx-PC", "UtcTime": "2022-04-04 11:18:55.892", "Provider": "Microsoft-Windows-Sysmon", "RuleName": "-", "EventType": "CreateKey", "ProcessGuid": "{e97d4e69-0000-0000-44d3-000000000000}", "ProcessId": "1244", "Image": "C:\\Windows\\system32\\svchost.exe", "TargetObject": "HKLM\\SOFTWARE\\Microsoft\\EnterpriseCertificates", "_source_file": "data/baseline/win7-x86/Microsoft-Windows-Sysmon%4Operational.evtx"}, {"EventID": 12, "Computer": "evtx-PC", "UtcTime": "2022-04-04 11:18:55.892", "Provider": "Microsoft-Windows-Sysmon", "RuleName": "-", "EventType": "CreateKey", "ProcessGuid": "{e97d4e69-0000-0000-44d3-000000000000}", "ProcessId": "1244", "Image": "C:\\Windows\\system32\\svchost.exe", "TargetObject": "HKLM\\SOFTWARE", "_source_file": "data/baseline/win7-x86/Microsoft-Windows-Sysmon%4Operational.evtx"}, {"EventID": 12, "Computer": "evtx-PC", "UtcTime": "2022-04-04 11:18:55.892", "Provider": "Microsoft-Windows-Sysmon", "RuleName": "-", "EventType": "CreateKey", "ProcessGuid": "{e97d4e69-0000-0000-44d3-000000000000}", "ProcessId": "1244", "Image": "C:\\Windows\\system32\\svchost.exe", "TargetObject": "HKLM\\SOFTWARE\\Microsoft", "_source_file": "data/baseline/win7-x86/Microsoft-Windows-Sysmon%4Operational.evtx"}, {"EventID": 12, "Computer": "evtx-PC", "UtcTime": "2022-04-04 11:18:55.892", "Provider": "Microsoft-Windows-Sysmon", "RuleName": "-", "EventType": "CreateKey", "ProcessGuid": "{e97d4e69-0000-0000-44d3-000000000000}", "ProcessId": "1244", "Image": "C:\\Windows\\system32\\svchost.exe", "TargetObject": "HKLM\\SOFTWARE\\Microsoft\\SystemCertificates", "_source_file": "data/baseline/win7-x86/Microsoft-Windows-Sysmon%4Operational.evtx"}, {"EventID": 12, "Computer": "evtx-PC", "UtcTime": "2022-04-04 11:18:55.892", "Provider": "Microsoft-Windows-Sysmon", "RuleName": "-", "EventType": "CreateKey", "ProcessGuid": "{e97d4e69-0000-0000-44d3-000000000000}", "ProcessId": "1244", "Image": "C:\\Windows\\system32\\svchost.exe", "TargetObject": "HKLM\\SOFTWARE", "_source_file": "data/baseline/win7-x86/Microsoft-Windows-Sysmon%4Operational.evtx"}, {"EventID": 12, "Computer": "evtx-PC", "UtcTime": "2022-04-04 11:18:55.892", "Provider": "Microsoft-Windows-Sysmon", "RuleName": "-", "EventType": "CreateKey", "ProcessGuid": "{e97d4e69-0000-0000-44d3-000000000000}", "ProcessId": "1244", "Image": "C:\\Windows\\system32\\svchost.exe", "TargetObject": "HKLM\\SOFTWARE\\Microsoft", "_source_file": "data/baseline/win7-x86/Microsoft-Windows-Sysmon%4Operational.evtx"}, {"EventID": 12, "Computer": "evtx-PC", "UtcTime": "2022-04-04 11:18:55.892", "Provider": "Microsoft-Windows-Sysmon", "RuleName": "-", "EventType": "CreateKey", "ProcessGuid": "{e97d4e69-0000-0000-44d3-000000000000}", "ProcessId": "1244", "Image": "C:\\Windows\\system32\\svchost.exe", "TargetObject": "HKLM\\SOFTWARE\\Microsoft\\SystemCertificates", "_source_file": "data/baseline/win7-x86/Microsoft-Windows-Sysmon%4Operational.evtx"}, {"EventID": 12, "Computer": "evtx-PC", "UtcTime": "2022-04-04 11:18:55.892", "Provider": "Microsoft-Windows-Sysmon", "RuleName": "-", "EventType": "CreateKey", "ProcessGuid": "{e97d4e69-0000-0000-44d3-000000000000}", "ProcessId": "1244", "Image": "C:\\Windows\\system32\\svchost.exe", "TargetObject": "HKLM\\SOFTWARE", "_source_file": "data/baseline/win7-x86/Microsoft-Windows-Sysmon%4Operational.evtx"}, {"EventID": 12, "Computer": "evtx-PC", "UtcTime": "2022-04-04 11:18:55.892", "Provider": "Microsoft-Windows-Sysmon", "RuleName": "-", "EventType": "CreateKey", "ProcessGuid": "{e97d4e69-0000-0000-44d3-000000000000}", "ProcessId": "1244", "Image": "C:\\Windows\\system32\\svchost.exe", "TargetObject": "HKLM\\SOFTWARE\\Microsoft", "_source_file": "data/baseline/win7-x86/Microsoft-Windows-Sysmon%4Operational.evtx"}, {"EventID": 12, "Computer": "evtx-PC", "UtcTime": "2022-04-04 11:18:55.892", "Provider": "Microsoft-Windows-Sysmon", "RuleName": "-", "EventType": "CreateKey", "ProcessGuid": "{e97d4e69-0000-0000-44d3-000000000000}", "ProcessId": "1244", "Image": "C:\\Windows\\system32\\svchost.exe", "TargetObject": "HKLM\\SOFTWARE\\Microsoft\\SystemCertificates", "_source_file": "data/baseline/win7-x86/Microsoft-Windows-Sysmon%4Operational.evtx"}, {"EventID": 12, "Computer": "evtx-PC", "UtcTime": "2022-04-04 11:18:55.892", "Provider": "Microsoft-Windows-Sysmon", "RuleName": "-", "EventType": "CreateKey", "ProcessGuid": "{e97d4e69-0000-0000-44d3-000000000000}", "ProcessId": "1244", "Image": "C:\\Windows\\system32\\svchost.exe", "TargetObject": "HKLM\\SOFTWARE", "_source_file": "data/baseline/win7-x86/Microsoft-Windows-Sysmon%4Operational.evtx"}, {"EventID": 12, "Computer": "evtx-PC", "UtcTime": "2022-04-04 11:18:55.892", "Provider": "Microsoft-Windows-Sysmon", "RuleName": "-", "EventType": "CreateKey", "ProcessGuid": "{e97d4e69-0000-0000-44d3-000000000000}", "ProcessId": "1244", "Image": "C:\\Windows\\system32\\svchost.exe", "TargetObject": "HKLM\\SOFTWARE\\Policies", "_source_file": "data/baseline/win7-x86/Microsoft-Windows-Sysmon%4Operational.evtx"}, {"EventID": 12, "Computer": "evtx-PC", "UtcTime": "2022-04-04 11:18:55.892", "Provider": "Microsoft-Windows-Sysmon", "RuleName": "-", "EventType": "CreateKey", "ProcessGuid": "{e97d4e69-0000-0000-44d3-000000000000}", "ProcessId": "1244", "Image": "C:\\Windows\\system32\\svchost.exe", "TargetObject": "HKLM\\SOFTWARE\\Policies\\Microsoft", "_source_file": "data/baseline/win7-x86/Microsoft-Windows-Sysmon%4Operational.evtx"}, {"EventID": 12, "Computer": "evtx-PC", "UtcTime": "2022-04-04 11:18:55.892", "Provider": "Microsoft-Windows-Sysmon", "RuleName": "-", "EventType": "CreateKey", "ProcessGuid": "{e97d4e69-0000-0000-44d3-000000000000}", "ProcessId": "1244", "Image": "C:\\Windows\\system32\\svchost.exe", "TargetObject": "HKLM\\SOFTWARE\\Policies\\Microsoft\\SystemCertificates", "_source_file": "data/baseline/win7-x86/Microsoft-Windows-Sysmon%4Operational.evtx"}, {"EventID": 12, "Computer": "evtx-PC", "UtcTime": "2022-04-04 11:18:55.892", "Provider": "Microsoft-Windows-Sysmon", "RuleName": "-", "EventType": "CreateKey", "ProcessGuid": "{e97d4e69-0000-0000-44d3-000000000000}", "ProcessId": "1244", "Image": "C:\\Windows\\system32\\svchost.exe", "TargetObject": "HKLM\\SOFTWARE", "_source_file": "data/baseline/win7-x86/Microsoft-Windows-Sysmon%4Operational.evtx"}, {"EventID": 12, "Computer": "evtx-PC", "UtcTime": "2022-04-04 11:18:55.892", "Provider": "Microsoft-Windows-Sysmon", "RuleName": "-", "EventType": "CreateKey", "ProcessGuid": "{e97d4e69-0000-0000-44d3-000000000000}", "ProcessId": "1244", "Image": "C:\\Windows\\system32\\svchost.exe", "TargetObject": "HKLM\\SOFTWARE\\Microsoft", "_source_file": "data/baseline/win7-x86/Microsoft-Windows-Sysmon%4Operational.evtx"}, {"EventID": 12, "Computer": "evtx-PC", "UtcTime": "2022-04-04 11:18:55.892", "Provider": "Microsoft-Windows-Sysmon", "RuleName": "-", "EventType": "CreateKey", "ProcessGuid": "{e97d4e69-0000-0000-44d3-000000000000}", "ProcessId": "1244", "Image": "C:\\Windows\\system32\\svchost.exe", "TargetObject": "HKLM\\SOFTWARE\\Microsoft\\EnterpriseCertificates", "_source_file": "data/baseline/win7-x86/Microsoft-Windows-Sysmon%4Operational.evtx"}, {"EventID": 12, "Computer": "evtx-PC", "UtcTime": "2022-04-04 11:18:55.892", "Provider": "Microsoft-Windows-Sysmon", "RuleName": "-", "EventType": "CreateKey", "ProcessGuid": "{e97d4e69-0000-0000-44d3-000000000000}", "ProcessId": "1244", "Image": "C:\\Windows\\system32\\svchost.exe", "TargetObject": "HKLM\\SOFTWARE", "_source_file": "data/baseline/win7-x86/Microsoft-Windows-Sysmon%4Operational.evtx"}, {"EventID": 12, "Computer": "evtx-PC", "UtcTime": "2022-04-04 11:18:55.892", "Provider": "Microsoft-Windows-Sysmon", "RuleName": "-", "EventType": "CreateKey", "ProcessGuid": "{e97d4e69-0000-0000-44d3-000000000000}", "ProcessId": "1244", "Image": "C:\\Windows\\system32\\svchost.exe", "TargetObject": "HKLM\\SOFTWARE\\Microsoft", "_source_file": "data/baseline/win7-x86/Microsoft-Windows-Sysmon%4Operational.evtx"}, {"EventID": 12, "Computer": "evtx-PC", "UtcTime": "2022-04-04 11:18:55.892", "Provider": "Microsoft-Windows-Sysmon", "RuleName": "-", "EventType": "CreateKey", "ProcessGuid": "{e97d4e69-0000-0000-44d3-000000000000}", "ProcessId": "1244", "Image": "C:\\Windows\\system32\\svchost.exe", "TargetObject": "HKLM\\SOFTWARE\\Microsoft\\EnterpriseCertificates", "_source_file": "data/baseline/win7-x86/Microsoft-Windows-Sysmon%4Operational.evtx"}, {"EventID": 12, "Computer": "evtx-PC", "UtcTime": "2022-04-04 11:18:55.892", "Provider": "Microsoft-Windows-Sysmon", "RuleName": "-", "EventType": "CreateKey", "ProcessGuid": "{e97d4e69-0000-0000-44d3-000000000000}", "ProcessId": "1244", "Image": "C:\\Windows\\system32\\svchost.exe", "TargetObject": "HKLM\\SOFTWARE", "_source_file": "data/baseline/win7-x86/Microsoft-Windows-Sysmon%4Operational.evtx"}, {"EventID": 12, "Computer": "evtx-PC", "UtcTime": "2022-04-04 11:18:55.892", "Provider": "Microsoft-Windows-Sysmon", "RuleName": "-", "EventType": "CreateKey", "ProcessGuid": "{e97d4e69-0000-0000-44d3-000000000000}", "ProcessId": "1244", "Image": "C:\\Windows\\system32\\svchost.exe", "TargetObject": "HKLM\\SOFTWARE\\Microsoft", "_source_file": "data/baseline/win7-x86/Microsoft-Windows-Sysmon%4Operational.evtx"}, {"EventID": 12, "Computer": "evtx-PC", "UtcTime": "2022-04-04 11:18:55.892", "Provider": "Microsoft-Windows-Sysmon", "RuleName": "-", "EventType": "CreateKey", "ProcessGuid": "{e97d4e69-0000-0000-44d3-000000000000}", "ProcessId": "1244", "Image": "C:\\Windows\\system32\\svchost.exe", "TargetObject": "HKLM\\SOFTWARE\\Microsoft\\SystemCertificates", "_source_file": "data/baseline/win7-x86/Microsoft-Windows-Sysmon%4Operational.evtx"}, {"EventID": 12, "Computer": "evtx-PC", "UtcTime": "2022-04-04 11:18:55.892", "Provider": "Microsoft-Windows-Sysmon", "RuleName": "-", "EventType": "CreateKey", "ProcessGuid": "{e97d4e69-0000-0000-44d3-000000000000}", "ProcessId": "1244", "Image": "C:\\Windows\\system32\\svchost.exe", "TargetObject": "HKLM\\SOFTWARE", "_source_file": "data/baseline/win7-x86/Microsoft-Windows-Sysmon%4Operational.evtx"}, {"EventID": 12, "Computer": "evtx-PC", "UtcTime": "2022-04-04 11:18:55.892", "Provider": "Microsoft-Windows-Sysmon", "RuleName": "-", "EventType": "CreateKey", "ProcessGuid": "{e97d4e69-0000-0000-44d3-000000000000}", "ProcessId": "1244", "Image": "C:\\Windows\\system32\\svchost.exe", "TargetObject": "HKLM\\SOFTWARE\\Microsoft", "_source_file": "data/baseline/win7-x86/Microsoft-Windows-Sysmon%4Operational.evtx"}, {"EventID": 12, "Computer": "evtx-PC", "UtcTime": "2022-04-04 11:18:55.892", "Provider": "Microsoft-Windows-Sysmon", "RuleName": "-", "EventType": "CreateKey", "ProcessGuid": "{e97d4e69-0000-0000-44d3-000000000000}", "ProcessId": "1244", "Image": "C:\\Windows\\system32\\svchost.exe", "TargetObject": "HKLM\\SOFTWARE\\Microsoft\\SystemCertificates", "_source_file": "data/baseline/win7-x86/Microsoft-Windows-Sysmon%4Operational.evtx"}, {"EventID": 12, "Computer": "evtx-PC", "UtcTime": "2022-04-04 11:18:55.892", "Provider": "Microsoft-Windows-Sysmon", "RuleName": "-", "EventType": "CreateKey", "ProcessGuid": "{e97d4e69-0000-0000-44d3-000000000000}", "ProcessId": "1244", "Image": "C:\\Windows\\system32\\svchost.exe", "TargetObject": "HKLM\\SOFTWARE", "_source_file": "data/baseline/win7-x86/Microsoft-Windows-Sysmon%4Operational.evtx"}, {"EventID": 12, "Computer": "evtx-PC", "UtcTime": "2022-04-04 11:18:55.892", "Provider": "Microsoft-Windows-Sysmon", "RuleName": "-", "EventType": "CreateKey", "ProcessGuid": "{e97d4e69-0000-0000-44d3-000000000000}", "ProcessId": "1244", "Image": "C:\\Windows\\system32\\svchost.exe", "TargetObject": "HKLM\\SOFTWARE\\Policies", "_source_file": "data/baseline/win7-x86/Microsoft-Windows-Sysmon%4Operational.evtx"}, {"EventID": 12, "Computer": "evtx-PC", "UtcTime": "2022-04-04 11:18:55.892", "Provider": "Microsoft-Windows-Sysmon", "RuleName": "-", "EventType": "CreateKey", "ProcessGuid": "{e97d4e69-0000-0000-44d3-000000000000}", "ProcessId": "1244", "Image": "C:\\Windows\\system32\\svchost.exe", "TargetObject": "HKLM\\SOFTWARE\\Policies\\Microsoft", "_source_file": "data/baseline/win7-x86/Microsoft-Windows-Sysmon%4Operational.evtx"}, {"EventID": 12, "Computer": "evtx-PC", "UtcTime": "2022-04-04 11:18:55.892", "Provider": "Microsoft-Windows-Sysmon", "RuleName": "-", "EventType": "CreateKey", "ProcessGuid": "{e97d4e69-0000-0000-44d3-000000000000}", "ProcessId": "1244", "Image": "C:\\Windows\\system32\\svchost.exe", "TargetObject": "HKLM\\SOFTWARE\\Policies\\Microsoft\\SystemCertificates", "_source_file": "data/baseline/win7-x86/Microsoft-Windows-Sysmon%4Operational.evtx"}, {"EventID": 12, "Computer": "evtx-PC", "UtcTime": "2022-04-04 11:18:55.892", "Provider": "Microsoft-Windows-Sysmon", "RuleName": "-", "EventType": "CreateKey", "ProcessGuid": "{e97d4e69-0000-0000-44d3-000000000000}", "ProcessId": "1244", "Image": "C:\\Windows\\system32\\svchost.exe", "TargetObject": "HKLM\\SOFTWARE", "_source_file": "data/baseline/win7-x86/Microsoft-Windows-Sysmon%4Operational.evtx"}, {"EventID": 12, "Computer": "evtx-PC", "UtcTime": "2022-04-04 11:18:55.892", "Provider": "Microsoft-Windows-Sysmon", "RuleName": "-", "EventType": "CreateKey", "ProcessGuid": "{e97d4e69-0000-0000-44d3-000000000000}", "ProcessId": "1244", "Image": "C:\\Windows\\system32\\svchost.exe", "TargetObject": "HKLM\\SOFTWARE\\Microsoft", "_source_file": "data/baseline/win7-x86/Microsoft-Windows-Sysmon%4Operational.evtx"}, {"EventID": 12, "Computer": "evtx-PC", "UtcTime": "2022-04-04 11:18:55.892", "Provider": "Microsoft-Windows-Sysmon", "RuleName": "-", "EventType": "CreateKey", "ProcessGuid": "{e97d4e69-0000-0000-44d3-000000000000}", "ProcessId": "1244", "Image": "C:\\Windows\\system32\\svchost.exe", "TargetObject": "HKLM\\SOFTWARE\\Microsoft\\EnterpriseCertificates", "_source_file": "data/baseline/win7-x86/Microsoft-Windows-Sysmon%4Operational.evtx"}, {"EventID": 12, "Computer": "evtx-PC", "UtcTime": "2022-04-04 11:18:55.892", "Provider": "Microsoft-Windows-Sysmon", "RuleName": "-", "EventType": "CreateKey", "ProcessGuid": "{e97d4e69-0000-0000-44d3-000000000000}", "ProcessId": "1244", "Image": "C:\\Windows\\system32\\svchost.exe", "TargetObject": "HKLM\\SOFTWARE", "_source_file": "data/baseline/win7-x86/Microsoft-Windows-Sysmon%4Operational.evtx"}, {"EventID": 12, "Computer": "evtx-PC", "UtcTime": "2022-04-04 11:18:55.892", "Provider": "Microsoft-Windows-Sysmon", "RuleName": "-", "EventType": "CreateKey", "ProcessGuid": "{e97d4e69-0000-0000-44d3-000000000000}", "ProcessId": "1244", "Image": "C:\\Windows\\system32\\svchost.exe", "TargetObject": "HKLM\\SOFTWARE\\Microsoft", "_source_file": "data/baseline/win7-x86/Microsoft-Windows-Sysmon%4Operational.evtx"}, {"EventID": 12, "Computer": "evtx-PC", "UtcTime": "2022-04-04 11:18:55.892", "Provider": "Microsoft-Windows-Sysmon", "RuleName": "-", "EventType": "CreateKey", "ProcessGuid": "{e97d4e69-0000-0000-44d3-000000000000}", "ProcessId": "1244", "Image": "C:\\Windows\\system32\\svchost.exe", "TargetObject": "HKLM\\SOFTWARE\\Microsoft\\EnterpriseCertificates", "_source_file": "data/baseline/win7-x86/Microsoft-Windows-Sysmon%4Operational.evtx"}, {"EventID": 12, "Computer": "evtx-PC", "UtcTime": "2022-04-04 11:18:55.908", "Provider": "Microsoft-Windows-Sysmon", "RuleName": "-", "EventType": "CreateKey", "ProcessGuid": "{e97d4e69-0000-0000-e1c9-000000000000}", "ProcessId": "1136", "Image": "C:\\Windows\\system32\\svchost.exe", "TargetObject": "HKLM\\System\\CurrentControlSet\\services\\Tcpip\\Parameters", "_source_file": "data/baseline/win7-x86/Microsoft-Windows-Sysmon%4Operational.evtx"}, {"EventID": 11, "Computer": "evtx-PC", "UtcTime": "2022-04-04 11:18:56.174", "Provider": "Microsoft-Windows-Sysmon", "RuleName": "-", "ProcessGuid": "{e97d4e69-0000-0000-03f4-000000000000}", "ProcessId": "1456", "Image": "C:\\Windows\\system32\\svchost.exe", "TargetFilename": "C:\\Windows\\System32\\wfp\\wfpdiag.etl", "CreationUtcTime": "2009-07-14 04:54:47.294", "_source_file": "data/baseline/win7-x86/Microsoft-Windows-Sysmon%4Operational.evtx"}, {"EventID": 12, "Computer": "evtx-PC", "UtcTime": "2022-04-04 11:18:56.252", "Provider": "Microsoft-Windows-Sysmon", "RuleName": "-", "EventType": "CreateKey", "ProcessGuid": "{e97d4e69-0000-0000-d5b6-000000000000}", "ProcessId": "988", "Image": "C:\\Windows\\system32\\svchost.exe", "TargetObject": "HKLM\\SOFTWARE\\Microsoft\\WBEM\\CIMOM", "_source_file": "data/baseline/win7-x86/Microsoft-Windows-Sysmon%4Operational.evtx"}, {"EventID": 12, "Computer": "evtx-PC", "UtcTime": "2022-04-04 11:18:58.174", "Provider": "Microsoft-Windows-Sysmon", "RuleName": "-", "EventType": "CreateKey", "ProcessGuid": "{e97d4e69-0000-0000-e1c9-000000000000}", "ProcessId": "1136", "Image": "C:\\Windows\\system32\\svchost.exe", "TargetObject": "HKLM\\System\\CurrentControlSet\\services\\Tcpip\\Parameters", "_source_file": "data/baseline/win7-x86/Microsoft-Windows-Sysmon%4Operational.evtx"}, {"EventID": 11, "Computer": "evtx-PC", "UtcTime": "2022-04-04 11:19:00.455", "Provider": "Microsoft-Windows-Sysmon", "RuleName": "-", "ProcessGuid": "{e97d4e69-0000-0000-9170-030000000000}", "ProcessId": "3668", "Image": "C:\\Windows\\Sysmon.exe", "TargetFilename": "C:\\Windows\\System32\\config\\systemprofile\\AppData\\LocalLow\\Microsoft\\CryptnetUrlCache\\MetaData\\F0ACCF77CDCBFF39F6191887F6D2D357", "CreationUtcTime": "2022-04-04 11:19:00.455", "_source_file": "data/baseline/win7-x86/Microsoft-Windows-Sysmon%4Operational.evtx"}, {"EventID": 11, "Computer": "evtx-PC", "UtcTime": "2022-04-04 11:19:00.455", "Provider": "Microsoft-Windows-Sysmon", "RuleName": "-", "ProcessGuid": "{e97d4e69-0000-0000-9170-030000000000}", "ProcessId": "3668", "Image": "C:\\Windows\\Sysmon.exe", "TargetFilename": "C:\\Windows\\System32\\config\\systemprofile\\AppData\\LocalLow\\Microsoft\\CryptnetUrlCache\\Content\\F0ACCF77CDCBFF39F6191887F6D2D357", "CreationUtcTime": "2022-04-04 11:19:00.455", "_source_file": "data/baseline/win7-x86/Microsoft-Windows-Sysmon%4Operational.evtx"}, {"EventID": 11, "Computer": "evtx-PC", "UtcTime": "2022-04-04 11:19:00.471", "Provider": "Microsoft-Windows-Sysmon", "RuleName": "-", "ProcessGuid": "{e97d4e69-0000-0000-9170-030000000000}", "ProcessId": "3668", "Image": "C:\\Windows\\Sysmon.exe", "TargetFilename": "C:\\Windows\\Temp\\CabB67.tmp", "CreationUtcTime": "2022-04-04 11:19:00.471", "_source_file": "data/baseline/win7-x86/Microsoft-Windows-Sysmon%4Operational.evtx"}, {"EventID": 11, "Computer": "evtx-PC", "UtcTime": "2022-04-04 11:19:00.471", "Provider": "Microsoft-Windows-Sysmon", "RuleName": "-", "ProcessGuid": "{e97d4e69-0000-0000-9170-030000000000}", "ProcessId": "3668", "Image": "C:\\Windows\\Sysmon.exe", "TargetFilename": "C:\\Windows\\Temp\\TarB68.tmp", "CreationUtcTime": "2022-04-04 11:19:00.471", "_source_file": "data/baseline/win7-x86/Microsoft-Windows-Sysmon%4Operational.evtx"}, {"EventID": 11, "Computer": "evtx-PC", "UtcTime": "2022-04-04 11:19:00.471", "Provider": "Microsoft-Windows-Sysmon", "RuleName": "-", "ProcessGuid": "{e97d4e69-0000-0000-9170-030000000000}", "ProcessId": "3668", "Image": "C:\\Windows\\Sysmon.exe", "TargetFilename": "C:\\Windows\\Temp\\CabB67.tmp", "CreationUtcTime": "2022-04-04 11:19:00.471", "_source_file": "data/baseline/win7-x86/Microsoft-Windows-Sysmon%4Operational.evtx"}, {"EventID": 11, "Computer": "evtx-PC", "UtcTime": "2022-04-04 11:19:00.471", "Provider": "Microsoft-Windows-Sysmon", "RuleName": "-", "ProcessGuid": "{e97d4e69-0000-0000-9170-030000000000}", "ProcessId": "3668", "Image": "C:\\Windows\\Sysmon.exe", "TargetFilename": "C:\\Windows\\Temp\\TarB68.tmp", "CreationUtcTime": "2022-04-04 11:19:00.471", "_source_file": "data/baseline/win7-x86/Microsoft-Windows-Sysmon%4Operational.evtx"}, {"EventID": 12, "Computer": "evtx-PC", "UtcTime": "2022-04-04 11:19:00.486", "Provider": "Microsoft-Windows-Sysmon", "RuleName": "-", "EventType": "CreateKey", "ProcessGuid": "{e97d4e69-0000-0000-e1c9-000000000000}", "ProcessId": "1136", "Image": "C:\\Windows\\system32\\svchost.exe", "TargetObject": "HKLM\\System\\CurrentControlSet\\services\\Tcpip\\Parameters", "_source_file": "data/baseline/win7-x86/Microsoft-Windows-Sysmon%4Operational.evtx"}, {"EventID": 1, "Computer": "evtx-PC", "UtcTime": "2022-04-04 11:19:02.142", "Provider": "Microsoft-Windows-Sysmon", "RuleName": "-", "ProcessGuid": "{e97d4e69-0000-0000-47f9-030000000000}", "ProcessId": "4020", "Image": "C:\\Program Files\\Google\\Chrome\\Application\\chrome.exe", "FileVersion": "100.0.4896.60", "Description": "Google Chrome", "Product": "Google Chrome", "Company": "Google LLC", "OriginalFileName": "chrome.exe", "CommandLine": "\"C:\\Program Files\\Google\\Chrome\\Application\\chrome.exe\" ", "CurrentDirectory": "C:\\Program Files\\Google\\Chrome\\Application\\", "User": "evtx-PC\\evtx", "LogonGuid": "{e97d4e69-0000-0000-406b-010000000000}", "LogonId": "0x0000000000016b40", "TerminalSessionId": "1", "IntegrityLevel": "Medium", "Hashes": "SHA1=FF6DE90E8F891D30729CC7E00C98C0EB4F7EFF1E,MD5=AB240D01AD5A9D9D3C3080D98B89BE5E,SHA256=8B6116385E53F6BA6930A394930855476C1BB8C1D0EE2CE6F198ECBA744FEDE3,IMPHASH=64E8050754AD3A068CBB0D1A6DA6A0F8", "ParentProcessGuid": "{e97d4e69-0000-0000-f682-010000000000}", "ParentProcessId": "1272", "ParentImage": "C:\\Windows\\explorer.exe", "ParentCommandLine": "C:\\Windows\\Explorer.EXE", "_source_file": "data/baseline/win7-x86/Microsoft-Windows-Sysmon%4Operational.evtx"}, {"EventID": 10, "Computer": "evtx-PC", "UtcTime": "2022-04-04 11:19:02.174", "Provider": "Microsoft-Windows-Sysmon", "RuleName": "-", "SourceProcessGUID": "{e97d4e69-0000-0000-f682-010000000000}", "SourceProcessId": "1272", "SourceThreadId": "4016", "SourceImage": "C:\\Windows\\Explorer.EXE", "TargetProcessGUID": "{e97d4e69-0000-0000-47f9-030000000000}", "TargetProcessId": "4020", "TargetImage": "C:\\Program Files\\Google\\Chrome\\Application\\chrome.exe", "GrantedAccess": "0x001fffff", "CallTrace": "C:\\Windows\\SYSTEM32\\ntdll.dll+44bcc|C:\\Windows\\system32\\kernel32.dll+54a0b|C:\\Windows\\system32\\kernel32.dll+2059|C:\\Windows\\system32\\SHELL32.dll+15186|C:\\Windows\\system32\\SHELL32.dll+22c34|C:\\Windows\\system32\\SHELL32.dll+14f65|C:\\Windows\\system32\\SHELL32.dll+2f6ad|C:\\Windows\\system32\\SHELL32.dll+14e34|C:\\Windows\\system32\\SHELL32.dll+2f72f|C:\\Windows\\system32\\SHELL32.dll+33c6f|C:\\Windows\\system32\\SHELL32.dll+33ba0|C:\\Windows\\system32\\SHELL32.dll+33df3|C:\\Windows\\system32\\SHELL32.dll+33d56|C:\\Windows\\system32\\SHELL32.dll+30495|C:\\Windows\\system32\\SHELL32.dll+3036d|C:\\Windows\\system32\\SHELL32.dll+6fd3", "_source_file": "data/baseline/win7-x86/Microsoft-Windows-Sysmon%4Operational.evtx"}, {"EventID": 9, "Computer": "evtx-PC", "UtcTime": "2022-04-04 11:19:02.174", "Provider": "Microsoft-Windows-Sysmon", "RuleName": "-", "ProcessGuid": "{e97d4e69-0000-0000-47f9-030000000000}", "ProcessId": "4020", "Image": "C:\\Program Files\\Google\\Chrome\\Application\\chrome.exe", "Device": "\\Device\\HarddiskVolume2", "_source_file": "data/baseline/win7-x86/Microsoft-Windows-Sysmon%4Operational.evtx"}, {"EventID": 13, "Computer": "evtx-PC", "UtcTime": "2022-04-04 11:19:02.174", "Provider": "Microsoft-Windows-Sysmon", "RuleName": "-", "EventType": "SetValue", "ProcessGuid": "{e97d4e69-0000-0000-f682-010000000000}", "ProcessId": "1272", "Image": "C:\\Windows\\Explorer.EXE", "TargetObject": "HKU\\S-1-5-21-712794737-353456615-3249761964-1001\\Software\\Microsoft\\Windows\\CurrentVersion\\Explorer\\UserAssist\\{CEBFF5CD-ACE2-4F4F-9178-9926F41749EA}\\Count\\Puebzr", "Details": "Binary Data", "_source_file": "data/baseline/win7-x86/Microsoft-Windows-Sysmon%4Operational.evtx"}, {"EventID": 13, "Computer": "evtx-PC", "UtcTime": "2022-04-04 11:19:02.174", "Provider": "Microsoft-Windows-Sysmon", "RuleName": "-", "EventType": "SetValue", "ProcessGuid": "{e97d4e69-0000-0000-f682-010000000000}", "ProcessId": "1272", "Image": "C:\\Windows\\Explorer.EXE", "TargetObject": "HKU\\S-1-5-21-712794737-353456615-3249761964-1001\\Software\\Microsoft\\Windows\\CurrentVersion\\Explorer\\UserAssist\\{CEBFF5CD-ACE2-4F4F-9178-9926F41749EA}\\Count\\HRZR_PGYFRFFVBA", "Details": "Binary Data", "_source_file": "data/baseline/win7-x86/Microsoft-Windows-Sysmon%4Operational.evtx"}, {"EventID": 13, "Computer": "evtx-PC", "UtcTime": "2022-04-04 11:19:02.174", "Provider": "Microsoft-Windows-Sysmon", "RuleName": "-", "EventType": "SetValue", "ProcessGuid": "{e97d4e69-0000-0000-f682-010000000000}", "ProcessId": "1272", "Image": "C:\\Windows\\Explorer.EXE", "TargetObject": "HKU\\S-1-5-21-712794737-353456615-3249761964-1001\\Software\\Microsoft\\Windows\\CurrentVersion\\Explorer\\UserAssist\\{F4E57C4B-2036-45F0-A9AB-443BCFE33D9F}\\Count\\{9R3995NO-1S9P-4S13-O827-48O24O6P7174}\\GnfxOne\\Tbbtyr Puebzr.yax", "Details": "Binary Data", "_source_file": "data/baseline/win7-x86/Microsoft-Windows-Sysmon%4Operational.evtx"}, {"EventID": 13, "Computer": "evtx-PC", "UtcTime": "2022-04-04 11:19:02.174", "Provider": "Microsoft-Windows-Sysmon", "RuleName": "-", "EventType": "SetValue", "ProcessGuid": "{e97d4e69-0000-0000-f682-010000000000}", "ProcessId": "1272", "Image": "C:\\Windows\\Explorer.EXE", "TargetObject": "HKU\\S-1-5-21-712794737-353456615-3249761964-1001\\Software\\Microsoft\\Windows\\CurrentVersion\\Explorer\\UserAssist\\{F4E57C4B-2036-45F0-A9AB-443BCFE33D9F}\\Count\\HRZR_PGYFRFFVBA", "Details": "Binary Data", "_source_file": "data/baseline/win7-x86/Microsoft-Windows-Sysmon%4Operational.evtx"}, {"EventID": 13, "Computer": "evtx-PC", "UtcTime": "2022-04-04 11:19:02.174", "Provider": "Microsoft-Windows-Sysmon", "RuleName": "-", "EventType": "SetValue", "ProcessGuid": "{e97d4e69-0000-0000-f682-010000000000}", "ProcessId": "1272", "Image": "C:\\Windows\\Explorer.EXE", "TargetObject": "HKU\\S-1-5-21-712794737-353456615-3249761964-1001\\Software\\Microsoft\\Windows\\CurrentVersion\\Explorer\\UserAssist\\{F4E57C4B-2036-45F0-A9AB-443BCFE33D9F}\\Count\\{9R3995NO-1S9P-4S13-O827-48O24O6P7174}\\GnfxOne\\Tbbtyr Puebzr.yax", "Details": "Binary Data", "_source_file": "data/baseline/win7-x86/Microsoft-Windows-Sysmon%4Operational.evtx"}, {"EventID": 13, "Computer": "evtx-PC", "UtcTime": "2022-04-04 11:19:02.174", "Provider": "Microsoft-Windows-Sysmon", "RuleName": "-", "EventType": "SetValue", "ProcessGuid": "{e97d4e69-0000-0000-f682-010000000000}", "ProcessId": "1272", "Image": "C:\\Windows\\Explorer.EXE", "TargetObject": "HKU\\S-1-5-21-712794737-353456615-3249761964-1001\\Software\\Microsoft\\Windows\\CurrentVersion\\Explorer\\UserAssist\\{F4E57C4B-2036-45F0-A9AB-443BCFE33D9F}\\Count\\HRZR_PGYFRFFVBA", "Details": "Binary Data", "_source_file": "data/baseline/win7-x86/Microsoft-Windows-Sysmon%4Operational.evtx"}, {"EventID": 12, "Computer": "evtx-PC", "UtcTime": "2022-04-04 11:19:02.189", "Provider": "Microsoft-Windows-Sysmon", "RuleName": "-", "EventType": "CreateKey", "ProcessGuid": "{e97d4e69-0000-0000-47f9-030000000000}", "ProcessId": "4020", "Image": "C:\\Program Files\\Google\\Chrome\\Application\\chrome.exe", "TargetObject": "HKU\\S-1-5-21-712794737-353456615-3249761964-1001", "_source_file": "data/baseline/win7-x86/Microsoft-Windows-Sysmon%4Operational.evtx"}, {"EventID": 12, "Computer": "evtx-PC", "UtcTime": "2022-04-04 11:19:02.189", "Provider": "Microsoft-Windows-Sysmon", "RuleName": "-", "EventType": "CreateKey", "ProcessGuid": "{e97d4e69-0000-0000-47f9-030000000000}", "ProcessId": "4020", "Image": "C:\\Program Files\\Google\\Chrome\\Application\\chrome.exe", "TargetObject": "HKU\\S-1-5-21-712794737-353456615-3249761964-1001\\Software", "_source_file": "data/baseline/win7-x86/Microsoft-Windows-Sysmon%4Operational.evtx"}, {"EventID": 12, "Computer": "evtx-PC", "UtcTime": "2022-04-04 11:19:02.189", "Provider": "Microsoft-Windows-Sysmon", "RuleName": "-", "EventType": "CreateKey", "ProcessGuid": "{e97d4e69-0000-0000-47f9-030000000000}", "ProcessId": "4020", "Image": "C:\\Program Files\\Google\\Chrome\\Application\\chrome.exe", "TargetObject": "HKU\\S-1-5-21-712794737-353456615-3249761964-1001\\Software\\Google", "_source_file": "data/baseline/win7-x86/Microsoft-Windows-Sysmon%4Operational.evtx"}, {"EventID": 12, "Computer": "evtx-PC", "UtcTime": "2022-04-04 11:19:02.189", "Provider": "Microsoft-Windows-Sysmon", "RuleName": "-", "EventType": "CreateKey", "ProcessGuid": "{e97d4e69-0000-0000-47f9-030000000000}", "ProcessId": "4020", "Image": "C:\\Program Files\\Google\\Chrome\\Application\\chrome.exe", "TargetObject": "HKU\\S-1-5-21-712794737-353456615-3249761964-1001\\Software\\Google\\Chrome", "_source_file": "data/baseline/win7-x86/Microsoft-Windows-Sysmon%4Operational.evtx"}, {"EventID": 12, "Computer": "evtx-PC", "UtcTime": "2022-04-04 11:19:02.189", "Provider": "Microsoft-Windows-Sysmon", "RuleName": "-", "EventType": "CreateKey", "ProcessGuid": "{e97d4e69-0000-0000-47f9-030000000000}", "ProcessId": "4020", "Image": "C:\\Program Files\\Google\\Chrome\\Application\\chrome.exe", "TargetObject": "HKU\\S-1-5-21-712794737-353456615-3249761964-1001\\Software\\Google\\Chrome\\BLBeacon", "_source_file": "data/baseline/win7-x86/Microsoft-Windows-Sysmon%4Operational.evtx"}, {"EventID": 13, "Computer": "evtx-PC", "UtcTime": "2022-04-04 11:19:02.189", "Provider": "Microsoft-Windows-Sysmon", "RuleName": "-", "EventType": "SetValue", "ProcessGuid": "{e97d4e69-0000-0000-47f9-030000000000}", "ProcessId": "4020", "Image": "C:\\Program Files\\Google\\Chrome\\Application\\chrome.exe", "TargetObject": "HKU\\S-1-5-21-712794737-353456615-3249761964-1001\\Software\\Google\\Chrome\\BLBeacon\\failed_count", "Details": "DWORD (0x00000000)", "_source_file": "data/baseline/win7-x86/Microsoft-Windows-Sysmon%4Operational.evtx"}, {"EventID": 13, "Computer": "evtx-PC", "UtcTime": "2022-04-04 11:19:02.189", "Provider": "Microsoft-Windows-Sysmon", "RuleName": "-", "EventType": "SetValue", "ProcessGuid": "{e97d4e69-0000-0000-47f9-030000000000}", "ProcessId": "4020", "Image": "C:\\Program Files\\Google\\Chrome\\Application\\chrome.exe", "TargetObject": "HKU\\S-1-5-21-712794737-353456615-3249761964-1001\\Software\\Google\\Chrome\\BLBeacon\\state", "Details": "DWORD (0x00000002)", "_source_file": "data/baseline/win7-x86/Microsoft-Windows-Sysmon%4Operational.evtx"}, {"EventID": 12, "Computer": "evtx-PC", "UtcTime": "2022-04-04 11:19:02.189", "Provider": "Microsoft-Windows-Sysmon", "RuleName": "-", "EventType": "CreateKey", "ProcessGuid": "{e97d4e69-0000-0000-47f9-030000000000}", "ProcessId": "4020", "Image": "C:\\Program Files\\Google\\Chrome\\Application\\chrome.exe", "TargetObject": "HKU\\S-1-5-21-712794737-353456615-3249761964-1001", "_source_file": "data/baseline/win7-x86/Microsoft-Windows-Sysmon%4Operational.evtx"}, {"EventID": 12, "Computer": "evtx-PC", "UtcTime": "2022-04-04 11:19:02.189", "Provider": "Microsoft-Windows-Sysmon", "RuleName": "-", "EventType": "CreateKey", "ProcessGuid": "{e97d4e69-0000-0000-47f9-030000000000}", "ProcessId": "4020", "Image": "C:\\Program Files\\Google\\Chrome\\Application\\chrome.exe", "TargetObject": "HKU\\S-1-5-21-712794737-353456615-3249761964-1001\\Software", "_source_file": "data/baseline/win7-x86/Microsoft-Windows-Sysmon%4Operational.evtx"}, 