{"EventID": 7, "Computer": "evtx-PC", "UtcTime": "2022-04-04 11:19:52.853", "Provider": "Microsoft-Windows-Sysmon", "RuleName": "-", "ProcessGuid": "{e97d4e69-0000-0000-1bad-000000000000}", "ProcessId": "892", "Image": "C:\\Windows\\System32\\svchost.exe", "ImageLoaded": "C:\\Windows\\System32\\dwmredir.dll", "FileVersion": "6.1.7600.16385 (win7_rtm.090713-1255)", "Description": "Microsoft Desktop Window Manager Redirection Component", "Product": "Microsoft\u00ae Windows\u00ae Operating System", "Company": "Microsoft Corporation", "OriginalFileName": "dwmredir.dll", "Hashes": "SHA1=17582A7215447A096FD647E8B09F2167B1563416,MD5=B73793F6A0EE0F61D6FA578B2EBF197A,SHA256=D20EAD2C1D5559671E1F4B1D8421D74C095CCD15915F37B26BEA4D75CE8066ED,IMPHASH=401F5D4F0A1A6D7B7C2AF98DC7F09BED", "Signed": "true", "Signature": "Microsoft Windows", "SignatureStatus": "Valid", "_source_file": "data/baseline/win7-x86/Microsoft-Windows-Sysmon%4Operational.evtx"}, {"EventID": 7, "Computer": "evtx-PC", "UtcTime": "2022-04-04 11:19:52.853", "Provider": "Microsoft-Windows-Sysmon", "RuleName": "-", "ProcessGuid": "{e97d4e69-0000-0000-1bad-000000000000}", "ProcessId": "892", "Image": "C:\\Windows\\System32\\svchost.exe", "ImageLoaded": "C:\\Windows\\System32\\drt.dll", "FileVersion": "6.1.7600.16385 (win7_rtm.090713-1255)", "Description": "Distributed Routing Table", "Product": "Microsoft\u00ae Windows\u00ae Operating System", "Company": "Microsoft Corporation", "OriginalFileName": "drt.dll", "Hashes": "SHA1=E1B4DB39FDCBE071D99EDFB8CDAC00B751FF1B57,MD5=EE29FCC244C8033E2F748D863DCBF378,SHA256=406C5EB8FD274588ADC54C07B56DCAEEB21D3C8E38B84BB9B9CFF14629CA7196,IMPHASH=BAA7083630B5FF2788AB1FEFA884D2AD", "Signed": "true", "Signature": "Microsoft Windows", "SignatureStatus": "Valid", "_source_file": "data/baseline/win7-x86/Microsoft-Windows-Sysmon%4Operational.evtx"}, {"EventID": 7, "Computer": "evtx-PC", "UtcTime": "2022-04-04 11:19:52.899", "Provider": "Microsoft-Windows-Sysmon", "RuleName": "-", "ProcessGuid": "{e97d4e69-0000-0000-1bad-000000000000}", "ProcessId": "892", "Image": "C:\\Windows\\System32\\svchost.exe", "ImageLoaded": "C:\\Windows\\System32\\setupetw.dll", "FileVersion": "6.1.7600.16385 (win7_rtm.090713-1255)", "Description": "Setup ETW Event Resources", "Product": "Microsoft\u00ae Windows\u00ae Operating System", "Company": "Microsoft Corporation", "OriginalFileName": "setupetw.dll", "Hashes": "SHA1=387AA69795A0CC4E978F5783DD3814DFD00B84D4,MD5=5655D2E4822E1512B9152AD90B9E2151,SHA256=6894E31104A294B4AAFA364EA4F6CA7F2165157BE3E0B8FE5585E9792151D055,IMPHASH=00000000000000000000000000000000", "Signed": "true", "Signature": "Microsoft Windows", "SignatureStatus": "Valid", "_source_file": "data/baseline/win7-x86/Microsoft-Windows-Sysmon%4Operational.evtx"}, {"EventID": 7, "Computer": "evtx-PC", "UtcTime": "2022-04-04 11:19:52.884", "Provider": "Microsoft-Windows-Sysmon", "RuleName": "-", "ProcessGuid": "{e97d4e69-0000-0000-1bad-000000000000}", "ProcessId": "892", "Image": "C:\\Windows\\System32\\svchost.exe", "ImageLoaded": "C:\\Windows\\System32\\netshell.dll", "FileVersion": "6.1.7600.16385 (win7_rtm.090713-1255)", "Description": "Network Connections Shell", "Product": "Microsoft\u00ae Windows\u00ae Operating System", "Company": "Microsoft Corporation", "OriginalFileName": "netshell.dll", "Hashes": "SHA1=DC7CF184D582B09B54D1913C8FF9018D34C26B01,MD5=F7611E0F05B4EB272102CA9883CA98A7,SHA256=360657BFB2FAE5065967CB2685C12B7CDADE79DD568BB9F55A2B2D775E07E889,IMPHASH=765600E74695F478DE9334D4BD6155C1", "Signed": "true", "Signature": "Microsoft Windows", "SignatureStatus": "Valid", "_source_file": "data/baseline/win7-x86/Microsoft-Windows-Sysmon%4Operational.evtx"}, {"EventID": 7, "Computer": "evtx-PC", "UtcTime": "2022-04-04 11:19:52.899", "Provider": "Microsoft-Windows-Sysmon", "RuleName": "-", "ProcessGuid": "{e97d4e69-0000-0000-1bad-000000000000}", "ProcessId": "892", "Image": "C:\\Windows\\System32\\svchost.exe", "ImageLoaded": "C:\\Windows\\System32\\WLanConn.dll", "FileVersion": "6.1.7600.16385 (win7_rtm.090713-1255)", "Description": "Dot11 Connection Flows", "Product": "Microsoft\u00ae Windows\u00ae Operating System", "Company": "Microsoft Corporation", "OriginalFileName": "WlanConn.dll", "Hashes": "SHA1=B9C267F314D95D756C93EEB25BA73865416CE47C,MD5=47FC6F0D7C1DF9D38D85B1CD3452A19D,SHA256=45B930778ADD08E28EB2BFD896756B5CE761619017C05C711265D286C100FDCC,IMPHASH=218BA4D48A1E46CFFFC1A4454EBDA7AF", "Signed": "true", "Signature": "Microsoft Windows", "SignatureStatus": "Valid", "_source_file": "data/baseline/win7-x86/Microsoft-Windows-Sysmon%4Operational.evtx"}, {"EventID": 7, "Computer": "evtx-PC", "UtcTime": "2022-04-04 11:19:52.914", "Provider": "Microsoft-Windows-Sysmon", "RuleName": "-", "ProcessGuid": "{e97d4e69-0000-0000-1bad-000000000000}", "ProcessId": "892", "Image": "C:\\Windows\\System32\\svchost.exe", "ImageLoaded": "C:\\Windows\\System32\\PortableDeviceSyncProvider.dll", "FileVersion": "6.1.7600.16385 (win7_rtm.090713-1255)", "Description": "Microsoft Windows Portable Device Provider.", "Product": "Microsoft\u00ae Windows\u00ae Operating System", "Company": "Microsoft Corporation", "OriginalFileName": "-", "Hashes": "SHA1=33E00353DFB247D6D35FD88E6B2D48BDC103F707,MD5=57316920FB837942577E97C670E184DB,SHA256=AD00C4836E54C37CE2B3B456521DE8F4B7DAFB846E56072229EC4B14F90F623B,IMPHASH=21CA377A07C6E8AF8CDC210B16C45585", "Signed": "true", "Signature": "Microsoft Windows", "SignatureStatus": "Valid", "_source_file": "data/baseline/win7-x86/Microsoft-Windows-Sysmon%4Operational.evtx"}, {"EventID": 7, "Computer": "evtx-PC", "UtcTime": "2022-04-04 11:19:52.899", "Provider": "Microsoft-Windows-Sysmon", "RuleName": "-", "ProcessGuid": "{e97d4e69-0000-0000-1bad-000000000000}", "ProcessId": "892", "Image": "C:\\Windows\\System32\\svchost.exe", "ImageLoaded": "C:\\Windows\\System32\\comdlg32.dll", "FileVersion": "6.1.7600.16385 (win7_rtm.090713-1255)", "Description": "Common Dialogs DLL", "Product": "Microsoft\u00ae Windows\u00ae Operating System", "Company": "Microsoft Corporation", "OriginalFileName": "comdlg32.dll", "Hashes": "SHA1=E7822ABE3DCC46676F68F266F44888ED1CE395D3,MD5=A223CF703E28CBD7E9E7982141FA403C,SHA256=EF6D32CD7EACE2F67B2819000D1A7D7127DBCE36BAE76541B6B2D7C075502F93,IMPHASH=9CDB9712B209145906AA6F9C0E06ED0B", "Signed": "true", "Signature": "Microsoft Windows", "SignatureStatus": "Valid", "_source_file": "data/baseline/win7-x86/Microsoft-Windows-Sysmon%4Operational.evtx"}, {"EventID": 7, "Computer": "evtx-PC", "UtcTime": "2022-04-04 11:19:52.930", "Provider": "Microsoft-Windows-Sysmon", "RuleName": "-", "ProcessGuid": "{e97d4e69-0000-0000-1bad-000000000000}", "ProcessId": "892", "Image": "C:\\Windows\\System32\\svchost.exe", "ImageLoaded": "C:\\Windows\\System32\\csrsrv.dll", "FileVersion": "6.1.7600.16385 (win7_rtm.090713-1255)", "Description": "Client Server Runtime Process", "Product": "Microsoft\u00ae Windows\u00ae Operating System", "Company": "Microsoft Corporation", "OriginalFileName": "CSRSrv.DLL", "Hashes": "SHA1=19E3E2CC45F3CAC0E12058CADD5CCDCC7792C4E0,MD5=10DE24CCCD418C31107813682EB73542,SHA256=73A7EEEA73487A1F6386816705C179FDC5CE59E217AB9C367139664EE06D9ED1,IMPHASH=688BD0D543709A5038047496687E887C", "Signed": "true", "Signature": "Microsoft Windows", "SignatureStatus": "Valid", "_source_file": "data/baseline/win7-x86/Microsoft-Windows-Sysmon%4Operational.evtx"}, {"EventID": 7, "Computer": "evtx-PC", "UtcTime": "2022-04-04 11:19:52.930", "Provider": "Microsoft-Windows-Sysmon", "RuleName": "-", "ProcessGuid": "{e97d4e69-0000-0000-1bad-000000000000}", "ProcessId": "892", "Image": "C:\\Windows\\System32\\svchost.exe", "ImageLoaded": "C:\\Windows\\System32\\sud.dll", "FileVersion": "6.1.7600.16385 (win7_rtm.090713-1255)", "Description": "SUD Control Panel", "Product": "Microsoft\u00ae Windows\u00ae Operating System", "Company": "Microsoft Corporation", "OriginalFileName": "SUD.DLL", "Hashes": "SHA1=73ED6AA7385D9CCFB0F62F836EBC4A931B10BF12,MD5=5B37F7EC6940FEE5DAB6098CB49FCB3D,SHA256=690AD4030343D2ABE8CC24B5A61102AF49403ADD5E92E9E059DC829984ACB58C,IMPHASH=D6144285D2ED8181040F345BAD7E79E8", "Signed": "true", "Signature": "Microsoft Windows", "SignatureStatus": "Valid", "_source_file": "data/baseline/win7-x86/Microsoft-Windows-Sysmon%4Operational.evtx"}, {"EventID": 7, "Computer": "evtx-PC", "UtcTime": "2022-04-04 11:19:52.945", "Provider": "Microsoft-Windows-Sysmon", "RuleName": "-", "ProcessGuid": "{e97d4e69-0000-0000-1bad-000000000000}", "ProcessId": "892", "Image": "C:\\Windows\\System32\\svchost.exe", "ImageLoaded": "C:\\Windows\\System32\\w32time.dll", "FileVersion": "6.1.7600.16385 (win7_rtm.090713-1255)", "Description": "Windows Time Service", "Product": "Microsoft\u00ae Windows\u00ae Operating System", "Company": "Microsoft Corporation", "OriginalFileName": "w32time.dll", "Hashes": "SHA1=74BFA3CDA81B5FD7BDF678B3F67EEAAEFAF0065C,MD5=55187FD710E27D5095D10A472C8BAF1C,SHA256=AE298E2D3BA366BCBDC092C717214C181E8843FA564A6DFB07FC3238A5A68DC3,IMPHASH=F958A4F68DF8D8B25673628595BBE4E7", "Signed": "true", "Signature": "Microsoft Windows", "SignatureStatus": "Valid", "_source_file": "data/baseline/win7-x86/Microsoft-Windows-Sysmon%4Operational.evtx"}, {"EventID": 7, "Computer": "evtx-PC", "UtcTime": "2022-04-04 11:19:52.976", "Provider": "Microsoft-Windows-Sysmon", "RuleName": "-", "ProcessGuid": "{e97d4e69-0000-0000-1bad-000000000000}", "ProcessId": "892", "Image": "C:\\Windows\\System32\\svchost.exe", "ImageLoaded": "C:\\Windows\\System32\\CertEnroll.dll", "FileVersion": "6.1.7600.16385 (win7_rtm.090713-1255)", "Description": "Microsoft\u00ae Active Directory Certificate Services Enrollment Client", "Product": "Microsoft\u00ae Windows\u00ae Operating System", "Company": "Microsoft Corporation", "OriginalFileName": "CertEnroll", "Hashes": "SHA1=A5A871CEB760D8C2DD03AE66BCC1251A1504383A,MD5=431BF8D33C8933D76FD4ED6098806A56,SHA256=CFA2F47D2676E1CE88D70F70C580FA44B3C3187925E44680F449004439A07910,IMPHASH=89598B40DDBBBE1FD003BC401EF536B7", "Signed": "true", "Signature": "Microsoft Windows", "SignatureStatus": "Valid", "_source_file": "data/baseline/win7-x86/Microsoft-Windows-Sysmon%4Operational.evtx"}, {"EventID": 7, "Computer": "evtx-PC", "UtcTime": "2022-04-04 11:19:52.976", "Provider": "Microsoft-Windows-Sysmon", "RuleName": "-", "ProcessGuid": "{e97d4e69-0000-0000-1bad-000000000000}", "ProcessId": "892", "Image": "C:\\Windows\\System32\\svchost.exe", "ImageLoaded": "C:\\Windows\\System32\\logoncli.dll", "FileVersion": "6.1.7600.16385 (win7_rtm.090713-1255)", "Description": "Net Logon Client DLL", "Product": "Microsoft\u00ae Windows\u00ae Operating System", "Company": "Microsoft Corporation", "OriginalFileName": "LOGONCLI.DLL", "Hashes": "SHA1=CBDFB7A287D659A55EC0FEEDFBC73A53C61CAA05,MD5=D8ECA7A87AAA3AE308B5277411666622,SHA256=2F67D5567DC1174B36E67C1009B827E3C48F05551D4B4A39D7B02B8D12041406,IMPHASH=F98CB5B52E3101A5B2BF6E67E73B0E36", "Signed": "true", "Signature": "Microsoft Windows", "SignatureStatus": "Valid", "_source_file": "data/baseline/win7-x86/Microsoft-Windows-Sysmon%4Operational.evtx"}, {"EventID": 7, "Computer": "evtx-PC", "UtcTime": "2022-04-04 11:19:52.992", "Provider": "Microsoft-Windows-Sysmon", "RuleName": "-", "ProcessGuid": "{e97d4e69-0000-0000-1bad-000000000000}", "ProcessId": "892", "Image": "C:\\Windows\\System32\\svchost.exe", "ImageLoaded": "C:\\Windows\\System32\\cttune.exe", "FileVersion": "6.1.7600.16385 (win7_rtm.090713-1255)", "Description": "ClearType Tuner", "Product": "Microsoft\u00ae Windows\u00ae Operating System", "Company": "Microsoft Corporation", "OriginalFileName": "CTTUNE.EXE", "Hashes": "SHA1=5C0806FEA80FE40134C20C2E4B9F8B3EA35B60D9,MD5=BB98F9994916D9562776789B7A9E4F7D,SHA256=A8A2A5E0EF31EB805C19885EAC82023B7997B43F5694AC375290294431967855,IMPHASH=E1AABB7768B8DB0C3FE007C5C07A8244", "Signed": "true", "Signature": "Microsoft Windows", "SignatureStatus": "Valid", "_source_file": "data/baseline/win7-x86/Microsoft-Windows-Sysmon%4Operational.evtx"}, {"EventID": 7, "Computer": "evtx-PC", "UtcTime": "2022-04-04 11:19:52.992", "Provider": "Microsoft-Windows-Sysmon", "RuleName": "-", "ProcessGuid": "{e97d4e69-0000-0000-1bad-000000000000}", "ProcessId": "892", "Image": "C:\\Windows\\System32\\svchost.exe", "ImageLoaded": "C:\\Windows\\System32\\OobeFldr.dll", "FileVersion": "6.1.7600.16385 (win7_rtm.090713-1255)", "Description": "Getting Started", "Product": "Microsoft\u00ae Windows\u00ae Operating System", "Company": "Microsoft Corporation", "OriginalFileName": "OobeFldr.dll", "Hashes": "SHA1=54ADC1F9107C841F4ACFA6D89C386DB7CAFB5E6E,MD5=63F23027CD0F3C882307F28063A5702B,SHA256=15BD492A4A8483D7B51A282B83762022896826C44BED1AECBD9B092164C9229D,IMPHASH=2A7C96E379C556E996E2DBA09291F4B2", "Signed": "true", "Signature": "Microsoft Windows", "SignatureStatus": "Valid", "_source_file": "data/baseline/win7-x86/Microsoft-Windows-Sysmon%4Operational.evtx"}, {"EventID": 7, "Computer": "evtx-PC", "UtcTime": "2022-04-04 11:19:53.007", "Provider": "Microsoft-Windows-Sysmon", "RuleName": "-", "ProcessGuid": "{e97d4e69-0000-0000-1bad-000000000000}", "ProcessId": "892", "Image": "C:\\Windows\\System32\\svchost.exe", "ImageLoaded": "C:\\Windows\\System32\\gpsvc.dll", "FileVersion": "6.1.7600.16385 (win7_rtm.090713-1255)", "Description": "Group Policy Client", "Product": "Microsoft\u00ae Windows\u00ae Operating System", "Company": "Microsoft Corporation", "OriginalFileName": "gpsvc.dll", "Hashes": "SHA1=4597A614270370C16C4D2628F85806E6057E66D7,MD5=8BA3C04702BF8F927AB36AE8313CA4EE,SHA256=3B6460C8134AA9D6E4FB978201B35FE9B67DD5BBB6C8D9625F3097DDA30C2893,IMPHASH=00BE1AFBFD7270A6F4019A0378221CE2", "Signed": "true", "Signature": "Microsoft Windows", "SignatureStatus": "Valid", "_source_file": "data/baseline/win7-x86/Microsoft-Windows-Sysmon%4Operational.evtx"}, {"EventID": 7, "Computer": "evtx-PC", "UtcTime": "2022-04-04 11:19:53.007", "Provider": "Microsoft-Windows-Sysmon", "RuleName": "-", "ProcessGuid": "{e97d4e69-0000-0000-1bad-000000000000}", "ProcessId": "892", "Image": "C:\\Windows\\System32\\svchost.exe", "ImageLoaded": "C:\\Windows\\System32\\lsasrv.dll", "FileVersion": "6.1.7600.16385 (win7_rtm.090713-1255)", "Description": "LSA Server DLL", "Product": "Microsoft\u00ae Windows\u00ae Operating System", "Company": "Microsoft Corporation", "OriginalFileName": "lsasrv.dll", "Hashes": "SHA1=01F4477F35CA183640195038D1709773A15E7A25,MD5=4BC5B6D0B7BA1B92C9610A7EB1BAD8AB,SHA256=C6244732D4F82382650C3CE931CE94EEC83EDFF7A0E96698880B8C46EF117E39,IMPHASH=99767454581AF4F35FB3E1C5F6D29EF6", "Signed": "true", "Signature": "Microsoft Windows", "SignatureStatus": "Valid", "_source_file": "data/baseline/win7-x86/Microsoft-Windows-Sysmon%4Operational.evtx"}, {"EventID": 7, "Computer": "evtx-PC", "UtcTime": "2022-04-04 11:19:53.007", "Provider": "Microsoft-Windows-Sysmon", "RuleName": "-", "ProcessGuid": "{e97d4e69-0000-0000-1bad-000000000000}", "ProcessId": "892", "Image": "C:\\Windows\\System32\\svchost.exe", "ImageLoaded": "C:\\Windows\\System32\\dwm.exe", "FileVersion": "6.1.7600.16385 (win7_rtm.090713-1255)", "Description": "Desktop Window Manager", "Product": "Microsoft\u00ae Windows\u00ae Operating System", "Company": "Microsoft Corporation", "OriginalFileName": "dwm.exe", "Hashes": "SHA1=A3EA58D117BCF0A7719B50249829C778F12E5B24,MD5=505BF4D1CADEB8D4F8BCD08D944DE25D,SHA256=526F07768471F4457CBEAB7093AF0B0242044C89A80A347DB47F44EBADEEA68D,IMPHASH=4B0349CB5DDE091C2FB0E50A02BE5440", "Signed": "true", "Signature": "Microsoft Windows", "SignatureStatus": "Valid", "_source_file": "data/baseline/win7-x86/Microsoft-Windows-Sysmon%4Operational.evtx"}, {"EventID": 7, "Computer": "evtx-PC", "UtcTime": "2022-04-04 11:19:53.007", "Provider": "Microsoft-Windows-Sysmon", "RuleName": "-", "ProcessGuid": "{e97d4e69-0000-0000-1bad-000000000000}", "ProcessId": "892", "Image": "C:\\Windows\\System32\\svchost.exe", "ImageLoaded": "C:\\Windows\\System32\\mfreadwrite.dll", "FileVersion": "12.0.7600.16385 (win7_rtm.090713-1255)", "Description": "Media Foundation ReadWrite DLL", "Product": "Microsoft\u00ae Windows\u00ae Operating System", "Company": "Microsoft Corporation", "OriginalFileName": "mfreadwrite.dll", "Hashes": "SHA1=77A36B9417ECCE6C809E78B91BD9FC0E9CFED81F,MD5=1A012D6BEA027F0B5DCBBD307FFDF41A,SHA256=8EC3EDCBC010DBE51DCBD3C8804B98D97623A8B7BAC44B80A9C315C6D87EC553,IMPHASH=0EA77822D1AB91E7B45B8561C4B0A67C", "Signed": "true", "Signature": "Microsoft Windows", "SignatureStatus": "Valid", "_source_file": "data/baseline/win7-x86/Microsoft-Windows-Sysmon%4Operational.evtx"}, {"EventID": 7, "Computer": "evtx-PC", "UtcTime": "2022-04-04 11:19:53.023", "Provider": "Microsoft-Windows-Sysmon", "RuleName": "-", "ProcessGuid": "{e97d4e69-0000-0000-1bad-000000000000}", "ProcessId": "892", "Image": "C:\\Windows\\System32\\svchost.exe", "ImageLoaded": "C:\\Windows\\System32\\Display.dll", "FileVersion": "6.1.7600.16385 (win7_rtm.090713-1255)", "Description": "Display Control Panel", "Product": "Microsoft\u00ae Windows\u00ae Operating System", "Company": "Microsoft Corporation", "OriginalFileName": "DISPLAY.DLL", "Hashes": "SHA1=4515DA496F78A561E0912E27E765AB5B76ED5B5F,MD5=A3FFDF7E8B0986D810C39581B365BF84,SHA256=98B0C8D97AB3B2823C6E50C3EC553AC0190808B292E152BFF8F9D6DF6E0D2D57,IMPHASH=B16F8C6145D38181DB9EE707622BED61", "Signed": "true", "Signature": "Microsoft Windows", "SignatureStatus": "Valid", "_source_file": "data/baseline/win7-x86/Microsoft-Windows-Sysmon%4Operational.evtx"}, {"EventID": 7, "Computer": "evtx-PC", "UtcTime": "2022-04-04 11:19:53.038", "Provider": "Microsoft-Windows-Sysmon", "RuleName": "-", "ProcessGuid": "{e97d4e69-0000-0000-1bad-000000000000}", "ProcessId": "892", "Image": "C:\\Windows\\System32\\svchost.exe", "ImageLoaded": "C:\\Windows\\System32\\powercpl.dll", "FileVersion": "6.1.7600.16385 (win7_rtm.090713-1255)", "Description": "Power Options Control Panel", "Product": "Microsoft\u00ae Windows\u00ae Operating System", "Company": "Microsoft Corporation", "OriginalFileName": "PowerCPL.DLL", "Hashes": "SHA1=F419F697F3209FA234E26528893BED152D32EAB7,MD5=E1DB4372935218D62D416A3E37410D3B,SHA256=739FE20E8D5D84153EEB2703CB14E0C97C908D369BFFA4B44E49D9752C71517B,IMPHASH=5C35E416045DC85B69D53DBBA3D1D2D7", "Signed": "true", "Signature": "Microsoft Windows", "SignatureStatus": "Valid", "_source_file": "data/baseline/win7-x86/Microsoft-Windows-Sysmon%4Operational.evtx"}, {"EventID": 7, "Computer": "evtx-PC", "UtcTime": "2022-04-04 11:19:53.038", "Provider": "Microsoft-Windows-Sysmon", "RuleName": "-", "ProcessGuid": "{e97d4e69-0000-0000-1bad-000000000000}", "ProcessId": "892", "Image": "C:\\Windows\\System32\\svchost.exe", "ImageLoaded": "C:\\Windows\\System32\\HotStartUserAgent.dll", "FileVersion": "6.1.7600.16385 (win7_rtm.090713-1255)", "Description": "Microsoft Windows HotStart User Agent", "Product": "Microsoft\u00ae Windows\u00ae Operating System", "Company": "Microsoft Corporation", "OriginalFileName": "HotStartUserAgent.dll", "Hashes": "SHA1=04355BD15F9D6A78E27FF9B7B31B31206F8FEB58,MD5=F7CD6BC217C7277B987103002DD99032,SHA256=EDEDC0E8F9566D2D0FC26322B5F9320918B3D41A46FA5F62B3CBD81799B7B57C,IMPHASH=ADA824A78443D7073384E8ABC96C9241", "Signed": "true", "Signature": "Microsoft Windows", "SignatureStatus": "Valid", "_source_file": "data/baseline/win7-x86/Microsoft-Windows-Sysmon%4Operational.evtx"}, {"EventID": 7, "Computer": "evtx-PC", "UtcTime": "2022-04-04 11:19:53.038", "Provider": "Microsoft-Windows-Sysmon", "RuleName": "-", "ProcessGuid": "{e97d4e69-0000-0000-1bad-000000000000}", "ProcessId": "892", "Image": "C:\\Windows\\System32\\svchost.exe", "ImageLoaded": "C:\\Windows\\System32\\rdpendp.dll", "FileVersion": "6.1.7600.16385 (win7_rtm.090713-1255)", "Description": "RDP Audio Endpoint", "Product": "Microsoft\u00ae Windows\u00ae Operating System", "Company": "Microsoft Corporation", "OriginalFileName": "rdpendp.dll", "Hashes": "SHA1=500D1DA736AD36624A396CB38CF235182DB61841,MD5=376434A0D72286C229EB2DB8DA9D21F6,SHA256=3AF9592F4F6CF20B0BF6C5F03BE1D2BC5A6A0583AD7A78211614DAA6B5AE0A96,IMPHASH=4488F0E52860808796778F885353C5C6", "Signed": "true", "Signature": "Microsoft Windows", "SignatureStatus": "Valid", "_source_file": "data/baseline/win7-x86/Microsoft-Windows-Sysmon%4Operational.evtx"}, {"EventID": 7, "Computer": "evtx-PC", "UtcTime": "2022-04-04 11:19:53.054", "Provider": "Microsoft-Windows-Sysmon", "RuleName": "-", "ProcessGuid": "{e97d4e69-0000-0000-1bad-000000000000}", "ProcessId": "892", "Image": "C:\\Windows\\System32\\svchost.exe", "ImageLoaded": "C:\\Program Files\\Windows Media Player\\WMPMediaSharing.dll", "FileVersion": "12.0.7600.16385 (win7_rtm.090713-1255)", "Description": "Windows Media Player Media Sharing Interface DLL", "Product": "Microsoft\u00ae Windows\u00ae Operating System", "Company": "Microsoft Corporation", "OriginalFileName": "WMPMediaSharing.DLL", "Hashes": "SHA1=81AFDD4F26654DC3665C0FF1AD28F7E1CF6B5467,MD5=A2A7672947E230AC22B83A8B65403C3F,SHA256=B3F5BD8A5275196DB5877304BB12B2C595F000FBDD4E42BCC68E4E26A589C7C7,IMPHASH=12ACA84BE1B817341966D6951658D4FE", "Signed": "true", "Signature": "Microsoft Windows", "SignatureStatus": "Valid", "_source_file": "data/baseline/win7-x86/Microsoft-Windows-Sysmon%4Operational.evtx"}, {"EventID": 7, "Computer": "evtx-PC", "UtcTime": "2022-04-04 11:19:53.054", "Provider": "Microsoft-Windows-Sysmon", "RuleName": "-", "ProcessGuid": "{e97d4e69-0000-0000-1bad-000000000000}", "ProcessId": "892", "Image": "C:\\Windows\\System32\\svchost.exe", "ImageLoaded": "C:\\Windows\\System32\\Magnify.exe", "FileVersion": "6.1.7600.16385 (win7_rtm.090713-1255)", "Description": "Microsoft Screen Magnifier", "Product": "Microsoft\u00ae Windows\u00ae Operating System", "Company": "Microsoft Corporation", "OriginalFileName": "ScreenMagnifier.exe", "Hashes": "SHA1=13AAEF86F450D00974CC032FFA7C85CBEA3091A0,MD5=E62BF5A49D8023F2384AB7F31031535B,SHA256=3F0DC2CDAD5A2CDA7FE6825115382D139DA1FDE05F130BDE9C08A497F31427BE,IMPHASH=46625447EB49FB24243C1F110857E2BD", "Signed": "true", "Signature": "Microsoft Windows", "SignatureStatus": "Valid", "_source_file": "data/baseline/win7-x86/Microsoft-Windows-Sysmon%4Operational.evtx"}, {"EventID": 7, "Computer": "evtx-PC", "UtcTime": "2022-04-04 11:19:53.208", "Provider": "Microsoft-Windows-Sysmon", "RuleName": "-", "ProcessGuid": "{e97d4e69-0000-0000-1bad-000000000000}", "ProcessId": "892", "Image": "C:\\Windows\\System32\\svchost.exe", "ImageLoaded": "C:\\Windows\\System32\\drivers\\tcpip.sys", "FileVersion": "6.1.7600.16385 (win7_rtm.090713-1255)", "Description": "TCP/IP Driver", "Product": "Microsoft\u00ae Windows\u00ae Operating System", "Company": "Microsoft Corporation", "OriginalFileName": "tcpip.sys", "Hashes": "SHA1=19626518CD5F26C6F571D48E791A7A4692A4977E,MD5=2CC3D75488ABD3EC628BBB9A4FC84EFC,SHA256=62917CDBC6529D1CC3D7F6E211C717DC44033955749333DCBD052F9BF6639767,IMPHASH=ED58DA8E98129F4188862A0692BD65EA", "Signed": "true", "Signature": "Microsoft Windows", "SignatureStatus": "Valid", "_source_file": "data/baseline/win7-x86/Microsoft-Windows-Sysmon%4Operational.evtx"}, {"EventID": 7, "Computer": "evtx-PC", "UtcTime": "2022-04-04 11:19:53.224", "Provider": "Microsoft-Windows-Sysmon", "RuleName": "-", "ProcessGuid": "{e97d4e69-0000-0000-1bad-000000000000}", "ProcessId": "892", "Image": "C:\\Windows\\System32\\svchost.exe", "ImageLoaded": "C:\\Windows\\System32\\PeerDistSvc.dll", "FileVersion": "6.1.7600.16385 (win7_rtm.090713-1255)", "Description": "BranchCache Service", "Product": "Microsoft\u00ae Windows\u00ae Operating System", "Company": "Microsoft Corporation", "OriginalFileName": "PeerDistSvc.dll", "Hashes": "SHA1=09DC6ACBE46796F8BC25DF0ACFEEFE12E187E8B2,MD5=AF4D64D2A57B9772CF3801950B8058A6,SHA256=C9C493A3775E6E1660CE5DF75DA574D0C04245FB88CF41B96217A725359C350D,IMPHASH=944304B44DDC71747DFBFED024E4BB61", "Signed": "true", "Signature": "Microsoft Windows", "SignatureStatus": "Valid", "_source_file": "data/baseline/win7-x86/Microsoft-Windows-Sysmon%4Operational.evtx"}, {"EventID": 7, "Computer": "evtx-PC", "UtcTime": "2022-04-04 11:19:53.193", "Provider": "Microsoft-Windows-Sysmon", "RuleName": "-", "ProcessGuid": "{e97d4e69-0000-0000-1bad-000000000000}", "ProcessId": "892", "Image": "C:\\Windows\\System32\\svchost.exe", "ImageLoaded": "C:\\Windows\\System32\\wmp.dll", "FileVersion": "12.0.7600.16385 (win7_rtm.090713-1255)", "Description": "Windows Media Player", "Product": "Microsoft\u00ae Windows\u00ae Operating System", "Company": "Microsoft Corporation", "OriginalFileName": "wmp.dll", "Hashes": "SHA1=5A2F85FE609071FD9CFF4B756DE98B19A78CBBCC,MD5=3D7DD3C29DAF738624DE918F666F70FA,SHA256=1EFA6638A738B74E3FE3ADC9A13F6622A0B4E1360D83134FABEE062B9A1DABF2,IMPHASH=E05A076C65EC17C57887F023AA1275CD", "Signed": "true", "Signature": "Microsoft Windows", "SignatureStatus": "Valid", "_source_file": "data/baseline/win7-x86/Microsoft-Windows-Sysmon%4Operational.evtx"}, {"EventID": 7, "Computer": "evtx-PC", "UtcTime": "2022-04-04 11:19:53.193", "Provider": "Microsoft-Windows-Sysmon", "RuleName": "-", "ProcessGuid": "{e97d4e69-0000-0000-1bad-000000000000}", "ProcessId": "892", "Image": "C:\\Windows\\System32\\svchost.exe", "ImageLoaded": "C:\\Windows\\System32\\duser.dll", "FileVersion": "6.1.7600.16385 (win7_rtm.090713-1255)", "Description": "Windows DirectUser Engine", "Product": "Microsoft\u00ae Windows\u00ae Operating System", "Company": "Microsoft Corporation", "OriginalFileName": "DUser.DLL", "Hashes": "SHA1=9E58C89D6D1DF4C0DBD0A2E4699F4DF2959CA80F,MD5=6E1F8165C365D35C8E3C045AF0CDD481,SHA256=B861360D0A014265A0BEB4CC2FE31EA05AE95120E8B07820C13A044D64C00E2B,IMPHASH=596257843BEA9C853A92A0136D834D4C", "Signed": "true", "Signature": "Microsoft Windows", "SignatureStatus": "Valid", "_source_file": "data/baseline/win7-x86/Microsoft-Windows-Sysmon%4Operational.evtx"}, {"EventID": 7, "Computer": "evtx-PC", "UtcTime": "2022-04-04 11:19:53.239", "Provider": "Microsoft-Windows-Sysmon", "RuleName": "-", "ProcessGuid": "{e97d4e69-0000-0000-1bad-000000000000}", "ProcessId": "892", "Image": "C:\\Windows\\System32\\svchost.exe", "ImageLoaded": "C:\\Windows\\System32\\msdtcVSp1res.dll", "FileVersion": "2001.12.8530.16385 (win7_rtm.090713-1255)", "Description": "Microsoft Distributed Transaction Coordinator Resources for Vista SP1", "Product": "Microsoft\u00ae Windows\u00ae Operating System", "Company": "Microsoft Corporation", "OriginalFileName": "msdtcVSp1res.dll", "Hashes": "SHA1=BAA962979C18801E441ED856CB724DAA8B8055EC,MD5=C10605723EADB779A485C8BCF22A8077,SHA256=2C243F2A5F6645724BADAF0C6EDFB0D394FBA63BF2DF76731B888B0513183DAB,IMPHASH=00000000000000000000000000000000", "Signed": "true", "Signature": "Microsoft Windows", "SignatureStatus": "Valid", "_source_file": "data/baseline/win7-x86/Microsoft-Windows-Sysmon%4Operational.evtx"}, {"EventID": 7, "Computer": "evtx-PC", "UtcTime": "2022-04-04 11:19:53.239", "Provider": "Microsoft-Windows-Sysmon", "RuleName": "-", "ProcessGuid": "{e97d4e69-0000-0000-1bad-000000000000}", "ProcessId": "892", "Image": "C:\\Windows\\System32\\svchost.exe", "ImageLoaded": "C:\\Windows\\System32\\perftrack.dll", "FileVersion": "6.1.7600.16385 (win7_rtm.090713-1255)", "Description": "Microsoft Performance PerfTrack", "Product": "Microsoft\u00ae Windows\u00ae Operating System", "Company": "Microsoft Corporation", "OriginalFileName": "perftrack.dll", "Hashes": "SHA1=20F10A04597E436845BBC6B5B56DAC93FCA5DA99,MD5=7E82616BEE76BF5EAA5B30F681414E21,SHA256=2138D743C4C09ECD829E194CA42934CB044BFF400921DA9B5FA50371E191656E,IMPHASH=D190C20B4CDC6E41B73476F661A32CB6", "Signed": "true", "Signature": "Microsoft Windows", "SignatureStatus": "Valid", "_source_file": "data/baseline/win7-x86/Microsoft-Windows-Sysmon%4Operational.evtx"}, {"EventID": 7, "Computer": "evtx-PC", "UtcTime": "2022-04-04 11:19:53.208", "Provider": "Microsoft-Windows-Sysmon", "RuleName": "-", "ProcessGuid": "{e97d4e69-0000-0000-1bad-000000000000}", "ProcessId": "892", "Image": "C:\\Windows\\System32\\svchost.exe", "ImageLoaded": "C:\\Windows\\System32\\drivers\\rdbss.sys", "FileVersion": "6.1.7600.16385 (win7_rtm.090713-1255)", "Description": "Redirected Drive Buffering SubSystem Driver", "Product": "Microsoft\u00ae Windows\u00ae Operating System", "Company": "Microsoft Corporation", "OriginalFileName": "RDBSS.Sys", "Hashes": "SHA1=1F69B7AA9C9AD3A19D34ED501559DC92EB6B9D60,MD5=835D7E81BF517A3B72384BDCC85E1CE6,SHA256=DC855AF17150C1B27926293115C01B5E1FD00FABCE18AFAEAB3DC68BDE4C908B,IMPHASH=3EFAF811D6FB99F8F8FE9BF579CBA717", "Signed": "true", "Signature": "Microsoft Windows", "SignatureStatus": "Valid", "_source_file": "data/baseline/win7-x86/Microsoft-Windows-Sysmon%4Operational.evtx"}, {"EventID": 7, "Computer": "evtx-PC", "UtcTime": "2022-04-04 11:19:53.239", "Provider": "Microsoft-Windows-Sysmon", "RuleName": "-", "ProcessGuid": "{e97d4e69-0000-0000-1bad-000000000000}", "ProcessId": "892", "Image": "C:\\Windows\\System32\\svchost.exe", "ImageLoaded": "C:\\Windows\\System32\\dwmcore.dll", "FileVersion": "6.1.7600.16385 (win7_rtm.090713-1255)", "Description": "Microsoft DWM Core Library", "Product": "Microsoft\u00ae Windows\u00ae Operating System", "Company": "Microsoft Corporation", "OriginalFileName": "dwmcore", "Hashes": "SHA1=7B37E6B89706DAD728A0DB4E3DF7BADDF80FCBA5,MD5=60CC965A89E2072EBD26D63D5E1E1D18,SHA256=191F59B72A411C01BC5F563A8B62CF9231D883EC3A8FEF9F45395C91F1148E31,IMPHASH=63CCCDD3CE6765DF49C0252B9EB5A2B2", "Signed": "true", "Signature": "Microsoft Windows", "SignatureStatus": "Valid", "_source_file": "data/baseline/win7-x86/Microsoft-Windows-Sysmon%4Operational.evtx"}, {"EventID": 7, "Computer": "evtx-PC", "UtcTime": "2022-04-04 11:19:53.224", "Provider": "Microsoft-Windows-Sysmon", "RuleName": "-", "ProcessGuid": "{e97d4e69-0000-0000-1bad-000000000000}", "ProcessId": "892", "Image": "C:\\Windows\\System32\\svchost.exe", "ImageLoaded": "C:\\Windows\\System32\\zipfldr.dll", "FileVersion": "6.1.7600.16385 (win7_rtm.090713-1255)", "Description": "Compressed (zipped) Folders", "Product": "Microsoft\u00ae Windows\u00ae Operating System", "Company": "Microsoft Corporation", "OriginalFileName": "ZIPFLDR.DLL", "Hashes": "SHA1=9FF42BB9B463E16E629579AABB3861E39B0C825A,MD5=D5C88CB54E9E232DEAB8181CF04B5DCD,SHA256=CBBA19F679DB37F90C244718A5FECAD69ED92E8835AF1EF0FECF16144B2FBDE8,IMPHASH=798784FB3399946F63BB75440FB652AC", "Signed": "true", "Signature": "Microsoft Windows", "SignatureStatus": "Valid", "_source_file": "data/baseline/win7-x86/Microsoft-Windows-Sysmon%4Operational.evtx"}, {"EventID": 7, "Computer": "evtx-PC", "UtcTime": "2022-04-04 11:19:53.224", "Provider": "Microsoft-Windows-Sysmon", "RuleName": "-", "ProcessGuid": "{e97d4e69-0000-0000-1bad-000000000000}", "ProcessId": "892", "Image": "C:\\Windows\\System32\\svchost.exe", "ImageLoaded": "C:\\Windows\\System32\\mssha.dll", "FileVersion": "6.1.7600.16385 (win7_rtm.090713-1255)", "Description": "Windows Security Health Agent", "Product": "Microsoft\u00ae Windows\u00ae Operating System", "Company": "Microsoft Corporation", "OriginalFileName": "MSSHA.dll", "Hashes": "SHA1=A22275D0FD06E8DC1B3C8FBF41ADDF838977A46B,MD5=04C20DBC09884A27F65EBD721B42F073,SHA256=F7693D6380A1E1D126CD369CBBAEFE5EB3B2323CA7AA3D15ADBE051781D4ACFB,IMPHASH=DFF5640E3441473FDF7E433A302AEEED", "Signed": "true", "Signature": "Microsoft Windows", "SignatureStatus": "Valid", "_source_file": "data/baseline/win7-x86/Microsoft-Windows-Sysmon%4Operational.evtx"}, {"EventID": 7, "Computer": "evtx-PC", "UtcTime": "2022-04-04 11:19:53.239", "Provider": "Microsoft-Windows-Sysmon", "RuleName": "-", "ProcessGuid": "{e97d4e69-0000-0000-1bad-000000000000}", "ProcessId": "892", "Image": "C:\\Windows\\System32\\svchost.exe", "ImageLoaded": "C:\\Windows\\System32\\taskmgr.exe", "FileVersion": "6.1.7600.16385 (win7_rtm.090713-1255)", "Description": "Windows Task Manager", "Product": "Microsoft\u00ae Windows\u00ae Operating System", "Company": "Microsoft Corporation", "OriginalFileName": "taskmgr.exe", "Hashes": "SHA1=D29932B0557C3A5A247A34822E04CF7C348F6A77,MD5=C1A857A7BC0BBF57B6115CA7AC4E2F6B,SHA256=7B3876D3EC09BDD06E1153CE460C534FA8483DA6457F21D43EB6E525703BD261,IMPHASH=C8E0B2AE275FC85DCD34A3B111FE1EB4", "Signed": "true", "Signature": "Microsoft Windows", "SignatureStatus": "Valid", "_source_file": "data/baseline/win7-x86/Microsoft-Windows-Sysmon%4Operational.evtx"}, {"EventID": 7, "Computer": "evtx-PC", "UtcTime": "2022-04-04 11:19:53.239", "Provider": "Microsoft-Windows-Sysmon", "RuleName": "-", "ProcessGuid": "{e97d4e69-0000-0000-1bad-000000000000}", "ProcessId": "892", "Image": "C:\\Windows\\System32\\svchost.exe", "ImageLoaded": "C:\\Windows\\System32\\McxDriv.dll", "FileVersion": "6.1.7600.16385 (win7_rtm.090713-1255)", "Description": "Media Center Extender Resources", "Product": "Microsoft\u00ae Windows\u00ae Operating System", "Company": "Microsoft Corporation", "OriginalFileName": "McxDriv.dll", "Hashes": "SHA1=9DA7CE99AE2963F3A3BFAE2C0F189EE167D1CBE5,MD5=A4B5A34EE451B5C501D5C90633D89BB0,SHA256=6C8A3F9ED8D1E7F6368CC51D6A23DC5EFE8719933EDBFC895865F41C929A368F,IMPHASH=BBEF0B10A4C48E3B20D8087D28368077", "Signed": "true", "Signature": "Microsoft Windows", "SignatureStatus": "Valid", "_source_file": "data/baseline/win7-x86/Microsoft-Windows-Sysmon%4Operational.evtx"}, {"EventID": 7, "Computer": "evtx-PC", "UtcTime": "2022-04-04 11:19:53.255", "Provider": "Microsoft-Windows-Sysmon", "RuleName": "-", "ProcessGuid": "{e97d4e69-0000-0000-1bad-000000000000}", "ProcessId": "892", "Image": "C:\\Windows\\System32\\svchost.exe", "ImageLoaded": "C:\\Windows\\System32\\ipnathlp.dll", "FileVersion": "6.1.7600.16385 (win7_rtm.090713-1255)", "Description": "Microsoft NAT Helper Components", "Product": "Microsoft\u00ae Windows\u00ae Operating System", "Company": "Microsoft Corporation", "OriginalFileName": "IPNATHLP.DLL", "Hashes": "SHA1=FA735F2C99B767224E7EC0686768E412D362A15C,MD5=D1A079A0DE2EA524513B6930C24527A2,SHA256=E2BC16DBCF38841EECD49C6FA1A9AC89C17F332F12606CA826F058E995E1B83D,IMPHASH=52C40E533C45FE2A6E4AA8C3827C2722", "Signed": "true", "Signature": "Microsoft Windows", "SignatureStatus": "Valid", "_source_file": "data/baseline/win7-x86/Microsoft-Windows-Sysmon%4Operational.evtx"}, {"EventID": 7, "Computer": "evtx-PC", "UtcTime": "2022-04-04 11:19:53.270", "Provider": "Microsoft-Windows-Sysmon", "RuleName": "-", "ProcessGuid": "{e97d4e69-0000-0000-1bad-000000000000}", "ProcessId": "892", "Image": "C:\\Windows\\System32\\svchost.exe", "ImageLoaded": "C:\\Windows\\System32\\winsrv.dll", "FileVersion": "6.1.7600.16385 (win7_rtm.090713-1255)", "Description": "Multi-User Windows Server DLL", "Product": "Microsoft\u00ae Windows\u00ae Operating System", "Company": "Microsoft Corporation", "OriginalFileName": "winsrv.dll", "Hashes": "SHA1=2CBEBFBEA32C70FB80981C0C7B5B24C2124EDDD9,MD5=827E4F75901CA3F990B1487D3301841E,SHA256=A0B17C83D52DB95EDBA81C6ABD78E5E4E3BB65CB57F977B07172A96D4C2B743B,IMPHASH=3108C3EF5B419151442FD6F07C101E32", "Signed": "true", "Signature": "Microsoft Windows", "SignatureStatus": "Valid", "_source_file": "data/baseline/win7-x86/Microsoft-Windows-Sysmon%4Operational.evtx"}, {"EventID": 7, "Computer": "evtx-PC", "UtcTime": "2022-04-04 11:19:53.270", "Provider": "Microsoft-Windows-Sysmon", "RuleName": "-", "ProcessGuid": "{e97d4e69-0000-0000-1bad-000000000000}", "ProcessId": "892", "Image": "C:\\Windows\\System32\\svchost.exe", "ImageLoaded": "C:\\Windows\\System32\\drivers\\cdrom.sys", "FileVersion": "6.1.7600.16385 (win7_rtm.090713-1255)", "Description": "SCSI CD-ROM Driver", "Product": "Microsoft\u00ae Windows\u00ae Operating System", "Company": "Microsoft Corporation", "OriginalFileName": "cdrom.sys", "Hashes": "SHA1=1628C8D2E604B51F7C2477A5727C37C2CD3942D6,MD5=BA6E70AA0E6091BC39DE29477D866A77,SHA256=A17A68BDA46995F75FB1C2C593A81CD3B2BFE290CEAA45FA2380DDF5537A23C9,IMPHASH=CE3F2686ABA33A170867E5D53A6EB034", "Signed": "true", "Signature": "Microsoft Windows", "SignatureStatus": "Valid", "_source_file": "data/baseline/win7-x86/Microsoft-Windows-Sysmon%4Operational.evtx"}, {"EventID": 7, "Computer": "evtx-PC", "UtcTime": "2022-04-04 11:19:53.301", "Provider": "Microsoft-Windows-Sysmon", "RuleName": "-", "ProcessGuid": "{e97d4e69-0000-0000-1bad-000000000000}", "ProcessId": "892", "Image": "C:\\Windows\\System32\\svchost.exe", "ImageLoaded": "C:\\Windows\\System32\\comres.dll", "FileVersion": "2001.12.8530.16385 (win7_rtm.090713-1255)", "Description": "COM+ Resources", "Product": "Microsoft\u00ae Windows\u00ae Operating System", "Company": "Microsoft Corporation", "OriginalFileName": "COMRES.DLL", "Hashes": "SHA1=1DFE6AFF652DAC20A00BA277585DC19C8EF46630,MD5=808D8A8B2A3074002852BC856D419576,SHA256=1AFDEAAD071D398F4663E82D58510ABC0A30048018866C59AB53D3ECB6E6D349,IMPHASH=00000000000000000000000000000000", "Signed": "true", "Signature": "Microsoft Windows", "SignatureStatus": "Valid", "_source_file": "data/baseline/win7-x86/Microsoft-Windows-Sysmon%4Operational.evtx"}, {"EventID": 7, "Computer": "evtx-PC", "UtcTime": "2022-04-04 11:19:53.270", "Provider": "Microsoft-Windows-Sysmon", "RuleName": "-", "ProcessGuid": "{e97d4e69-0000-0000-1bad-000000000000}", "ProcessId": "892", "Image": "C:\\Windows\\System32\\svchost.exe", "ImageLoaded": "C:\\Windows\\System32\\perfctrs.dll", "FileVersion": "6.1.7600.16385 (win7_rtm.090713-1255)", "Description": "Performance Counters", "Product": "Microsoft\u00ae Windows\u00ae Operating System", "Company": "Microsoft Corporation", "OriginalFileName": "PERFCTRS.DLL", "Hashes": "SHA1=F14A4E93E254F985EA68C77EC8B18959FEFFBB16,MD5=EDD2AD141DEBD425D74A52A4D7BE6AC4,SHA256=DB32FA1033D9F1231E8A51CA345AD9EB47D08626127EBBEDCEF13D40DAA64FFD,IMPHASH=93925B9E660900CB33E85354F4EE492E", "Signed": "true", "Signature": "Microsoft Windows", "SignatureStatus": "Valid", "_source_file": "data/baseline/win7-x86/Microsoft-Windows-Sysmon%4Operational.evtx"}, {"EventID": 7, "Computer": "evtx-PC", "UtcTime": "2022-04-04 11:19:53.301", "Provider": "Microsoft-Windows-Sysmon", "RuleName": "-", "ProcessGuid": "{e97d4e69-0000-0000-1bad-000000000000}", "ProcessId": "892", "Image": "C:\\Windows\\System32\\svchost.exe", "ImageLoaded": "C:\\Windows\\System32\\MPSSVC.dll", "FileVersion": "6.1.7600.16385 (win7_rtm.090713-1255)", "Description": "Microsoft Protection Service", "Product": "Microsoft\u00ae Windows\u00ae Operating System", "Company": "Microsoft Corporation", "OriginalFileName": "mpssvc.dll", "Hashes": "SHA1=CF57000F0171A8A47AAC69C7434C5B27D16A364A,MD5=5CD996CECF45CBC3E8D109C86B82D69E,SHA256=ABE40DA4DA555D3D5054BE28BF82E775D90DCB9E31409DC95FABF2F016B17700,IMPHASH=E5C12753FA04C91B3B5003971F6E32BB", "Signed": "true", "Signature": "Microsoft Windows", "SignatureStatus": "Valid", "_source_file": "data/baseline/win7-x86/Microsoft-Windows-Sysmon%4Operational.evtx"}, {"EventID": 7, "Computer": "evtx-PC", "UtcTime": "2022-04-04 11:19:53.270", "Provider": "Microsoft-Windows-Sysmon", "RuleName": "-", "ProcessGuid": "{e97d4e69-0000-0000-1bad-000000000000}", "ProcessId": "892", "Image": "C:\\Windows\\System32\\svchost.exe", "ImageLoaded": "C:\\Windows\\System32\\davclnt.dll", "FileVersion": "6.1.7600.16385 (win7_rtm.090713-1255)", "Description": "Web DAV Client DLL", "Product": "Microsoft\u00ae Windows\u00ae Operating System", "Company": "Microsoft Corporation", "OriginalFileName": "davclnt.dll", "Hashes": "SHA1=8D1A58664F711F9551FE87840F6E6501E31968EF,MD5=44F7AC99B73AF64884A67F17D9E0A773,SHA256=06E668381BF3B9EE473C3E1C50556E522DE7BC3358376C01AE24C72D64632CC0,IMPHASH=5C27AFF5E247E58F30AFC8180ABEE217", "Signed": "true", "Signature": "Microsoft Windows", "SignatureStatus": "Valid", "_source_file": "data/baseline/win7-x86/Microsoft-Windows-Sysmon%4Operational.evtx"}, {"EventID": 7, "Computer": "evtx-PC", "UtcTime": "2022-04-04 11:19:53.286", "Provider": "Microsoft-Windows-Sysmon", "RuleName": "-", "ProcessGuid": "{e97d4e69-0000-0000-1bad-000000000000}", "ProcessId": "892", "Image": "C:\\Windows\\System32\\svchost.exe", "ImageLoaded": "C:\\Windows\\System32\\DisplaySwitch.exe", "FileVersion": "6.1.7600.16385 (win7_rtm.090713-1255)", "Description": "Display Switch", "Product": "Microsoft\u00ae Windows\u00ae Operating System", "Company": "Microsoft Corporation", "OriginalFileName": "DisplaySwitch.exe", "Hashes": "SHA1=3411F09EB350565B0BFB578E6573AD30E3DA0DA3,MD5=BA4E1A60BD20CA7978C76D79F19E37F0,SHA256=D44176D2CB12F7A77E05F9C43459F81A6099312EDE8678C43A5B930F99287138,IMPHASH=885AEB60C3202E4DC3FD608C710BD8D4", "Signed": "true", "Signature": "Microsoft Windows", "SignatureStatus": "Valid", "_source_file": "data/baseline/win7-x86/Microsoft-Windows-Sysmon%4Operational.evtx"}, {"EventID": 7, "Computer": "evtx-PC", "UtcTime": "2022-04-04 11:19:53.286", "Provider": "Microsoft-Windows-Sysmon", "RuleName": "-", "ProcessGuid": "{e97d4e69-0000-0000-1bad-000000000000}", "ProcessId": "892", "Image": "C:\\Windows\\System32\\svchost.exe", "ImageLoaded": "C:\\Windows\\System32\\eqossnap.dll", "FileVersion": "6.1.7600.16385 (win7_rtm.090713-1255)", "Description": "EQoS Snapin extension", "Product": "Microsoft\u00ae Windows\u00ae Operating System", "Company": "Microsoft Corporation", "OriginalFileName": "eqossnap.dll", "Hashes": "SHA1=5D0147973DD4A67E7E06A1A5289B9F729E656F2E,MD5=77ABA9399978025CD733DAB538BCAA76,SHA256=43FEB3EDBCE457A84319FB586549BA865F17D0E8A27DE9F1C1DD61C9B1335BDD,IMPHASH=1EDE3ED4F18B1C3C30740953A0A4E1E8", "Signed": "true", "Signature": "Microsoft Windows", "SignatureStatus": "Valid", "_source_file": "data/baseline/win7-x86/Microsoft-Windows-Sysmon%4Operational.evtx"}, {"EventID": 7, "Computer": "evtx-PC", "UtcTime": "2022-04-04 11:19:53.301", "Provider": "Microsoft-Windows-Sysmon", "RuleName": "-", "ProcessGuid": "{e97d4e69-0000-0000-1bad-000000000000}", "ProcessId": "892", "Image": "C:\\Windows\\System32\\svchost.exe", "ImageLoaded": "C:\\Windows\\System32\\tsmf.dll", "FileVersion": "6.1.7600.16385 (win7_rtm.090713-1255)", "Description": "RDP MF Plugin", "Product": "Microsoft\u00ae Windows\u00ae Operating System", "Company": "Microsoft Corporation", "OriginalFileName": "tsmf.dll", "Hashes": "SHA1=3934FE9E88427AEBBF988A6A3FA9FD7840A669B6,MD5=953CBA4685AF560348E65CABF818357B,SHA256=10414F34BEB45641E61D30B2D1ED4839C7AFF9E313BE001A893F868CE2FD9DD5,IMPHASH=B027E3BC5473217D3EA9EEC10EADB7E5", "Signed": "true", "Signature": "Microsoft Windows", "SignatureStatus": "Valid", "_source_file": "data/baseline/win7-x86/Microsoft-Windows-Sysmon%4Operational.evtx"}, {"EventID": 7, "Computer": "evtx-PC", "UtcTime": "2022-04-04 11:19:53.332", "Provider": "Microsoft-Windows-Sysmon", "RuleName": "-", "ProcessGuid": "{e97d4e69-0000-0000-1bad-000000000000}", "ProcessId": "892", "Image": "C:\\Windows\\System32\\svchost.exe", "ImageLoaded": "C:\\Windows\\System32\\drivers\\fvevol.sys", "FileVersion": "6.1.7600.16385 (win7_rtm.090713-1255)", "Description": "BitLocker Drive Encryption Driver", "Product": "Microsoft\u00ae Windows\u00ae Operating System", "Company": "Microsoft Corporation", "OriginalFileName": "FVEVOL.SYS", "Hashes": "SHA1=006AD1CF96DF82A8183EBEFB5E06838E4EA28E64,MD5=5592F5DBA26282D24D2B080EB438A4D7,SHA256=5376D6CFFE9A1406CFA0BF4325EB65206F57A5C50034DA7EB4238BEB08D4D6DB,IMPHASH=B529FC7DB7915047E1B095F990C004BA", "Signed": "true", "Signature": "Microsoft Windows", "SignatureStatus": "Valid", "_source_file": "data/baseline/win7-x86/Microsoft-Windows-Sysmon%4Operational.evtx"}, {"EventID": 7, "Computer": "evtx-PC", "UtcTime": "2022-04-04 11:19:53.301", "Provider": "Microsoft-Windows-Sysmon", "RuleName": "-", "ProcessGuid": "{e97d4e69-0000-0000-1bad-000000000000}", "ProcessId": "892", "Image": "C:\\Windows\\System32\\svchost.exe", "ImageLoaded": "C:\\Windows\\System32\\Sens.dll", "FileVersion": "6.1.7600.16385 (win7_rtm.090713-1255)", "Description": "System Event Notification Service (SENS)", "Product": "Microsoft\u00ae Windows\u00ae Operating System", "Company": "Microsoft Corporation", "OriginalFileName": "sens.dll", "Hashes": "SHA1=6B0146E181FD531C3C2DA33EC3604A9B8FB16103,MD5=DCB7FCDCC97F87360F75D77425B81737,SHA256=F8289AF2C458C167038EEFE613EE5E3D6D5B3308B8784168374BC81C47891CE5,IMPHASH=B56751318136B27E1E7C174365954BD7", "Signed": "true", "Signature": "Microsoft Windows", "SignatureStatus": "Valid", "_source_file": "data/baseline/win7-x86/Microsoft-Windows-Sysmon%4Operational.evtx"}, {"EventID": 7, "Computer": "evtx-PC", "UtcTime": "2022-04-04 11:19:53.301", "Provider": "Microsoft-Windows-Sysmon", "RuleName": "-", "ProcessGuid": "{e97d4e69-0000-0000-1bad-000000000000}", "ProcessId": "892", "Image": "C:\\Windows\\System32\\svchost.exe", "ImageLoaded": "C:\\Windows\\System32\\setupcl.exe", "FileVersion": "6.1.7600.16385 (win7_rtm.090713-1255)", "Description": "System Clone Tool", "Product": "Microsoft\u00ae Windows\u00ae Operating System", "Company": "Microsoft Corporation", "OriginalFileName": "Setupcl.EXE", "Hashes": "SHA1=3DAF3651FC98B3F324659FFE41D58D712A89C4C1,MD5=86B44C4144DFBFA1415CEB96516E0F25,SHA256=99D008863921A783A9D296758B264DC51EB464F46289CAEEEC7B05CFFD8369D4,IMPHASH=C59C091BC0897659872846D98FBA82BE", "Signed": "true", "Signature": "Microsoft Windows", "SignatureStatus": "Valid", "_source_file": "data/baseline/win7-x86/Microsoft-Windows-Sysmon%4Operational.evtx"}, {"EventID": 7, "Computer": "evtx-PC", "UtcTime": "2022-04-04 11:19:53.332", "Provider": "Microsoft-Windows-Sysmon", "RuleName": "-", "ProcessGuid": "{e97d4e69-0000-0000-1bad-000000000000}", "ProcessId": "892", "Image": "C:\\Windows\\System32\\svchost.exe", "ImageLoaded": "C:\\Windows\\System32\\SyncCenter.dll", "FileVersion": "6.1.7600.16385 (win7_rtm.090713-1255)", "Description": "Microsoft Sync Center", "Product": "Microsoft\u00ae Windows\u00ae Operating System", "Company": "Microsoft Corporation", "OriginalFileName": "SyncCenter.dll", "Hashes": "SHA1=ABA34936C5AE1163C73F96A6CF3B0596B2B6E45D,MD5=8C7FE6B9559204765849BFF308764FA5,SHA256=95DC758295D1C529780F0F99E0C7126D7FF0C083778B536E3F7E954B35401314,IMPHASH=18F78E78003BFCCE01D95C020E4035A1", "Signed": "true", "Signature": "Microsoft Windows", "SignatureStatus": "Valid", "_source_file": "data/baseline/win7-x86/Microsoft-Windows-Sysmon%4Operational.evtx"}, {"EventID": 7, "Computer": "evtx-PC", "UtcTime": "2022-04-04 11:19:53.363", "Provider": "Microsoft-Windows-Sysmon", "RuleName": "-", "ProcessGuid": "{e97d4e69-0000-0000-1bad-000000000000}", "ProcessId": "892", "Image": "C:\\Windows\\System32\\svchost.exe", "ImageLoaded": "C:\\Windows\\System32\\tsmf.dll", "FileVersion": "6.1.7600.16385 (win7_rtm.090713-1255)", "Description": "RDP MF Plugin", "Product": "Microsoft\u00ae Windows\u00ae Operating System", "Company": "Microsoft Corporation", "OriginalFileName": "tsmf.dll", "Hashes": "SHA1=3934FE9E88427AEBBF988A6A3FA9FD7840A669B6,MD5=953CBA4685AF560348E65CABF818357B,SHA256=10414F34BEB45641E61D30B2D1ED4839C7AFF9E313BE001A893F868CE2FD9DD5,IMPHASH=B027E3BC5473217D3EA9EEC10EADB7E5", "Signed": "true", "Signature": "Microsoft Windows", "SignatureStatus": "Valid", "_source_file": "data/baseline/win7-x86/Microsoft-Windows-Sysmon%4Operational.evtx"}, {"EventID": 7, "Computer": "evtx-PC", "UtcTime": "2022-04-04 11:19:53.363", "Provider": "Microsoft-Windows-Sysmon", "RuleName": "-", "ProcessGuid": "{e97d4e69-0000-0000-1bad-000000000000}", "ProcessId": "892", "Image": "C:\\Windows\\System32\\svchost.exe", "ImageLoaded": "C:\\Windows\\System32\\lsasrv.dll", "FileVersion": "6.1.7600.16385 (win7_rtm.090713-1255)", "Description": "LSA Server DLL", "Product": "Microsoft\u00ae Windows\u00ae Operating System", "Company": "Microsoft Corporation", "OriginalFileName": "lsasrv.dll", "Hashes": "SHA1=01F4477F35CA183640195038D1709773A15E7A25,MD5=4BC5B6D0B7BA1B92C9610A7EB1BAD8AB,SHA256=C6244732D4F82382650C3CE931CE94EEC83EDFF7A0E96698880B8C46EF117E39,IMPHASH=99767454581AF4F35FB3E1C5F6D29EF6", "Signed": "true", "Signature": "Microsoft Windows", "SignatureStatus": "Valid", "_source_file": "data/baseline/win7-x86/Microsoft-Windows-Sysmon%4Operational.evtx"}, {"EventID": 7, "Computer": "evtx-PC", "UtcTime": "2022-04-04 11:19:53.363", "Provider": "Microsoft-Windows-Sysmon", "RuleName": "-", "ProcessGuid": "{e97d4e69-0000-0000-1bad-000000000000}", "ProcessId": "892", "Image": "C:\\Windows\\System32\\svchost.exe", "ImageLoaded": "C:\\Windows\\System32\\DxpTaskSync.dll", "FileVersion": "6.1.7600.16385 (win7_rtm.090713-1255)", "Description": "Microsoft Windows DXP Sync.", "Product": "Microsoft\u00ae Windows\u00ae Operating System", "Company": "Microsoft Corporation", "OriginalFileName": "-", "Hashes": "SHA1=14FBD36572E02BB6B5D8796F0425F5C58BF332CD,MD5=7211AA18ACAA5441799F5DD106A66611,SHA256=280B4A92120D13240C88D97FA2771679BDD658ADBB1D121DF3624AA61591EAC6,IMPHASH=C78FE215A6550EF0E688F32618CA41E0", "Signed": "true", "Signature": "Microsoft Windows", "SignatureStatus": "Valid", "_source_file": "data/baseline/win7-x86/Microsoft-Windows-Sysmon%4Operational.evtx"}, {"EventID": 7, "Computer": "evtx-PC", "UtcTime": "2022-04-04 11:19:53.363", "Provider": "Microsoft-Windows-Sysmon", "RuleName": "-", "ProcessGuid": "{e97d4e69-0000-0000-1bad-000000000000}", "ProcessId": "892", "Image": "C:\\Windows\\System32\\svchost.exe", "ImageLoaded": "C:\\Windows\\System32\\DShowRdpFilter.dll", "FileVersion": "1.00", "Description": "RDP Renderer Filter (redirector)", "Product": "Microsoft", "Company": "Microsoft", "OriginalFileName": "DSHOWRDPFILTER.ax", "Hashes": "SHA1=D4E7E5108B72735BDFE75AF84836A3CDB1F8A4D6,MD5=AD8E0E0C25DCE385AFFFC8513335A8FB,SHA256=3C34ECBB79D5F6626A6CA0D28ECCCD940BAA17AC47D900E8F41C99A6E022E8FB,IMPHASH=9F350DC8446846CA3236C93BC0ABA078", "Signed": "true", "Signature": "Microsoft Windows", "SignatureStatus": "Valid", "_source_file": "data/baseline/win7-x86/Microsoft-Windows-Sysmon%4Operational.evtx"}, 