{"EventID": 7, "Computer": "evtx-PC", "UtcTime": "2022-04-04 11:19:57.509", "Provider": "Microsoft-Windows-Sysmon", "RuleName": "-", "ProcessGuid": "{e97d4e69-0000-0000-2ea5-090000000000}", "ProcessId": "4788", "Image": "C:\\Windows\\Microsoft.NET\\Framework\\v2.0.50727\\mscorsvw.exe", "ImageLoaded": "C:\\Windows\\System32\\ntdll.dll", "FileVersion": "6.1.7600.16385 (win7_rtm.090713-1255)", "Description": "NT Layer DLL", "Product": "Microsoft\u00ae Windows\u00ae Operating System", "Company": "Microsoft Corporation", "OriginalFileName": "ntdll.dll", "Hashes": "SHA1=9D56BF20851F26960C4C33DD4BDE84730C8D483F,MD5=F87212E64DE6DACDD55610B847DC2A60,SHA256=3E6EAE61CB3751B05547C3A316420DDDF472774BFA562BF9BF976F8430A2AFD1,IMPHASH=00000000000000000000000000000000", "Signed": "true", "Signature": "Microsoft Windows", "SignatureStatus": "Valid", "_source_file": "data/baseline/win7-x86/Microsoft-Windows-Sysmon%4Operational.evtx"}, {"EventID": 7, "Computer": "evtx-PC", "UtcTime": "2022-04-04 11:19:58.080", "Provider": "Microsoft-Windows-Sysmon", "RuleName": "-", "ProcessGuid": "{e97d4e69-0000-0000-1dbe-090000000000}", "ProcessId": "4932", "Image": "C:\\Windows\\System32\\svchost.exe", "ImageLoaded": "C:\\Windows\\System32\\kernel32.dll", "FileVersion": "6.1.7600.16385 (win7_rtm.090713-1255)", "Description": "Windows NT BASE API Client DLL", "Product": "Microsoft\u00ae Windows\u00ae Operating System", "Company": "Microsoft Corporation", "OriginalFileName": "kernel32", "Hashes": "SHA1=4F0B455C60C4292A488291D8C29F48AEEC7A17E7,MD5=4605F7EE9805F7E1C98D6C959DD2949C,SHA256=AD30100868EB91760D03356330C6F68A5159D48D3C51A8A8A4FAB644B86369B5,IMPHASH=404D2A341C916548A2B0575C72B0E9D6", "Signed": "true", "Signature": "Microsoft Windows", "SignatureStatus": "Valid", "_source_file": "data/baseline/win7-x86/Microsoft-Windows-Sysmon%4Operational.evtx"}, {"EventID": 7, "Computer": "evtx-PC", "UtcTime": "2022-04-04 11:19:57.968", "Provider": "Microsoft-Windows-Sysmon", "RuleName": "-", "ProcessGuid": "{e97d4e69-0000-0000-99ba-090000000000}", "ProcessId": "4892", "Image": "C:\\Windows\\System32\\sppsvc.exe", "ImageLoaded": "C:\\Windows\\System32\\kernel32.dll", "FileVersion": "6.1.7600.16385 (win7_rtm.090713-1255)", "Description": "Windows NT BASE API Client DLL", "Product": "Microsoft\u00ae Windows\u00ae Operating System", "Company": "Microsoft Corporation", "OriginalFileName": "kernel32", "Hashes": "SHA1=4F0B455C60C4292A488291D8C29F48AEEC7A17E7,MD5=4605F7EE9805F7E1C98D6C959DD2949C,SHA256=AD30100868EB91760D03356330C6F68A5159D48D3C51A8A8A4FAB644B86369B5,IMPHASH=404D2A341C916548A2B0575C72B0E9D6", "Signed": "true", "Signature": "Microsoft Windows", "SignatureStatus": "Valid", "_source_file": "data/baseline/win7-x86/Microsoft-Windows-Sysmon%4Operational.evtx"}, {"EventID": 7, "Computer": "evtx-PC", "UtcTime": "2022-04-04 11:19:57.940", "Provider": "Microsoft-Windows-Sysmon", "RuleName": "-", "ProcessGuid": "{e97d4e69-0000-0000-a8b5-090000000000}", "ProcessId": "4872", "Image": "C:\\Program Files\\Google\\Update\\1.3.36.122\\GoogleCrashHandler.exe", "ImageLoaded": "C:\\Windows\\System32\\kernel32.dll", "FileVersion": "6.1.7600.16385 (win7_rtm.090713-1255)", "Description": "Windows NT BASE API Client DLL", "Product": "Microsoft\u00ae Windows\u00ae Operating System", "Company": "Microsoft Corporation", "OriginalFileName": "kernel32", "Hashes": "SHA1=4F0B455C60C4292A488291D8C29F48AEEC7A17E7,MD5=4605F7EE9805F7E1C98D6C959DD2949C,SHA256=AD30100868EB91760D03356330C6F68A5159D48D3C51A8A8A4FAB644B86369B5,IMPHASH=404D2A341C916548A2B0575C72B0E9D6", "Signed": "true", "Signature": "Microsoft Windows", "SignatureStatus": "Valid", "_source_file": "data/baseline/win7-x86/Microsoft-Windows-Sysmon%4Operational.evtx"}, {"EventID": 7, "Computer": "evtx-PC", "UtcTime": "2022-04-04 11:19:57.857", "Provider": "Microsoft-Windows-Sysmon", "RuleName": "-", "ProcessGuid": "{e97d4e69-0000-0000-f5af-090000000000}", "ProcessId": "4848", "Image": "C:\\Program Files\\Google\\Update\\GoogleUpdate.exe", "ImageLoaded": "C:\\Windows\\System32\\kernel32.dll", "FileVersion": "6.1.7600.16385 (win7_rtm.090713-1255)", "Description": "Windows NT BASE API Client DLL", "Product": "Microsoft\u00ae Windows\u00ae Operating System", "Company": "Microsoft Corporation", "OriginalFileName": "kernel32", "Hashes": "SHA1=4F0B455C60C4292A488291D8C29F48AEEC7A17E7,MD5=4605F7EE9805F7E1C98D6C959DD2949C,SHA256=AD30100868EB91760D03356330C6F68A5159D48D3C51A8A8A4FAB644B86369B5,IMPHASH=404D2A341C916548A2B0575C72B0E9D6", "Signed": "true", "Signature": "Microsoft Windows", "SignatureStatus": "Valid", "_source_file": "data/baseline/win7-x86/Microsoft-Windows-Sysmon%4Operational.evtx"}, {"EventID": 7, "Computer": "evtx-PC", "UtcTime": "2022-04-04 11:19:57.690", "Provider": "Microsoft-Windows-Sysmon", "RuleName": "-", "ProcessGuid": "{e97d4e69-0000-0000-94a9-090000000000}", "ProcessId": "4820", "Image": "C:\\Program Files\\Google\\Update\\GoogleUpdate.exe", "ImageLoaded": "C:\\Windows\\System32\\kernel32.dll", "FileVersion": "6.1.7600.16385 (win7_rtm.090713-1255)", "Description": "Windows NT BASE API Client DLL", "Product": "Microsoft\u00ae Windows\u00ae Operating System", "Company": "Microsoft Corporation", "OriginalFileName": "kernel32", "Hashes": "SHA1=4F0B455C60C4292A488291D8C29F48AEEC7A17E7,MD5=4605F7EE9805F7E1C98D6C959DD2949C,SHA256=AD30100868EB91760D03356330C6F68A5159D48D3C51A8A8A4FAB644B86369B5,IMPHASH=404D2A341C916548A2B0575C72B0E9D6", "Signed": "true", "Signature": "Microsoft Windows", "SignatureStatus": "Valid", "_source_file": "data/baseline/win7-x86/Microsoft-Windows-Sysmon%4Operational.evtx"}, {"EventID": 7, "Computer": "evtx-PC", "UtcTime": "2022-04-04 11:19:57.509", "Provider": "Microsoft-Windows-Sysmon", "RuleName": "-", "ProcessGuid": "{e97d4e69-0000-0000-2ea5-090000000000}", "ProcessId": "4788", "Image": "C:\\Windows\\Microsoft.NET\\Framework\\v2.0.50727\\mscorsvw.exe", "ImageLoaded": "C:\\Windows\\System32\\kernel32.dll", "FileVersion": "6.1.7600.16385 (win7_rtm.090713-1255)", "Description": "Windows NT BASE API Client DLL", "Product": "Microsoft\u00ae Windows\u00ae Operating System", "Company": "Microsoft Corporation", "OriginalFileName": "kernel32", "Hashes": "SHA1=4F0B455C60C4292A488291D8C29F48AEEC7A17E7,MD5=4605F7EE9805F7E1C98D6C959DD2949C,SHA256=AD30100868EB91760D03356330C6F68A5159D48D3C51A8A8A4FAB644B86369B5,IMPHASH=404D2A341C916548A2B0575C72B0E9D6", "Signed": "true", "Signature": "Microsoft Windows", "SignatureStatus": "Valid", "_source_file": "data/baseline/win7-x86/Microsoft-Windows-Sysmon%4Operational.evtx"}, {"EventID": 7, "Computer": "evtx-PC", "UtcTime": "2022-04-04 11:19:58.080", "Provider": "Microsoft-Windows-Sysmon", "RuleName": "-", "ProcessGuid": "{e97d4e69-0000-0000-1dbe-090000000000}", "ProcessId": "4932", "Image": "C:\\Windows\\System32\\svchost.exe", "ImageLoaded": "C:\\Windows\\System32\\KernelBase.dll", "FileVersion": "6.1.7600.16385 (win7_rtm.090713-1255)", "Description": "Windows NT BASE API Client DLL", "Product": "Microsoft\u00ae Windows\u00ae Operating System", "Company": "Microsoft Corporation", "OriginalFileName": "Kernelbase", "Hashes": "SHA1=4DC055D5D64F5BA45347E0A5A372C306E65FA639,MD5=B03C89367C03C19A742482DC78904DD0,SHA256=776A1CE170D3054CAB68E00FBF26148184C2C4FE4529DB6966359F0FB01DB1AE,IMPHASH=42A9DE385BBA8B87B1179593596872E0", "Signed": "true", "Signature": "Microsoft Windows", "SignatureStatus": "Valid", "_source_file": "data/baseline/win7-x86/Microsoft-Windows-Sysmon%4Operational.evtx"}, {"EventID": 7, "Computer": "evtx-PC", "UtcTime": "2022-04-04 11:19:57.968", "Provider": "Microsoft-Windows-Sysmon", "RuleName": "-", "ProcessGuid": "{e97d4e69-0000-0000-99ba-090000000000}", "ProcessId": "4892", "Image": "C:\\Windows\\System32\\sppsvc.exe", "ImageLoaded": "C:\\Windows\\System32\\KernelBase.dll", "FileVersion": "6.1.7600.16385 (win7_rtm.090713-1255)", "Description": "Windows NT BASE API Client DLL", "Product": "Microsoft\u00ae Windows\u00ae Operating System", "Company": "Microsoft Corporation", "OriginalFileName": "Kernelbase", "Hashes": "SHA1=4DC055D5D64F5BA45347E0A5A372C306E65FA639,MD5=B03C89367C03C19A742482DC78904DD0,SHA256=776A1CE170D3054CAB68E00FBF26148184C2C4FE4529DB6966359F0FB01DB1AE,IMPHASH=42A9DE385BBA8B87B1179593596872E0", "Signed": "true", "Signature": "Microsoft Windows", "SignatureStatus": "Valid", "_source_file": "data/baseline/win7-x86/Microsoft-Windows-Sysmon%4Operational.evtx"}, {"EventID": 7, "Computer": "evtx-PC", "UtcTime": "2022-04-04 11:19:57.940", "Provider": "Microsoft-Windows-Sysmon", "RuleName": "-", "ProcessGuid": "{e97d4e69-0000-0000-a8b5-090000000000}", "ProcessId": "4872", "Image": "C:\\Program Files\\Google\\Update\\1.3.36.122\\GoogleCrashHandler.exe", "ImageLoaded": "C:\\Windows\\System32\\KernelBase.dll", "FileVersion": "6.1.7600.16385 (win7_rtm.090713-1255)", "Description": "Windows NT BASE API Client DLL", "Product": "Microsoft\u00ae Windows\u00ae Operating System", "Company": "Microsoft Corporation", "OriginalFileName": "Kernelbase", "Hashes": "SHA1=4DC055D5D64F5BA45347E0A5A372C306E65FA639,MD5=B03C89367C03C19A742482DC78904DD0,SHA256=776A1CE170D3054CAB68E00FBF26148184C2C4FE4529DB6966359F0FB01DB1AE,IMPHASH=42A9DE385BBA8B87B1179593596872E0", "Signed": "true", "Signature": "Microsoft Windows", "SignatureStatus": "Valid", "_source_file": "data/baseline/win7-x86/Microsoft-Windows-Sysmon%4Operational.evtx"}, {"EventID": 7, "Computer": "evtx-PC", "UtcTime": "2022-04-04 11:19:57.857", "Provider": "Microsoft-Windows-Sysmon", "RuleName": "-", "ProcessGuid": "{e97d4e69-0000-0000-f5af-090000000000}", "ProcessId": "4848", "Image": "C:\\Program Files\\Google\\Update\\GoogleUpdate.exe", "ImageLoaded": "C:\\Windows\\System32\\KernelBase.dll", "FileVersion": "6.1.7600.16385 (win7_rtm.090713-1255)", "Description": "Windows NT BASE API Client DLL", "Product": "Microsoft\u00ae Windows\u00ae Operating System", "Company": "Microsoft Corporation", "OriginalFileName": "Kernelbase", "Hashes": "SHA1=4DC055D5D64F5BA45347E0A5A372C306E65FA639,MD5=B03C89367C03C19A742482DC78904DD0,SHA256=776A1CE170D3054CAB68E00FBF26148184C2C4FE4529DB6966359F0FB01DB1AE,IMPHASH=42A9DE385BBA8B87B1179593596872E0", "Signed": "true", "Signature": "Microsoft Windows", "SignatureStatus": "Valid", "_source_file": "data/baseline/win7-x86/Microsoft-Windows-Sysmon%4Operational.evtx"}, {"EventID": 7, "Computer": "evtx-PC", "UtcTime": "2022-04-04 11:19:57.690", "Provider": "Microsoft-Windows-Sysmon", "RuleName": "-", "ProcessGuid": "{e97d4e69-0000-0000-94a9-090000000000}", "ProcessId": "4820", "Image": "C:\\Program Files\\Google\\Update\\GoogleUpdate.exe", "ImageLoaded": "C:\\Windows\\System32\\KernelBase.dll", "FileVersion": "6.1.7600.16385 (win7_rtm.090713-1255)", "Description": "Windows NT BASE API Client DLL", "Product": "Microsoft\u00ae Windows\u00ae Operating System", "Company": "Microsoft Corporation", "OriginalFileName": "Kernelbase", "Hashes": "SHA1=4DC055D5D64F5BA45347E0A5A372C306E65FA639,MD5=B03C89367C03C19A742482DC78904DD0,SHA256=776A1CE170D3054CAB68E00FBF26148184C2C4FE4529DB6966359F0FB01DB1AE,IMPHASH=42A9DE385BBA8B87B1179593596872E0", "Signed": "true", "Signature": "Microsoft Windows", "SignatureStatus": "Valid", "_source_file": "data/baseline/win7-x86/Microsoft-Windows-Sysmon%4Operational.evtx"}, {"EventID": 7, "Computer": "evtx-PC", "UtcTime": "2022-04-04 11:19:57.509", "Provider": "Microsoft-Windows-Sysmon", "RuleName": "-", "ProcessGuid": "{e97d4e69-0000-0000-2ea5-090000000000}", "ProcessId": "4788", "Image": "C:\\Windows\\Microsoft.NET\\Framework\\v2.0.50727\\mscorsvw.exe", "ImageLoaded": "C:\\Windows\\System32\\KernelBase.dll", "FileVersion": "6.1.7600.16385 (win7_rtm.090713-1255)", "Description": "Windows NT BASE API Client DLL", "Product": "Microsoft\u00ae Windows\u00ae Operating System", "Company": "Microsoft Corporation", "OriginalFileName": "Kernelbase", "Hashes": "SHA1=4DC055D5D64F5BA45347E0A5A372C306E65FA639,MD5=B03C89367C03C19A742482DC78904DD0,SHA256=776A1CE170D3054CAB68E00FBF26148184C2C4FE4529DB6966359F0FB01DB1AE,IMPHASH=42A9DE385BBA8B87B1179593596872E0", "Signed": "true", "Signature": "Microsoft Windows", "SignatureStatus": "Valid", "_source_file": "data/baseline/win7-x86/Microsoft-Windows-Sysmon%4Operational.evtx"}, {"EventID": 7, "Computer": "evtx-PC", "UtcTime": "2022-04-04 11:19:57.523", "Provider": "Microsoft-Windows-Sysmon", "RuleName": "-", "ProcessGuid": "{e97d4e69-0000-0000-2ea5-090000000000}", "ProcessId": "4788", "Image": "C:\\Windows\\Microsoft.NET\\Framework\\v2.0.50727\\mscorsvw.exe", "ImageLoaded": "C:\\Windows\\System32\\mscoree.dll", "FileVersion": "2.0.50727.4927 (NetFXspW7.050727-4900)", "Description": "Microsoft .NET Runtime Execution Engine", "Product": "Microsoft\u00ae .NET Framework", "Company": "Microsoft Corporation", "OriginalFileName": "mscoree.dll", "Hashes": "SHA1=75148E5C9B2D95A3C282D3FE2EB50E20F448C358,MD5=3CDEDF4059A2BDBB9CD888EA1979D54C,SHA256=897C34FDC02D5C326896C998B19257A276062DD93EE48A33ED9E3F383CDD1C6C,IMPHASH=5C36730B8339665B220028B82C41AFA2", "Signed": "true", "Signature": "Microsoft Corporation", "SignatureStatus": "Valid", "_source_file": "data/baseline/win7-x86/Microsoft-Windows-Sysmon%4Operational.evtx"}, {"EventID": 7, "Computer": "evtx-PC", "UtcTime": "2022-04-04 11:19:57.523", "Provider": "Microsoft-Windows-Sysmon", "RuleName": "-", "ProcessGuid": "{e97d4e69-0000-0000-2ea5-090000000000}", "ProcessId": "4788", "Image": "C:\\Windows\\Microsoft.NET\\Framework\\v2.0.50727\\mscorsvw.exe", "ImageLoaded": "C:\\Windows\\winsxs\\x86_microsoft.vc80.crt_1fc8b3b9a1e18e3b_8.0.50727.4927_none_d08a205e442db5b5\\msvcr80.dll", "FileVersion": "8.00.50727.4927", "Description": "Microsoft\u00ae C Runtime Library", "Product": "Microsoft\u00ae Visual Studio\u00ae 2005", "Company": "Microsoft Corporation", "OriginalFileName": "MSVCR80.DLL", "Hashes": "SHA1=9E25DC6221799346777D0ECF045309B9A6075935,MD5=C4E9E285E1730D864DD4B35B73CDAFDB,SHA256=4A7097054C88C459B301171615640D4895BD2EEFAB0806A91CDF8F7906B543A4,IMPHASH=7FECBC4A16A5DC85A5394A1DF6217680", "Signed": "true", "Signature": "Microsoft Corporation", "SignatureStatus": "Valid", "_source_file": "data/baseline/win7-x86/Microsoft-Windows-Sysmon%4Operational.evtx"}, {"EventID": 7, "Computer": "evtx-PC", "UtcTime": "2022-04-04 11:19:58.080", "Provider": "Microsoft-Windows-Sysmon", "RuleName": "-", "ProcessGuid": "{e97d4e69-0000-0000-1dbe-090000000000}", "ProcessId": "4932", "Image": "C:\\Windows\\System32\\svchost.exe", "ImageLoaded": "C:\\Windows\\System32\\msvcrt.dll", "FileVersion": "7.0.7600.16385 (win7_rtm.090713-1255)", "Description": "Windows NT CRT DLL", "Product": "Microsoft\u00ae Windows\u00ae Operating System", "Company": "Microsoft Corporation", "OriginalFileName": "msvcrt.dll", "Hashes": "SHA1=9D936EAA33418B995DD2B1B80DADA9BE4315D766,MD5=E46D48A7FE961401F1CBF85531CDF05D,SHA256=24CA38641020FF9E07E16CE3992212E2BFD2759E902D12744D4989ADF11995BF,IMPHASH=3215AF17EF09211D40D007CC900160F9", "Signed": "true", "Signature": "Microsoft Windows", "SignatureStatus": "Valid", "_source_file": "data/baseline/win7-x86/Microsoft-Windows-Sysmon%4Operational.evtx"}, {"EventID": 7, "Computer": "evtx-PC", "UtcTime": "2022-04-04 11:19:57.968", "Provider": "Microsoft-Windows-Sysmon", "RuleName": "-", "ProcessGuid": "{e97d4e69-0000-0000-99ba-090000000000}", "ProcessId": "4892", "Image": "C:\\Windows\\System32\\sppsvc.exe", "ImageLoaded": "C:\\Windows\\System32\\msvcrt.dll", "FileVersion": "7.0.7600.16385 (win7_rtm.090713-1255)", "Description": "Windows NT CRT DLL", "Product": "Microsoft\u00ae Windows\u00ae Operating System", "Company": "Microsoft Corporation", "OriginalFileName": "msvcrt.dll", "Hashes": "SHA1=9D936EAA33418B995DD2B1B80DADA9BE4315D766,MD5=E46D48A7FE961401F1CBF85531CDF05D,SHA256=24CA38641020FF9E07E16CE3992212E2BFD2759E902D12744D4989ADF11995BF,IMPHASH=3215AF17EF09211D40D007CC900160F9", "Signed": "true", "Signature": "Microsoft Windows", "SignatureStatus": "Valid", "_source_file": "data/baseline/win7-x86/Microsoft-Windows-Sysmon%4Operational.evtx"}, {"EventID": 7, "Computer": "evtx-PC", "UtcTime": "2022-04-04 11:19:57.940", "Provider": "Microsoft-Windows-Sysmon", "RuleName": "-", "ProcessGuid": "{e97d4e69-0000-0000-a8b5-090000000000}", "ProcessId": "4872", "Image": "C:\\Program Files\\Google\\Update\\1.3.36.122\\GoogleCrashHandler.exe", "ImageLoaded": "C:\\Windows\\System32\\msvcrt.dll", "FileVersion": "7.0.7600.16385 (win7_rtm.090713-1255)", "Description": "Windows NT CRT DLL", "Product": "Microsoft\u00ae Windows\u00ae Operating System", "Company": "Microsoft Corporation", "OriginalFileName": "msvcrt.dll", "Hashes": "SHA1=9D936EAA33418B995DD2B1B80DADA9BE4315D766,MD5=E46D48A7FE961401F1CBF85531CDF05D,SHA256=24CA38641020FF9E07E16CE3992212E2BFD2759E902D12744D4989ADF11995BF,IMPHASH=3215AF17EF09211D40D007CC900160F9", "Signed": "true", "Signature": "Microsoft Windows", "SignatureStatus": "Valid", "_source_file": "data/baseline/win7-x86/Microsoft-Windows-Sysmon%4Operational.evtx"}, {"EventID": 7, "Computer": "evtx-PC", "UtcTime": "2022-04-04 11:19:57.857", "Provider": "Microsoft-Windows-Sysmon", "RuleName": "-", "ProcessGuid": "{e97d4e69-0000-0000-f5af-090000000000}", "ProcessId": "4848", "Image": "C:\\Program Files\\Google\\Update\\GoogleUpdate.exe", "ImageLoaded": "C:\\Windows\\System32\\msvcrt.dll", "FileVersion": "7.0.7600.16385 (win7_rtm.090713-1255)", "Description": "Windows NT CRT DLL", "Product": "Microsoft\u00ae Windows\u00ae Operating System", "Company": "Microsoft Corporation", "OriginalFileName": "msvcrt.dll", "Hashes": "SHA1=9D936EAA33418B995DD2B1B80DADA9BE4315D766,MD5=E46D48A7FE961401F1CBF85531CDF05D,SHA256=24CA38641020FF9E07E16CE3992212E2BFD2759E902D12744D4989ADF11995BF,IMPHASH=3215AF17EF09211D40D007CC900160F9", "Signed": "true", "Signature": "Microsoft Windows", "SignatureStatus": "Valid", "_source_file": "data/baseline/win7-x86/Microsoft-Windows-Sysmon%4Operational.evtx"}, {"EventID": 7, "Computer": "evtx-PC", "UtcTime": "2022-04-04 11:19:57.690", "Provider": "Microsoft-Windows-Sysmon", "RuleName": "-", "ProcessGuid": "{e97d4e69-0000-0000-94a9-090000000000}", "ProcessId": "4820", "Image": "C:\\Program Files\\Google\\Update\\GoogleUpdate.exe", "ImageLoaded": "C:\\Windows\\System32\\msvcrt.dll", "FileVersion": "7.0.7600.16385 (win7_rtm.090713-1255)", "Description": "Windows NT CRT DLL", "Product": "Microsoft\u00ae Windows\u00ae Operating System", "Company": "Microsoft Corporation", "OriginalFileName": "msvcrt.dll", "Hashes": "SHA1=9D936EAA33418B995DD2B1B80DADA9BE4315D766,MD5=E46D48A7FE961401F1CBF85531CDF05D,SHA256=24CA38641020FF9E07E16CE3992212E2BFD2759E902D12744D4989ADF11995BF,IMPHASH=3215AF17EF09211D40D007CC900160F9", "Signed": "true", "Signature": "Microsoft Windows", "SignatureStatus": "Valid", "_source_file": "data/baseline/win7-x86/Microsoft-Windows-Sysmon%4Operational.evtx"}, {"EventID": 7, "Computer": "evtx-PC", "UtcTime": "2022-04-04 11:19:57.537", "Provider": "Microsoft-Windows-Sysmon", "RuleName": "-", "ProcessGuid": "{e97d4e69-0000-0000-2ea5-090000000000}", "ProcessId": "4788", "Image": "C:\\Windows\\Microsoft.NET\\Framework\\v2.0.50727\\mscorsvw.exe", "ImageLoaded": "C:\\Windows\\System32\\msvcrt.dll", "FileVersion": "7.0.7600.16385 (win7_rtm.090713-1255)", "Description": "Windows NT CRT DLL", "Product": "Microsoft\u00ae Windows\u00ae Operating System", "Company": "Microsoft Corporation", "OriginalFileName": "msvcrt.dll", "Hashes": "SHA1=9D936EAA33418B995DD2B1B80DADA9BE4315D766,MD5=E46D48A7FE961401F1CBF85531CDF05D,SHA256=24CA38641020FF9E07E16CE3992212E2BFD2759E902D12744D4989ADF11995BF,IMPHASH=3215AF17EF09211D40D007CC900160F9", "Signed": "true", "Signature": "Microsoft Windows", "SignatureStatus": "Valid", "_source_file": "data/baseline/win7-x86/Microsoft-Windows-Sysmon%4Operational.evtx"}, {"EventID": 7, "Computer": "evtx-PC", "UtcTime": "2022-04-04 11:19:58.093", "Provider": "Microsoft-Windows-Sysmon", "RuleName": "-", "ProcessGuid": "{e97d4e69-0000-0000-1dbe-090000000000}", "ProcessId": "4932", "Image": "C:\\Windows\\System32\\svchost.exe", "ImageLoaded": "C:\\Windows\\System32\\advapi32.dll", "FileVersion": "6.1.7600.16385 (win7_rtm.090713-1255)", "Description": "Advanced Windows 32 Base API", "Product": "Microsoft\u00ae Windows\u00ae Operating System", "Company": "Microsoft Corporation", "OriginalFileName": "advapi32.dll", "Hashes": "SHA1=1138E3976F45590DFA26ABDFF2203F410F951B3D,MD5=0C65FA8214D6F8378D1D3BA1CA46AF0A,SHA256=C8D0226F39A9DE3B871E84BB6B14975CBBE16A34ADAACBC33ACF726EE6E17104,IMPHASH=56357721DFDF00B68C7BE9D465E71475", "Signed": "true", "Signature": "Microsoft Windows", "SignatureStatus": "Valid", "_source_file": "data/baseline/win7-x86/Microsoft-Windows-Sysmon%4Operational.evtx"}, {"EventID": 7, "Computer": "evtx-PC", "UtcTime": "2022-04-04 11:19:57.968", "Provider": "Microsoft-Windows-Sysmon", "RuleName": "-", "ProcessGuid": "{e97d4e69-0000-0000-99ba-090000000000}", "ProcessId": "4892", "Image": "C:\\Windows\\System32\\sppsvc.exe", "ImageLoaded": "C:\\Windows\\System32\\advapi32.dll", "FileVersion": "6.1.7600.16385 (win7_rtm.090713-1255)", "Description": "Advanced Windows 32 Base API", "Product": "Microsoft\u00ae Windows\u00ae Operating System", "Company": "Microsoft Corporation", "OriginalFileName": "advapi32.dll", "Hashes": "SHA1=1138E3976F45590DFA26ABDFF2203F410F951B3D,MD5=0C65FA8214D6F8378D1D3BA1CA46AF0A,SHA256=C8D0226F39A9DE3B871E84BB6B14975CBBE16A34ADAACBC33ACF726EE6E17104,IMPHASH=56357721DFDF00B68C7BE9D465E71475", "Signed": "true", "Signature": "Microsoft Windows", "SignatureStatus": "Valid", "_source_file": "data/baseline/win7-x86/Microsoft-Windows-Sysmon%4Operational.evtx"}, {"EventID": 7, "Computer": "evtx-PC", "UtcTime": "2022-04-04 11:19:57.940", "Provider": "Microsoft-Windows-Sysmon", "RuleName": "-", "ProcessGuid": "{e97d4e69-0000-0000-a8b5-090000000000}", "ProcessId": "4872", "Image": "C:\\Program Files\\Google\\Update\\1.3.36.122\\GoogleCrashHandler.exe", "ImageLoaded": "C:\\Windows\\System32\\advapi32.dll", "FileVersion": "6.1.7600.16385 (win7_rtm.090713-1255)", "Description": "Advanced Windows 32 Base API", "Product": "Microsoft\u00ae Windows\u00ae Operating System", "Company": "Microsoft Corporation", "OriginalFileName": "advapi32.dll", "Hashes": "SHA1=1138E3976F45590DFA26ABDFF2203F410F951B3D,MD5=0C65FA8214D6F8378D1D3BA1CA46AF0A,SHA256=C8D0226F39A9DE3B871E84BB6B14975CBBE16A34ADAACBC33ACF726EE6E17104,IMPHASH=56357721DFDF00B68C7BE9D465E71475", "Signed": "true", "Signature": "Microsoft Windows", "SignatureStatus": "Valid", "_source_file": "data/baseline/win7-x86/Microsoft-Windows-Sysmon%4Operational.evtx"}, {"EventID": 7, "Computer": "evtx-PC", "UtcTime": "2022-04-04 11:19:57.857", "Provider": "Microsoft-Windows-Sysmon", "RuleName": "-", "ProcessGuid": "{e97d4e69-0000-0000-f5af-090000000000}", "ProcessId": "4848", "Image": "C:\\Program Files\\Google\\Update\\GoogleUpdate.exe", "ImageLoaded": "C:\\Windows\\System32\\advapi32.dll", "FileVersion": "6.1.7600.16385 (win7_rtm.090713-1255)", "Description": "Advanced Windows 32 Base API", "Product": "Microsoft\u00ae Windows\u00ae Operating System", "Company": "Microsoft Corporation", "OriginalFileName": "advapi32.dll", "Hashes": "SHA1=1138E3976F45590DFA26ABDFF2203F410F951B3D,MD5=0C65FA8214D6F8378D1D3BA1CA46AF0A,SHA256=C8D0226F39A9DE3B871E84BB6B14975CBBE16A34ADAACBC33ACF726EE6E17104,IMPHASH=56357721DFDF00B68C7BE9D465E71475", "Signed": "true", "Signature": "Microsoft Windows", "SignatureStatus": "Valid", "_source_file": "data/baseline/win7-x86/Microsoft-Windows-Sysmon%4Operational.evtx"}, {"EventID": 7, "Computer": "evtx-PC", "UtcTime": "2022-04-04 11:19:57.690", "Provider": "Microsoft-Windows-Sysmon", "RuleName": "-", "ProcessGuid": "{e97d4e69-0000-0000-94a9-090000000000}", "ProcessId": "4820", "Image": "C:\\Program Files\\Google\\Update\\GoogleUpdate.exe", "ImageLoaded": "C:\\Windows\\System32\\advapi32.dll", "FileVersion": "6.1.7600.16385 (win7_rtm.090713-1255)", "Description": "Advanced Windows 32 Base API", "Product": "Microsoft\u00ae Windows\u00ae Operating System", "Company": "Microsoft Corporation", "OriginalFileName": "advapi32.dll", "Hashes": "SHA1=1138E3976F45590DFA26ABDFF2203F410F951B3D,MD5=0C65FA8214D6F8378D1D3BA1CA46AF0A,SHA256=C8D0226F39A9DE3B871E84BB6B14975CBBE16A34ADAACBC33ACF726EE6E17104,IMPHASH=56357721DFDF00B68C7BE9D465E71475", "Signed": "true", "Signature": "Microsoft Windows", "SignatureStatus": "Valid", "_source_file": "data/baseline/win7-x86/Microsoft-Windows-Sysmon%4Operational.evtx"}, {"EventID": 7, "Computer": "evtx-PC", "UtcTime": "2022-04-04 11:19:57.537", "Provider": "Microsoft-Windows-Sysmon", "RuleName": "-", "ProcessGuid": "{e97d4e69-0000-0000-2ea5-090000000000}", "ProcessId": "4788", "Image": "C:\\Windows\\Microsoft.NET\\Framework\\v2.0.50727\\mscorsvw.exe", "ImageLoaded": "C:\\Windows\\System32\\advapi32.dll", "FileVersion": "6.1.7600.16385 (win7_rtm.090713-1255)", "Description": "Advanced Windows 32 Base API", "Product": "Microsoft\u00ae Windows\u00ae Operating System", "Company": "Microsoft Corporation", "OriginalFileName": "advapi32.dll", "Hashes": "SHA1=1138E3976F45590DFA26ABDFF2203F410F951B3D,MD5=0C65FA8214D6F8378D1D3BA1CA46AF0A,SHA256=C8D0226F39A9DE3B871E84BB6B14975CBBE16A34ADAACBC33ACF726EE6E17104,IMPHASH=56357721DFDF00B68C7BE9D465E71475", "Signed": "true", "Signature": "Microsoft Windows", "SignatureStatus": "Valid", "_source_file": "data/baseline/win7-x86/Microsoft-Windows-Sysmon%4Operational.evtx"}, {"EventID": 7, "Computer": "evtx-PC", "UtcTime": "2022-04-04 11:19:58.080", "Provider": "Microsoft-Windows-Sysmon", "RuleName": "-", "ProcessGuid": "{e97d4e69-0000-0000-1dbe-090000000000}", "ProcessId": "4932", "Image": "C:\\Windows\\System32\\svchost.exe", "ImageLoaded": "C:\\Windows\\System32\\sechost.dll", "FileVersion": "6.1.7600.16385 (win7_rtm.090713-1255)", "Description": "Host for SCM/SDDL/LSA Lookup APIs", "Product": "Microsoft\u00ae Windows\u00ae Operating System", "Company": "Microsoft Corporation", "OriginalFileName": "sechost.dll", "Hashes": "SHA1=2AE4EA1E2F2248A86F0DD25A1CBF828B5496FA79,MD5=CFC97F07904067A1E5FAE195D534DA3A,SHA256=EB4D2D127312EB09E2ACCA3276779E80F90FAF77322684BABF72B8EC6E1F906C,IMPHASH=EA4ECF88B72B274A5F31593043F273C9", "Signed": "true", "Signature": "Microsoft Windows", "SignatureStatus": "Valid", "_source_file": "data/baseline/win7-x86/Microsoft-Windows-Sysmon%4Operational.evtx"}, {"EventID": 7, "Computer": "evtx-PC", "UtcTime": "2022-04-04 11:19:57.968", "Provider": "Microsoft-Windows-Sysmon", "RuleName": "-", "ProcessGuid": "{e97d4e69-0000-0000-99ba-090000000000}", "ProcessId": "4892", "Image": "C:\\Windows\\System32\\sppsvc.exe", "ImageLoaded": "C:\\Windows\\System32\\sechost.dll", "FileVersion": "6.1.7600.16385 (win7_rtm.090713-1255)", "Description": "Host for SCM/SDDL/LSA Lookup APIs", "Product": "Microsoft\u00ae Windows\u00ae Operating System", "Company": "Microsoft Corporation", "OriginalFileName": "sechost.dll", "Hashes": "SHA1=2AE4EA1E2F2248A86F0DD25A1CBF828B5496FA79,MD5=CFC97F07904067A1E5FAE195D534DA3A,SHA256=EB4D2D127312EB09E2ACCA3276779E80F90FAF77322684BABF72B8EC6E1F906C,IMPHASH=EA4ECF88B72B274A5F31593043F273C9", "Signed": "true", "Signature": "Microsoft Windows", "SignatureStatus": "Valid", "_source_file": "data/baseline/win7-x86/Microsoft-Windows-Sysmon%4Operational.evtx"}, {"EventID": 7, "Computer": "evtx-PC", "UtcTime": "2022-04-04 11:19:57.940", "Provider": "Microsoft-Windows-Sysmon", "RuleName": "-", "ProcessGuid": "{e97d4e69-0000-0000-a8b5-090000000000}", "ProcessId": "4872", "Image": "C:\\Program Files\\Google\\Update\\1.3.36.122\\GoogleCrashHandler.exe", "ImageLoaded": "C:\\Windows\\System32\\sechost.dll", "FileVersion": "6.1.7600.16385 (win7_rtm.090713-1255)", "Description": "Host for SCM/SDDL/LSA Lookup APIs", "Product": "Microsoft\u00ae Windows\u00ae Operating System", "Company": "Microsoft Corporation", "OriginalFileName": "sechost.dll", "Hashes": "SHA1=2AE4EA1E2F2248A86F0DD25A1CBF828B5496FA79,MD5=CFC97F07904067A1E5FAE195D534DA3A,SHA256=EB4D2D127312EB09E2ACCA3276779E80F90FAF77322684BABF72B8EC6E1F906C,IMPHASH=EA4ECF88B72B274A5F31593043F273C9", "Signed": "true", "Signature": "Microsoft Windows", "SignatureStatus": "Valid", "_source_file": "data/baseline/win7-x86/Microsoft-Windows-Sysmon%4Operational.evtx"}, {"EventID": 7, "Computer": "evtx-PC", "UtcTime": "2022-04-04 11:19:57.857", "Provider": "Microsoft-Windows-Sysmon", "RuleName": "-", "ProcessGuid": "{e97d4e69-0000-0000-f5af-090000000000}", "ProcessId": "4848", "Image": "C:\\Program Files\\Google\\Update\\GoogleUpdate.exe", "ImageLoaded": "C:\\Windows\\System32\\sechost.dll", "FileVersion": "6.1.7600.16385 (win7_rtm.090713-1255)", "Description": "Host for SCM/SDDL/LSA Lookup APIs", "Product": "Microsoft\u00ae Windows\u00ae Operating System", "Company": "Microsoft Corporation", "OriginalFileName": "sechost.dll", "Hashes": "SHA1=2AE4EA1E2F2248A86F0DD25A1CBF828B5496FA79,MD5=CFC97F07904067A1E5FAE195D534DA3A,SHA256=EB4D2D127312EB09E2ACCA3276779E80F90FAF77322684BABF72B8EC6E1F906C,IMPHASH=EA4ECF88B72B274A5F31593043F273C9", "Signed": "true", "Signature": "Microsoft Windows", "SignatureStatus": "Valid", "_source_file": "data/baseline/win7-x86/Microsoft-Windows-Sysmon%4Operational.evtx"}, {"EventID": 7, "Computer": "evtx-PC", "UtcTime": "2022-04-04 11:19:57.690", "Provider": "Microsoft-Windows-Sysmon", "RuleName": "-", "ProcessGuid": "{e97d4e69-0000-0000-94a9-090000000000}", "ProcessId": "4820", "Image": "C:\\Program Files\\Google\\Update\\GoogleUpdate.exe", "ImageLoaded": "C:\\Windows\\System32\\sechost.dll", "FileVersion": "6.1.7600.16385 (win7_rtm.090713-1255)", "Description": "Host for SCM/SDDL/LSA Lookup APIs", "Product": "Microsoft\u00ae Windows\u00ae Operating System", "Company": "Microsoft Corporation", "OriginalFileName": "sechost.dll", "Hashes": "SHA1=2AE4EA1E2F2248A86F0DD25A1CBF828B5496FA79,MD5=CFC97F07904067A1E5FAE195D534DA3A,SHA256=EB4D2D127312EB09E2ACCA3276779E80F90FAF77322684BABF72B8EC6E1F906C,IMPHASH=EA4ECF88B72B274A5F31593043F273C9", "Signed": "true", "Signature": "Microsoft Windows", "SignatureStatus": "Valid", "_source_file": "data/baseline/win7-x86/Microsoft-Windows-Sysmon%4Operational.evtx"}, {"EventID": 7, "Computer": "evtx-PC", "UtcTime": "2022-04-04 11:19:57.537", "Provider": "Microsoft-Windows-Sysmon", "RuleName": "-", "ProcessGuid": "{e97d4e69-0000-0000-2ea5-090000000000}", "ProcessId": "4788", "Image": "C:\\Windows\\Microsoft.NET\\Framework\\v2.0.50727\\mscorsvw.exe", "ImageLoaded": "C:\\Windows\\System32\\sechost.dll", "FileVersion": "6.1.7600.16385 (win7_rtm.090713-1255)", "Description": "Host for SCM/SDDL/LSA Lookup APIs", "Product": "Microsoft\u00ae Windows\u00ae Operating System", "Company": "Microsoft Corporation", "OriginalFileName": "sechost.dll", "Hashes": "SHA1=2AE4EA1E2F2248A86F0DD25A1CBF828B5496FA79,MD5=CFC97F07904067A1E5FAE195D534DA3A,SHA256=EB4D2D127312EB09E2ACCA3276779E80F90FAF77322684BABF72B8EC6E1F906C,IMPHASH=EA4ECF88B72B274A5F31593043F273C9", "Signed": "true", "Signature": "Microsoft Windows", "SignatureStatus": "Valid", "_source_file": "data/baseline/win7-x86/Microsoft-Windows-Sysmon%4Operational.evtx"}, {"EventID": 7, "Computer": "evtx-PC", "UtcTime": "2022-04-04 11:19:58.080", "Provider": "Microsoft-Windows-Sysmon", "RuleName": "-", "ProcessGuid": "{e97d4e69-0000-0000-1dbe-090000000000}", "ProcessId": "4932", "Image": "C:\\Windows\\System32\\svchost.exe", "ImageLoaded": "C:\\Windows\\System32\\rpcrt4.dll", "FileVersion": "6.1.7600.16385 (win7_rtm.090713-1255)", "Description": "Remote Procedure Call Runtime", "Product": "Microsoft\u00ae Windows\u00ae Operating System", "Company": "Microsoft Corporation", "OriginalFileName": "rpcrt4.dll", "Hashes": "SHA1=3479588BEAE0CEE8256F6CCD24E4D2F9BAEDB46B,MD5=416D1DC8224A64B8C59DF79096EE6D1D,SHA256=CCC899FEAB2B25DC42992D9A18C71926C2CE2AFD2DB62376E60164C636546EEA,IMPHASH=980219E953D15459E4AD563CE0370930", "Signed": "true", "Signature": "Microsoft Windows", "SignatureStatus": "Valid", "_source_file": "data/baseline/win7-x86/Microsoft-Windows-Sysmon%4Operational.evtx"}, {"EventID": 7, "Computer": "evtx-PC", "UtcTime": "2022-04-04 11:19:57.968", "Provider": "Microsoft-Windows-Sysmon", "RuleName": "-", "ProcessGuid": "{e97d4e69-0000-0000-99ba-090000000000}", "ProcessId": "4892", "Image": "C:\\Windows\\System32\\sppsvc.exe", "ImageLoaded": "C:\\Windows\\System32\\rpcrt4.dll", "FileVersion": "6.1.7600.16385 (win7_rtm.090713-1255)", "Description": "Remote Procedure Call Runtime", "Product": "Microsoft\u00ae Windows\u00ae Operating System", "Company": "Microsoft Corporation", "OriginalFileName": "rpcrt4.dll", "Hashes": "SHA1=3479588BEAE0CEE8256F6CCD24E4D2F9BAEDB46B,MD5=416D1DC8224A64B8C59DF79096EE6D1D,SHA256=CCC899FEAB2B25DC42992D9A18C71926C2CE2AFD2DB62376E60164C636546EEA,IMPHASH=980219E953D15459E4AD563CE0370930", "Signed": "true", "Signature": "Microsoft Windows", "SignatureStatus": "Valid", "_source_file": "data/baseline/win7-x86/Microsoft-Windows-Sysmon%4Operational.evtx"}, {"EventID": 7, "Computer": "evtx-PC", "UtcTime": "2022-04-04 11:19:57.954", "Provider": "Microsoft-Windows-Sysmon", "RuleName": "-", "ProcessGuid": "{e97d4e69-0000-0000-a8b5-090000000000}", "ProcessId": "4872", "Image": "C:\\Program Files\\Google\\Update\\1.3.36.122\\GoogleCrashHandler.exe", "ImageLoaded": "C:\\Windows\\System32\\rpcrt4.dll", "FileVersion": "6.1.7600.16385 (win7_rtm.090713-1255)", "Description": "Remote Procedure Call Runtime", "Product": "Microsoft\u00ae Windows\u00ae Operating System", "Company": "Microsoft Corporation", "OriginalFileName": "rpcrt4.dll", "Hashes": "SHA1=3479588BEAE0CEE8256F6CCD24E4D2F9BAEDB46B,MD5=416D1DC8224A64B8C59DF79096EE6D1D,SHA256=CCC899FEAB2B25DC42992D9A18C71926C2CE2AFD2DB62376E60164C636546EEA,IMPHASH=980219E953D15459E4AD563CE0370930", "Signed": "true", "Signature": "Microsoft Windows", "SignatureStatus": "Valid", "_source_file": "data/baseline/win7-x86/Microsoft-Windows-Sysmon%4Operational.evtx"}, {"EventID": 7, "Computer": "evtx-PC", "UtcTime": "2022-04-04 11:19:57.857", "Provider": "Microsoft-Windows-Sysmon", "RuleName": "-", "ProcessGuid": "{e97d4e69-0000-0000-f5af-090000000000}", "ProcessId": "4848", "Image": "C:\\Program Files\\Google\\Update\\GoogleUpdate.exe", "ImageLoaded": "C:\\Windows\\System32\\rpcrt4.dll", "FileVersion": "6.1.7600.16385 (win7_rtm.090713-1255)", "Description": "Remote Procedure Call Runtime", "Product": "Microsoft\u00ae Windows\u00ae Operating System", "Company": "Microsoft Corporation", "OriginalFileName": "rpcrt4.dll", "Hashes": "SHA1=3479588BEAE0CEE8256F6CCD24E4D2F9BAEDB46B,MD5=416D1DC8224A64B8C59DF79096EE6D1D,SHA256=CCC899FEAB2B25DC42992D9A18C71926C2CE2AFD2DB62376E60164C636546EEA,IMPHASH=980219E953D15459E4AD563CE0370930", "Signed": "true", "Signature": "Microsoft Windows", "SignatureStatus": "Valid", "_source_file": "data/baseline/win7-x86/Microsoft-Windows-Sysmon%4Operational.evtx"}, {"EventID": 7, "Computer": "evtx-PC", "UtcTime": "2022-04-04 11:19:57.690", "Provider": "Microsoft-Windows-Sysmon", "RuleName": "-", "ProcessGuid": "{e97d4e69-0000-0000-94a9-090000000000}", "ProcessId": "4820", "Image": "C:\\Program Files\\Google\\Update\\GoogleUpdate.exe", "ImageLoaded": "C:\\Windows\\System32\\rpcrt4.dll", "FileVersion": "6.1.7600.16385 (win7_rtm.090713-1255)", "Description": "Remote Procedure Call Runtime", "Product": "Microsoft\u00ae Windows\u00ae Operating System", "Company": "Microsoft Corporation", "OriginalFileName": "rpcrt4.dll", "Hashes": "SHA1=3479588BEAE0CEE8256F6CCD24E4D2F9BAEDB46B,MD5=416D1DC8224A64B8C59DF79096EE6D1D,SHA256=CCC899FEAB2B25DC42992D9A18C71926C2CE2AFD2DB62376E60164C636546EEA,IMPHASH=980219E953D15459E4AD563CE0370930", "Signed": "true", "Signature": "Microsoft Windows", "SignatureStatus": "Valid", "_source_file": "data/baseline/win7-x86/Microsoft-Windows-Sysmon%4Operational.evtx"}, {"EventID": 7, "Computer": "evtx-PC", "UtcTime": "2022-04-04 11:19:57.537", "Provider": "Microsoft-Windows-Sysmon", "RuleName": "-", "ProcessGuid": "{e97d4e69-0000-0000-2ea5-090000000000}", "ProcessId": "4788", "Image": "C:\\Windows\\Microsoft.NET\\Framework\\v2.0.50727\\mscorsvw.exe", "ImageLoaded": "C:\\Windows\\System32\\rpcrt4.dll", "FileVersion": "6.1.7600.16385 (win7_rtm.090713-1255)", "Description": "Remote Procedure Call Runtime", "Product": "Microsoft\u00ae Windows\u00ae Operating System", "Company": "Microsoft Corporation", "OriginalFileName": "rpcrt4.dll", "Hashes": "SHA1=3479588BEAE0CEE8256F6CCD24E4D2F9BAEDB46B,MD5=416D1DC8224A64B8C59DF79096EE6D1D,SHA256=CCC899FEAB2B25DC42992D9A18C71926C2CE2AFD2DB62376E60164C636546EEA,IMPHASH=980219E953D15459E4AD563CE0370930", "Signed": "true", "Signature": "Microsoft Windows", "SignatureStatus": "Valid", "_source_file": "data/baseline/win7-x86/Microsoft-Windows-Sysmon%4Operational.evtx"}, {"EventID": 7, "Computer": "evtx-PC", "UtcTime": "2022-04-04 11:19:58.093", "Provider": "Microsoft-Windows-Sysmon", "RuleName": "-", "ProcessGuid": "{e97d4e69-0000-0000-1dbe-090000000000}", "ProcessId": "4932", "Image": "C:\\Windows\\System32\\svchost.exe", "ImageLoaded": "C:\\Windows\\System32\\user32.dll", "FileVersion": "6.1.7600.16385 (win7_rtm.090713-1255)", "Description": "Multi-User Windows USER API Client DLL", "Product": "Microsoft\u00ae Windows\u00ae Operating System", "Company": "Microsoft Corporation", "OriginalFileName": "user32", "Hashes": "SHA1=A73E33C0262054DF9BB02C165BB63C84F95807EE,MD5=34B7E222E81FAFA885F0C5F2CFA56861,SHA256=5BA1373011ABA23C3FCE3A9FF8DC4BBD5CE6889212200153C79A749CAE0C17B6,IMPHASH=BB2ED76D276846EBDA271332CA1302B8", "Signed": "true", "Signature": "Microsoft Windows", "SignatureStatus": "Valid", "_source_file": "data/baseline/win7-x86/Microsoft-Windows-Sysmon%4Operational.evtx"}, {"EventID": 7, "Computer": "evtx-PC", "UtcTime": "2022-04-04 11:19:57.968", "Provider": "Microsoft-Windows-Sysmon", "RuleName": "-", "ProcessGuid": "{e97d4e69-0000-0000-99ba-090000000000}", "ProcessId": "4892", "Image": "C:\\Windows\\System32\\sppsvc.exe", "ImageLoaded": "C:\\Windows\\System32\\user32.dll", "FileVersion": "6.1.7600.16385 (win7_rtm.090713-1255)", "Description": "Multi-User Windows USER API Client DLL", "Product": "Microsoft\u00ae Windows\u00ae Operating System", "Company": "Microsoft Corporation", "OriginalFileName": "user32", "Hashes": "SHA1=A73E33C0262054DF9BB02C165BB63C84F95807EE,MD5=34B7E222E81FAFA885F0C5F2CFA56861,SHA256=5BA1373011ABA23C3FCE3A9FF8DC4BBD5CE6889212200153C79A749CAE0C17B6,IMPHASH=BB2ED76D276846EBDA271332CA1302B8", "Signed": "true", "Signature": "Microsoft Windows", "SignatureStatus": "Valid", "_source_file": "data/baseline/win7-x86/Microsoft-Windows-Sysmon%4Operational.evtx"}, {"EventID": 7, "Computer": "evtx-PC", "UtcTime": "2022-04-04 11:19:57.940", "Provider": "Microsoft-Windows-Sysmon", "RuleName": "-", "ProcessGuid": "{e97d4e69-0000-0000-a8b5-090000000000}", "ProcessId": "4872", "Image": "C:\\Program Files\\Google\\Update\\1.3.36.122\\GoogleCrashHandler.exe", "ImageLoaded": "C:\\Windows\\System32\\user32.dll", "FileVersion": "6.1.7600.16385 (win7_rtm.090713-1255)", "Description": "Multi-User Windows USER API Client DLL", "Product": "Microsoft\u00ae Windows\u00ae Operating System", "Company": "Microsoft Corporation", "OriginalFileName": "user32", "Hashes": "SHA1=A73E33C0262054DF9BB02C165BB63C84F95807EE,MD5=34B7E222E81FAFA885F0C5F2CFA56861,SHA256=5BA1373011ABA23C3FCE3A9FF8DC4BBD5CE6889212200153C79A749CAE0C17B6,IMPHASH=BB2ED76D276846EBDA271332CA1302B8", "Signed": "true", "Signature": "Microsoft Windows", "SignatureStatus": "Valid", "_source_file": "data/baseline/win7-x86/Microsoft-Windows-Sysmon%4Operational.evtx"}, {"EventID": 7, "Computer": "evtx-PC", "UtcTime": "2022-04-04 11:19:57.857", "Provider": "Microsoft-Windows-Sysmon", "RuleName": "-", "ProcessGuid": "{e97d4e69-0000-0000-f5af-090000000000}", "ProcessId": "4848", "Image": "C:\\Program Files\\Google\\Update\\GoogleUpdate.exe", "ImageLoaded": "C:\\Windows\\System32\\user32.dll", "FileVersion": "6.1.7600.16385 (win7_rtm.090713-1255)", "Description": "Multi-User Windows USER API Client DLL", "Product": "Microsoft\u00ae Windows\u00ae Operating System", "Company": "Microsoft Corporation", "OriginalFileName": "user32", "Hashes": "SHA1=A73E33C0262054DF9BB02C165BB63C84F95807EE,MD5=34B7E222E81FAFA885F0C5F2CFA56861,SHA256=5BA1373011ABA23C3FCE3A9FF8DC4BBD5CE6889212200153C79A749CAE0C17B6,IMPHASH=BB2ED76D276846EBDA271332CA1302B8", "Signed": "true", "Signature": "Microsoft Windows", "SignatureStatus": "Valid", "_source_file": "data/baseline/win7-x86/Microsoft-Windows-Sysmon%4Operational.evtx"}, {"EventID": 7, "Computer": "evtx-PC", "UtcTime": "2022-04-04 11:19:57.773", "Provider": "Microsoft-Windows-Sysmon", "RuleName": "-", "ProcessGuid": "{e97d4e69-0000-0000-94a9-090000000000}", "ProcessId": "4820", "Image": "C:\\Program Files\\Google\\Update\\GoogleUpdate.exe", "ImageLoaded": "C:\\Windows\\System32\\user32.dll", "FileVersion": "6.1.7600.16385 (win7_rtm.090713-1255)", "Description": "Multi-User Windows USER API Client DLL", "Product": "Microsoft\u00ae Windows\u00ae Operating System", "Company": "Microsoft Corporation", "OriginalFileName": "user32", "Hashes": "SHA1=A73E33C0262054DF9BB02C165BB63C84F95807EE,MD5=34B7E222E81FAFA885F0C5F2CFA56861,SHA256=5BA1373011ABA23C3FCE3A9FF8DC4BBD5CE6889212200153C79A749CAE0C17B6,IMPHASH=BB2ED76D276846EBDA271332CA1302B8", "Signed": "true", "Signature": "Microsoft Windows", "SignatureStatus": "Valid", "_source_file": "data/baseline/win7-x86/Microsoft-Windows-Sysmon%4Operational.evtx"}, {"EventID": 7, "Computer": "evtx-PC", "UtcTime": "2022-04-04 11:19:57.550", "Provider": "Microsoft-Windows-Sysmon", "RuleName": "-", "ProcessGuid": "{e97d4e69-0000-0000-2ea5-090000000000}", "ProcessId": "4788", "Image": "C:\\Windows\\Microsoft.NET\\Framework\\v2.0.50727\\mscorsvw.exe", "ImageLoaded": "C:\\Windows\\System32\\user32.dll", "FileVersion": "6.1.7600.16385 (win7_rtm.090713-1255)", "Description": "Multi-User Windows USER API Client DLL", "Product": "Microsoft\u00ae Windows\u00ae Operating System", "Company": "Microsoft Corporation", "OriginalFileName": "user32", "Hashes": "SHA1=A73E33C0262054DF9BB02C165BB63C84F95807EE,MD5=34B7E222E81FAFA885F0C5F2CFA56861,SHA256=5BA1373011ABA23C3FCE3A9FF8DC4BBD5CE6889212200153C79A749CAE0C17B6,IMPHASH=BB2ED76D276846EBDA271332CA1302B8", "Signed": "true", "Signature": "Microsoft Windows", "SignatureStatus": "Valid", "_source_file": "data/baseline/win7-x86/Microsoft-Windows-Sysmon%4Operational.evtx"}, {"EventID": 7, "Computer": "evtx-PC", "UtcTime": "2022-04-04 11:19:58.093", "Provider": "Microsoft-Windows-Sysmon", "RuleName": "-", "ProcessGuid": "{e97d4e69-0000-0000-1dbe-090000000000}", "ProcessId": "4932", "Image": "C:\\Windows\\System32\\svchost.exe", "ImageLoaded": "C:\\Windows\\System32\\gdi32.dll", "FileVersion": "6.1.7600.16385 (win7_rtm.090713-1255)", "Description": "GDI Client DLL", "Product": "Microsoft\u00ae Windows\u00ae Operating System", "Company": "Microsoft Corporation", "OriginalFileName": "gdi32", "Hashes": "SHA1=24E785651A5961C6E0D9F9ABE28CF92D0CA7B794,MD5=225F6F663B94ACAF4307055FBB42E55F,SHA256=3A1DD74EBB1895D893AC0E54EF5A0C87769F0B82606AC2C7E7378AFF5B593A10,IMPHASH=4295554673E6ED7B5F5B7D9AEE6913F2", "Signed": "true", "Signature": "Microsoft Windows", "SignatureStatus": "Valid", "_source_file": "data/baseline/win7-x86/Microsoft-Windows-Sysmon%4Operational.evtx"}, {"EventID": 7, "Computer": "evtx-PC", "UtcTime": "2022-04-04 11:19:57.968", "Provider": "Microsoft-Windows-Sysmon", "RuleName": "-", "ProcessGuid": "{e97d4e69-0000-0000-99ba-090000000000}", "ProcessId": "4892", "Image": "C:\\Windows\\System32\\sppsvc.exe", "ImageLoaded": "C:\\Windows\\System32\\gdi32.dll", "FileVersion": "6.1.7600.16385 (win7_rtm.090713-1255)", "Description": "GDI Client DLL", "Product": "Microsoft\u00ae Windows\u00ae Operating System", "Company": "Microsoft Corporation", "OriginalFileName": "gdi32", "Hashes": "SHA1=24E785651A5961C6E0D9F9ABE28CF92D0CA7B794,MD5=225F6F663B94ACAF4307055FBB42E55F,SHA256=3A1DD74EBB1895D893AC0E54EF5A0C87769F0B82606AC2C7E7378AFF5B593A10,IMPHASH=4295554673E6ED7B5F5B7D9AEE6913F2", "Signed": "true", "Signature": "Microsoft Windows", "SignatureStatus": "Valid", "_source_file": "data/baseline/win7-x86/Microsoft-Windows-Sysmon%4Operational.evtx"}, {"EventID": 7, "Computer": "evtx-PC", "UtcTime": "2022-04-04 11:19:57.940", "Provider": "Microsoft-Windows-Sysmon", "RuleName": "-", "ProcessGuid": "{e97d4e69-0000-0000-a8b5-090000000000}", "ProcessId": "4872", "Image": "C:\\Program Files\\Google\\Update\\1.3.36.122\\GoogleCrashHandler.exe", "ImageLoaded": "C:\\Windows\\System32\\gdi32.dll", "FileVersion": "6.1.7600.16385 (win7_rtm.090713-1255)", "Description": "GDI Client DLL", "Product": "Microsoft\u00ae Windows\u00ae Operating System", "Company": "Microsoft Corporation", "OriginalFileName": "gdi32", "Hashes": "SHA1=24E785651A5961C6E0D9F9ABE28CF92D0CA7B794,MD5=225F6F663B94ACAF4307055FBB42E55F,SHA256=3A1DD74EBB1895D893AC0E54EF5A0C87769F0B82606AC2C7E7378AFF5B593A10,IMPHASH=4295554673E6ED7B5F5B7D9AEE6913F2", "Signed": "true", "Signature": "Microsoft Windows", "SignatureStatus": "Valid", "_source_file": "data/baseline/win7-x86/Microsoft-Windows-Sysmon%4Operational.evtx"}, {"EventID": 7, "Computer": "evtx-PC", "UtcTime": "2022-04-04 11:19:57.857", "Provider": "Microsoft-Windows-Sysmon", "RuleName": "-", "ProcessGuid": "{e97d4e69-0000-0000-f5af-090000000000}", "ProcessId": "4848", "Image": "C:\\Program Files\\Google\\Update\\GoogleUpdate.exe", "ImageLoaded": "C:\\Windows\\System32\\gdi32.dll", "FileVersion": "6.1.7600.16385 (win7_rtm.090713-1255)", "Description": "GDI Client DLL", "Product": "Microsoft\u00ae Windows\u00ae Operating System", "Company": "Microsoft Corporation", "OriginalFileName": "gdi32", "Hashes": "SHA1=24E785651A5961C6E0D9F9ABE28CF92D0CA7B794,MD5=225F6F663B94ACAF4307055FBB42E55F,SHA256=3A1DD74EBB1895D893AC0E54EF5A0C87769F0B82606AC2C7E7378AFF5B593A10,IMPHASH=4295554673E6ED7B5F5B7D9AEE6913F2", "Signed": "true", "Signature": "Microsoft Windows", "SignatureStatus": "Valid", "_source_file": "data/baseline/win7-x86/Microsoft-Windows-Sysmon%4Operational.evtx"}, {"EventID": 7, "Computer": "evtx-PC", "UtcTime": "2022-04-04 11:19:57.773", "Provider": "Microsoft-Windows-Sysmon", "RuleName": "-", "ProcessGuid": "{e97d4e69-0000-0000-94a9-090000000000}", "ProcessId": "4820", "Image": "C:\\Program Files\\Google\\Update\\GoogleUpdate.exe", "ImageLoaded": "C:\\Windows\\System32\\gdi32.dll", "FileVersion": "6.1.7600.16385 (win7_rtm.090713-1255)", "Description": "GDI Client DLL", "Product": "Microsoft\u00ae Windows\u00ae Operating System", "Company": "Microsoft Corporation", "OriginalFileName": "gdi32", "Hashes": "SHA1=24E785651A5961C6E0D9F9ABE28CF92D0CA7B794,MD5=225F6F663B94ACAF4307055FBB42E55F,SHA256=3A1DD74EBB1895D893AC0E54EF5A0C87769F0B82606AC2C7E7378AFF5B593A10,IMPHASH=4295554673E6ED7B5F5B7D9AEE6913F2", "Signed": "true", "Signature": "Microsoft Windows", "SignatureStatus": "Valid", "_source_file": "data/baseline/win7-x86/Microsoft-Windows-Sysmon%4Operational.evtx"}, {"EventID": 7, "Computer": "evtx-PC", "UtcTime": "2022-04-04 11:19:57.550", "Provider": "Microsoft-Windows-Sysmon", "RuleName": "-", "ProcessGuid": "{e97d4e69-0000-0000-2ea5-090000000000}", "ProcessId": "4788", "Image": "C:\\Windows\\Microsoft.NET\\Framework\\v2.0.50727\\mscorsvw.exe", "ImageLoaded": "C:\\Windows\\System32\\gdi32.dll", "FileVersion": "6.1.7600.16385 (win7_rtm.090713-1255)", "Description": "GDI Client DLL", "Product": "Microsoft\u00ae Windows\u00ae Operating System", "Company": "Microsoft Corporation", "OriginalFileName": "gdi32", "Hashes": "SHA1=24E785651A5961C6E0D9F9ABE28CF92D0CA7B794,MD5=225F6F663B94ACAF4307055FBB42E55F,SHA256=3A1DD74EBB1895D893AC0E54EF5A0C87769F0B82606AC2C7E7378AFF5B593A10,IMPHASH=4295554673E6ED7B5F5B7D9AEE6913F2", "Signed": "true", "Signature": "Microsoft Windows", "SignatureStatus": "Valid", "_source_file": "data/baseline/win7-x86/Microsoft-Windows-Sysmon%4Operational.evtx"}, {"EventID": 7, "Computer": "evtx-PC", "UtcTime": "2022-04-04 11:19:58.093", "Provider": "Microsoft-Windows-Sysmon", "RuleName": "-", "ProcessGuid": "{e97d4e69-0000-0000-1dbe-090000000000}", "ProcessId": "4932", "Image": "C:\\Windows\\System32\\svchost.exe", "ImageLoaded": "C:\\Windows\\System32\\lpk.dll", "FileVersion": "6.1.7600.16385 (win7_rtm.090713-1255)", "Description": "Language Pack", "Product": "Microsoft\u00ae Windows\u00ae Operating System", "Company": "Microsoft Corporation", "OriginalFileName": "LanguagePack", "Hashes": "SHA1=0A2E3A987CD4664CA2A6E9CC1EA429C6B79A2AE9,MD5=4F154D2C9C6DF951FD6E5AABBAE6B5EE,SHA256=FB3A3D2FD5AFFC513BD475E90A705E2C33C8E85AAF8B994C2A987DFC9D0A71D4,IMPHASH=B18FCB6327EB8EB41B606BBBC1E2B10A", "Signed": "true", "Signature": "Microsoft Windows", "SignatureStatus": "Valid", "_source_file": "data/baseline/win7-x86/Microsoft-Windows-Sysmon%4Operational.evtx"}, {"EventID": 7, "Computer": "evtx-PC", "UtcTime": "2022-04-04 11:19:57.968", "Provider": "Microsoft-Windows-Sysmon", "RuleName": "-", "ProcessGuid": "{e97d4e69-0000-0000-99ba-090000000000}", "ProcessId": "4892", "Image": "C:\\Windows\\System32\\sppsvc.exe", "ImageLoaded": "C:\\Windows\\System32\\lpk.dll", "FileVersion": "6.1.7600.16385 (win7_rtm.090713-1255)", "Description": "Language Pack", "Product": "Microsoft\u00ae Windows\u00ae Operating System", "Company": "Microsoft Corporation", "OriginalFileName": "LanguagePack", "Hashes": "SHA1=0A2E3A987CD4664CA2A6E9CC1EA429C6B79A2AE9,MD5=4F154D2C9C6DF951FD6E5AABBAE6B5EE,SHA256=FB3A3D2FD5AFFC513BD475E90A705E2C33C8E85AAF8B994C2A987DFC9D0A71D4,IMPHASH=B18FCB6327EB8EB41B606BBBC1E2B10A", "Signed": "true", "Signature": "Microsoft Windows", "SignatureStatus": "Valid", "_source_file": "data/baseline/win7-x86/Microsoft-Windows-Sysmon%4Operational.evtx"}, 