{"EventID": 7, "Computer": "evtx-PC", "UtcTime": "2022-04-04 11:19:51.723", "Provider": "Microsoft-Windows-Sysmon", "RuleName": "-", "ProcessGuid": "{e97d4e69-0000-0000-1bad-000000000000}", "ProcessId": "892", "Image": "C:\\Windows\\System32\\svchost.exe", "ImageLoaded": "C:\\Program Files\\Windows Sidebar\\sidebar.exe", "FileVersion": "6.1.7600.16385 (win7_rtm.090713-1255)", "Description": "Windows Desktop Gadgets", "Product": "Microsoft\u00ae Windows\u00ae Operating System", "Company": "Microsoft Corporation", "OriginalFileName": "sidebar.EXE", "Hashes": "SHA1=7547491B0D7C29EA94A44CB01078867EDE0B6BD0,MD5=EA6EADF6314E43783BA8EEE79F93F73C,SHA256=1A4BC2D8DFBDC37AF85C73DEE76A6EE901EBA188D43856BD2FFA96B79A126F73,IMPHASH=F6C7117AFB182430A06F7396DEA96D97", "Signed": "true", "Signature": "Microsoft Windows", "SignatureStatus": "Valid", "_source_file": "data/baseline/win7-x86/Microsoft-Windows-Sysmon%4Operational.evtx"}, {"EventID": 7, "Computer": "evtx-PC", "UtcTime": "2022-04-04 11:19:51.754", "Provider": "Microsoft-Windows-Sysmon", "RuleName": "-", "ProcessGuid": "{e97d4e69-0000-0000-1bad-000000000000}", "ProcessId": "892", "Image": "C:\\Windows\\System32\\svchost.exe", "ImageLoaded": "C:\\Windows\\System32\\tquery.dll", "FileVersion": "7.00.7600.16385 (win7_rtm.090713-1255)", "Description": "tquery.dll", "Product": "Windows\u00ae Search", "Company": "Microsoft Corporation", "OriginalFileName": "tquery.dll", "Hashes": "SHA1=DA8C11D3731549174305F370DC7933A20CBEB3F6,MD5=7C6A2CCF98024A5EF8740162701CE3E7,SHA256=70E8A0689B3340A3F388758E32FB930A2C018D5F55B252024B52A15B9574BD05,IMPHASH=44A3076745343AD4FE562E696812989D", "Signed": "true", "Signature": "Microsoft Windows", "SignatureStatus": "Valid", "_source_file": "data/baseline/win7-x86/Microsoft-Windows-Sysmon%4Operational.evtx"}, {"EventID": 7, "Computer": "evtx-PC", "UtcTime": "2022-04-04 11:19:51.770", "Provider": "Microsoft-Windows-Sysmon", "RuleName": "-", "ProcessGuid": "{e97d4e69-0000-0000-1bad-000000000000}", "ProcessId": "892", "Image": "C:\\Windows\\System32\\svchost.exe", "ImageLoaded": "C:\\Windows\\System32\\usercpl.dll", "FileVersion": "6.1.7600.16385 (win7_rtm.090713-1255)", "Description": "User control panel", "Product": "Microsoft\u00ae Windows\u00ae Operating System", "Company": "Microsoft Corporation", "OriginalFileName": "USERCPL.DLL", "Hashes": "SHA1=20F94998F3FB6CB630161259729647F5B24FAF4C,MD5=A1BFA4E821D2CEA205ABD3D5FEAFD0E2,SHA256=DEB3D578197DADC12DC0B192AA0464F7265062AF387EF25A1F2E1BDC48336C0D,IMPHASH=5BC96609B67BB621AFA0190B363AB36E", "Signed": "true", "Signature": "Microsoft Windows", "SignatureStatus": "Valid", "_source_file": "data/baseline/win7-x86/Microsoft-Windows-Sysmon%4Operational.evtx"}, {"EventID": 7, "Computer": "evtx-PC", "UtcTime": "2022-04-04 11:19:51.770", "Provider": "Microsoft-Windows-Sysmon", "RuleName": "-", "ProcessGuid": "{e97d4e69-0000-0000-1bad-000000000000}", "ProcessId": "892", "Image": "C:\\Windows\\System32\\svchost.exe", "ImageLoaded": "C:\\Windows\\System32\\drivers\\usbhub.sys", "FileVersion": "6.1.7600.16385 (win7_rtm.090713-1255)", "Description": "Default Hub Driver for USB", "Product": "Microsoft\u00ae Windows\u00ae Operating System", "Company": "Microsoft Corporation", "OriginalFileName": "usbhub.sys", "Hashes": "SHA1=4E1DBCA9DD4E9008D351342FCD52E674F233B2FF,MD5=EE6EF93CCFA94FAE8C6AB298273D8AE2,SHA256=CBEE16CEAD02E994F0C2AD77DD8C01CB9964C6B42DE49FF7A787849CD25767B4,IMPHASH=DB84F09457A0A2CA51994D9993B1FBDC", "Signed": "true", "Signature": "Microsoft Windows", "SignatureStatus": "Valid", "_source_file": "data/baseline/win7-x86/Microsoft-Windows-Sysmon%4Operational.evtx"}, {"EventID": 7, "Computer": "evtx-PC", "UtcTime": "2022-04-04 11:19:51.785", "Provider": "Microsoft-Windows-Sysmon", "RuleName": "-", "ProcessGuid": "{e97d4e69-0000-0000-1bad-000000000000}", "ProcessId": "892", "Image": "C:\\Windows\\System32\\svchost.exe", "ImageLoaded": "C:\\Windows\\System32\\netlogon.dll", "FileVersion": "6.1.7600.16385 (win7_rtm.090713-1255)", "Description": "Net Logon Services DLL", "Product": "Microsoft\u00ae Windows\u00ae Operating System", "Company": "Microsoft Corporation", "OriginalFileName": "NetLogon.DLL", "Hashes": "SHA1=5DBC79F232CE9C057CA46C9AD5FAC9D4D55D915F,MD5=EAA75D9000B71F10EEC04D2AE6C60E81,SHA256=4538AA8792B495B6EE8A6D235DD52DF7F7920F1734F9B0878E23D2F102389E8E,IMPHASH=81CFB9B83ED2BD74A17E1FDAF1811A3A", "Signed": "true", "Signature": "Microsoft Windows", "SignatureStatus": "Valid", "_source_file": "data/baseline/win7-x86/Microsoft-Windows-Sysmon%4Operational.evtx"}, {"EventID": 7, "Computer": "evtx-PC", "UtcTime": "2022-04-04 11:19:51.816", "Provider": "Microsoft-Windows-Sysmon", "RuleName": "-", "ProcessGuid": "{e97d4e69-0000-0000-1bad-000000000000}", "ProcessId": "892", "Image": "C:\\Windows\\System32\\svchost.exe", "ImageLoaded": "C:\\Windows\\System32\\win32k.sys", "FileVersion": "6.1.7600.16385 (win7_rtm.090713-1255)", "Description": "Multi-User Win32 Driver", "Product": "Microsoft\u00ae Windows\u00ae Operating System", "Company": "Microsoft Corporation", "OriginalFileName": "win32k.sys", "Hashes": "SHA1=45E9E0AB6334AC05BFA7CF096494335C817573D7,MD5=34999766FBCAB11BA5C4D26CE0378903,SHA256=1F6AA3E734E12BB2A28BD680377944BB688FF16FFF581CBD7A6B438621ACF581,IMPHASH=61D726EA37C1C83E3DE3A9702C6E0A76", "Signed": "true", "Signature": "Microsoft Windows", "SignatureStatus": "Valid", "_source_file": "data/baseline/win7-x86/Microsoft-Windows-Sysmon%4Operational.evtx"}, {"EventID": 7, "Computer": "evtx-PC", "UtcTime": "2022-04-04 11:19:51.832", "Provider": "Microsoft-Windows-Sysmon", "RuleName": "-", "ProcessGuid": "{e97d4e69-0000-0000-1bad-000000000000}", "ProcessId": "892", "Image": "C:\\Windows\\System32\\svchost.exe", "ImageLoaded": "C:\\Windows\\System32\\msutb.dll", "FileVersion": "6.1.7600.16385 (win7_rtm.090713-1255)", "Description": "MSUTB Server DLL", "Product": "Microsoft\u00ae Windows\u00ae Operating System", "Company": "Microsoft Corporation", "OriginalFileName": "MSUTB.DLL", "Hashes": "SHA1=501394698A376984CB7EA5E95DFFEF11305B2908,MD5=415132079EAF93D6E90D9CA1B641F068,SHA256=797A1DADC28DAFCFA5734A9CCD25C5D3765E47162F886FC5DFDF534E066B684C,IMPHASH=45F118D0018B81BA37840E5FB456068F", "Signed": "true", "Signature": "Microsoft Windows", "SignatureStatus": "Valid", "_source_file": "data/baseline/win7-x86/Microsoft-Windows-Sysmon%4Operational.evtx"}, {"EventID": 7, "Computer": "evtx-PC", "UtcTime": "2022-04-04 11:19:51.832", "Provider": "Microsoft-Windows-Sysmon", "RuleName": "-", "ProcessGuid": "{e97d4e69-0000-0000-1bad-000000000000}", "ProcessId": "892", "Image": "C:\\Windows\\System32\\svchost.exe", "ImageLoaded": "C:\\Windows\\System32\\perftrack.dll", "FileVersion": "6.1.7600.16385 (win7_rtm.090713-1255)", "Description": "Microsoft Performance PerfTrack", "Product": "Microsoft\u00ae Windows\u00ae Operating System", "Company": "Microsoft Corporation", "OriginalFileName": "perftrack.dll", "Hashes": "SHA1=20F10A04597E436845BBC6B5B56DAC93FCA5DA99,MD5=7E82616BEE76BF5EAA5B30F681414E21,SHA256=2138D743C4C09ECD829E194CA42934CB044BFF400921DA9B5FA50371E191656E,IMPHASH=D190C20B4CDC6E41B73476F661A32CB6", "Signed": "true", "Signature": "Microsoft Windows", "SignatureStatus": "Valid", "_source_file": "data/baseline/win7-x86/Microsoft-Windows-Sysmon%4Operational.evtx"}, {"EventID": 7, "Computer": "evtx-PC", "UtcTime": "2022-04-04 11:19:51.847", "Provider": "Microsoft-Windows-Sysmon", "RuleName": "-", "ProcessGuid": "{e97d4e69-0000-0000-1bad-000000000000}", "ProcessId": "892", "Image": "C:\\Windows\\System32\\svchost.exe", "ImageLoaded": "C:\\Windows\\System32\\DXPTaskRingtone.dll", "FileVersion": "6.1.7600.16385 (win7_rtm.090713-1255)", "Description": "Microsoft Ringtone Editor", "Product": "Microsoft\u00ae Windows\u00ae Operating System", "Company": "Microsoft Corporation", "OriginalFileName": "DxpTaskRingtone.Dll", "Hashes": "SHA1=87E0C124B242535E936A2A1E57A13FCB90457F39,MD5=5FDF6B10A111E47DED4A09A4A74FBEAA,SHA256=4617BF9EEB9A17619C2CBC81A6AD672013528D3F65EE22CCB032F616D38EBFFA,IMPHASH=A1F854CC07AAE7D72BE699D740CBA53B", "Signed": "true", "Signature": "Microsoft Windows", "SignatureStatus": "Valid", "_source_file": "data/baseline/win7-x86/Microsoft-Windows-Sysmon%4Operational.evtx"}, {"EventID": 7, "Computer": "evtx-PC", "UtcTime": "2022-04-04 11:19:51.847", "Provider": "Microsoft-Windows-Sysmon", "RuleName": "-", "ProcessGuid": "{e97d4e69-0000-0000-1bad-000000000000}", "ProcessId": "892", "Image": "C:\\Windows\\System32\\svchost.exe", "ImageLoaded": "C:\\Program Files\\Windows Media Player\\WMPDMCCore.dll", "FileVersion": "12.0.7600.16385 (win7_rtm.090713-1255)", "Description": "Windows Media Player Digital Media Controller Library", "Product": "Microsoft\u00ae Windows\u00ae Operating System", "Company": "Microsoft Corporation", "OriginalFileName": "WMPDMCCore.dll", "Hashes": "SHA1=58FE4441E39DBBDBD5219168A224312F04FF7780,MD5=B4189A35EA4A5E8ABDC12EC418417289,SHA256=6F1EC51421B45D3423EFCA2C9A6F3566FCBBF9BF537D1E90B88F4C30069D0ECA,IMPHASH=42E3D78AC7E7E8BF9858BC67A3EC06EC", "Signed": "true", "Signature": "Microsoft Windows", "SignatureStatus": "Valid", "_source_file": "data/baseline/win7-x86/Microsoft-Windows-Sysmon%4Operational.evtx"}, {"EventID": 7, "Computer": "evtx-PC", "UtcTime": "2022-04-04 11:19:51.863", "Provider": "Microsoft-Windows-Sysmon", "RuleName": "-", "ProcessGuid": "{e97d4e69-0000-0000-1bad-000000000000}", "ProcessId": "892", "Image": "C:\\Windows\\System32\\svchost.exe", "ImageLoaded": "C:\\Windows\\System32\\wsqmcons.exe", "FileVersion": "6.1.7600.16385 (win7_rtm.090713-1255)", "Description": "Windows SQM Consolidator", "Product": "Microsoft\u00ae Windows\u00ae Operating System", "Company": "Microsoft Corporation", "OriginalFileName": "wsqmcons.exe", "Hashes": "SHA1=22784AF0BB296120D16724FDA650CEE7B721523D,MD5=5C7CE3B32EDDD97B97D334C7019D00B8,SHA256=224A4DDACED29C212B9DBFC48ABAC8EFAFD9B121D1292563BB008D9BE3240372,IMPHASH=6199B3F7B851154BC163FE8A178B52CD", "Signed": "true", "Signature": "Microsoft Windows", "SignatureStatus": "Valid", "_source_file": "data/baseline/win7-x86/Microsoft-Windows-Sysmon%4Operational.evtx"}, {"EventID": 7, "Computer": "evtx-PC", "UtcTime": "2022-04-04 11:19:51.847", "Provider": "Microsoft-Windows-Sysmon", "RuleName": "-", "ProcessGuid": "{e97d4e69-0000-0000-1bad-000000000000}", "ProcessId": "892", "Image": "C:\\Windows\\System32\\svchost.exe", "ImageLoaded": "C:\\Windows\\System32\\IPSECSVC.DLL", "FileVersion": "6.1.7600.16385 (win7_rtm.090713-1255)", "Description": "Windows IPsec SPD Server DLL", "Product": "Microsoft\u00ae Windows\u00ae Operating System", "Company": "Microsoft Corporation", "OriginalFileName": "ipsecsvc.dll", "Hashes": "SHA1=C3EB8B173536C342C0A0CF5BDD6CD645FDD96F1F,MD5=48E1B75C6DC0232FD92BAAE4BD344721,SHA256=5BA4EB5A60725836D8085EABF87F51160BA57E318A0C4378410217911A393CE7,IMPHASH=99D179418FE3BBAE9FEA9E6C244F5557", "Signed": "true", "Signature": "Microsoft Windows", "SignatureStatus": "Valid", "_source_file": "data/baseline/win7-x86/Microsoft-Windows-Sysmon%4Operational.evtx"}, {"EventID": 7, "Computer": "evtx-PC", "UtcTime": "2022-04-04 11:19:51.863", "Provider": "Microsoft-Windows-Sysmon", "RuleName": "-", "ProcessGuid": "{e97d4e69-0000-0000-1bad-000000000000}", "ProcessId": "892", "Image": "C:\\Windows\\System32\\svchost.exe", "ImageLoaded": "C:\\Program Files\\Common Files\\microsoft shared\\ink\\InputPersonalization.exe", "FileVersion": "6.1.7600.16385 (win7_rtm.090713-1255)", "Description": "Input Personalization Server", "Product": "Microsoft\u00ae Windows\u00ae Operating System", "Company": "Microsoft Corporation", "OriginalFileName": "InputPersonalization.exe", "Hashes": "SHA1=B9413596C9A7B3C46F164BE6838A65447FCF82BF,MD5=7D685AE28E6876EE5057DA51958F3CA7,SHA256=EFF115022CA2FCECC2049753A336AF995A67724CB1A1282E52BEB857DFCB003C,IMPHASH=A0408E324AE3F089FEB3E5D34BFC4C8C", "Signed": "true", "Signature": "Microsoft Windows", "SignatureStatus": "Valid", "_source_file": "data/baseline/win7-x86/Microsoft-Windows-Sysmon%4Operational.evtx"}, {"EventID": 7, "Computer": "evtx-PC", "UtcTime": "2022-04-04 11:19:51.863", "Provider": "Microsoft-Windows-Sysmon", "RuleName": "-", "ProcessGuid": "{e97d4e69-0000-0000-1bad-000000000000}", "ProcessId": "892", "Image": "C:\\Windows\\System32\\svchost.exe", "ImageLoaded": "C:\\Windows\\System32\\Magnification.dll", "FileVersion": "6.1.7600.16385 (win7_rtm.090713-1255)", "Description": "Microsoft Magnification API", "Product": "Microsoft\u00ae Windows\u00ae Operating System", "Company": "Microsoft Corporation", "OriginalFileName": "magnification.dll", "Hashes": "SHA1=D3222D7F6D97B0A8E144760151782E0721F18DED,MD5=F3F571288CDE445881102E385BF3471F,SHA256=A6BD9FD8E9D1DBA14334DB442B7FD6BB06F58201DB720A7AA006530F76FC26EB,IMPHASH=D1F64FFB225A993B3646B40706D1207B", "Signed": "true", "Signature": "Microsoft Windows", "SignatureStatus": "Valid", "_source_file": "data/baseline/win7-x86/Microsoft-Windows-Sysmon%4Operational.evtx"}, {"EventID": 7, "Computer": "evtx-PC", "UtcTime": "2022-04-04 11:19:51.894", "Provider": "Microsoft-Windows-Sysmon", "RuleName": "-", "ProcessGuid": "{e97d4e69-0000-0000-1bad-000000000000}", "ProcessId": "892", "Image": "C:\\Windows\\System32\\svchost.exe", "ImageLoaded": "C:\\Windows\\System32\\drivers\\ntfs.sys", "FileVersion": "6.1.7600.16385 (win7_rtm.090713-1255)", "Description": "NT File System Driver", "Product": "Microsoft\u00ae Windows\u00ae Operating System", "Company": "Microsoft Corporation", "OriginalFileName": "ntfs.sys", "Hashes": "SHA1=C2C15C5E6DC3F6949F4E841177C3465554D52B4A,MD5=3795DCD21F740EE799FB7223234215AF,SHA256=B03DBFD33B201134473D23038E0BD86CFE64556754BF4EBA42C10B67AEECAEA6,IMPHASH=FC68EEC1446E6EB6A82E1C64407C61A8", "Signed": "true", "Signature": "Microsoft Windows", "SignatureStatus": "Valid", "_source_file": "data/baseline/win7-x86/Microsoft-Windows-Sysmon%4Operational.evtx"}, {"EventID": 7, "Computer": "evtx-PC", "UtcTime": "2022-04-04 11:19:51.909", "Provider": "Microsoft-Windows-Sysmon", "RuleName": "-", "ProcessGuid": "{e97d4e69-0000-0000-1bad-000000000000}", "ProcessId": "892", "Image": "C:\\Windows\\System32\\svchost.exe", "ImageLoaded": "C:\\Windows\\System32\\umrdp.dll", "FileVersion": "6.1.7600.16385 (win7_rtm.090713-1255)", "Description": "Remote Desktop Services Device Redirector Service", "Product": "Microsoft\u00ae Windows\u00ae Operating System", "Company": "Microsoft Corporation", "OriginalFileName": "umrdp.dll", "Hashes": "SHA1=086A2135E4522A65CCAEC76004556D6D3067C898,MD5=8ECACA5454844F66386F7BE4AE0D7CD1,SHA256=F3B02A9F598C6A9EFA019F5833959DD1A86FDFDB9FDDF99A8687BBB6211AAD00,IMPHASH=A87DC2247065956401FF9A67771E37D8", "Signed": "true", "Signature": "Microsoft Windows", "SignatureStatus": "Valid", "_source_file": "data/baseline/win7-x86/Microsoft-Windows-Sysmon%4Operational.evtx"}, {"EventID": 7, "Computer": "evtx-PC", "UtcTime": "2022-04-04 11:19:51.894", "Provider": "Microsoft-Windows-Sysmon", "RuleName": "-", "ProcessGuid": "{e97d4e69-0000-0000-1bad-000000000000}", "ProcessId": "892", "Image": "C:\\Windows\\System32\\svchost.exe", "ImageLoaded": "C:\\Windows\\System32\\pautoenr.dll", "FileVersion": "6.1.7600.16385 (win7_rtm.090713-1255)", "Description": "Auto Enrollment DLL", "Product": "Microsoft\u00ae Windows\u00ae Operating System", "Company": "Microsoft Corporation", "OriginalFileName": "Auto Enrollment DLL", "Hashes": "SHA1=0B2BD2737E19AB488248DEC53F25F3C87F441B83,MD5=14486EB6AF542F2BD3239F7FC3E713F7,SHA256=C084C653CF6C63D7B4DB08CBDE2CAF059019D276BCACD923A29D22E69055012C,IMPHASH=777437F21B27D7331F6D2C7487071987", "Signed": "true", "Signature": "Microsoft Windows", "SignatureStatus": "Valid", "_source_file": "data/baseline/win7-x86/Microsoft-Windows-Sysmon%4Operational.evtx"}, {"EventID": 7, "Computer": "evtx-PC", "UtcTime": "2022-04-04 11:19:51.924", "Provider": "Microsoft-Windows-Sysmon", "RuleName": "-", "ProcessGuid": "{e97d4e69-0000-0000-1bad-000000000000}", "ProcessId": "892", "Image": "C:\\Windows\\System32\\svchost.exe", "ImageLoaded": "C:\\Windows\\System32\\MSMPEG2ENC.DLL", "FileVersion": "6.1.7600.16385 (win7_rtm.090713-1255)", "Description": "Microsoft MPEG-2 Encoder", "Product": "Microsoft\u00ae Windows\u00ae Operating System", "Company": "Microsoft Corporation", "OriginalFileName": "MSMPEG2ENC.dll", "Hashes": "SHA1=BB09DC0EBFDB7E5185BBEC57F5F12E20B2A0CC1A,MD5=25FC9E3237D9DC8F7511AF13E70C49BC,SHA256=026E508F6AF1CB9A668F40C54E50E02920486743A9B67748AB8BEC0AD3209100,IMPHASH=869CA7024498AA73653110176FEFBC14", "Signed": "true", "Signature": "Microsoft Windows", "SignatureStatus": "Valid", "_source_file": "data/baseline/win7-x86/Microsoft-Windows-Sysmon%4Operational.evtx"}, {"EventID": 7, "Computer": "evtx-PC", "UtcTime": "2022-04-04 11:19:51.924", "Provider": "Microsoft-Windows-Sysmon", "RuleName": "-", "ProcessGuid": "{e97d4e69-0000-0000-1bad-000000000000}", "ProcessId": "892", "Image": "C:\\Windows\\System32\\svchost.exe", "ImageLoaded": "C:\\Windows\\System32\\appinfo.dll", "FileVersion": "6.1.7600.16385 (win7_rtm.090713-1255)", "Description": "Application Information Service", "Product": "Microsoft\u00ae Windows\u00ae Operating System", "Company": "Microsoft Corporation", "OriginalFileName": "appinfo.dll", "Hashes": "SHA1=10F78FA2888AEB049ED3F90AE5D583D569B28B22,MD5=7DEAD9E3F65DCB2794F2711003BBF650,SHA256=F541C30EEFD1BDB70F361B878B6E51DC728873695DD137148CE531FBACCDA21B,IMPHASH=8D229952DFA5BF3665979FAD859F20D6", "Signed": "true", "Signature": "Microsoft Windows", "SignatureStatus": "Valid", "_source_file": "data/baseline/win7-x86/Microsoft-Windows-Sysmon%4Operational.evtx"}, {"EventID": 7, "Computer": "evtx-PC", "UtcTime": "2022-04-04 11:19:51.924", "Provider": "Microsoft-Windows-Sysmon", "RuleName": "-", "ProcessGuid": "{e97d4e69-0000-0000-1bad-000000000000}", "ProcessId": "892", "Image": "C:\\Windows\\System32\\svchost.exe", "ImageLoaded": "C:\\Windows\\System32\\pdh.dll", "FileVersion": "6.1.7600.16385 (win7_rtm.090713-1255)", "Description": "Windows Performance Data Helper DLL", "Product": "Microsoft\u00ae Windows\u00ae Operating System", "Company": "Microsoft Corporation", "OriginalFileName": "PDH.DLL", "Hashes": "SHA1=8ABABC0CEFD3E7C079E8D765A400BBCD9640ABCB,MD5=21894CB605E416D26892DC445507408E,SHA256=0C7BE9481556D8DC7F99AE76E45F04E89272D03EA8FB90779CE706E56F0C53CE,IMPHASH=67847F414D72682C123E6879C3CB49F0", "Signed": "true", "Signature": "Microsoft Windows", "SignatureStatus": "Valid", "_source_file": "data/baseline/win7-x86/Microsoft-Windows-Sysmon%4Operational.evtx"}, {"EventID": 7, "Computer": "evtx-PC", "UtcTime": "2022-04-04 11:19:51.971", "Provider": "Microsoft-Windows-Sysmon", "RuleName": "-", "ProcessGuid": "{e97d4e69-0000-0000-1bad-000000000000}", "ProcessId": "892", "Image": "C:\\Windows\\System32\\svchost.exe", "ImageLoaded": "C:\\Windows\\System32\\oleres.dll", "FileVersion": "6.1.7600.16385 (win7_rtm.090713-1255)", "Description": "Ole resource dll", "Product": "Microsoft\u00ae Windows\u00ae Operating System", "Company": "Microsoft Corporation", "OriginalFileName": "oleres.dll", "Hashes": "SHA1=49B48AC54916981B7A52C6F879060B26E7054F27,MD5=370E6FB6F6FF1B3DAC7F1182AC493BB6,SHA256=6F61C15EDA310DBDEED6F597A971ABB2BBA8E01A549F7420AB247929C875FEF0,IMPHASH=00000000000000000000000000000000", "Signed": "true", "Signature": "Microsoft Windows", "SignatureStatus": "Valid", "_source_file": "data/baseline/win7-x86/Microsoft-Windows-Sysmon%4Operational.evtx"}, {"EventID": 7, "Computer": "evtx-PC", "UtcTime": "2022-04-04 11:19:51.971", "Provider": "Microsoft-Windows-Sysmon", "RuleName": "-", "ProcessGuid": "{e97d4e69-0000-0000-1bad-000000000000}", "ProcessId": "892", "Image": "C:\\Windows\\System32\\svchost.exe", "ImageLoaded": "C:\\Windows\\System32\\WerFault.exe", "FileVersion": "6.1.7600.16385 (win7_rtm.090713-1255)", "Description": "Windows Problem Reporting", "Product": "Microsoft\u00ae Windows\u00ae Operating System", "Company": "Microsoft Corporation", "OriginalFileName": "WerFault.exe", "Hashes": "SHA1=F43F28CC5165608E6FB3794E9A3D083CA2C75F0E,MD5=5FEAB868CAEDBBD1B7A145CA8261E4AA,SHA256=08BACE187A0225E10677DE9AA6738A7118BE3E5CAD6DC45FB8D3366A61BB343C,IMPHASH=9E033013A54C838941E1E6B8DC42511D", "Signed": "true", "Signature": "Microsoft Windows", "SignatureStatus": "Valid", "_source_file": "data/baseline/win7-x86/Microsoft-Windows-Sysmon%4Operational.evtx"}, {"EventID": 7, "Computer": "evtx-PC", "UtcTime": "2022-04-04 11:19:51.971", "Provider": "Microsoft-Windows-Sysmon", "RuleName": "-", "ProcessGuid": "{e97d4e69-0000-0000-1bad-000000000000}", "ProcessId": "892", "Image": "C:\\Windows\\System32\\svchost.exe", "ImageLoaded": "C:\\Windows\\System32\\WerFault.exe", "FileVersion": "6.1.7600.16385 (win7_rtm.090713-1255)", "Description": "Windows Problem Reporting", "Product": "Microsoft\u00ae Windows\u00ae Operating System", "Company": "Microsoft Corporation", "OriginalFileName": "WerFault.exe", "Hashes": "SHA1=F43F28CC5165608E6FB3794E9A3D083CA2C75F0E,MD5=5FEAB868CAEDBBD1B7A145CA8261E4AA,SHA256=08BACE187A0225E10677DE9AA6738A7118BE3E5CAD6DC45FB8D3366A61BB343C,IMPHASH=9E033013A54C838941E1E6B8DC42511D", "Signed": "true", "Signature": "Microsoft Windows", "SignatureStatus": "Valid", "_source_file": "data/baseline/win7-x86/Microsoft-Windows-Sysmon%4Operational.evtx"}, {"EventID": 7, "Computer": "evtx-PC", "UtcTime": "2022-04-04 11:19:51.971", "Provider": "Microsoft-Windows-Sysmon", "RuleName": "-", "ProcessGuid": "{e97d4e69-0000-0000-1bad-000000000000}", "ProcessId": "892", "Image": "C:\\Windows\\System32\\svchost.exe", "ImageLoaded": "C:\\Windows\\System32\\UIRibbon.dll", "FileVersion": "6.1.7600.16385 (win7_rtm.090713-1255)", "Description": "Windows Ribbon Framework", "Product": "Microsoft\u00ae Windows\u00ae Operating System", "Company": "Microsoft Corporation", "OriginalFileName": "UIRibbon.dll", "Hashes": "SHA1=78A1813FCDD4FF7A2A10D30D9DD61A5C2B9972DF,MD5=966700F29F9EAF2060759310BE6B6C0B,SHA256=C133B802D15CFA98DB5D01EDB53A166CB75C3B7790E77E418260F10C928B76E1,IMPHASH=ED2649C48346D2674B6CEF9138B3AEBF", "Signed": "true", "Signature": "Microsoft Windows", "SignatureStatus": "Valid", "_source_file": "data/baseline/win7-x86/Microsoft-Windows-Sysmon%4Operational.evtx"}, {"EventID": 7, "Computer": "evtx-PC", "UtcTime": "2022-04-04 11:19:52.110", "Provider": "Microsoft-Windows-Sysmon", "RuleName": "-", "ProcessGuid": "{e97d4e69-0000-0000-1bad-000000000000}", "ProcessId": "892", "Image": "C:\\Windows\\System32\\svchost.exe", "ImageLoaded": "C:\\Windows\\System32\\ieframe.dll", "FileVersion": "8.00.7600.16385 (win7_rtm.090713-1255)", "Description": "Internet Browser", "Product": "Windows\u00ae Internet Explorer", "Company": "Microsoft Corporation", "OriginalFileName": "IEFRAME.DLL", "Hashes": "SHA1=092312AB1EC7DC252795F00E81569994A23356F2,MD5=672ECBB050F17BF90FE00758596F38CA,SHA256=692CA91D62B65E562A931BC1437B639658CE65C5290A013B73F051A948AE17F9,IMPHASH=7A60CA3C6E7F2DED650236AD37EF7927", "Signed": "true", "Signature": "Microsoft Windows", "SignatureStatus": "Valid", "_source_file": "data/baseline/win7-x86/Microsoft-Windows-Sysmon%4Operational.evtx"}, {"EventID": 7, "Computer": "evtx-PC", "UtcTime": "2022-04-04 11:19:52.110", "Provider": "Microsoft-Windows-Sysmon", "RuleName": "-", "ProcessGuid": "{e97d4e69-0000-0000-1bad-000000000000}", "ProcessId": "892", "Image": "C:\\Windows\\System32\\svchost.exe", "ImageLoaded": "C:\\Windows\\System32\\setupetw.dll", "FileVersion": "6.1.7600.16385 (win7_rtm.090713-1255)", "Description": "Setup ETW Event Resources", "Product": "Microsoft\u00ae Windows\u00ae Operating System", "Company": "Microsoft Corporation", "OriginalFileName": "setupetw.dll", "Hashes": "SHA1=387AA69795A0CC4E978F5783DD3814DFD00B84D4,MD5=5655D2E4822E1512B9152AD90B9E2151,SHA256=6894E31104A294B4AAFA364EA4F6CA7F2165157BE3E0B8FE5585E9792151D055,IMPHASH=00000000000000000000000000000000", "Signed": "true", "Signature": "Microsoft Windows", "SignatureStatus": "Valid", "_source_file": "data/baseline/win7-x86/Microsoft-Windows-Sysmon%4Operational.evtx"}, {"EventID": 7, "Computer": "evtx-PC", "UtcTime": "2022-04-04 11:19:52.126", "Provider": "Microsoft-Windows-Sysmon", "RuleName": "-", "ProcessGuid": "{e97d4e69-0000-0000-1bad-000000000000}", "ProcessId": "892", "Image": "C:\\Windows\\System32\\svchost.exe", "ImageLoaded": "C:\\Windows\\System32\\fveapi.dll", "FileVersion": "6.1.7600.16385 (win7_rtm.090713-1255)", "Description": "Windows BitLocker Drive Encryption API", "Product": "Microsoft\u00ae Windows\u00ae Operating System", "Company": "Microsoft Corporation", "OriginalFileName": "FVEAPI.DLL", "Hashes": "SHA1=57B46908D790D9929189952A2FE35DF8E563572D,MD5=DB7F4DE9079F8D073622F18A96A671D5,SHA256=23313C37BFF6E494059C9F4587AFFF257C24EC4252C32BC497C1E0E33F2BBAB1,IMPHASH=C607BA8DA7E2F48FF7F674455CAB1D40", "Signed": "true", "Signature": "Microsoft Windows", "SignatureStatus": "Valid", "_source_file": "data/baseline/win7-x86/Microsoft-Windows-Sysmon%4Operational.evtx"}, {"EventID": 7, "Computer": "evtx-PC", "UtcTime": "2022-04-04 11:19:52.126", "Provider": "Microsoft-Windows-Sysmon", "RuleName": "-", "ProcessGuid": "{e97d4e69-0000-0000-1bad-000000000000}", "ProcessId": "892", "Image": "C:\\Windows\\System32\\svchost.exe", "ImageLoaded": "C:\\Windows\\System32\\drivers\\fvevol.sys", "FileVersion": "6.1.7600.16385 (win7_rtm.090713-1255)", "Description": "BitLocker Drive Encryption Driver", "Product": "Microsoft\u00ae Windows\u00ae Operating System", "Company": "Microsoft Corporation", "OriginalFileName": "FVEVOL.SYS", "Hashes": "SHA1=006AD1CF96DF82A8183EBEFB5E06838E4EA28E64,MD5=5592F5DBA26282D24D2B080EB438A4D7,SHA256=5376D6CFFE9A1406CFA0BF4325EB65206F57A5C50034DA7EB4238BEB08D4D6DB,IMPHASH=B529FC7DB7915047E1B095F990C004BA", "Signed": "true", "Signature": "Microsoft Windows", "SignatureStatus": "Valid", "_source_file": "data/baseline/win7-x86/Microsoft-Windows-Sysmon%4Operational.evtx"}, {"EventID": 7, "Computer": "evtx-PC", "UtcTime": "2022-04-04 11:19:52.126", "Provider": "Microsoft-Windows-Sysmon", "RuleName": "-", "ProcessGuid": "{e97d4e69-0000-0000-1bad-000000000000}", "ProcessId": "892", "Image": "C:\\Windows\\System32\\svchost.exe", "ImageLoaded": "C:\\Windows\\System32\\whealogr.dll", "FileVersion": "6.1.7600.16385 (win7_rtm.090713-1255)", "Description": "WHEA Troubleshooter", "Product": "Microsoft\u00ae Windows\u00ae Operating System", "Company": "Microsoft Corporation", "OriginalFileName": "whealogr.dll", "Hashes": "SHA1=B579F6E6128FA082456CF201A8159E37ECEEF533,MD5=D0EDCE3DA1F055E5534FEE1C2A9BDA59,SHA256=DFBF336FC1B3CF255AD454D9F5F813BCB7849251C3F429D705F82319CE5CEE71,IMPHASH=2E18CA1570CF34AABD1AE730E3E27EB7", "Signed": "true", "Signature": "Microsoft Windows", "SignatureStatus": "Valid", "_source_file": "data/baseline/win7-x86/Microsoft-Windows-Sysmon%4Operational.evtx"}, {"EventID": 7, "Computer": "evtx-PC", "UtcTime": "2022-04-04 11:19:52.172", "Provider": "Microsoft-Windows-Sysmon", "RuleName": "-", "ProcessGuid": "{e97d4e69-0000-0000-1bad-000000000000}", "ProcessId": "892", "Image": "C:\\Windows\\System32\\svchost.exe", "ImageLoaded": "C:\\Windows\\System32\\themeui.dll", "FileVersion": "6.1.7600.16385 (win7_rtm.090713-1255)", "Description": "Windows Theme API", "Product": "Microsoft\u00ae Windows\u00ae Operating System", "Company": "Microsoft Corporation", "OriginalFileName": "ThemeUI.DLL", "Hashes": "SHA1=41485BCE0164E18B279E900006263552F2F5A974,MD5=BA25800813148F910A600B6DE1F78B2B,SHA256=D6454328BF012C174BC196C64CF23904B5E7C9B671F2B561019B68BCDE02E6AD,IMPHASH=582E0604B024FF7B1779700612CE957C", "Signed": "true", "Signature": "Microsoft Windows", "SignatureStatus": "Valid", "_source_file": "data/baseline/win7-x86/Microsoft-Windows-Sysmon%4Operational.evtx"}, {"EventID": 7, "Computer": "evtx-PC", "UtcTime": "2022-04-04 11:19:52.187", "Provider": "Microsoft-Windows-Sysmon", "RuleName": "-", "ProcessGuid": "{e97d4e69-0000-0000-1bad-000000000000}", "ProcessId": "892", "Image": "C:\\Windows\\System32\\svchost.exe", "ImageLoaded": "C:\\Windows\\System32\\comres.dll", "FileVersion": "2001.12.8530.16385 (win7_rtm.090713-1255)", "Description": "COM+ Resources", "Product": "Microsoft\u00ae Windows\u00ae Operating System", "Company": "Microsoft Corporation", "OriginalFileName": "COMRES.DLL", "Hashes": "SHA1=1DFE6AFF652DAC20A00BA277585DC19C8EF46630,MD5=808D8A8B2A3074002852BC856D419576,SHA256=1AFDEAAD071D398F4663E82D58510ABC0A30048018866C59AB53D3ECB6E6D349,IMPHASH=00000000000000000000000000000000", "Signed": "true", "Signature": "Microsoft Windows", "SignatureStatus": "Valid", "_source_file": "data/baseline/win7-x86/Microsoft-Windows-Sysmon%4Operational.evtx"}, {"EventID": 7, "Computer": "evtx-PC", "UtcTime": "2022-04-04 11:19:52.187", "Provider": "Microsoft-Windows-Sysmon", "RuleName": "-", "ProcessGuid": "{e97d4e69-0000-0000-1bad-000000000000}", "ProcessId": "892", "Image": "C:\\Windows\\System32\\svchost.exe", "ImageLoaded": "C:\\Windows\\System32\\shsvcs.dll", "FileVersion": "6.1.7600.16385 (win7_rtm.090713-1255)", "Description": "Windows Shell Services Dll", "Product": "Microsoft\u00ae Windows\u00ae Operating System", "Company": "Microsoft Corporation", "OriginalFileName": "SHSVCS.DLL", "Hashes": "SHA1=8AC39AA70C29CD4CA2CA7E5C1A6827C042C055A6,MD5=CD2E48FA5B29EE2B3B5858056D246EF2,SHA256=B743F92D0121CF3D827753C85F1F5A14C2DAA1CAFD42C7810C3BECB853DB6175,IMPHASH=24E4C7E1298E493F271A6A5FE676E7FE", "Signed": "true", "Signature": "Microsoft Windows", "SignatureStatus": "Valid", "_source_file": "data/baseline/win7-x86/Microsoft-Windows-Sysmon%4Operational.evtx"}, {"EventID": 7, "Computer": "evtx-PC", "UtcTime": "2022-04-04 11:19:52.172", "Provider": "Microsoft-Windows-Sysmon", "RuleName": "-", "ProcessGuid": "{e97d4e69-0000-0000-1bad-000000000000}", "ProcessId": "892", "Image": "C:\\Windows\\System32\\svchost.exe", "ImageLoaded": "C:\\Windows\\System32\\mprmsg.dll", "FileVersion": "6.1.7600.16385 (win7_rtm.090713-1255)", "Description": "Multi-Protocol Router Service Messages DLL", "Product": "Microsoft\u00ae Windows\u00ae Operating System", "Company": "Microsoft Corporation", "OriginalFileName": "routemsg.DLL", "Hashes": "SHA1=609117255219A6A0FDE32316C11685B0D388968E,MD5=9A7B54D57594233EEB17892BAD309970,SHA256=64EF2A51BFA13455038DCB6773F9DEF6FD46FAA1F1CF47E7B61D3E64466DA5AA,IMPHASH=625842A0EEA56391B8CF2263C82645B5", "Signed": "true", "Signature": "Microsoft Windows", "SignatureStatus": "Valid", "_source_file": "data/baseline/win7-x86/Microsoft-Windows-Sysmon%4Operational.evtx"}, {"EventID": 7, "Computer": "evtx-PC", "UtcTime": "2022-04-04 11:19:52.187", "Provider": "Microsoft-Windows-Sysmon", "RuleName": "-", "ProcessGuid": "{e97d4e69-0000-0000-1bad-000000000000}", "ProcessId": "892", "Image": "C:\\Windows\\System32\\svchost.exe", "ImageLoaded": "C:\\Windows\\System32\\drivers\\ndisuio.sys", "FileVersion": "6.1.7600.16385 (win7_rtm.090713-1255)", "Description": "NDIS User mode I/O driver", "Product": "Microsoft\u00ae Windows\u00ae Operating System", "Company": "Microsoft Corporation", "OriginalFileName": "NDISUIO.SYS", "Hashes": "SHA1=CAF3BE323CE06CF64E4F3685A441FB408F64A55E,MD5=B30AE7F2B6D7E343B0DF32E6C08FCE75,SHA256=39BBBF7AF886732CB9ED3E6C06DA4318554089F3BEA74C74328FE1C6EF68E70B,IMPHASH=F9819448AD4781A7BB0881B840B55BD1", "Signed": "true", "Signature": "Microsoft Windows", "SignatureStatus": "Valid", "_source_file": "data/baseline/win7-x86/Microsoft-Windows-Sysmon%4Operational.evtx"}, {"EventID": 7, "Computer": "evtx-PC", "UtcTime": "2022-04-04 11:19:52.218", "Provider": "Microsoft-Windows-Sysmon", "RuleName": "-", "ProcessGuid": "{e97d4e69-0000-0000-1bad-000000000000}", "ProcessId": "892", "Image": "C:\\Windows\\System32\\svchost.exe", "ImageLoaded": "C:\\Windows\\System32\\oobe\\winsetup.dll", "FileVersion": "6.1.7600.16385 (win7_rtm.090713-1255)", "Description": "Windows System Setup", "Product": "Microsoft\u00ae Windows\u00ae Operating System", "Company": "Microsoft Corporation", "OriginalFileName": "WINSETUP.DLL", "Hashes": "SHA1=5F565636322E88A81D24A474D2D41EC79FE5AF31,MD5=5DEDE050B39541712305CFE039E5F578,SHA256=9225B8FDAC744D0AA3CAD3CC80856E4C3AC8724A5B11AA0FF29A6F4C208DF97B,IMPHASH=DE94D5C6FD48FDD32BCB06B6CFC89851", "Signed": "true", "Signature": "Microsoft Windows", "SignatureStatus": "Valid", "_source_file": "data/baseline/win7-x86/Microsoft-Windows-Sysmon%4Operational.evtx"}, {"EventID": 7, "Computer": "evtx-PC", "UtcTime": "2022-04-04 11:19:52.265", "Provider": "Microsoft-Windows-Sysmon", "RuleName": "-", "ProcessGuid": "{e97d4e69-0000-0000-1bad-000000000000}", "ProcessId": "892", "Image": "C:\\Windows\\System32\\svchost.exe", "ImageLoaded": "C:\\Windows\\System32\\mf.dll", "FileVersion": "12.0.7600.16385 (win7_rtm.090713-1255)", "Description": "Media Foundation DLL", "Product": "Microsoft\u00ae Windows\u00ae Operating System", "Company": "Microsoft Corporation", "OriginalFileName": "mf.dll", "Hashes": "SHA1=96210295637BC38F1690D4E34D674C48DB77929D,MD5=80EFBCAFBD26956B69EE9CEFC93423B0,SHA256=9DFC9FCFD3F88CD2952D3D6ACB32D6E98EC09C492727A8A5E73EBA82F6F6C9E8,IMPHASH=B9ED7C5D90C5709378A24D6F198C4EBB", "Signed": "true", "Signature": "Microsoft Windows", "SignatureStatus": "Valid", "_source_file": "data/baseline/win7-x86/Microsoft-Windows-Sysmon%4Operational.evtx"}, {"EventID": 7, "Computer": "evtx-PC", "UtcTime": "2022-04-04 11:19:52.265", "Provider": "Microsoft-Windows-Sysmon", "RuleName": "-", "ProcessGuid": "{e97d4e69-0000-0000-1bad-000000000000}", "ProcessId": "892", "Image": "C:\\Windows\\System32\\svchost.exe", "ImageLoaded": "C:\\Windows\\System32\\adsldpc.dll", "FileVersion": "6.1.7600.16385 (win7_rtm.090713-1255)", "Description": "ADs LDAP Provider C DLL", "Product": "Microsoft\u00ae Windows\u00ae Operating System", "Company": "Microsoft Corporation", "OriginalFileName": "adsldpc", "Hashes": "SHA1=A9D2CC46C2F0EA2CB16BB6D25EB192ACDA6C99CC,MD5=51F5CC1E7DA3D9C664C2D0D61F315E06,SHA256=0A50A35863C9679E8DFC0783D5F1F6411010873738C6B1D90B7E993D2C6CFB06,IMPHASH=07EC77FBCA959628420F768D811BD910", "Signed": "true", "Signature": "Microsoft Windows", "SignatureStatus": "Valid", "_source_file": "data/baseline/win7-x86/Microsoft-Windows-Sysmon%4Operational.evtx"}, {"EventID": 7, "Computer": "evtx-PC", "UtcTime": "2022-04-04 11:19:52.342", "Provider": "Microsoft-Windows-Sysmon", "RuleName": "-", "ProcessGuid": "{e97d4e69-0000-0000-1bad-000000000000}", "ProcessId": "892", "Image": "C:\\Windows\\System32\\svchost.exe", "ImageLoaded": "C:\\Program Files\\Common Files\\microsoft shared\\ink\\mraut.dll", "FileVersion": "6.1.7600.16385 (win7_rtm.090713-1255)", "Description": "Math Recognizer", "Product": "Microsoft\u00ae Windows\u00ae Operating System", "Company": "Microsoft Corporation", "OriginalFileName": "mraut.dll", "Hashes": "SHA1=7AD292A964350480C1BFBD02645198F69540E336,MD5=D5E18D1EBF3B9BC52095EE6EEFD2333A,SHA256=B9965AF1CFCADF8D26885DC87877551CF5991F39D5ED23D997B4C8E48E7B5041,IMPHASH=C6EAB3563034E940FE399CC2C7066E19", "Signed": "true", "Signature": "Microsoft Windows", "SignatureStatus": "Valid", "_source_file": "data/baseline/win7-x86/Microsoft-Windows-Sysmon%4Operational.evtx"}, {"EventID": 7, "Computer": "evtx-PC", "UtcTime": "2022-04-04 11:19:52.358", "Provider": "Microsoft-Windows-Sysmon", "RuleName": "-", "ProcessGuid": "{e97d4e69-0000-0000-1bad-000000000000}", "ProcessId": "892", "Image": "C:\\Windows\\System32\\svchost.exe", "ImageLoaded": "C:\\Windows\\System32\\wisptis.exe", "FileVersion": "6.1.7600.16385 (win7_rtm.090713-1255)", "Description": "Microsoft Pen and Touch Input Component", "Product": "Microsoft\u00ae Windows\u00ae Operating System", "Company": "Microsoft Corporation", "OriginalFileName": "WISPTIS.EXE", "Hashes": "SHA1=125CE6A94757C779408CF5E3323F934DEE831A30,MD5=60BDFFBD51E5B2EF972F390C6550CCC1,SHA256=55B54ED1BE076D2871B08DD3DEA47216CBBD33B6DAA319FC139FEB45E0DE7ABC,IMPHASH=0D3B73B54C9495D8E4800261515BC59A", "Signed": "true", "Signature": "Microsoft Windows", "SignatureStatus": "Valid", "_source_file": "data/baseline/win7-x86/Microsoft-Windows-Sysmon%4Operational.evtx"}, {"EventID": 7, "Computer": "evtx-PC", "UtcTime": "2022-04-04 11:19:52.373", "Provider": "Microsoft-Windows-Sysmon", "RuleName": "-", "ProcessGuid": "{e97d4e69-0000-0000-1bad-000000000000}", "ProcessId": "892", "Image": "C:\\Windows\\System32\\svchost.exe", "ImageLoaded": "C:\\Windows\\System32\\efscore.dll", "FileVersion": "6.1.7600.16385 (win7_rtm.090713-1255)", "Description": "EFS Core Library", "Product": "Microsoft\u00ae Windows\u00ae Operating System", "Company": "Microsoft Corporation", "OriginalFileName": "EFSCORE.DLL", "Hashes": "SHA1=806810359D2803FDF10D9B5066292B528B816175,MD5=61933976CFB6F3F2A0E14A1DA704ADF6,SHA256=4AAA604D250916ECEB474D078484459FB3C822925311C13E6B91A59A38113394,IMPHASH=1534CB68C5D90AF1AB4AAD0F1ABBAD19", "Signed": "true", "Signature": "Microsoft Windows", "SignatureStatus": "Valid", "_source_file": "data/baseline/win7-x86/Microsoft-Windows-Sysmon%4Operational.evtx"}, {"EventID": 7, "Computer": "evtx-PC", "UtcTime": "2022-04-04 11:19:52.373", "Provider": "Microsoft-Windows-Sysmon", "RuleName": "-", "ProcessGuid": "{e97d4e69-0000-0000-1bad-000000000000}", "ProcessId": "892", "Image": "C:\\Windows\\System32\\svchost.exe", "ImageLoaded": "C:\\Windows\\System32\\drivers\\volsnap.sys", "FileVersion": "6.1.7600.16385 (win7_rtm.090713-1255)", "Description": "Volume Shadow Copy Driver", "Product": "Microsoft\u00ae Windows\u00ae Operating System", "Company": "Microsoft Corporation", "OriginalFileName": "volsnap.sys", "Hashes": "SHA1=164A63886E621B566F4C1CCCFCEFF59BDCC4A948,MD5=58DF9D2481A56EDDE167E51B334D44FD,SHA256=C77D7BE83CF1C0DEC80429C5A519E794FD2E8C1E6DAD6F5C92B5EB5694CEB8EA,IMPHASH=F3AC9B3D4F01AE5FE6A326219A159F5B", "Signed": "true", "Signature": "Microsoft Windows", "SignatureStatus": "Valid", "_source_file": "data/baseline/win7-x86/Microsoft-Windows-Sysmon%4Operational.evtx"}, {"EventID": 7, "Computer": "evtx-PC", "UtcTime": "2022-04-04 11:19:52.373", "Provider": "Microsoft-Windows-Sysmon", "RuleName": "-", "ProcessGuid": "{e97d4e69-0000-0000-1bad-000000000000}", "ProcessId": "892", "Image": "C:\\Windows\\System32\\svchost.exe", "ImageLoaded": "C:\\Windows\\System32\\tcpmon.dll", "FileVersion": "6.1.7600.16385 (win7_rtm.090713-1255)", "Description": "Standard TCP/IP Port Monitor DLL", "Product": "Microsoft\u00ae Windows\u00ae Operating System", "Company": "Microsoft Corporation", "OriginalFileName": "tcpmon.dll", "Hashes": "SHA1=A7CE9B6DE380B238FFE6CB047A3D662048AD37F2,MD5=B390C1D825C7687493BEDE237C6C2F25,SHA256=969C456E52695E8AECDDF80995F05D18F6F686AA1AE58A9A661C3069CDF5B1BD,IMPHASH=A8982CD4553BE152B16BFDCCF8768C2C", "Signed": "true", "Signature": "Microsoft Windows", "SignatureStatus": "Valid", "_source_file": "data/baseline/win7-x86/Microsoft-Windows-Sysmon%4Operational.evtx"}, {"EventID": 7, "Computer": "evtx-PC", "UtcTime": "2022-04-04 11:19:52.373", "Provider": "Microsoft-Windows-Sysmon", "RuleName": "-", "ProcessGuid": "{e97d4e69-0000-0000-1bad-000000000000}", "ProcessId": "892", "Image": "C:\\Windows\\System32\\svchost.exe", "ImageLoaded": "C:\\Windows\\System32\\drivers\\fileinfo.sys", "FileVersion": "6.1.7600.16385 (win7_rtm.090713-1255)", "Description": "FileInfo Filter Driver", "Product": "Microsoft\u00ae Windows\u00ae Operating System", "Company": "Microsoft Corporation", "OriginalFileName": "FileInfo.sys", "Hashes": "SHA1=BC4AFC1AB7FD841217628E2F6A0E6D52EB388866,MD5=6CF00369C97F3CF563BE99BE983D13D8,SHA256=F65F35324A2FB9DFB533B1C4D089D990CC242218FE83414329D07B786D8EFF33,IMPHASH=7E7638CCB43ADD7EAD64152E121A3EA8", "Signed": "true", "Signature": "Microsoft Windows", "SignatureStatus": "Valid", "_source_file": "data/baseline/win7-x86/Microsoft-Windows-Sysmon%4Operational.evtx"}, {"EventID": 7, "Computer": "evtx-PC", "UtcTime": "2022-04-04 11:19:52.389", "Provider": "Microsoft-Windows-Sysmon", "RuleName": "-", "ProcessGuid": "{e97d4e69-0000-0000-1bad-000000000000}", "ProcessId": "892", "Image": "C:\\Windows\\System32\\svchost.exe", "ImageLoaded": "C:\\Windows\\System32\\drivers\\disk.sys", "FileVersion": "6.1.7600.16385 (win7_rtm.090713-1255)", "Description": "PnP Disk Driver", "Product": "Microsoft\u00ae Windows\u00ae Operating System", "Company": "Microsoft Corporation", "OriginalFileName": "disk.sys", "Hashes": "SHA1=7EBDFD79EDBC39540C254989531AF97E41458095,MD5=565003F326F99802E68CA78F2A68E9FF,SHA256=ABC42B24DBA4FFC411120E09278EF26AF56CCAB463B69B4BD6C530B4A07063D2,IMPHASH=C6EAAADD456500E34B04104FA64F150F", "Signed": "true", "Signature": "Microsoft Windows", "SignatureStatus": "Valid", "_source_file": "data/baseline/win7-x86/Microsoft-Windows-Sysmon%4Operational.evtx"}, {"EventID": 7, "Computer": "evtx-PC", "UtcTime": "2022-04-04 11:19:52.404", "Provider": "Microsoft-Windows-Sysmon", "RuleName": "-", "ProcessGuid": "{e97d4e69-0000-0000-1bad-000000000000}", "ProcessId": "892", "Image": "C:\\Windows\\System32\\svchost.exe", "ImageLoaded": "C:\\Windows\\System32\\dwmapi.dll", "FileVersion": "6.1.7600.16385 (win7_rtm.090713-1255)", "Description": "Microsoft Desktop Window Manager API", "Product": "Microsoft\u00ae Windows\u00ae Operating System", "Company": "Microsoft Corporation", "OriginalFileName": "dwmapi.dll", "Hashes": "SHA1=6583D33202435195F364C4E5FADF4676701B6D0B,MD5=39C5F32747B3414D1BB216FDB1DEFC58,SHA256=6FAE64CB9748304090113903A5AE9E7154BE16BA2EEA7AB3EF04AB9D79B81380,IMPHASH=9A358FEE2788D27103AC2A2639A723DF", "Signed": "true", "Signature": "Microsoft Windows", "SignatureStatus": "Valid", "_source_file": "data/baseline/win7-x86/Microsoft-Windows-Sysmon%4Operational.evtx"}, {"EventID": 7, "Computer": "evtx-PC", "UtcTime": "2022-04-04 11:19:52.404", "Provider": "Microsoft-Windows-Sysmon", "RuleName": "-", "ProcessGuid": "{e97d4e69-0000-0000-1bad-000000000000}", "ProcessId": "892", "Image": "C:\\Windows\\System32\\svchost.exe", "ImageLoaded": "C:\\Windows\\System32\\WinSATAPI.dll", "FileVersion": "6.1.7600.16385 (win7_rtm.090713-1255)", "Description": "Windows System Assessment Tool API", "Product": "Microsoft\u00ae Windows\u00ae Operating System", "Company": "Microsoft Corporation", "OriginalFileName": "WinSATAPI.dll", "Hashes": "SHA1=A324C2879746877B2A4AC2B7D94DDAA808B2EF04,MD5=62D6C0C69ADFB00C3EB9A0CC81F39EE6,SHA256=49A6561F2BE7F7A5F4DEF76A6435ED2D1DBFEA3FE4C0355800304EC0DAA7E7AF,IMPHASH=39C281FA8403B88B4B38287DCDACDFEB", "Signed": "true", "Signature": "Microsoft Windows", "SignatureStatus": "Valid", "_source_file": "data/baseline/win7-x86/Microsoft-Windows-Sysmon%4Operational.evtx"}, {"EventID": 7, "Computer": "evtx-PC", "UtcTime": "2022-04-04 11:19:52.404", "Provider": "Microsoft-Windows-Sysmon", "RuleName": "-", "ProcessGuid": "{e97d4e69-0000-0000-1bad-000000000000}", "ProcessId": "892", "Image": "C:\\Windows\\System32\\svchost.exe", "ImageLoaded": "C:\\Windows\\System32\\PeerDistSvc.dll", "FileVersion": "6.1.7600.16385 (win7_rtm.090713-1255)", "Description": "BranchCache Service", "Product": "Microsoft\u00ae Windows\u00ae Operating System", "Company": "Microsoft Corporation", "OriginalFileName": "PeerDistSvc.dll", "Hashes": "SHA1=09DC6ACBE46796F8BC25DF0ACFEEFE12E187E8B2,MD5=AF4D64D2A57B9772CF3801950B8058A6,SHA256=C9C493A3775E6E1660CE5DF75DA574D0C04245FB88CF41B96217A725359C350D,IMPHASH=944304B44DDC71747DFBFED024E4BB61", "Signed": "true", "Signature": "Microsoft Windows", "SignatureStatus": "Valid", "_source_file": "data/baseline/win7-x86/Microsoft-Windows-Sysmon%4Operational.evtx"}, {"EventID": 7, "Computer": "evtx-PC", "UtcTime": "2022-04-04 11:19:52.404", "Provider": "Microsoft-Windows-Sysmon", "RuleName": "-", "ProcessGuid": "{e97d4e69-0000-0000-1bad-000000000000}", "ProcessId": "892", "Image": "C:\\Windows\\System32\\svchost.exe", "ImageLoaded": "C:\\Windows\\System32\\PeerDist.dll", "FileVersion": "6.1.7600.16385 (win7_rtm.090713-1255)", "Description": "BranchCache Client Library", "Product": "Microsoft\u00ae Windows\u00ae Operating System", "Company": "Microsoft Corporation", "OriginalFileName": "peerdist.dll", "Hashes": "SHA1=28DE9C38593768AC5F917384C6C158E83B2FC45B,MD5=772F44012DBE49DE894976AE2259A659,SHA256=34C7E200D075087A4084EF8947D5FC5A2511CC02A8A34AF8CFEEB5691364E522,IMPHASH=B23F5AF19079B91BA44A81C87CE89F55", "Signed": "true", "Signature": "Microsoft Windows", "SignatureStatus": "Valid", "_source_file": "data/baseline/win7-x86/Microsoft-Windows-Sysmon%4Operational.evtx"}, {"EventID": 7, "Computer": "evtx-PC", "UtcTime": "2022-04-04 11:19:52.419", "Provider": "Microsoft-Windows-Sysmon", "RuleName": "-", "ProcessGuid": "{e97d4e69-0000-0000-1bad-000000000000}", "ProcessId": "892", "Image": "C:\\Windows\\System32\\svchost.exe", "ImageLoaded": "C:\\Windows\\System32\\kerberos.dll", "FileVersion": "6.1.7600.16385 (win7_rtm.090713-1255)", "Description": "Kerberos Security Package", "Product": "Microsoft\u00ae Windows\u00ae Operating System", "Company": "Microsoft Corporation", "OriginalFileName": "kerberos.dll", "Hashes": "SHA1=53507516EEA84AFB949B11F9F73E5F5EAF0F5D8A,MD5=718B8DD9C887576E078EC2F84315F864,SHA256=1C9A512054AE9B9E119F6D736AB2E6F15A3AAC960157DA5D7C38AD9E4EA759E9,IMPHASH=2A912E65B457A8BDF6A392AE3E3222E4", "Signed": "true", "Signature": "Microsoft Windows", "SignatureStatus": "Valid", "_source_file": "data/baseline/win7-x86/Microsoft-Windows-Sysmon%4Operational.evtx"}, {"EventID": 7, "Computer": "evtx-PC", "UtcTime": "2022-04-04 11:19:52.419", "Provider": "Microsoft-Windows-Sysmon", "RuleName": "-", "ProcessGuid": "{e97d4e69-0000-0000-1bad-000000000000}", "ProcessId": "892", "Image": "C:\\Windows\\System32\\svchost.exe", "ImageLoaded": "C:\\Windows\\System32\\powercfg.cpl", "FileVersion": "6.1.7600.16385 (win7_rtm.090713-1255)", "Description": "Power Management Configuration Control Panel Applet", "Product": "Microsoft\u00ae Windows\u00ae Operating System", "Company": "Microsoft Corporation", "OriginalFileName": "POWERCFG.CPL", "Hashes": "SHA1=D39FE5C9F671538A4FC17A8E276D6407603255CB,MD5=72937754FCC2ADB1CDB83473D3FDC084,SHA256=20032586E850B9FDDD20C8682C42B4B54F1902E80EF30E0CE5985D7CAF44FF70,IMPHASH=F0C6E9116C7C0ED148086DE2F97FA683", "Signed": "true", "Signature": "Microsoft Windows", "SignatureStatus": "Valid", "_source_file": "data/baseline/win7-x86/Microsoft-Windows-Sysmon%4Operational.evtx"}, {"EventID": 7, "Computer": "evtx-PC", "UtcTime": "2022-04-04 11:19:52.435", "Provider": "Microsoft-Windows-Sysmon", "RuleName": "-", "ProcessGuid": "{e97d4e69-0000-0000-1bad-000000000000}", "ProcessId": "892", "Image": "C:\\Windows\\System32\\svchost.exe", "ImageLoaded": "C:\\Windows\\System32\\PortableDeviceStatus.dll", "FileVersion": "6.1.7600.16385 (win7_rtm.090713-1255)", "Description": "Microsoft Windows Portable Device Status Provider", "Product": "Microsoft\u00ae Windows\u00ae Operating System", "Company": "Microsoft Corporation", "OriginalFileName": "PortableDeviceStatus.DLL", "Hashes": "SHA1=86F64E3BACA50A95946C0A67F42D5D3B9DEEB0EA,MD5=8AE525C6392FD650F935BFF31C83768E,SHA256=D22425951EE54BC3B1567C8DBF8F102F8B3973083239B38E56166218CC394B44,IMPHASH=3485FB3AFB8E416FA066AD0115C22D9C", "Signed": "true", "Signature": "Microsoft Windows", "SignatureStatus": "Valid", "_source_file": "data/baseline/win7-x86/Microsoft-Windows-Sysmon%4Operational.evtx"}, {"EventID": 7, "Computer": "evtx-PC", "UtcTime": "2022-04-04 11:19:52.450", "Provider": "Microsoft-Windows-Sysmon", "RuleName": "-", "ProcessGuid": "{e97d4e69-0000-0000-1bad-000000000000}", "ProcessId": "892", "Image": "C:\\Windows\\System32\\svchost.exe", "ImageLoaded": "C:\\Windows\\System32\\netdiagfx.dll", "FileVersion": "6.1.7600.16385 (win7_rtm.090713-1255)", "Description": "Network Diagnostic Framework", "Product": "Microsoft\u00ae Windows\u00ae Operating System", "Company": "Microsoft Corporation", "OriginalFileName": "netdiagfx.dll", "Hashes": "SHA1=25599A088B967ACB5B494A471B78AB5BF0214D4A,MD5=039C64E115D594EAD99DA9DC8A5B3C30,SHA256=D35B2F386899C1AEAA80B3E0060F45B965B6BF55234EC67CF8B1EDDD5B0FA433,IMPHASH=317ADBC6FFA7ABE2E37FDEB826994C5F", "Signed": "true", "Signature": "Microsoft Windows", "SignatureStatus": "Valid", "_source_file": "data/baseline/win7-x86/Microsoft-Windows-Sysmon%4Operational.evtx"}, {"EventID": 7, "Computer": "evtx-PC", "UtcTime": "2022-04-04 11:19:52.450", "Provider": "Microsoft-Windows-Sysmon", "RuleName": "-", "ProcessGuid": "{e97d4e69-0000-0000-1bad-000000000000}", "ProcessId": "892", "Image": "C:\\Windows\\System32\\svchost.exe", "ImageLoaded": "C:\\Windows\\System32\\werconcpl.dll", "FileVersion": "6.1.7600.16385 (win7_rtm.090713-1255)", "Description": "PRS CPL", "Product": "Microsoft\u00ae Windows\u00ae Operating System", "Company": "Microsoft Corporation", "OriginalFileName": "WerConCpl.DLL", "Hashes": "SHA1=C80465E283681491DFDE11B6CF47075096833136,MD5=9A6DEDBE309AA0CE2C31EE6799B38E4F,SHA256=8931606EB465781C19E9B24A06102FE2415821A06F23278804A1DEE5885AF0FA,IMPHASH=6AD89EE1028509DBE0637940311940CF", "Signed": "true", "Signature": "Microsoft Windows", "SignatureStatus": "Valid", "_source_file": "data/baseline/win7-x86/Microsoft-Windows-Sysmon%4Operational.evtx"}, {"EventID": 7, "Computer": "evtx-PC", "UtcTime": "2022-04-04 11:19:52.466", "Provider": "Microsoft-Windows-Sysmon", "RuleName": "-", "ProcessGuid": "{e97d4e69-0000-0000-1bad-000000000000}", "ProcessId": "892", "Image": "C:\\Windows\\System32\\svchost.exe", "ImageLoaded": "C:\\Windows\\System32\\rtm.dll", "FileVersion": "6.1.7600.16385 (win7_rtm.090713-1255)", "Description": "Routing Table Manager", "Product": "Microsoft\u00ae Windows\u00ae Operating System", "Company": "Microsoft Corporation", "OriginalFileName": "RTM.DLL", "Hashes": "SHA1=E36387A64B01D5FC1081446F693D4C35F3C6C9D6,MD5=30FEC724ED3D65A8CFCF8C686BBAEE42,SHA256=BC0C799DF6038670AF1A47B5DE42387628027D0F4BF4F1D3B36895B98BE51CDF,IMPHASH=4F21492F703E9512BC3C21E4A3666B03", "Signed": "true", "Signature": "Microsoft Windows", "SignatureStatus": "Valid", "_source_file": "data/baseline/win7-x86/Microsoft-Windows-Sysmon%4Operational.evtx"}, 