{"EventID": 12, "Computer": "evtx-PC", "UtcTime": "2022-04-04 11:19:02.189", "Provider": "Microsoft-Windows-Sysmon", "RuleName": "-", "EventType": "CreateKey", "ProcessGuid": "{e97d4e69-0000-0000-47f9-030000000000}", "ProcessId": "4020", "Image": "C:\\Program Files\\Google\\Chrome\\Application\\chrome.exe", "TargetObject": "HKU\\S-1-5-21-712794737-353456615-3249761964-1001\\Software\\Google", "_source_file": "data/baseline/win7-x86/Microsoft-Windows-Sysmon%4Operational.evtx"}, {"EventID": 12, "Computer": "evtx-PC", "UtcTime": "2022-04-04 11:19:02.189", "Provider": "Microsoft-Windows-Sysmon", "RuleName": "-", "EventType": "CreateKey", "ProcessGuid": "{e97d4e69-0000-0000-47f9-030000000000}", "ProcessId": "4020", "Image": "C:\\Program Files\\Google\\Chrome\\Application\\chrome.exe", "TargetObject": "HKU\\S-1-5-21-712794737-353456615-3249761964-1001\\Software\\Google\\Chrome", "_source_file": "data/baseline/win7-x86/Microsoft-Windows-Sysmon%4Operational.evtx"}, {"EventID": 12, "Computer": "evtx-PC", "UtcTime": "2022-04-04 11:19:02.189", "Provider": "Microsoft-Windows-Sysmon", "RuleName": "-", "EventType": "CreateKey", "ProcessGuid": "{e97d4e69-0000-0000-47f9-030000000000}", "ProcessId": "4020", "Image": "C:\\Program Files\\Google\\Chrome\\Application\\chrome.exe", "TargetObject": "HKU\\S-1-5-21-712794737-353456615-3249761964-1001\\Software\\Google\\Chrome\\ThirdParty", "_source_file": "data/baseline/win7-x86/Microsoft-Windows-Sysmon%4Operational.evtx"}, {"EventID": 13, "Computer": "evtx-PC", "UtcTime": "2022-04-04 11:19:02.189", "Provider": "Microsoft-Windows-Sysmon", "RuleName": "-", "EventType": "SetValue", "ProcessGuid": "{e97d4e69-0000-0000-47f9-030000000000}", "ProcessId": "4020", "Image": "C:\\Program Files\\Google\\Chrome\\Application\\chrome.exe", "TargetObject": "HKU\\S-1-5-21-712794737-353456615-3249761964-1001\\Software\\Google\\Chrome\\ThirdParty\\StatusCodes", "Details": "Binary Data", "_source_file": "data/baseline/win7-x86/Microsoft-Windows-Sysmon%4Operational.evtx"}, {"EventID": 12, "Computer": "evtx-PC", "UtcTime": "2022-04-04 11:19:02.189", "Provider": "Microsoft-Windows-Sysmon", "RuleName": "-", "EventType": "CreateKey", "ProcessGuid": "{e97d4e69-0000-0000-47f9-030000000000}", "ProcessId": "4020", "Image": "C:\\Program Files\\Google\\Chrome\\Application\\chrome.exe", "TargetObject": "HKU\\S-1-5-21-712794737-353456615-3249761964-1001", "_source_file": "data/baseline/win7-x86/Microsoft-Windows-Sysmon%4Operational.evtx"}, {"EventID": 12, "Computer": "evtx-PC", "UtcTime": "2022-04-04 11:19:02.189", "Provider": "Microsoft-Windows-Sysmon", "RuleName": "-", "EventType": "CreateKey", "ProcessGuid": "{e97d4e69-0000-0000-47f9-030000000000}", "ProcessId": "4020", "Image": "C:\\Program Files\\Google\\Chrome\\Application\\chrome.exe", "TargetObject": "HKU\\S-1-5-21-712794737-353456615-3249761964-1001\\Software", "_source_file": "data/baseline/win7-x86/Microsoft-Windows-Sysmon%4Operational.evtx"}, {"EventID": 12, "Computer": "evtx-PC", "UtcTime": "2022-04-04 11:19:02.189", "Provider": "Microsoft-Windows-Sysmon", "RuleName": "-", "EventType": "CreateKey", "ProcessGuid": "{e97d4e69-0000-0000-47f9-030000000000}", "ProcessId": "4020", "Image": "C:\\Program Files\\Google\\Chrome\\Application\\chrome.exe", "TargetObject": "HKU\\S-1-5-21-712794737-353456615-3249761964-1001\\Software\\Google", "_source_file": "data/baseline/win7-x86/Microsoft-Windows-Sysmon%4Operational.evtx"}, {"EventID": 12, "Computer": "evtx-PC", "UtcTime": "2022-04-04 11:19:02.189", "Provider": "Microsoft-Windows-Sysmon", "RuleName": "-", "EventType": "CreateKey", "ProcessGuid": "{e97d4e69-0000-0000-47f9-030000000000}", "ProcessId": "4020", "Image": "C:\\Program Files\\Google\\Chrome\\Application\\chrome.exe", "TargetObject": "HKU\\S-1-5-21-712794737-353456615-3249761964-1001\\Software\\Google\\Chrome", "_source_file": "data/baseline/win7-x86/Microsoft-Windows-Sysmon%4Operational.evtx"}, {"EventID": 12, "Computer": "evtx-PC", "UtcTime": "2022-04-04 11:19:02.189", "Provider": "Microsoft-Windows-Sysmon", "RuleName": "-", "EventType": "CreateKey", "ProcessGuid": "{e97d4e69-0000-0000-47f9-030000000000}", "ProcessId": "4020", "Image": "C:\\Program Files\\Google\\Chrome\\Application\\chrome.exe", "TargetObject": "HKU\\S-1-5-21-712794737-353456615-3249761964-1001\\Software\\Google\\Chrome\\ThirdParty", "_source_file": "data/baseline/win7-x86/Microsoft-Windows-Sysmon%4Operational.evtx"}, {"EventID": 12, "Computer": "evtx-PC", "UtcTime": "2022-04-04 11:19:02.189", "Provider": "Microsoft-Windows-Sysmon", "RuleName": "-", "EventType": "CreateKey", "ProcessGuid": "{e97d4e69-0000-0000-47f9-030000000000}", "ProcessId": "4020", "Image": "C:\\Program Files\\Google\\Chrome\\Application\\chrome.exe", "TargetObject": "HKU\\S-1-5-21-712794737-353456615-3249761964-1001", "_source_file": "data/baseline/win7-x86/Microsoft-Windows-Sysmon%4Operational.evtx"}, {"EventID": 12, "Computer": "evtx-PC", "UtcTime": "2022-04-04 11:19:02.189", "Provider": "Microsoft-Windows-Sysmon", "RuleName": "-", "EventType": "CreateKey", "ProcessGuid": "{e97d4e69-0000-0000-47f9-030000000000}", "ProcessId": "4020", "Image": "C:\\Program Files\\Google\\Chrome\\Application\\chrome.exe", "TargetObject": "HKU\\S-1-5-21-712794737-353456615-3249761964-1001\\Software", "_source_file": "data/baseline/win7-x86/Microsoft-Windows-Sysmon%4Operational.evtx"}, {"EventID": 12, "Computer": "evtx-PC", "UtcTime": "2022-04-04 11:19:02.189", "Provider": "Microsoft-Windows-Sysmon", "RuleName": "-", "EventType": "CreateKey", "ProcessGuid": "{e97d4e69-0000-0000-47f9-030000000000}", "ProcessId": "4020", "Image": "C:\\Program Files\\Google\\Chrome\\Application\\chrome.exe", "TargetObject": "HKU\\S-1-5-21-712794737-353456615-3249761964-1001\\Software\\Google", "_source_file": "data/baseline/win7-x86/Microsoft-Windows-Sysmon%4Operational.evtx"}, {"EventID": 12, "Computer": "evtx-PC", "UtcTime": "2022-04-04 11:19:02.189", "Provider": "Microsoft-Windows-Sysmon", "RuleName": "-", "EventType": "CreateKey", "ProcessGuid": "{e97d4e69-0000-0000-47f9-030000000000}", "ProcessId": "4020", "Image": "C:\\Program Files\\Google\\Chrome\\Application\\chrome.exe", "TargetObject": "HKU\\S-1-5-21-712794737-353456615-3249761964-1001\\Software\\Google\\Chrome", "_source_file": "data/baseline/win7-x86/Microsoft-Windows-Sysmon%4Operational.evtx"}, {"EventID": 12, "Computer": "evtx-PC", "UtcTime": "2022-04-04 11:19:02.189", "Provider": "Microsoft-Windows-Sysmon", "RuleName": "-", "EventType": "CreateKey", "ProcessGuid": "{e97d4e69-0000-0000-47f9-030000000000}", "ProcessId": "4020", "Image": "C:\\Program Files\\Google\\Chrome\\Application\\chrome.exe", "TargetObject": "HKU\\S-1-5-21-712794737-353456615-3249761964-1001\\Software\\Google\\Chrome\\ThirdParty", "_source_file": "data/baseline/win7-x86/Microsoft-Windows-Sysmon%4Operational.evtx"}, {"EventID": 13, "Computer": "evtx-PC", "UtcTime": "2022-04-04 11:19:02.189", "Provider": "Microsoft-Windows-Sysmon", "RuleName": "-", "EventType": "SetValue", "ProcessGuid": "{e97d4e69-0000-0000-47f9-030000000000}", "ProcessId": "4020", "Image": "C:\\Program Files\\Google\\Chrome\\Application\\chrome.exe", "TargetObject": "HKU\\S-1-5-21-712794737-353456615-3249761964-1001\\Software\\Google\\Chrome\\ThirdParty\\StatusCodes", "Details": "Binary Data", "_source_file": "data/baseline/win7-x86/Microsoft-Windows-Sysmon%4Operational.evtx"}, {"EventID": 1, "Computer": "evtx-PC", "UtcTime": "2022-04-04 11:19:02.189", "Provider": "Microsoft-Windows-Sysmon", "RuleName": "-", "ProcessGuid": "{e97d4e69-0000-0000-affb-030000000000}", "ProcessId": "4036", "Image": "C:\\Program Files\\Google\\Chrome\\Application\\chrome.exe", "FileVersion": "100.0.4896.60", "Description": "Google Chrome", "Product": "Google Chrome", "Company": "Google LLC", "OriginalFileName": "chrome.exe", "CommandLine": "\"C:\\Program Files\\Google\\Chrome\\Application\\chrome.exe\" --type=crashpad-handler \"--user-data-dir=C:\\Users\\evtx\\AppData\\Local\\Google\\Chrome\\User Data\" /prefetch:7 --monitor-self-annotation=ptype=crashpad-handler \"--database=C:\\Users\\evtx\\AppData\\Local\\Google\\Chrome\\User Data\\Crashpad\" \"--metrics-dir=C:\\Users\\evtx\\AppData\\Local\\Google\\Chrome\\User Data\" --url=https://clients2.google.com/cr/report --annotation=channel= --annotation=plat=Win32 --annotation=prod=Chrome --annotation=ver=100.0.4896.60 --initial-client-data=0xa8,0xac,0xb0,0x7c,0xb4,0x6b4cb740,0x6b4cb750,0x6b4cb75c", "CurrentDirectory": "C:\\Program Files\\Google\\Chrome\\Application\\", "User": "evtx-PC\\evtx", "LogonGuid": "{e97d4e69-0000-0000-406b-010000000000}", "LogonId": "0x0000000000016b40", "TerminalSessionId": "1", "IntegrityLevel": "Medium", "Hashes": "SHA1=FF6DE90E8F891D30729CC7E00C98C0EB4F7EFF1E,MD5=AB240D01AD5A9D9D3C3080D98B89BE5E,SHA256=8B6116385E53F6BA6930A394930855476C1BB8C1D0EE2CE6F198ECBA744FEDE3,IMPHASH=64E8050754AD3A068CBB0D1A6DA6A0F8", "ParentProcessGuid": "{e97d4e69-0000-0000-47f9-030000000000}", "ParentProcessId": "4020", "ParentImage": "C:\\Program Files\\Google\\Chrome\\Application\\chrome.exe", "ParentCommandLine": "\"C:\\Program Files\\Google\\Chrome\\Application\\chrome.exe\" ", "_source_file": "data/baseline/win7-x86/Microsoft-Windows-Sysmon%4Operational.evtx"}, {"EventID": 9, "Computer": "evtx-PC", "UtcTime": "2022-04-04 11:19:02.189", "Provider": "Microsoft-Windows-Sysmon", "RuleName": "-", "ProcessGuid": "{e97d4e69-0000-0000-affb-030000000000}", "ProcessId": "4036", "Image": "C:\\Program Files\\Google\\Chrome\\Application\\chrome.exe", "Device": "\\Device\\HarddiskVolume2", "_source_file": "data/baseline/win7-x86/Microsoft-Windows-Sysmon%4Operational.evtx"}, {"EventID": 10, "Computer": "evtx-PC", "UtcTime": "2022-04-04 11:19:02.189", "Provider": "Microsoft-Windows-Sysmon", "RuleName": "-", "SourceProcessGUID": "{e97d4e69-0000-0000-d5b6-000000000000}", "SourceProcessId": "988", "SourceThreadId": "1112", "SourceImage": "C:\\Windows\\system32\\svchost.exe", "TargetProcessGUID": "{e97d4e69-0000-0000-affb-030000000000}", "TargetProcessId": "4036", "TargetImage": "C:\\Program Files\\Google\\Chrome\\Application\\chrome.exe", "GrantedAccess": "0x00001478", "CallTrace": "C:\\Windows\\SYSTEM32\\ntdll.dll+451dc|c:\\windows\\system32\\themeservice.dll+223a|c:\\windows\\system32\\themeservice.dll+231d|c:\\windows\\system32\\themeservice.dll+1348|c:\\windows\\system32\\themeservice.dll+1261|c:\\windows\\system32\\themeservice.dll+50c7|C:\\Windows\\SYSTEM32\\sechost.dll+75a8|C:\\Windows\\system32\\kernel32.dll+51174|C:\\Windows\\SYSTEM32\\ntdll.dll+5b3f5|C:\\Windows\\SYSTEM32\\ntdll.dll+5b3c8", "_source_file": "data/baseline/win7-x86/Microsoft-Windows-Sysmon%4Operational.evtx"}, {"EventID": 10, "Computer": "evtx-PC", "UtcTime": "2022-04-04 11:19:02.189", "Provider": "Microsoft-Windows-Sysmon", "RuleName": "-", "SourceProcessGUID": "{e97d4e69-0000-0000-d5b6-000000000000}", "SourceProcessId": "988", "SourceThreadId": "1012", "SourceImage": "C:\\Windows\\system32\\svchost.exe", "TargetProcessGUID": "{e97d4e69-0000-0000-affb-030000000000}", "TargetProcessId": "4036", "TargetImage": "C:\\Program Files\\Google\\Chrome\\Application\\chrome.exe", "GrantedAccess": "0x00001400", "CallTrace": "C:\\Windows\\SYSTEM32\\ntdll.dll+451dc|c:\\windows\\system32\\themeservice.dll+1e26|c:\\windows\\system32\\themeservice.dll+1e6a|c:\\windows\\system32\\themeservice.dll+23cb|c:\\windows\\system32\\themeservice.dll+1ca9|c:\\windows\\system32\\themeservice.dll+1add|c:\\windows\\system32\\themeservice.dll+1a10|C:\\Windows\\SYSTEM32\\ntdll.dll+2b5e9|C:\\Windows\\SYSTEM32\\ntdll.dll+2e8d1|C:\\Windows\\system32\\kernel32.dll+51174|C:\\Windows\\SYSTEM32\\ntdll.dll+5b3f5|C:\\Windows\\SYSTEM32\\ntdll.dll+5b3c8", "_source_file": "data/baseline/win7-x86/Microsoft-Windows-Sysmon%4Operational.evtx"}, {"EventID": 10, "Computer": "evtx-PC", "UtcTime": "2022-04-04 11:19:02.205", "Provider": "Microsoft-Windows-Sysmon", "RuleName": "-", "SourceProcessGUID": "{e97d4e69-0000-0000-d5b6-000000000000}", "SourceProcessId": "988", "SourceThreadId": "1012", "SourceImage": "C:\\Windows\\system32\\svchost.exe", "TargetProcessGUID": "{e97d4e69-0000-0000-affb-030000000000}", "TargetProcessId": "4036", "TargetImage": "C:\\Program Files\\Google\\Chrome\\Application\\chrome.exe", "GrantedAccess": "0x00001400", "CallTrace": "C:\\Windows\\SYSTEM32\\ntdll.dll+451dc|c:\\windows\\system32\\themeservice.dll+1e26|c:\\windows\\system32\\themeservice.dll+1e6a|c:\\windows\\system32\\themeservice.dll+242e|c:\\windows\\system32\\themeservice.dll+1b94|c:\\windows\\system32\\themeservice.dll+1ca9|c:\\windows\\system32\\themeservice.dll+1add|c:\\windows\\system32\\themeservice.dll+1a10|C:\\Windows\\SYSTEM32\\ntdll.dll+2b5e9|C:\\Windows\\SYSTEM32\\ntdll.dll+2e8d1|C:\\Windows\\system32\\kernel32.dll+51174|C:\\Windows\\SYSTEM32\\ntdll.dll+5b3f5|C:\\Windows\\SYSTEM32\\ntdll.dll+5b3c8", "_source_file": "data/baseline/win7-x86/Microsoft-Windows-Sysmon%4Operational.evtx"}, {"EventID": 11, "Computer": "evtx-PC", "UtcTime": "2022-04-04 11:19:02.205", "Provider": "Microsoft-Windows-Sysmon", "RuleName": "-", "ProcessGuid": "{e97d4e69-0000-0000-affb-030000000000}", "ProcessId": "4036", "Image": "C:\\Program Files\\Google\\Chrome\\Application\\chrome.exe", "TargetFilename": "C:\\Users\\evtx\\AppData\\Local\\Google\\Chrome\\User Data\\CrashpadMetrics-active.pma", "CreationUtcTime": "2022-04-04 10:16:49.333", "_source_file": "data/baseline/win7-x86/Microsoft-Windows-Sysmon%4Operational.evtx"}, {"EventID": 12, "Computer": "evtx-PC", "UtcTime": "2022-04-04 11:19:02.205", "Provider": "Microsoft-Windows-Sysmon", "RuleName": "-", "EventType": "CreateKey", "ProcessGuid": "{e97d4e69-0000-0000-47f9-030000000000}", "ProcessId": "4020", "Image": "C:\\Program Files\\Google\\Chrome\\Application\\chrome.exe", "TargetObject": "HKU\\S-1-5-21-712794737-353456615-3249761964-1001", "_source_file": "data/baseline/win7-x86/Microsoft-Windows-Sysmon%4Operational.evtx"}, {"EventID": 12, "Computer": "evtx-PC", "UtcTime": "2022-04-04 11:19:02.205", "Provider": "Microsoft-Windows-Sysmon", "RuleName": "-", "EventType": "CreateKey", "ProcessGuid": "{e97d4e69-0000-0000-47f9-030000000000}", "ProcessId": "4020", "Image": "C:\\Program Files\\Google\\Chrome\\Application\\chrome.exe", "TargetObject": "HKU\\S-1-5-21-712794737-353456615-3249761964-1001\\Software", "_source_file": "data/baseline/win7-x86/Microsoft-Windows-Sysmon%4Operational.evtx"}, {"EventID": 12, "Computer": "evtx-PC", "UtcTime": "2022-04-04 11:19:02.205", "Provider": "Microsoft-Windows-Sysmon", "RuleName": "-", "EventType": "CreateKey", "ProcessGuid": "{e97d4e69-0000-0000-47f9-030000000000}", "ProcessId": "4020", "Image": "C:\\Program Files\\Google\\Chrome\\Application\\chrome.exe", "TargetObject": "HKU\\S-1-5-21-712794737-353456615-3249761964-1001\\Software\\Google", "_source_file": "data/baseline/win7-x86/Microsoft-Windows-Sysmon%4Operational.evtx"}, {"EventID": 12, "Computer": "evtx-PC", "UtcTime": "2022-04-04 11:19:02.205", "Provider": "Microsoft-Windows-Sysmon", "RuleName": "-", "EventType": "CreateKey", "ProcessGuid": "{e97d4e69-0000-0000-47f9-030000000000}", "ProcessId": "4020", "Image": "C:\\Program Files\\Google\\Chrome\\Application\\chrome.exe", "TargetObject": "HKU\\S-1-5-21-712794737-353456615-3249761964-1001\\Software\\Google\\Chrome", "_source_file": "data/baseline/win7-x86/Microsoft-Windows-Sysmon%4Operational.evtx"}, {"EventID": 12, "Computer": "evtx-PC", "UtcTime": "2022-04-04 11:19:02.205", "Provider": "Microsoft-Windows-Sysmon", "RuleName": "-", "EventType": "CreateKey", "ProcessGuid": "{e97d4e69-0000-0000-47f9-030000000000}", "ProcessId": "4020", "Image": "C:\\Program Files\\Google\\Chrome\\Application\\chrome.exe", "TargetObject": "HKU\\S-1-5-21-712794737-353456615-3249761964-1001\\Software\\Google\\Chrome\\BLBeacon", "_source_file": "data/baseline/win7-x86/Microsoft-Windows-Sysmon%4Operational.evtx"}, {"EventID": 13, "Computer": "evtx-PC", "UtcTime": "2022-04-04 11:19:02.205", "Provider": "Microsoft-Windows-Sysmon", "RuleName": "-", "EventType": "SetValue", "ProcessGuid": "{e97d4e69-0000-0000-47f9-030000000000}", "ProcessId": "4020", "Image": "C:\\Program Files\\Google\\Chrome\\Application\\chrome.exe", "TargetObject": "HKU\\S-1-5-21-712794737-353456615-3249761964-1001\\Software\\Google\\Chrome\\BLBeacon\\state", "Details": "DWORD (0x00000001)", "_source_file": "data/baseline/win7-x86/Microsoft-Windows-Sysmon%4Operational.evtx"}, {"EventID": 26, "Computer": "evtx-PC", "UtcTime": "2022-04-04 11:19:02.267", "Provider": "Microsoft-Windows-Sysmon", "RuleName": "-", "ProcessGuid": "{e97d4e69-0000-0000-beb3-000000000000}", "ProcessId": "940", "User": "NT AUTHORITY\\SYSTEM", "Image": "C:\\Windows\\System32\\svchost.exe", "TargetFilename": "C:\\Windows\\Prefetch\\CHROME.EXE-5A1054AF.pf", "Hashes": "SHA1=19E1901A8F8F2E21012CA975088DB6274D3BFAB7,MD5=589AF9399F52F1E80F35AE61F1D9B22F,SHA256=42BF6FEC6A4D17658281D748ACDFF5CEA769343C598924953B9F102B7A316EB9,IMPHASH=00000000000000000000000000000000", "IsExecutable": "False", "_source_file": "data/baseline/win7-x86/Microsoft-Windows-Sysmon%4Operational.evtx"}, {"EventID": 11, "Computer": "evtx-PC", "UtcTime": "2022-04-04 11:19:02.267", "Provider": "Microsoft-Windows-Sysmon", "RuleName": "-", "ProcessGuid": "{e97d4e69-0000-0000-beb3-000000000000}", "ProcessId": "940", "Image": "C:\\Windows\\System32\\svchost.exe", "TargetFilename": "C:\\Windows\\Prefetch\\CHROME.EXE-5A1054AF.pf", "CreationUtcTime": "2022-04-04 10:16:49.364", "_source_file": "data/baseline/win7-x86/Microsoft-Windows-Sysmon%4Operational.evtx"}, {"EventID": 12, "Computer": "evtx-PC", "UtcTime": "2022-04-04 11:19:02.392", "Provider": "Microsoft-Windows-Sysmon", "RuleName": "-", "EventType": "CreateKey", "ProcessGuid": "{e97d4e69-0000-0000-47f9-030000000000}", "ProcessId": "4020", "Image": "C:\\Program Files\\Google\\Chrome\\Application\\chrome.exe", "TargetObject": "HKU\\S-1-5-21-712794737-353456615-3249761964-1001\\Software\\Google\\Update\\ClientState\\{8A69D345-D564-463c-AFF1-A69D9E530F96}", "_source_file": "data/baseline/win7-x86/Microsoft-Windows-Sysmon%4Operational.evtx"}, {"EventID": 13, "Computer": "evtx-PC", "UtcTime": "2022-04-04 11:19:02.392", "Provider": "Microsoft-Windows-Sysmon", "RuleName": "-", "EventType": "SetValue", "ProcessGuid": "{e97d4e69-0000-0000-47f9-030000000000}", "ProcessId": "4020", "Image": "C:\\Program Files\\Google\\Chrome\\Application\\chrome.exe", "TargetObject": "HKU\\S-1-5-21-712794737-353456615-3249761964-1001\\Software\\Google\\Update\\ClientState\\{8A69D345-D564-463c-AFF1-A69D9E530F96}\\dr", "Details": "1", "_source_file": "data/baseline/win7-x86/Microsoft-Windows-Sysmon%4Operational.evtx"}, {"EventID": 10, "Computer": "evtx-PC", "UtcTime": "2022-04-04 11:19:02.392", "Provider": "Microsoft-Windows-Sysmon", "RuleName": "-", "SourceProcessGUID": "{e97d4e69-0000-0000-d5b6-000000000000}", "SourceProcessId": "988", "SourceThreadId": "1112", "SourceImage": "C:\\Windows\\system32\\svchost.exe", "TargetProcessGUID": "{e97d4e69-0000-0000-47f9-030000000000}", "TargetProcessId": "4020", "TargetImage": "C:\\Program Files\\Google\\Chrome\\Application\\chrome.exe", "GrantedAccess": "0x00001478", "CallTrace": "C:\\Windows\\SYSTEM32\\ntdll.dll+451dc|c:\\windows\\system32\\themeservice.dll+223a|c:\\windows\\system32\\themeservice.dll+231d|c:\\windows\\system32\\themeservice.dll+1348|c:\\windows\\system32\\themeservice.dll+1261|c:\\windows\\system32\\themeservice.dll+50c7|C:\\Windows\\SYSTEM32\\sechost.dll+75a8|C:\\Windows\\system32\\kernel32.dll+51174|C:\\Windows\\SYSTEM32\\ntdll.dll+5b3f5|C:\\Windows\\SYSTEM32\\ntdll.dll+5b3c8", "_source_file": "data/baseline/win7-x86/Microsoft-Windows-Sysmon%4Operational.evtx"}, {"EventID": 10, "Computer": "evtx-PC", "UtcTime": "2022-04-04 11:19:02.392", "Provider": "Microsoft-Windows-Sysmon", "RuleName": "-", "SourceProcessGUID": "{e97d4e69-0000-0000-d5b6-000000000000}", "SourceProcessId": "988", "SourceThreadId": "1012", "SourceImage": "C:\\Windows\\system32\\svchost.exe", "TargetProcessGUID": "{e97d4e69-0000-0000-47f9-030000000000}", "TargetProcessId": "4020", "TargetImage": "C:\\Program Files\\Google\\Chrome\\Application\\chrome.exe", "GrantedAccess": "0x00001400", "CallTrace": "C:\\Windows\\SYSTEM32\\ntdll.dll+451dc|c:\\windows\\system32\\themeservice.dll+1e26|c:\\windows\\system32\\themeservice.dll+1e6a|c:\\windows\\system32\\themeservice.dll+23cb|c:\\windows\\system32\\themeservice.dll+1ca9|c:\\windows\\system32\\themeservice.dll+1add|c:\\windows\\system32\\themeservice.dll+1a10|C:\\Windows\\SYSTEM32\\ntdll.dll+2b5e9|C:\\Windows\\SYSTEM32\\ntdll.dll+2e8d1|C:\\Windows\\system32\\kernel32.dll+51174|C:\\Windows\\SYSTEM32\\ntdll.dll+5b3f5|C:\\Windows\\SYSTEM32\\ntdll.dll+5b3c8", "_source_file": "data/baseline/win7-x86/Microsoft-Windows-Sysmon%4Operational.evtx"}, {"EventID": 10, "Computer": "evtx-PC", "UtcTime": "2022-04-04 11:19:02.392", "Provider": "Microsoft-Windows-Sysmon", "RuleName": "-", "SourceProcessGUID": "{e97d4e69-0000-0000-d5b6-000000000000}", "SourceProcessId": "988", "SourceThreadId": "1012", "SourceImage": "C:\\Windows\\system32\\svchost.exe", "TargetProcessGUID": "{e97d4e69-0000-0000-47f9-030000000000}", "TargetProcessId": "4020", "TargetImage": "C:\\Program Files\\Google\\Chrome\\Application\\chrome.exe", "GrantedAccess": "0x00001400", "CallTrace": "C:\\Windows\\SYSTEM32\\ntdll.dll+451dc|c:\\windows\\system32\\themeservice.dll+1e26|c:\\windows\\system32\\themeservice.dll+1e6a|c:\\windows\\system32\\themeservice.dll+242e|c:\\windows\\system32\\themeservice.dll+1b94|c:\\windows\\system32\\themeservice.dll+1ca9|c:\\windows\\system32\\themeservice.dll+1add|c:\\windows\\system32\\themeservice.dll+1a10|C:\\Windows\\SYSTEM32\\ntdll.dll+2b5e9|C:\\Windows\\SYSTEM32\\ntdll.dll+2e8d1|C:\\Windows\\system32\\kernel32.dll+51174|C:\\Windows\\SYSTEM32\\ntdll.dll+5b3f5|C:\\Windows\\SYSTEM32\\ntdll.dll+5b3c8", "_source_file": "data/baseline/win7-x86/Microsoft-Windows-Sysmon%4Operational.evtx"}, {"EventID": 10, "Computer": "evtx-PC", "UtcTime": "2022-04-04 11:19:02.408", "Provider": "Microsoft-Windows-Sysmon", "RuleName": "-", "SourceProcessGUID": "{e97d4e69-0000-0000-054f-000000000000}", "SourceProcessId": "552", "SourceThreadId": "656", "SourceImage": "C:\\Windows\\system32\\lsass.exe", "TargetProcessGUID": "{e97d4e69-0000-0000-47f9-030000000000}", "TargetProcessId": "4020", "TargetImage": "C:\\Program Files\\Google\\Chrome\\Application\\chrome.exe", "GrantedAccess": "0x00001478", "CallTrace": "C:\\Windows\\SYSTEM32\\ntdll.dll+451dc|C:\\Windows\\system32\\lsasrv.dll+1f891|C:\\Windows\\system32\\lsasrv.dll+1f81c|C:\\Windows\\system32\\lsasrv.dll+1fa1c|C:\\Windows\\system32\\SspiSrv.dll+1232|C:\\Windows\\system32\\RPCRT4.dll+2fc8f|C:\\Windows\\system32\\RPCRT4.dll+94c53|C:\\Windows\\system32\\RPCRT4.dll+9430e|C:\\Windows\\system32\\RPCRT4.dll+2f34a|C:\\Windows\\system32\\RPCRT4.dll+2f4da|C:\\Windows\\system32\\RPCRT4.dll+2f3c6|C:\\Windows\\system32\\RPCRT4.dll+23974|C:\\Windows\\system32\\RPCRT4.dll+2f7a4|C:\\Windows\\system32\\RPCRT4.dll+2f763|C:\\Windows\\system32\\RPCRT4.dll+2f5ff|C:\\Windows\\system32\\RPCRT4.dll+2f573", "_source_file": "data/baseline/win7-x86/Microsoft-Windows-Sysmon%4Operational.evtx"}, {"EventID": 10, "Computer": "evtx-PC", "UtcTime": "2022-04-04 11:19:02.408", "Provider": "Microsoft-Windows-Sysmon", "RuleName": "-", "SourceProcessGUID": "{e97d4e69-0000-0000-cb4d-000000000000}", "SourceProcessId": "536", "SourceThreadId": "628", "SourceImage": "C:\\Windows\\system32\\services.exe", "TargetProcessGUID": "{e97d4e69-0000-0000-47f9-030000000000}", "TargetProcessId": "4020", "TargetImage": "C:\\Program Files\\Google\\Chrome\\Application\\chrome.exe", "GrantedAccess": "0x00001400", "CallTrace": "C:\\Windows\\SYSTEM32\\ntdll.dll+4481c|C:\\Windows\\system32\\RPCRT4.dll+c3d4|C:\\Windows\\system32\\RPCRT4.dll+c386|C:\\Windows\\system32\\services.exe+54b8|C:\\Windows\\system32\\services.exe+55db|C:\\Windows\\system32\\services.exe+5993|C:\\Windows\\system32\\RPCRT4.dll+2fc8f|C:\\Windows\\system32\\RPCRT4.dll+94c53|C:\\Windows\\system32\\RPCRT4.dll+9430e|C:\\Windows\\system32\\RPCRT4.dll+2f34a|C:\\Windows\\system32\\RPCRT4.dll+2f4da|C:\\Windows\\system32\\RPCRT4.dll+2f3c6|C:\\Windows\\system32\\RPCRT4.dll+23974|C:\\Windows\\system32\\RPCRT4.dll+2f7a4|C:\\Windows\\system32\\RPCRT4.dll+2f763|C:\\Windows\\system32\\RPCRT4.dll+2f5ff", "_source_file": "data/baseline/win7-x86/Microsoft-Windows-Sysmon%4Operational.evtx"}, {"EventID": 10, "Computer": "evtx-PC", "UtcTime": "2022-04-04 11:19:02.455", "Provider": "Microsoft-Windows-Sysmon", "RuleName": "-", "SourceProcessGUID": "{e97d4e69-0000-0000-cb4d-000000000000}", "SourceProcessId": "536", "SourceThreadId": "628", "SourceImage": "C:\\Windows\\system32\\services.exe", "TargetProcessGUID": "{e97d4e69-0000-0000-47f9-030000000000}", "TargetProcessId": "4020", "TargetImage": "C:\\Program Files\\Google\\Chrome\\Application\\chrome.exe", "GrantedAccess": "0x00001400", "CallTrace": "C:\\Windows\\SYSTEM32\\ntdll.dll+451dc|C:\\Windows\\system32\\KERNELBASE.dll+91b6|C:\\Windows\\system32\\services.exe+5b61|C:\\Windows\\system32\\services.exe+506d|C:\\Windows\\system32\\services.exe+6dee|C:\\Windows\\system32\\RPCRT4.dll+2fc8f|C:\\Windows\\system32\\RPCRT4.dll+94c53|C:\\Windows\\system32\\RPCRT4.dll+9430e|C:\\Windows\\system32\\RPCRT4.dll+2f34a|C:\\Windows\\system32\\RPCRT4.dll+2f4da|C:\\Windows\\system32\\RPCRT4.dll+2f3c6|C:\\Windows\\system32\\RPCRT4.dll+23974|C:\\Windows\\system32\\RPCRT4.dll+2f7a4|C:\\Windows\\system32\\RPCRT4.dll+2f763|C:\\Windows\\system32\\RPCRT4.dll+2f5ff|C:\\Windows\\system32\\RPCRT4.dll+2f573", "_source_file": "data/baseline/win7-x86/Microsoft-Windows-Sysmon%4Operational.evtx"}, {"EventID": 12, "Computer": "evtx-PC", "UtcTime": "2022-04-04 11:19:02.502", "Provider": "Microsoft-Windows-Sysmon", "RuleName": "-", "EventType": "CreateKey", "ProcessGuid": "{e97d4e69-0000-0000-47f9-030000000000}", "ProcessId": "4020", "Image": "C:\\Program Files\\Google\\Chrome\\Application\\chrome.exe", "TargetObject": "HKU\\S-1-5-21-712794737-353456615-3249761964-1001\\Software\\Microsoft\\Windows NT\\CurrentVersion\\Network\\Location Awareness", "_source_file": "data/baseline/win7-x86/Microsoft-Windows-Sysmon%4Operational.evtx"}, {"EventID": 12, "Computer": "evtx-PC", "UtcTime": "2022-04-04 11:19:02.517", "Provider": "Microsoft-Windows-Sysmon", "RuleName": "-", "EventType": "CreateKey", "ProcessGuid": "{e97d4e69-0000-0000-47f9-030000000000}", "ProcessId": "4020", "Image": "C:\\Program Files\\Google\\Chrome\\Application\\chrome.exe", "TargetObject": "HKU\\S-1-5-21-712794737-353456615-3249761964-1001\\Software\\Microsoft\\Windows\\CurrentVersion\\Internet Settings", "_source_file": "data/baseline/win7-x86/Microsoft-Windows-Sysmon%4Operational.evtx"}, {"EventID": 12, "Computer": "evtx-PC", "UtcTime": "2022-04-04 11:19:02.517", "Provider": "Microsoft-Windows-Sysmon", "RuleName": "-", "EventType": "CreateKey", "ProcessGuid": "{e97d4e69-0000-0000-47f9-030000000000}", "ProcessId": "4020", "Image": "C:\\Program Files\\Google\\Chrome\\Application\\chrome.exe", "TargetObject": "HKLM\\SOFTWARE\\Microsoft\\Windows\\CurrentVersion\\Internet Settings", "_source_file": "data/baseline/win7-x86/Microsoft-Windows-Sysmon%4Operational.evtx"}, {"EventID": 12, "Computer": "evtx-PC", "UtcTime": "2022-04-04 11:19:02.517", "Provider": "Microsoft-Windows-Sysmon", "RuleName": "-", "EventType": "CreateKey", "ProcessGuid": "{e97d4e69-0000-0000-47f9-030000000000}", "ProcessId": "4020", "Image": "C:\\Program Files\\Google\\Chrome\\Application\\chrome.exe", "TargetObject": "HKLM\\SOFTWARE\\Policies\\Microsoft\\Windows\\CurrentVersion\\Internet Settings", "_source_file": "data/baseline/win7-x86/Microsoft-Windows-Sysmon%4Operational.evtx"}, {"EventID": 10, "Computer": "evtx-PC", "UtcTime": "2022-04-04 11:19:02.517", "Provider": "Microsoft-Windows-Sysmon", "RuleName": "-", "SourceProcessGUID": "{e97d4e69-0000-0000-1bad-000000000000}", "SourceProcessId": "892", "SourceThreadId": "1028", "SourceImage": "C:\\Windows\\System32\\svchost.exe", "TargetProcessGUID": "{e97d4e69-0000-0000-47f9-030000000000}", "TargetProcessId": "4020", "TargetImage": "C:\\Program Files\\Google\\Chrome\\Application\\chrome.exe", "GrantedAccess": "0x00001400", "CallTrace": "C:\\Windows\\SYSTEM32\\ntdll.dll+451dc|C:\\Windows\\system32\\KERNELBASE.dll+6dc1|c:\\windows\\system32\\audiosrv.dll+5de5|c:\\windows\\system32\\audiosrv.dll+625c|C:\\Windows\\system32\\RPCRT4.dll+2fc8f|C:\\Windows\\system32\\RPCRT4.dll+94c53|C:\\Windows\\system32\\RPCRT4.dll+9430e|C:\\Windows\\system32\\RPCRT4.dll+2f34a|C:\\Windows\\system32\\RPCRT4.dll+2f4da|C:\\Windows\\system32\\RPCRT4.dll+2f3c6|C:\\Windows\\system32\\RPCRT4.dll+23974|C:\\Windows\\system32\\RPCRT4.dll+2f7a4|C:\\Windows\\system32\\RPCRT4.dll+2f763|C:\\Windows\\system32\\RPCRT4.dll+2f5ff|C:\\Windows\\system32\\RPCRT4.dll+2f573|C:\\Windows\\system32\\RPCRT4.dll+2ee4f", "_source_file": "data/baseline/win7-x86/Microsoft-Windows-Sysmon%4Operational.evtx"}, {"EventID": 1, "Computer": "evtx-PC", "UtcTime": "2022-04-04 11:19:02.517", "Provider": "Microsoft-Windows-Sysmon", "RuleName": "-", "ProcessGuid": "{e97d4e69-0000-0000-7504-040000000000}", "ProcessId": "2200", "Image": "C:\\Program Files\\Google\\Chrome\\Application\\chrome.exe", "FileVersion": "100.0.4896.60", "Description": "Google Chrome", "Product": "Google Chrome", "Company": "Google LLC", "OriginalFileName": "chrome.exe", "CommandLine": "\"C:\\Program Files\\Google\\Chrome\\Application\\chrome.exe\" --type=gpu-process --gpu-preferences=UAAAAAAAAADgAAAYAAAAAAAAAAAAAAAAAABgAAAAAAAwAAAAAAAAAAAAAAAgAAAAAAAAAAAAAAAAAAAAAAAAAEgAAAAAAAAASAAAAAAAAAAYAAAAAgAAABAAAAAAAAAAGAAAAAAAAAAQAAAAAAAAAAAAAAAOAAAAEAAAAAAAAAABAAAADgAAAAgAAAAAAAAACAAAAAAAAAA= --mojo-platform-channel-handle=1108 --field-trial-handle=1144,i,10721192303479405621,17374914068529973340,131072 /prefetch:2", "CurrentDirectory": "C:\\Program Files\\Google\\Chrome\\Application\\100.0.4896.60\\", "User": "evtx-PC\\evtx", "LogonGuid": "{e97d4e69-0000-0000-406b-010000000000}", "LogonId": "0x0000000000016b40", "TerminalSessionId": "1", "IntegrityLevel": "Low", "Hashes": "SHA1=FF6DE90E8F891D30729CC7E00C98C0EB4F7EFF1E,MD5=AB240D01AD5A9D9D3C3080D98B89BE5E,SHA256=8B6116385E53F6BA6930A394930855476C1BB8C1D0EE2CE6F198ECBA744FEDE3,IMPHASH=64E8050754AD3A068CBB0D1A6DA6A0F8", "ParentProcessGuid": "{e97d4e69-0000-0000-47f9-030000000000}", "ParentProcessId": "4020", "ParentImage": "C:\\Program Files\\Google\\Chrome\\Application\\chrome.exe", "ParentCommandLine": "\"C:\\Program Files\\Google\\Chrome\\Application\\chrome.exe\" ", "_source_file": "data/baseline/win7-x86/Microsoft-Windows-Sysmon%4Operational.evtx"}, {"EventID": 10, "Computer": "evtx-PC", "UtcTime": "2022-04-04 11:19:02.517", "Provider": "Microsoft-Windows-Sysmon", "RuleName": "-", "SourceProcessGUID": "{e97d4e69-0000-0000-1262-000000000000}", "SourceProcessId": "668", "SourceThreadId": "676", "SourceImage": "C:\\Windows\\system32\\svchost.exe", "TargetProcessGUID": "{e97d4e69-0000-0000-47f9-030000000000}", "TargetProcessId": "4020", "TargetImage": "C:\\Program Files\\Google\\Chrome\\Application\\chrome.exe", "GrantedAccess": "0x00001400", "CallTrace": "C:\\Windows\\SYSTEM32\\ntdll.dll+451dc|C:\\Windows\\system32\\KERNELBASE.dll+6dc1|c:\\windows\\system32\\umpnpmgr.dll+62a9|c:\\windows\\system32\\umpnpmgr.dll+6417|C:\\Windows\\system32\\RPCRT4.dll+2fc8f|C:\\Windows\\system32\\RPCRT4.dll+94c53|C:\\Windows\\system32\\RPCRT4.dll+9430e|C:\\Windows\\system32\\RPCRT4.dll+2f34a|C:\\Windows\\system32\\RPCRT4.dll+2f4da|C:\\Windows\\system32\\RPCRT4.dll+2f3c6|C:\\Windows\\system32\\RPCRT4.dll+23974|C:\\Windows\\system32\\RPCRT4.dll+2f7a4|C:\\Windows\\system32\\RPCRT4.dll+2f763|C:\\Windows\\system32\\RPCRT4.dll+2f5ff|C:\\Windows\\system32\\RPCRT4.dll+2f573|C:\\Windows\\system32\\RPCRT4.dll+2ee4f", "_source_file": "data/baseline/win7-x86/Microsoft-Windows-Sysmon%4Operational.evtx"}, {"EventID": 12, "Computer": "evtx-PC", "UtcTime": "2022-04-04 11:19:02.517", "Provider": "Microsoft-Windows-Sysmon", "RuleName": "-", "EventType": "CreateKey", "ProcessGuid": "{e97d4e69-0000-0000-47f9-030000000000}", "ProcessId": "4020", "Image": "C:\\Program Files\\Google\\Chrome\\Application\\chrome.exe", "TargetObject": "HKU\\S-1-5-21-712794737-353456615-3249761964-1001", "_source_file": "data/baseline/win7-x86/Microsoft-Windows-Sysmon%4Operational.evtx"}, {"EventID": 12, "Computer": "evtx-PC", "UtcTime": "2022-04-04 11:19:02.517", "Provider": "Microsoft-Windows-Sysmon", "RuleName": "-", "EventType": "CreateKey", "ProcessGuid": "{e97d4e69-0000-0000-47f9-030000000000}", "ProcessId": "4020", "Image": "C:\\Program Files\\Google\\Chrome\\Application\\chrome.exe", "TargetObject": "HKU\\S-1-5-21-712794737-353456615-3249761964-1001\\Software", "_source_file": "data/baseline/win7-x86/Microsoft-Windows-Sysmon%4Operational.evtx"}, {"EventID": 12, "Computer": "evtx-PC", "UtcTime": "2022-04-04 11:19:02.517", "Provider": "Microsoft-Windows-Sysmon", "RuleName": "-", "EventType": "CreateKey", "ProcessGuid": "{e97d4e69-0000-0000-47f9-030000000000}", "ProcessId": "4020", "Image": "C:\\Program Files\\Google\\Chrome\\Application\\chrome.exe", "TargetObject": "HKU\\S-1-5-21-712794737-353456615-3249761964-1001\\Software\\Google", "_source_file": "data/baseline/win7-x86/Microsoft-Windows-Sysmon%4Operational.evtx"}, {"EventID": 12, "Computer": "evtx-PC", "UtcTime": "2022-04-04 11:19:02.517", "Provider": "Microsoft-Windows-Sysmon", "RuleName": "-", "EventType": "CreateKey", "ProcessGuid": "{e97d4e69-0000-0000-47f9-030000000000}", "ProcessId": "4020", "Image": "C:\\Program Files\\Google\\Chrome\\Application\\chrome.exe", "TargetObject": "HKU\\S-1-5-21-712794737-353456615-3249761964-1001\\Software\\Google\\Chrome", "_source_file": "data/baseline/win7-x86/Microsoft-Windows-Sysmon%4Operational.evtx"}, {"EventID": 13, "Computer": "evtx-PC", "UtcTime": "2022-04-04 11:19:02.517", "Provider": "Microsoft-Windows-Sysmon", "RuleName": "-", "EventType": "SetValue", "ProcessGuid": "{e97d4e69-0000-0000-47f9-030000000000}", "ProcessId": "4020", "Image": "C:\\Program Files\\Google\\Chrome\\Application\\chrome.exe", "TargetObject": "HKU\\S-1-5-21-712794737-353456615-3249761964-1001\\Software\\Google\\Chrome\\UsageStatsInSample", "Details": "DWORD (0x00000000)", "_source_file": "data/baseline/win7-x86/Microsoft-Windows-Sysmon%4Operational.evtx"}, {"EventID": 12, "Computer": "evtx-PC", "UtcTime": "2022-04-04 11:19:02.517", "Provider": "Microsoft-Windows-Sysmon", "RuleName": "-", "EventType": "CreateKey", "ProcessGuid": "{e97d4e69-0000-0000-47f9-030000000000}", "ProcessId": "4020", "Image": "C:\\Program Files\\Google\\Chrome\\Application\\chrome.exe", "TargetObject": "HKLM\\SOFTWARE\\Google\\Update\\ClientStateMedium\\{8A69D345-D564-463C-AFF1-A69D9E530F96}", "_source_file": "data/baseline/win7-x86/Microsoft-Windows-Sysmon%4Operational.evtx"}, {"EventID": 13, "Computer": "evtx-PC", "UtcTime": "2022-04-04 11:19:02.517", "Provider": "Microsoft-Windows-Sysmon", "RuleName": "-", "EventType": "SetValue", "ProcessGuid": "{e97d4e69-0000-0000-47f9-030000000000}", "ProcessId": "4020", "Image": "C:\\Program Files\\Google\\Chrome\\Application\\chrome.exe", "TargetObject": "HKLM\\SOFTWARE\\Google\\Update\\ClientStateMedium\\{8A69D345-D564-463C-AFF1-A69D9E530F96}\\usagestats", "Details": "DWORD (0x00000001)", "_source_file": "data/baseline/win7-x86/Microsoft-Windows-Sysmon%4Operational.evtx"}, {"EventID": 1, "Computer": "evtx-PC", "UtcTime": "2022-04-04 11:19:02.517", "Provider": "Microsoft-Windows-Sysmon", "RuleName": "-", "ProcessGuid": "{e97d4e69-0000-0000-8505-040000000000}", "ProcessId": "1036", "Image": "C:\\Program Files\\Google\\Chrome\\Application\\chrome.exe", "FileVersion": "100.0.4896.60", "Description": "Google Chrome", "Product": "Google Chrome", "Company": "Google LLC", "OriginalFileName": "chrome.exe", "CommandLine": "\"C:\\Program Files\\Google\\Chrome\\Application\\chrome.exe\" --type=utility --utility-sub-type=network.mojom.NetworkService --lang=de --service-sandbox-type=none --mojo-platform-channel-handle=1308 --field-trial-handle=1144,i,10721192303479405621,17374914068529973340,131072 /prefetch:8", "CurrentDirectory": "C:\\Program Files\\Google\\Chrome\\Application\\100.0.4896.60\\", "User": "evtx-PC\\evtx", "LogonGuid": "{e97d4e69-0000-0000-406b-010000000000}", "LogonId": "0x0000000000016b40", "TerminalSessionId": "1", "IntegrityLevel": "Medium", "Hashes": "SHA1=FF6DE90E8F891D30729CC7E00C98C0EB4F7EFF1E,MD5=AB240D01AD5A9D9D3C3080D98B89BE5E,SHA256=8B6116385E53F6BA6930A394930855476C1BB8C1D0EE2CE6F198ECBA744FEDE3,IMPHASH=64E8050754AD3A068CBB0D1A6DA6A0F8", "ParentProcessGuid": "{e97d4e69-0000-0000-47f9-030000000000}", "ParentProcessId": "4020", "ParentImage": "C:\\Program Files\\Google\\Chrome\\Application\\chrome.exe", "ParentCommandLine": "\"C:\\Program Files\\Google\\Chrome\\Application\\chrome.exe\" ", "_source_file": "data/baseline/win7-x86/Microsoft-Windows-Sysmon%4Operational.evtx"}, {"EventID": 11, "Computer": "evtx-PC", "UtcTime": "2022-04-04 11:19:02.517", "Provider": "Microsoft-Windows-Sysmon", "RuleName": "-", "ProcessGuid": "{e97d4e69-0000-0000-47f9-030000000000}", "ProcessId": "4020", "Image": "C:\\Program Files\\Google\\Chrome\\Application\\chrome.exe", "TargetFilename": "C:\\Users\\evtx\\AppData\\Local\\Google\\Chrome\\User Data\\lockfile", "CreationUtcTime": "2022-04-04 11:19:02.517", "_source_file": "data/baseline/win7-x86/Microsoft-Windows-Sysmon%4Operational.evtx"}, {"EventID": 26, "Computer": "evtx-PC", "UtcTime": "2022-04-04 11:19:02.517", "Provider": "Microsoft-Windows-Sysmon", "RuleName": "-", "ProcessGuid": "{e97d4e69-0000-0000-47f9-030000000000}", "ProcessId": "4020", "User": "evtx-PC\\evtx", "Image": "C:\\Program Files\\Google\\Chrome\\Application\\chrome.exe", "TargetFilename": "C:\\Users\\evtx\\AppData\\Local\\Google\\Chrome\\User Data\\Last Version", "Hashes": "SHA1=B83516A5639BC194748316EC49A4AE5B49A91635,MD5=790DB69AF5AEDCC504F53952C27521FA,SHA256=D8CA95FD01FFE4843B9FAD6653D001066BE6D614C25DA98D712141FB8950ED3A,IMPHASH=00000000000000000000000000000000", "IsExecutable": "False", "_source_file": "data/baseline/win7-x86/Microsoft-Windows-Sysmon%4Operational.evtx"}, {"EventID": 11, "Computer": "evtx-PC", "UtcTime": "2022-04-04 11:19:02.517", "Provider": "Microsoft-Windows-Sysmon", "RuleName": "-", "ProcessGuid": "{e97d4e69-0000-0000-47f9-030000000000}", "ProcessId": "4020", "Image": "C:\\Program Files\\Google\\Chrome\\Application\\chrome.exe", "TargetFilename": "C:\\Users\\evtx\\AppData\\Local\\Google\\Chrome\\User Data\\Last Version", "CreationUtcTime": "2022-04-04 10:16:49.598", "_source_file": "data/baseline/win7-x86/Microsoft-Windows-Sysmon%4Operational.evtx"}, {"EventID": 12, "Computer": "evtx-PC", "UtcTime": "2022-04-04 11:19:02.533", "Provider": "Microsoft-Windows-Sysmon", "RuleName": "-", "EventType": "CreateKey", "ProcessGuid": "{e97d4e69-0000-0000-8505-040000000000}", "ProcessId": "1036", "Image": "C:\\Program Files\\Google\\Chrome\\Application\\chrome.exe", "TargetObject": "HKU\\S-1-5-21-712794737-353456615-3249761964-1001", "_source_file": "data/baseline/win7-x86/Microsoft-Windows-Sysmon%4Operational.evtx"}, {"EventID": 12, "Computer": "evtx-PC", "UtcTime": "2022-04-04 11:19:02.533", "Provider": "Microsoft-Windows-Sysmon", "RuleName": "-", "EventType": "CreateKey", "ProcessGuid": "{e97d4e69-0000-0000-8505-040000000000}", "ProcessId": "1036", "Image": "C:\\Program Files\\Google\\Chrome\\Application\\chrome.exe", "TargetObject": "HKU\\S-1-5-21-712794737-353456615-3249761964-1001\\Software", "_source_file": "data/baseline/win7-x86/Microsoft-Windows-Sysmon%4Operational.evtx"}, {"EventID": 12, "Computer": "evtx-PC", "UtcTime": "2022-04-04 11:19:02.533", "Provider": "Microsoft-Windows-Sysmon", "RuleName": "-", "EventType": "CreateKey", "ProcessGuid": "{e97d4e69-0000-0000-8505-040000000000}", "ProcessId": "1036", "Image": "C:\\Program Files\\Google\\Chrome\\Application\\chrome.exe", "TargetObject": "HKU\\S-1-5-21-712794737-353456615-3249761964-1001\\Software\\Google", "_source_file": "data/baseline/win7-x86/Microsoft-Windows-Sysmon%4Operational.evtx"}, {"EventID": 12, "Computer": "evtx-PC", "UtcTime": "2022-04-04 11:19:02.533", "Provider": "Microsoft-Windows-Sysmon", "RuleName": "-", "EventType": "CreateKey", "ProcessGuid": "{e97d4e69-0000-0000-8505-040000000000}", "ProcessId": "1036", "Image": "C:\\Program Files\\Google\\Chrome\\Application\\chrome.exe", "TargetObject": "HKU\\S-1-5-21-712794737-353456615-3249761964-1001\\Software\\Google\\Chrome", "_source_file": "data/baseline/win7-x86/Microsoft-Windows-Sysmon%4Operational.evtx"}, {"EventID": 12, "Computer": "evtx-PC", "UtcTime": "2022-04-04 11:19:02.533", "Provider": "Microsoft-Windows-Sysmon", "RuleName": "-", "EventType": "CreateKey", "ProcessGuid": "{e97d4e69-0000-0000-8505-040000000000}", "ProcessId": "1036", "Image": "C:\\Program Files\\Google\\Chrome\\Application\\chrome.exe", "TargetObject": "HKU\\S-1-5-21-712794737-353456615-3249761964-1001\\Software\\Google\\Chrome\\BLBeacon", "_source_file": "data/baseline/win7-x86/Microsoft-Windows-Sysmon%4Operational.evtx"}, {"EventID": 12, "Computer": "evtx-PC", "UtcTime": "2022-04-04 11:19:02.533", "Provider": "Microsoft-Windows-Sysmon", "RuleName": "-", "EventType": "CreateKey", "ProcessGuid": "{e97d4e69-0000-0000-47f9-030000000000}", "ProcessId": "4020", "Image": "C:\\Program Files\\Google\\Chrome\\Application\\chrome.exe", "TargetObject": "HKU\\S-1-5-21-712794737-353456615-3249761964-1001\\Software\\Microsoft\\Windows\\CurrentVersion\\Internet Settings", "_source_file": "data/baseline/win7-x86/Microsoft-Windows-Sysmon%4Operational.evtx"}, {"EventID": 12, "Computer": "evtx-PC", "UtcTime": "2022-04-04 11:19:02.533", "Provider": "Microsoft-Windows-Sysmon", "RuleName": "-", "EventType": "CreateKey", "ProcessGuid": "{e97d4e69-0000-0000-47f9-030000000000}", "ProcessId": "4020", "Image": "C:\\Program Files\\Google\\Chrome\\Application\\chrome.exe", "TargetObject": "HKLM\\SOFTWARE\\Microsoft\\Windows\\CurrentVersion\\Internet Settings", "_source_file": "data/baseline/win7-x86/Microsoft-Windows-Sysmon%4Operational.evtx"}, {"EventID": 12, "Computer": "evtx-PC", "UtcTime": "2022-04-04 11:19:02.533", "Provider": "Microsoft-Windows-Sysmon", "RuleName": "-", "EventType": "CreateKey", "ProcessGuid": "{e97d4e69-0000-0000-47f9-030000000000}", "ProcessId": "4020", "Image": "C:\\Program Files\\Google\\Chrome\\Application\\chrome.exe", "TargetObject": "HKLM\\SOFTWARE\\Policies\\Microsoft\\Windows\\CurrentVersion\\Internet Settings", "_source_file": "data/baseline/win7-x86/Microsoft-Windows-Sysmon%4Operational.evtx"}, {"EventID": 1, "Computer": "evtx-PC", "UtcTime": "2022-04-04 11:19:02.549", "Provider": "Microsoft-Windows-Sysmon", "RuleName": "-", "ProcessGuid": "{e97d4e69-0000-0000-5808-040000000000}", "ProcessId": "888", "Image": "C:\\Program Files\\Google\\Chrome\\Application\\chrome.exe", "FileVersion": "100.0.4896.60", "Description": "Google Chrome", "Product": "Google Chrome", "Company": "Google LLC", "OriginalFileName": "chrome.exe", "CommandLine": "\"C:\\Program Files\\Google\\Chrome\\Application\\chrome.exe\" --type=utility --utility-sub-type=storage.mojom.StorageService --lang=de --service-sandbox-type=utility --mojo-platform-channel-handle=1468 --field-trial-handle=1144,i,10721192303479405621,17374914068529973340,131072 /prefetch:8", "CurrentDirectory": "C:\\Program Files\\Google\\Chrome\\Application\\100.0.4896.60\\", "User": "evtx-PC\\evtx", "LogonGuid": "{e97d4e69-0000-0000-406b-010000000000}", "LogonId": "0x0000000000016b40", "TerminalSessionId": "1", "IntegrityLevel": "Low", "Hashes": "SHA1=FF6DE90E8F891D30729CC7E00C98C0EB4F7EFF1E,MD5=AB240D01AD5A9D9D3C3080D98B89BE5E,SHA256=8B6116385E53F6BA6930A394930855476C1BB8C1D0EE2CE6F198ECBA744FEDE3,IMPHASH=64E8050754AD3A068CBB0D1A6DA6A0F8", "ParentProcessGuid": "{e97d4e69-0000-0000-47f9-030000000000}", "ParentProcessId": "4020", "ParentImage": "C:\\Program Files\\Google\\Chrome\\Application\\chrome.exe", "ParentCommandLine": "\"C:\\Program Files\\Google\\Chrome\\Application\\chrome.exe\" ", "_source_file": "data/baseline/win7-x86/Microsoft-Windows-Sysmon%4Operational.evtx"}, {"EventID": 2, "Computer": "evtx-PC", "UtcTime": "2022-04-04 11:19:02.549", "Provider": "Microsoft-Windows-Sysmon", "RuleName": "-", "ProcessGuid": "{e97d4e69-0000-0000-47f9-030000000000}", "ProcessId": "4020", "Image": "C:\\Program Files\\Google\\Chrome\\Application\\chrome.exe", "TargetFilename": "C:\\Users\\evtx\\AppData\\Local\\Google\\Chrome\\User Data\\Default\\Site Characteristics Database\\LOG", "CreationUtcTime": "2022-04-04 10:16:49.630", "PreviousCreationUtcTime": "2022-04-04 10:16:49.630", "_source_file": "data/baseline/win7-x86/Microsoft-Windows-Sysmon%4Operational.evtx"}, {"EventID": 2, "Computer": "evtx-PC", "UtcTime": "2022-04-04 11:19:02.549", "Provider": "Microsoft-Windows-Sysmon", "RuleName": "-", "ProcessGuid": "{e97d4e69-0000-0000-47f9-030000000000}", "ProcessId": "4020", "Image": "C:\\Program Files\\Google\\Chrome\\Application\\chrome.exe", "TargetFilename": "C:\\Users\\evtx\\AppData\\Local\\Google\\Chrome\\User Data\\Default\\Sync Data\\LevelDB\\LOG", "CreationUtcTime": "2022-04-04 10:16:49.630", "PreviousCreationUtcTime": "2022-04-04 10:16:49.630", "_source_file": "data/baseline/win7-x86/Microsoft-Windows-Sysmon%4Operational.evtx"}, {"EventID": 11, "Computer": "evtx-PC", "UtcTime": "2022-04-04 11:19:02.549", "Provider": "Microsoft-Windows-Sysmon", "RuleName": "-", "ProcessGuid": "{e97d4e69-0000-0000-47f9-030000000000}", "ProcessId": "4020", "Image": "C:\\Program Files\\Google\\Chrome\\Application\\chrome.exe", "TargetFilename": "C:\\Users\\evtx\\AppData\\Local\\Google\\Chrome\\User Data\\Default\\Site Characteristics Database\\LOG.old~RF11383.TMP", "CreationUtcTime": "2022-04-04 11:19:02.549", "_source_file": "data/baseline/win7-x86/Microsoft-Windows-Sysmon%4Operational.evtx"}, {"EventID": 11, "Computer": "evtx-PC", "UtcTime": "2022-04-04 11:19:02.549", "Provider": "Microsoft-Windows-Sysmon", "RuleName": "-", "ProcessGuid": "{e97d4e69-0000-0000-47f9-030000000000}", "ProcessId": "4020", "Image": "C:\\Program Files\\Google\\Chrome\\Application\\chrome.exe", "TargetFilename": "C:\\Users\\evtx\\AppData\\Local\\Google\\Chrome\\User Data\\Default\\Sync Data\\LevelDB\\LOG.old~RF11383.TMP", "CreationUtcTime": "2022-04-04 11:19:02.549", "_source_file": "data/baseline/win7-x86/Microsoft-Windows-Sysmon%4Operational.evtx"}, {"EventID": 26, "Computer": "evtx-PC", "UtcTime": "2022-04-04 11:19:02.549", "Provider": "Microsoft-Windows-Sysmon", "RuleName": "-", "ProcessGuid": "{e97d4e69-0000-0000-47f9-030000000000}", "ProcessId": "4020", "User": "evtx-PC\\evtx", "Image": "C:\\Program Files\\Google\\Chrome\\Application\\chrome.exe", "TargetFilename": "C:\\Users\\evtx\\AppData\\Local\\Google\\Chrome\\User Data\\Default\\Site Characteristics Database\\LOG.old~RF11383.TMP", "Hashes": "SHA1=3C1A8FFCF76E296666B24861047FD8CC28FB1DE1,MD5=71B4CEED07B855C0BBBD71714A42952E,SHA256=EF0C55AE0E16949183AD93DE2EFDCDC79E0F97C161361BEAB9AC949803E18FFD,IMPHASH=00000000000000000000000000000000", "IsExecutable": "False", "_source_file": "data/baseline/win7-x86/Microsoft-Windows-Sysmon%4Operational.evtx"}, {"EventID": 11, "Computer": "evtx-PC", "UtcTime": "2022-04-04 11:19:02.549", "Provider": "Microsoft-Windows-Sysmon", "RuleName": "-", "ProcessGuid": "{e97d4e69-0000-0000-47f9-030000000000}", "ProcessId": "4020", "Image": "C:\\Program Files\\Google\\Chrome\\Application\\chrome.exe", "TargetFilename": "C:\\Users\\evtx\\AppData\\Local\\Google\\Chrome\\User Data\\Default\\Site Characteristics Database\\LOG", "CreationUtcTime": "2022-04-04 10:16:49.630", "_source_file": "data/baseline/win7-x86/Microsoft-Windows-Sysmon%4Operational.evtx"}, {"EventID": 26, "Computer": "evtx-PC", "UtcTime": "2022-04-04 11:19:02.564", "Provider": "Microsoft-Windows-Sysmon", "RuleName": "-", "ProcessGuid": "{e97d4e69-0000-0000-47f9-030000000000}", "ProcessId": "4020", "User": "evtx-PC\\evtx", "Image": "C:\\Program Files\\Google\\Chrome\\Application\\chrome.exe", "TargetFilename": "C:\\Users\\evtx\\AppData\\Local\\Google\\Chrome\\User Data\\Default\\Sync Data\\LevelDB\\LOG.old~RF11383.TMP", "Hashes": "SHA1=63BFCC92F1CB570977D162A91BE0083C1BF03B9B,MD5=7B28B88DA0013FF302FE9122B1CFCE18,SHA256=D5BE33109CDB1CBAF70901EF695DFC7C9C701613BE704D4142DE3AC1F44A600D,IMPHASH=00000000000000000000000000000000", "IsExecutable": "False", "_source_file": "data/baseline/win7-x86/Microsoft-Windows-Sysmon%4Operational.evtx"}, {"EventID": 11, "Computer": "evtx-PC", "UtcTime": "2022-04-04 11:19:02.564", "Provider": "Microsoft-Windows-Sysmon", "RuleName": "-", "ProcessGuid": "{e97d4e69-0000-0000-47f9-030000000000}", "ProcessId": "4020", "Image": "C:\\Program Files\\Google\\Chrome\\Application\\chrome.exe", "TargetFilename": "C:\\Users\\evtx\\AppData\\Local\\Google\\Chrome\\User Data\\Default\\Sync Data\\LevelDB\\LOG", "CreationUtcTime": "2022-04-04 10:16:49.630", "_source_file": "data/baseline/win7-x86/Microsoft-Windows-Sysmon%4Operational.evtx"}, {"EventID": 12, "Computer": "evtx-PC", "UtcTime": "2022-04-04 11:19:02.564", "Provider": "Microsoft-Windows-Sysmon", "RuleName": "-", "EventType": "CreateKey", "ProcessGuid": "{e97d4e69-0000-0000-47f9-030000000000}", "ProcessId": "4020", "Image": "C:\\Program Files\\Google\\Chrome\\Application\\chrome.exe", "TargetObject": "HKU\\S-1-5-21-712794737-353456615-3249761964-1001\\Software\\Microsoft\\Windows\\CurrentVersion\\Internet Settings", "_source_file": "data/baseline/win7-x86/Microsoft-Windows-Sysmon%4Operational.evtx"}, 