{"EventID": 7, "Computer": "evtx-PC", "UtcTime": "2022-04-04 11:19:57.940", "Provider": "Microsoft-Windows-Sysmon", "RuleName": "-", "ProcessGuid": "{e97d4e69-0000-0000-a8b5-090000000000}", "ProcessId": "4872", "Image": "C:\\Program Files\\Google\\Update\\1.3.36.122\\GoogleCrashHandler.exe", "ImageLoaded": "C:\\Windows\\System32\\lpk.dll", "FileVersion": "6.1.7600.16385 (win7_rtm.090713-1255)", "Description": "Language Pack", "Product": "Microsoft\u00ae Windows\u00ae Operating System", "Company": "Microsoft Corporation", "OriginalFileName": "LanguagePack", "Hashes": "SHA1=0A2E3A987CD4664CA2A6E9CC1EA429C6B79A2AE9,MD5=4F154D2C9C6DF951FD6E5AABBAE6B5EE,SHA256=FB3A3D2FD5AFFC513BD475E90A705E2C33C8E85AAF8B994C2A987DFC9D0A71D4,IMPHASH=B18FCB6327EB8EB41B606BBBC1E2B10A", "Signed": "true", "Signature": "Microsoft Windows", "SignatureStatus": "Valid", "_source_file": "data/baseline/win7-x86/Microsoft-Windows-Sysmon%4Operational.evtx"}, {"EventID": 7, "Computer": "evtx-PC", "UtcTime": "2022-04-04 11:19:57.857", "Provider": "Microsoft-Windows-Sysmon", "RuleName": "-", "ProcessGuid": "{e97d4e69-0000-0000-f5af-090000000000}", "ProcessId": "4848", "Image": "C:\\Program Files\\Google\\Update\\GoogleUpdate.exe", "ImageLoaded": "C:\\Windows\\System32\\lpk.dll", "FileVersion": "6.1.7600.16385 (win7_rtm.090713-1255)", "Description": "Language Pack", "Product": "Microsoft\u00ae Windows\u00ae Operating System", "Company": "Microsoft Corporation", "OriginalFileName": "LanguagePack", "Hashes": "SHA1=0A2E3A987CD4664CA2A6E9CC1EA429C6B79A2AE9,MD5=4F154D2C9C6DF951FD6E5AABBAE6B5EE,SHA256=FB3A3D2FD5AFFC513BD475E90A705E2C33C8E85AAF8B994C2A987DFC9D0A71D4,IMPHASH=B18FCB6327EB8EB41B606BBBC1E2B10A", "Signed": "true", "Signature": "Microsoft Windows", "SignatureStatus": "Valid", "_source_file": "data/baseline/win7-x86/Microsoft-Windows-Sysmon%4Operational.evtx"}, {"EventID": 7, "Computer": "evtx-PC", "UtcTime": "2022-04-04 11:19:57.773", "Provider": "Microsoft-Windows-Sysmon", "RuleName": "-", "ProcessGuid": "{e97d4e69-0000-0000-94a9-090000000000}", "ProcessId": "4820", "Image": "C:\\Program Files\\Google\\Update\\GoogleUpdate.exe", "ImageLoaded": "C:\\Windows\\System32\\lpk.dll", "FileVersion": "6.1.7600.16385 (win7_rtm.090713-1255)", "Description": "Language Pack", "Product": "Microsoft\u00ae Windows\u00ae Operating System", "Company": "Microsoft Corporation", "OriginalFileName": "LanguagePack", "Hashes": "SHA1=0A2E3A987CD4664CA2A6E9CC1EA429C6B79A2AE9,MD5=4F154D2C9C6DF951FD6E5AABBAE6B5EE,SHA256=FB3A3D2FD5AFFC513BD475E90A705E2C33C8E85AAF8B994C2A987DFC9D0A71D4,IMPHASH=B18FCB6327EB8EB41B606BBBC1E2B10A", "Signed": "true", "Signature": "Microsoft Windows", "SignatureStatus": "Valid", "_source_file": "data/baseline/win7-x86/Microsoft-Windows-Sysmon%4Operational.evtx"}, {"EventID": 7, "Computer": "evtx-PC", "UtcTime": "2022-04-04 11:19:57.550", "Provider": "Microsoft-Windows-Sysmon", "RuleName": "-", "ProcessGuid": "{e97d4e69-0000-0000-2ea5-090000000000}", "ProcessId": "4788", "Image": "C:\\Windows\\Microsoft.NET\\Framework\\v2.0.50727\\mscorsvw.exe", "ImageLoaded": "C:\\Windows\\System32\\lpk.dll", "FileVersion": "6.1.7600.16385 (win7_rtm.090713-1255)", "Description": "Language Pack", "Product": "Microsoft\u00ae Windows\u00ae Operating System", "Company": "Microsoft Corporation", "OriginalFileName": "LanguagePack", "Hashes": "SHA1=0A2E3A987CD4664CA2A6E9CC1EA429C6B79A2AE9,MD5=4F154D2C9C6DF951FD6E5AABBAE6B5EE,SHA256=FB3A3D2FD5AFFC513BD475E90A705E2C33C8E85AAF8B994C2A987DFC9D0A71D4,IMPHASH=B18FCB6327EB8EB41B606BBBC1E2B10A", "Signed": "true", "Signature": "Microsoft Windows", "SignatureStatus": "Valid", "_source_file": "data/baseline/win7-x86/Microsoft-Windows-Sysmon%4Operational.evtx"}, {"EventID": 7, "Computer": "evtx-PC", "UtcTime": "2022-04-04 11:19:58.093", "Provider": "Microsoft-Windows-Sysmon", "RuleName": "-", "ProcessGuid": "{e97d4e69-0000-0000-1dbe-090000000000}", "ProcessId": "4932", "Image": "C:\\Windows\\System32\\svchost.exe", "ImageLoaded": "C:\\Windows\\System32\\usp10.dll", "FileVersion": "1.0626.7600.16385 (win7_rtm.090713-1255)", "Description": "Uniscribe Unicode script processor", "Product": "Microsoft(R) Uniscribe Unicode script processor", "Company": "Microsoft Corporation", "OriginalFileName": "Uniscribe", "Hashes": "SHA1=63179EDF1A4E51E841480A94F7E5FE9553254834,MD5=0BA19F3198C40AC4E8CC66EE02EDA6C6,SHA256=4555FB6ED0F286DF94FEACFEC36BF23E0F586CFA80DEE45C5EA7A0760C967E84,IMPHASH=6AB63B69DEFE1DFE2516D054C3C43E22", "Signed": "true", "Signature": "Microsoft Windows", "SignatureStatus": "Valid", "_source_file": "data/baseline/win7-x86/Microsoft-Windows-Sysmon%4Operational.evtx"}, {"EventID": 7, "Computer": "evtx-PC", "UtcTime": "2022-04-04 11:19:57.968", "Provider": "Microsoft-Windows-Sysmon", "RuleName": "-", "ProcessGuid": "{e97d4e69-0000-0000-99ba-090000000000}", "ProcessId": "4892", "Image": "C:\\Windows\\System32\\sppsvc.exe", "ImageLoaded": "C:\\Windows\\System32\\usp10.dll", "FileVersion": "1.0626.7600.16385 (win7_rtm.090713-1255)", "Description": "Uniscribe Unicode script processor", "Product": "Microsoft(R) Uniscribe Unicode script processor", "Company": "Microsoft Corporation", "OriginalFileName": "Uniscribe", "Hashes": "SHA1=63179EDF1A4E51E841480A94F7E5FE9553254834,MD5=0BA19F3198C40AC4E8CC66EE02EDA6C6,SHA256=4555FB6ED0F286DF94FEACFEC36BF23E0F586CFA80DEE45C5EA7A0760C967E84,IMPHASH=6AB63B69DEFE1DFE2516D054C3C43E22", "Signed": "true", "Signature": "Microsoft Windows", "SignatureStatus": "Valid", "_source_file": "data/baseline/win7-x86/Microsoft-Windows-Sysmon%4Operational.evtx"}, {"EventID": 7, "Computer": "evtx-PC", "UtcTime": "2022-04-04 11:19:57.940", "Provider": "Microsoft-Windows-Sysmon", "RuleName": "-", "ProcessGuid": "{e97d4e69-0000-0000-a8b5-090000000000}", "ProcessId": "4872", "Image": "C:\\Program Files\\Google\\Update\\1.3.36.122\\GoogleCrashHandler.exe", "ImageLoaded": "C:\\Windows\\System32\\usp10.dll", "FileVersion": "1.0626.7600.16385 (win7_rtm.090713-1255)", "Description": "Uniscribe Unicode script processor", "Product": "Microsoft(R) Uniscribe Unicode script processor", "Company": "Microsoft Corporation", "OriginalFileName": "Uniscribe", "Hashes": "SHA1=63179EDF1A4E51E841480A94F7E5FE9553254834,MD5=0BA19F3198C40AC4E8CC66EE02EDA6C6,SHA256=4555FB6ED0F286DF94FEACFEC36BF23E0F586CFA80DEE45C5EA7A0760C967E84,IMPHASH=6AB63B69DEFE1DFE2516D054C3C43E22", "Signed": "true", "Signature": "Microsoft Windows", "SignatureStatus": "Valid", "_source_file": "data/baseline/win7-x86/Microsoft-Windows-Sysmon%4Operational.evtx"}, {"EventID": 7, "Computer": "evtx-PC", "UtcTime": "2022-04-04 11:19:57.857", "Provider": "Microsoft-Windows-Sysmon", "RuleName": "-", "ProcessGuid": "{e97d4e69-0000-0000-f5af-090000000000}", "ProcessId": "4848", "Image": "C:\\Program Files\\Google\\Update\\GoogleUpdate.exe", "ImageLoaded": "C:\\Windows\\System32\\usp10.dll", "FileVersion": "1.0626.7600.16385 (win7_rtm.090713-1255)", "Description": "Uniscribe Unicode script processor", "Product": "Microsoft(R) Uniscribe Unicode script processor", "Company": "Microsoft Corporation", "OriginalFileName": "Uniscribe", "Hashes": "SHA1=63179EDF1A4E51E841480A94F7E5FE9553254834,MD5=0BA19F3198C40AC4E8CC66EE02EDA6C6,SHA256=4555FB6ED0F286DF94FEACFEC36BF23E0F586CFA80DEE45C5EA7A0760C967E84,IMPHASH=6AB63B69DEFE1DFE2516D054C3C43E22", "Signed": "true", "Signature": "Microsoft Windows", "SignatureStatus": "Valid", "_source_file": "data/baseline/win7-x86/Microsoft-Windows-Sysmon%4Operational.evtx"}, {"EventID": 7, "Computer": "evtx-PC", "UtcTime": "2022-04-04 11:19:57.773", "Provider": "Microsoft-Windows-Sysmon", "RuleName": "-", "ProcessGuid": "{e97d4e69-0000-0000-94a9-090000000000}", "ProcessId": "4820", "Image": "C:\\Program Files\\Google\\Update\\GoogleUpdate.exe", "ImageLoaded": "C:\\Windows\\System32\\usp10.dll", "FileVersion": "1.0626.7600.16385 (win7_rtm.090713-1255)", "Description": "Uniscribe Unicode script processor", "Product": "Microsoft(R) Uniscribe Unicode script processor", "Company": "Microsoft Corporation", "OriginalFileName": "Uniscribe", "Hashes": "SHA1=63179EDF1A4E51E841480A94F7E5FE9553254834,MD5=0BA19F3198C40AC4E8CC66EE02EDA6C6,SHA256=4555FB6ED0F286DF94FEACFEC36BF23E0F586CFA80DEE45C5EA7A0760C967E84,IMPHASH=6AB63B69DEFE1DFE2516D054C3C43E22", "Signed": "true", "Signature": "Microsoft Windows", "SignatureStatus": "Valid", "_source_file": "data/baseline/win7-x86/Microsoft-Windows-Sysmon%4Operational.evtx"}, {"EventID": 7, "Computer": "evtx-PC", "UtcTime": "2022-04-04 11:19:57.550", "Provider": "Microsoft-Windows-Sysmon", "RuleName": "-", "ProcessGuid": "{e97d4e69-0000-0000-2ea5-090000000000}", "ProcessId": "4788", "Image": "C:\\Windows\\Microsoft.NET\\Framework\\v2.0.50727\\mscorsvw.exe", "ImageLoaded": "C:\\Windows\\System32\\usp10.dll", "FileVersion": "1.0626.7600.16385 (win7_rtm.090713-1255)", "Description": "Uniscribe Unicode script processor", "Product": "Microsoft(R) Uniscribe Unicode script processor", "Company": "Microsoft Corporation", "OriginalFileName": "Uniscribe", "Hashes": "SHA1=63179EDF1A4E51E841480A94F7E5FE9553254834,MD5=0BA19F3198C40AC4E8CC66EE02EDA6C6,SHA256=4555FB6ED0F286DF94FEACFEC36BF23E0F586CFA80DEE45C5EA7A0760C967E84,IMPHASH=6AB63B69DEFE1DFE2516D054C3C43E22", "Signed": "true", "Signature": "Microsoft Windows", "SignatureStatus": "Valid", "_source_file": "data/baseline/win7-x86/Microsoft-Windows-Sysmon%4Operational.evtx"}, {"EventID": 7, "Computer": "evtx-PC", "UtcTime": "2022-04-04 11:19:58.093", "Provider": "Microsoft-Windows-Sysmon", "RuleName": "-", "ProcessGuid": "{e97d4e69-0000-0000-1dbe-090000000000}", "ProcessId": "4932", "Image": "C:\\Windows\\System32\\svchost.exe", "ImageLoaded": "C:\\Windows\\System32\\ole32.dll", "FileVersion": "6.1.7600.16385 (win7_rtm.090713-1255)", "Description": "Microsoft OLE for Windows", "Product": "Microsoft\u00ae Windows\u00ae Operating System", "Company": "Microsoft Corporation", "OriginalFileName": "OLE32.DLL", "Hashes": "SHA1=AD2F6459B95808C25F4C167C0D7D36BC0FDA4667,MD5=4ACB903AD1693858A918907358CBD9E4,SHA256=F7A5F4F958EB9A79C842A35CB4EE3947CC1F4F2DB4FCB5C90F8C99EF386009D3,IMPHASH=00402F17B490795C2367DFBE0059B215", "Signed": "true", "Signature": "Microsoft Windows", "SignatureStatus": "Valid", "_source_file": "data/baseline/win7-x86/Microsoft-Windows-Sysmon%4Operational.evtx"}, {"EventID": 7, "Computer": "evtx-PC", "UtcTime": "2022-04-04 11:19:57.968", "Provider": "Microsoft-Windows-Sysmon", "RuleName": "-", "ProcessGuid": "{e97d4e69-0000-0000-99ba-090000000000}", "ProcessId": "4892", "Image": "C:\\Windows\\System32\\sppsvc.exe", "ImageLoaded": "C:\\Windows\\System32\\ole32.dll", "FileVersion": "6.1.7600.16385 (win7_rtm.090713-1255)", "Description": "Microsoft OLE for Windows", "Product": "Microsoft\u00ae Windows\u00ae Operating System", "Company": "Microsoft Corporation", "OriginalFileName": "OLE32.DLL", "Hashes": "SHA1=AD2F6459B95808C25F4C167C0D7D36BC0FDA4667,MD5=4ACB903AD1693858A918907358CBD9E4,SHA256=F7A5F4F958EB9A79C842A35CB4EE3947CC1F4F2DB4FCB5C90F8C99EF386009D3,IMPHASH=00402F17B490795C2367DFBE0059B215", "Signed": "true", "Signature": "Microsoft Windows", "SignatureStatus": "Valid", "_source_file": "data/baseline/win7-x86/Microsoft-Windows-Sysmon%4Operational.evtx"}, {"EventID": 7, "Computer": "evtx-PC", "UtcTime": "2022-04-04 11:19:57.954", "Provider": "Microsoft-Windows-Sysmon", "RuleName": "-", "ProcessGuid": "{e97d4e69-0000-0000-a8b5-090000000000}", "ProcessId": "4872", "Image": "C:\\Program Files\\Google\\Update\\1.3.36.122\\GoogleCrashHandler.exe", "ImageLoaded": "C:\\Windows\\System32\\ole32.dll", "FileVersion": "6.1.7600.16385 (win7_rtm.090713-1255)", "Description": "Microsoft OLE for Windows", "Product": "Microsoft\u00ae Windows\u00ae Operating System", "Company": "Microsoft Corporation", "OriginalFileName": "OLE32.DLL", "Hashes": "SHA1=AD2F6459B95808C25F4C167C0D7D36BC0FDA4667,MD5=4ACB903AD1693858A918907358CBD9E4,SHA256=F7A5F4F958EB9A79C842A35CB4EE3947CC1F4F2DB4FCB5C90F8C99EF386009D3,IMPHASH=00402F17B490795C2367DFBE0059B215", "Signed": "true", "Signature": "Microsoft Windows", "SignatureStatus": "Valid", "_source_file": "data/baseline/win7-x86/Microsoft-Windows-Sysmon%4Operational.evtx"}, {"EventID": 7, "Computer": "evtx-PC", "UtcTime": "2022-04-04 11:19:57.871", "Provider": "Microsoft-Windows-Sysmon", "RuleName": "-", "ProcessGuid": "{e97d4e69-0000-0000-f5af-090000000000}", "ProcessId": "4848", "Image": "C:\\Program Files\\Google\\Update\\GoogleUpdate.exe", "ImageLoaded": "C:\\Windows\\System32\\ole32.dll", "FileVersion": "6.1.7600.16385 (win7_rtm.090713-1255)", "Description": "Microsoft OLE for Windows", "Product": "Microsoft\u00ae Windows\u00ae Operating System", "Company": "Microsoft Corporation", "OriginalFileName": "OLE32.DLL", "Hashes": "SHA1=AD2F6459B95808C25F4C167C0D7D36BC0FDA4667,MD5=4ACB903AD1693858A918907358CBD9E4,SHA256=F7A5F4F958EB9A79C842A35CB4EE3947CC1F4F2DB4FCB5C90F8C99EF386009D3,IMPHASH=00402F17B490795C2367DFBE0059B215", "Signed": "true", "Signature": "Microsoft Windows", "SignatureStatus": "Valid", "_source_file": "data/baseline/win7-x86/Microsoft-Windows-Sysmon%4Operational.evtx"}, {"EventID": 7, "Computer": "evtx-PC", "UtcTime": "2022-04-04 11:19:57.773", "Provider": "Microsoft-Windows-Sysmon", "RuleName": "-", "ProcessGuid": "{e97d4e69-0000-0000-94a9-090000000000}", "ProcessId": "4820", "Image": "C:\\Program Files\\Google\\Update\\GoogleUpdate.exe", "ImageLoaded": "C:\\Windows\\System32\\ole32.dll", "FileVersion": "6.1.7600.16385 (win7_rtm.090713-1255)", "Description": "Microsoft OLE for Windows", "Product": "Microsoft\u00ae Windows\u00ae Operating System", "Company": "Microsoft Corporation", "OriginalFileName": "OLE32.DLL", "Hashes": "SHA1=AD2F6459B95808C25F4C167C0D7D36BC0FDA4667,MD5=4ACB903AD1693858A918907358CBD9E4,SHA256=F7A5F4F958EB9A79C842A35CB4EE3947CC1F4F2DB4FCB5C90F8C99EF386009D3,IMPHASH=00402F17B490795C2367DFBE0059B215", "Signed": "true", "Signature": "Microsoft Windows", "SignatureStatus": "Valid", "_source_file": "data/baseline/win7-x86/Microsoft-Windows-Sysmon%4Operational.evtx"}, {"EventID": 7, "Computer": "evtx-PC", "UtcTime": "2022-04-04 11:19:57.564", "Provider": "Microsoft-Windows-Sysmon", "RuleName": "-", "ProcessGuid": "{e97d4e69-0000-0000-2ea5-090000000000}", "ProcessId": "4788", "Image": "C:\\Windows\\Microsoft.NET\\Framework\\v2.0.50727\\mscorsvw.exe", "ImageLoaded": "C:\\Windows\\System32\\ole32.dll", "FileVersion": "6.1.7600.16385 (win7_rtm.090713-1255)", "Description": "Microsoft OLE for Windows", "Product": "Microsoft\u00ae Windows\u00ae Operating System", "Company": "Microsoft Corporation", "OriginalFileName": "OLE32.DLL", "Hashes": "SHA1=AD2F6459B95808C25F4C167C0D7D36BC0FDA4667,MD5=4ACB903AD1693858A918907358CBD9E4,SHA256=F7A5F4F958EB9A79C842A35CB4EE3947CC1F4F2DB4FCB5C90F8C99EF386009D3,IMPHASH=00402F17B490795C2367DFBE0059B215", "Signed": "true", "Signature": "Microsoft Windows", "SignatureStatus": "Valid", "_source_file": "data/baseline/win7-x86/Microsoft-Windows-Sysmon%4Operational.evtx"}, {"EventID": 7, "Computer": "evtx-PC", "UtcTime": "2022-04-04 11:19:58.316", "Provider": "Microsoft-Windows-Sysmon", "RuleName": "-", "ProcessGuid": "{e97d4e69-0000-0000-99ba-090000000000}", "ProcessId": "4892", "Image": "C:\\Windows\\System32\\sppsvc.exe", "ImageLoaded": "C:\\Windows\\System32\\oleaut32.dll", "FileVersion": "6.1.7600.16385", "Description": "-", "Product": "-", "Company": "Microsoft Corporation", "OriginalFileName": "-", "Hashes": "SHA1=74C5D7321C62B54E32DC23583E7D954395C3E0C8,MD5=FADBB267FE9846233ED486DE6EEAAEB9,SHA256=7F038884CA763BBEB6E2ACADB4B58DBC5EE9D6A4FDC6C59B5AC8556850E1468E,IMPHASH=977DA93A00C8C967C5054BCABD8A4EBC", "Signed": "true", "Signature": "Microsoft Windows", "SignatureStatus": "Valid", "_source_file": "data/baseline/win7-x86/Microsoft-Windows-Sysmon%4Operational.evtx"}, {"EventID": 7, "Computer": "evtx-PC", "UtcTime": "2022-04-04 11:19:58.093", "Provider": "Microsoft-Windows-Sysmon", "RuleName": "-", "ProcessGuid": "{e97d4e69-0000-0000-1dbe-090000000000}", "ProcessId": "4932", "Image": "C:\\Windows\\System32\\svchost.exe", "ImageLoaded": "C:\\Windows\\System32\\oleaut32.dll", "FileVersion": "6.1.7600.16385", "Description": "-", "Product": "-", "Company": "Microsoft Corporation", "OriginalFileName": "-", "Hashes": "SHA1=74C5D7321C62B54E32DC23583E7D954395C3E0C8,MD5=FADBB267FE9846233ED486DE6EEAAEB9,SHA256=7F038884CA763BBEB6E2ACADB4B58DBC5EE9D6A4FDC6C59B5AC8556850E1468E,IMPHASH=977DA93A00C8C967C5054BCABD8A4EBC", "Signed": "true", "Signature": "Microsoft Windows", "SignatureStatus": "Valid", "_source_file": "data/baseline/win7-x86/Microsoft-Windows-Sysmon%4Operational.evtx"}, {"EventID": 7, "Computer": "evtx-PC", "UtcTime": "2022-04-04 11:19:57.871", "Provider": "Microsoft-Windows-Sysmon", "RuleName": "-", "ProcessGuid": "{e97d4e69-0000-0000-f5af-090000000000}", "ProcessId": "4848", "Image": "C:\\Program Files\\Google\\Update\\GoogleUpdate.exe", "ImageLoaded": "C:\\Windows\\System32\\oleaut32.dll", "FileVersion": "6.1.7600.16385", "Description": "-", "Product": "-", "Company": "Microsoft Corporation", "OriginalFileName": "-", "Hashes": "SHA1=74C5D7321C62B54E32DC23583E7D954395C3E0C8,MD5=FADBB267FE9846233ED486DE6EEAAEB9,SHA256=7F038884CA763BBEB6E2ACADB4B58DBC5EE9D6A4FDC6C59B5AC8556850E1468E,IMPHASH=977DA93A00C8C967C5054BCABD8A4EBC", "Signed": "true", "Signature": "Microsoft Windows", "SignatureStatus": "Valid", "_source_file": "data/baseline/win7-x86/Microsoft-Windows-Sysmon%4Operational.evtx"}, {"EventID": 7, "Computer": "evtx-PC", "UtcTime": "2022-04-04 11:19:57.787", "Provider": "Microsoft-Windows-Sysmon", "RuleName": "-", "ProcessGuid": "{e97d4e69-0000-0000-94a9-090000000000}", "ProcessId": "4820", "Image": "C:\\Program Files\\Google\\Update\\GoogleUpdate.exe", "ImageLoaded": "C:\\Windows\\System32\\oleaut32.dll", "FileVersion": "6.1.7600.16385", "Description": "-", "Product": "-", "Company": "Microsoft Corporation", "OriginalFileName": "-", "Hashes": "SHA1=74C5D7321C62B54E32DC23583E7D954395C3E0C8,MD5=FADBB267FE9846233ED486DE6EEAAEB9,SHA256=7F038884CA763BBEB6E2ACADB4B58DBC5EE9D6A4FDC6C59B5AC8556850E1468E,IMPHASH=977DA93A00C8C967C5054BCABD8A4EBC", "Signed": "true", "Signature": "Microsoft Windows", "SignatureStatus": "Valid", "_source_file": "data/baseline/win7-x86/Microsoft-Windows-Sysmon%4Operational.evtx"}, {"EventID": 7, "Computer": "evtx-PC", "UtcTime": "2022-04-04 11:19:57.564", "Provider": "Microsoft-Windows-Sysmon", "RuleName": "-", "ProcessGuid": "{e97d4e69-0000-0000-2ea5-090000000000}", "ProcessId": "4788", "Image": "C:\\Windows\\Microsoft.NET\\Framework\\v2.0.50727\\mscorsvw.exe", "ImageLoaded": "C:\\Windows\\System32\\oleaut32.dll", "FileVersion": "6.1.7600.16385", "Description": "-", "Product": "-", "Company": "Microsoft Corporation", "OriginalFileName": "-", "Hashes": "SHA1=74C5D7321C62B54E32DC23583E7D954395C3E0C8,MD5=FADBB267FE9846233ED486DE6EEAAEB9,SHA256=7F038884CA763BBEB6E2ACADB4B58DBC5EE9D6A4FDC6C59B5AC8556850E1468E,IMPHASH=977DA93A00C8C967C5054BCABD8A4EBC", "Signed": "true", "Signature": "Microsoft Windows", "SignatureStatus": "Valid", "_source_file": "data/baseline/win7-x86/Microsoft-Windows-Sysmon%4Operational.evtx"}, {"EventID": 7, "Computer": "evtx-PC", "UtcTime": "2022-04-04 11:19:58.107", "Provider": "Microsoft-Windows-Sysmon", "RuleName": "-", "ProcessGuid": "{e97d4e69-0000-0000-1dbe-090000000000}", "ProcessId": "4932", "Image": "C:\\Windows\\System32\\svchost.exe", "ImageLoaded": "C:\\Windows\\System32\\imm32.dll", "FileVersion": "6.1.7600.16385 (win7_rtm.090713-1255)", "Description": "Multi-User Windows IMM32 API Client DLL", "Product": "Microsoft\u00ae Windows\u00ae Operating System", "Company": "Microsoft Corporation", "OriginalFileName": "imm32", "Hashes": "SHA1=8F3BD67AD69E588CB126F236B4B46734A550AEAB,MD5=5DF8132ADF721329234403189FC94E16,SHA256=872029ECC33BBB3CA7100D4EF931E497CD4CB7F692CA4D4A2A3E145CB634130E,IMPHASH=E0BE0937BE9496A917197B024E47B8AA", "Signed": "true", "Signature": "Microsoft Windows", "SignatureStatus": "Valid", "_source_file": "data/baseline/win7-x86/Microsoft-Windows-Sysmon%4Operational.evtx"}, {"EventID": 7, "Computer": "evtx-PC", "UtcTime": "2022-04-04 11:19:57.968", "Provider": "Microsoft-Windows-Sysmon", "RuleName": "-", "ProcessGuid": "{e97d4e69-0000-0000-99ba-090000000000}", "ProcessId": "4892", "Image": "C:\\Windows\\System32\\sppsvc.exe", "ImageLoaded": "C:\\Windows\\System32\\imm32.dll", "FileVersion": "6.1.7600.16385 (win7_rtm.090713-1255)", "Description": "Multi-User Windows IMM32 API Client DLL", "Product": "Microsoft\u00ae Windows\u00ae Operating System", "Company": "Microsoft Corporation", "OriginalFileName": "imm32", "Hashes": "SHA1=8F3BD67AD69E588CB126F236B4B46734A550AEAB,MD5=5DF8132ADF721329234403189FC94E16,SHA256=872029ECC33BBB3CA7100D4EF931E497CD4CB7F692CA4D4A2A3E145CB634130E,IMPHASH=E0BE0937BE9496A917197B024E47B8AA", "Signed": "true", "Signature": "Microsoft Windows", "SignatureStatus": "Valid", "_source_file": "data/baseline/win7-x86/Microsoft-Windows-Sysmon%4Operational.evtx"}, {"EventID": 7, "Computer": "evtx-PC", "UtcTime": "2022-04-04 11:19:57.954", "Provider": "Microsoft-Windows-Sysmon", "RuleName": "-", "ProcessGuid": "{e97d4e69-0000-0000-a8b5-090000000000}", "ProcessId": "4872", "Image": "C:\\Program Files\\Google\\Update\\1.3.36.122\\GoogleCrashHandler.exe", "ImageLoaded": "C:\\Windows\\System32\\imm32.dll", "FileVersion": "6.1.7600.16385 (win7_rtm.090713-1255)", "Description": "Multi-User Windows IMM32 API Client DLL", "Product": "Microsoft\u00ae Windows\u00ae Operating System", "Company": "Microsoft Corporation", "OriginalFileName": "imm32", "Hashes": "SHA1=8F3BD67AD69E588CB126F236B4B46734A550AEAB,MD5=5DF8132ADF721329234403189FC94E16,SHA256=872029ECC33BBB3CA7100D4EF931E497CD4CB7F692CA4D4A2A3E145CB634130E,IMPHASH=E0BE0937BE9496A917197B024E47B8AA", "Signed": "true", "Signature": "Microsoft Windows", "SignatureStatus": "Valid", "_source_file": "data/baseline/win7-x86/Microsoft-Windows-Sysmon%4Operational.evtx"}, {"EventID": 7, "Computer": "evtx-PC", "UtcTime": "2022-04-04 11:19:57.857", "Provider": "Microsoft-Windows-Sysmon", "RuleName": "-", "ProcessGuid": "{e97d4e69-0000-0000-f5af-090000000000}", "ProcessId": "4848", "Image": "C:\\Program Files\\Google\\Update\\GoogleUpdate.exe", "ImageLoaded": "C:\\Windows\\System32\\imm32.dll", "FileVersion": "6.1.7600.16385 (win7_rtm.090713-1255)", "Description": "Multi-User Windows IMM32 API Client DLL", "Product": "Microsoft\u00ae Windows\u00ae Operating System", "Company": "Microsoft Corporation", "OriginalFileName": "imm32", "Hashes": "SHA1=8F3BD67AD69E588CB126F236B4B46734A550AEAB,MD5=5DF8132ADF721329234403189FC94E16,SHA256=872029ECC33BBB3CA7100D4EF931E497CD4CB7F692CA4D4A2A3E145CB634130E,IMPHASH=E0BE0937BE9496A917197B024E47B8AA", "Signed": "true", "Signature": "Microsoft Windows", "SignatureStatus": "Valid", "_source_file": "data/baseline/win7-x86/Microsoft-Windows-Sysmon%4Operational.evtx"}, {"EventID": 7, "Computer": "evtx-PC", "UtcTime": "2022-04-04 11:19:57.773", "Provider": "Microsoft-Windows-Sysmon", "RuleName": "-", "ProcessGuid": "{e97d4e69-0000-0000-94a9-090000000000}", "ProcessId": "4820", "Image": "C:\\Program Files\\Google\\Update\\GoogleUpdate.exe", "ImageLoaded": "C:\\Windows\\System32\\imm32.dll", "FileVersion": "6.1.7600.16385 (win7_rtm.090713-1255)", "Description": "Multi-User Windows IMM32 API Client DLL", "Product": "Microsoft\u00ae Windows\u00ae Operating System", "Company": "Microsoft Corporation", "OriginalFileName": "imm32", "Hashes": "SHA1=8F3BD67AD69E588CB126F236B4B46734A550AEAB,MD5=5DF8132ADF721329234403189FC94E16,SHA256=872029ECC33BBB3CA7100D4EF931E497CD4CB7F692CA4D4A2A3E145CB634130E,IMPHASH=E0BE0937BE9496A917197B024E47B8AA", "Signed": "true", "Signature": "Microsoft Windows", "SignatureStatus": "Valid", "_source_file": "data/baseline/win7-x86/Microsoft-Windows-Sysmon%4Operational.evtx"}, {"EventID": 7, "Computer": "evtx-PC", "UtcTime": "2022-04-04 11:19:57.564", "Provider": "Microsoft-Windows-Sysmon", "RuleName": "-", "ProcessGuid": "{e97d4e69-0000-0000-2ea5-090000000000}", "ProcessId": "4788", "Image": "C:\\Windows\\Microsoft.NET\\Framework\\v2.0.50727\\mscorsvw.exe", "ImageLoaded": "C:\\Windows\\System32\\imm32.dll", "FileVersion": "6.1.7600.16385 (win7_rtm.090713-1255)", "Description": "Multi-User Windows IMM32 API Client DLL", "Product": "Microsoft\u00ae Windows\u00ae Operating System", "Company": "Microsoft Corporation", "OriginalFileName": "imm32", "Hashes": "SHA1=8F3BD67AD69E588CB126F236B4B46734A550AEAB,MD5=5DF8132ADF721329234403189FC94E16,SHA256=872029ECC33BBB3CA7100D4EF931E497CD4CB7F692CA4D4A2A3E145CB634130E,IMPHASH=E0BE0937BE9496A917197B024E47B8AA", "Signed": "true", "Signature": "Microsoft Windows", "SignatureStatus": "Valid", "_source_file": "data/baseline/win7-x86/Microsoft-Windows-Sysmon%4Operational.evtx"}, {"EventID": 7, "Computer": "evtx-PC", "UtcTime": "2022-04-04 11:19:58.107", "Provider": "Microsoft-Windows-Sysmon", "RuleName": "-", "ProcessGuid": "{e97d4e69-0000-0000-1dbe-090000000000}", "ProcessId": "4932", "Image": "C:\\Windows\\System32\\svchost.exe", "ImageLoaded": "C:\\Windows\\System32\\msctf.dll", "FileVersion": "6.1.7600.16385 (win7_rtm.090713-1255)", "Description": "MSCTF Server DLL", "Product": "Microsoft\u00ae Windows\u00ae Operating System", "Company": "Microsoft Corporation", "OriginalFileName": "MSCTF.DLL", "Hashes": "SHA1=E3DC91726533F496DE2E120037534461CE080D0F,MD5=C9618BC9B2B0FD7C1138D8774795A79B,SHA256=0AC170669C2626519FA7A745C56BFBA6B83B8537488F5B9EB7BA72448E5E7A43,IMPHASH=E2192FA494B02675B3CBBAF733421007", "Signed": "true", "Signature": "Microsoft Windows", "SignatureStatus": "Valid", "_source_file": "data/baseline/win7-x86/Microsoft-Windows-Sysmon%4Operational.evtx"}, {"EventID": 7, "Computer": "evtx-PC", "UtcTime": "2022-04-04 11:19:57.968", "Provider": "Microsoft-Windows-Sysmon", "RuleName": "-", "ProcessGuid": "{e97d4e69-0000-0000-99ba-090000000000}", "ProcessId": "4892", "Image": "C:\\Windows\\System32\\sppsvc.exe", "ImageLoaded": "C:\\Windows\\System32\\msctf.dll", "FileVersion": "6.1.7600.16385 (win7_rtm.090713-1255)", "Description": "MSCTF Server DLL", "Product": "Microsoft\u00ae Windows\u00ae Operating System", "Company": "Microsoft Corporation", "OriginalFileName": "MSCTF.DLL", "Hashes": "SHA1=E3DC91726533F496DE2E120037534461CE080D0F,MD5=C9618BC9B2B0FD7C1138D8774795A79B,SHA256=0AC170669C2626519FA7A745C56BFBA6B83B8537488F5B9EB7BA72448E5E7A43,IMPHASH=E2192FA494B02675B3CBBAF733421007", "Signed": "true", "Signature": "Microsoft Windows", "SignatureStatus": "Valid", "_source_file": "data/baseline/win7-x86/Microsoft-Windows-Sysmon%4Operational.evtx"}, {"EventID": 7, "Computer": "evtx-PC", "UtcTime": "2022-04-04 11:19:57.954", "Provider": "Microsoft-Windows-Sysmon", "RuleName": "-", "ProcessGuid": "{e97d4e69-0000-0000-a8b5-090000000000}", "ProcessId": "4872", "Image": "C:\\Program Files\\Google\\Update\\1.3.36.122\\GoogleCrashHandler.exe", "ImageLoaded": "C:\\Windows\\System32\\msctf.dll", "FileVersion": "6.1.7600.16385 (win7_rtm.090713-1255)", "Description": "MSCTF Server DLL", "Product": "Microsoft\u00ae Windows\u00ae Operating System", "Company": "Microsoft Corporation", "OriginalFileName": "MSCTF.DLL", "Hashes": "SHA1=E3DC91726533F496DE2E120037534461CE080D0F,MD5=C9618BC9B2B0FD7C1138D8774795A79B,SHA256=0AC170669C2626519FA7A745C56BFBA6B83B8537488F5B9EB7BA72448E5E7A43,IMPHASH=E2192FA494B02675B3CBBAF733421007", "Signed": "true", "Signature": "Microsoft Windows", "SignatureStatus": "Valid", "_source_file": "data/baseline/win7-x86/Microsoft-Windows-Sysmon%4Operational.evtx"}, {"EventID": 7, "Computer": "evtx-PC", "UtcTime": "2022-04-04 11:19:57.857", "Provider": "Microsoft-Windows-Sysmon", "RuleName": "-", "ProcessGuid": "{e97d4e69-0000-0000-f5af-090000000000}", "ProcessId": "4848", "Image": "C:\\Program Files\\Google\\Update\\GoogleUpdate.exe", "ImageLoaded": "C:\\Windows\\System32\\msctf.dll", "FileVersion": "6.1.7600.16385 (win7_rtm.090713-1255)", "Description": "MSCTF Server DLL", "Product": "Microsoft\u00ae Windows\u00ae Operating System", "Company": "Microsoft Corporation", "OriginalFileName": "MSCTF.DLL", "Hashes": "SHA1=E3DC91726533F496DE2E120037534461CE080D0F,MD5=C9618BC9B2B0FD7C1138D8774795A79B,SHA256=0AC170669C2626519FA7A745C56BFBA6B83B8537488F5B9EB7BA72448E5E7A43,IMPHASH=E2192FA494B02675B3CBBAF733421007", "Signed": "true", "Signature": "Microsoft Windows", "SignatureStatus": "Valid", "_source_file": "data/baseline/win7-x86/Microsoft-Windows-Sysmon%4Operational.evtx"}, {"EventID": 7, "Computer": "evtx-PC", "UtcTime": "2022-04-04 11:19:57.773", "Provider": "Microsoft-Windows-Sysmon", "RuleName": "-", "ProcessGuid": "{e97d4e69-0000-0000-94a9-090000000000}", "ProcessId": "4820", "Image": "C:\\Program Files\\Google\\Update\\GoogleUpdate.exe", "ImageLoaded": "C:\\Windows\\System32\\msctf.dll", "FileVersion": "6.1.7600.16385 (win7_rtm.090713-1255)", "Description": "MSCTF Server DLL", "Product": "Microsoft\u00ae Windows\u00ae Operating System", "Company": "Microsoft Corporation", "OriginalFileName": "MSCTF.DLL", "Hashes": "SHA1=E3DC91726533F496DE2E120037534461CE080D0F,MD5=C9618BC9B2B0FD7C1138D8774795A79B,SHA256=0AC170669C2626519FA7A745C56BFBA6B83B8537488F5B9EB7BA72448E5E7A43,IMPHASH=E2192FA494B02675B3CBBAF733421007", "Signed": "true", "Signature": "Microsoft Windows", "SignatureStatus": "Valid", "_source_file": "data/baseline/win7-x86/Microsoft-Windows-Sysmon%4Operational.evtx"}, {"EventID": 7, "Computer": "evtx-PC", "UtcTime": "2022-04-04 11:19:57.564", "Provider": "Microsoft-Windows-Sysmon", "RuleName": "-", "ProcessGuid": "{e97d4e69-0000-0000-2ea5-090000000000}", "ProcessId": "4788", "Image": "C:\\Windows\\Microsoft.NET\\Framework\\v2.0.50727\\mscorsvw.exe", "ImageLoaded": "C:\\Windows\\System32\\msctf.dll", "FileVersion": "6.1.7600.16385 (win7_rtm.090713-1255)", "Description": "MSCTF Server DLL", "Product": "Microsoft\u00ae Windows\u00ae Operating System", "Company": "Microsoft Corporation", "OriginalFileName": "MSCTF.DLL", "Hashes": "SHA1=E3DC91726533F496DE2E120037534461CE080D0F,MD5=C9618BC9B2B0FD7C1138D8774795A79B,SHA256=0AC170669C2626519FA7A745C56BFBA6B83B8537488F5B9EB7BA72448E5E7A43,IMPHASH=E2192FA494B02675B3CBBAF733421007", "Signed": "true", "Signature": "Microsoft Windows", "SignatureStatus": "Valid", "_source_file": "data/baseline/win7-x86/Microsoft-Windows-Sysmon%4Operational.evtx"}, {"EventID": 7, "Computer": "evtx-PC", "UtcTime": "2022-04-04 11:19:57.578", "Provider": "Microsoft-Windows-Sysmon", "RuleName": "-", "ProcessGuid": "{e97d4e69-0000-0000-2ea5-090000000000}", "ProcessId": "4788", "Image": "C:\\Windows\\Microsoft.NET\\Framework\\v2.0.50727\\mscorsvw.exe", "ImageLoaded": "C:\\Windows\\Microsoft.NET\\Framework\\v2.0.50727\\mscorsvc.dll", "FileVersion": "2.0.50727.4927 (NetFXspW7.050727-4900)", "Description": ".NET Runtime Optimization Service", "Product": "Microsoft\u00ae .NET Framework", "Company": "Microsoft Corporation", "OriginalFileName": "mscorsvc.dll", "Hashes": "SHA1=41A6E5D195F113A8B1B6925EE4384DDD8F6C8D9F,MD5=2AE4FE7385AC0B2FB60D3674659E77B0,SHA256=56FE1BF522B37279358D733E66EF6C355E2B48B716BB889A80AEA0ED52E79181,IMPHASH=574002C126FC4140FBC4F857B28D1BC8", "Signed": "true", "Signature": "Microsoft Corporation", "SignatureStatus": "Valid", "_source_file": "data/baseline/win7-x86/Microsoft-Windows-Sysmon%4Operational.evtx"}, {"EventID": 7, "Computer": "evtx-PC", "UtcTime": "2022-04-04 11:19:58.163", "Provider": "Microsoft-Windows-Sysmon", "RuleName": "-", "ProcessGuid": "{e97d4e69-0000-0000-1dbe-090000000000}", "ProcessId": "4932", "Image": "C:\\Windows\\System32\\svchost.exe", "ImageLoaded": "C:\\Windows\\System32\\cryptbase.dll", "FileVersion": "6.1.7600.16385 (win7_rtm.090713-1255)", "Description": "Base cryptographic API DLL", "Product": "Microsoft\u00ae Windows\u00ae Operating System", "Company": "Microsoft Corporation", "OriginalFileName": "cryptbase.dll", "Hashes": "SHA1=D5FEFB6B6AB0591F28D878B2D05E301DDC7957AB,MD5=F08F6FCD09F9BE94C37ACC1B344685FF,SHA256=DE48D766258B46EFEAB16579421C4BD97ACC6883F782D00E9857F4A0CE7E8A34,IMPHASH=D2E9FBE1281894943D404810F65E96DB", "Signed": "true", "Signature": "Microsoft Windows", "SignatureStatus": "Valid", "_source_file": "data/baseline/win7-x86/Microsoft-Windows-Sysmon%4Operational.evtx"}, {"EventID": 7, "Computer": "evtx-PC", "UtcTime": "2022-04-04 11:19:57.968", "Provider": "Microsoft-Windows-Sysmon", "RuleName": "-", "ProcessGuid": "{e97d4e69-0000-0000-99ba-090000000000}", "ProcessId": "4892", "Image": "C:\\Windows\\System32\\sppsvc.exe", "ImageLoaded": "C:\\Windows\\System32\\cryptbase.dll", "FileVersion": "6.1.7600.16385 (win7_rtm.090713-1255)", "Description": "Base cryptographic API DLL", "Product": "Microsoft\u00ae Windows\u00ae Operating System", "Company": "Microsoft Corporation", "OriginalFileName": "cryptbase.dll", "Hashes": "SHA1=D5FEFB6B6AB0591F28D878B2D05E301DDC7957AB,MD5=F08F6FCD09F9BE94C37ACC1B344685FF,SHA256=DE48D766258B46EFEAB16579421C4BD97ACC6883F782D00E9857F4A0CE7E8A34,IMPHASH=D2E9FBE1281894943D404810F65E96DB", "Signed": "true", "Signature": "Microsoft Windows", "SignatureStatus": "Valid", "_source_file": "data/baseline/win7-x86/Microsoft-Windows-Sysmon%4Operational.evtx"}, {"EventID": 7, "Computer": "evtx-PC", "UtcTime": "2022-04-04 11:19:57.871", "Provider": "Microsoft-Windows-Sysmon", "RuleName": "-", "ProcessGuid": "{e97d4e69-0000-0000-f5af-090000000000}", "ProcessId": "4848", "Image": "C:\\Program Files\\Google\\Update\\GoogleUpdate.exe", "ImageLoaded": "C:\\Windows\\System32\\cryptbase.dll", "FileVersion": "6.1.7600.16385 (win7_rtm.090713-1255)", "Description": "Base cryptographic API DLL", "Product": "Microsoft\u00ae Windows\u00ae Operating System", "Company": "Microsoft Corporation", "OriginalFileName": "cryptbase.dll", "Hashes": "SHA1=D5FEFB6B6AB0591F28D878B2D05E301DDC7957AB,MD5=F08F6FCD09F9BE94C37ACC1B344685FF,SHA256=DE48D766258B46EFEAB16579421C4BD97ACC6883F782D00E9857F4A0CE7E8A34,IMPHASH=D2E9FBE1281894943D404810F65E96DB", "Signed": "true", "Signature": "Microsoft Windows", "SignatureStatus": "Valid", "_source_file": "data/baseline/win7-x86/Microsoft-Windows-Sysmon%4Operational.evtx"}, {"EventID": 7, "Computer": "evtx-PC", "UtcTime": "2022-04-04 11:19:57.857", "Provider": "Microsoft-Windows-Sysmon", "RuleName": "-", "ProcessGuid": "{e97d4e69-0000-0000-94a9-090000000000}", "ProcessId": "4820", "Image": "C:\\Program Files\\Google\\Update\\GoogleUpdate.exe", "ImageLoaded": "C:\\Windows\\System32\\cryptbase.dll", "FileVersion": "6.1.7600.16385 (win7_rtm.090713-1255)", "Description": "Base cryptographic API DLL", "Product": "Microsoft\u00ae Windows\u00ae Operating System", "Company": "Microsoft Corporation", "OriginalFileName": "cryptbase.dll", "Hashes": "SHA1=D5FEFB6B6AB0591F28D878B2D05E301DDC7957AB,MD5=F08F6FCD09F9BE94C37ACC1B344685FF,SHA256=DE48D766258B46EFEAB16579421C4BD97ACC6883F782D00E9857F4A0CE7E8A34,IMPHASH=D2E9FBE1281894943D404810F65E96DB", "Signed": "true", "Signature": "Microsoft Windows", "SignatureStatus": "Valid", "_source_file": "data/baseline/win7-x86/Microsoft-Windows-Sysmon%4Operational.evtx"}, {"EventID": 7, "Computer": "evtx-PC", "UtcTime": "2022-04-04 11:19:57.578", "Provider": "Microsoft-Windows-Sysmon", "RuleName": "-", "ProcessGuid": "{e97d4e69-0000-0000-2ea5-090000000000}", "ProcessId": "4788", "Image": "C:\\Windows\\Microsoft.NET\\Framework\\v2.0.50727\\mscorsvw.exe", "ImageLoaded": "C:\\Windows\\System32\\cryptbase.dll", "FileVersion": "6.1.7600.16385 (win7_rtm.090713-1255)", "Description": "Base cryptographic API DLL", "Product": "Microsoft\u00ae Windows\u00ae Operating System", "Company": "Microsoft Corporation", "OriginalFileName": "cryptbase.dll", "Hashes": "SHA1=D5FEFB6B6AB0591F28D878B2D05E301DDC7957AB,MD5=F08F6FCD09F9BE94C37ACC1B344685FF,SHA256=DE48D766258B46EFEAB16579421C4BD97ACC6883F782D00E9857F4A0CE7E8A34,IMPHASH=D2E9FBE1281894943D404810F65E96DB", "Signed": "true", "Signature": "Microsoft Windows", "SignatureStatus": "Valid", "_source_file": "data/baseline/win7-x86/Microsoft-Windows-Sysmon%4Operational.evtx"}, {"EventID": 12, "Computer": "evtx-PC", "UtcTime": "2022-04-04 11:20:01.685", "Provider": "Microsoft-Windows-Sysmon", "RuleName": "-", "EventType": "CreateKey", "ProcessGuid": "{e97d4e69-0000-0000-e1c9-000000000000}", "ProcessId": "1136", "Image": "C:\\Windows\\system32\\svchost.exe", "TargetObject": "HKLM\\System\\CurrentControlSet\\services\\Tcpip\\Parameters", "_source_file": "data/baseline/win7-x86/Microsoft-Windows-Sysmon%4Operational.evtx"}, {"EventID": 12, "Computer": "evtx-PC", "UtcTime": "2022-04-04 11:20:03.286", "Provider": "Microsoft-Windows-Sysmon", "RuleName": "-", "EventType": "CreateKey", "ProcessGuid": "{e97d4e69-0000-0000-2ea5-090000000000}", "ProcessId": "4788", "Image": "C:\\Windows\\Microsoft.NET\\Framework\\v2.0.50727\\mscorsvw.exe", "TargetObject": "HKLM\\SOFTWARE\\Microsoft\\.NETFramework", "_source_file": "data/baseline/win7-x86/Microsoft-Windows-Sysmon%4Operational.evtx"}, {"EventID": 11, "Computer": "evtx-PC", "UtcTime": "2022-04-04 11:20:03.286", "Provider": "Microsoft-Windows-Sysmon", "RuleName": "-", "ProcessGuid": "{e97d4e69-0000-0000-2ea5-090000000000}", "ProcessId": "4788", "Image": "C:\\Windows\\Microsoft.NET\\Framework\\v2.0.50727\\mscorsvw.exe", "TargetFilename": "C:\\Windows\\Microsoft.NET\\Framework\\v2.0.50727\\ngenrootstorelock.dat", "CreationUtcTime": "2022-04-04 11:20:03.286", "_source_file": "data/baseline/win7-x86/Microsoft-Windows-Sysmon%4Operational.evtx"}, {"EventID": 12, "Computer": "evtx-PC", "UtcTime": "2022-04-04 11:20:03.286", "Provider": "Microsoft-Windows-Sysmon", "RuleName": "-", "EventType": "CreateKey", "ProcessGuid": "{e97d4e69-0000-0000-2ea5-090000000000}", "ProcessId": "4788", "Image": "C:\\Windows\\Microsoft.NET\\Framework\\v2.0.50727\\mscorsvw.exe", "TargetObject": "HKLM\\SOFTWARE\\Microsoft\\.NETFramework\\v2.0.50727", "_source_file": "data/baseline/win7-x86/Microsoft-Windows-Sysmon%4Operational.evtx"}, {"EventID": 12, "Computer": "evtx-PC", "UtcTime": "2022-04-04 11:20:03.300", "Provider": "Microsoft-Windows-Sysmon", "RuleName": "-", "EventType": "CreateKey", "ProcessGuid": "{e97d4e69-0000-0000-2ea5-090000000000}", "ProcessId": "4788", "Image": "C:\\Windows\\Microsoft.NET\\Framework\\v2.0.50727\\mscorsvw.exe", "TargetObject": "HKLM\\SOFTWARE\\Microsoft\\.NETFramework\\v2.0.50727", "_source_file": "data/baseline/win7-x86/Microsoft-Windows-Sysmon%4Operational.evtx"}, {"EventID": 12, "Computer": "evtx-PC", "UtcTime": "2022-04-04 11:20:03.690", "Provider": "Microsoft-Windows-Sysmon", "RuleName": "-", "EventType": "CreateKey", "ProcessGuid": "{e97d4e69-0000-0000-e1c9-000000000000}", "ProcessId": "1136", "Image": "C:\\Windows\\system32\\svchost.exe", "TargetObject": "HKLM\\System\\CurrentControlSet\\services\\Tcpip\\Parameters", "_source_file": "data/baseline/win7-x86/Microsoft-Windows-Sysmon%4Operational.evtx"}, {"EventID": 12, "Computer": "evtx-PC", "UtcTime": "2022-04-04 11:20:03.690", "Provider": "Microsoft-Windows-Sysmon", "RuleName": "-", "EventType": "DeleteValue", "ProcessGuid": "{e97d4e69-0000-0000-1bad-000000000000}", "ProcessId": "892", "Image": "C:\\Windows\\System32\\svchost.exe", "TargetObject": "HKLM\\System\\CurrentControlSet\\services\\Tcpip\\Parameters\\DhcpNameServer", "_source_file": "data/baseline/win7-x86/Microsoft-Windows-Sysmon%4Operational.evtx"}, {"EventID": 12, "Computer": "evtx-PC", "UtcTime": "2022-04-04 11:20:03.690", "Provider": "Microsoft-Windows-Sysmon", "RuleName": "-", "EventType": "DeleteValue", "ProcessGuid": "{e97d4e69-0000-0000-1bad-000000000000}", "ProcessId": "892", "Image": "C:\\Windows\\System32\\svchost.exe", "TargetObject": "HKLM\\System\\CurrentControlSet\\services\\Tcpip\\Parameters\\Interfaces\\{9BCE9B64-EB8D-42C2-A400-592576E08DAA}\\DhcpNameServer", "_source_file": "data/baseline/win7-x86/Microsoft-Windows-Sysmon%4Operational.evtx"}, {"EventID": 12, "Computer": "evtx-PC", "UtcTime": "2022-04-04 11:20:03.690", "Provider": "Microsoft-Windows-Sysmon", "RuleName": "-", "EventType": "DeleteValue", "ProcessGuid": "{e97d4e69-0000-0000-1bad-000000000000}", "ProcessId": "892", "Image": "C:\\Windows\\System32\\svchost.exe", "TargetObject": "HKLM\\System\\CurrentControlSet\\services\\Tcpip\\Parameters\\DhcpDomain", "_source_file": "data/baseline/win7-x86/Microsoft-Windows-Sysmon%4Operational.evtx"}, {"EventID": 12, "Computer": "evtx-PC", "UtcTime": "2022-04-04 11:20:03.690", "Provider": "Microsoft-Windows-Sysmon", "RuleName": "-", "EventType": "DeleteValue", "ProcessGuid": "{e97d4e69-0000-0000-1bad-000000000000}", "ProcessId": "892", "Image": "C:\\Windows\\System32\\svchost.exe", "TargetObject": "HKLM\\System\\CurrentControlSet\\services\\Tcpip\\Parameters\\Interfaces\\{9BCE9B64-EB8D-42C2-A400-592576E08DAA}\\DhcpDomain", "_source_file": "data/baseline/win7-x86/Microsoft-Windows-Sysmon%4Operational.evtx"}, {"EventID": 12, "Computer": "evtx-PC", "UtcTime": "2022-04-04 11:20:03.690", "Provider": "Microsoft-Windows-Sysmon", "RuleName": "-", "EventType": "DeleteValue", "ProcessGuid": "{e97d4e69-0000-0000-1bad-000000000000}", "ProcessId": "892", "Image": "C:\\Windows\\System32\\svchost.exe", "TargetObject": "HKLM\\System\\CurrentControlSet\\services\\Tcpip\\Parameters\\Interfaces\\{9BCE9B64-EB8D-42C2-A400-592576E08DAA}\\DhcpSubnetMaskOpt", "_source_file": "data/baseline/win7-x86/Microsoft-Windows-Sysmon%4Operational.evtx"}, {"EventID": 12, "Computer": "evtx-PC", "UtcTime": "2022-04-04 11:20:03.690", "Provider": "Microsoft-Windows-Sysmon", "RuleName": "-", "EventType": "DeleteValue", "ProcessGuid": "{e97d4e69-0000-0000-1bad-000000000000}", "ProcessId": "892", "Image": "C:\\Windows\\System32\\svchost.exe", "TargetObject": "HKLM\\System\\CurrentControlSet\\services\\Tcpip\\Parameters\\Interfaces\\{9BCE9B64-EB8D-42C2-A400-592576E08DAA}\\DhcpDefaultGateway", "_source_file": "data/baseline/win7-x86/Microsoft-Windows-Sysmon%4Operational.evtx"}, {"EventID": 13, "Computer": "evtx-PC", "UtcTime": "2022-04-04 11:20:03.690", "Provider": "Microsoft-Windows-Sysmon", "RuleName": "-", "EventType": "SetValue", "ProcessGuid": "{e97d4e69-0000-0000-1bad-000000000000}", "ProcessId": "892", "Image": "C:\\Windows\\System32\\svchost.exe", "TargetObject": "HKLM\\System\\CurrentControlSet\\services\\Tcpip\\Parameters\\DhcpDomain", "Details": "home", "_source_file": "data/baseline/win7-x86/Microsoft-Windows-Sysmon%4Operational.evtx"}, {"EventID": 13, "Computer": "evtx-PC", "UtcTime": "2022-04-04 11:20:03.690", "Provider": "Microsoft-Windows-Sysmon", "RuleName": "-", "EventType": "SetValue", "ProcessGuid": "{e97d4e69-0000-0000-1bad-000000000000}", "ProcessId": "892", "Image": "C:\\Windows\\System32\\svchost.exe", "TargetObject": "HKLM\\System\\CurrentControlSet\\services\\Tcpip\\Parameters\\Interfaces\\{9BCE9B64-EB8D-42C2-A400-592576E08DAA}\\DhcpDomain", "Details": "home", "_source_file": "data/baseline/win7-x86/Microsoft-Windows-Sysmon%4Operational.evtx"}, {"EventID": 13, "Computer": "evtx-PC", "UtcTime": "2022-04-04 11:20:03.690", "Provider": "Microsoft-Windows-Sysmon", "RuleName": "-", "EventType": "SetValue", "ProcessGuid": "{e97d4e69-0000-0000-1bad-000000000000}", "ProcessId": "892", "Image": "C:\\Windows\\System32\\svchost.exe", "TargetObject": "HKLM\\System\\CurrentControlSet\\services\\Tcpip\\Parameters\\DhcpNameServer", "Details": "10.0.2.3", "_source_file": "data/baseline/win7-x86/Microsoft-Windows-Sysmon%4Operational.evtx"}, {"EventID": 13, "Computer": "evtx-PC", "UtcTime": "2022-04-04 11:20:03.690", "Provider": "Microsoft-Windows-Sysmon", "RuleName": "-", "EventType": "SetValue", "ProcessGuid": "{e97d4e69-0000-0000-1bad-000000000000}", "ProcessId": "892", "Image": "C:\\Windows\\System32\\svchost.exe", "TargetObject": "HKLM\\System\\CurrentControlSet\\services\\Tcpip\\Parameters\\Interfaces\\{9BCE9B64-EB8D-42C2-A400-592576E08DAA}\\DhcpNameServer", "Details": "10.0.2.3", "_source_file": "data/baseline/win7-x86/Microsoft-Windows-Sysmon%4Operational.evtx"}, {"EventID": 13, "Computer": "evtx-PC", "UtcTime": "2022-04-04 11:20:03.690", "Provider": "Microsoft-Windows-Sysmon", "RuleName": "-", "EventType": "SetValue", "ProcessGuid": "{e97d4e69-0000-0000-1bad-000000000000}", "ProcessId": "892", "Image": "C:\\Windows\\System32\\svchost.exe", "TargetObject": "HKLM\\System\\CurrentControlSet\\services\\Tcpip\\Parameters\\Interfaces\\{9BCE9B64-EB8D-42C2-A400-592576E08DAA}\\DhcpDefaultGateway", "Details": "Binary Data", "_source_file": "data/baseline/win7-x86/Microsoft-Windows-Sysmon%4Operational.evtx"}, {"EventID": 13, "Computer": "evtx-PC", "UtcTime": "2022-04-04 11:20:03.690", "Provider": "Microsoft-Windows-Sysmon", "RuleName": "-", "EventType": "SetValue", "ProcessGuid": "{e97d4e69-0000-0000-1bad-000000000000}", "ProcessId": "892", "Image": "C:\\Windows\\System32\\svchost.exe", "TargetObject": "HKLM\\System\\CurrentControlSet\\services\\Tcpip\\Parameters\\Interfaces\\{9BCE9B64-EB8D-42C2-A400-592576E08DAA}\\DhcpSubnetMaskOpt", "Details": "Binary Data", "_source_file": "data/baseline/win7-x86/Microsoft-Windows-Sysmon%4Operational.evtx"}, {"EventID": 13, "Computer": "evtx-PC", "UtcTime": "2022-04-04 11:20:03.690", "Provider": "Microsoft-Windows-Sysmon", "RuleName": "-", "EventType": "SetValue", "ProcessGuid": "{e97d4e69-0000-0000-1bad-000000000000}", "ProcessId": "892", "Image": "C:\\Windows\\System32\\svchost.exe", "TargetObject": "HKLM\\System\\CurrentControlSet\\services\\Tcpip\\Parameters\\Interfaces\\{9BCE9B64-EB8D-42C2-A400-592576E08DAA}\\DhcpInterfaceOptions", "Details": "Binary Data", "_source_file": "data/baseline/win7-x86/Microsoft-Windows-Sysmon%4Operational.evtx"}, {"EventID": 11, "Computer": "evtx-PC", "UtcTime": "2022-04-04 11:20:05.723", "Provider": "Microsoft-Windows-Sysmon", "RuleName": "-", "ProcessGuid": "{e97d4e69-0000-0000-9170-030000000000}", "ProcessId": "3668", "Image": "C:\\Windows\\Sysmon.exe", "TargetFilename": "C:\\Windows\\System32\\config\\systemprofile\\AppData\\LocalLow\\Microsoft\\CryptnetUrlCache\\MetaData\\EE44ECA143B76F2B9F2A5AA75B5D1EC6_847118BE2683F0C241D1D702F3A3F5F9", "CreationUtcTime": "2022-04-04 11:20:05.723", "_source_file": "data/baseline/win7-x86/Microsoft-Windows-Sysmon%4Operational.evtx"}, {"EventID": 11, "Computer": "evtx-PC", "UtcTime": "2022-04-04 11:20:05.723", "Provider": "Microsoft-Windows-Sysmon", "RuleName": "-", "ProcessGuid": "{e97d4e69-0000-0000-9170-030000000000}", "ProcessId": "3668", "Image": "C:\\Windows\\Sysmon.exe", "TargetFilename": "C:\\Windows\\System32\\config\\systemprofile\\AppData\\LocalLow\\Microsoft\\CryptnetUrlCache\\Content\\EE44ECA143B76F2B9F2A5AA75B5D1EC6_847118BE2683F0C241D1D702F3A3F5F9", "CreationUtcTime": "2022-04-04 11:20:05.723", "_source_file": "data/baseline/win7-x86/Microsoft-Windows-Sysmon%4Operational.evtx"}, {"EventID": 12, "Computer": "evtx-PC", "UtcTime": "2022-04-04 11:20:05.738", "Provider": "Microsoft-Windows-Sysmon", "RuleName": "-", "EventType": "CreateKey", "ProcessGuid": "{e97d4e69-0000-0000-e1c9-000000000000}", "ProcessId": "1136", "Image": "C:\\Windows\\system32\\svchost.exe", "TargetObject": "HKLM\\System\\CurrentControlSet\\services\\Tcpip\\Parameters", "_source_file": "data/baseline/win7-x86/Microsoft-Windows-Sysmon%4Operational.evtx"}, {"EventID": 7, "Computer": "evtx-PC", "UtcTime": "2022-04-04 11:20:06.029", "Provider": "Microsoft-Windows-Sysmon", "RuleName": "-", "ProcessGuid": "{e97d4e69-0000-0000-f682-010000000000}", "ProcessId": "1272", "Image": "C:\\Windows\\explorer.exe", "ImageLoaded": "C:\\Windows\\System32\\wscui.cpl", "FileVersion": "6.1.7600.16385 (win7_rtm.090713-1255)", "Description": "Action Center", "Product": "Microsoft\u00ae Windows\u00ae Operating System", "Company": "Microsoft Corporation", "OriginalFileName": "wscui.cpl", "Hashes": "SHA1=0E18DC8E895E25993AE74CCE31A0B5D719CC5440,MD5=7FD5532C142DB6C9CC47AA4DCF71FDEC,SHA256=16BBC7ABBEC24B66A4824D8A4FFDB76A488E6F07182103F5292A3033542BF77A,IMPHASH=8F2F7BDE23667EDCE7DE047C5C329E88", "Signed": "true", "Signature": "Microsoft Windows", "SignatureStatus": "Valid", "_source_file": "data/baseline/win7-x86/Microsoft-Windows-Sysmon%4Operational.evtx"}, {"EventID": 12, "Computer": "evtx-PC", "UtcTime": "2022-04-04 11:20:06.029", "Provider": "Microsoft-Windows-Sysmon", "RuleName": "-", "EventType": "CreateKey", "ProcessGuid": "{e97d4e69-0000-0000-1bad-000000000000}", "ProcessId": "892", "Image": "C:\\Windows\\System32\\svchost.exe", "TargetObject": "HKLM\\SOFTWARE\\Microsoft\\Windows\\CurrentVersion\\Policies\\System", "_source_file": "data/baseline/win7-x86/Microsoft-Windows-Sysmon%4Operational.evtx"}, {"EventID": 12, "Computer": "evtx-PC", "UtcTime": "2022-04-04 11:20:06.029", "Provider": "Microsoft-Windows-Sysmon", "RuleName": "-", "EventType": "CreateKey", "ProcessGuid": "{e97d4e69-0000-0000-1bad-000000000000}", "ProcessId": "892", "Image": "C:\\Windows\\System32\\svchost.exe", "TargetObject": "HKLM\\SOFTWARE\\Microsoft\\Windows\\CurrentVersion\\Policies\\System", "_source_file": "data/baseline/win7-x86/Microsoft-Windows-Sysmon%4Operational.evtx"}, 