{"EventID": 7, "Computer": "evtx-PC", "UtcTime": "2022-04-04 11:19:52.481", "Provider": "Microsoft-Windows-Sysmon", "RuleName": "-", "ProcessGuid": "{e97d4e69-0000-0000-1bad-000000000000}", "ProcessId": "892", "Image": "C:\\Windows\\System32\\svchost.exe", "ImageLoaded": "C:\\Program Files\\Common Files\\microsoft shared\\ink\\mshwLatin.dll", "FileVersion": "6.1.7600.16385 (win7_rtm.090713-1255)", "Description": "Microsoft Generic Latin Handwriting Recognizer", "Product": "Microsoft\u00ae Windows\u00ae Operating System", "Company": "Microsoft Corporation", "OriginalFileName": "MSHWLATIN.DLL", "Hashes": "SHA1=C9278AFCD718367D78A4A9AC2DCDEF5CDF3E78E7,MD5=73C00BAEC69E7B86D72998B3BBB45745,SHA256=4E9853589B3B506AFD601F7A056A008A893D0EEEEB3F2EB484F4E274BBA50BAC,IMPHASH=76530762B4FA9749EDCBE1434CDFE96E", "Signed": "true", "Signature": "Microsoft Windows", "SignatureStatus": "Valid", "_source_file": "data/baseline/win7-x86/Microsoft-Windows-Sysmon%4Operational.evtx"}, {"EventID": 7, "Computer": "evtx-PC", "UtcTime": "2022-04-04 11:19:52.481", "Provider": "Microsoft-Windows-Sysmon", "RuleName": "-", "ProcessGuid": "{e97d4e69-0000-0000-1bad-000000000000}", "ProcessId": "892", "Image": "C:\\Windows\\System32\\svchost.exe", "ImageLoaded": "C:\\Windows\\System32\\perfdisk.dll", "FileVersion": "6.1.7600.16385 (win7_rtm.090713-1255)", "Description": "Windows Disk Performance Objects DLL", "Product": "Microsoft\u00ae Windows\u00ae Operating System", "Company": "Microsoft Corporation", "OriginalFileName": "PERFDISK.DLL", "Hashes": "SHA1=1857D6ABA9FAA39E7B1EF3C4AA287BEDA15418F7,MD5=B92E9318F7E4AEF633B8EC3A873565AF,SHA256=DA378AE1283B941B4251B7DD37FB21F37F7282750D94900D96EE413ADD316883,IMPHASH=726FD57FC36AE566EA558DD0E140FA7C", "Signed": "true", "Signature": "Microsoft Windows", "SignatureStatus": "Valid", "_source_file": "data/baseline/win7-x86/Microsoft-Windows-Sysmon%4Operational.evtx"}, {"EventID": 7, "Computer": "evtx-PC", "UtcTime": "2022-04-04 11:19:52.497", "Provider": "Microsoft-Windows-Sysmon", "RuleName": "-", "ProcessGuid": "{e97d4e69-0000-0000-1bad-000000000000}", "ProcessId": "892", "Image": "C:\\Windows\\System32\\svchost.exe", "ImageLoaded": "C:\\Windows\\System32\\AxInstSv.dll", "FileVersion": "6.1.7600.16385 (win7_rtm.090713-1255)", "Description": "ActiveX Installer Service", "Product": "Microsoft\u00ae Windows\u00ae Operating System", "Company": "Microsoft Corporation", "OriginalFileName": "AxInstSv.dll", "Hashes": "SHA1=1A17208F3B5637610B65472493876D1A5C632DCE,MD5=DD6A431B43E34B91A767D1CE33728175,SHA256=8BFF6474C9DFBEC96FA7B2789EF9B17C7910B52DBCF70CDA1F0C698CFA5EFB6E,IMPHASH=70039F4409273ABA3660394F42D06161", "Signed": "true", "Signature": "Microsoft Windows", "SignatureStatus": "Valid", "_source_file": "data/baseline/win7-x86/Microsoft-Windows-Sysmon%4Operational.evtx"}, {"EventID": 7, "Computer": "evtx-PC", "UtcTime": "2022-04-04 11:19:52.497", "Provider": "Microsoft-Windows-Sysmon", "RuleName": "-", "ProcessGuid": "{e97d4e69-0000-0000-1bad-000000000000}", "ProcessId": "892", "Image": "C:\\Windows\\System32\\svchost.exe", "ImageLoaded": "C:\\Windows\\servicing\\CbsMsg.dll", "FileVersion": "6.1.7600.16385 (win7_rtm.090713-1255)", "Description": "Component Based Servicing Message DLL", "Product": "Microsoft\u00ae Windows\u00ae Operating System", "Company": "Microsoft Corporation", "OriginalFileName": "cbsmsg.dll", "Hashes": "SHA1=3206C942D0BEF1B83E3D3FFBEBE703151C5DB8D0,MD5=A36E64D0703C7CB9724C102CA89488D4,SHA256=F1450FC237B1C025DB1C6DB583ACE7E39AC4887C07CC9F5D27B77C84A79D095B,IMPHASH=D8A61596B44981E55A53FEC673BBC36B", "Signed": "true", "Signature": "Microsoft Windows", "SignatureStatus": "Valid", "_source_file": "data/baseline/win7-x86/Microsoft-Windows-Sysmon%4Operational.evtx"}, {"EventID": 7, "Computer": "evtx-PC", "UtcTime": "2022-04-04 11:19:52.528", "Provider": "Microsoft-Windows-Sysmon", "RuleName": "-", "ProcessGuid": "{e97d4e69-0000-0000-1bad-000000000000}", "ProcessId": "892", "Image": "C:\\Windows\\System32\\svchost.exe", "ImageLoaded": "C:\\Windows\\System32\\dwmcore.dll", "FileVersion": "6.1.7600.16385 (win7_rtm.090713-1255)", "Description": "Microsoft DWM Core Library", "Product": "Microsoft\u00ae Windows\u00ae Operating System", "Company": "Microsoft Corporation", "OriginalFileName": "dwmcore", "Hashes": "SHA1=7B37E6B89706DAD728A0DB4E3DF7BADDF80FCBA5,MD5=60CC965A89E2072EBD26D63D5E1E1D18,SHA256=191F59B72A411C01BC5F563A8B62CF9231D883EC3A8FEF9F45395C91F1148E31,IMPHASH=63CCCDD3CE6765DF49C0252B9EB5A2B2", "Signed": "true", "Signature": "Microsoft Windows", "SignatureStatus": "Valid", "_source_file": "data/baseline/win7-x86/Microsoft-Windows-Sysmon%4Operational.evtx"}, {"EventID": 7, "Computer": "evtx-PC", "UtcTime": "2022-04-04 11:19:52.543", "Provider": "Microsoft-Windows-Sysmon", "RuleName": "-", "ProcessGuid": "{e97d4e69-0000-0000-1bad-000000000000}", "ProcessId": "892", "Image": "C:\\Windows\\System32\\svchost.exe", "ImageLoaded": "C:\\Windows\\System32\\drivers\\Classpnp.sys", "FileVersion": "6.1.7600.16385 (win7_rtm.090713-1255)", "Description": "SCSI Class System Dll", "Product": "Microsoft\u00ae Windows\u00ae Operating System", "Company": "Microsoft Corporation", "OriginalFileName": "Classpnp.sys", "Hashes": "SHA1=29C56BCD2DA2CBF0367B60478F45D3710ADB1BF9,MD5=A6388A5ABF92C7927C085DB0A958125F,SHA256=E593F1420DFFD38D97DA0232C82F00D18791FD942F772CCBD41642685549C811,IMPHASH=169D00CF890E7C411F11E80652362770", "Signed": "true", "Signature": "Microsoft Windows", "SignatureStatus": "Valid", "_source_file": "data/baseline/win7-x86/Microsoft-Windows-Sysmon%4Operational.evtx"}, {"EventID": 7, "Computer": "evtx-PC", "UtcTime": "2022-04-04 11:19:52.543", "Provider": "Microsoft-Windows-Sysmon", "RuleName": "-", "ProcessGuid": "{e97d4e69-0000-0000-1bad-000000000000}", "ProcessId": "892", "Image": "C:\\Windows\\System32\\svchost.exe", "ImageLoaded": "C:\\Windows\\System32\\iphlpsvc.dll", "FileVersion": "6.1.7600.16385 (win7_rtm.090713-1255)", "Description": "Service that offers IPv6 connectivity over an IPv4 network.", "Product": "Microsoft\u00ae Windows\u00ae Operating System", "Company": "Microsoft Corporation", "OriginalFileName": "iphlpsvc.dll", "Hashes": "SHA1=DA5A8AE97908C7AE88877DE89EC72B67B5C132D5,MD5=477397B432A256A50EE7E4339EB9EA14,SHA256=3722938E69D16962F773F39669E9B90279DC9527BBC63564B33C89DAFD283497,IMPHASH=5CDB49A0334146840EF8F6ABB51055C4", "Signed": "true", "Signature": "Microsoft Windows", "SignatureStatus": "Valid", "_source_file": "data/baseline/win7-x86/Microsoft-Windows-Sysmon%4Operational.evtx"}, {"EventID": 7, "Computer": "evtx-PC", "UtcTime": "2022-04-04 11:19:52.543", "Provider": "Microsoft-Windows-Sysmon", "RuleName": "-", "ProcessGuid": "{e97d4e69-0000-0000-1bad-000000000000}", "ProcessId": "892", "Image": "C:\\Windows\\System32\\svchost.exe", "ImageLoaded": "C:\\Windows\\System32\\BFE.DLL", "FileVersion": "6.1.7600.16385 (win7_rtm.090713-1255)", "Description": "Base Filtering Engine", "Product": "Microsoft\u00ae Windows\u00ae Operating System", "Company": "Microsoft Corporation", "OriginalFileName": "BFE.DLL", "Hashes": "SHA1=D21C13352E04E2023E0830642194A5B210F34FBB,MD5=85AC71C045CEB054ED48A7841AAE0C11,SHA256=BA0C0CC50E5C49838116AC9A12A7CF1A683601FD08D3CF6EC06620C51C0806FF,IMPHASH=127FBCBAE6A2D0351B336AB644951631", "Signed": "true", "Signature": "Microsoft Windows", "SignatureStatus": "Valid", "_source_file": "data/baseline/win7-x86/Microsoft-Windows-Sysmon%4Operational.evtx"}, {"EventID": 7, "Computer": "evtx-PC", "UtcTime": "2022-04-04 11:19:52.528", "Provider": "Microsoft-Windows-Sysmon", "RuleName": "-", "ProcessGuid": "{e97d4e69-0000-0000-1bad-000000000000}", "ProcessId": "892", "Image": "C:\\Windows\\System32\\svchost.exe", "ImageLoaded": "C:\\Windows\\System32\\xwizards.dll", "FileVersion": "6.1.7600.16385 (win7_rtm.090713-1255)", "Description": "Extensible Wizards Manager Module", "Product": "Microsoft\u00ae Windows\u00ae Operating System", "Company": "Microsoft Corporation", "OriginalFileName": "xwizards.dll", "Hashes": "SHA1=361117D8F85C87D6BC99663C515032659A31A9A2,MD5=93A690B9DCDE48B64DE7A87AAC2CC9BC,SHA256=5E93A60CC895B32548358186C8FF1118F6099D055CE506F29AC6FBF761CC2019,IMPHASH=29F76F1BD15FFCE3C6E1B1CE34FCE858", "Signed": "true", "Signature": "Microsoft Windows", "SignatureStatus": "Valid", "_source_file": "data/baseline/win7-x86/Microsoft-Windows-Sysmon%4Operational.evtx"}, {"EventID": 7, "Computer": "evtx-PC", "UtcTime": "2022-04-04 11:19:52.543", "Provider": "Microsoft-Windows-Sysmon", "RuleName": "-", "ProcessGuid": "{e97d4e69-0000-0000-1bad-000000000000}", "ProcessId": "892", "Image": "C:\\Windows\\System32\\svchost.exe", "ImageLoaded": "C:\\Windows\\System32\\MPSSVC.dll", "FileVersion": "6.1.7600.16385 (win7_rtm.090713-1255)", "Description": "Microsoft Protection Service", "Product": "Microsoft\u00ae Windows\u00ae Operating System", "Company": "Microsoft Corporation", "OriginalFileName": "mpssvc.dll", "Hashes": "SHA1=CF57000F0171A8A47AAC69C7434C5B27D16A364A,MD5=5CD996CECF45CBC3E8D109C86B82D69E,SHA256=ABE40DA4DA555D3D5054BE28BF82E775D90DCB9E31409DC95FABF2F016B17700,IMPHASH=E5C12753FA04C91B3B5003971F6E32BB", "Signed": "true", "Signature": "Microsoft Windows", "SignatureStatus": "Valid", "_source_file": "data/baseline/win7-x86/Microsoft-Windows-Sysmon%4Operational.evtx"}, {"EventID": 7, "Computer": "evtx-PC", "UtcTime": "2022-04-04 11:19:52.528", "Provider": "Microsoft-Windows-Sysmon", "RuleName": "-", "ProcessGuid": "{e97d4e69-0000-0000-1bad-000000000000}", "ProcessId": "892", "Image": "C:\\Windows\\System32\\svchost.exe", "ImageLoaded": "C:\\Windows\\System32\\qwave.dll", "FileVersion": "6.1.7600.16385 (win7_rtm.090713-1255)", "Description": "Windows NT", "Product": "Microsoft\u00ae Windows\u00ae Operating System", "Company": "Microsoft Corporation", "OriginalFileName": "qwave.dll", "Hashes": "SHA1=9326C940B7069EB4E75FAA42F5D97B8AFACB9DBC,MD5=31AC809E7707EB580B2BDB760390765A,SHA256=A8481FD19A0F778F5591B7676F591F664ADC68B6867E663C0F9564173F4AC909,IMPHASH=196801191A6F3B1476D8DBC89BCB48BB", "Signed": "true", "Signature": "Microsoft Windows", "SignatureStatus": "Valid", "_source_file": "data/baseline/win7-x86/Microsoft-Windows-Sysmon%4Operational.evtx"}, {"EventID": 7, "Computer": "evtx-PC", "UtcTime": "2022-04-04 11:19:52.543", "Provider": "Microsoft-Windows-Sysmon", "RuleName": "-", "ProcessGuid": "{e97d4e69-0000-0000-1bad-000000000000}", "ProcessId": "892", "Image": "C:\\Windows\\System32\\svchost.exe", "ImageLoaded": "C:\\Windows\\System32\\drivers\\storport.sys", "FileVersion": "6.1.7600.16385 (win7_rtm.090713-1255)", "Description": "Microsoft Storage Port Driver", "Product": "Microsoft\u00ae Windows\u00ae Operating System", "Company": "Microsoft Corporation", "OriginalFileName": "storport.sys", "Hashes": "SHA1=53ADB80B8714C33033D8769CA351FB30FC64A05F,MD5=55DCA8693ED545FD7F2F93776E294AE2,SHA256=C1A37AB53AC2ED7F5502B1DDB1EA597B5B8BCA088E2D223ADA6E4F2A1AF34E67,IMPHASH=F1B8E256AECF3793F766444B6CF2A36C", "Signed": "true", "Signature": "Microsoft Windows", "SignatureStatus": "Valid", "_source_file": "data/baseline/win7-x86/Microsoft-Windows-Sysmon%4Operational.evtx"}, {"EventID": 7, "Computer": "evtx-PC", "UtcTime": "2022-04-04 11:19:52.559", "Provider": "Microsoft-Windows-Sysmon", "RuleName": "-", "ProcessGuid": "{e97d4e69-0000-0000-1bad-000000000000}", "ProcessId": "892", "Image": "C:\\Windows\\System32\\svchost.exe", "ImageLoaded": "C:\\Program Files\\Common Files\\microsoft shared\\ink\\mip.exe", "FileVersion": "6.1.7600.16385 (win7_rtm.090713-1255)", "Description": "Math Input Panel Accessory", "Product": "Microsoft\u00ae Windows\u00ae Operating System", "Company": "Microsoft Corporation", "OriginalFileName": "mip.exe", "Hashes": "SHA1=C375B27D9A199344E353A44DF6364E8DEDB67A2D,MD5=98EE585737E8EFA903A26E71ADFB1FA0,SHA256=DD02FB1B3F5BD5B7DF6F63A81A1D32EB0B88155FD3EFAE25F05DCAB649A2C7DC,IMPHASH=7C48241F360D9485E562F55B07971E4E", "Signed": "true", "Signature": "Microsoft Windows", "SignatureStatus": "Valid", "_source_file": "data/baseline/win7-x86/Microsoft-Windows-Sysmon%4Operational.evtx"}, {"EventID": 7, "Computer": "evtx-PC", "UtcTime": "2022-04-04 11:19:52.574", "Provider": "Microsoft-Windows-Sysmon", "RuleName": "-", "ProcessGuid": "{e97d4e69-0000-0000-1bad-000000000000}", "ProcessId": "892", "Image": "C:\\Windows\\System32\\svchost.exe", "ImageLoaded": "C:\\Windows\\System32\\EhStorAuthn.exe", "FileVersion": "6.1.7600.16385 (win7_rtm.090713-1255)", "Description": "Windows Enhanced Storage Password Authentication Program", "Product": "Microsoft\u00ae Windows\u00ae Operating System", "Company": "Microsoft Corporation", "OriginalFileName": "EhStorAuthn.exe", "Hashes": "SHA1=D6F31F4A866B4C8D4FC17877926352DD7F1A83F7,MD5=70F20FB785E3726AA9215FBF843E6D9A,SHA256=E3B353E3802E3115A5C9F98C6158113A713ED6C1CE8EB3427D13727A31847B39,IMPHASH=769CFE709F5AC68B8A6B4F809213E73F", "Signed": "true", "Signature": "Microsoft Windows", "SignatureStatus": "Valid", "_source_file": "data/baseline/win7-x86/Microsoft-Windows-Sysmon%4Operational.evtx"}, {"EventID": 7, "Computer": "evtx-PC", "UtcTime": "2022-04-04 11:19:52.574", "Provider": "Microsoft-Windows-Sysmon", "RuleName": "-", "ProcessGuid": "{e97d4e69-0000-0000-1bad-000000000000}", "ProcessId": "892", "Image": "C:\\Windows\\System32\\svchost.exe", "ImageLoaded": "C:\\Windows\\System32\\drivers\\fltMgr.sys", "FileVersion": "6.1.7600.16385 (win7_rtm.090713-1255)", "Description": "Microsoft Filesystem Filter Manager", "Product": "Microsoft\u00ae Windows\u00ae Operating System", "Company": "Microsoft Corporation", "OriginalFileName": "fltMgr.sys", "Hashes": "SHA1=C64510F0EAD14B8A222DE7F6B9A4839C3DDF63D5,MD5=7520EC808E0C35E0EE6F841294316653,SHA256=6EC65511B4838A7172A8F89E35C2F9DF4F0BFCE3BE12EDA790F3EB567102FF67,IMPHASH=DEFC8F80EBD7E983C4D4A7E0EDCE73B6", "Signed": "true", "Signature": "Microsoft Windows", "SignatureStatus": "Valid", "_source_file": "data/baseline/win7-x86/Microsoft-Windows-Sysmon%4Operational.evtx"}, {"EventID": 7, "Computer": "evtx-PC", "UtcTime": "2022-04-04 11:19:52.574", "Provider": "Microsoft-Windows-Sysmon", "RuleName": "-", "ProcessGuid": "{e97d4e69-0000-0000-1bad-000000000000}", "ProcessId": "892", "Image": "C:\\Windows\\System32\\svchost.exe", "ImageLoaded": "C:\\Windows\\System32\\UIAnimation.dll", "FileVersion": "6.1.7600.16385 (win7_rtm.090713-1255)", "Description": "Windows Animation Manager", "Product": "Microsoft\u00ae Windows\u00ae Operating System", "Company": "Microsoft Corporation", "OriginalFileName": "UIAnimation.DLL", "Hashes": "SHA1=9BA4C10D8C5F9ADF4655A6860E7150FFA7540BFB,MD5=0DCA6A11D09D4C2CBE6B898B897EA915,SHA256=DE071D5E9CC54C2A52B4F34314749CE5031CA553E878FC9D311699EEEE3B2AA8,IMPHASH=32DA301C7A573ED0B3EA741183015A15", "Signed": "true", "Signature": "Microsoft Windows", "SignatureStatus": "Valid", "_source_file": "data/baseline/win7-x86/Microsoft-Windows-Sysmon%4Operational.evtx"}, {"EventID": 7, "Computer": "evtx-PC", "UtcTime": "2022-04-04 11:19:52.590", "Provider": "Microsoft-Windows-Sysmon", "RuleName": "-", "ProcessGuid": "{e97d4e69-0000-0000-1bad-000000000000}", "ProcessId": "892", "Image": "C:\\Windows\\System32\\svchost.exe", "ImageLoaded": "C:\\Windows\\System32\\oobe\\msoobeui.dll", "FileVersion": "6.1.7600.16385 (win7_rtm.090713-1255)", "Description": "Windows Machine OOBE UI Layer", "Product": "Microsoft\u00ae Windows\u00ae Operating System", "Company": "Microsoft Corporation", "OriginalFileName": "msoobeui.dll", "Hashes": "SHA1=4327FE4A667F61059C9610E82B916F30073A0C62,MD5=1E3E3480AA3D9821942A61DC3A95310F,SHA256=0F2E1917B3BB32B1A19A91EE4352E076FB88B24476385FA40AFFFA18B2338E94,IMPHASH=93E6DA1ED38EBA1987FFE73136F1FB11", "Signed": "true", "Signature": "Microsoft Windows", "SignatureStatus": "Valid", "_source_file": "data/baseline/win7-x86/Microsoft-Windows-Sysmon%4Operational.evtx"}, {"EventID": 7, "Computer": "evtx-PC", "UtcTime": "2022-04-04 11:19:52.590", "Provider": "Microsoft-Windows-Sysmon", "RuleName": "-", "ProcessGuid": "{e97d4e69-0000-0000-1bad-000000000000}", "ProcessId": "892", "Image": "C:\\Windows\\System32\\svchost.exe", "ImageLoaded": "C:\\Windows\\System32\\spool\\tools\\PrintBrmEngine.exe", "FileVersion": "6.1.7600.16385 (win7_rtm.090713-1255)", "Description": "PrintBrmEngine EXE", "Product": "Microsoft\u00ae Windows\u00ae Operating System", "Company": "Microsoft Corporation", "OriginalFileName": "PrintBrmEng.exe", "Hashes": "SHA1=92961B4BAC599164B727D06EF61218BCE74E7335,MD5=F31BBC266C44FDE026DC051FB19DBF17,SHA256=778228BE94A4E72994D9EF4803F0F36195B0A4EC783CEAAE2253A225F96B13E5,IMPHASH=C9B7339C9EE955BA91CC6CDA4A6DDC91", "Signed": "true", "Signature": "Microsoft Windows", "SignatureStatus": "Valid", "_source_file": "data/baseline/win7-x86/Microsoft-Windows-Sysmon%4Operational.evtx"}, {"EventID": 7, "Computer": "evtx-PC", "UtcTime": "2022-04-04 11:19:52.605", "Provider": "Microsoft-Windows-Sysmon", "RuleName": "-", "ProcessGuid": "{e97d4e69-0000-0000-1bad-000000000000}", "ProcessId": "892", "Image": "C:\\Windows\\System32\\svchost.exe", "ImageLoaded": "C:\\Windows\\System32\\uDWM.dll", "FileVersion": "6.1.7600.16385 (win7_rtm.090713-1255)", "Description": "Microsoft Desktop Window Manager", "Product": "Microsoft\u00ae Windows\u00ae Operating System", "Company": "Microsoft Corporation", "OriginalFileName": "udwm.dll", "Hashes": "SHA1=5A475B45C173AF1534533BE6B2E6DD902ECB1CB4,MD5=2100560AF3F7F2948F2676E44DFB4ECF,SHA256=28472E8BEE46DCAE961C7AFEF71EFD5675ECD05492A92631CCB4EF62DFD10F7A,IMPHASH=3A73E6ABB7C208A1C1C37C38619573F5", "Signed": "true", "Signature": "Microsoft Windows", "SignatureStatus": "Valid", "_source_file": "data/baseline/win7-x86/Microsoft-Windows-Sysmon%4Operational.evtx"}, {"EventID": 7, "Computer": "evtx-PC", "UtcTime": "2022-04-04 11:19:52.621", "Provider": "Microsoft-Windows-Sysmon", "RuleName": "-", "ProcessGuid": "{e97d4e69-0000-0000-1bad-000000000000}", "ProcessId": "892", "Image": "C:\\Windows\\System32\\svchost.exe", "ImageLoaded": "C:\\Windows\\System32\\prflbmsg.dll", "FileVersion": "6.1.7600.16385 (win7_rtm.090713-1255)", "Description": "Perflib Event Messages", "Product": "Microsoft\u00ae Windows\u00ae Operating System", "Company": "Microsoft Corporation", "OriginalFileName": "PRFLBMSG.DLL", "Hashes": "SHA1=DB335951FBEE771C58EF76D9628166BC5D0748A3,MD5=8D3660716273DC65E7AF8F35830FE3F4,SHA256=AFA546DF636EC150A20A71DCDB5C64FCA93BB9B8BE3252B91989311B99D17CA6,IMPHASH=00000000000000000000000000000000", "Signed": "true", "Signature": "Microsoft Windows", "SignatureStatus": "Valid", "_source_file": "data/baseline/win7-x86/Microsoft-Windows-Sysmon%4Operational.evtx"}, {"EventID": 7, "Computer": "evtx-PC", "UtcTime": "2022-04-04 11:19:52.621", "Provider": "Microsoft-Windows-Sysmon", "RuleName": "-", "ProcessGuid": "{e97d4e69-0000-0000-1bad-000000000000}", "ProcessId": "892", "Image": "C:\\Windows\\System32\\svchost.exe", "ImageLoaded": "C:\\Windows\\System32\\drivers\\ndiscap.sys", "FileVersion": "6.1.7600.16385 (win7_rtm.090713-1255)", "Description": "NDIS Packet Capture Filter Driver", "Product": "Microsoft\u00ae Windows\u00ae Operating System", "Company": "Microsoft Corporation", "OriginalFileName": "NDISCAP.SYS", "Hashes": "SHA1=4C40C52BF44AF36515B89A08A63F7F869828408C,MD5=0E1787AA6C9191D3D319E8BAFE86F80C,SHA256=F535022747355B2C66424BDA892D7DCB820C2EB8EE05BAE5BC6D1B1D65186278,IMPHASH=C0DCF4C67106F18EF0E3022495092516", "Signed": "true", "Signature": "Microsoft Windows", "SignatureStatus": "Valid", "_source_file": "data/baseline/win7-x86/Microsoft-Windows-Sysmon%4Operational.evtx"}, {"EventID": 7, "Computer": "evtx-PC", "UtcTime": "2022-04-04 11:19:52.636", "Provider": "Microsoft-Windows-Sysmon", "RuleName": "-", "ProcessGuid": "{e97d4e69-0000-0000-1bad-000000000000}", "ProcessId": "892", "Image": "C:\\Windows\\System32\\svchost.exe", "ImageLoaded": "C:\\Windows\\System32\\netevent.dll", "FileVersion": "6.1.7600.16385 (win7_rtm.090713-1255)", "Description": "Net Event Handler", "Product": "Microsoft\u00ae Windows\u00ae Operating System", "Company": "Microsoft Corporation", "OriginalFileName": "NetEvent.Dll", "Hashes": "SHA1=7E56FC4638570FABDC7158101235462FAB969CA1,MD5=C7AE262FC7A2AFA9F4192A44466AC5DC,SHA256=DC1A1B7213E8B9A78EFA70BF77EAEE147294489FD4B4EAB5BEFC04D41370604E,IMPHASH=00000000000000000000000000000000", "Signed": "true", "Signature": "Microsoft Windows", "SignatureStatus": "Valid", "_source_file": "data/baseline/win7-x86/Microsoft-Windows-Sysmon%4Operational.evtx"}, {"EventID": 7, "Computer": "evtx-PC", "UtcTime": "2022-04-04 11:19:52.652", "Provider": "Microsoft-Windows-Sysmon", "RuleName": "-", "ProcessGuid": "{e97d4e69-0000-0000-1bad-000000000000}", "ProcessId": "892", "Image": "C:\\Windows\\System32\\svchost.exe", "ImageLoaded": "C:\\Windows\\System32\\Narrator.exe", "FileVersion": "6.1.7600.16385 (win7_rtm.090713-1255)", "Description": "Narrator", "Product": "Microsoft\u00ae Windows\u00ae Operating System", "Company": "Microsoft Corporation", "OriginalFileName": "Narrator.exe", "Hashes": "SHA1=5402C13DB03A44882475E9FD1E4FD3FA1EC3489C,MD5=05A99415582B90E16D6B68B61FA16B72,SHA256=27B5F558B1FCB32BB0F8992DC4BBD4E989AC5DA4055A3E6B5BF98A68EFABFA7D,IMPHASH=F34D5F2D4577ED6D9CEEC516C1F5A744", "Signed": "true", "Signature": "Microsoft Windows", "SignatureStatus": "Valid", "_source_file": "data/baseline/win7-x86/Microsoft-Windows-Sysmon%4Operational.evtx"}, {"EventID": 7, "Computer": "evtx-PC", "UtcTime": "2022-04-04 11:19:52.667", "Provider": "Microsoft-Windows-Sysmon", "RuleName": "-", "ProcessGuid": "{e97d4e69-0000-0000-1bad-000000000000}", "ProcessId": "892", "Image": "C:\\Windows\\System32\\svchost.exe", "ImageLoaded": "C:\\Windows\\System32\\pnrpsvc.dll", "FileVersion": "6.1.7600.16385 (win7_rtm.090713-1255)", "Description": "PNRP Service Dll", "Product": "Microsoft\u00ae Windows\u00ae Operating System", "Company": "Microsoft Corporation", "OriginalFileName": "pnrpsvc.dll", "Hashes": "SHA1=5CE9962C69DDC70E9FA449F0B8FCD4CB296DBD6D,MD5=82A8521DDC60710C3D3D3E7325209BEC,SHA256=C4E34571EDD57C7FBB3D736B5FE8BD154624705B5C8EA2EC898F19F75B9A5942,IMPHASH=2985A2DB2B37A3B8027D653132255026", "Signed": "true", "Signature": "Microsoft Windows", "SignatureStatus": "Valid", "_source_file": "data/baseline/win7-x86/Microsoft-Windows-Sysmon%4Operational.evtx"}, {"EventID": 7, "Computer": "evtx-PC", "UtcTime": "2022-04-04 11:19:52.667", "Provider": "Microsoft-Windows-Sysmon", "RuleName": "-", "ProcessGuid": "{e97d4e69-0000-0000-1bad-000000000000}", "ProcessId": "892", "Image": "C:\\Windows\\System32\\svchost.exe", "ImageLoaded": "C:\\Windows\\System32\\wscui.cpl", "FileVersion": "6.1.7600.16385 (win7_rtm.090713-1255)", "Description": "Action Center", "Product": "Microsoft\u00ae Windows\u00ae Operating System", "Company": "Microsoft Corporation", "OriginalFileName": "wscui.cpl", "Hashes": "SHA1=0E18DC8E895E25993AE74CCE31A0B5D719CC5440,MD5=7FD5532C142DB6C9CC47AA4DCF71FDEC,SHA256=16BBC7ABBEC24B66A4824D8A4FFDB76A488E6F07182103F5292A3033542BF77A,IMPHASH=8F2F7BDE23667EDCE7DE047C5C329E88", "Signed": "true", "Signature": "Microsoft Windows", "SignatureStatus": "Valid", "_source_file": "data/baseline/win7-x86/Microsoft-Windows-Sysmon%4Operational.evtx"}, {"EventID": 7, "Computer": "evtx-PC", "UtcTime": "2022-04-04 11:19:52.667", "Provider": "Microsoft-Windows-Sysmon", "RuleName": "-", "ProcessGuid": "{e97d4e69-0000-0000-1bad-000000000000}", "ProcessId": "892", "Image": "C:\\Windows\\System32\\svchost.exe", "ImageLoaded": "C:\\Windows\\System32\\wbem\\ntevt.dll", "FileVersion": "6.1.7600.16385 (win7_rtm.090713-1255)", "Description": "WMI Event Log Provider", "Product": "Microsoft\u00ae Windows\u00ae Operating System", "Company": "Microsoft Corporation", "OriginalFileName": "ntevt.dll", "Hashes": "SHA1=D88899974274978C89347F4C3A96B0405CC312B1,MD5=7B0B2EF6AC0F4225E3203F01165004C4,SHA256=66C01C7BF2BA1FA54EE2CE1318CB8EF7E000CC94861A4DE43F41DF43681B3256,IMPHASH=C13CEEB150153FA65F759A8818A70F7A", "Signed": "true", "Signature": "Microsoft Windows", "SignatureStatus": "Valid", "_source_file": "data/baseline/win7-x86/Microsoft-Windows-Sysmon%4Operational.evtx"}, {"EventID": 7, "Computer": "evtx-PC", "UtcTime": "2022-04-04 11:19:52.667", "Provider": "Microsoft-Windows-Sysmon", "RuleName": "-", "ProcessGuid": "{e97d4e69-0000-0000-1bad-000000000000}", "ProcessId": "892", "Image": "C:\\Windows\\System32\\svchost.exe", "ImageLoaded": "C:\\Program Files\\Windows Media Player\\WMPNSSUI.dll", "FileVersion": "6.1.7600.16385 (win7_rtm.090713-1255)", "Description": "Windows Media Player WMPNSS Shell Extensions", "Product": "Microsoft\u00ae Windows\u00ae Operating System", "Company": "Microsoft Corporation", "OriginalFileName": "WMPNSSUI.dll", "Hashes": "SHA1=2BDF0DD7D628EB8182F40DC44AD5EC7E79B43E41,MD5=AD75FF66692EE1DB3B0CB0BAB744A30E,SHA256=27FA1A61D0AB11F46A84DD9B6A54B6861DFC74FF416F6FD6C345DD33701318D5,IMPHASH=48D47DEE19EE4EA2638013FD229DFEAB", "Signed": "true", "Signature": "Microsoft Windows", "SignatureStatus": "Valid", "_source_file": "data/baseline/win7-x86/Microsoft-Windows-Sysmon%4Operational.evtx"}, {"EventID": 7, "Computer": "evtx-PC", "UtcTime": "2022-04-04 11:19:52.682", "Provider": "Microsoft-Windows-Sysmon", "RuleName": "-", "ProcessGuid": "{e97d4e69-0000-0000-1bad-000000000000}", "ProcessId": "892", "Image": "C:\\Windows\\System32\\svchost.exe", "ImageLoaded": "C:\\Windows\\System32\\sysmain.dll", "FileVersion": "6.1.7600.16385 (win7_rtm.090713-1255)", "Description": "Superfetch Service Host", "Product": "Microsoft\u00ae Windows\u00ae Operating System", "Company": "Microsoft Corporation", "OriginalFileName": "sysmain.dll", "Hashes": "SHA1=A9A0D3A55C5FAAC6330A5CC972B7A369023CA1E2,MD5=04105C8DA62353589C29BDAEB8D88BD8,SHA256=CC7A3A779A143E09FE5C0AA6795A7B13496C4E121347949CB23F7946EE5E2DED,IMPHASH=5F93CC09FB82B6E4A810B908C730FA4D", "Signed": "true", "Signature": "Microsoft Windows", "SignatureStatus": "Valid", "_source_file": "data/baseline/win7-x86/Microsoft-Windows-Sysmon%4Operational.evtx"}, {"EventID": 7, "Computer": "evtx-PC", "UtcTime": "2022-04-04 11:19:52.667", "Provider": "Microsoft-Windows-Sysmon", "RuleName": "-", "ProcessGuid": "{e97d4e69-0000-0000-1bad-000000000000}", "ProcessId": "892", "Image": "C:\\Windows\\System32\\svchost.exe", "ImageLoaded": "C:\\Windows\\System32\\pots.dll", "FileVersion": "6.1.7600.16385 (win7_rtm.090713-1255)", "Description": "Power Troubleshooter", "Product": "Microsoft\u00ae Windows\u00ae Operating System", "Company": "Microsoft Corporation", "OriginalFileName": "pots.dll", "Hashes": "SHA1=6D378FD4EE37491D607C57F7320EC287225ED756,MD5=2B389C1AC7186C32DC695E28E5ECEA32,SHA256=529D28383960D92F78A95F6066D8FF1732796569484F74697585E48637E81580,IMPHASH=FC1D9B3C51072D709E42A36A4322476B", "Signed": "true", "Signature": "Microsoft Windows", "SignatureStatus": "Valid", "_source_file": "data/baseline/win7-x86/Microsoft-Windows-Sysmon%4Operational.evtx"}, {"EventID": 7, "Computer": "evtx-PC", "UtcTime": "2022-04-04 11:19:52.682", "Provider": "Microsoft-Windows-Sysmon", "RuleName": "-", "ProcessGuid": "{e97d4e69-0000-0000-1bad-000000000000}", "ProcessId": "892", "Image": "C:\\Windows\\System32\\svchost.exe", "ImageLoaded": "C:\\Windows\\System32\\ntshrui.dll", "FileVersion": "6.1.7600.16385 (win7_rtm.090713-1255)", "Description": "Shell extensions for sharing", "Product": "Microsoft\u00ae Windows\u00ae Operating System", "Company": "Microsoft Corporation", "OriginalFileName": "ntshrui.dll", "Hashes": "SHA1=2D5ABE2018709A47F2A823AF2265A34A7A58155C,MD5=36333D345062E42E849C0AF00CBEFC97,SHA256=3E375720C5A3E116CC22416BAFD61F06BD508ED0A628DD393FB8F065F0F1EAA5,IMPHASH=3DE13EA6AB4DB5E3BF2EC5E2F1717C72", "Signed": "true", "Signature": "Microsoft Windows", "SignatureStatus": "Valid", "_source_file": "data/baseline/win7-x86/Microsoft-Windows-Sysmon%4Operational.evtx"}, {"EventID": 7, "Computer": "evtx-PC", "UtcTime": "2022-04-04 11:19:52.682", "Provider": "Microsoft-Windows-Sysmon", "RuleName": "-", "ProcessGuid": "{e97d4e69-0000-0000-1bad-000000000000}", "ProcessId": "892", "Image": "C:\\Windows\\System32\\svchost.exe", "ImageLoaded": "C:\\Windows\\System32\\pcaevts.dll", "FileVersion": "6.1.7600.16385 (win7_rtm.090713-1255)", "Description": "Program Compatibility Assistant Event Resources", "Product": "Microsoft\u00ae Windows\u00ae Operating System", "Company": "Microsoft Corporation", "OriginalFileName": "-", "Hashes": "SHA1=7477B21DC8ED0D4588BAFA92ADA411C42B422CA6,MD5=74FBFE9456D4F9BFACBCBE5E0926D63E,SHA256=8A190621137C3778EF0991CC4F3C2C214EC69A4C6A620DA6F93CFCAFD88109F9,IMPHASH=00000000000000000000000000000000", "Signed": "true", "Signature": "Microsoft Windows", "SignatureStatus": "Valid", "_source_file": "data/baseline/win7-x86/Microsoft-Windows-Sysmon%4Operational.evtx"}, {"EventID": 7, "Computer": "evtx-PC", "UtcTime": "2022-04-04 11:19:52.698", "Provider": "Microsoft-Windows-Sysmon", "RuleName": "-", "ProcessGuid": "{e97d4e69-0000-0000-1bad-000000000000}", "ProcessId": "892", "Image": "C:\\Windows\\System32\\svchost.exe", "ImageLoaded": "C:\\Windows\\System32\\ActionQueue.dll", "FileVersion": "6.1.7600.16385 (win7_rtm.090713-1255)", "Description": "Unattend Action Queue Generator / Executor", "Product": "Microsoft\u00ae Windows\u00ae Operating System", "Company": "Microsoft Corporation", "OriginalFileName": "ActionQueue.DLL", "Hashes": "SHA1=AD2B79A1D0D3049EF45AED85A8554B270F211499,MD5=F9B93B74FAEDDC6A82EEE4626246F2FC,SHA256=2225764213A3FB482E0D19AB41050EB0AB54345F7F35A4CE26CD5A23BD7BE6B6,IMPHASH=EC7438C0B1EBA801D6BBEBDC7A0E574B", "Signed": "true", "Signature": "Microsoft Windows", "SignatureStatus": "Valid", "_source_file": "data/baseline/win7-x86/Microsoft-Windows-Sysmon%4Operational.evtx"}, {"EventID": 7, "Computer": "evtx-PC", "UtcTime": "2022-04-04 11:19:52.698", "Provider": "Microsoft-Windows-Sysmon", "RuleName": "-", "ProcessGuid": "{e97d4e69-0000-0000-1bad-000000000000}", "ProcessId": "892", "Image": "C:\\Windows\\System32\\svchost.exe", "ImageLoaded": "C:\\Windows\\System32\\taskbarcpl.dll", "FileVersion": "6.1.7600.16385 (win7_rtm.090713-1255)", "Description": "Taskbar Control Panel", "Product": "Microsoft\u00ae Windows\u00ae Operating System", "Company": "Microsoft Corporation", "OriginalFileName": "TASKBARCPL.DLL", "Hashes": "SHA1=B9DD42433A34FD7886FBD8597D1402DE331D4178,MD5=E1F8E1B5B36FE7EC8B6F86AC7F0C7EED,SHA256=4D656FBFB261F798CF88C8E9F5829EF7CED1412F5458B005FD618748CC2E8460,IMPHASH=D3DBBAF994AE36D40FC308F887FAC82F", "Signed": "true", "Signature": "Microsoft Windows", "SignatureStatus": "Valid", "_source_file": "data/baseline/win7-x86/Microsoft-Windows-Sysmon%4Operational.evtx"}, {"EventID": 7, "Computer": "evtx-PC", "UtcTime": "2022-04-04 11:19:52.698", "Provider": "Microsoft-Windows-Sysmon", "RuleName": "-", "ProcessGuid": "{e97d4e69-0000-0000-1bad-000000000000}", "ProcessId": "892", "Image": "C:\\Windows\\System32\\svchost.exe", "ImageLoaded": "C:\\Windows\\System32\\adtschema.dll", "FileVersion": "6.1.7600.16385 (win7_rtm.090713-1255)", "Description": "Security Audit Schema DLL", "Product": "Microsoft\u00ae Windows\u00ae Operating System", "Company": "Microsoft Corporation", "OriginalFileName": "adtschema.dll", "Hashes": "SHA1=93F38E155EFCA9870FD996320C61F29508D8C380,MD5=AC8C80DC4F1A6E60C9A762C1799F0B39,SHA256=9FD3A62B4E476CBE6D94D587826B5D8C6EB8208035A20B8E17749312C251FD6A,IMPHASH=00000000000000000000000000000000", "Signed": "true", "Signature": "Microsoft Windows", "SignatureStatus": "Valid", "_source_file": "data/baseline/win7-x86/Microsoft-Windows-Sysmon%4Operational.evtx"}, {"EventID": 7, "Computer": "evtx-PC", "UtcTime": "2022-04-04 11:19:52.698", "Provider": "Microsoft-Windows-Sysmon", "RuleName": "-", "ProcessGuid": "{e97d4e69-0000-0000-1bad-000000000000}", "ProcessId": "892", "Image": "C:\\Windows\\System32\\svchost.exe", "ImageLoaded": "C:\\Windows\\System32\\msobjs.dll", "FileVersion": "6.1.7600.16385 (win7_rtm.090713-1255)", "Description": "System object audit names", "Product": "Microsoft\u00ae Windows\u00ae Operating System", "Company": "Microsoft Corporation", "OriginalFileName": "msobjs.dll", "Hashes": "SHA1=D99ED7573C2075005A79D82407746BE0579379CC,MD5=F58A63FE6AAF2363B9FC7B0127A2670E,SHA256=1E35723ABEA1FF8DF1D3CBBBFA596E0157FB742CC202BAC21AEB96B8D977531B,IMPHASH=00000000000000000000000000000000", "Signed": "true", "Signature": "Microsoft Windows", "SignatureStatus": "Valid", "_source_file": "data/baseline/win7-x86/Microsoft-Windows-Sysmon%4Operational.evtx"}, {"EventID": 7, "Computer": "evtx-PC", "UtcTime": "2022-04-04 11:19:52.744", "Provider": "Microsoft-Windows-Sysmon", "RuleName": "-", "ProcessGuid": "{e97d4e69-0000-0000-1bad-000000000000}", "ProcessId": "892", "Image": "C:\\Windows\\System32\\svchost.exe", "ImageLoaded": "C:\\Windows\\System32\\wbem\\WinMgmtR.dll", "FileVersion": "6.1.7600.16385 (win7_rtm.090713-1255)", "Description": "WMI", "Product": "Microsoft\u00ae Windows\u00ae Operating System", "Company": "Microsoft Corporation", "OriginalFileName": "WinMgmtR.dll", "Hashes": "SHA1=54711F59D945929CB326F7080DF908316DA2E815,MD5=881D9F2D6E04E1C323050CF1574870F7,SHA256=DA02C415977A2E50C3D1E96E227234E7195BD33903C446A17FBE0FA8D14A164F,IMPHASH=00000000000000000000000000000000", "Signed": "true", "Signature": "Microsoft Windows", "SignatureStatus": "Valid", "_source_file": "data/baseline/win7-x86/Microsoft-Windows-Sysmon%4Operational.evtx"}, {"EventID": 7, "Computer": "evtx-PC", "UtcTime": "2022-04-04 11:19:52.713", "Provider": "Microsoft-Windows-Sysmon", "RuleName": "-", "ProcessGuid": "{e97d4e69-0000-0000-1bad-000000000000}", "ProcessId": "892", "Image": "C:\\Windows\\System32\\svchost.exe", "ImageLoaded": "C:\\Windows\\System32\\ActionCenterCPL.dll", "FileVersion": "6.1.7600.16385 (win7_rtm.090713-1255)", "Description": "Action Center Control Panel", "Product": "Microsoft\u00ae Windows\u00ae Operating System", "Company": "Microsoft Corporation", "OriginalFileName": "ACTIONCENTERCPL.DLL", "Hashes": "SHA1=13C6DFB04939AC2D753DF4CB1135CF2AB24B5FCF,MD5=C17C5BBBDF1B35DB457EBAFA3185F222,SHA256=BCBCE942B60F913AC967A2CB62A37B41FF651BCFC2582F47223A872D78C7E157,IMPHASH=500F3B6D431C0E374824465343D7AE29", "Signed": "true", "Signature": "Microsoft Windows", "SignatureStatus": "Valid", "_source_file": "data/baseline/win7-x86/Microsoft-Windows-Sysmon%4Operational.evtx"}, {"EventID": 7, "Computer": "evtx-PC", "UtcTime": "2022-04-04 11:19:52.729", "Provider": "Microsoft-Windows-Sysmon", "RuleName": "-", "ProcessGuid": "{e97d4e69-0000-0000-1bad-000000000000}", "ProcessId": "892", "Image": "C:\\Windows\\System32\\svchost.exe", "ImageLoaded": "C:\\Windows\\System32\\onex.dll", "FileVersion": "6.1.7600.16385 (win7_rtm.090713-1255)", "Description": "IEEE 802.1X supplicant library", "Product": "Microsoft\u00ae Windows\u00ae Operating System", "Company": "Microsoft Corporation", "OriginalFileName": "onex.dll", "Hashes": "SHA1=3DEACB9CDD807A9717F968E91A4F21194F7FE416,MD5=ADEE99F825F8C247C37541EA102CA975,SHA256=E98F3A4E0B5CE0D94AA5F3D46E4207A3EE24BE6EAA8B58B89FD00255F2182FC5,IMPHASH=F5F7DCCE692A83A4E163CEF49C703830", "Signed": "true", "Signature": "Microsoft Windows", "SignatureStatus": "Valid", "_source_file": "data/baseline/win7-x86/Microsoft-Windows-Sysmon%4Operational.evtx"}, {"EventID": 7, "Computer": "evtx-PC", "UtcTime": "2022-04-04 11:19:52.744", "Provider": "Microsoft-Windows-Sysmon", "RuleName": "-", "ProcessGuid": "{e97d4e69-0000-0000-1bad-000000000000}", "ProcessId": "892", "Image": "C:\\Windows\\System32\\svchost.exe", "ImageLoaded": "C:\\Windows\\System32\\drivers\\tcpip.sys", "FileVersion": "6.1.7600.16385 (win7_rtm.090713-1255)", "Description": "TCP/IP Driver", "Product": "Microsoft\u00ae Windows\u00ae Operating System", "Company": "Microsoft Corporation", "OriginalFileName": "tcpip.sys", "Hashes": "SHA1=19626518CD5F26C6F571D48E791A7A4692A4977E,MD5=2CC3D75488ABD3EC628BBB9A4FC84EFC,SHA256=62917CDBC6529D1CC3D7F6E211C717DC44033955749333DCBD052F9BF6639767,IMPHASH=ED58DA8E98129F4188862A0692BD65EA", "Signed": "true", "Signature": "Microsoft Windows", "SignatureStatus": "Valid", "_source_file": "data/baseline/win7-x86/Microsoft-Windows-Sysmon%4Operational.evtx"}, {"EventID": 7, "Computer": "evtx-PC", "UtcTime": "2022-04-04 11:19:52.775", "Provider": "Microsoft-Windows-Sysmon", "RuleName": "-", "ProcessGuid": "{e97d4e69-0000-0000-1bad-000000000000}", "ProcessId": "892", "Image": "C:\\Windows\\System32\\svchost.exe", "ImageLoaded": "C:\\Windows\\System32\\umpnpmgr.dll", "FileVersion": "6.1.7600.16385 (win7_rtm.090713-1255)", "Description": "User-mode Plug-and-Play Service", "Product": "Microsoft\u00ae Windows\u00ae Operating System", "Company": "Microsoft Corporation", "OriginalFileName": "Umpnpmgr.DLL", "Hashes": "SHA1=528EC2A904D5C14E27F8ADF2072E6DD32F63E5D6,MD5=2CC2008F1296968FBA162ED9F9AFE328,SHA256=670E2BE4EB8210C9D6AEA635DFA20E390936762A22B2BB413BF9C7AF418150D6,IMPHASH=A4A06D53EE8C893B231364352AC5E9FF", "Signed": "true", "Signature": "Microsoft Windows", "SignatureStatus": "Valid", "_source_file": "data/baseline/win7-x86/Microsoft-Windows-Sysmon%4Operational.evtx"}, {"EventID": 7, "Computer": "evtx-PC", "UtcTime": "2022-04-04 11:19:52.760", "Provider": "Microsoft-Windows-Sysmon", "RuleName": "-", "ProcessGuid": "{e97d4e69-0000-0000-1bad-000000000000}", "ProcessId": "892", "Image": "C:\\Windows\\System32\\svchost.exe", "ImageLoaded": "C:\\Windows\\System32\\webservices.dll", "FileVersion": "6.1.7600.16385 (win7_rtm.090713-1255)", "Description": "Windows Web Services Runtime", "Product": "Microsoft\u00ae Windows\u00ae Operating System", "Company": "Microsoft Corporation", "OriginalFileName": "WebServices.dll", "Hashes": "SHA1=95FB1EB24F87D2067301D72503B640232C20E15A,MD5=4262220B609AD082CE66914172597A96,SHA256=221639E1E5A39A9EA0043DB098FBCC02F628683A1BBFD9E36CBDB1E383760B43,IMPHASH=136C5B0C1D95BA405AFCCDCE05345CBA", "Signed": "true", "Signature": "Microsoft Windows", "SignatureStatus": "Valid", "_source_file": "data/baseline/win7-x86/Microsoft-Windows-Sysmon%4Operational.evtx"}, {"EventID": 7, "Computer": "evtx-PC", "UtcTime": "2022-04-04 11:19:52.775", "Provider": "Microsoft-Windows-Sysmon", "RuleName": "-", "ProcessGuid": "{e97d4e69-0000-0000-1bad-000000000000}", "ProcessId": "892", "Image": "C:\\Windows\\System32\\svchost.exe", "ImageLoaded": "C:\\Windows\\System32\\LocationNotifications.exe", "FileVersion": "6.1.7600.16385 (win7_rtm.090713-1255)", "Description": "Location Activity", "Product": "Microsoft\u00ae Windows\u00ae Operating System", "Company": "Microsoft Corporation", "OriginalFileName": "LocationNotifications.exe", "Hashes": "SHA1=891CB6FF24C761955AB6E4828A57A835500C21D2,MD5=6E51234733DEC1E25F2FC3245AEA3D7C,SHA256=2A115DDFDC0185082E9717B05C44CBE2EC65A33CB6DD46636B3DA5059877E958,IMPHASH=3369686E4C7E34390E6D4763F79A86D9", "Signed": "true", "Signature": "Microsoft Windows", "SignatureStatus": "Valid", "_source_file": "data/baseline/win7-x86/Microsoft-Windows-Sysmon%4Operational.evtx"}, {"EventID": 7, "Computer": "evtx-PC", "UtcTime": "2022-04-04 11:19:52.775", "Provider": "Microsoft-Windows-Sysmon", "RuleName": "-", "ProcessGuid": "{e97d4e69-0000-0000-1bad-000000000000}", "ProcessId": "892", "Image": "C:\\Windows\\System32\\svchost.exe", "ImageLoaded": "C:\\Windows\\System32\\tbssvc.dll", "FileVersion": "6.1.7600.16385 (win7_rtm.090713-1255)", "Description": "TBS Service", "Product": "Microsoft\u00ae Windows\u00ae Operating System", "Company": "Microsoft Corporation", "OriginalFileName": "TBSSVC.DLL", "Hashes": "SHA1=CCF88C2C71D3405BD9D218F55569F73090126731,MD5=B799D9FDB26111737F58288D8DC172D9,SHA256=409A60819A4305699E2E492A6190637FAAEBD19E745A5DB2A5D6977106C86591,IMPHASH=D9A0C218142890B979A1C841B24C6177", "Signed": "true", "Signature": "Microsoft Windows", "SignatureStatus": "Valid", "_source_file": "data/baseline/win7-x86/Microsoft-Windows-Sysmon%4Operational.evtx"}, {"EventID": 7, "Computer": "evtx-PC", "UtcTime": "2022-04-04 11:19:52.791", "Provider": "Microsoft-Windows-Sysmon", "RuleName": "-", "ProcessGuid": "{e97d4e69-0000-0000-1bad-000000000000}", "ProcessId": "892", "Image": "C:\\Windows\\System32\\svchost.exe", "ImageLoaded": "C:\\Windows\\System32\\wwansvc.dll", "FileVersion": "08.01.02.00 (win7_rtm.090713-1255)", "Description": "WWAN Auto Config Service", "Product": "Microsoft\u00ae Windows\u00ae Operating System", "Company": "Microsoft Corporation", "OriginalFileName": "WwanSvc.dll", "Hashes": "SHA1=39ED877871BB378E658F9410DDB40AEF00656DCC,MD5=FF2D745B560F7C71B31F30F4D49F73D2,SHA256=B2FBF7E5F58E34AC64FE6CF65800F1F07939279203BDE89375FAC92B884A4F37,IMPHASH=576D3FC952D41AFCD9DF3A857509D751", "Signed": "true", "Signature": "Microsoft Windows", "SignatureStatus": "Valid", "_source_file": "data/baseline/win7-x86/Microsoft-Windows-Sysmon%4Operational.evtx"}, {"EventID": 7, "Computer": "evtx-PC", "UtcTime": "2022-04-04 11:19:52.775", "Provider": "Microsoft-Windows-Sysmon", "RuleName": "-", "ProcessGuid": "{e97d4e69-0000-0000-1bad-000000000000}", "ProcessId": "892", "Image": "C:\\Windows\\System32\\svchost.exe", "ImageLoaded": "C:\\Windows\\System32\\WABSyncProvider.dll", "FileVersion": "6.1.7600.16385 (win7_rtm.090713-1255)", "Description": "Microsoft Windows Contacts Sync Provider", "Product": "Microsoft\u00ae Windows\u00ae Operating System", "Company": "Microsoft Corporation", "OriginalFileName": "WABSyncProvider.dll", "Hashes": "SHA1=C1454BFBBDC8DE7E6363DD28126EDE9E84B1C24B,MD5=D470F5965D18DB06AD0E00891E870945,SHA256=880A7D70BDB15AD8DBD63A7B374B9CA882A819CDB9362F4BCC4CC8044A032CE0,IMPHASH=D083F783A2F4F356DF8FBD0EB62402CD", "Signed": "true", "Signature": "Microsoft Windows", "SignatureStatus": "Valid", "_source_file": "data/baseline/win7-x86/Microsoft-Windows-Sysmon%4Operational.evtx"}, {"EventID": 7, "Computer": "evtx-PC", "UtcTime": "2022-04-04 11:19:52.791", "Provider": "Microsoft-Windows-Sysmon", "RuleName": "-", "ProcessGuid": "{e97d4e69-0000-0000-1bad-000000000000}", "ProcessId": "892", "Image": "C:\\Windows\\System32\\svchost.exe", "ImageLoaded": "C:\\Windows\\System32\\PortableDeviceSyncProvider.dll", "FileVersion": "6.1.7600.16385 (win7_rtm.090713-1255)", "Description": "Microsoft Windows Portable Device Provider.", "Product": "Microsoft\u00ae Windows\u00ae Operating System", "Company": "Microsoft Corporation", "OriginalFileName": "-", "Hashes": "SHA1=33E00353DFB247D6D35FD88E6B2D48BDC103F707,MD5=57316920FB837942577E97C670E184DB,SHA256=AD00C4836E54C37CE2B3B456521DE8F4B7DAFB846E56072229EC4B14F90F623B,IMPHASH=21CA377A07C6E8AF8CDC210B16C45585", "Signed": "true", "Signature": "Microsoft Windows", "SignatureStatus": "Valid", "_source_file": "data/baseline/win7-x86/Microsoft-Windows-Sysmon%4Operational.evtx"}, {"EventID": 7, "Computer": "evtx-PC", "UtcTime": "2022-04-04 11:19:52.791", "Provider": "Microsoft-Windows-Sysmon", "RuleName": "-", "ProcessGuid": "{e97d4e69-0000-0000-1bad-000000000000}", "ProcessId": "892", "Image": "C:\\Windows\\System32\\svchost.exe", "ImageLoaded": "C:\\Windows\\System32\\clusapi.dll", "FileVersion": "6.1.7600.16385 (win7_rtm.090713-1255)", "Description": "Cluster API Library", "Product": "Microsoft\u00ae Windows\u00ae Operating System", "Company": "Microsoft Corporation", "OriginalFileName": "clusapi", "Hashes": "SHA1=936AB9238B87A908278848246B089D0D1A6E2EDF,MD5=9092668DAF4061898FD3F2C19D8C7F85,SHA256=614C9042687554ECACE6B6BB32AC8F53E7B70A07ADF0A585931BC5F3CD11A2AC,IMPHASH=729940C5DFA50450DA71CC2B202E2CB9", "Signed": "true", "Signature": "Microsoft Windows", "SignatureStatus": "Valid", "_source_file": "data/baseline/win7-x86/Microsoft-Windows-Sysmon%4Operational.evtx"}, {"EventID": 7, "Computer": "evtx-PC", "UtcTime": "2022-04-04 11:19:52.791", "Provider": "Microsoft-Windows-Sysmon", "RuleName": "-", "ProcessGuid": "{e97d4e69-0000-0000-1bad-000000000000}", "ProcessId": "892", "Image": "C:\\Windows\\System32\\svchost.exe", "ImageLoaded": "C:\\Windows\\System32\\napipsec.dll", "FileVersion": "6.1.7600.16385 (win7_rtm.090713-1255)", "Description": "NAP IPSec Enforcement Client", "Product": "Microsoft\u00ae Windows\u00ae Operating System", "Company": "Microsoft Corporation", "OriginalFileName": "NAPIPSec.DLL", "Hashes": "SHA1=82C47068671B2EA3260EE8158B16828B595B286B,MD5=929759E0775E6D00B4B2F4A08042439F,SHA256=9F97CBC36C13A3CC03EA850D0C9C5156D34C4DCD474028EE9C1C8D620EB97AA5,IMPHASH=62CD8FEED21DC75E418947E2735A2F9A", "Signed": "true", "Signature": "Microsoft Windows", "SignatureStatus": "Valid", "_source_file": "data/baseline/win7-x86/Microsoft-Windows-Sysmon%4Operational.evtx"}, {"EventID": 7, "Computer": "evtx-PC", "UtcTime": "2022-04-04 11:19:52.791", "Provider": "Microsoft-Windows-Sysmon", "RuleName": "-", "ProcessGuid": "{e97d4e69-0000-0000-1bad-000000000000}", "ProcessId": "892", "Image": "C:\\Windows\\System32\\svchost.exe", "ImageLoaded": "C:\\Windows\\System32\\l2nacp.dll", "FileVersion": "6.1.7600.16385 (win7_rtm.090713-1255)", "Description": "Windows Onex Credential Provider", "Product": "Microsoft\u00ae Windows\u00ae Operating System", "Company": "Microsoft Corporation", "OriginalFileName": "l2nacp.dll", "Hashes": "SHA1=B603AC152476F30C1C86489D6FEE5B17ED6144E4,MD5=F607FEC4722DDCBD94A133278D787095,SHA256=CA9FF66D17BBCABBD7CB1D8AC59486BA15BCD03375E660ED10028E6482578FB6,IMPHASH=E2E3250C9A4F6CD6BDB284530B355822", "Signed": "true", "Signature": "Microsoft Windows", "SignatureStatus": "Valid", "_source_file": "data/baseline/win7-x86/Microsoft-Windows-Sysmon%4Operational.evtx"}, {"EventID": 7, "Computer": "evtx-PC", "UtcTime": "2022-04-04 11:19:52.837", "Provider": "Microsoft-Windows-Sysmon", "RuleName": "-", "ProcessGuid": "{e97d4e69-0000-0000-1bad-000000000000}", "ProcessId": "892", "Image": "C:\\Windows\\System32\\svchost.exe", "ImageLoaded": "C:\\Windows\\System32\\netcenter.dll", "FileVersion": "6.1.7600.16385 (win7_rtm.090713-1255)", "Description": "Network Center control panel", "Product": "Microsoft\u00ae Windows\u00ae Operating System", "Company": "Microsoft Corporation", "OriginalFileName": "NETCENTER.DLL", "Hashes": "SHA1=5C40C328F0CF3D9BB50284ACE6711C90E6BCD124,MD5=B2ACE731DBE4060617E43356161C078B,SHA256=1FD10598F3DABDB15C075E5219ED0F52C48D4D4F4A7E96B99A937A0503974F71,IMPHASH=19B98B45B9BE9F27CA9A6135BE19A92D", "Signed": "true", "Signature": "Microsoft Windows", "SignatureStatus": "Valid", "_source_file": "data/baseline/win7-x86/Microsoft-Windows-Sysmon%4Operational.evtx"}, {"EventID": 7, "Computer": "evtx-PC", "UtcTime": "2022-04-04 11:19:52.837", "Provider": "Microsoft-Windows-Sysmon", "RuleName": "-", "ProcessGuid": "{e97d4e69-0000-0000-1bad-000000000000}", "ProcessId": "892", "Image": "C:\\Windows\\System32\\svchost.exe", "ImageLoaded": "C:\\Windows\\System32\\dsound.dll", "FileVersion": "6.1.7600.16385 (win7_rtm.090713-1255)", "Description": "DirectSound", "Product": "Microsoft\u00ae Windows\u00ae Operating System", "Company": "Microsoft Corporation", "OriginalFileName": "dsound.dll", "Hashes": "SHA1=D992C73FE5CEF2ED894E8053A3E44860B7CE23BB,MD5=0E85C11F8850D524B02181C6E02BA9AE,SHA256=8703566931067CCF949E9779E4D328DD21210329DD687459300C83DDD06390A8,IMPHASH=4028328557669218C3E09ADACA7C1802", "Signed": "true", "Signature": "Microsoft Windows", "SignatureStatus": "Valid", "_source_file": "data/baseline/win7-x86/Microsoft-Windows-Sysmon%4Operational.evtx"}, {"EventID": 7, "Computer": "evtx-PC", "UtcTime": "2022-04-04 11:19:52.837", "Provider": "Microsoft-Windows-Sysmon", "RuleName": "-", "ProcessGuid": "{e97d4e69-0000-0000-1bad-000000000000}", "ProcessId": "892", "Image": "C:\\Windows\\System32\\svchost.exe", "ImageLoaded": "C:\\Windows\\System32\\fdPHost.dll", "FileVersion": "6.1.7600.16385 (win7_rtm.090713-1255)", "Description": "Function Discovery Provider host service", "Product": "Microsoft\u00ae Windows\u00ae Operating System", "Company": "Microsoft Corporation", "OriginalFileName": "fdPHost.dll", "Hashes": "SHA1=E852497E07DF4DDB3EC84F0983643FCC06D0F121,MD5=F3222C893BD2F5821A0179E5C71E88FB,SHA256=A85B947249DBB986358CCD4B158DD58A9301F074F3C6CCCDEF2D01F432E59D1B,IMPHASH=76D7AA0751E28C81EDF732DC8D6CA6A3", "Signed": "true", "Signature": "Microsoft Windows", "SignatureStatus": "Valid", "_source_file": "data/baseline/win7-x86/Microsoft-Windows-Sysmon%4Operational.evtx"}, {"EventID": 7, "Computer": "evtx-PC", "UtcTime": "2022-04-04 11:19:52.837", "Provider": "Microsoft-Windows-Sysmon", "RuleName": "-", "ProcessGuid": "{e97d4e69-0000-0000-1bad-000000000000}", "ProcessId": "892", "Image": "C:\\Windows\\System32\\svchost.exe", "ImageLoaded": "C:\\Windows\\System32\\perfnet.dll", "FileVersion": "6.1.7600.16385 (win7_rtm.090713-1255)", "Description": "Windows Network Service Performance Objects DLL", "Product": "Microsoft\u00ae Windows\u00ae Operating System", "Company": "Microsoft Corporation", "OriginalFileName": "PERFNET.DLL", "Hashes": "SHA1=D52970DCE6AF86ACA0A1C1A2EC11007FE1C83028,MD5=1ACC2484F3F111D577ABE4FFB1CAF2A5,SHA256=7B93481DD6BE2021C7C7B939FB90C430CB70E1BE4A14E24A8D4D34EEA5AE5F15,IMPHASH=48BDFC06CDD4D15328BAB9FD74ED4D76", "Signed": "true", "Signature": "Microsoft Windows", "SignatureStatus": "Valid", "_source_file": "data/baseline/win7-x86/Microsoft-Windows-Sysmon%4Operational.evtx"}, {"EventID": 7, "Computer": "evtx-PC", "UtcTime": "2022-04-04 11:19:52.884", "Provider": "Microsoft-Windows-Sysmon", "RuleName": "-", "ProcessGuid": "{e97d4e69-0000-0000-1bad-000000000000}", "ProcessId": "892", "Image": "C:\\Windows\\System32\\svchost.exe", "ImageLoaded": "C:\\Windows\\System32\\pnidui.dll", "FileVersion": "6.1.7600.16385 (win7_rtm.090713-1255)", "Description": "Network System Icon", "Product": "Microsoft\u00ae Windows\u00ae Operating System", "Company": "Microsoft Corporation", "OriginalFileName": "PNIDUI.DLL", "Hashes": "SHA1=0A834B943C7DFB6BF7EAAF1EBFA205D13F7A2F3F,MD5=2862A3819BBC9757DD27BAC41A4E0A3E,SHA256=1F2DF48687E9BFB148B7E6A64C7212CD9891E6443763D36DEC6BF2F0733713C5,IMPHASH=1392D45B8BDD623AAFEFE4A47CB3CC03", "Signed": "true", "Signature": "Microsoft Windows", "SignatureStatus": "Valid", "_source_file": "data/baseline/win7-x86/Microsoft-Windows-Sysmon%4Operational.evtx"}, 