{"EventID": 7, "Computer": "evtx-PC", "UtcTime": "2022-04-04 11:19:51.337", "Provider": "Microsoft-Windows-Sysmon", "RuleName": "-", "ProcessGuid": "{e97d4e69-0000-0000-1bad-000000000000}", "ProcessId": "892", "Image": "C:\\Windows\\System32\\svchost.exe", "ImageLoaded": "C:\\Windows\\System32\\wcncsvc.dll", "FileVersion": "6.1.7600.16385 (win7_rtm.090713-1255)", "Description": "Windows Connect Now - Config Registrar Service", "Product": "Microsoft\u00ae Windows\u00ae Operating System", "Company": "Microsoft Corporation", "OriginalFileName": "WCNCSVC.DLL", "Hashes": "SHA1=3F6EA3D1C1CA05EB96B77DE8837E1C64FA666499,MD5=D0F88AA11EE1A62BCC6D6A8A7783CA11,SHA256=3DBC1806E6F8CD58A9E93EA2A0CDC83C1A90E37B5E385209E4D9A0C81922F447,IMPHASH=6151320F1BFBC7E8771D4DD22F064D42", "Signed": "true", "Signature": "Microsoft Windows", "SignatureStatus": "Valid", "_source_file": "data/baseline/win7-x86/Microsoft-Windows-Sysmon%4Operational.evtx"}, {"EventID": 7, "Computer": "evtx-PC", "UtcTime": "2022-04-04 11:19:51.337", "Provider": "Microsoft-Windows-Sysmon", "RuleName": "-", "ProcessGuid": "{e97d4e69-0000-0000-1bad-000000000000}", "ProcessId": "892", "Image": "C:\\Windows\\System32\\svchost.exe", "ImageLoaded": "C:\\Windows\\System32\\shsvcs.dll", "FileVersion": "6.1.7600.16385 (win7_rtm.090713-1255)", "Description": "Windows Shell Services Dll", "Product": "Microsoft\u00ae Windows\u00ae Operating System", "Company": "Microsoft Corporation", "OriginalFileName": "SHSVCS.DLL", "Hashes": "SHA1=8AC39AA70C29CD4CA2CA7E5C1A6827C042C055A6,MD5=CD2E48FA5B29EE2B3B5858056D246EF2,SHA256=B743F92D0121CF3D827753C85F1F5A14C2DAA1CAFD42C7810C3BECB853DB6175,IMPHASH=24E4C7E1298E493F271A6A5FE676E7FE", "Signed": "true", "Signature": "Microsoft Windows", "SignatureStatus": "Valid", "_source_file": "data/baseline/win7-x86/Microsoft-Windows-Sysmon%4Operational.evtx"}, {"EventID": 7, "Computer": "evtx-PC", "UtcTime": "2022-04-04 11:19:51.337", "Provider": "Microsoft-Windows-Sysmon", "RuleName": "-", "ProcessGuid": "{e97d4e69-0000-0000-1bad-000000000000}", "ProcessId": "892", "Image": "C:\\Windows\\System32\\svchost.exe", "ImageLoaded": "C:\\Windows\\System32\\oobe\\cmisetup.dll", "FileVersion": "6.1.7600.16385 (win7_rtm.090713-1255)", "Description": "Windows Component Configuration", "Product": "Microsoft\u00ae Windows\u00ae Operating System", "Company": "Microsoft Corporation", "OriginalFileName": "CMISetup.DLL", "Hashes": "SHA1=273AFFD19C4D0FC3DC099D1013189F47622B70C3,MD5=DD82D598EE5C16A72AC4C9FEDFFCBCB2,SHA256=02087F016760CE9F7A01943444B01FCEABE78A58976E9839B8BCB8886AFF10DE,IMPHASH=C96C5A7C2635CC3391E3B222B13AD966", "Signed": "true", "Signature": "Microsoft Windows", "SignatureStatus": "Valid", "_source_file": "data/baseline/win7-x86/Microsoft-Windows-Sysmon%4Operational.evtx"}, {"EventID": 7, "Computer": "evtx-PC", "UtcTime": "2022-04-04 11:19:51.337", "Provider": "Microsoft-Windows-Sysmon", "RuleName": "-", "ProcessGuid": "{e97d4e69-0000-0000-1bad-000000000000}", "ProcessId": "892", "Image": "C:\\Windows\\System32\\svchost.exe", "ImageLoaded": "C:\\Windows\\System32\\wsqmcons.exe", "FileVersion": "6.1.7600.16385 (win7_rtm.090713-1255)", "Description": "Windows SQM Consolidator", "Product": "Microsoft\u00ae Windows\u00ae Operating System", "Company": "Microsoft Corporation", "OriginalFileName": "wsqmcons.exe", "Hashes": "SHA1=22784AF0BB296120D16724FDA650CEE7B721523D,MD5=5C7CE3B32EDDD97B97D334C7019D00B8,SHA256=224A4DDACED29C212B9DBFC48ABAC8EFAFD9B121D1292563BB008D9BE3240372,IMPHASH=6199B3F7B851154BC163FE8A178B52CD", "Signed": "true", "Signature": "Microsoft Windows", "SignatureStatus": "Valid", "_source_file": "data/baseline/win7-x86/Microsoft-Windows-Sysmon%4Operational.evtx"}, {"EventID": 7, "Computer": "evtx-PC", "UtcTime": "2022-04-04 11:19:51.352", "Provider": "Microsoft-Windows-Sysmon", "RuleName": "-", "ProcessGuid": "{e97d4e69-0000-0000-1bad-000000000000}", "ProcessId": "892", "Image": "C:\\Windows\\System32\\svchost.exe", "ImageLoaded": "C:\\Windows\\System32\\DeviceUxRes.dll", "FileVersion": "6.1.7600.16385 (win7_rtm.090713-1255)", "Description": "Windows Device User Experience Resource File", "Product": "Microsoft\u00ae Windows\u00ae Operating System", "Company": "Microsoft Corporation", "OriginalFileName": "DeviceUxRes.dll", "Hashes": "SHA1=C180F6D9321299C605463F56EE8479B2A9D1ADA7,MD5=7ACC264046EC028AA1F3FD36554810D6,SHA256=6D06D818C9E194EB311DDCF50B7EB2526C6B01A0980C5EA2B354DA220DDD7789,IMPHASH=BF9F2D739BBA7D4519164780FB3876ED", "Signed": "true", "Signature": "Microsoft Windows", "SignatureStatus": "Valid", "_source_file": "data/baseline/win7-x86/Microsoft-Windows-Sysmon%4Operational.evtx"}, {"EventID": 7, "Computer": "evtx-PC", "UtcTime": "2022-04-04 11:19:51.368", "Provider": "Microsoft-Windows-Sysmon", "RuleName": "-", "ProcessGuid": "{e97d4e69-0000-0000-1bad-000000000000}", "ProcessId": "892", "Image": "C:\\Windows\\System32\\svchost.exe", "ImageLoaded": "C:\\Windows\\System32\\connect.dll", "FileVersion": "6.1.7600.16385 (win7_rtm.090713-1255)", "Description": "Get Connected Wizards", "Product": "Microsoft\u00ae Windows\u00ae Operating System", "Company": "Microsoft Corporation", "OriginalFileName": "connect.dll", "Hashes": "SHA1=A775E481726D846993D9B1292B64DA020B2F3336,MD5=5FC2D30C05487B480C2A154D5D281BA0,SHA256=51D856E6E6C4BC75E96BFE6F1CBD1E49A7D6E9C7C673963DDB03FF5504E5947F,IMPHASH=A587891EE8CB2AA079030E7DB13B829E", "Signed": "true", "Signature": "Microsoft Windows", "SignatureStatus": "Valid", "_source_file": "data/baseline/win7-x86/Microsoft-Windows-Sysmon%4Operational.evtx"}, {"EventID": 7, "Computer": "evtx-PC", "UtcTime": "2022-04-04 11:19:51.368", "Provider": "Microsoft-Windows-Sysmon", "RuleName": "-", "ProcessGuid": "{e97d4e69-0000-0000-1bad-000000000000}", "ProcessId": "892", "Image": "C:\\Windows\\System32\\svchost.exe", "ImageLoaded": "C:\\Windows\\System32\\FDResPub.dll", "FileVersion": "6.1.7600.16385 (win7_rtm.090713-1255)", "Description": "Function Discovery Resource Publication Service", "Product": "Microsoft\u00ae Windows\u00ae Operating System", "Company": "Microsoft Corporation", "OriginalFileName": "FDResPub.dll", "Hashes": "SHA1=06E84607CC114C6435AEA8FD0EA0102F913E7A4B,MD5=7DBE8CBFE79EFBDEB98C9FB08D3A9A5B,SHA256=0E76C29D2A974A3F2FBFCB63D066D4136B78E02F6B1F579B1865CA7A76193987,IMPHASH=14808CB3F613F65A39240C8A62B09B29", "Signed": "true", "Signature": "Microsoft Windows", "SignatureStatus": "Valid", "_source_file": "data/baseline/win7-x86/Microsoft-Windows-Sysmon%4Operational.evtx"}, {"EventID": 7, "Computer": "evtx-PC", "UtcTime": "2022-04-04 11:19:51.368", "Provider": "Microsoft-Windows-Sysmon", "RuleName": "-", "ProcessGuid": "{e97d4e69-0000-0000-1bad-000000000000}", "ProcessId": "892", "Image": "C:\\Windows\\System32\\svchost.exe", "ImageLoaded": "C:\\Windows\\System32\\perfproc.dll", "FileVersion": "6.1.7600.16385 (win7_rtm.090713-1255)", "Description": "Windows System Process Performance Objects DLL", "Product": "Microsoft\u00ae Windows\u00ae Operating System", "Company": "Microsoft Corporation", "OriginalFileName": "PERFPROC.DLL", "Hashes": "SHA1=B25491BA2A8AB521B8ED66D8B8FCED34E63E1E47,MD5=752F8E96BAB993517838315508FB82CB,SHA256=E2D40BC51CAA147EBCEB9898D3D75540CEF83376E088942D289CD58FFAE654DE,IMPHASH=3C7E06B04229AEE89218DA896BD1620B", "Signed": "true", "Signature": "Microsoft Windows", "SignatureStatus": "Valid", "_source_file": "data/baseline/win7-x86/Microsoft-Windows-Sysmon%4Operational.evtx"}, {"EventID": 7, "Computer": "evtx-PC", "UtcTime": "2022-04-04 11:19:51.383", "Provider": "Microsoft-Windows-Sysmon", "RuleName": "-", "ProcessGuid": "{e97d4e69-0000-0000-1bad-000000000000}", "ProcessId": "892", "Image": "C:\\Windows\\System32\\svchost.exe", "ImageLoaded": "C:\\Windows\\System32\\umpo.dll", "FileVersion": "6.1.7600.16385 (win7_rtm.090713-1255)", "Description": "User-mode Power Service", "Product": "Microsoft\u00ae Windows\u00ae Operating System", "Company": "Microsoft Corporation", "OriginalFileName": "Umpo.DLL", "Hashes": "SHA1=46393D4CEF60F3589F2C7D42EF00C444DE61397D,MD5=DBFF83F709A91049621C1D35DD45C92C,SHA256=0A722A44F431CAB5EA77FF5F25EB6975C2111B605564FF9FB59751067E7CD3A7,IMPHASH=D77E182758E43BFBB23D949C013A008A", "Signed": "true", "Signature": "Microsoft Windows", "SignatureStatus": "Valid", "_source_file": "data/baseline/win7-x86/Microsoft-Windows-Sysmon%4Operational.evtx"}, {"EventID": 7, "Computer": "evtx-PC", "UtcTime": "2022-04-04 11:19:51.414", "Provider": "Microsoft-Windows-Sysmon", "RuleName": "-", "ProcessGuid": "{e97d4e69-0000-0000-1bad-000000000000}", "ProcessId": "892", "Image": "C:\\Windows\\System32\\svchost.exe", "ImageLoaded": "C:\\Windows\\System32\\MPSSVC.dll", "FileVersion": "6.1.7600.16385 (win7_rtm.090713-1255)", "Description": "Microsoft Protection Service", "Product": "Microsoft\u00ae Windows\u00ae Operating System", "Company": "Microsoft Corporation", "OriginalFileName": "mpssvc.dll", "Hashes": "SHA1=CF57000F0171A8A47AAC69C7434C5B27D16A364A,MD5=5CD996CECF45CBC3E8D109C86B82D69E,SHA256=ABE40DA4DA555D3D5054BE28BF82E775D90DCB9E31409DC95FABF2F016B17700,IMPHASH=E5C12753FA04C91B3B5003971F6E32BB", "Signed": "true", "Signature": "Microsoft Windows", "SignatureStatus": "Valid", "_source_file": "data/baseline/win7-x86/Microsoft-Windows-Sysmon%4Operational.evtx"}, {"EventID": 7, "Computer": "evtx-PC", "UtcTime": "2022-04-04 11:19:51.414", "Provider": "Microsoft-Windows-Sysmon", "RuleName": "-", "ProcessGuid": "{e97d4e69-0000-0000-1bad-000000000000}", "ProcessId": "892", "Image": "C:\\Windows\\System32\\svchost.exe", "ImageLoaded": "C:\\Windows\\System32\\Wldap32.dll", "FileVersion": "6.1.7600.16385 (win7_rtm.090713-1255)", "Description": "Win32 LDAP API DLL", "Product": "Microsoft\u00ae Windows\u00ae Operating System", "Company": "Microsoft Corporation", "OriginalFileName": "WLDAP32.DLL", "Hashes": "SHA1=27CB754B62340F4585A2FDD66338033CD91D9E28,MD5=BFA70A99AD1434263F2DFBBA103BDEF8,SHA256=5A0E73D48824C23E2C221EAC369A906FEDECE0E047E8C7E5F012242E74AFAF9E,IMPHASH=D900A750A241DE43244596633C1F0AE1", "Signed": "true", "Signature": "Microsoft Windows", "SignatureStatus": "Valid", "_source_file": "data/baseline/win7-x86/Microsoft-Windows-Sysmon%4Operational.evtx"}, {"EventID": 7, "Computer": "evtx-PC", "UtcTime": "2022-04-04 11:19:51.383", "Provider": "Microsoft-Windows-Sysmon", "RuleName": "-", "ProcessGuid": "{e97d4e69-0000-0000-1bad-000000000000}", "ProcessId": "892", "Image": "C:\\Windows\\System32\\svchost.exe", "ImageLoaded": "C:\\Windows\\System32\\umpnpmgr.dll", "FileVersion": "6.1.7600.16385 (win7_rtm.090713-1255)", "Description": "User-mode Plug-and-Play Service", "Product": "Microsoft\u00ae Windows\u00ae Operating System", "Company": "Microsoft Corporation", "OriginalFileName": "Umpnpmgr.DLL", "Hashes": "SHA1=528EC2A904D5C14E27F8ADF2072E6DD32F63E5D6,MD5=2CC2008F1296968FBA162ED9F9AFE328,SHA256=670E2BE4EB8210C9D6AEA635DFA20E390936762A22B2BB413BF9C7AF418150D6,IMPHASH=A4A06D53EE8C893B231364352AC5E9FF", "Signed": "true", "Signature": "Microsoft Windows", "SignatureStatus": "Valid", "_source_file": "data/baseline/win7-x86/Microsoft-Windows-Sysmon%4Operational.evtx"}, {"EventID": 7, "Computer": "evtx-PC", "UtcTime": "2022-04-04 11:19:51.429", "Provider": "Microsoft-Windows-Sysmon", "RuleName": "-", "ProcessGuid": "{e97d4e69-0000-0000-1bad-000000000000}", "ProcessId": "892", "Image": "C:\\Windows\\System32\\svchost.exe", "ImageLoaded": "C:\\Windows\\System32\\schedsvc.dll", "FileVersion": "6.1.7600.16385 (win7_rtm.090713-1255)", "Description": "Task Scheduler Service", "Product": "Microsoft\u00ae Windows\u00ae Operating System", "Company": "Microsoft Corporation", "OriginalFileName": "schedsvc.dll", "Hashes": "SHA1=151D32E5D737D409792C2692F9CFD30BB3192A77,MD5=3E8B0C453E25613A1F59762A5C42AA75,SHA256=86801C49664441A08F7E95031E52AD2518D61CCB945A857A18F0714351A8158C,IMPHASH=D6BE5A5EB023E731E459EBC485043D3B", "Signed": "true", "Signature": "Microsoft Windows", "SignatureStatus": "Valid", "_source_file": "data/baseline/win7-x86/Microsoft-Windows-Sysmon%4Operational.evtx"}, {"EventID": 7, "Computer": "evtx-PC", "UtcTime": "2022-04-04 11:19:51.399", "Provider": "Microsoft-Windows-Sysmon", "RuleName": "-", "ProcessGuid": "{e97d4e69-0000-0000-1bad-000000000000}", "ProcessId": "892", "Image": "C:\\Windows\\System32\\svchost.exe", "ImageLoaded": "C:\\Windows\\System32\\wwansvc.dll", "FileVersion": "08.01.02.00 (win7_rtm.090713-1255)", "Description": "WWAN Auto Config Service", "Product": "Microsoft\u00ae Windows\u00ae Operating System", "Company": "Microsoft Corporation", "OriginalFileName": "WwanSvc.dll", "Hashes": "SHA1=39ED877871BB378E658F9410DDB40AEF00656DCC,MD5=FF2D745B560F7C71B31F30F4D49F73D2,SHA256=B2FBF7E5F58E34AC64FE6CF65800F1F07939279203BDE89375FAC92B884A4F37,IMPHASH=576D3FC952D41AFCD9DF3A857509D751", "Signed": "true", "Signature": "Microsoft Windows", "SignatureStatus": "Valid", "_source_file": "data/baseline/win7-x86/Microsoft-Windows-Sysmon%4Operational.evtx"}, {"EventID": 7, "Computer": "evtx-PC", "UtcTime": "2022-04-04 11:19:51.429", "Provider": "Microsoft-Windows-Sysmon", "RuleName": "-", "ProcessGuid": "{e97d4e69-0000-0000-1bad-000000000000}", "ProcessId": "892", "Image": "C:\\Windows\\System32\\svchost.exe", "ImageLoaded": "C:\\Windows\\System32\\drivers\\afd.sys", "FileVersion": "6.1.7600.16385 (win7_rtm.090713-1255)", "Description": "Ancillary Function Driver for WinSock", "Product": "Microsoft\u00ae Windows\u00ae Operating System", "Company": "Microsoft Corporation", "OriginalFileName": "afd.sys", "Hashes": "SHA1=383E2F79685BAC04B05BF9C64792EC8ED1C2BCEC,MD5=DDC040FDB01EF1712A6B13E52AFB104C,SHA256=BF17E91BBB85A04F1EEF580CD006101332CDE5B876A0D04C6932F30707BB184F,IMPHASH=F5BBC500CB9F7DA3E0EEE2F5A38A1AFC", "Signed": "true", "Signature": "Microsoft Windows", "SignatureStatus": "Valid", "_source_file": "data/baseline/win7-x86/Microsoft-Windows-Sysmon%4Operational.evtx"}, {"EventID": 7, "Computer": "evtx-PC", "UtcTime": "2022-04-04 11:19:51.399", "Provider": "Microsoft-Windows-Sysmon", "RuleName": "-", "ProcessGuid": "{e97d4e69-0000-0000-1bad-000000000000}", "ProcessId": "892", "Image": "C:\\Windows\\System32\\svchost.exe", "ImageLoaded": "C:\\Windows\\System32\\wusa.exe", "FileVersion": "6.1.7600.16385 (win7_rtm.090713-1255)", "Description": "Windows Update Standalone Installer", "Product": "Microsoft\u00ae Windows\u00ae Operating System", "Company": "Microsoft Corporation", "OriginalFileName": "wusa.exe", "Hashes": "SHA1=75D91FD67083A9B6F5CA60D6111D55EE9B083D17,MD5=98522C5E8F80BF3A41D0F78BACC6BC9F,SHA256=55D5064C6E98E9AD0CDB1BD5EF0D5E7C15096DDC967366E034473E84A5FEFC67,IMPHASH=DDC91ECD17D943E2EE26D62FC9A4FB0C", "Signed": "true", "Signature": "Microsoft Windows", "SignatureStatus": "Valid", "_source_file": "data/baseline/win7-x86/Microsoft-Windows-Sysmon%4Operational.evtx"}, {"EventID": 7, "Computer": "evtx-PC", "UtcTime": "2022-04-04 11:19:51.414", "Provider": "Microsoft-Windows-Sysmon", "RuleName": "-", "ProcessGuid": "{e97d4e69-0000-0000-1bad-000000000000}", "ProcessId": "892", "Image": "C:\\Windows\\System32\\svchost.exe", "ImageLoaded": "C:\\Windows\\System32\\wbem\\Win32_Tpm.dll", "FileVersion": "6.1.7600.16385 (win7_rtm.090713-1255)", "Description": "TPM WMI Provider", "Product": "Microsoft\u00ae Windows\u00ae Operating System", "Company": "Microsoft Corporation", "OriginalFileName": "Win32_Tpm.DLL", "Hashes": "SHA1=9665D0D806D1E00886A58AF506D557B43F52D96F,MD5=3B5B67A7BC547C70BB92022091E21FA1,SHA256=8EA483799CE34C861A63548615DF36F4C42D60547E8318753518678824580CF3,IMPHASH=003300621D4C5AC6A8A767D43D106926", "Signed": "true", "Signature": "Microsoft Windows", "SignatureStatus": "Valid", "_source_file": "data/baseline/win7-x86/Microsoft-Windows-Sysmon%4Operational.evtx"}, {"EventID": 7, "Computer": "evtx-PC", "UtcTime": "2022-04-04 11:19:51.445", "Provider": "Microsoft-Windows-Sysmon", "RuleName": "-", "ProcessGuid": "{e97d4e69-0000-0000-1bad-000000000000}", "ProcessId": "892", "Image": "C:\\Windows\\System32\\svchost.exe", "ImageLoaded": "C:\\Windows\\System32\\drivers\\http.sys", "FileVersion": "6.1.7600.16385 (win7_rtm.090713-1255)", "Description": "HTTP Protocol Stack", "Product": "Microsoft\u00ae Windows\u00ae Operating System", "Company": "Microsoft Corporation", "OriginalFileName": "http.sys", "Hashes": "SHA1=A4EDCF899DCF39C3BEC5D1465B9D1EE8BEADD420,MD5=C531C7FD9E8B62021112787C4E2C5A5A,SHA256=09205E2A5BFB6C623B312B8AC82F7F7CA8A922B1D9A0E3952BD3BA47BBE1F18C,IMPHASH=117F2DFF37EF0F122BF7B60E260258E0", "Signed": "true", "Signature": "Microsoft Windows", "SignatureStatus": "Valid", "_source_file": "data/baseline/win7-x86/Microsoft-Windows-Sysmon%4Operational.evtx"}, {"EventID": 7, "Computer": "evtx-PC", "UtcTime": "2022-04-04 11:19:51.445", "Provider": "Microsoft-Windows-Sysmon", "RuleName": "-", "ProcessGuid": "{e97d4e69-0000-0000-1bad-000000000000}", "ProcessId": "892", "Image": "C:\\Windows\\System32\\svchost.exe", "ImageLoaded": "C:\\Windows\\System32\\wcncsvc.dll", "FileVersion": "6.1.7600.16385 (win7_rtm.090713-1255)", "Description": "Windows Connect Now - Config Registrar Service", "Product": "Microsoft\u00ae Windows\u00ae Operating System", "Company": "Microsoft Corporation", "OriginalFileName": "WCNCSVC.DLL", "Hashes": "SHA1=3F6EA3D1C1CA05EB96B77DE8837E1C64FA666499,MD5=D0F88AA11EE1A62BCC6D6A8A7783CA11,SHA256=3DBC1806E6F8CD58A9E93EA2A0CDC83C1A90E37B5E385209E4D9A0C81922F447,IMPHASH=6151320F1BFBC7E8771D4DD22F064D42", "Signed": "true", "Signature": "Microsoft Windows", "SignatureStatus": "Valid", "_source_file": "data/baseline/win7-x86/Microsoft-Windows-Sysmon%4Operational.evtx"}, {"EventID": 7, "Computer": "evtx-PC", "UtcTime": "2022-04-04 11:19:51.429", "Provider": "Microsoft-Windows-Sysmon", "RuleName": "-", "ProcessGuid": "{e97d4e69-0000-0000-1bad-000000000000}", "ProcessId": "892", "Image": "C:\\Windows\\System32\\svchost.exe", "ImageLoaded": "C:\\Windows\\System32\\msimsg.dll", "FileVersion": "5.0.7600.16385 (win7_rtm.090713-1255)", "Description": "Windows\u00ae Installer International Messages", "Product": "Windows Installer - Unicode", "Company": "Microsoft Corporation", "OriginalFileName": "msimsg.dll", "Hashes": "SHA1=6AF6216FC1AA24C27F0F5CFC88938E3008CA3B4D,MD5=1F59B386F652A0484A3CC0B680B1132B,SHA256=509AE9F5F302C34D225607783A5E1467D73CFFF5CFB6CDF0E5D988CC95EA518A,IMPHASH=00000000000000000000000000000000", "Signed": "true", "Signature": "Microsoft Windows", "SignatureStatus": "Valid", "_source_file": "data/baseline/win7-x86/Microsoft-Windows-Sysmon%4Operational.evtx"}, {"EventID": 7, "Computer": "evtx-PC", "UtcTime": "2022-04-04 11:19:51.429", "Provider": "Microsoft-Windows-Sysmon", "RuleName": "-", "ProcessGuid": "{e97d4e69-0000-0000-1bad-000000000000}", "ProcessId": "892", "Image": "C:\\Windows\\System32\\svchost.exe", "ImageLoaded": "C:\\Windows\\System32\\msdtcVSp1res.dll", "FileVersion": "2001.12.8530.16385 (win7_rtm.090713-1255)", "Description": "Microsoft Distributed Transaction Coordinator Resources for Vista SP1", "Product": "Microsoft\u00ae Windows\u00ae Operating System", "Company": "Microsoft Corporation", "OriginalFileName": "msdtcVSp1res.dll", "Hashes": "SHA1=BAA962979C18801E441ED856CB724DAA8B8055EC,MD5=C10605723EADB779A485C8BCF22A8077,SHA256=2C243F2A5F6645724BADAF0C6EDFB0D394FBA63BF2DF76731B888B0513183DAB,IMPHASH=00000000000000000000000000000000", "Signed": "true", "Signature": "Microsoft Windows", "SignatureStatus": "Valid", "_source_file": "data/baseline/win7-x86/Microsoft-Windows-Sysmon%4Operational.evtx"}, {"EventID": 7, "Computer": "evtx-PC", "UtcTime": "2022-04-04 11:19:51.460", "Provider": "Microsoft-Windows-Sysmon", "RuleName": "-", "ProcessGuid": "{e97d4e69-0000-0000-1bad-000000000000}", "ProcessId": "892", "Image": "C:\\Windows\\System32\\svchost.exe", "ImageLoaded": "C:\\Windows\\System32\\ktmw32.dll", "FileVersion": "6.1.7600.16385 (win7_rtm.090713-1255)", "Description": "Windows KTM Win32 Client DLL", "Product": "Microsoft\u00ae Windows\u00ae Operating System", "Company": "Microsoft Corporation", "OriginalFileName": "ktmw32", "Hashes": "SHA1=D6B9D75976252425D7DC70AE94406ACF845D9D24,MD5=38B13C0DF479DBA23ECFA815159BA86E,SHA256=C289C65AF3FB689AD6B770AB0E815860D9EA36FB2A8DE9F1818C63AD0FE47CBD,IMPHASH=9F6CC8D4A700CFAD7788E1046B565B99", "Signed": "true", "Signature": "Microsoft Windows", "SignatureStatus": "Valid", "_source_file": "data/baseline/win7-x86/Microsoft-Windows-Sysmon%4Operational.evtx"}, {"EventID": 7, "Computer": "evtx-PC", "UtcTime": "2022-04-04 11:19:51.429", "Provider": "Microsoft-Windows-Sysmon", "RuleName": "-", "ProcessGuid": "{e97d4e69-0000-0000-1bad-000000000000}", "ProcessId": "892", "Image": "C:\\Windows\\System32\\svchost.exe", "ImageLoaded": "C:\\Windows\\System32\\drivers\\pacer.sys", "FileVersion": "6.1.7600.16385 (win7_rtm.090713-1255)", "Description": "QoS Packet Scheduler", "Product": "Microsoft\u00ae Windows\u00ae Operating System", "Company": "Microsoft Corporation", "OriginalFileName": "pacer.sys", "Hashes": "SHA1=3325F7B58F9EE8F3C022B93E04F61E9399C0AA4F,MD5=6270CCAE2A86DE6D146529FE55B3246A,SHA256=463209CBAF1B0E269DC8FC6FBDEE5BB7E5ADB5D3F024930BFD0B97E0A9678883,IMPHASH=6538A74F35A3D9F2B64EABC734F30B07", "Signed": "true", "Signature": "Microsoft Windows", "SignatureStatus": "Valid", "_source_file": "data/baseline/win7-x86/Microsoft-Windows-Sysmon%4Operational.evtx"}, {"EventID": 7, "Computer": "evtx-PC", "UtcTime": "2022-04-04 11:19:51.445", "Provider": "Microsoft-Windows-Sysmon", "RuleName": "-", "ProcessGuid": "{e97d4e69-0000-0000-1bad-000000000000}", "ProcessId": "892", "Image": "C:\\Windows\\System32\\svchost.exe", "ImageLoaded": "C:\\Windows\\System32\\MFPlay.dll", "FileVersion": "12.0.7600.16385 (win7_rtm.090713-1255)", "Description": "Media Foundation Playback API DLL", "Product": "Microsoft\u00ae Windows\u00ae Operating System", "Company": "Microsoft Corporation", "OriginalFileName": "MFPlay.dll", "Hashes": "SHA1=6A23E392BC7CEA78B75F4261EC8C04F3404BC98E,MD5=66A58485BC9BBBF3D17524BC86CA94D9,SHA256=83C8EA6DB54626E457B7EC5F49E39328DB04CF52C03D200FC5ED177EF531C34E,IMPHASH=2398675F55CE8EEB8D3F2B5E08096972", "Signed": "true", "Signature": "Microsoft Windows", "SignatureStatus": "Valid", "_source_file": "data/baseline/win7-x86/Microsoft-Windows-Sysmon%4Operational.evtx"}, {"EventID": 7, "Computer": "evtx-PC", "UtcTime": "2022-04-04 11:19:51.460", "Provider": "Microsoft-Windows-Sysmon", "RuleName": "-", "ProcessGuid": "{e97d4e69-0000-0000-1bad-000000000000}", "ProcessId": "892", "Image": "C:\\Windows\\System32\\svchost.exe", "ImageLoaded": "C:\\Windows\\System32\\drivers\\ataport.sys", "FileVersion": "6.1.7600.16385 (win7_rtm.090713-1255)", "Description": "ATAPI Driver Extension", "Product": "Microsoft\u00ae Windows\u00ae Operating System", "Company": "Microsoft Corporation", "OriginalFileName": "ataport.sys", "Hashes": "SHA1=568CF51652DF19CA8AE458E70810339A272D2672,MD5=BCA15585EFDDE7EBA8568BDFB75983A3,SHA256=C8AEEDC6A3CBC95363F977D8F36CBB8CC9CBC2AA615C79C37034194D2854FE68,IMPHASH=048067E7F0014A8E4217A006D216405D", "Signed": "true", "Signature": "Microsoft Windows", "SignatureStatus": "Valid", "_source_file": "data/baseline/win7-x86/Microsoft-Windows-Sysmon%4Operational.evtx"}, {"EventID": 7, "Computer": "evtx-PC", "UtcTime": "2022-04-04 11:19:51.460", "Provider": "Microsoft-Windows-Sysmon", "RuleName": "-", "ProcessGuid": "{e97d4e69-0000-0000-1bad-000000000000}", "ProcessId": "892", "Image": "C:\\Windows\\System32\\svchost.exe", "ImageLoaded": "C:\\Windows\\System32\\Dxpserver.exe", "FileVersion": "6.1.7600.16385 (win7_rtm.090713-1255)", "Description": "Device Stage Platform Server", "Product": "Microsoft\u00ae Windows\u00ae Operating System", "Company": "Microsoft Corporation", "OriginalFileName": "DXPServer.EXE", "Hashes": "SHA1=CC112C1E30E88C2ED0F0FEEE31007DBFFC4C9242,MD5=E570CC96463A5E480E2807B032E7F52E,SHA256=630622D33354C1480B3D43338E6124287F01591927D1EA602DAC7E3A6AA7B0C2,IMPHASH=D11F87B3DCB89BBAC463232EAAD0446C", "Signed": "true", "Signature": "Microsoft Windows", "SignatureStatus": "Valid", "_source_file": "data/baseline/win7-x86/Microsoft-Windows-Sysmon%4Operational.evtx"}, {"EventID": 7, "Computer": "evtx-PC", "UtcTime": "2022-04-04 11:19:51.476", "Provider": "Microsoft-Windows-Sysmon", "RuleName": "-", "ProcessGuid": "{e97d4e69-0000-0000-1bad-000000000000}", "ProcessId": "892", "Image": "C:\\Windows\\System32\\svchost.exe", "ImageLoaded": "C:\\Windows\\System32\\SearchIndexer.exe", "FileVersion": "7.00.7600.16385 (win7_rtm.090713-1255)", "Description": "Microsoft Windows Search Indexer", "Product": "Windows\u00ae Search", "Company": "Microsoft Corporation", "OriginalFileName": "SearchIndexer.exe", "Hashes": "SHA1=3CD4818CEDB6C619263085C3D27026798B867FF9,MD5=622D95520182F6D3D05310D5810CA8B3,SHA256=8162F06721E7B994933639D45BEEF34643DB36C25AE9DD8593991F45D5C2DFCC,IMPHASH=848126FB77ADA59F39EEF4EEBCDBF6FE", "Signed": "true", "Signature": "Microsoft Windows", "SignatureStatus": "Valid", "_source_file": "data/baseline/win7-x86/Microsoft-Windows-Sysmon%4Operational.evtx"}, {"EventID": 7, "Computer": "evtx-PC", "UtcTime": "2022-04-04 11:19:51.491", "Provider": "Microsoft-Windows-Sysmon", "RuleName": "-", "ProcessGuid": "{e97d4e69-0000-0000-1bad-000000000000}", "ProcessId": "892", "Image": "C:\\Windows\\System32\\svchost.exe", "ImageLoaded": "C:\\Windows\\System32\\FntCache.dll", "FileVersion": "6.1.7600.16385 (win7_rtm.090713-1255)", "Description": "Windows Font Cache Service", "Product": "Microsoft\u00ae Windows\u00ae Operating System", "Company": "Microsoft Corporation", "OriginalFileName": "FontCacheService", "Hashes": "SHA1=B4E17BC55A27B462DA480E7C9303CD7D2FD9A53A,MD5=B6512A85815FDC3D560C3705F5BDB93D,SHA256=A04D60BF4649DD7582C0E26E9CED93841D8B2729FDF6E1551F48A94AFD5A6436,IMPHASH=6A30CAD89F0ECF92B9F6979A29651BFB", "Signed": "true", "Signature": "Microsoft Windows", "SignatureStatus": "Valid", "_source_file": "data/baseline/win7-x86/Microsoft-Windows-Sysmon%4Operational.evtx"}, {"EventID": 7, "Computer": "evtx-PC", "UtcTime": "2022-04-04 11:19:51.507", "Provider": "Microsoft-Windows-Sysmon", "RuleName": "-", "ProcessGuid": "{e97d4e69-0000-0000-1bad-000000000000}", "ProcessId": "892", "Image": "C:\\Windows\\System32\\svchost.exe", "ImageLoaded": "C:\\Windows\\System32\\drivers\\tunnel.sys", "FileVersion": "6.1.7600.16385 (win7_rtm.090713-1255)", "Description": "Microsoft Tunnel Interface Driver", "Product": "Microsoft\u00ae Windows\u00ae Operating System", "Company": "Microsoft Corporation", "OriginalFileName": "tunnel.sys", "Hashes": "SHA1=2CF927D2646E3B7586CAEC02170DECEC102504E4,MD5=3E461D890A97F9D4C168F5FDA36E1D00,SHA256=82A8778F404F7AC5102802CF46F279F1E58AC74244665D06FD0C68A8BD887536,IMPHASH=917CFB2BFB6B0DD4CCCE4756144E90AA", "Signed": "true", "Signature": "Microsoft Windows", "SignatureStatus": "Valid", "_source_file": "data/baseline/win7-x86/Microsoft-Windows-Sysmon%4Operational.evtx"}, {"EventID": 7, "Computer": "evtx-PC", "UtcTime": "2022-04-04 11:19:51.507", "Provider": "Microsoft-Windows-Sysmon", "RuleName": "-", "ProcessGuid": "{e97d4e69-0000-0000-1bad-000000000000}", "ProcessId": "892", "Image": "C:\\Windows\\System32\\svchost.exe", "ImageLoaded": "C:\\Windows\\System32\\dps.dll", "FileVersion": "6.1.7600.16385 (win7_rtm.090713-1255)", "Description": "WDI Diagnostic Policy Service", "Product": "Microsoft\u00ae Windows\u00ae Operating System", "Company": "Microsoft Corporation", "OriginalFileName": "dps.dll", "Hashes": "SHA1=97A64EA7D83D22B55EC5756DDD32821F7B901119,MD5=7FA81C6E11CAA594ADB52084DA73A1E5,SHA256=9ED1C585D9CA091E75E4A2A1E5B923B104EBDC5FC9D12154DE909C583E4D0CAE,IMPHASH=08E6F9CEB88FE13B2EDB0B8F456496A5", "Signed": "true", "Signature": "Microsoft Windows", "SignatureStatus": "Valid", "_source_file": "data/baseline/win7-x86/Microsoft-Windows-Sysmon%4Operational.evtx"}, {"EventID": 7, "Computer": "evtx-PC", "UtcTime": "2022-04-04 11:19:51.491", "Provider": "Microsoft-Windows-Sysmon", "RuleName": "-", "ProcessGuid": "{e97d4e69-0000-0000-1bad-000000000000}", "ProcessId": "892", "Image": "C:\\Windows\\System32\\svchost.exe", "ImageLoaded": "C:\\Windows\\System32\\quartz.dll", "FileVersion": "6.6.7600.16385 (win7_rtm.090713-1255)", "Description": "DirectShow Runtime.", "Product": "Microsoft\u00ae Windows\u00ae Operating System", "Company": "Microsoft Corporation", "OriginalFileName": "Quartz.dll", "Hashes": "SHA1=023B68F382330FE5DB59D93581ABA5AE8DEC04F1,MD5=98A48B1A4B9A9C4E54316BC490D42F3D,SHA256=11D097D6A4D81470B7586D1D3F28B0179D514173AA675643895893EEAD446925,IMPHASH=39BDB8EBF90CE32C4E9592D6C44F8188", "Signed": "true", "Signature": "Microsoft Windows", "SignatureStatus": "Valid", "_source_file": "data/baseline/win7-x86/Microsoft-Windows-Sysmon%4Operational.evtx"}, {"EventID": 7, "Computer": "evtx-PC", "UtcTime": "2022-04-04 11:19:51.491", "Provider": "Microsoft-Windows-Sysmon", "RuleName": "-", "ProcessGuid": "{e97d4e69-0000-0000-1bad-000000000000}", "ProcessId": "892", "Image": "C:\\Windows\\System32\\svchost.exe", "ImageLoaded": "C:\\Program Files\\Common Files\\microsoft shared\\ink\\rtscom.dll", "FileVersion": "6.1.7600.16385 (win7_rtm.090713-1255)", "Description": "Microsoft Tablet PC Real Time Stylus Platform Component", "Product": "Microsoft\u00ae Windows\u00ae Operating System", "Company": "Microsoft Corporation", "OriginalFileName": "RTSCom.dll", "Hashes": "SHA1=70EE382AA6B378CD222E7B312D52CB641D035474,MD5=C03F1F7582605BC9988A2D3A113B6BDD,SHA256=ADE1239A79035979CB4ACE27EB7CC46B690D77C20FC403659ADF3B1FACC2D78C,IMPHASH=C0D244F78BFD6976B8EAD71DC36B3DBD", "Signed": "true", "Signature": "Microsoft Windows", "SignatureStatus": "Valid", "_source_file": "data/baseline/win7-x86/Microsoft-Windows-Sysmon%4Operational.evtx"}, {"EventID": 7, "Computer": "evtx-PC", "UtcTime": "2022-04-04 11:19:51.538", "Provider": "Microsoft-Windows-Sysmon", "RuleName": "-", "ProcessGuid": "{e97d4e69-0000-0000-1bad-000000000000}", "ProcessId": "892", "Image": "C:\\Windows\\System32\\svchost.exe", "ImageLoaded": "C:\\Program Files\\Windows Media Player\\setup_wm.exe", "FileVersion": "12.0.7600.16385 (win7_rtm.090713-1255)", "Description": "Microsoft Windows Media Configuration Utility", "Product": "Microsoft\u00ae Windows\u00ae Operating System", "Company": "Microsoft Corporation", "OriginalFileName": "setup_wm.exe", "Hashes": "SHA1=81F37CC031A154B3B86837521119C71F378180BA,MD5=FF880D1802535A24D0C8040EAA9BD294,SHA256=8FAD4567065AE8730A9C78C599C21A5E556C2DBB1DA6AC36664DCABD6BE3E522,IMPHASH=914F48205872E2A197AAAE4775F619B3", "Signed": "true", "Signature": "Microsoft Windows", "SignatureStatus": "Valid", "_source_file": "data/baseline/win7-x86/Microsoft-Windows-Sysmon%4Operational.evtx"}, {"EventID": 7, "Computer": "evtx-PC", "UtcTime": "2022-04-04 11:19:51.538", "Provider": "Microsoft-Windows-Sysmon", "RuleName": "-", "ProcessGuid": "{e97d4e69-0000-0000-1bad-000000000000}", "ProcessId": "892", "Image": "C:\\Windows\\System32\\svchost.exe", "ImageLoaded": "C:\\Windows\\System32\\ksproxy.ax", "FileVersion": "6.1.7600.16385 (win7_rtm.090713-1255)", "Description": "WDM Streaming ActiveMovie Proxy", "Product": "Microsoft\u00ae Windows\u00ae Operating System", "Company": "Microsoft Corporation", "OriginalFileName": "ksproxy.ax", "Hashes": "SHA1=B7F5864EA6C9A3B224877FB318D701D85FA87267,MD5=8BF179E9513F70EA95DE2D539650EAF0,SHA256=101B085AB7B54ECE34C411331FF4EE141FDE73CD8757F54A461177B68633609F,IMPHASH=0C0819BC216ACDAC95A50BDFC374B50A", "Signed": "true", "Signature": "Microsoft Windows", "SignatureStatus": "Valid", "_source_file": "data/baseline/win7-x86/Microsoft-Windows-Sysmon%4Operational.evtx"}, {"EventID": 7, "Computer": "evtx-PC", "UtcTime": "2022-04-04 11:19:51.553", "Provider": "Microsoft-Windows-Sysmon", "RuleName": "-", "ProcessGuid": "{e97d4e69-0000-0000-1bad-000000000000}", "ProcessId": "892", "Image": "C:\\Windows\\System32\\svchost.exe", "ImageLoaded": "C:\\Windows\\System32\\drivers\\usbport.sys", "FileVersion": "6.1.7600.16385 (win7_rtm.090713-1255)", "Description": "USB 1.1 & 2.0 Port Driver", "Product": "Microsoft\u00ae Windows\u00ae Operating System", "Company": "Microsoft Corporation", "OriginalFileName": "usbport.sys", "Hashes": "SHA1=C0189030B2CF3FF3D358192EE068F2EB45D35AE6,MD5=F6D1C957C5BF4F274AAD1DA7059916E4,SHA256=E53D71BBF3EAE5F2B01BB3D377FECAA5FAD3633C2CB6DCCD42ED010C8B4876AB,IMPHASH=567080A394FF9523CF65761800B27EB9", "Signed": "true", "Signature": "Microsoft Windows", "SignatureStatus": "Valid", "_source_file": "data/baseline/win7-x86/Microsoft-Windows-Sysmon%4Operational.evtx"}, {"EventID": 7, "Computer": "evtx-PC", "UtcTime": "2022-04-04 11:19:51.553", "Provider": "Microsoft-Windows-Sysmon", "RuleName": "-", "ProcessGuid": "{e97d4e69-0000-0000-1bad-000000000000}", "ProcessId": "892", "Image": "C:\\Windows\\System32\\svchost.exe", "ImageLoaded": "C:\\Windows\\System32\\efssvc.dll", "FileVersion": "6.1.7600.16385 (win7_rtm.090713-1255)", "Description": "EFS Service", "Product": "Microsoft\u00ae Windows\u00ae Operating System", "Company": "Microsoft Corporation", "OriginalFileName": "EFSSVC.DLL", "Hashes": "SHA1=0C47C52C8777123BA328768D4BE1CF3E01D6B94E,MD5=00A99DA54C14969A899ED316D16E9A9E,SHA256=E960B567A955962C79FF19E73AD2CB1313BAA9B87F10B460BF2713C1415BC305,IMPHASH=4A7B832FA02F46F3B08739A8DD5644BD", "Signed": "true", "Signature": "Microsoft Windows", "SignatureStatus": "Valid", "_source_file": "data/baseline/win7-x86/Microsoft-Windows-Sysmon%4Operational.evtx"}, {"EventID": 7, "Computer": "evtx-PC", "UtcTime": "2022-04-04 11:19:51.569", "Provider": "Microsoft-Windows-Sysmon", "RuleName": "-", "ProcessGuid": "{e97d4e69-0000-0000-1bad-000000000000}", "ProcessId": "892", "Image": "C:\\Windows\\System32\\svchost.exe", "ImageLoaded": "C:\\Windows\\System32\\drivers\\Classpnp.sys", "FileVersion": "6.1.7600.16385 (win7_rtm.090713-1255)", "Description": "SCSI Class System Dll", "Product": "Microsoft\u00ae Windows\u00ae Operating System", "Company": "Microsoft Corporation", "OriginalFileName": "Classpnp.sys", "Hashes": "SHA1=29C56BCD2DA2CBF0367B60478F45D3710ADB1BF9,MD5=A6388A5ABF92C7927C085DB0A958125F,SHA256=E593F1420DFFD38D97DA0232C82F00D18791FD942F772CCBD41642685549C811,IMPHASH=169D00CF890E7C411F11E80652362770", "Signed": "true", "Signature": "Microsoft Windows", "SignatureStatus": "Valid", "_source_file": "data/baseline/win7-x86/Microsoft-Windows-Sysmon%4Operational.evtx"}, {"EventID": 7, "Computer": "evtx-PC", "UtcTime": "2022-04-04 11:19:51.584", "Provider": "Microsoft-Windows-Sysmon", "RuleName": "-", "ProcessGuid": "{e97d4e69-0000-0000-1bad-000000000000}", "ProcessId": "892", "Image": "C:\\Windows\\System32\\svchost.exe", "ImageLoaded": "C:\\Windows\\System32\\ktmw32.dll", "FileVersion": "6.1.7600.16385 (win7_rtm.090713-1255)", "Description": "Windows KTM Win32 Client DLL", "Product": "Microsoft\u00ae Windows\u00ae Operating System", "Company": "Microsoft Corporation", "OriginalFileName": "ktmw32", "Hashes": "SHA1=D6B9D75976252425D7DC70AE94406ACF845D9D24,MD5=38B13C0DF479DBA23ECFA815159BA86E,SHA256=C289C65AF3FB689AD6B770AB0E815860D9EA36FB2A8DE9F1818C63AD0FE47CBD,IMPHASH=9F6CC8D4A700CFAD7788E1046B565B99", "Signed": "true", "Signature": "Microsoft Windows", "SignatureStatus": "Valid", "_source_file": "data/baseline/win7-x86/Microsoft-Windows-Sysmon%4Operational.evtx"}, {"EventID": 7, "Computer": "evtx-PC", "UtcTime": "2022-04-04 11:19:51.584", "Provider": "Microsoft-Windows-Sysmon", "RuleName": "-", "ProcessGuid": "{e97d4e69-0000-0000-1bad-000000000000}", "ProcessId": "892", "Image": "C:\\Windows\\System32\\svchost.exe", "ImageLoaded": "C:\\Windows\\System32\\MP4SDECD.DLL", "FileVersion": "6.1.7600.16385 (win7_rtm.090713-1255)", "Description": "Windows Media MPEG-4 S Video Decoder", "Product": "Microsoft\u00ae Windows\u00ae Operating System", "Company": "Microsoft Corporation", "OriginalFileName": "mp4sdmod.dll", "Hashes": "SHA1=80A83CAE0BD3E6D9D750D5E8B72CD9794E3C4BED,MD5=44E27C2346456B3618600BDD05207031,SHA256=6CB6517777880DDCCFFC0391FBB277EC0A215CEB147EAB7569327B0AA90D09A2,IMPHASH=596D335753FAA16CF1ECF17BBEA7BE44", "Signed": "true", "Signature": "Microsoft Windows", "SignatureStatus": "Valid", "_source_file": "data/baseline/win7-x86/Microsoft-Windows-Sysmon%4Operational.evtx"}, {"EventID": 7, "Computer": "evtx-PC", "UtcTime": "2022-04-04 11:19:51.600", "Provider": "Microsoft-Windows-Sysmon", "RuleName": "-", "ProcessGuid": "{e97d4e69-0000-0000-1bad-000000000000}", "ProcessId": "892", "Image": "C:\\Windows\\System32\\svchost.exe", "ImageLoaded": "C:\\Windows\\System32\\RpcEpMap.dll", "FileVersion": "6.1.7600.16385 (win7_rtm.090713-1255)", "Description": "RPC Endpoint Mapper", "Product": "Microsoft\u00ae Windows\u00ae Operating System", "Company": "Microsoft Corporation", "OriginalFileName": "RpcEpMap.dll", "Hashes": "SHA1=C604BC90032B99456C9F92F98F963DF999CF8B15,MD5=78D072F35BC45D9E4E1B61895C152234,SHA256=80C924EE1156B4E3172E83DCB9C60817E87885FB9377647E0BF90153E415B1CA,IMPHASH=22D2A700B86EBCF1D9EC9F88B6379819", "Signed": "true", "Signature": "Microsoft Windows", "SignatureStatus": "Valid", "_source_file": "data/baseline/win7-x86/Microsoft-Windows-Sysmon%4Operational.evtx"}, {"EventID": 7, "Computer": "evtx-PC", "UtcTime": "2022-04-04 11:19:51.600", "Provider": "Microsoft-Windows-Sysmon", "RuleName": "-", "ProcessGuid": "{e97d4e69-0000-0000-1bad-000000000000}", "ProcessId": "892", "Image": "C:\\Windows\\System32\\svchost.exe", "ImageLoaded": "C:\\Windows\\System32\\drivers\\nwifi.sys", "FileVersion": "6.1.7600.16385 (win7_rtm.090713-1255)", "Description": "NativeWiFi Miniport Driver", "Product": "Microsoft\u00ae Windows\u00ae Operating System", "Company": "Microsoft Corporation", "OriginalFileName": "NWiFi.SYS", "Hashes": "SHA1=15D3CEDC19DA5AF9AF685AA0B0A6EE490AB901B9,MD5=26384429FCD85D83746F63E798AB1480,SHA256=957C115C263A4B4DC854558B43ECE632D8E2BCCB744E23A01EBA7476BA2E7FFB,IMPHASH=2F4AD03FED78FD6A255D4FCB51918ECD", "Signed": "true", "Signature": "Microsoft Windows", "SignatureStatus": "Valid", "_source_file": "data/baseline/win7-x86/Microsoft-Windows-Sysmon%4Operational.evtx"}, {"EventID": 7, "Computer": "evtx-PC", "UtcTime": "2022-04-04 11:19:51.615", "Provider": "Microsoft-Windows-Sysmon", "RuleName": "-", "ProcessGuid": "{e97d4e69-0000-0000-1bad-000000000000}", "ProcessId": "892", "Image": "C:\\Windows\\System32\\svchost.exe", "ImageLoaded": "C:\\Windows\\System32\\Speech\\SpeechUX\\SpeechUX.dll", "FileVersion": "6.1.7600.16385 (win7_rtm.090713-1255)", "Description": "Speech UX", "Product": "Microsoft\u00ae Windows\u00ae Operating System", "Company": "Microsoft Corporation", "OriginalFileName": "SpeechUX.dll", "Hashes": "SHA1=79E0ECA836FE13B2C9A85AE9A01E6F7F4471CD26,MD5=9AE191F9E347F8971311326D2E060030,SHA256=99666B2B03761D1EB9D74FE60B50DFE2676CD3BF34C7F4C4AD846ABB4FB0E424,IMPHASH=C31A10DF285EB84D3890F3FC5A5C5FEB", "Signed": "true", "Signature": "Microsoft Windows", "SignatureStatus": "Valid", "_source_file": "data/baseline/win7-x86/Microsoft-Windows-Sysmon%4Operational.evtx"}, {"EventID": 7, "Computer": "evtx-PC", "UtcTime": "2022-04-04 11:19:51.631", "Provider": "Microsoft-Windows-Sysmon", "RuleName": "-", "ProcessGuid": "{e97d4e69-0000-0000-1bad-000000000000}", "ProcessId": "892", "Image": "C:\\Windows\\System32\\svchost.exe", "ImageLoaded": "C:\\Windows\\System32\\osk.exe", "FileVersion": "6.1.7600.16385 (win7_rtm.090713-1255)", "Description": "Accessibility On-Screen Keyboard", "Product": "Microsoft\u00ae Windows\u00ae Operating System", "Company": "Microsoft Corporation", "OriginalFileName": "osk.exe", "Hashes": "SHA1=1F8744F003E2571DBC1ADEBEB3422914D2FD9C56,MD5=F0CE586AEAF318BDDD443651A2E672E7,SHA256=593A37A589CC3827B19860FF1A9044EED50FEDEDCADBA75FB13D97D611C82F2B,IMPHASH=F9815E29854683EF4F5A668C9D2A24F9", "Signed": "true", "Signature": "Microsoft Windows", "SignatureStatus": "Valid", "_source_file": "data/baseline/win7-x86/Microsoft-Windows-Sysmon%4Operational.evtx"}, {"EventID": 7, "Computer": "evtx-PC", "UtcTime": "2022-04-04 11:19:51.661", "Provider": "Microsoft-Windows-Sysmon", "RuleName": "-", "ProcessGuid": "{e97d4e69-0000-0000-1bad-000000000000}", "ProcessId": "892", "Image": "C:\\Windows\\System32\\svchost.exe", "ImageLoaded": "C:\\Windows\\System32\\themecpl.dll", "FileVersion": "6.1.7600.16385 (win7_rtm.090713-1255)", "Description": "Personalization CPL", "Product": "Microsoft\u00ae Windows\u00ae Operating System", "Company": "Microsoft Corporation", "OriginalFileName": "THEMECPL.DLL", "Hashes": "SHA1=83AF7D952E2A6EC59B36C8E72009D4A823D7E583,MD5=E7258AA40E6CE3FD66D66D9C8027DC6C,SHA256=98DA72265DD725F3E68DC68C9F830DEF23F9F71D3A048E23521F5B6450ADBA51,IMPHASH=9E23B0B3A0F61FFCC25CD63EC6B98D2A", "Signed": "true", "Signature": "Microsoft Windows", "SignatureStatus": "Valid", "_source_file": "data/baseline/win7-x86/Microsoft-Windows-Sysmon%4Operational.evtx"}, {"EventID": 7, "Computer": "evtx-PC", "UtcTime": "2022-04-04 11:19:51.661", "Provider": "Microsoft-Windows-Sysmon", "RuleName": "-", "ProcessGuid": "{e97d4e69-0000-0000-1bad-000000000000}", "ProcessId": "892", "Image": "C:\\Windows\\System32\\svchost.exe", "ImageLoaded": "C:\\Windows\\System32\\drivers\\dxgkrnl.sys", "FileVersion": "6.1.7600.16385 (win7_rtm.090713-1255)", "Description": "DirectX Graphics Kernel", "Product": "Microsoft\u00ae Windows\u00ae Operating System", "Company": "Microsoft Corporation", "OriginalFileName": "dxgkrnl.sys", "Hashes": "SHA1=41237466566A707FC667F4CE9A1671620ED368B0,MD5=39806CFEDDCC55E686A49BCCD2972F23,SHA256=EFD5816D3E8E7F0F8D8E52AB9C534737F32D2D6D3EACCA78940792C553881C64,IMPHASH=7F5C9DA0E488EF8771D2A6B740591EDD", "Signed": "true", "Signature": "Microsoft Windows", "SignatureStatus": "Valid", "_source_file": "data/baseline/win7-x86/Microsoft-Windows-Sysmon%4Operational.evtx"}, {"EventID": 7, "Computer": "evtx-PC", "UtcTime": "2022-04-04 11:19:51.692", "Provider": "Microsoft-Windows-Sysmon", "RuleName": "-", "ProcessGuid": "{e97d4e69-0000-0000-1bad-000000000000}", "ProcessId": "892", "Image": "C:\\Windows\\System32\\svchost.exe", "ImageLoaded": "C:\\Windows\\System32\\schedsvc.dll", "FileVersion": "6.1.7600.16385 (win7_rtm.090713-1255)", "Description": "Task Scheduler Service", "Product": "Microsoft\u00ae Windows\u00ae Operating System", "Company": "Microsoft Corporation", "OriginalFileName": "schedsvc.dll", "Hashes": "SHA1=151D32E5D737D409792C2692F9CFD30BB3192A77,MD5=3E8B0C453E25613A1F59762A5C42AA75,SHA256=86801C49664441A08F7E95031E52AD2518D61CCB945A857A18F0714351A8158C,IMPHASH=D6BE5A5EB023E731E459EBC485043D3B", "Signed": "true", "Signature": "Microsoft Windows", "SignatureStatus": "Valid", "_source_file": "data/baseline/win7-x86/Microsoft-Windows-Sysmon%4Operational.evtx"}, {"EventID": 7, "Computer": "evtx-PC", "UtcTime": "2022-04-04 11:19:51.661", "Provider": "Microsoft-Windows-Sysmon", "RuleName": "-", "ProcessGuid": "{e97d4e69-0000-0000-1bad-000000000000}", "ProcessId": "892", "Image": "C:\\Windows\\System32\\svchost.exe", "ImageLoaded": "C:\\Windows\\System32\\oleaccrc.dll", "FileVersion": "7.0.0.0 (win7_rtm.090713-1255)", "Description": "Active Accessibility Resource DLL", "Product": "Microsoft\u00ae Windows\u00ae Operating System", "Company": "Microsoft Corporation", "OriginalFileName": "OLEACCRC.DLL", "Hashes": "SHA1=19E9B2F3C1137CC210C355D0D398EFF90EA1999C,MD5=90FB1802D488FFA9029854A77D4F3F27,SHA256=FBEAB2065307A2BD9C78D3ABB4F80B8311F3EA68B2F23FD1EF80C24E1DBA1F4D,IMPHASH=00000000000000000000000000000000", "Signed": "true", "Signature": "Microsoft Windows", "SignatureStatus": "Valid", "_source_file": "data/baseline/win7-x86/Microsoft-Windows-Sysmon%4Operational.evtx"}, {"EventID": 7, "Computer": "evtx-PC", "UtcTime": "2022-04-04 11:19:51.692", "Provider": "Microsoft-Windows-Sysmon", "RuleName": "-", "ProcessGuid": "{e97d4e69-0000-0000-1bad-000000000000}", "ProcessId": "892", "Image": "C:\\Windows\\System32\\svchost.exe", "ImageLoaded": "C:\\Windows\\System32\\SearchIndexer.exe", "FileVersion": "7.00.7600.16385 (win7_rtm.090713-1255)", "Description": "Microsoft Windows Search Indexer", "Product": "Windows\u00ae Search", "Company": "Microsoft Corporation", "OriginalFileName": "SearchIndexer.exe", "Hashes": "SHA1=3CD4818CEDB6C619263085C3D27026798B867FF9,MD5=622D95520182F6D3D05310D5810CA8B3,SHA256=8162F06721E7B994933639D45BEEF34643DB36C25AE9DD8593991F45D5C2DFCC,IMPHASH=848126FB77ADA59F39EEF4EEBCDBF6FE", "Signed": "true", "Signature": "Microsoft Windows", "SignatureStatus": "Valid", "_source_file": "data/baseline/win7-x86/Microsoft-Windows-Sysmon%4Operational.evtx"}, {"EventID": 7, "Computer": "evtx-PC", "UtcTime": "2022-04-04 11:19:51.692", "Provider": "Microsoft-Windows-Sysmon", "RuleName": "-", "ProcessGuid": "{e97d4e69-0000-0000-1bad-000000000000}", "ProcessId": "892", "Image": "C:\\Windows\\System32\\svchost.exe", "ImageLoaded": "C:\\Windows\\System32\\comres.dll", "FileVersion": "2001.12.8530.16385 (win7_rtm.090713-1255)", "Description": "COM+ Resources", "Product": "Microsoft\u00ae Windows\u00ae Operating System", "Company": "Microsoft Corporation", "OriginalFileName": "COMRES.DLL", "Hashes": "SHA1=1DFE6AFF652DAC20A00BA277585DC19C8EF46630,MD5=808D8A8B2A3074002852BC856D419576,SHA256=1AFDEAAD071D398F4663E82D58510ABC0A30048018866C59AB53D3ECB6E6D349,IMPHASH=00000000000000000000000000000000", "Signed": "true", "Signature": "Microsoft Windows", "SignatureStatus": "Valid", "_source_file": "data/baseline/win7-x86/Microsoft-Windows-Sysmon%4Operational.evtx"}, {"EventID": 7, "Computer": "evtx-PC", "UtcTime": "2022-04-04 11:19:51.677", "Provider": "Microsoft-Windows-Sysmon", "RuleName": "-", "ProcessGuid": "{e97d4e69-0000-0000-1bad-000000000000}", "ProcessId": "892", "Image": "C:\\Windows\\System32\\svchost.exe", "ImageLoaded": "C:\\Windows\\System32\\AltTab.dll", "FileVersion": "6.1.7600.16385 (win7_rtm.090713-1255)", "Description": "Windows Shell Alt Tab", "Product": "Microsoft\u00ae Windows\u00ae Operating System", "Company": "Microsoft Corporation", "OriginalFileName": "AltTab.dll", "Hashes": "SHA1=7F618396A910908019B5580B4DA9031AF4A433CA,MD5=B2B3DAE040F6B5AE1DF52B0CD7631A18,SHA256=062680EFF24EB83FF34DDD76043DB9ABB476C8FEE7BBE869A1E7F7FC8891314F,IMPHASH=AFF84C2BF9924EEE71481DD10BD98D94", "Signed": "true", "Signature": "Microsoft Windows", "SignatureStatus": "Valid", "_source_file": "data/baseline/win7-x86/Microsoft-Windows-Sysmon%4Operational.evtx"}, {"EventID": 7, "Computer": "evtx-PC", "UtcTime": "2022-04-04 11:19:51.677", "Provider": "Microsoft-Windows-Sysmon", "RuleName": "-", "ProcessGuid": "{e97d4e69-0000-0000-1bad-000000000000}", "ProcessId": "892", "Image": "C:\\Windows\\System32\\svchost.exe", "ImageLoaded": "C:\\Windows\\System32\\drivers\\tcpipreg.sys", "FileVersion": "6.1.7600.16385 (win7_rtm.090713-1255)", "Description": "TCP/IP Registry Compatibility Driver", "Product": "Microsoft\u00ae Windows\u00ae Operating System", "Company": "Microsoft Corporation", "OriginalFileName": "tcpipreg.sys", "Hashes": "SHA1=2C380F710525FF8940AA166BE1FDB9BB5DB7D463,MD5=E64444523ADD154F86567C469BC0B17F,SHA256=FBE8A1DC28C102068183754F6BF0D03F5D18FD24BEB7E4B57D1CFCEBB13B381F,IMPHASH=861B5734C47DEA9411B0844458B15035", "Signed": "true", "Signature": "Microsoft Windows", "SignatureStatus": "Valid", "_source_file": "data/baseline/win7-x86/Microsoft-Windows-Sysmon%4Operational.evtx"}, {"EventID": 7, "Computer": "evtx-PC", "UtcTime": "2022-04-04 11:19:51.692", "Provider": "Microsoft-Windows-Sysmon", "RuleName": "-", "ProcessGuid": "{e97d4e69-0000-0000-1bad-000000000000}", "ProcessId": "892", "Image": "C:\\Windows\\System32\\svchost.exe", "ImageLoaded": "C:\\Windows\\System32\\SCardSvr.dll", "FileVersion": "6.1.7600.16385 (win7_rtm.090713-1255)", "Description": "Smart Card Resource Management Server", "Product": "Microsoft\u00ae Windows\u00ae Operating System", "Company": "Microsoft Corporation", "OriginalFileName": "SCardSvr.exe", "Hashes": "SHA1=51C34587DA407D1C2D39F17C8191AB358DA9E4C2,MD5=8FC518FFE9519C2631D37515A68009C4,SHA256=21E10585470CF9FC3BD1977F8A426686CD2FA6BD2094B9E3594B21C7C4541D25,IMPHASH=83C570926170D7DDF9441D8A0ED58BD5", "Signed": "true", "Signature": "Microsoft Windows", "SignatureStatus": "Valid", "_source_file": "data/baseline/win7-x86/Microsoft-Windows-Sysmon%4Operational.evtx"}, {"EventID": 7, "Computer": "evtx-PC", "UtcTime": "2022-04-04 11:19:51.708", "Provider": "Microsoft-Windows-Sysmon", "RuleName": "-", "ProcessGuid": "{e97d4e69-0000-0000-1bad-000000000000}", "ProcessId": "892", "Image": "C:\\Windows\\System32\\svchost.exe", "ImageLoaded": "C:\\Windows\\System32\\pnrpsvc.dll", "FileVersion": "6.1.7600.16385 (win7_rtm.090713-1255)", "Description": "PNRP Service Dll", "Product": "Microsoft\u00ae Windows\u00ae Operating System", "Company": "Microsoft Corporation", "OriginalFileName": "pnrpsvc.dll", "Hashes": "SHA1=5CE9962C69DDC70E9FA449F0B8FCD4CB296DBD6D,MD5=82A8521DDC60710C3D3D3E7325209BEC,SHA256=C4E34571EDD57C7FBB3D736B5FE8BD154624705B5C8EA2EC898F19F75B9A5942,IMPHASH=2985A2DB2B37A3B8027D653132255026", "Signed": "true", "Signature": "Microsoft Windows", "SignatureStatus": "Valid", "_source_file": "data/baseline/win7-x86/Microsoft-Windows-Sysmon%4Operational.evtx"}, {"EventID": 7, "Computer": "evtx-PC", "UtcTime": "2022-04-04 11:19:51.708", "Provider": "Microsoft-Windows-Sysmon", "RuleName": "-", "ProcessGuid": "{e97d4e69-0000-0000-1bad-000000000000}", "ProcessId": "892", "Image": "C:\\Windows\\System32\\svchost.exe", "ImageLoaded": "C:\\Windows\\System32\\credui.dll", "FileVersion": "6.1.7600.16385 (win7_rtm.090713-1255)", "Description": "Credential Manager User Interface", "Product": "Microsoft\u00ae Windows\u00ae Operating System", "Company": "Microsoft Corporation", "OriginalFileName": "credui.dll", "Hashes": "SHA1=C501D6BB19220F2F16192BEA6CD33AC8F73A77F3,MD5=702A13ED6F2B4740FA77A7A19B382348,SHA256=3C546D9A4E382C0A797DC4293BCFFB653110D5D11E2266368430B8AC213A3112,IMPHASH=8AC046D2B52BFED4E15F0489799BC450", "Signed": "true", "Signature": "Microsoft Windows", "SignatureStatus": "Valid", "_source_file": "data/baseline/win7-x86/Microsoft-Windows-Sysmon%4Operational.evtx"}, 