{"EventID": 7, "Computer": "evtx-PC", "UtcTime": "2022-04-04 11:19:50.099", "Provider": "Microsoft-Windows-Sysmon", "RuleName": "-", "ProcessGuid": "{e97d4e69-0000-0000-1bad-000000000000}", "ProcessId": "892", "Image": "C:\\Windows\\System32\\svchost.exe", "ImageLoaded": "C:\\Windows\\System32\\RelPost.exe", "FileVersion": "6.1.7600.16385 (win7_rtm.090713-1255)", "Description": "Windows Diagnosis and Recovery", "Product": "Microsoft\u00ae Windows\u00ae Operating System", "Company": "Microsoft Corporation", "OriginalFileName": "RelPost.exe", "Hashes": "SHA1=E8D4C02C15864A6A064BF592550229ABD4105DD7,MD5=01DAB71B64D70F5B1BC4D41A72573E6B,SHA256=CF57B8936579CB16103772F6081EA79E6D6ACFD671F53606AF1453E295675BF1,IMPHASH=F606B04F9ECBD4E97BB5A9BDA445176B", "Signed": "true", "Signature": "Microsoft Windows", "SignatureStatus": "Valid", "_source_file": "data/baseline/win7-x86/Microsoft-Windows-Sysmon%4Operational.evtx"}, {"EventID": 7, "Computer": "evtx-PC", "UtcTime": "2022-04-04 11:19:50.192", "Provider": "Microsoft-Windows-Sysmon", "RuleName": "-", "ProcessGuid": "{e97d4e69-0000-0000-1bad-000000000000}", "ProcessId": "892", "Image": "C:\\Windows\\System32\\svchost.exe", "ImageLoaded": "C:\\Windows\\System32\\mspaint.exe", "FileVersion": "6.1.7600.16385 (win7_rtm.090713-1255)", "Description": "Paint", "Product": "Microsoft\u00ae Windows\u00ae Operating System", "Company": "Microsoft Corporation", "OriginalFileName": "MSPAINT.EXE", "Hashes": "SHA1=DE87C513E32B4B72EDD990B93C8854205F634771,MD5=E97295DE2A9FDE547FEAB4FE41DF16CA,SHA256=0ED49CA80D2A71A7BE4905A8A1042F25B0BD4F87DA9C63DD8BB4949E18B51CF6,IMPHASH=9CA04D8484CB00766499935C692E8811", "Signed": "true", "Signature": "Microsoft Windows", "SignatureStatus": "Valid", "_source_file": "data/baseline/win7-x86/Microsoft-Windows-Sysmon%4Operational.evtx"}, {"EventID": 7, "Computer": "evtx-PC", "UtcTime": "2022-04-04 11:19:50.192", "Provider": "Microsoft-Windows-Sysmon", "RuleName": "-", "ProcessGuid": "{e97d4e69-0000-0000-1bad-000000000000}", "ProcessId": "892", "Image": "C:\\Windows\\System32\\svchost.exe", "ImageLoaded": "C:\\Windows\\System32\\ncsi.dll", "FileVersion": "6.1.7600.16385 (win7_rtm.090713-1255)", "Description": "Network Connectivity Status Indicator", "Product": "Microsoft\u00ae Windows\u00ae Operating System", "Company": "Microsoft Corporation", "OriginalFileName": "ncsi.dll", "Hashes": "SHA1=75342136D6C0554967515C832EB0B236AAAA9A3F,MD5=3F2DEAFC463D75611CB9C5E36A8CCF15,SHA256=3BEE221E3D6926A77A2F6DABFB5CB82A7022073E171CEB7A25EA21F3964EB69C,IMPHASH=D1AD08B0BF71E07CF665624FD73C642D", "Signed": "true", "Signature": "Microsoft Windows", "SignatureStatus": "Valid", "_source_file": "data/baseline/win7-x86/Microsoft-Windows-Sysmon%4Operational.evtx"}, {"EventID": 7, "Computer": "evtx-PC", "UtcTime": "2022-04-04 11:19:50.207", "Provider": "Microsoft-Windows-Sysmon", "RuleName": "-", "ProcessGuid": "{e97d4e69-0000-0000-1bad-000000000000}", "ProcessId": "892", "Image": "C:\\Windows\\System32\\svchost.exe", "ImageLoaded": "C:\\Windows\\System32\\QAGENTRT.DLL", "FileVersion": "6.1.7600.16385 (win7_rtm.090713-1255)", "Description": "Quarantine Agent Service Run-Time", "Product": "Microsoft\u00ae Windows\u00ae Operating System", "Company": "Microsoft Corporation", "OriginalFileName": "QAgentRT.DLL", "Hashes": "SHA1=B8260DD72E2F4911B57871612DA08C4458F4E2FC,MD5=80284F1985C70C86F0B5F86DA2DFE1DF,SHA256=424A5BBC28C72DA0DBABEB9E423B8C409754CD1BA3DFC9E174BF22D8BCE1BE63,IMPHASH=0979C28CC8B11C09D0BA4665515B7CA1", "Signed": "true", "Signature": "Microsoft Windows", "SignatureStatus": "Valid", "_source_file": "data/baseline/win7-x86/Microsoft-Windows-Sysmon%4Operational.evtx"}, {"EventID": 7, "Computer": "evtx-PC", "UtcTime": "2022-04-04 11:19:50.207", "Provider": "Microsoft-Windows-Sysmon", "RuleName": "-", "ProcessGuid": "{e97d4e69-0000-0000-1bad-000000000000}", "ProcessId": "892", "Image": "C:\\Windows\\System32\\svchost.exe", "ImageLoaded": "C:\\Windows\\System32\\drivers\\ndis.sys", "FileVersion": "6.1.7600.16385 (win7_rtm.090713-1255)", "Description": "NDIS 6.20 driver", "Product": "Microsoft\u00ae Windows\u00ae Operating System", "Company": "Microsoft Corporation", "OriginalFileName": "NDIS.SYS", "Hashes": "SHA1=989E18356BFA213314FBB13A1EBC65C801EE8143,MD5=23759D175A0A9BAAF04D05047BC135A8,SHA256=2C8C553B4E1ED3A644F619F16BCEDD5A3C6D74A17E6E75A3E740E06B1D636348,IMPHASH=EFF2BDC5DD46E501A7DA01BFF11F0D94", "Signed": "true", "Signature": "Microsoft Windows", "SignatureStatus": "Valid", "_source_file": "data/baseline/win7-x86/Microsoft-Windows-Sysmon%4Operational.evtx"}, {"EventID": 7, "Computer": "evtx-PC", "UtcTime": "2022-04-04 11:19:50.238", "Provider": "Microsoft-Windows-Sysmon", "RuleName": "-", "ProcessGuid": "{e97d4e69-0000-0000-1bad-000000000000}", "ProcessId": "892", "Image": "C:\\Windows\\System32\\svchost.exe", "ImageLoaded": "C:\\Windows\\System32\\pnidui.dll", "FileVersion": "6.1.7600.16385 (win7_rtm.090713-1255)", "Description": "Network System Icon", "Product": "Microsoft\u00ae Windows\u00ae Operating System", "Company": "Microsoft Corporation", "OriginalFileName": "PNIDUI.DLL", "Hashes": "SHA1=0A834B943C7DFB6BF7EAAF1EBFA205D13F7A2F3F,MD5=2862A3819BBC9757DD27BAC41A4E0A3E,SHA256=1F2DF48687E9BFB148B7E6A64C7212CD9891E6443763D36DEC6BF2F0733713C5,IMPHASH=1392D45B8BDD623AAFEFE4A47CB3CC03", "Signed": "true", "Signature": "Microsoft Windows", "SignatureStatus": "Valid", "_source_file": "data/baseline/win7-x86/Microsoft-Windows-Sysmon%4Operational.evtx"}, {"EventID": 7, "Computer": "evtx-PC", "UtcTime": "2022-04-04 11:19:50.254", "Provider": "Microsoft-Windows-Sysmon", "RuleName": "-", "ProcessGuid": "{e97d4e69-0000-0000-1bad-000000000000}", "ProcessId": "892", "Image": "C:\\Windows\\System32\\svchost.exe", "ImageLoaded": "C:\\Windows\\System32\\netprofm.dll", "FileVersion": "6.1.7600.16385 (win7_rtm.090713-1255)", "Description": "Network List Manager", "Product": "Microsoft\u00ae Windows\u00ae Operating System", "Company": "Microsoft Corporation", "OriginalFileName": "netprofm.dll", "Hashes": "SHA1=7A562414A6E6CDC22ACD214C1A86109D108CEE8F,MD5=8C338238C16777A802D6A9211EB2BA50,SHA256=0D08A47CD403EDA5E8CAD7409BBBBCDC29A9861D2DC41D42B68B22B1AA1EBDD6,IMPHASH=53E02280C70DB407A4455AD5AB8ECC6E", "Signed": "true", "Signature": "Microsoft Windows", "SignatureStatus": "Valid", "_source_file": "data/baseline/win7-x86/Microsoft-Windows-Sysmon%4Operational.evtx"}, {"EventID": 7, "Computer": "evtx-PC", "UtcTime": "2022-04-04 11:19:50.269", "Provider": "Microsoft-Windows-Sysmon", "RuleName": "-", "ProcessGuid": "{e97d4e69-0000-0000-1bad-000000000000}", "ProcessId": "892", "Image": "C:\\Windows\\System32\\svchost.exe", "ImageLoaded": "C:\\Windows\\System32\\cscsvc.dll", "FileVersion": "6.1.7600.16385 (win7_rtm.090713-1255)", "Description": "CSC Service DLL", "Product": "Microsoft\u00ae Windows\u00ae Operating System", "Company": "Microsoft Corporation", "OriginalFileName": "cscsvc.dll", "Hashes": "SHA1=B657829BF846CBE10FE5EECBB65B213BA3B586FE,MD5=56FB5F222EA30D3D3FC459879772CB73,SHA256=2C4646774575858E26DBA9C73853E06D0BD18CC8A4C73C633071FF5FE04CA0F4,IMPHASH=BB8D3AC8E3ED8A185A4B167B1D97EBCD", "Signed": "true", "Signature": "Microsoft Windows", "SignatureStatus": "Valid", "_source_file": "data/baseline/win7-x86/Microsoft-Windows-Sysmon%4Operational.evtx"}, {"EventID": 7, "Computer": "evtx-PC", "UtcTime": "2022-04-04 11:19:50.254", "Provider": "Microsoft-Windows-Sysmon", "RuleName": "-", "ProcessGuid": "{e97d4e69-0000-0000-1bad-000000000000}", "ProcessId": "892", "Image": "C:\\Windows\\System32\\svchost.exe", "ImageLoaded": "C:\\Windows\\System32\\nlasvc.dll", "FileVersion": "6.1.7600.16385 (win7_rtm.090713-1255)", "Description": "Network Location Awareness 2", "Product": "Microsoft\u00ae Windows\u00ae Operating System", "Company": "Microsoft Corporation", "OriginalFileName": "nlasvc.dll", "Hashes": "SHA1=82A36194FE5A1A0EC01CFD99D607E6363957929D,MD5=2226496E34BD40734946A054B1CD657F,SHA256=98392D98C9213822268971432BB55047ABD8B4EBD42483FA69BF50FB8FAD64A2,IMPHASH=EEA3BC939D82199C7BA4093B9C36AD62", "Signed": "true", "Signature": "Microsoft Windows", "SignatureStatus": "Valid", "_source_file": "data/baseline/win7-x86/Microsoft-Windows-Sysmon%4Operational.evtx"}, {"EventID": 7, "Computer": "evtx-PC", "UtcTime": "2022-04-04 11:19:50.254", "Provider": "Microsoft-Windows-Sysmon", "RuleName": "-", "ProcessGuid": "{e97d4e69-0000-0000-1bad-000000000000}", "ProcessId": "892", "Image": "C:\\Windows\\System32\\svchost.exe", "ImageLoaded": "C:\\Windows\\System32\\msv1_0.dll", "FileVersion": "6.1.7600.16385 (win7_rtm.090713-1255)", "Description": "Microsoft Authentication Package v1.0", "Product": "Microsoft\u00ae Windows\u00ae Operating System", "Company": "Microsoft Corporation", "OriginalFileName": "MSV1_0.DLL", "Hashes": "SHA1=442F07F6961B3C484AA0C83D3B213DB9EC08313C,MD5=F40388A19F3BE3CEC25656CE07392877,SHA256=DCBEEE43972509842FF52AFBB7D04BEC7960C18A655406322FB25E0007F682B0,IMPHASH=48C8D8502C1399C53F0A771C4281C411", "Signed": "true", "Signature": "Microsoft Windows", "SignatureStatus": "Valid", "_source_file": "data/baseline/win7-x86/Microsoft-Windows-Sysmon%4Operational.evtx"}, {"EventID": 7, "Computer": "evtx-PC", "UtcTime": "2022-04-04 11:19:50.269", "Provider": "Microsoft-Windows-Sysmon", "RuleName": "-", "ProcessGuid": "{e97d4e69-0000-0000-1bad-000000000000}", "ProcessId": "892", "Image": "C:\\Windows\\System32\\svchost.exe", "ImageLoaded": "C:\\Windows\\System32\\Wpc.dll", "FileVersion": "1.0.0.1", "Description": "WPC Settings Library", "Product": "Windows", "Company": "Microsoft Corporation", "OriginalFileName": "Wpc.dll", "Hashes": "SHA1=BBAD21C012B42A1CD2D25694E1B9A8F6E232FA75,MD5=236360CE5E4C3F063AC110533747C0A8,SHA256=405A17410BBB46034EC1DE4B149186A12A0C80AFDADD34C4D7D17B7A24FDF1DC,IMPHASH=C82CC37366A4926C7F4C9FCD807C3302", "Signed": "true", "Signature": "Microsoft Windows", "SignatureStatus": "Valid", "_source_file": "data/baseline/win7-x86/Microsoft-Windows-Sysmon%4Operational.evtx"}, {"EventID": 7, "Computer": "evtx-PC", "UtcTime": "2022-04-04 11:19:50.285", "Provider": "Microsoft-Windows-Sysmon", "RuleName": "-", "ProcessGuid": "{e97d4e69-0000-0000-1bad-000000000000}", "ProcessId": "892", "Image": "C:\\Windows\\System32\\svchost.exe", "ImageLoaded": "C:\\Windows\\System32\\p2phost.exe", "FileVersion": "6.1.7600.16385 (win7_rtm.090713-1255)", "Description": "People Near Me", "Product": "Microsoft\u00ae Windows\u00ae Operating System", "Company": "Microsoft Corporation", "OriginalFileName": "p2phost.exe", "Hashes": "SHA1=7F2F85BE3B3F7141FC9693B5050D7F5311EFEE82,MD5=32DEE5D6B7E38027723972192CEEDE88,SHA256=81A2F4BBBBE4B66550CFE38465283331494D7C6E8884C97F4C94638CCCF796AA,IMPHASH=5A1200A96601A6CF18863F1C2AC4F9A3", "Signed": "true", "Signature": "Microsoft Windows", "SignatureStatus": "Valid", "_source_file": "data/baseline/win7-x86/Microsoft-Windows-Sysmon%4Operational.evtx"}, {"EventID": 7, "Computer": "evtx-PC", "UtcTime": "2022-04-04 11:19:50.285", "Provider": "Microsoft-Windows-Sysmon", "RuleName": "-", "ProcessGuid": "{e97d4e69-0000-0000-1bad-000000000000}", "ProcessId": "892", "Image": "C:\\Windows\\System32\\svchost.exe", "ImageLoaded": "C:\\Windows\\System32\\WindowsPowerShell\\v1.0\\PSEvents.dll", "FileVersion": "6.1.7600.16385 (win7_rtm.090713-1255)", "Description": "Microsoft PowerShell Crimson log Message Dll", "Product": "Microsoft\u00ae Windows\u00ae Operating System", "Company": "Microsoft Corporation", "OriginalFileName": "PSEvents.DLL", "Hashes": "SHA1=E3C391D03A1DF1601A86EF6CD52569DBF30B98D6,MD5=FFB89927629178D24290E5CE8BE7D636,SHA256=3FAE96220B78F67324D5EB4EEAE6FB9247215D2883EC0410CBF28687E655FFB7,IMPHASH=00000000000000000000000000000000", "Signed": "true", "Signature": "Microsoft Windows", "SignatureStatus": "Valid", "_source_file": "data/baseline/win7-x86/Microsoft-Windows-Sysmon%4Operational.evtx"}, {"EventID": 7, "Computer": "evtx-PC", "UtcTime": "2022-04-04 11:19:50.300", "Provider": "Microsoft-Windows-Sysmon", "RuleName": "-", "ProcessGuid": "{e97d4e69-0000-0000-1bad-000000000000}", "ProcessId": "892", "Image": "C:\\Windows\\System32\\svchost.exe", "ImageLoaded": "C:\\Windows\\System32\\sysmain.dll", "FileVersion": "6.1.7600.16385 (win7_rtm.090713-1255)", "Description": "Superfetch Service Host", "Product": "Microsoft\u00ae Windows\u00ae Operating System", "Company": "Microsoft Corporation", "OriginalFileName": "sysmain.dll", "Hashes": "SHA1=A9A0D3A55C5FAAC6330A5CC972B7A369023CA1E2,MD5=04105C8DA62353589C29BDAEB8D88BD8,SHA256=CC7A3A779A143E09FE5C0AA6795A7B13496C4E121347949CB23F7946EE5E2DED,IMPHASH=5F93CC09FB82B6E4A810B908C730FA4D", "Signed": "true", "Signature": "Microsoft Windows", "SignatureStatus": "Valid", "_source_file": "data/baseline/win7-x86/Microsoft-Windows-Sysmon%4Operational.evtx"}, {"EventID": 7, "Computer": "evtx-PC", "UtcTime": "2022-04-04 11:19:50.300", "Provider": "Microsoft-Windows-Sysmon", "RuleName": "-", "ProcessGuid": "{e97d4e69-0000-0000-1bad-000000000000}", "ProcessId": "892", "Image": "C:\\Windows\\System32\\svchost.exe", "ImageLoaded": "C:\\Windows\\System32\\ntprint.dll", "FileVersion": "6.1.7600.16385 (win7_rtm.090713-1255)", "Description": "Spooler Setup DLL", "Product": "Microsoft\u00ae Windows\u00ae Operating System", "Company": "Microsoft Corporation", "OriginalFileName": "PRINTUI.DLL", "Hashes": "SHA1=C7C59C33F1AD61757A5400CECD62681AE09BBA2F,MD5=52FC6799B30366814D1CE6E5C2E28875,SHA256=26CB1313B22B5B1A667275BD23B8BBCCB2FDF21BD1BEBB733C84582CF93BD28D,IMPHASH=55CF98164ED2E4D5F23D3CAD3A19F12D", "Signed": "true", "Signature": "Microsoft Windows", "SignatureStatus": "Valid", "_source_file": "data/baseline/win7-x86/Microsoft-Windows-Sysmon%4Operational.evtx"}, {"EventID": 7, "Computer": "evtx-PC", "UtcTime": "2022-04-04 11:19:50.300", "Provider": "Microsoft-Windows-Sysmon", "RuleName": "-", "ProcessGuid": "{e97d4e69-0000-0000-1bad-000000000000}", "ProcessId": "892", "Image": "C:\\Windows\\System32\\svchost.exe", "ImageLoaded": "C:\\Windows\\System32\\drivers\\rdyboost.sys", "FileVersion": "6.1.7600.16385 (win7_rtm.090713-1255)", "Description": "ReadyBoost Driver", "Product": "Microsoft\u00ae Windows\u00ae Operating System", "Company": "Microsoft Corporation", "OriginalFileName": "rdyboost.sys", "Hashes": "SHA1=B4E633A6503C036E3C98E257C1ADEBD42E2ADC02,MD5=4EA225BF1CF05E158853F30A99CA29A7,SHA256=F211480F13E2FE36C31110AE67ABE74E9D572D3A36BEEDE29E14ECBD8C246878,IMPHASH=E45FA3947DA997634551C723C42EEDA8", "Signed": "true", "Signature": "Microsoft Windows", "SignatureStatus": "Valid", "_source_file": "data/baseline/win7-x86/Microsoft-Windows-Sysmon%4Operational.evtx"}, {"EventID": 7, "Computer": "evtx-PC", "UtcTime": "2022-04-04 11:19:50.316", "Provider": "Microsoft-Windows-Sysmon", "RuleName": "-", "ProcessGuid": "{e97d4e69-0000-0000-1bad-000000000000}", "ProcessId": "892", "Image": "C:\\Windows\\System32\\svchost.exe", "ImageLoaded": "C:\\Windows\\System32\\recovery.dll", "FileVersion": "6.1.7600.16385 (win7_rtm.090713-1255)", "Description": "Recovery Control Panel", "Product": "Microsoft\u00ae Windows\u00ae Operating System", "Company": "Microsoft Corporation", "OriginalFileName": "RECOVERY.DLL", "Hashes": "SHA1=BE034DBBDC4781CE70A4DEE1398D7CB8460E946F,MD5=F3EE7C721029827464BD8DE015D26B44,SHA256=BE6AD036B163FBFF9A99567848166D3834E08D35430B6B5847BFA785D75B7064,IMPHASH=E27318D0A583394E56745873D96D09BF", "Signed": "true", "Signature": "Microsoft Windows", "SignatureStatus": "Valid", "_source_file": "data/baseline/win7-x86/Microsoft-Windows-Sysmon%4Operational.evtx"}, {"EventID": 7, "Computer": "evtx-PC", "UtcTime": "2022-04-04 11:19:50.331", "Provider": "Microsoft-Windows-Sysmon", "RuleName": "-", "ProcessGuid": "{e97d4e69-0000-0000-1bad-000000000000}", "ProcessId": "892", "Image": "C:\\Windows\\System32\\svchost.exe", "ImageLoaded": "C:\\Windows\\System32\\RacEngn.dll", "FileVersion": "6.1.7600.16385 (win7_rtm.090713-1255)", "Description": "Reliability analysis metrics calculation engine", "Product": "Microsoft\u00ae Windows\u00ae Operating System", "Company": "Microsoft Corporation", "OriginalFileName": "RacEngn.dll", "Hashes": "SHA1=40B7DA3B67F093BA9EC4FB0E53D99DF99CB19BCB,MD5=52FFC8A7AA3EABC2602195CF14E9B80C,SHA256=9BA43EEC2839AE31065FC993E64432104C629C82A8F8A26EFCA9BCA27DB0DFB5,IMPHASH=827B3F59DD5A4CAAEB44B508C494CA82", "Signed": "true", "Signature": "Microsoft Windows", "SignatureStatus": "Valid", "_source_file": "data/baseline/win7-x86/Microsoft-Windows-Sysmon%4Operational.evtx"}, {"EventID": 7, "Computer": "evtx-PC", "UtcTime": "2022-04-04 11:19:50.347", "Provider": "Microsoft-Windows-Sysmon", "RuleName": "-", "ProcessGuid": "{e97d4e69-0000-0000-1bad-000000000000}", "ProcessId": "892", "Image": "C:\\Windows\\System32\\svchost.exe", "ImageLoaded": "C:\\Windows\\System32\\TSWorkspace.dll", "FileVersion": "6.1.7600.16385 (win7_rtm.090713-1255)", "Description": "RemoteApp and Desktop Connection Component", "Product": "Microsoft\u00ae Windows\u00ae Operating System", "Company": "Microsoft Corporation", "OriginalFileName": "TSWORKSPACE.DLL", "Hashes": "SHA1=CF670373764221645CA4663723FA771F2852433E,MD5=EB8C6098A8A33979969CF962BB327621,SHA256=ABE4442E25C38364A65D24E2EC00A00FBD0978D2C74B5DCF0240492545B52270,IMPHASH=72A949F0C566E87EDB37E23CC36C524D", "Signed": "true", "Signature": "Microsoft Windows", "SignatureStatus": "Valid", "_source_file": "data/baseline/win7-x86/Microsoft-Windows-Sysmon%4Operational.evtx"}, {"EventID": 7, "Computer": "evtx-PC", "UtcTime": "2022-04-04 11:19:50.362", "Provider": "Microsoft-Windows-Sysmon", "RuleName": "-", "ProcessGuid": "{e97d4e69-0000-0000-1bad-000000000000}", "ProcessId": "892", "Image": "C:\\Windows\\System32\\svchost.exe", "ImageLoaded": "C:\\Windows\\System32\\msra.exe", "FileVersion": "6.1.7600.16385 (win7_rtm.090713-1255)", "Description": "Windows Remote Assistance", "Product": "Microsoft\u00ae Windows\u00ae Operating System", "Company": "Microsoft Corporation", "OriginalFileName": "msra.exe", "Hashes": "SHA1=C940E146FD76A0D246293E9AEF38FF683049E104,MD5=4AC5B4A0B8D22185C09EE5584BF1CFB5,SHA256=4FC1F638C8E7995C7717C36BC3A8D8930294B7FDD91F2A55E134A2A16631B56C,IMPHASH=1B5905308BFAD6901AD19F6481E970F5", "Signed": "true", "Signature": "Microsoft Windows", "SignatureStatus": "Valid", "_source_file": "data/baseline/win7-x86/Microsoft-Windows-Sysmon%4Operational.evtx"}, {"EventID": 7, "Computer": "evtx-PC", "UtcTime": "2022-04-04 11:19:50.362", "Provider": "Microsoft-Windows-Sysmon", "RuleName": "-", "ProcessGuid": "{e97d4e69-0000-0000-1bad-000000000000}", "ProcessId": "892", "Image": "C:\\Windows\\System32\\svchost.exe", "ImageLoaded": "C:\\Windows\\System32\\radardt.dll", "FileVersion": "6.1.7600.16385 (win7_rtm.090713-1255)", "Description": "Microsoft Windows Resource Exhaustion Detector", "Product": "Microsoft\u00ae Windows\u00ae Operating System", "Company": "Microsoft Corporation", "OriginalFileName": "radardt.dll", "Hashes": "SHA1=3D4A7C573B55300AA0ABAB9927FBE65C4B18E1A7,MD5=7FFD52D73352806969D424EF327D10A7,SHA256=DD44B084F052EF798997D7A8578E98DD4EF3F0E2A0C522DA2CC169D362C7B900,IMPHASH=DEE26640C5DFA32D033E427C4F0574BD", "Signed": "true", "Signature": "Microsoft Windows", "SignatureStatus": "Valid", "_source_file": "data/baseline/win7-x86/Microsoft-Windows-Sysmon%4Operational.evtx"}, {"EventID": 7, "Computer": "evtx-PC", "UtcTime": "2022-04-04 11:19:50.362", "Provider": "Microsoft-Windows-Sysmon", "RuleName": "-", "ProcessGuid": "{e97d4e69-0000-0000-1bad-000000000000}", "ProcessId": "892", "Image": "C:\\Windows\\System32\\svchost.exe", "ImageLoaded": "C:\\Windows\\System32\\radarrs.dll", "FileVersion": "6.1.7600.16385 (win7_rtm.090713-1255)", "Description": "Microsoft Windows Resource Exhaustion Resolver", "Product": "Microsoft\u00ae Windows\u00ae Operating System", "Company": "Microsoft Corporation", "OriginalFileName": "radarrs.dll", "Hashes": "SHA1=F4E36CD8C231455413EE45DEC48F8D052851124F,MD5=B0D9BAF2B3AB3A83C00AD4873D744DEA,SHA256=DEC767AC1B5C81F8CB115B8FBFAF1555A77FFEADA0CA9C8B016EBD431DC228CE,IMPHASH=B071DEDBBBCA238D68DDF8CF836D91B0", "Signed": "true", "Signature": "Microsoft Windows", "SignatureStatus": "Valid", "_source_file": "data/baseline/win7-x86/Microsoft-Windows-Sysmon%4Operational.evtx"}, {"EventID": 7, "Computer": "evtx-PC", "UtcTime": "2022-04-04 11:19:50.378", "Provider": "Microsoft-Windows-Sysmon", "RuleName": "-", "ProcessGuid": "{e97d4e69-0000-0000-1bad-000000000000}", "ProcessId": "892", "Image": "C:\\Windows\\System32\\svchost.exe", "ImageLoaded": "C:\\Windows\\System32\\rdrleakdiag.exe", "FileVersion": "6.1.7600.16385 (win7_rtm.090713-1255)", "Description": "Microsoft Windows Resource Leak Diagnostic", "Product": "Microsoft\u00ae Windows\u00ae Operating System", "Company": "Microsoft Corporation", "OriginalFileName": "RdrLeakDiag.exe", "Hashes": "SHA1=A9D0907E2624AFEA8998141E37E0747D6A6E1A18,MD5=DFF0ED00406647782761E8824A5F38F5,SHA256=6F6BBEEE2459926BF072B4EBDB831990236F04741031602AE4AAC05D34F3F7F3,IMPHASH=A4EF62BD2C2DF3AC401C7010C2CFA347", "Signed": "true", "Signature": "Microsoft Windows", "SignatureStatus": "Valid", "_source_file": "data/baseline/win7-x86/Microsoft-Windows-Sysmon%4Operational.evtx"}, {"EventID": 7, "Computer": "evtx-PC", "UtcTime": "2022-04-04 11:19:50.378", "Provider": "Microsoft-Windows-Sysmon", "RuleName": "-", "ProcessGuid": "{e97d4e69-0000-0000-1bad-000000000000}", "ProcessId": "892", "Image": "C:\\Windows\\System32\\svchost.exe", "ImageLoaded": "C:\\Windows\\System32\\RstrtMgr.dll", "FileVersion": "6.1.7600.16385 (win7_rtm.090713-1255)", "Description": "Restart Manager", "Product": "Microsoft\u00ae Windows\u00ae Operating System", "Company": "Microsoft Corporation", "OriginalFileName": "RstrtMgr.dll", "Hashes": "SHA1=7FBEA5D834048BA5C55FFA1B02D4615CF618CCE1,MD5=B29280AA00BC34FEECDC0426B11B9DAC,SHA256=9FE8CD345D00F74EDD1ADFF073835AC611F4045927C21AFCCD6D85E171880F17,IMPHASH=9708ED0DC1E4E4831D600C39B7F69977", "Signed": "true", "Signature": "Microsoft Windows", "SignatureStatus": "Valid", "_source_file": "data/baseline/win7-x86/Microsoft-Windows-Sysmon%4Operational.evtx"}, {"EventID": 7, "Computer": "evtx-PC", "UtcTime": "2022-04-04 11:19:50.378", "Provider": "Microsoft-Windows-Sysmon", "RuleName": "-", "ProcessGuid": "{e97d4e69-0000-0000-1bad-000000000000}", "ProcessId": "892", "Image": "C:\\Windows\\System32\\svchost.exe", "ImageLoaded": "C:\\Windows\\System32\\auditcse.dll", "FileVersion": "6.1.7600.16385 (win7_rtm.090713-1255)", "Description": "Windows Audit Settings CSE", "Product": "Microsoft\u00ae Windows\u00ae Operating System", "Company": "Microsoft Corporation", "OriginalFileName": "auditcse.dll", "Hashes": "SHA1=C58D1FA58C3345F8F94463C3E94D943F44F212CF,MD5=181174302A92D87C86829F46D8ACA0D3,SHA256=3C0B93E5D54CAE9C09A2C639F657D28D84FA7A9C436021BD0C25C9C9D78D1C02,IMPHASH=1A31AC68B619E1A23CFB770B302D03D4", "Signed": "true", "Signature": "Microsoft Windows", "SignatureStatus": "Valid", "_source_file": "data/baseline/win7-x86/Microsoft-Windows-Sysmon%4Operational.evtx"}, {"EventID": 7, "Computer": "evtx-PC", "UtcTime": "2022-04-04 11:19:50.393", "Provider": "Microsoft-Windows-Sysmon", "RuleName": "-", "ProcessGuid": "{e97d4e69-0000-0000-1bad-000000000000}", "ProcessId": "892", "Image": "C:\\Windows\\System32\\svchost.exe", "ImageLoaded": "C:\\Windows\\System32\\IdListen.dll", "FileVersion": "6.1.7600.16385 (win7_rtm.090713-1255)", "Description": "Identity Listener", "Product": "Microsoft\u00ae Windows\u00ae Operating System", "Company": "Microsoft Corporation", "OriginalFileName": "IdListen.dll", "Hashes": "SHA1=BFA8C207287BC9CFE79F5186017B051A25627D8A,MD5=9DC23ACF360AEA7DF55AD7A8D3FBF4E6,SHA256=03FDE54B593303D627B6D60501C7FA12B2D7F88AFE7F9DA05D4AB192EB113F10,IMPHASH=5C87D753F9E32DA89EFDCDD11835154D", "Signed": "true", "Signature": "Microsoft Windows", "SignatureStatus": "Valid", "_source_file": "data/baseline/win7-x86/Microsoft-Windows-Sysmon%4Operational.evtx"}, {"EventID": 7, "Computer": "evtx-PC", "UtcTime": "2022-04-04 11:19:50.393", "Provider": "Microsoft-Windows-Sysmon", "RuleName": "-", "ProcessGuid": "{e97d4e69-0000-0000-1bad-000000000000}", "ProcessId": "892", "Image": "C:\\Windows\\System32\\svchost.exe", "ImageLoaded": "C:\\Windows\\System32\\osbaseln.dll", "FileVersion": "6.1.7600.16385 (win7_rtm.090713-1255)", "Description": "Service Reporting API", "Product": "Microsoft\u00ae Windows\u00ae Operating System", "Company": "Microsoft Corporation", "OriginalFileName": "osbaseln.dll", "Hashes": "SHA1=EFA6F003A186DB2690EB0EC6EDB9BCA064846D70,MD5=4160FCCC8F8DE0A7A1C507A55936BAC5,SHA256=3A603D18E4A264C871431E338C644C9C1859C2028E7216A0C829263A9DAFCD15,IMPHASH=59D26322979B337A31477EC735369076", "Signed": "true", "Signature": "Microsoft Windows", "SignatureStatus": "Valid", "_source_file": "data/baseline/win7-x86/Microsoft-Windows-Sysmon%4Operational.evtx"}, {"EventID": 7, "Computer": "evtx-PC", "UtcTime": "2022-04-04 11:19:50.409", "Provider": "Microsoft-Windows-Sysmon", "RuleName": "-", "ProcessGuid": "{e97d4e69-0000-0000-1bad-000000000000}", "ProcessId": "892", "Image": "C:\\Windows\\System32\\svchost.exe", "ImageLoaded": "C:\\Windows\\Sysmon.exe", "FileVersion": "13.23", "Description": "System activity monitor", "Product": "Sysinternals Sysmon", "Company": "Sysinternals - www.sysinternals.com", "OriginalFileName": "-", "Hashes": "SHA1=5203DE0C29E2916FE57F916E2A5F108C79AC5A95,MD5=A987E3026CE1B988DE0A4DC14477F0D7,SHA256=4AC74811AF20F980AA13051F02F020F6A785F31BC23801D4CD04FDC29A0BEE8F,IMPHASH=33359A3D800F7B6BCCEDAF64C57B2F78", "Signed": "false", "Signature": "-", "SignatureStatus": "Unavailable", "_source_file": "data/baseline/win7-x86/Microsoft-Windows-Sysmon%4Operational.evtx"}, {"EventID": 7, "Computer": "evtx-PC", "UtcTime": "2022-04-04 11:19:50.409", "Provider": "Microsoft-Windows-Sysmon", "RuleName": "-", "ProcessGuid": "{e97d4e69-0000-0000-1bad-000000000000}", "ProcessId": "892", "Image": "C:\\Windows\\System32\\svchost.exe", "ImageLoaded": "C:\\Windows\\System32\\StikyNot.exe", "FileVersion": "6.1.7600.16385 (win7_rtm.090713-1255)", "Description": "Sticky Notes", "Product": "Microsoft\u00ae Windows\u00ae Operating System", "Company": "Microsoft Corporation", "OriginalFileName": "StikyNot.exe", "Hashes": "SHA1=5E22785F09082EA4F8D63A80DF3E99711CC5873B,MD5=2F0EAAF91FC7A5C70D1F4BE9B18A1CF5,SHA256=6075E8ADD4136AC6497C1FE9CC937E6652FAD5024AED1CF901CE107078955C4F,IMPHASH=AF1733385EF5722E64A2A16DBFB35A22", "Signed": "true", "Signature": "Microsoft Windows", "SignatureStatus": "Valid", "_source_file": "data/baseline/win7-x86/Microsoft-Windows-Sysmon%4Operational.evtx"}, {"EventID": 7, "Computer": "evtx-PC", "UtcTime": "2022-04-04 11:19:50.424", "Provider": "Microsoft-Windows-Sysmon", "RuleName": "-", "ProcessGuid": "{e97d4e69-0000-0000-1bad-000000000000}", "ProcessId": "892", "Image": "C:\\Windows\\System32\\svchost.exe", "ImageLoaded": "C:\\Windows\\System32\\schedsvc.dll", "FileVersion": "6.1.7600.16385 (win7_rtm.090713-1255)", "Description": "Task Scheduler Service", "Product": "Microsoft\u00ae Windows\u00ae Operating System", "Company": "Microsoft Corporation", "OriginalFileName": "schedsvc.dll", "Hashes": "SHA1=151D32E5D737D409792C2692F9CFD30BB3192A77,MD5=3E8B0C453E25613A1F59762A5C42AA75,SHA256=86801C49664441A08F7E95031E52AD2518D61CCB945A857A18F0714351A8158C,IMPHASH=D6BE5A5EB023E731E459EBC485043D3B", "Signed": "true", "Signature": "Microsoft Windows", "SignatureStatus": "Valid", "_source_file": "data/baseline/win7-x86/Microsoft-Windows-Sysmon%4Operational.evtx"}, {"EventID": 7, "Computer": "evtx-PC", "UtcTime": "2022-04-04 11:19:50.424", "Provider": "Microsoft-Windows-Sysmon", "RuleName": "-", "ProcessGuid": "{e97d4e69-0000-0000-1bad-000000000000}", "ProcessId": "892", "Image": "C:\\Windows\\System32\\svchost.exe", "ImageLoaded": "C:\\Windows\\System32\\lsm.exe", "FileVersion": "6.1.7600.16385 (win7_rtm.090713-1255)", "Description": "Local Session Manager Service", "Product": "Microsoft\u00ae Windows\u00ae Operating System", "Company": "Microsoft Corporation", "OriginalFileName": "lsm.exe", "Hashes": "SHA1=94CAC404A11A819AD94D4A00D3E0D9D8C2A8B6DB,MD5=398DC10274C0CB861338CFC56E727C9F,SHA256=241190F7005956F6CE2B4EBB6125EA46C43383BAFA7CA0459F88EE87447B3266,IMPHASH=F88B81380275469B0DDEEEE185AED1DB", "Signed": "true", "Signature": "Microsoft Windows", "SignatureStatus": "Valid", "_source_file": "data/baseline/win7-x86/Microsoft-Windows-Sysmon%4Operational.evtx"}, {"EventID": 7, "Computer": "evtx-PC", "UtcTime": "2022-04-04 11:19:50.439", "Provider": "Microsoft-Windows-Sysmon", "RuleName": "-", "ProcessGuid": "{e97d4e69-0000-0000-1bad-000000000000}", "ProcessId": "892", "Image": "C:\\Windows\\System32\\svchost.exe", "ImageLoaded": "C:\\Windows\\System32\\umrdp.dll", "FileVersion": "6.1.7600.16385 (win7_rtm.090713-1255)", "Description": "Remote Desktop Services Device Redirector Service", "Product": "Microsoft\u00ae Windows\u00ae Operating System", "Company": "Microsoft Corporation", "OriginalFileName": "umrdp.dll", "Hashes": "SHA1=086A2135E4522A65CCAEC76004556D6D3067C898,MD5=8ECACA5454844F66386F7BE4AE0D7CD1,SHA256=F3B02A9F598C6A9EFA019F5833959DD1A86FDFDB9FDDF99A8687BBB6211AAD00,IMPHASH=A87DC2247065956401FF9A67771E37D8", "Signed": "true", "Signature": "Microsoft Windows", "SignatureStatus": "Valid", "_source_file": "data/baseline/win7-x86/Microsoft-Windows-Sysmon%4Operational.evtx"}, {"EventID": 7, "Computer": "evtx-PC", "UtcTime": "2022-04-04 11:19:50.470", "Provider": "Microsoft-Windows-Sysmon", "RuleName": "-", "ProcessGuid": "{e97d4e69-0000-0000-1bad-000000000000}", "ProcessId": "892", "Image": "C:\\Windows\\System32\\svchost.exe", "ImageLoaded": "C:\\Windows\\System32\\mstscax.dll", "FileVersion": "6.1.7600.16385 (win7_rtm.090713-1255)", "Description": "Remote Desktop Services ActiveX Client", "Product": "Microsoft\u00ae Windows\u00ae Operating System", "Company": "Microsoft Corporation", "OriginalFileName": "mstscax.dll", "Hashes": "SHA1=A4CB0491AE4065880B12EBA270F164974A0716FF,MD5=10756C22A4D08C740314178A6C2D8C40,SHA256=6CAD130390300F835AF9E9A7374DAED4B061DEC956AF1E8F34B5E2D1DB5CAA37,IMPHASH=56AE94B8338410D65CA7647F22C0C3AF", "Signed": "true", "Signature": "Microsoft Windows", "SignatureStatus": "Valid", "_source_file": "data/baseline/win7-x86/Microsoft-Windows-Sysmon%4Operational.evtx"}, {"EventID": 7, "Computer": "evtx-PC", "UtcTime": "2022-04-04 11:19:50.486", "Provider": "Microsoft-Windows-Sysmon", "RuleName": "-", "ProcessGuid": "{e97d4e69-0000-0000-1bad-000000000000}", "ProcessId": "892", "Image": "C:\\Windows\\System32\\svchost.exe", "ImageLoaded": "C:\\Windows\\System32\\termsrv.dll", "FileVersion": "6.1.7600.16385 (win7_rtm.090713-1255)", "Description": "Remote Desktop Session Host Server Remote Connections Manager", "Product": "Microsoft\u00ae Windows\u00ae Operating System", "Company": "Microsoft Corporation", "OriginalFileName": "termsrv.dll", "Hashes": "SHA1=EFD82448FE8C8BEB48F40F88BD84AB15EA8510B4,MD5=A01E50A04D7B1960B33E92B9080E6A94,SHA256=0512BF11F2FD62BDBD2B1AA34D509BE82AC374C37B925C8C0ED119C6331930FD,IMPHASH=FA9A26A26A4BF5CD1DE96AAD4CDC8533", "Signed": "true", "Signature": "Microsoft Windows", "SignatureStatus": "Valid", "_source_file": "data/baseline/win7-x86/Microsoft-Windows-Sysmon%4Operational.evtx"}, {"EventID": 7, "Computer": "evtx-PC", "UtcTime": "2022-04-04 11:19:50.501", "Provider": "Microsoft-Windows-Sysmon", "RuleName": "-", "ProcessGuid": "{e97d4e69-0000-0000-1bad-000000000000}", "ProcessId": "892", "Image": "C:\\Windows\\System32\\svchost.exe", "ImageLoaded": "C:\\Windows\\System32\\tzutil.exe", "FileVersion": "6.1.7600.16385 (win7_rtm.090713-1255)", "Description": "Windows Time Zone Utility", "Product": "Microsoft\u00ae Windows\u00ae Operating System", "Company": "Microsoft Corporation", "OriginalFileName": "tzutil.exe", "Hashes": "SHA1=B8E6288BCD3608253CBF1DB53D5B7DE3B27F3929,MD5=D7AF5C27798A99E3AC5A22D6B43D1BEF,SHA256=9C57DC2A9811985B17F0517E9A5622DF7E63134A66342BC0DCEA1A5A9BA51D1C,IMPHASH=35799ED6BADBCBD7B2935DEC46E515C5", "Signed": "true", "Signature": "Microsoft Windows", "SignatureStatus": "Valid", "_source_file": "data/baseline/win7-x86/Microsoft-Windows-Sysmon%4Operational.evtx"}, {"EventID": 7, "Computer": "evtx-PC", "UtcTime": "2022-04-04 11:19:50.517", "Provider": "Microsoft-Windows-Sysmon", "RuleName": "-", "ProcessGuid": "{e97d4e69-0000-0000-1bad-000000000000}", "ProcessId": "892", "Image": "C:\\Windows\\System32\\svchost.exe", "ImageLoaded": "C:\\Windows\\System32\\drivers\\luafv.sys", "FileVersion": "6.1.7600.16385 (win7_rtm.090713-1255)", "Description": "LUA File Virtualization Filter Driver", "Product": "Microsoft\u00ae Windows\u00ae Operating System", "Company": "Microsoft Corporation", "OriginalFileName": "luafv.sys", "Hashes": "SHA1=BEFB20D2E32A0107602707D3F6DE84AA483A5B5E,MD5=6703E366CC18D3B6E534F5CF7DF39CEE,SHA256=7396B9AF938284D99EC51206A7B2FA4A0DC10A493DCE6707818B03A7473782C4,IMPHASH=4EBA947C2CD8501AEF4F65C14A2DAE0E", "Signed": "true", "Signature": "Microsoft Windows", "SignatureStatus": "Valid", "_source_file": "data/baseline/win7-x86/Microsoft-Windows-Sysmon%4Operational.evtx"}, {"EventID": 7, "Computer": "evtx-PC", "UtcTime": "2022-04-04 11:19:50.517", "Provider": "Microsoft-Windows-Sysmon", "RuleName": "-", "ProcessGuid": "{e97d4e69-0000-0000-1bad-000000000000}", "ProcessId": "892", "Image": "C:\\Windows\\System32\\svchost.exe", "ImageLoaded": "C:\\Windows\\System32\\profsvc.dll", "FileVersion": "6.1.7600.16385 (win7_rtm.090713-1255)", "Description": "ProfSvc", "Product": "Microsoft\u00ae Windows\u00ae Operating System", "Company": "Microsoft Corporation", "OriginalFileName": "ProfSvc.dll", "Hashes": "SHA1=77BC2AF57B1D4B4D54816E2B994C3F5FF18480E9,MD5=630CF26F0227498B7D5A92B12548960F,SHA256=7B6E2A3C398DF2E8F63C03ED5B59BB8DA47D5C1ACA9F37438F71F35633ACD6CD,IMPHASH=EEB4699273A9209AC000BD837F8B0127", "Signed": "true", "Signature": "Microsoft Windows", "SignatureStatus": "Valid", "_source_file": "data/baseline/win7-x86/Microsoft-Windows-Sysmon%4Operational.evtx"}, {"EventID": 7, "Computer": "evtx-PC", "UtcTime": "2022-04-04 11:19:50.532", "Provider": "Microsoft-Windows-Sysmon", "RuleName": "-", "ProcessGuid": "{e97d4e69-0000-0000-1bad-000000000000}", "ProcessId": "892", "Image": "C:\\Windows\\System32\\svchost.exe", "ImageLoaded": "C:\\Windows\\System32\\drivers\\vdrvroot.sys", "FileVersion": "6.1.7600.16385 (win7_rtm.090713-1255)", "Description": "Virtual Drive Root Enumerator", "Product": "Microsoft\u00ae Windows\u00ae Operating System", "Company": "Microsoft Corporation", "OriginalFileName": "vdrvroot.sys", "Hashes": "SHA1=35706CA8FD2E4E4BDFAB0298E37927030615110A,MD5=A059C4C3EDB09E07D21A8E5C0AABD3CB,SHA256=BDD3729B49DF2E2FC72FFEF9D10235B481A671DE5A721B6B9A80873B7A343F07,IMPHASH=D520C3A9E5584189BBF17F7100075F96", "Signed": "true", "Signature": "Microsoft Windows", "SignatureStatus": "Valid", "_source_file": "data/baseline/win7-x86/Microsoft-Windows-Sysmon%4Operational.evtx"}, {"EventID": 7, "Computer": "evtx-PC", "UtcTime": "2022-04-04 11:19:50.532", "Provider": "Microsoft-Windows-Sysmon", "RuleName": "-", "ProcessGuid": "{e97d4e69-0000-0000-1bad-000000000000}", "ProcessId": "892", "Image": "C:\\Windows\\System32\\svchost.exe", "ImageLoaded": "C:\\Windows\\System32\\drivers\\vhdmp.sys", "FileVersion": "6.1.7600.16385 (win7_rtm.090713-1255)", "Description": "VHD Miniport Driver", "Product": "Microsoft\u00ae Windows\u00ae Operating System", "Company": "Microsoft Corporation", "OriginalFileName": "vhdmp.sys", "Hashes": "SHA1=C9775A9DFB337B096B4793A59A9960F3AC2B8BC6,MD5=3BE6E1F3A4F1AFEC8CEE0D7883F93583,SHA256=33DF8F7C9A3176175113CA10D69FAF17A5412C055943F14DDC9923531FADB82D,IMPHASH=9422E4A4EEB817B5BDE645750F4B82F7", "Signed": "true", "Signature": "Microsoft Windows", "SignatureStatus": "Valid", "_source_file": "data/baseline/win7-x86/Microsoft-Windows-Sysmon%4Operational.evtx"}, {"EventID": 7, "Computer": "evtx-PC", "UtcTime": "2022-04-04 11:19:50.532", "Provider": "Microsoft-Windows-Sysmon", "RuleName": "-", "ProcessGuid": "{e97d4e69-0000-0000-1bad-000000000000}", "ProcessId": "892", "Image": "C:\\Windows\\System32\\svchost.exe", "ImageLoaded": "C:\\Windows\\System32\\drivers\\vhdmp.sys", "FileVersion": "6.1.7600.16385 (win7_rtm.090713-1255)", "Description": "VHD Miniport Driver", "Product": "Microsoft\u00ae Windows\u00ae Operating System", "Company": "Microsoft Corporation", "OriginalFileName": "vhdmp.sys", "Hashes": "SHA1=C9775A9DFB337B096B4793A59A9960F3AC2B8BC6,MD5=3BE6E1F3A4F1AFEC8CEE0D7883F93583,SHA256=33DF8F7C9A3176175113CA10D69FAF17A5412C055943F14DDC9923531FADB82D,IMPHASH=9422E4A4EEB817B5BDE645750F4B82F7", "Signed": "true", "Signature": "Microsoft Windows", "SignatureStatus": "Valid", "_source_file": "data/baseline/win7-x86/Microsoft-Windows-Sysmon%4Operational.evtx"}, {"EventID": 7, "Computer": "evtx-PC", "UtcTime": "2022-04-04 11:19:50.548", "Provider": "Microsoft-Windows-Sysmon", "RuleName": "-", "ProcessGuid": "{e97d4e69-0000-0000-1bad-000000000000}", "ProcessId": "892", "Image": "C:\\Windows\\System32\\svchost.exe", "ImageLoaded": "C:\\Windows\\System32\\webio.dll", "FileVersion": "6.1.7600.16385 (win7_rtm.090713-1255)", "Description": "Web Transfer Protocols API", "Product": "Microsoft\u00ae Windows\u00ae Operating System", "Company": "Microsoft Corporation", "OriginalFileName": "webio.dll", "Hashes": "SHA1=DFF12075E156CF519426347F8B1CB801DDC75510,MD5=7F739F89F7F60221740DA9DE1B1DABB6,SHA256=7FB3E2DF211826B097FEDB8335DB2CC0206823B440897478C1E77169E4033D66,IMPHASH=EEB45DBFF0C730568C0B206F0D3B30B2", "Signed": "true", "Signature": "Microsoft Windows", "SignatureStatus": "Valid", "_source_file": "data/baseline/win7-x86/Microsoft-Windows-Sysmon%4Operational.evtx"}, {"EventID": 7, "Computer": "evtx-PC", "UtcTime": "2022-04-04 11:19:50.548", "Provider": "Microsoft-Windows-Sysmon", "RuleName": "-", "ProcessGuid": "{e97d4e69-0000-0000-1bad-000000000000}", "ProcessId": "892", "Image": "C:\\Windows\\System32\\svchost.exe", "ImageLoaded": "C:\\Windows\\System32\\WerFault.exe", "FileVersion": "6.1.7600.16385 (win7_rtm.090713-1255)", "Description": "Windows Problem Reporting", "Product": "Microsoft\u00ae Windows\u00ae Operating System", "Company": "Microsoft Corporation", "OriginalFileName": "WerFault.exe", "Hashes": "SHA1=F43F28CC5165608E6FB3794E9A3D083CA2C75F0E,MD5=5FEAB868CAEDBBD1B7A145CA8261E4AA,SHA256=08BACE187A0225E10677DE9AA6738A7118BE3E5CAD6DC45FB8D3366A61BB343C,IMPHASH=9E033013A54C838941E1E6B8DC42511D", "Signed": "true", "Signature": "Microsoft Windows", "SignatureStatus": "Valid", "_source_file": "data/baseline/win7-x86/Microsoft-Windows-Sysmon%4Operational.evtx"}, {"EventID": 7, "Computer": "evtx-PC", "UtcTime": "2022-04-04 11:19:50.563", "Provider": "Microsoft-Windows-Sysmon", "RuleName": "-", "ProcessGuid": "{e97d4e69-0000-0000-1bad-000000000000}", "ProcessId": "892", "Image": "C:\\Windows\\System32\\svchost.exe", "ImageLoaded": "C:\\Program Files\\Windows Defender\\MpEvMsg.dll", "FileVersion": "6.1.7600.16385 (win7_rtm.090713-1255)", "Description": "Event Resource Module", "Product": "Microsoft\u00ae Windows\u00ae Operating System", "Company": "Microsoft Corporation", "OriginalFileName": "MpEvMsg.dll", "Hashes": "SHA1=B8526016626A1765AA6D44FBEC022096B9DB7AA6,MD5=5826854E4E420E29F59C2865F0FA562F,SHA256=F62B0AD7C2C0390A715B018180C2C9E6349FEFF605B9C02426099EE632A65D97,IMPHASH=00000000000000000000000000000000", "Signed": "true", "Signature": "Microsoft Windows", "SignatureStatus": "Valid", "_source_file": "data/baseline/win7-x86/Microsoft-Windows-Sysmon%4Operational.evtx"}, {"EventID": 7, "Computer": "evtx-PC", "UtcTime": "2022-04-04 11:19:50.579", "Provider": "Microsoft-Windows-Sysmon", "RuleName": "-", "ProcessGuid": "{e97d4e69-0000-0000-1bad-000000000000}", "ProcessId": "892", "Image": "C:\\Windows\\System32\\svchost.exe", "ImageLoaded": "C:\\Windows\\System32\\MPSSVC.dll", "FileVersion": "6.1.7600.16385 (win7_rtm.090713-1255)", "Description": "Microsoft Protection Service", "Product": "Microsoft\u00ae Windows\u00ae Operating System", "Company": "Microsoft Corporation", "OriginalFileName": "mpssvc.dll", "Hashes": "SHA1=CF57000F0171A8A47AAC69C7434C5B27D16A364A,MD5=5CD996CECF45CBC3E8D109C86B82D69E,SHA256=ABE40DA4DA555D3D5054BE28BF82E775D90DCB9E31409DC95FABF2F016B17700,IMPHASH=E5C12753FA04C91B3B5003971F6E32BB", "Signed": "true", "Signature": "Microsoft Windows", "SignatureStatus": "Valid", "_source_file": "data/baseline/win7-x86/Microsoft-Windows-Sysmon%4Operational.evtx"}, {"EventID": 7, "Computer": "evtx-PC", "UtcTime": "2022-04-04 11:19:50.594", "Provider": "Microsoft-Windows-Sysmon", "RuleName": "-", "ProcessGuid": "{e97d4e69-0000-0000-1bad-000000000000}", "ProcessId": "892", "Image": "C:\\Windows\\System32\\svchost.exe", "ImageLoaded": "C:\\Windows\\System32\\sdclt.exe", "FileVersion": "6.1.7600.16385 (win7_rtm.090713-1255)", "Description": "Microsoft\u00ae Windows Backup", "Product": "Microsoft\u00ae Windows\u00ae Operating System", "Company": "Microsoft Corporation", "OriginalFileName": "sdclt.exe", "Hashes": "SHA1=BA0A1919AA9032D112201D3D83878CC9C5AE8AA9,MD5=264402CCDACA1B065C784185C5F79DFB,SHA256=63BD48EC89FD4A16C0002B1B204731147702D2EE43049B5F3F3E15021AAAAE5A,IMPHASH=B4141E03977FAAF21E42D3AE32C0DAC8", "Signed": "true", "Signature": "Microsoft Windows", "SignatureStatus": "Valid", "_source_file": "data/baseline/win7-x86/Microsoft-Windows-Sysmon%4Operational.evtx"}, {"EventID": 7, "Computer": "evtx-PC", "UtcTime": "2022-04-04 11:19:50.610", "Provider": "Microsoft-Windows-Sysmon", "RuleName": "-", "ProcessGuid": "{e97d4e69-0000-0000-1bad-000000000000}", "ProcessId": "892", "Image": "C:\\Windows\\System32\\svchost.exe", "ImageLoaded": "C:\\Windows\\System32\\mscms.dll", "FileVersion": "6.1.7600.16385 (win7_rtm.090713-1255)", "Description": "Microsoft Color Matching System DLL", "Product": "Microsoft\u00ae Windows\u00ae Operating System", "Company": "Microsoft Corporation", "OriginalFileName": "MSCMS.DLL", "Hashes": "SHA1=D35E5A4F2FFA191231DCA7E26D031A9E630D7005,MD5=205B7034B64DE5A68DEB96B47B7E889B,SHA256=7D1330631B6802F4DB7E60324C18015C4E414DC73EC6AFC7EC576B30E3902AE7,IMPHASH=A9737FF7DC32843CD9A216E3B734DF6D", "Signed": "true", "Signature": "Microsoft Windows", "SignatureStatus": "Valid", "_source_file": "data/baseline/win7-x86/Microsoft-Windows-Sysmon%4Operational.evtx"}, {"EventID": 7, "Computer": "evtx-PC", "UtcTime": "2022-04-04 11:19:50.641", "Provider": "Microsoft-Windows-Sysmon", "RuleName": "-", "ProcessGuid": "{e97d4e69-0000-0000-1bad-000000000000}", "ProcessId": "892", "Image": "C:\\Windows\\System32\\svchost.exe", "ImageLoaded": "C:\\Windows\\System32\\WinSAT.exe", "FileVersion": "6.1.7600.16385 (win7_rtm.090713-1255)", "Description": "Windows System Assessment Tool", "Product": "Microsoft\u00ae Windows\u00ae Operating System", "Company": "Microsoft Corporation", "OriginalFileName": "WinSAT.exe", "Hashes": "SHA1=774106C17D06F074A8533D8A5F0E3A2F32C8B3C4,MD5=800C5B51F0FB6E2183FB0D41E2B74EB9,SHA256=6008C9A63A09995CBF361F5CD80EEAFDE92A1B758343D2C9B430971B93EE4C04,IMPHASH=037A5D612627B92FF8D32691D929A820", "Signed": "true", "Signature": "Microsoft Windows", "SignatureStatus": "Valid", "_source_file": "data/baseline/win7-x86/Microsoft-Windows-Sysmon%4Operational.evtx"}, {"EventID": 7, "Computer": "evtx-PC", "UtcTime": "2022-04-04 11:19:50.671", "Provider": "Microsoft-Windows-Sysmon", "RuleName": "-", "ProcessGuid": "{e97d4e69-0000-0000-1bad-000000000000}", "ProcessId": "892", "Image": "C:\\Windows\\System32\\svchost.exe", "ImageLoaded": "C:\\Windows\\System32\\wuaueng.dll", "FileVersion": "7.3.7600.16385 (win7_rtm.090713-1255)", "Description": "Windows Update Agent", "Product": "Microsoft\u00ae Windows\u00ae Operating System", "Company": "Microsoft Corporation", "OriginalFileName": "wuaueng.dll", "Hashes": "SHA1=81550E3722478783B1EC2BBD20F33220AA39855A,MD5=A33408CC036F9C08142B11BE5E93F0A1,SHA256=A6CE3681EE4DE3C9A8B8B5DA4E8E46DB4443A32D1339F7D0893F1F2153635D86,IMPHASH=C048CA8651E747D8DD20BC46116B4567", "Signed": "true", "Signature": "Microsoft Windows", "SignatureStatus": "Valid", "_source_file": "data/baseline/win7-x86/Microsoft-Windows-Sysmon%4Operational.evtx"}, {"EventID": 7, "Computer": "evtx-PC", "UtcTime": "2022-04-04 11:19:50.687", "Provider": "Microsoft-Windows-Sysmon", "RuleName": "-", "ProcessGuid": "{e97d4e69-0000-0000-1bad-000000000000}", "ProcessId": "892", "Image": "C:\\Windows\\System32\\svchost.exe", "ImageLoaded": "C:\\Windows\\System32\\winhttp.dll", "FileVersion": "6.1.7600.16385 (win7_rtm.090713-1255)", "Description": "Windows HTTP Services", "Product": "Microsoft\u00ae Windows\u00ae Operating System", "Company": "Microsoft Corporation", "OriginalFileName": "winhttp.dll", "Hashes": "SHA1=33E35805E31A0DB73B46BA102E36CB1B81B9A417,MD5=D757F59EED634C595727534B60E640B8,SHA256=58ECD28FB62DB9F2302E21E00F253542FA6D450D36685A11012C827324D0C00D,IMPHASH=B17ECEAFE5889E6E8841052D60F83FB8", "Signed": "true", "Signature": "Microsoft Windows", "SignatureStatus": "Valid", "_source_file": "data/baseline/win7-x86/Microsoft-Windows-Sysmon%4Operational.evtx"}, {"EventID": 7, "Computer": "evtx-PC", "UtcTime": "2022-04-04 11:19:50.687", "Provider": "Microsoft-Windows-Sysmon", "RuleName": "-", "ProcessGuid": "{e97d4e69-0000-0000-1bad-000000000000}", "ProcessId": "892", "Image": "C:\\Windows\\System32\\svchost.exe", "ImageLoaded": "C:\\Windows\\System32\\winlogon.exe", "FileVersion": "6.1.7600.16385 (win7_rtm.090713-1255)", "Description": "Windows Logon Application", "Product": "Microsoft\u00ae Windows\u00ae Operating System", "Company": "Microsoft Corporation", "OriginalFileName": "WINLOGON.EXE", "Hashes": "SHA1=2D7D1DD2E339334BDFEA49D9E271AE36094EB6EE,MD5=8EC6A4AB12B8F3759E21F8E3A388F2CF,SHA256=CB6E375722AD98184D3473D6645CFC73E0040DA04377DA23AA1DA3FA0671FA68,IMPHASH=6E3858BE536763EC60B658CACD00B80D", "Signed": "true", "Signature": "Microsoft Windows", "SignatureStatus": "Valid", "_source_file": "data/baseline/win7-x86/Microsoft-Windows-Sysmon%4Operational.evtx"}, {"EventID": 7, "Computer": "evtx-PC", "UtcTime": "2022-04-04 11:19:50.687", "Provider": "Microsoft-Windows-Sysmon", "RuleName": "-", "ProcessGuid": "{e97d4e69-0000-0000-1bad-000000000000}", "ProcessId": "892", "Image": "C:\\Windows\\System32\\svchost.exe", "ImageLoaded": "C:\\Windows\\System32\\WsmRes.dll", "FileVersion": "6.1.7600.16385 (win7_rtm.090713-1255)", "Description": "WSMan Resource DLL", "Product": "Microsoft\u00ae Windows\u00ae Operating System", "Company": "Microsoft Corporation", "OriginalFileName": "WsmRes.dll", "Hashes": "SHA1=BDFA3608DC4A0384E0085F495B7A54A1CE92C1D0,MD5=0DF34F7EF3BD18DC00C3E03E6E1CA315,SHA256=F608244DFD63BB0A408609546939E19E2F13CBA67C215D704CBAB8D5E33D7215,IMPHASH=00000000000000000000000000000000", "Signed": "true", "Signature": "Microsoft Windows", "SignatureStatus": "Valid", "_source_file": "data/baseline/win7-x86/Microsoft-Windows-Sysmon%4Operational.evtx"}, {"EventID": 7, "Computer": "evtx-PC", "UtcTime": "2022-04-04 11:19:50.702", "Provider": "Microsoft-Windows-Sysmon", "RuleName": "-", "ProcessGuid": "{e97d4e69-0000-0000-1bad-000000000000}", "ProcessId": "892", "Image": "C:\\Windows\\System32\\svchost.exe", "ImageLoaded": "C:\\Windows\\System32\\drivers\\afd.sys", "FileVersion": "6.1.7600.16385 (win7_rtm.090713-1255)", "Description": "Ancillary Function Driver for WinSock", "Product": "Microsoft\u00ae Windows\u00ae Operating System", "Company": "Microsoft Corporation", "OriginalFileName": "afd.sys", "Hashes": "SHA1=383E2F79685BAC04B05BF9C64792EC8ED1C2BCEC,MD5=DDC040FDB01EF1712A6B13E52AFB104C,SHA256=BF17E91BBB85A04F1EEF580CD006101332CDE5B876A0D04C6932F30707BB184F,IMPHASH=F5BBC500CB9F7DA3E0EEE2F5A38A1AFC", "Signed": "true", "Signature": "Microsoft Windows", "SignatureStatus": "Valid", "_source_file": "data/baseline/win7-x86/Microsoft-Windows-Sysmon%4Operational.evtx"}, {"EventID": 7, "Computer": "evtx-PC", "UtcTime": "2022-04-04 11:19:50.718", "Provider": "Microsoft-Windows-Sysmon", "RuleName": "-", "ProcessGuid": "{e97d4e69-0000-0000-1bad-000000000000}", "ProcessId": "892", "Image": "C:\\Windows\\System32\\svchost.exe", "ImageLoaded": "C:\\Windows\\System32\\dot3svc.dll", "FileVersion": "6.1.7600.16385 (win7_rtm.090713-1255)", "Description": "Wired AutoConfig Service", "Product": "Microsoft\u00ae Windows\u00ae Operating System", "Company": "Microsoft Corporation", "OriginalFileName": "dot3svc.dll", "Hashes": "SHA1=5DCCE0E48377298EE95ECAC624273C933AAF9AB2,MD5=4408C85C21EEA48EB0CE486BAEEF0502,SHA256=67EA726F4053665D94D7790EC89616EA0698A7548073A9211E3F75937B4384BE,IMPHASH=87FB1AB9ABC5CF8820C91C039F322662", "Signed": "true", "Signature": "Microsoft Windows", "SignatureStatus": "Valid", "_source_file": "data/baseline/win7-x86/Microsoft-Windows-Sysmon%4Operational.evtx"}, {"EventID": 7, "Computer": "evtx-PC", "UtcTime": "2022-04-04 11:19:50.733", "Provider": "Microsoft-Windows-Sysmon", "RuleName": "-", "ProcessGuid": "{e97d4e69-0000-0000-1bad-000000000000}", "ProcessId": "892", "Image": "C:\\Windows\\System32\\svchost.exe", "ImageLoaded": "C:\\Windows\\System32\\wlansvc.dll", "FileVersion": "6.1.7600.16385 (win7_rtm.090713-1255)", "Description": "Windows WLAN AutoConfig Service DLL", "Product": "Microsoft\u00ae Windows\u00ae Operating System", "Company": "Microsoft Corporation", "OriginalFileName": "wlansvc.dll", "Hashes": "SHA1=A9568120B52BB1D603560C0F609B1E87124D49A2,MD5=16935C98FF639D185086A3529B1F2067,SHA256=E9C6B73A572A04FCE9B1B0E6815F941B10332D9A6D55B92927C2B1275F119091,IMPHASH=8728C7CEDED6A9F0EB52EC0B787965A3", "Signed": "true", "Signature": "Microsoft Windows", "SignatureStatus": "Valid", "_source_file": "data/baseline/win7-x86/Microsoft-Windows-Sysmon%4Operational.evtx"}, 