{"EventID": 7, "Computer": "evtx-PC", "UtcTime": "2022-04-04 11:19:57.690", "Provider": "Microsoft-Windows-Sysmon", "RuleName": "-", "ProcessGuid": "{e97d4e69-0000-0000-2ea5-090000000000}", "ProcessId": "4788", "Image": "C:\\Windows\\Microsoft.NET\\Framework\\v2.0.50727\\mscorsvw.exe", "ImageLoaded": "C:\\Windows\\System32\\shlwapi.dll", "FileVersion": "6.1.7600.16385 (win7_rtm.090713-1255)", "Description": "Shell Light-weight Utility Library", "Product": "Microsoft\u00ae Windows\u00ae Operating System", "Company": "Microsoft Corporation", "OriginalFileName": "SHLWAPI.DLL", "Hashes": "SHA1=E7E1172E3A5F4665C2ABA4EBD8DBC7C70306E6E5,MD5=F037DB14CF6165C62F4A64D12A25B07C,SHA256=26CE06C858F59691F6D6D41E0031D9CD1ACB9AF24569FC3A0E869C08AA5225B5,IMPHASH=72F2EB5F918B203273F13006B674EB11", "Signed": "true", "Signature": "Microsoft Windows", "SignatureStatus": "Valid", "_source_file": "data/baseline/win7-x86/Microsoft-Windows-Sysmon%4Operational.evtx"}, {"EventID": 7, "Computer": "evtx-PC", "UtcTime": "2022-04-04 11:19:57.690", "Provider": "Microsoft-Windows-Sysmon", "RuleName": "-", "ProcessGuid": "{e97d4e69-0000-0000-2ea5-090000000000}", "ProcessId": "4788", "Image": "C:\\Windows\\Microsoft.NET\\Framework\\v2.0.50727\\mscorsvw.exe", "ImageLoaded": "C:\\Windows\\System32\\wtsapi32.dll", "FileVersion": "6.1.7600.16385 (win7_rtm.090713-1255)", "Description": "Windows Remote Desktop Session Host Server SDK APIs", "Product": "Microsoft\u00ae Windows\u00ae Operating System", "Company": "Microsoft Corporation", "OriginalFileName": "wtsapi32.dll", "Hashes": "SHA1=5EB9A8A50A51613F468314347A3CED70B6828C97,MD5=E30E5BB0DBA49EFE5BBBAFEA440CFBD9,SHA256=70D11382A242DB280FC121DBB95D2810E9139DAB6B66BA5FD58F115E3572649B,IMPHASH=7128DCC4A1252BAABD7573FF2138BBBA", "Signed": "true", "Signature": "Microsoft Windows", "SignatureStatus": "Valid", "_source_file": "data/baseline/win7-x86/Microsoft-Windows-Sysmon%4Operational.evtx"}, {"EventID": 7, "Computer": "evtx-PC", "UtcTime": "2022-04-04 11:19:57.690", "Provider": "Microsoft-Windows-Sysmon", "RuleName": "-", "ProcessGuid": "{e97d4e69-0000-0000-2ea5-090000000000}", "ProcessId": "4788", "Image": "C:\\Windows\\Microsoft.NET\\Framework\\v2.0.50727\\mscorsvw.exe", "ImageLoaded": "C:\\Windows\\System32\\winsta.dll", "FileVersion": "6.1.7600.16385 (win7_rtm.090713-1255)", "Description": "Winstation Library", "Product": "Microsoft\u00ae Windows\u00ae Operating System", "Company": "Microsoft Corporation", "OriginalFileName": "winsta.dll", "Hashes": "SHA1=91C277BD2CB7E051EDF006B7B656C5D2ED024600,MD5=AE5FF948400A51B040F999BF04290373,SHA256=7D1A0C2C1C2E136DC840979CC3287E6D305E511A8E2E04956A4EC9EBA11E15E5,IMPHASH=1A61FED9B5C2A2ADEB96C11CE3012CD1", "Signed": "true", "Signature": "Microsoft Windows", "SignatureStatus": "Valid", "_source_file": "data/baseline/win7-x86/Microsoft-Windows-Sysmon%4Operational.evtx"}, {"EventID": 7, "Computer": "evtx-PC", "UtcTime": "2022-04-04 11:19:57.773", "Provider": "Microsoft-Windows-Sysmon", "RuleName": "-", "ProcessGuid": "{e97d4e69-0000-0000-94a9-090000000000}", "ProcessId": "4820", "Image": "C:\\Program Files\\Google\\Update\\GoogleUpdate.exe", "ImageLoaded": "C:\\Windows\\System32\\shell32.dll", "FileVersion": "6.1.7600.16385 (win7_rtm.090713-1255)", "Description": "Windows Shell Common Dll", "Product": "Microsoft\u00ae Windows\u00ae Operating System", "Company": "Microsoft Corporation", "OriginalFileName": "SHELL32.DLL", "Hashes": "SHA1=CC82028C9D8791CE8413E05A70B8B2CC8C757076,MD5=518C6116079414E7074E726925D07A41,SHA256=419DB5CB061EAA5DCC4E6C91E02889C3681DA9F69D663A891FBDC3DF591A9247,IMPHASH=A0CE3D2E5A208A05CE19D021B97FCEAC", "Signed": "true", "Signature": "Microsoft Windows", "SignatureStatus": "Valid", "_source_file": "data/baseline/win7-x86/Microsoft-Windows-Sysmon%4Operational.evtx"}, {"EventID": 7, "Computer": "evtx-PC", "UtcTime": "2022-04-04 11:19:57.773", "Provider": "Microsoft-Windows-Sysmon", "RuleName": "-", "ProcessGuid": "{e97d4e69-0000-0000-94a9-090000000000}", "ProcessId": "4820", "Image": "C:\\Program Files\\Google\\Update\\GoogleUpdate.exe", "ImageLoaded": "C:\\Windows\\System32\\shlwapi.dll", "FileVersion": "6.1.7600.16385 (win7_rtm.090713-1255)", "Description": "Shell Light-weight Utility Library", "Product": "Microsoft\u00ae Windows\u00ae Operating System", "Company": "Microsoft Corporation", "OriginalFileName": "SHLWAPI.DLL", "Hashes": "SHA1=E7E1172E3A5F4665C2ABA4EBD8DBC7C70306E6E5,MD5=F037DB14CF6165C62F4A64D12A25B07C,SHA256=26CE06C858F59691F6D6D41E0031D9CD1ACB9AF24569FC3A0E869C08AA5225B5,IMPHASH=72F2EB5F918B203273F13006B674EB11", "Signed": "true", "Signature": "Microsoft Windows", "SignatureStatus": "Valid", "_source_file": "data/baseline/win7-x86/Microsoft-Windows-Sysmon%4Operational.evtx"}, {"EventID": 7, "Computer": "evtx-PC", "UtcTime": "2022-04-04 11:19:57.801", "Provider": "Microsoft-Windows-Sysmon", "RuleName": "-", "ProcessGuid": "{e97d4e69-0000-0000-94a9-090000000000}", "ProcessId": "4820", "Image": "C:\\Program Files\\Google\\Update\\GoogleUpdate.exe", "ImageLoaded": "C:\\Windows\\System32\\version.dll", "FileVersion": "6.1.7600.16385 (win7_rtm.090713-1255)", "Description": "Version Checking and File Installation Libraries", "Product": "Microsoft\u00ae Windows\u00ae Operating System", "Company": "Microsoft Corporation", "OriginalFileName": "VERSION.DLL", "Hashes": "SHA1=D27F1672E605BA6FE202226F942E6CC635328BC5,MD5=702254574E7E52052DE39408457B7149,SHA256=645CA9E88DA21C63710A04A0F54421018DF415A3D612112C71A255C49325C082,IMPHASH=105F233D0E5DB86B1F4409873B8B8E3E", "Signed": "true", "Signature": "Microsoft Windows", "SignatureStatus": "Valid", "_source_file": "data/baseline/win7-x86/Microsoft-Windows-Sysmon%4Operational.evtx"}, {"EventID": 7, "Computer": "evtx-PC", "UtcTime": "2022-04-04 11:19:57.801", "Provider": "Microsoft-Windows-Sysmon", "RuleName": "-", "ProcessGuid": "{e97d4e69-0000-0000-94a9-090000000000}", "ProcessId": "4820", "Image": "C:\\Program Files\\Google\\Update\\GoogleUpdate.exe", "ImageLoaded": "C:\\Windows\\System32\\userenv.dll", "FileVersion": "6.1.7600.16385 (win7_rtm.090713-1255)", "Description": "Userenv", "Product": "Microsoft\u00ae Windows\u00ae Operating System", "Company": "Microsoft Corporation", "OriginalFileName": "userenv.dll", "Hashes": "SHA1=302FC2F019EE725070758AA4F97F4B7067B241FB,MD5=9C0DC1DAAD14D443DD5A0D1EE78D775E,SHA256=73BA5BDF50EB78FA8BF479ADE0F1826FBB161CA70AF1405E06B64F4D2254B42C,IMPHASH=A7E397FE242848075A20A5F359911BC1", "Signed": "true", "Signature": "Microsoft Windows", "SignatureStatus": "Valid", "_source_file": "data/baseline/win7-x86/Microsoft-Windows-Sysmon%4Operational.evtx"}, {"EventID": 7, "Computer": "evtx-PC", "UtcTime": "2022-04-04 11:19:57.801", "Provider": "Microsoft-Windows-Sysmon", "RuleName": "-", "ProcessGuid": "{e97d4e69-0000-0000-94a9-090000000000}", "ProcessId": "4820", "Image": "C:\\Program Files\\Google\\Update\\GoogleUpdate.exe", "ImageLoaded": "C:\\Windows\\System32\\profapi.dll", "FileVersion": "6.1.7600.16385 (win7_rtm.090713-1255)", "Description": "User Profile Basic API", "Product": "Microsoft\u00ae Windows\u00ae Operating System", "Company": "Microsoft Corporation", "OriginalFileName": "PROFAPI.DLL", "Hashes": "SHA1=12B2CBAB8DD8B7531DF89B03D2A9A7A4EA9F7C2B,MD5=C733D233B623B7FFCE5031E4B756EE26,SHA256=33CC8B140B0E4A9B702E3468BE2646AEE4273F20C6EA5BAC6C3D8FC8EDEF0881,IMPHASH=3CAE6018A52671EE44B0B713A042E47F", "Signed": "true", "Signature": "Microsoft Windows", "SignatureStatus": "Valid", "_source_file": "data/baseline/win7-x86/Microsoft-Windows-Sysmon%4Operational.evtx"}, {"EventID": 7, "Computer": "evtx-PC", "UtcTime": "2022-04-04 11:19:57.801", "Provider": "Microsoft-Windows-Sysmon", "RuleName": "-", "ProcessGuid": "{e97d4e69-0000-0000-94a9-090000000000}", "ProcessId": "4820", "Image": "C:\\Program Files\\Google\\Update\\GoogleUpdate.exe", "ImageLoaded": "C:\\Windows\\System32\\wtsapi32.dll", "FileVersion": "6.1.7600.16385 (win7_rtm.090713-1255)", "Description": "Windows Remote Desktop Session Host Server SDK APIs", "Product": "Microsoft\u00ae Windows\u00ae Operating System", "Company": "Microsoft Corporation", "OriginalFileName": "wtsapi32.dll", "Hashes": "SHA1=5EB9A8A50A51613F468314347A3CED70B6828C97,MD5=E30E5BB0DBA49EFE5BBBAFEA440CFBD9,SHA256=70D11382A242DB280FC121DBB95D2810E9139DAB6B66BA5FD58F115E3572649B,IMPHASH=7128DCC4A1252BAABD7573FF2138BBBA", "Signed": "true", "Signature": "Microsoft Windows", "SignatureStatus": "Valid", "_source_file": "data/baseline/win7-x86/Microsoft-Windows-Sysmon%4Operational.evtx"}, {"EventID": 7, "Computer": "evtx-PC", "UtcTime": "2022-04-04 11:19:57.815", "Provider": "Microsoft-Windows-Sysmon", "RuleName": "-", "ProcessGuid": "{e97d4e69-0000-0000-94a9-090000000000}", "ProcessId": "4820", "Image": "C:\\Program Files\\Google\\Update\\GoogleUpdate.exe", "ImageLoaded": "C:\\Windows\\winsxs\\x86_microsoft.windows.common-controls_6595b64144ccf1df_6.0.7600.16385_none_421189da2b7fabfc\\comctl32.dll", "FileVersion": "6.10 (win7_rtm.090713-1255)", "Description": "User Experience Controls Library", "Product": "Microsoft\u00ae Windows\u00ae Operating System", "Company": "Microsoft Corporation", "OriginalFileName": "comctl32.DLL", "Hashes": "SHA1=E8E3872380107CC8AA2675C1904A6305BD6AB16C,MD5=0FA436A553408CBEBA070E3182658DE3,SHA256=304DA948021759DB08AB37DB9719CAF1BF671AACA1C6497C7CC784FE4EFF9550,IMPHASH=D51071FF11012808360B61E65257FB1E", "Signed": "true", "Signature": "Microsoft Windows", "SignatureStatus": "Valid", "_source_file": "data/baseline/win7-x86/Microsoft-Windows-Sysmon%4Operational.evtx"}, {"EventID": 7, "Computer": "evtx-PC", "UtcTime": "2022-04-04 11:19:57.815", "Provider": "Microsoft-Windows-Sysmon", "RuleName": "-", "ProcessGuid": "{e97d4e69-0000-0000-1bad-000000000000}", "ProcessId": "892", "Image": "C:\\Windows\\System32\\svchost.exe", "ImageLoaded": "C:\\Windows\\System32\\qmgr.dll", "FileVersion": "7.5.7600.16385 (win7_rtm.090713-1255)", "Description": "Background Intelligent Transfer Service", "Product": "Microsoft\u00ae Windows\u00ae Operating System", "Company": "Microsoft Corporation", "OriginalFileName": "qmgr.dll", "Hashes": "SHA1=4D3A1898B8449CE5A19EF281430DC2E169602F83,MD5=53F476476F55A27F580661BDE09C4EC4,SHA256=90DFBF97F011CFF41D2CFA2E33978BC746A7E693AC75EED1436130C4F10B4E67,IMPHASH=6CEB27225BA231ED8519CA9BBAF27AC9", "Signed": "true", "Signature": "Microsoft Windows", "SignatureStatus": "Valid", "_source_file": "data/baseline/win7-x86/Microsoft-Windows-Sysmon%4Operational.evtx"}, {"EventID": 7, "Computer": "evtx-PC", "UtcTime": "2022-04-04 11:19:57.815", "Provider": "Microsoft-Windows-Sysmon", "RuleName": "-", "ProcessGuid": "{e97d4e69-0000-0000-94a9-090000000000}", "ProcessId": "4820", "Image": "C:\\Program Files\\Google\\Update\\GoogleUpdate.exe", "ImageLoaded": "C:\\Windows\\System32\\crypt32.dll", "FileVersion": "6.1.7600.16385 (win7_rtm.090713-1255)", "Description": "Crypto API32", "Product": "Microsoft\u00ae Windows\u00ae Operating System", "Company": "Microsoft Corporation", "OriginalFileName": "CRYPT32.DLL", "Hashes": "SHA1=FA43E98FA0BD44CEAF381C55E8874B0868478AB8,MD5=E6B5DE86ABF68D7D67E451C29287B5C5,SHA256=AFE45D233FFBC190B3F13D357C973D20122B3C08A06BFF1CE70C0D46E44C5532,IMPHASH=58B2B8CD5F045A5B97B1B011C9E1FF44", "Signed": "true", "Signature": "Microsoft Windows", "SignatureStatus": "Valid", "_source_file": "data/baseline/win7-x86/Microsoft-Windows-Sysmon%4Operational.evtx"}, {"EventID": 7, "Computer": "evtx-PC", "UtcTime": "2022-04-04 11:19:57.815", "Provider": "Microsoft-Windows-Sysmon", "RuleName": "-", "ProcessGuid": "{e97d4e69-0000-0000-94a9-090000000000}", "ProcessId": "4820", "Image": "C:\\Program Files\\Google\\Update\\GoogleUpdate.exe", "ImageLoaded": "C:\\Windows\\System32\\msasn1.dll", "FileVersion": "6.1.7600.16385 (win7_rtm.090713-1255)", "Description": "ASN.1 Runtime APIs", "Product": "Microsoft\u00ae Windows\u00ae Operating System", "Company": "Microsoft Corporation", "OriginalFileName": "msasn1.dll", "Hashes": "SHA1=59DA364D41A03C599D2C75F6A743BE11FEE07587,MD5=F5777C29E38E4BF12C6F93A0B2F1B2D7,SHA256=9565A1D3BEDECE70CE711A8A975886F3B0BBD9CFC3CBE6654372942EAF61773E,IMPHASH=95AFB94F9D7416CBD861FE7EB393513B", "Signed": "true", "Signature": "Microsoft Windows", "SignatureStatus": "Valid", "_source_file": "data/baseline/win7-x86/Microsoft-Windows-Sysmon%4Operational.evtx"}, {"EventID": 7, "Computer": "evtx-PC", "UtcTime": "2022-04-04 11:19:57.815", "Provider": "Microsoft-Windows-Sysmon", "RuleName": "-", "ProcessGuid": "{e97d4e69-0000-0000-94a9-090000000000}", "ProcessId": "4820", "Image": "C:\\Program Files\\Google\\Update\\GoogleUpdate.exe", "ImageLoaded": "C:\\Windows\\System32\\msimg32.dll", "FileVersion": "6.1.7600.16385 (win7_rtm.090713-1255)", "Description": "GDIEXT Client DLL", "Product": "Microsoft\u00ae Windows\u00ae Operating System", "Company": "Microsoft Corporation", "OriginalFileName": "gdiext", "Hashes": "SHA1=1285F3ECCACB0A77CAAB84304682C457B348F6C3,MD5=18AB2E5A40064ED5F7791AC5946A90F3,SHA256=B7536CE56702C23B1CEC3E1B6C78866E0A76808B85A92AF3733D9ED9429E004C,IMPHASH=CE669631CEAD1D131A8EFE42E5E645C7", "Signed": "true", "Signature": "Microsoft Windows", "SignatureStatus": "Valid", "_source_file": "data/baseline/win7-x86/Microsoft-Windows-Sysmon%4Operational.evtx"}, {"EventID": 7, "Computer": "evtx-PC", "UtcTime": "2022-04-04 11:19:57.815", "Provider": "Microsoft-Windows-Sysmon", "RuleName": "-", "ProcessGuid": "{e97d4e69-0000-0000-94a9-090000000000}", "ProcessId": "4820", "Image": "C:\\Program Files\\Google\\Update\\GoogleUpdate.exe", "ImageLoaded": "C:\\Windows\\System32\\wininet.dll", "FileVersion": "8.00.7600.16385 (win7_rtm.090713-1255)", "Description": "Internet Extensions for Win32", "Product": "Windows\u00ae Internet Explorer", "Company": "Microsoft Corporation", "OriginalFileName": "wininet.dll", "Hashes": "SHA1=7DB231853ED4C5EA89201061CD5366311C3DE5BB,MD5=0D874F3BC751CC2198AF2E6783FB8B35,SHA256=90528FB50283F4ED8299E2A5203CF204254171A9AC19F50B21B0235BAA042CDF,IMPHASH=26628AFE62ABB27CA873F4DB77128142", "Signed": "true", "Signature": "Microsoft Windows", "SignatureStatus": "Valid", "_source_file": "data/baseline/win7-x86/Microsoft-Windows-Sysmon%4Operational.evtx"}, {"EventID": 7, "Computer": "evtx-PC", "UtcTime": "2022-04-04 11:19:57.815", "Provider": "Microsoft-Windows-Sysmon", "RuleName": "-", "ProcessGuid": "{e97d4e69-0000-0000-94a9-090000000000}", "ProcessId": "4820", "Image": "C:\\Program Files\\Google\\Update\\GoogleUpdate.exe", "ImageLoaded": "C:\\Windows\\System32\\normaliz.dll", "FileVersion": "6.1.7600.16385 (win7_rtm.090713-1255)", "Description": "Unicode Normalization DLL", "Product": "Microsoft\u00ae Windows\u00ae Operating System", "Company": "Microsoft Corporation", "OriginalFileName": "normaliz.dll", "Hashes": "SHA1=66A88FC0CA2CB75F39284CF411CD9C8E232FF88D,MD5=9C278785347BCC991F8EA2999D90F58D,SHA256=EA680C3642A6ABF627415AEE019956FAC702DC6A8F4B4D0FC8A4FB21EADD3896,IMPHASH=00000000000000000000000000000000", "Signed": "true", "Signature": "Microsoft Windows", "SignatureStatus": "Valid", "_source_file": "data/baseline/win7-x86/Microsoft-Windows-Sysmon%4Operational.evtx"}, {"EventID": 7, "Computer": "evtx-PC", "UtcTime": "2022-04-04 11:19:57.829", "Provider": "Microsoft-Windows-Sysmon", "RuleName": "-", "ProcessGuid": "{e97d4e69-0000-0000-94a9-090000000000}", "ProcessId": "4820", "Image": "C:\\Program Files\\Google\\Update\\GoogleUpdate.exe", "ImageLoaded": "C:\\Windows\\System32\\urlmon.dll", "FileVersion": "8.00.7600.16385 (win7_rtm.090713-1255)", "Description": "OLE32 Extensions for Win32", "Product": "Windows\u00ae Internet Explorer", "Company": "Microsoft Corporation", "OriginalFileName": "UrlMon.dll", "Hashes": "SHA1=A4FADDD91DBB1999E3F0AB547BD8D100F67026BD,MD5=4AF9FD44342A024B867E1950EE46FCB8,SHA256=6A35F91AA62B40D55DBFFF451D68117704066E2990DBD2B654E4B69ED1A305F0,IMPHASH=9AF2B705765C2297B63186A9A21413DF", "Signed": "true", "Signature": "Microsoft Windows", "SignatureStatus": "Valid", "_source_file": "data/baseline/win7-x86/Microsoft-Windows-Sysmon%4Operational.evtx"}, {"EventID": 7, "Computer": "evtx-PC", "UtcTime": "2022-04-04 11:19:57.843", "Provider": "Microsoft-Windows-Sysmon", "RuleName": "-", "ProcessGuid": "{e97d4e69-0000-0000-94a9-090000000000}", "ProcessId": "4820", "Image": "C:\\Program Files\\Google\\Update\\GoogleUpdate.exe", "ImageLoaded": "C:\\Windows\\System32\\iertutil.dll", "FileVersion": "8.00.7600.16385 (win7_rtm.090713-1255)", "Description": "Run time utility for Internet Explorer", "Product": "Windows\u00ae Internet Explorer", "Company": "Microsoft Corporation", "OriginalFileName": "IeRtUtil.dll", "Hashes": "SHA1=D297964E3015C290104C1702B7B8D5B965ED9FC8,MD5=13D1F490AF6C7649F51BA29F9CCBB778,SHA256=2A389A84E14CE601203CED3283B3345A74B040C670BCDF8C2AE22652E314D17C,IMPHASH=0FC464716D8669133988E44A08A6E76C", "Signed": "true", "Signature": "Microsoft Windows", "SignatureStatus": "Valid", "_source_file": "data/baseline/win7-x86/Microsoft-Windows-Sysmon%4Operational.evtx"}, {"EventID": 7, "Computer": "evtx-PC", "UtcTime": "2022-04-04 11:19:57.843", "Provider": "Microsoft-Windows-Sysmon", "RuleName": "-", "ProcessGuid": "{e97d4e69-0000-0000-94a9-090000000000}", "ProcessId": "4820", "Image": "C:\\Program Files\\Google\\Update\\GoogleUpdate.exe", "ImageLoaded": "C:\\Windows\\System32\\wintrust.dll", "FileVersion": "6.1.7600.16385 (win7_rtm.090713-1255)", "Description": "Microsoft Trust Verification APIs", "Product": "Microsoft\u00ae Windows\u00ae Operating System", "Company": "Microsoft Corporation", "OriginalFileName": "WINTRUST.DLL", "Hashes": "SHA1=EF9333D9DE37AEC1BBBA753011F816943EE7D419,MD5=27CBC636ABCE09CDB5227A872BE7A79C,SHA256=3CB803AAC96DD766843DD6D0F5A0EF37A1447240A24E754049AA645AACCEC5E4,IMPHASH=5C0205061B10A301667CFBD0F833ECA0", "Signed": "true", "Signature": "Microsoft Windows", "SignatureStatus": "Valid", "_source_file": "data/baseline/win7-x86/Microsoft-Windows-Sysmon%4Operational.evtx"}, {"EventID": 7, "Computer": "evtx-PC", "UtcTime": "2022-04-04 11:19:57.857", "Provider": "Microsoft-Windows-Sysmon", "RuleName": "-", "ProcessGuid": "{e97d4e69-0000-0000-94a9-090000000000}", "ProcessId": "4820", "Image": "C:\\Program Files\\Google\\Update\\GoogleUpdate.exe", "ImageLoaded": "C:\\Windows\\System32\\Wldap32.dll", "FileVersion": "6.1.7600.16385 (win7_rtm.090713-1255)", "Description": "Win32 LDAP API DLL", "Product": "Microsoft\u00ae Windows\u00ae Operating System", "Company": "Microsoft Corporation", "OriginalFileName": "WLDAP32.DLL", "Hashes": "SHA1=27CB754B62340F4585A2FDD66338033CD91D9E28,MD5=BFA70A99AD1434263F2DFBBA103BDEF8,SHA256=5A0E73D48824C23E2C221EAC369A906FEDECE0E047E8C7E5F012242E74AFAF9E,IMPHASH=D900A750A241DE43244596633C1F0AE1", "Signed": "true", "Signature": "Microsoft Windows", "SignatureStatus": "Valid", "_source_file": "data/baseline/win7-x86/Microsoft-Windows-Sysmon%4Operational.evtx"}, {"EventID": 10, "Computer": "evtx-PC", "UtcTime": "2022-04-04 11:19:57.857", "Provider": "Microsoft-Windows-Sysmon", "RuleName": "-", "SourceProcessGUID": "{e97d4e69-0000-0000-5ccd-010000000000}", "SourceProcessId": "2144", "SourceThreadId": "2168", "SourceImage": "C:\\Program Files\\Google\\Update\\1.3.36.122\\GoogleCrashHandler.exe", "TargetProcessGUID": "{e97d4e69-0000-0000-94a9-090000000000}", "TargetProcessId": "4820", "TargetImage": "C:\\Program Files\\Google\\Update\\GoogleUpdate.exe", "GrantedAccess": "0x001fffff", "CallTrace": "C:\\Windows\\SYSTEM32\\ntdll.dll+451dc|C:\\Windows\\system32\\KERNELBASE.dll+91b6|C:\\Program Files\\Google\\Update\\1.3.36.122\\GoogleCrashHandler.exe+ee43|C:\\Program Files\\Google\\Update\\1.3.36.122\\GoogleCrashHandler.exe+f57e|C:\\Program Files\\Google\\Update\\1.3.36.122\\GoogleCrashHandler.exe+fa78|C:\\Windows\\SYSTEM32\\ntdll.dll+2dbb4|C:\\Windows\\SYSTEM32\\ntdll.dll+2f35d|C:\\Windows\\SYSTEM32\\ntdll.dll+2e8d1|C:\\Windows\\system32\\kernel32.dll+51174|C:\\Windows\\SYSTEM32\\ntdll.dll+5b3f5|C:\\Windows\\SYSTEM32\\ntdll.dll+5b3c8", "_source_file": "data/baseline/win7-x86/Microsoft-Windows-Sysmon%4Operational.evtx"}, {"EventID": 10, "Computer": "evtx-PC", "UtcTime": "2022-04-04 11:19:57.857", "Provider": "Microsoft-Windows-Sysmon", "RuleName": "-", "SourceProcessGUID": "{e97d4e69-0000-0000-5ccd-010000000000}", "SourceProcessId": "2144", "SourceThreadId": "2168", "SourceImage": "C:\\Program Files\\Google\\Update\\1.3.36.122\\GoogleCrashHandler.exe", "TargetProcessGUID": "{e97d4e69-0000-0000-94a9-090000000000}", "TargetProcessId": "4820", "TargetImage": "C:\\Program Files\\Google\\Update\\GoogleUpdate.exe", "GrantedAccess": "0x001fffff", "CallTrace": "C:\\Windows\\SYSTEM32\\ntdll.dll+451dc|C:\\Windows\\system32\\KERNELBASE.dll+91b6|C:\\Program Files\\Google\\Update\\1.3.36.122\\GoogleCrashHandler.exe+ee43|C:\\Program Files\\Google\\Update\\1.3.36.122\\GoogleCrashHandler.exe+f57e|C:\\Program Files\\Google\\Update\\1.3.36.122\\GoogleCrashHandler.exe+fa78|C:\\Windows\\SYSTEM32\\ntdll.dll+2dbb4|C:\\Windows\\SYSTEM32\\ntdll.dll+2f35d|C:\\Windows\\SYSTEM32\\ntdll.dll+2e8d1|C:\\Windows\\system32\\kernel32.dll+51174|C:\\Windows\\SYSTEM32\\ntdll.dll+5b3f5|C:\\Windows\\SYSTEM32\\ntdll.dll+5b3c8", "_source_file": "data/baseline/win7-x86/Microsoft-Windows-Sysmon%4Operational.evtx"}, {"EventID": 11, "Computer": "evtx-PC", "UtcTime": "2022-04-04 11:19:57.857", "Provider": "Microsoft-Windows-Sysmon", "RuleName": "-", "ProcessGuid": "{e97d4e69-0000-0000-94a9-090000000000}", "ProcessId": "4820", "Image": "C:\\Program Files\\Google\\Update\\GoogleUpdate.exe", "TargetFilename": "C:\\Program Files\\Google\\Policies", "CreationUtcTime": "2022-04-04 11:19:57.857", "_source_file": "data/baseline/win7-x86/Microsoft-Windows-Sysmon%4Operational.evtx"}, {"EventID": 10, "Computer": "evtx-PC", "UtcTime": "2022-04-04 11:19:57.857", "Provider": "Microsoft-Windows-Sysmon", "RuleName": "-", "SourceProcessGUID": "{e97d4e69-0000-0000-cb4d-000000000000}", "SourceProcessId": "536", "SourceThreadId": "1864", "SourceImage": "C:\\Windows\\system32\\services.exe", "TargetProcessGUID": "{e97d4e69-0000-0000-94a9-090000000000}", "TargetProcessId": "4820", "TargetImage": "C:\\Program Files\\Google\\Update\\GoogleUpdate.exe", "GrantedAccess": "0x00001400", "CallTrace": "C:\\Windows\\SYSTEM32\\ntdll.dll+4481c|C:\\Windows\\system32\\RPCRT4.dll+c3d4|C:\\Windows\\system32\\RPCRT4.dll+c386|C:\\Windows\\system32\\services.exe+16a8b|C:\\Windows\\system32\\RPCRT4.dll+2fc8f|C:\\Windows\\system32\\RPCRT4.dll+94c53|C:\\Windows\\system32\\RPCRT4.dll+9430e|C:\\Windows\\system32\\RPCRT4.dll+2f34a|C:\\Windows\\system32\\RPCRT4.dll+2f4da|C:\\Windows\\system32\\RPCRT4.dll+2f3c6|C:\\Windows\\system32\\RPCRT4.dll+23974|C:\\Windows\\system32\\RPCRT4.dll+2f7a4|C:\\Windows\\system32\\RPCRT4.dll+2f763|C:\\Windows\\system32\\RPCRT4.dll+2f5ff|C:\\Windows\\system32\\RPCRT4.dll+2f573|C:\\Windows\\system32\\RPCRT4.dll+2ee4f", "_source_file": "data/baseline/win7-x86/Microsoft-Windows-Sysmon%4Operational.evtx"}, {"EventID": 1, "Computer": "evtx-PC", "UtcTime": "2022-04-04 11:19:57.857", "Provider": "Microsoft-Windows-Sysmon", "RuleName": "-", "ProcessGuid": "{e97d4e69-0000-0000-f5af-090000000000}", "ProcessId": "4848", "Image": "C:\\Program Files\\Google\\Update\\GoogleUpdate.exe", "FileVersion": "1.3.36.121", "Description": "Google Installer", "Product": "Google Update", "Company": "Google LLC", "OriginalFileName": "GoogleUpdate.exe", "CommandLine": "\"C:\\Program Files\\Google\\Update\\GoogleUpdate.exe\" /c", "CurrentDirectory": "C:\\Program Files\\Google\\Update\\1.3.36.122\\", "User": "NT AUTHORITY\\SYSTEM", "LogonGuid": "{e97d4e69-0000-0000-e703-000000000000}", "LogonId": "0x00000000000003e7", "TerminalSessionId": "0", "IntegrityLevel": "System", "Hashes": "SHA1=A3FF668CBC56D22FB3B258FABFF26BAC74A27E21,MD5=E4BF1E4D8477FBF8411E274F95A0D528,SHA256=62F622B022D4D8A52BAF02BCF0C163F6FD046265CC4553D2A8B267F8EDED4B76,IMPHASH=7DF1816239C5BC855600D41210406C5B", "ParentProcessGuid": "{e97d4e69-0000-0000-94a9-090000000000}", "ParentProcessId": "4820", "ParentImage": "C:\\Program Files\\Google\\Update\\GoogleUpdate.exe", "ParentCommandLine": "\"C:\\Program Files\\Google\\Update\\GoogleUpdate.exe\" /svc", "_source_file": "data/baseline/win7-x86/Microsoft-Windows-Sysmon%4Operational.evtx"}, {"EventID": 7, "Computer": "evtx-PC", "UtcTime": "2022-04-04 11:19:57.857", "Provider": "Microsoft-Windows-Sysmon", "RuleName": "-", "ProcessGuid": "{e97d4e69-0000-0000-94a9-090000000000}", "ProcessId": "4820", "Image": "C:\\Program Files\\Google\\Update\\GoogleUpdate.exe", "ImageLoaded": "C:\\Windows\\System32\\apphelp.dll", "FileVersion": "6.1.7600.16385 (win7_rtm.090713-1255)", "Description": "Application Compatibility Client Library", "Product": "Microsoft\u00ae Windows\u00ae Operating System", "Company": "Microsoft Corporation", "OriginalFileName": "Apphelp", "Hashes": "SHA1=D8EF05D54FBB878EC576A2CF7F7468B9884B7882,MD5=C02E3CE20E7776C922B5C8938350B5F1,SHA256=4BA2250230BC496ACF5709AD54E99BAC858C298BF09DBC574F8CA365A33E5FFC,IMPHASH=4CE9F6B32A14EDA18E129A2B11F0B0CC", "Signed": "true", "Signature": "Microsoft Windows", "SignatureStatus": "Valid", "_source_file": "data/baseline/win7-x86/Microsoft-Windows-Sysmon%4Operational.evtx"}, {"EventID": 5, "Computer": "evtx-PC", "UtcTime": "2022-04-04 11:19:57.857", "Provider": "Microsoft-Windows-Sysmon", "RuleName": "-", "ProcessGuid": "{e97d4e69-0000-0000-94a9-090000000000}", "ProcessId": "4820", "Image": "C:\\Program Files\\Google\\Update\\GoogleUpdate.exe", "_source_file": "data/baseline/win7-x86/Microsoft-Windows-Sysmon%4Operational.evtx"}, {"EventID": 26, "Computer": "evtx-PC", "UtcTime": "2022-04-04 11:19:57.857", "Provider": "Microsoft-Windows-Sysmon", "RuleName": "-", "ProcessGuid": "{e97d4e69-0000-0000-beb3-000000000000}", "ProcessId": "940", "User": "NT AUTHORITY\\SYSTEM", "Image": "C:\\Windows\\System32\\svchost.exe", "TargetFilename": "C:\\Windows\\Prefetch\\GOOGLEUPDATE.EXE-FE771DDA.pf", "Hashes": "SHA1=22D9E9BBBBA44714BF8C7C869E6FA10A52BBCBEE,MD5=2C7E1119AAD5F08351ECA5687139B7FE,SHA256=A0409312864C8293042212E8A40C7C377C2C578ABF9EDE7858640A4D6BC6D813,IMPHASH=00000000000000000000000000000000", "IsExecutable": "False", "_source_file": "data/baseline/win7-x86/Microsoft-Windows-Sysmon%4Operational.evtx"}, {"EventID": 11, "Computer": "evtx-PC", "UtcTime": "2022-04-04 11:19:57.857", "Provider": "Microsoft-Windows-Sysmon", "RuleName": "-", "ProcessGuid": "{e97d4e69-0000-0000-beb3-000000000000}", "ProcessId": "940", "Image": "C:\\Windows\\System32\\svchost.exe", "TargetFilename": "C:\\Windows\\Prefetch\\GOOGLEUPDATE.EXE-FE771DDA.pf", "CreationUtcTime": "2022-04-04 10:16:24.723", "_source_file": "data/baseline/win7-x86/Microsoft-Windows-Sysmon%4Operational.evtx"}, {"EventID": 7, "Computer": "evtx-PC", "UtcTime": "2022-04-04 11:19:57.857", "Provider": "Microsoft-Windows-Sysmon", "RuleName": "-", "ProcessGuid": "{e97d4e69-0000-0000-f5af-090000000000}", "ProcessId": "4848", "Image": "C:\\Program Files\\Google\\Update\\GoogleUpdate.exe", "ImageLoaded": "C:\\Windows\\System32\\shell32.dll", "FileVersion": "6.1.7600.16385 (win7_rtm.090713-1255)", "Description": "Windows Shell Common Dll", "Product": "Microsoft\u00ae Windows\u00ae Operating System", "Company": "Microsoft Corporation", "OriginalFileName": "SHELL32.DLL", "Hashes": "SHA1=CC82028C9D8791CE8413E05A70B8B2CC8C757076,MD5=518C6116079414E7074E726925D07A41,SHA256=419DB5CB061EAA5DCC4E6C91E02889C3681DA9F69D663A891FBDC3DF591A9247,IMPHASH=A0CE3D2E5A208A05CE19D021B97FCEAC", "Signed": "true", "Signature": "Microsoft Windows", "SignatureStatus": "Valid", "_source_file": "data/baseline/win7-x86/Microsoft-Windows-Sysmon%4Operational.evtx"}, {"EventID": 7, "Computer": "evtx-PC", "UtcTime": "2022-04-04 11:19:57.857", "Provider": "Microsoft-Windows-Sysmon", "RuleName": "-", "ProcessGuid": "{e97d4e69-0000-0000-f5af-090000000000}", "ProcessId": "4848", "Image": "C:\\Program Files\\Google\\Update\\GoogleUpdate.exe", "ImageLoaded": "C:\\Windows\\System32\\shlwapi.dll", "FileVersion": "6.1.7600.16385 (win7_rtm.090713-1255)", "Description": "Shell Light-weight Utility Library", "Product": "Microsoft\u00ae Windows\u00ae Operating System", "Company": "Microsoft Corporation", "OriginalFileName": "SHLWAPI.DLL", "Hashes": "SHA1=E7E1172E3A5F4665C2ABA4EBD8DBC7C70306E6E5,MD5=F037DB14CF6165C62F4A64D12A25B07C,SHA256=26CE06C858F59691F6D6D41E0031D9CD1ACB9AF24569FC3A0E869C08AA5225B5,IMPHASH=72F2EB5F918B203273F13006B674EB11", "Signed": "true", "Signature": "Microsoft Windows", "SignatureStatus": "Valid", "_source_file": "data/baseline/win7-x86/Microsoft-Windows-Sysmon%4Operational.evtx"}, {"EventID": 7, "Computer": "evtx-PC", "UtcTime": "2022-04-04 11:19:57.871", "Provider": "Microsoft-Windows-Sysmon", "RuleName": "-", "ProcessGuid": "{e97d4e69-0000-0000-f5af-090000000000}", "ProcessId": "4848", "Image": "C:\\Program Files\\Google\\Update\\GoogleUpdate.exe", "ImageLoaded": "C:\\Windows\\System32\\version.dll", "FileVersion": "6.1.7600.16385 (win7_rtm.090713-1255)", "Description": "Version Checking and File Installation Libraries", "Product": "Microsoft\u00ae Windows\u00ae Operating System", "Company": "Microsoft Corporation", "OriginalFileName": "VERSION.DLL", "Hashes": "SHA1=D27F1672E605BA6FE202226F942E6CC635328BC5,MD5=702254574E7E52052DE39408457B7149,SHA256=645CA9E88DA21C63710A04A0F54421018DF415A3D612112C71A255C49325C082,IMPHASH=105F233D0E5DB86B1F4409873B8B8E3E", "Signed": "true", "Signature": "Microsoft Windows", "SignatureStatus": "Valid", "_source_file": "data/baseline/win7-x86/Microsoft-Windows-Sysmon%4Operational.evtx"}, {"EventID": 7, "Computer": "evtx-PC", "UtcTime": "2022-04-04 11:19:57.871", "Provider": "Microsoft-Windows-Sysmon", "RuleName": "-", "ProcessGuid": "{e97d4e69-0000-0000-f5af-090000000000}", "ProcessId": "4848", "Image": "C:\\Program Files\\Google\\Update\\GoogleUpdate.exe", "ImageLoaded": "C:\\Windows\\System32\\userenv.dll", "FileVersion": "6.1.7600.16385 (win7_rtm.090713-1255)", "Description": "Userenv", "Product": "Microsoft\u00ae Windows\u00ae Operating System", "Company": "Microsoft Corporation", "OriginalFileName": "userenv.dll", "Hashes": "SHA1=302FC2F019EE725070758AA4F97F4B7067B241FB,MD5=9C0DC1DAAD14D443DD5A0D1EE78D775E,SHA256=73BA5BDF50EB78FA8BF479ADE0F1826FBB161CA70AF1405E06B64F4D2254B42C,IMPHASH=A7E397FE242848075A20A5F359911BC1", "Signed": "true", "Signature": "Microsoft Windows", "SignatureStatus": "Valid", "_source_file": "data/baseline/win7-x86/Microsoft-Windows-Sysmon%4Operational.evtx"}, {"EventID": 7, "Computer": "evtx-PC", "UtcTime": "2022-04-04 11:19:57.871", "Provider": "Microsoft-Windows-Sysmon", "RuleName": "-", "ProcessGuid": "{e97d4e69-0000-0000-f5af-090000000000}", "ProcessId": "4848", "Image": "C:\\Program Files\\Google\\Update\\GoogleUpdate.exe", "ImageLoaded": "C:\\Windows\\System32\\profapi.dll", "FileVersion": "6.1.7600.16385 (win7_rtm.090713-1255)", "Description": "User Profile Basic API", "Product": "Microsoft\u00ae Windows\u00ae Operating System", "Company": "Microsoft Corporation", "OriginalFileName": "PROFAPI.DLL", "Hashes": "SHA1=12B2CBAB8DD8B7531DF89B03D2A9A7A4EA9F7C2B,MD5=C733D233B623B7FFCE5031E4B756EE26,SHA256=33CC8B140B0E4A9B702E3468BE2646AEE4273F20C6EA5BAC6C3D8FC8EDEF0881,IMPHASH=3CAE6018A52671EE44B0B713A042E47F", "Signed": "true", "Signature": "Microsoft Windows", "SignatureStatus": "Valid", "_source_file": "data/baseline/win7-x86/Microsoft-Windows-Sysmon%4Operational.evtx"}, {"EventID": 7, "Computer": "evtx-PC", "UtcTime": "2022-04-04 11:19:57.871", "Provider": "Microsoft-Windows-Sysmon", "RuleName": "-", "ProcessGuid": "{e97d4e69-0000-0000-f5af-090000000000}", "ProcessId": "4848", "Image": "C:\\Program Files\\Google\\Update\\GoogleUpdate.exe", "ImageLoaded": "C:\\Windows\\System32\\wtsapi32.dll", "FileVersion": "6.1.7600.16385 (win7_rtm.090713-1255)", "Description": "Windows Remote Desktop Session Host Server SDK APIs", "Product": "Microsoft\u00ae Windows\u00ae Operating System", "Company": "Microsoft Corporation", "OriginalFileName": "wtsapi32.dll", "Hashes": "SHA1=5EB9A8A50A51613F468314347A3CED70B6828C97,MD5=E30E5BB0DBA49EFE5BBBAFEA440CFBD9,SHA256=70D11382A242DB280FC121DBB95D2810E9139DAB6B66BA5FD58F115E3572649B,IMPHASH=7128DCC4A1252BAABD7573FF2138BBBA", "Signed": "true", "Signature": "Microsoft Windows", "SignatureStatus": "Valid", "_source_file": "data/baseline/win7-x86/Microsoft-Windows-Sysmon%4Operational.evtx"}, {"EventID": 7, "Computer": "evtx-PC", "UtcTime": "2022-04-04 11:19:57.871", "Provider": "Microsoft-Windows-Sysmon", "RuleName": "-", "ProcessGuid": "{e97d4e69-0000-0000-f5af-090000000000}", "ProcessId": "4848", "Image": "C:\\Program Files\\Google\\Update\\GoogleUpdate.exe", "ImageLoaded": "C:\\Windows\\winsxs\\x86_microsoft.windows.common-controls_6595b64144ccf1df_6.0.7600.16385_none_421189da2b7fabfc\\comctl32.dll", "FileVersion": "6.10 (win7_rtm.090713-1255)", "Description": "User Experience Controls Library", "Product": "Microsoft\u00ae Windows\u00ae Operating System", "Company": "Microsoft Corporation", "OriginalFileName": "comctl32.DLL", "Hashes": "SHA1=E8E3872380107CC8AA2675C1904A6305BD6AB16C,MD5=0FA436A553408CBEBA070E3182658DE3,SHA256=304DA948021759DB08AB37DB9719CAF1BF671AACA1C6497C7CC784FE4EFF9550,IMPHASH=D51071FF11012808360B61E65257FB1E", "Signed": "true", "Signature": "Microsoft Windows", "SignatureStatus": "Valid", "_source_file": "data/baseline/win7-x86/Microsoft-Windows-Sysmon%4Operational.evtx"}, {"EventID": 7, "Computer": "evtx-PC", "UtcTime": "2022-04-04 11:19:57.871", "Provider": "Microsoft-Windows-Sysmon", "RuleName": "-", "ProcessGuid": "{e97d4e69-0000-0000-f5af-090000000000}", "ProcessId": "4848", "Image": "C:\\Program Files\\Google\\Update\\GoogleUpdate.exe", "ImageLoaded": "C:\\Windows\\System32\\crypt32.dll", "FileVersion": "6.1.7600.16385 (win7_rtm.090713-1255)", "Description": "Crypto API32", "Product": "Microsoft\u00ae Windows\u00ae Operating System", "Company": "Microsoft Corporation", "OriginalFileName": "CRYPT32.DLL", "Hashes": "SHA1=FA43E98FA0BD44CEAF381C55E8874B0868478AB8,MD5=E6B5DE86ABF68D7D67E451C29287B5C5,SHA256=AFE45D233FFBC190B3F13D357C973D20122B3C08A06BFF1CE70C0D46E44C5532,IMPHASH=58B2B8CD5F045A5B97B1B011C9E1FF44", "Signed": "true", "Signature": "Microsoft Windows", "SignatureStatus": "Valid", "_source_file": "data/baseline/win7-x86/Microsoft-Windows-Sysmon%4Operational.evtx"}, {"EventID": 7, "Computer": "evtx-PC", "UtcTime": "2022-04-04 11:19:57.871", "Provider": "Microsoft-Windows-Sysmon", "RuleName": "-", "ProcessGuid": "{e97d4e69-0000-0000-f5af-090000000000}", "ProcessId": "4848", "Image": "C:\\Program Files\\Google\\Update\\GoogleUpdate.exe", "ImageLoaded": "C:\\Windows\\System32\\msasn1.dll", "FileVersion": "6.1.7600.16385 (win7_rtm.090713-1255)", "Description": "ASN.1 Runtime APIs", "Product": "Microsoft\u00ae Windows\u00ae Operating System", "Company": "Microsoft Corporation", "OriginalFileName": "msasn1.dll", "Hashes": "SHA1=59DA364D41A03C599D2C75F6A743BE11FEE07587,MD5=F5777C29E38E4BF12C6F93A0B2F1B2D7,SHA256=9565A1D3BEDECE70CE711A8A975886F3B0BBD9CFC3CBE6654372942EAF61773E,IMPHASH=95AFB94F9D7416CBD861FE7EB393513B", "Signed": "true", "Signature": "Microsoft Windows", "SignatureStatus": "Valid", "_source_file": "data/baseline/win7-x86/Microsoft-Windows-Sysmon%4Operational.evtx"}, {"EventID": 7, "Computer": "evtx-PC", "UtcTime": "2022-04-04 11:19:57.871", "Provider": "Microsoft-Windows-Sysmon", "RuleName": "-", "ProcessGuid": "{e97d4e69-0000-0000-f5af-090000000000}", "ProcessId": "4848", "Image": "C:\\Program Files\\Google\\Update\\GoogleUpdate.exe", "ImageLoaded": "C:\\Windows\\System32\\msimg32.dll", "FileVersion": "6.1.7600.16385 (win7_rtm.090713-1255)", "Description": "GDIEXT Client DLL", "Product": "Microsoft\u00ae Windows\u00ae Operating System", "Company": "Microsoft Corporation", "OriginalFileName": "gdiext", "Hashes": "SHA1=1285F3ECCACB0A77CAAB84304682C457B348F6C3,MD5=18AB2E5A40064ED5F7791AC5946A90F3,SHA256=B7536CE56702C23B1CEC3E1B6C78866E0A76808B85A92AF3733D9ED9429E004C,IMPHASH=CE669631CEAD1D131A8EFE42E5E645C7", "Signed": "true", "Signature": "Microsoft Windows", "SignatureStatus": "Valid", "_source_file": "data/baseline/win7-x86/Microsoft-Windows-Sysmon%4Operational.evtx"}, {"EventID": 7, "Computer": "evtx-PC", "UtcTime": "2022-04-04 11:19:57.871", "Provider": "Microsoft-Windows-Sysmon", "RuleName": "-", "ProcessGuid": "{e97d4e69-0000-0000-f5af-090000000000}", "ProcessId": "4848", "Image": "C:\\Program Files\\Google\\Update\\GoogleUpdate.exe", "ImageLoaded": "C:\\Windows\\System32\\wininet.dll", "FileVersion": "8.00.7600.16385 (win7_rtm.090713-1255)", "Description": "Internet Extensions for Win32", "Product": "Windows\u00ae Internet Explorer", "Company": "Microsoft Corporation", "OriginalFileName": "wininet.dll", "Hashes": "SHA1=7DB231853ED4C5EA89201061CD5366311C3DE5BB,MD5=0D874F3BC751CC2198AF2E6783FB8B35,SHA256=90528FB50283F4ED8299E2A5203CF204254171A9AC19F50B21B0235BAA042CDF,IMPHASH=26628AFE62ABB27CA873F4DB77128142", "Signed": "true", "Signature": "Microsoft Windows", "SignatureStatus": "Valid", "_source_file": "data/baseline/win7-x86/Microsoft-Windows-Sysmon%4Operational.evtx"}, {"EventID": 7, "Computer": "evtx-PC", "UtcTime": "2022-04-04 11:19:57.871", "Provider": "Microsoft-Windows-Sysmon", "RuleName": "-", "ProcessGuid": "{e97d4e69-0000-0000-f5af-090000000000}", "ProcessId": "4848", "Image": "C:\\Program Files\\Google\\Update\\GoogleUpdate.exe", "ImageLoaded": "C:\\Windows\\System32\\normaliz.dll", "FileVersion": "6.1.7600.16385 (win7_rtm.090713-1255)", "Description": "Unicode Normalization DLL", "Product": "Microsoft\u00ae Windows\u00ae Operating System", "Company": "Microsoft Corporation", "OriginalFileName": "normaliz.dll", "Hashes": "SHA1=66A88FC0CA2CB75F39284CF411CD9C8E232FF88D,MD5=9C278785347BCC991F8EA2999D90F58D,SHA256=EA680C3642A6ABF627415AEE019956FAC702DC6A8F4B4D0FC8A4FB21EADD3896,IMPHASH=00000000000000000000000000000000", "Signed": "true", "Signature": "Microsoft Windows", "SignatureStatus": "Valid", "_source_file": "data/baseline/win7-x86/Microsoft-Windows-Sysmon%4Operational.evtx"}, {"EventID": 7, "Computer": "evtx-PC", "UtcTime": "2022-04-04 11:19:57.871", "Provider": "Microsoft-Windows-Sysmon", "RuleName": "-", "ProcessGuid": "{e97d4e69-0000-0000-f5af-090000000000}", "ProcessId": "4848", "Image": "C:\\Program Files\\Google\\Update\\GoogleUpdate.exe", "ImageLoaded": "C:\\Windows\\System32\\urlmon.dll", "FileVersion": "8.00.7600.16385 (win7_rtm.090713-1255)", "Description": "OLE32 Extensions for Win32", "Product": "Windows\u00ae Internet Explorer", "Company": "Microsoft Corporation", "OriginalFileName": "UrlMon.dll", "Hashes": "SHA1=A4FADDD91DBB1999E3F0AB547BD8D100F67026BD,MD5=4AF9FD44342A024B867E1950EE46FCB8,SHA256=6A35F91AA62B40D55DBFFF451D68117704066E2990DBD2B654E4B69ED1A305F0,IMPHASH=9AF2B705765C2297B63186A9A21413DF", "Signed": "true", "Signature": "Microsoft Windows", "SignatureStatus": "Valid", "_source_file": "data/baseline/win7-x86/Microsoft-Windows-Sysmon%4Operational.evtx"}, {"EventID": 7, "Computer": "evtx-PC", "UtcTime": "2022-04-04 11:19:57.871", "Provider": "Microsoft-Windows-Sysmon", "RuleName": "-", "ProcessGuid": "{e97d4e69-0000-0000-f5af-090000000000}", "ProcessId": "4848", "Image": "C:\\Program Files\\Google\\Update\\GoogleUpdate.exe", "ImageLoaded": "C:\\Windows\\System32\\iertutil.dll", "FileVersion": "8.00.7600.16385 (win7_rtm.090713-1255)", "Description": "Run time utility for Internet Explorer", "Product": "Windows\u00ae Internet Explorer", "Company": "Microsoft Corporation", "OriginalFileName": "IeRtUtil.dll", "Hashes": "SHA1=D297964E3015C290104C1702B7B8D5B965ED9FC8,MD5=13D1F490AF6C7649F51BA29F9CCBB778,SHA256=2A389A84E14CE601203CED3283B3345A74B040C670BCDF8C2AE22652E314D17C,IMPHASH=0FC464716D8669133988E44A08A6E76C", "Signed": "true", "Signature": "Microsoft Windows", "SignatureStatus": "Valid", "_source_file": "data/baseline/win7-x86/Microsoft-Windows-Sysmon%4Operational.evtx"}, {"EventID": 7, "Computer": "evtx-PC", "UtcTime": "2022-04-04 11:19:57.871", "Provider": "Microsoft-Windows-Sysmon", "RuleName": "-", "ProcessGuid": "{e97d4e69-0000-0000-f5af-090000000000}", "ProcessId": "4848", "Image": "C:\\Program Files\\Google\\Update\\GoogleUpdate.exe", "ImageLoaded": "C:\\Windows\\System32\\wintrust.dll", "FileVersion": "6.1.7600.16385 (win7_rtm.090713-1255)", "Description": "Microsoft Trust Verification APIs", "Product": "Microsoft\u00ae Windows\u00ae Operating System", "Company": "Microsoft Corporation", "OriginalFileName": "WINTRUST.DLL", "Hashes": "SHA1=EF9333D9DE37AEC1BBBA753011F816943EE7D419,MD5=27CBC636ABCE09CDB5227A872BE7A79C,SHA256=3CB803AAC96DD766843DD6D0F5A0EF37A1447240A24E754049AA645AACCEC5E4,IMPHASH=5C0205061B10A301667CFBD0F833ECA0", "Signed": "true", "Signature": "Microsoft Windows", "SignatureStatus": "Valid", "_source_file": "data/baseline/win7-x86/Microsoft-Windows-Sysmon%4Operational.evtx"}, {"EventID": 7, "Computer": "evtx-PC", "UtcTime": "2022-04-04 11:19:57.871", "Provider": "Microsoft-Windows-Sysmon", "RuleName": "-", "ProcessGuid": "{e97d4e69-0000-0000-f5af-090000000000}", "ProcessId": "4848", "Image": "C:\\Program Files\\Google\\Update\\GoogleUpdate.exe", "ImageLoaded": "C:\\Windows\\System32\\Wldap32.dll", "FileVersion": "6.1.7600.16385 (win7_rtm.090713-1255)", "Description": "Win32 LDAP API DLL", "Product": "Microsoft\u00ae Windows\u00ae Operating System", "Company": "Microsoft Corporation", "OriginalFileName": "WLDAP32.DLL", "Hashes": "SHA1=27CB754B62340F4585A2FDD66338033CD91D9E28,MD5=BFA70A99AD1434263F2DFBBA103BDEF8,SHA256=5A0E73D48824C23E2C221EAC369A906FEDECE0E047E8C7E5F012242E74AFAF9E,IMPHASH=D900A750A241DE43244596633C1F0AE1", "Signed": "true", "Signature": "Microsoft Windows", "SignatureStatus": "Valid", "_source_file": "data/baseline/win7-x86/Microsoft-Windows-Sysmon%4Operational.evtx"}, {"EventID": 10, "Computer": "evtx-PC", "UtcTime": "2022-04-04 11:19:57.871", "Provider": "Microsoft-Windows-Sysmon", "RuleName": "-", "SourceProcessGUID": "{e97d4e69-0000-0000-5ccd-010000000000}", "SourceProcessId": "2144", "SourceThreadId": "2168", "SourceImage": "C:\\Program Files\\Google\\Update\\1.3.36.122\\GoogleCrashHandler.exe", "TargetProcessGUID": "{e97d4e69-0000-0000-f5af-090000000000}", "TargetProcessId": "4848", "TargetImage": "C:\\Program Files\\Google\\Update\\GoogleUpdate.exe", "GrantedAccess": "0x001fffff", "CallTrace": "C:\\Windows\\SYSTEM32\\ntdll.dll+451dc|C:\\Windows\\system32\\KERNELBASE.dll+91b6|C:\\Program Files\\Google\\Update\\1.3.36.122\\GoogleCrashHandler.exe+ee43|C:\\Program Files\\Google\\Update\\1.3.36.122\\GoogleCrashHandler.exe+f57e|C:\\Program Files\\Google\\Update\\1.3.36.122\\GoogleCrashHandler.exe+fa78|C:\\Windows\\SYSTEM32\\ntdll.dll+2dbb4|C:\\Windows\\SYSTEM32\\ntdll.dll+2f35d|C:\\Windows\\SYSTEM32\\ntdll.dll+2e8d1|C:\\Windows\\system32\\kernel32.dll+51174|C:\\Windows\\SYSTEM32\\ntdll.dll+5b3f5|C:\\Windows\\SYSTEM32\\ntdll.dll+5b3c8", "_source_file": "data/baseline/win7-x86/Microsoft-Windows-Sysmon%4Operational.evtx"}, {"EventID": 10, "Computer": "evtx-PC", "UtcTime": "2022-04-04 11:19:57.871", "Provider": "Microsoft-Windows-Sysmon", "RuleName": "-", "SourceProcessGUID": "{e97d4e69-0000-0000-5ccd-010000000000}", "SourceProcessId": "2144", "SourceThreadId": "2168", "SourceImage": "C:\\Program Files\\Google\\Update\\1.3.36.122\\GoogleCrashHandler.exe", "TargetProcessGUID": "{e97d4e69-0000-0000-f5af-090000000000}", "TargetProcessId": "4848", "TargetImage": "C:\\Program Files\\Google\\Update\\GoogleUpdate.exe", "GrantedAccess": "0x001fffff", "CallTrace": "C:\\Windows\\SYSTEM32\\ntdll.dll+451dc|C:\\Windows\\system32\\KERNELBASE.dll+91b6|C:\\Program Files\\Google\\Update\\1.3.36.122\\GoogleCrashHandler.exe+ee43|C:\\Program Files\\Google\\Update\\1.3.36.122\\GoogleCrashHandler.exe+f57e|C:\\Program Files\\Google\\Update\\1.3.36.122\\GoogleCrashHandler.exe+fa78|C:\\Windows\\SYSTEM32\\ntdll.dll+2dbb4|C:\\Windows\\SYSTEM32\\ntdll.dll+2f35d|C:\\Windows\\SYSTEM32\\ntdll.dll+2e8d1|C:\\Windows\\system32\\kernel32.dll+51174|C:\\Windows\\SYSTEM32\\ntdll.dll+5b3f5|C:\\Windows\\SYSTEM32\\ntdll.dll+5b3c8", "_source_file": "data/baseline/win7-x86/Microsoft-Windows-Sysmon%4Operational.evtx"}, {"EventID": 11, "Computer": "evtx-PC", "UtcTime": "2022-04-04 11:19:57.871", "Provider": "Microsoft-Windows-Sysmon", "RuleName": "-", "ProcessGuid": "{e97d4e69-0000-0000-f5af-090000000000}", "ProcessId": "4848", "Image": "C:\\Program Files\\Google\\Update\\GoogleUpdate.exe", "TargetFilename": "C:\\Program Files\\Google\\Policies", "CreationUtcTime": "2022-04-04 11:19:57.871", "_source_file": "data/baseline/win7-x86/Microsoft-Windows-Sysmon%4Operational.evtx"}, {"EventID": 1, "Computer": "evtx-PC", "UtcTime": "2022-04-04 11:19:57.871", "Provider": "Microsoft-Windows-Sysmon", "RuleName": "-", "ProcessGuid": "{e97d4e69-0000-0000-a8b5-090000000000}", "ProcessId": "4872", "Image": "C:\\Program Files\\Google\\Update\\1.3.36.122\\GoogleCrashHandler.exe", "FileVersion": "1.3.36.121", "Description": "Google Crash Handler", "Product": "Google Update", "Company": "Google LLC", "OriginalFileName": "GoogleUpdate.exe", "CommandLine": "\"C:\\Program Files\\Google\\Update\\1.3.36.122\\GoogleCrashHandler.exe\"", "CurrentDirectory": "C:\\Program Files\\Google\\Update\\1.3.36.122\\", "User": "NT AUTHORITY\\SYSTEM", "LogonGuid": "{e97d4e69-0000-0000-e703-000000000000}", "LogonId": "0x00000000000003e7", "TerminalSessionId": "0", "IntegrityLevel": "System", "Hashes": "SHA1=95D68A6A541FEE6ACE5B7481C35D154CEC57C728,MD5=497B4CC61EE544D71B391CEBE3A72B87,SHA256=A61FA37D4E2F6A350616755344EA31F6E4074353FC1740CFABF8E42C00A109F4,IMPHASH=F58E804F0ADFA69CF1C6ED6983DB4836", "ParentProcessGuid": "{e97d4e69-0000-0000-f5af-090000000000}", "ParentProcessId": "4848", "ParentImage": "C:\\Program Files\\Google\\Update\\GoogleUpdate.exe", "ParentCommandLine": "\"C:\\Program Files\\Google\\Update\\GoogleUpdate.exe\" /c", "_source_file": "data/baseline/win7-x86/Microsoft-Windows-Sysmon%4Operational.evtx"}, {"EventID": 7, "Computer": "evtx-PC", "UtcTime": "2022-04-04 11:19:57.885", "Provider": "Microsoft-Windows-Sysmon", "RuleName": "-", "ProcessGuid": "{e97d4e69-0000-0000-f5af-090000000000}", "ProcessId": "4848", "Image": "C:\\Program Files\\Google\\Update\\GoogleUpdate.exe", "ImageLoaded": "C:\\Windows\\System32\\apphelp.dll", "FileVersion": "6.1.7600.16385 (win7_rtm.090713-1255)", "Description": "Application Compatibility Client Library", "Product": "Microsoft\u00ae Windows\u00ae Operating System", "Company": "Microsoft Corporation", "OriginalFileName": "Apphelp", "Hashes": "SHA1=D8EF05D54FBB878EC576A2CF7F7468B9884B7882,MD5=C02E3CE20E7776C922B5C8938350B5F1,SHA256=4BA2250230BC496ACF5709AD54E99BAC858C298BF09DBC574F8CA365A33E5FFC,IMPHASH=4CE9F6B32A14EDA18E129A2B11F0B0CC", "Signed": "true", "Signature": "Microsoft Windows", "SignatureStatus": "Valid", "_source_file": "data/baseline/win7-x86/Microsoft-Windows-Sysmon%4Operational.evtx"}, {"EventID": 7, "Computer": "evtx-PC", "UtcTime": "2022-04-04 11:19:57.899", "Provider": "Microsoft-Windows-Sysmon", "RuleName": "-", "ProcessGuid": "{e97d4e69-0000-0000-f5af-090000000000}", "ProcessId": "4848", "Image": "C:\\Program Files\\Google\\Update\\GoogleUpdate.exe", "ImageLoaded": "C:\\Windows\\System32\\sspicli.dll", "FileVersion": "6.1.7600.16385 (win7_rtm.090713-1255)", "Description": "Security Support Provider Interface", "Product": "Microsoft\u00ae Windows\u00ae Operating System", "Company": "Microsoft Corporation", "OriginalFileName": "sspicli.dll", "Hashes": "SHA1=BAAC87B8EBFC3C0C010751E2F5939059534F17D1,MD5=3450BB5465D61E8876FD3006F772DEA9,SHA256=683043E1E9F34C015161F19614A03A0552DB8FD18628C1D05C92D4F9D9A64890,IMPHASH=93B19886BD536E07EC0606E95E7EFCC4", "Signed": "true", "Signature": "Microsoft Windows", "SignatureStatus": "Valid", "_source_file": "data/baseline/win7-x86/Microsoft-Windows-Sysmon%4Operational.evtx"}, {"EventID": 10, "Computer": "evtx-PC", "UtcTime": "2022-04-04 11:19:57.899", "Provider": "Microsoft-Windows-Sysmon", "RuleName": "-", "SourceProcessGUID": "{e97d4e69-0000-0000-054f-000000000000}", "SourceProcessId": "552", "SourceThreadId": "660", "SourceImage": "C:\\Windows\\system32\\lsass.exe", "TargetProcessGUID": "{e97d4e69-0000-0000-f5af-090000000000}", "TargetProcessId": "4848", "TargetImage": "C:\\Program Files\\Google\\Update\\GoogleUpdate.exe", "GrantedAccess": "0x00001478", "CallTrace": "C:\\Windows\\SYSTEM32\\ntdll.dll+451dc|C:\\Windows\\system32\\lsasrv.dll+1f891|C:\\Windows\\system32\\lsasrv.dll+1f81c|C:\\Windows\\system32\\lsasrv.dll+1fa1c|C:\\Windows\\system32\\SspiSrv.dll+1232|C:\\Windows\\system32\\RPCRT4.dll+2fc8f|C:\\Windows\\system32\\RPCRT4.dll+94c53|C:\\Windows\\system32\\RPCRT4.dll+9430e|C:\\Windows\\system32\\RPCRT4.dll+2f34a|C:\\Windows\\system32\\RPCRT4.dll+2f4da|C:\\Windows\\system32\\RPCRT4.dll+2f3c6|C:\\Windows\\system32\\RPCRT4.dll+23974|C:\\Windows\\system32\\RPCRT4.dll+2f7a4|C:\\Windows\\system32\\RPCRT4.dll+2f763|C:\\Windows\\system32\\RPCRT4.dll+2f5ff|C:\\Windows\\system32\\RPCRT4.dll+2f573", "_source_file": "data/baseline/win7-x86/Microsoft-Windows-Sysmon%4Operational.evtx"}, {"EventID": 5, "Computer": "evtx-PC", "UtcTime": "2022-04-04 11:19:57.899", "Provider": "Microsoft-Windows-Sysmon", "RuleName": "-", "ProcessGuid": "{e97d4e69-0000-0000-f5af-090000000000}", "ProcessId": "4848", "Image": "C:\\Program Files\\Google\\Update\\GoogleUpdate.exe", "_source_file": "data/baseline/win7-x86/Microsoft-Windows-Sysmon%4Operational.evtx"}, {"EventID": 26, "Computer": "evtx-PC", "UtcTime": "2022-04-04 11:19:57.899", "Provider": "Microsoft-Windows-Sysmon", "RuleName": "-", "ProcessGuid": "{e97d4e69-0000-0000-beb3-000000000000}", "ProcessId": "940", "User": "NT AUTHORITY\\SYSTEM", "Image": "C:\\Windows\\System32\\svchost.exe", "TargetFilename": "C:\\Windows\\Prefetch\\GOOGLEUPDATE.EXE-FE771DDA.pf", "Hashes": "SHA1=7CCB9C1569A687DCDF4FEB33339CE7E483994974,MD5=E10EC1F9E20CD2512E5E53E2D046BBD7,SHA256=600C92B6FA8F4CCD029B7E97827D0FAA2FA1CBCDD02788756126FC7BE1F4821D,IMPHASH=00000000000000000000000000000000", "IsExecutable": "False", "_source_file": "data/baseline/win7-x86/Microsoft-Windows-Sysmon%4Operational.evtx"}, 