{"EventID": 10, "Computer": "evtx-PC", "UtcTime": "2022-04-04 11:20:06.029", "Provider": "Microsoft-Windows-Sysmon", "RuleName": "-", "SourceProcessGUID": "{e97d4e69-0000-0000-1bad-000000000000}", "SourceProcessId": "892", "SourceThreadId": "904", "SourceImage": "C:\\Windows\\System32\\svchost.exe", "TargetProcessGUID": "{e97d4e69-0000-0000-f682-010000000000}", "TargetProcessId": "1272", "TargetImage": "C:\\Windows\\Explorer.EXE", "GrantedAccess": "0x00000040", "CallTrace": "C:\\Windows\\SYSTEM32\\ntdll.dll+451dc|C:\\Windows\\system32\\KERNELBASE.dll+91b6|c:\\windows\\system32\\wscsvc.dll+2fc2|C:\\Windows\\system32\\RPCRT4.dll+2fc8f|C:\\Windows\\system32\\RPCRT4.dll+94c53|C:\\Windows\\system32\\RPCRT4.dll+9430e|C:\\Windows\\system32\\RPCRT4.dll+2f34a|C:\\Windows\\system32\\RPCRT4.dll+2f4da|C:\\Windows\\system32\\RPCRT4.dll+2f3c6|C:\\Windows\\system32\\RPCRT4.dll+30cef|C:\\Windows\\system32\\RPCRT4.dll+2f882|C:\\Windows\\system32\\RPCRT4.dll+2f7a4|C:\\Windows\\system32\\RPCRT4.dll+2f763|C:\\Windows\\system32\\RPCRT4.dll+2f5ff|C:\\Windows\\system32\\RPCRT4.dll+2f573|C:\\Windows\\system32\\RPCRT4.dll+2ee4f", "_source_file": "data/baseline/win7-x86/Microsoft-Windows-Sysmon%4Operational.evtx"}, {"EventID": 12, "Computer": "evtx-PC", "UtcTime": "2022-04-04 11:20:06.029", "Provider": "Microsoft-Windows-Sysmon", "RuleName": "-", "EventType": "CreateKey", "ProcessGuid": "{e97d4e69-0000-0000-1bad-000000000000}", "ProcessId": "892", "Image": "C:\\Windows\\System32\\svchost.exe", "TargetObject": "HKLM\\SOFTWARE\\Microsoft\\Windows\\CurrentVersion\\Policies\\System", "_source_file": "data/baseline/win7-x86/Microsoft-Windows-Sysmon%4Operational.evtx"}, {"EventID": 12, "Computer": "evtx-PC", "UtcTime": "2022-04-04 11:20:06.029", "Provider": "Microsoft-Windows-Sysmon", "RuleName": "-", "EventType": "CreateKey", "ProcessGuid": "{e97d4e69-0000-0000-f682-010000000000}", "ProcessId": "1272", "Image": "C:\\Windows\\Explorer.EXE", "TargetObject": "HKU\\S-1-5-21-712794737-353456615-3249761964-1001\\Software\\Microsoft\\Windows\\CurrentVersion\\Action Center\\Checks\\{E8433B72-5842-4d43-8645-BC2C35960837}.check.106", "_source_file": "data/baseline/win7-x86/Microsoft-Windows-Sysmon%4Operational.evtx"}, {"EventID": 12, "Computer": "evtx-PC", "UtcTime": "2022-04-04 11:20:06.029", "Provider": "Microsoft-Windows-Sysmon", "RuleName": "-", "EventType": "CreateKey", "ProcessGuid": "{e97d4e69-0000-0000-f682-010000000000}", "ProcessId": "1272", "Image": "C:\\Windows\\Explorer.EXE", "TargetObject": "HKU\\S-1-5-21-712794737-353456615-3249761964-1001\\Software\\Microsoft\\Windows\\CurrentVersion\\Action Center\\Checks\\{E8433B72-5842-4d43-8645-BC2C35960837}.check.101", "_source_file": "data/baseline/win7-x86/Microsoft-Windows-Sysmon%4Operational.evtx"}, {"EventID": 12, "Computer": "evtx-PC", "UtcTime": "2022-04-04 11:20:06.029", "Provider": "Microsoft-Windows-Sysmon", "RuleName": "-", "EventType": "CreateKey", "ProcessGuid": "{e97d4e69-0000-0000-f682-010000000000}", "ProcessId": "1272", "Image": "C:\\Windows\\Explorer.EXE", "TargetObject": "HKU\\S-1-5-21-712794737-353456615-3249761964-1001\\Software\\Microsoft\\Windows\\CurrentVersion\\Action Center\\Checks\\{E8433B72-5842-4d43-8645-BC2C35960837}.check.103", "_source_file": "data/baseline/win7-x86/Microsoft-Windows-Sysmon%4Operational.evtx"}, {"EventID": 12, "Computer": "evtx-PC", "UtcTime": "2022-04-04 11:20:06.029", "Provider": "Microsoft-Windows-Sysmon", "RuleName": "-", "EventType": "CreateKey", "ProcessGuid": "{e97d4e69-0000-0000-f682-010000000000}", "ProcessId": "1272", "Image": "C:\\Windows\\Explorer.EXE", "TargetObject": "HKU\\S-1-5-21-712794737-353456615-3249761964-1001\\Software\\Microsoft\\Windows\\CurrentVersion\\Action Center\\Checks\\{E8433B72-5842-4d43-8645-BC2C35960837}.check.100", "_source_file": "data/baseline/win7-x86/Microsoft-Windows-Sysmon%4Operational.evtx"}, {"EventID": 12, "Computer": "evtx-PC", "UtcTime": "2022-04-04 11:20:06.029", "Provider": "Microsoft-Windows-Sysmon", "RuleName": "-", "EventType": "CreateKey", "ProcessGuid": "{e97d4e69-0000-0000-f682-010000000000}", "ProcessId": "1272", "Image": "C:\\Windows\\Explorer.EXE", "TargetObject": "HKU\\S-1-5-21-712794737-353456615-3249761964-1001\\Software\\Microsoft\\Windows\\CurrentVersion\\Action Center\\Checks\\{E8433B72-5842-4d43-8645-BC2C35960837}.check.100", "_source_file": "data/baseline/win7-x86/Microsoft-Windows-Sysmon%4Operational.evtx"}, {"EventID": 13, "Computer": "evtx-PC", "UtcTime": "2022-04-04 11:20:06.029", "Provider": "Microsoft-Windows-Sysmon", "RuleName": "-", "EventType": "SetValue", "ProcessGuid": "{e97d4e69-0000-0000-f682-010000000000}", "ProcessId": "1272", "Image": "C:\\Windows\\Explorer.EXE", "TargetObject": "HKU\\S-1-5-21-712794737-353456615-3249761964-1001\\Software\\Microsoft\\Windows\\CurrentVersion\\Action Center\\Checks\\{E8433B72-5842-4d43-8645-BC2C35960837}.check.100\\CheckSetting", "Details": "Binary Data", "_source_file": "data/baseline/win7-x86/Microsoft-Windows-Sysmon%4Operational.evtx"}, {"EventID": 12, "Computer": "evtx-PC", "UtcTime": "2022-04-04 11:20:06.029", "Provider": "Microsoft-Windows-Sysmon", "RuleName": "-", "EventType": "CreateKey", "ProcessGuid": "{e97d4e69-0000-0000-f682-010000000000}", "ProcessId": "1272", "Image": "C:\\Windows\\Explorer.EXE", "TargetObject": "HKU\\S-1-5-21-712794737-353456615-3249761964-1001\\Software\\Microsoft\\Windows\\CurrentVersion\\Action Center\\Checks\\{E8433B72-5842-4d43-8645-BC2C35960837}.check.102", "_source_file": "data/baseline/win7-x86/Microsoft-Windows-Sysmon%4Operational.evtx"}, {"EventID": 12, "Computer": "evtx-PC", "UtcTime": "2022-04-04 11:20:06.029", "Provider": "Microsoft-Windows-Sysmon", "RuleName": "-", "EventType": "CreateKey", "ProcessGuid": "{e97d4e69-0000-0000-f682-010000000000}", "ProcessId": "1272", "Image": "C:\\Windows\\Explorer.EXE", "TargetObject": "HKU\\S-1-5-21-712794737-353456615-3249761964-1001\\Software\\Microsoft\\Windows\\CurrentVersion\\Action Center\\Checks\\{E8433B72-5842-4d43-8645-BC2C35960837}.check.104", "_source_file": "data/baseline/win7-x86/Microsoft-Windows-Sysmon%4Operational.evtx"}, {"EventID": 7, "Computer": "evtx-PC", "UtcTime": "2022-04-04 11:20:06.029", "Provider": "Microsoft-Windows-Sysmon", "RuleName": "-", "ProcessGuid": "{e97d4e69-0000-0000-f682-010000000000}", "ProcessId": "1272", "Image": "C:\\Windows\\explorer.exe", "ImageLoaded": "C:\\Windows\\System32\\werconcpl.dll", "FileVersion": "6.1.7600.16385 (win7_rtm.090713-1255)", "Description": "PRS CPL", "Product": "Microsoft\u00ae Windows\u00ae Operating System", "Company": "Microsoft Corporation", "OriginalFileName": "WerConCpl.DLL", "Hashes": "SHA1=C80465E283681491DFDE11B6CF47075096833136,MD5=9A6DEDBE309AA0CE2C31EE6799B38E4F,SHA256=8931606EB465781C19E9B24A06102FE2415821A06F23278804A1DEE5885AF0FA,IMPHASH=6AD89EE1028509DBE0637940311940CF", "Signed": "true", "Signature": "Microsoft Windows", "SignatureStatus": "Valid", "_source_file": "data/baseline/win7-x86/Microsoft-Windows-Sysmon%4Operational.evtx"}, {"EventID": 11, "Computer": "evtx-PC", "UtcTime": "2022-04-04 11:20:06.044", "Provider": "Microsoft-Windows-Sysmon", "RuleName": "-", "ProcessGuid": "{e97d4e69-0000-0000-f682-010000000000}", "ProcessId": "1272", "Image": "C:\\Windows\\Explorer.EXE", "TargetFilename": "C:\\Users\\evtx\\AppData\\Local\\Microsoft\\Windows\\WER\\ERC\\statecache.lock", "CreationUtcTime": "2022-04-04 11:20:06.044", "_source_file": "data/baseline/win7-x86/Microsoft-Windows-Sysmon%4Operational.evtx"}, {"EventID": 12, "Computer": "evtx-PC", "UtcTime": "2022-04-04 11:20:06.044", "Provider": "Microsoft-Windows-Sysmon", "RuleName": "-", "EventType": "CreateKey", "ProcessGuid": "{e97d4e69-0000-0000-f682-010000000000}", "ProcessId": "1272", "Image": "C:\\Windows\\Explorer.EXE", "TargetObject": "HKU\\S-1-5-21-712794737-353456615-3249761964-1001\\Software\\Microsoft\\Windows\\CurrentVersion\\Action Center\\Checks\\{852FB1F8-5CC6-4567-9C0E-7C330F8807C2}.check.100", "_source_file": "data/baseline/win7-x86/Microsoft-Windows-Sysmon%4Operational.evtx"}, {"EventID": 12, "Computer": "evtx-PC", "UtcTime": "2022-04-04 11:20:06.044", "Provider": "Microsoft-Windows-Sysmon", "RuleName": "-", "EventType": "CreateKey", "ProcessGuid": "{e97d4e69-0000-0000-f682-010000000000}", "ProcessId": "1272", "Image": "C:\\Windows\\Explorer.EXE", "TargetObject": "HKU\\S-1-5-21-712794737-353456615-3249761964-1001\\Software\\Microsoft\\Windows\\Windows Error Reporting", "_source_file": "data/baseline/win7-x86/Microsoft-Windows-Sysmon%4Operational.evtx"}, {"EventID": 12, "Computer": "evtx-PC", "UtcTime": "2022-04-04 11:20:06.044", "Provider": "Microsoft-Windows-Sysmon", "RuleName": "-", "EventType": "CreateKey", "ProcessGuid": "{e97d4e69-0000-0000-f682-010000000000}", "ProcessId": "1272", "Image": "C:\\Windows\\Explorer.EXE", "TargetObject": "HKU\\S-1-5-21-712794737-353456615-3249761964-1001\\Software\\Microsoft\\Windows\\CurrentVersion\\Action Center\\Checks\\{852FB1F8-5CC6-4567-9C0E-7C330F8807C2}.check.100", "_source_file": "data/baseline/win7-x86/Microsoft-Windows-Sysmon%4Operational.evtx"}, {"EventID": 13, "Computer": "evtx-PC", "UtcTime": "2022-04-04 11:20:06.044", "Provider": "Microsoft-Windows-Sysmon", "RuleName": "-", "EventType": "SetValue", "ProcessGuid": "{e97d4e69-0000-0000-f682-010000000000}", "ProcessId": "1272", "Image": "C:\\Windows\\Explorer.EXE", "TargetObject": "HKU\\S-1-5-21-712794737-353456615-3249761964-1001\\Software\\Microsoft\\Windows\\CurrentVersion\\Action Center\\Checks\\{852FB1F8-5CC6-4567-9C0E-7C330F8807C2}.check.100\\CheckSetting", "Details": "Binary Data", "_source_file": "data/baseline/win7-x86/Microsoft-Windows-Sysmon%4Operational.evtx"}, {"EventID": 12, "Computer": "evtx-PC", "UtcTime": "2022-04-04 11:20:06.044", "Provider": "Microsoft-Windows-Sysmon", "RuleName": "-", "EventType": "CreateKey", "ProcessGuid": "{e97d4e69-0000-0000-f682-010000000000}", "ProcessId": "1272", "Image": "C:\\Windows\\Explorer.EXE", "TargetObject": "HKU\\S-1-5-21-712794737-353456615-3249761964-1001\\Software\\Microsoft\\Windows\\CurrentVersion\\Action Center\\Checks\\{852FB1F8-5CC6-4567-9C0E-7C330F8807C2}.check.101", "_source_file": "data/baseline/win7-x86/Microsoft-Windows-Sysmon%4Operational.evtx"}, {"EventID": 12, "Computer": "evtx-PC", "UtcTime": "2022-04-04 11:20:06.044", "Provider": "Microsoft-Windows-Sysmon", "RuleName": "-", "EventType": "CreateKey", "ProcessGuid": "{e97d4e69-0000-0000-f682-010000000000}", "ProcessId": "1272", "Image": "C:\\Windows\\Explorer.EXE", "TargetObject": "HKU\\S-1-5-21-712794737-353456615-3249761964-1001\\Software\\Microsoft\\Windows\\CurrentVersion\\Action Center\\Checks\\{852FB1F8-5CC6-4567-9C0E-7C330F8807C2}.check.101", "_source_file": "data/baseline/win7-x86/Microsoft-Windows-Sysmon%4Operational.evtx"}, {"EventID": 13, "Computer": "evtx-PC", "UtcTime": "2022-04-04 11:20:06.044", "Provider": "Microsoft-Windows-Sysmon", "RuleName": "-", "EventType": "SetValue", "ProcessGuid": "{e97d4e69-0000-0000-f682-010000000000}", "ProcessId": "1272", "Image": "C:\\Windows\\Explorer.EXE", "TargetObject": "HKU\\S-1-5-21-712794737-353456615-3249761964-1001\\Software\\Microsoft\\Windows\\CurrentVersion\\Action Center\\Checks\\{852FB1F8-5CC6-4567-9C0E-7C330F8807C2}.check.101\\CheckSetting", "Details": "Binary Data", "_source_file": "data/baseline/win7-x86/Microsoft-Windows-Sysmon%4Operational.evtx"}, {"EventID": 12, "Computer": "evtx-PC", "UtcTime": "2022-04-04 11:20:06.044", "Provider": "Microsoft-Windows-Sysmon", "RuleName": "-", "EventType": "CreateKey", "ProcessGuid": "{e97d4e69-0000-0000-f682-010000000000}", "ProcessId": "1272", "Image": "C:\\Windows\\Explorer.EXE", "TargetObject": "HKU\\S-1-5-21-712794737-353456615-3249761964-1001\\Software\\Microsoft\\Windows\\CurrentVersion\\Action Center\\Checks\\{C8E6F269-B90A-4053-A3BE-499AFCEC98C4}.check.0", "_source_file": "data/baseline/win7-x86/Microsoft-Windows-Sysmon%4Operational.evtx"}, {"EventID": 12, "Computer": "evtx-PC", "UtcTime": "2022-04-04 11:20:06.044", "Provider": "Microsoft-Windows-Sysmon", "RuleName": "-", "EventType": "CreateKey", "ProcessGuid": "{e97d4e69-0000-0000-f682-010000000000}", "ProcessId": "1272", "Image": "C:\\Windows\\Explorer.EXE", "TargetObject": "HKU\\S-1-5-21-712794737-353456615-3249761964-1001\\Software\\Microsoft\\Windows\\CurrentVersion\\Action Center\\Providers\\EventLog\\{01979c6a-42fa-414c-b8aa-eee2c8202018}", "_source_file": "data/baseline/win7-x86/Microsoft-Windows-Sysmon%4Operational.evtx"}, {"EventID": 12, "Computer": "evtx-PC", "UtcTime": "2022-04-04 11:20:06.044", "Provider": "Microsoft-Windows-Sysmon", "RuleName": "-", "EventType": "CreateKey", "ProcessGuid": "{e97d4e69-0000-0000-f682-010000000000}", "ProcessId": "1272", "Image": "C:\\Windows\\Explorer.EXE", "TargetObject": "HKU\\S-1-5-21-712794737-353456615-3249761964-1001\\Software\\Microsoft\\Windows\\CurrentVersion\\Action Center\\Checks\\{C8E6F269-B90A-4053-A3BE-499AFCEC98C4}.check.0", "_source_file": "data/baseline/win7-x86/Microsoft-Windows-Sysmon%4Operational.evtx"}, {"EventID": 13, "Computer": "evtx-PC", "UtcTime": "2022-04-04 11:20:06.044", "Provider": "Microsoft-Windows-Sysmon", "RuleName": "-", "EventType": "SetValue", "ProcessGuid": "{e97d4e69-0000-0000-f682-010000000000}", "ProcessId": "1272", "Image": "C:\\Windows\\Explorer.EXE", "TargetObject": "HKU\\S-1-5-21-712794737-353456615-3249761964-1001\\Software\\Microsoft\\Windows\\CurrentVersion\\Action Center\\Checks\\{C8E6F269-B90A-4053-A3BE-499AFCEC98C4}.check.0\\CheckSetting", "Details": "Binary Data", "_source_file": "data/baseline/win7-x86/Microsoft-Windows-Sysmon%4Operational.evtx"}, {"EventID": 12, "Computer": "evtx-PC", "UtcTime": "2022-04-04 11:20:06.044", "Provider": "Microsoft-Windows-Sysmon", "RuleName": "-", "EventType": "CreateKey", "ProcessGuid": "{e97d4e69-0000-0000-f682-010000000000}", "ProcessId": "1272", "Image": "C:\\Windows\\Explorer.EXE", "TargetObject": "HKU\\S-1-5-21-712794737-353456615-3249761964-1001\\Software\\Microsoft\\Windows\\CurrentVersion\\Action Center\\Checks\\{01979c6a-42fa-414c-b8aa-eee2c8202018}.check.100", "_source_file": "data/baseline/win7-x86/Microsoft-Windows-Sysmon%4Operational.evtx"}, {"EventID": 12, "Computer": "evtx-PC", "UtcTime": "2022-04-04 11:20:06.044", "Provider": "Microsoft-Windows-Sysmon", "RuleName": "-", "EventType": "CreateKey", "ProcessGuid": "{e97d4e69-0000-0000-f682-010000000000}", "ProcessId": "1272", "Image": "C:\\Windows\\Explorer.EXE", "TargetObject": "HKU\\S-1-5-21-712794737-353456615-3249761964-1001\\Software\\Microsoft\\Windows\\CurrentVersion\\Action Center\\Checks\\{01979c6a-42fa-414c-b8aa-eee2c8202018}.check.101", "_source_file": "data/baseline/win7-x86/Microsoft-Windows-Sysmon%4Operational.evtx"}, {"EventID": 12, "Computer": "evtx-PC", "UtcTime": "2022-04-04 11:20:06.044", "Provider": "Microsoft-Windows-Sysmon", "RuleName": "-", "EventType": "CreateKey", "ProcessGuid": "{e97d4e69-0000-0000-f682-010000000000}", "ProcessId": "1272", "Image": "C:\\Windows\\Explorer.EXE", "TargetObject": "HKU\\S-1-5-21-712794737-353456615-3249761964-1001\\Software\\Microsoft\\Windows\\CurrentVersion\\Action Center\\Providers\\EventLog\\{945a8954-c147-4acd-923f-40c45405a658}", "_source_file": "data/baseline/win7-x86/Microsoft-Windows-Sysmon%4Operational.evtx"}, {"EventID": 12, "Computer": "evtx-PC", "UtcTime": "2022-04-04 11:20:06.044", "Provider": "Microsoft-Windows-Sysmon", "RuleName": "-", "EventType": "CreateKey", "ProcessGuid": "{e97d4e69-0000-0000-f682-010000000000}", "ProcessId": "1272", "Image": "C:\\Windows\\Explorer.EXE", "TargetObject": "HKU\\S-1-5-21-712794737-353456615-3249761964-1001\\Software\\Microsoft\\Windows\\CurrentVersion\\Action Center\\Checks\\{945a8954-c147-4acd-923f-40c45405a658}.check.42", "_source_file": "data/baseline/win7-x86/Microsoft-Windows-Sysmon%4Operational.evtx"}, {"EventID": 12, "Computer": "evtx-PC", "UtcTime": "2022-04-04 11:20:06.044", "Provider": "Microsoft-Windows-Sysmon", "RuleName": "-", "EventType": "CreateKey", "ProcessGuid": "{e97d4e69-0000-0000-f682-010000000000}", "ProcessId": "1272", "Image": "C:\\Windows\\Explorer.EXE", "TargetObject": "HKU\\S-1-5-21-712794737-353456615-3249761964-1001\\Software\\Microsoft\\Windows\\CurrentVersion\\Action Center\\Providers\\EventLog\\{DAB69A6A-4D2A-4D44-94BF-E0091898C881}", "_source_file": "data/baseline/win7-x86/Microsoft-Windows-Sysmon%4Operational.evtx"}, {"EventID": 12, "Computer": "evtx-PC", "UtcTime": "2022-04-04 11:20:06.044", "Provider": "Microsoft-Windows-Sysmon", "RuleName": "-", "EventType": "CreateKey", "ProcessGuid": "{e97d4e69-0000-0000-f682-010000000000}", "ProcessId": "1272", "Image": "C:\\Windows\\Explorer.EXE", "TargetObject": "HKU\\S-1-5-21-712794737-353456615-3249761964-1001\\Software\\Microsoft\\Windows\\CurrentVersion\\Action Center\\Checks\\{DAB69A6A-4D2A-4D44-94BF-E0091898C881}.check.100", "_source_file": "data/baseline/win7-x86/Microsoft-Windows-Sysmon%4Operational.evtx"}, {"EventID": 12, "Computer": "evtx-PC", "UtcTime": "2022-04-04 11:20:06.044", "Provider": "Microsoft-Windows-Sysmon", "RuleName": "-", "EventType": "CreateKey", "ProcessGuid": "{e97d4e69-0000-0000-f682-010000000000}", "ProcessId": "1272", "Image": "C:\\Windows\\Explorer.EXE", "TargetObject": "HKU\\S-1-5-21-712794737-353456615-3249761964-1001\\Software\\Microsoft\\Windows\\CurrentVersion\\Action Center\\Providers\\EventLog\\{11CD958A-C507-4EF3-B3F2-5FD9DFBD2C78}", "_source_file": "data/baseline/win7-x86/Microsoft-Windows-Sysmon%4Operational.evtx"}, {"EventID": 12, "Computer": "evtx-PC", "UtcTime": "2022-04-04 11:20:06.044", "Provider": "Microsoft-Windows-Sysmon", "RuleName": "-", "EventType": "CreateKey", "ProcessGuid": "{e97d4e69-0000-0000-f682-010000000000}", "ProcessId": "1272", "Image": "C:\\Windows\\Explorer.EXE", "TargetObject": "HKU\\S-1-5-21-712794737-353456615-3249761964-1001\\Software\\Microsoft\\Windows\\CurrentVersion\\Action Center\\Checks\\{11CD958A-C507-4EF3-B3F2-5FD9DFBD2C78}.check.101", "_source_file": "data/baseline/win7-x86/Microsoft-Windows-Sysmon%4Operational.evtx"}, {"EventID": 12, "Computer": "evtx-PC", "UtcTime": "2022-04-04 11:20:06.044", "Provider": "Microsoft-Windows-Sysmon", "RuleName": "-", "EventType": "CreateKey", "ProcessGuid": "{e97d4e69-0000-0000-f682-010000000000}", "ProcessId": "1272", "Image": "C:\\Windows\\Explorer.EXE", "TargetObject": "HKU\\S-1-5-21-712794737-353456615-3249761964-1001\\Software\\Microsoft\\Windows\\CurrentVersion\\Action Center\\Providers\\EventLog\\{A5268B8E-7DB5-465b-BAB7-BDCDA39A394A}", "_source_file": "data/baseline/win7-x86/Microsoft-Windows-Sysmon%4Operational.evtx"}, {"EventID": 12, "Computer": "evtx-PC", "UtcTime": "2022-04-04 11:20:06.044", "Provider": "Microsoft-Windows-Sysmon", "RuleName": "-", "EventType": "CreateKey", "ProcessGuid": "{e97d4e69-0000-0000-f682-010000000000}", "ProcessId": "1272", "Image": "C:\\Windows\\Explorer.EXE", "TargetObject": "HKU\\S-1-5-21-712794737-353456615-3249761964-1001\\Software\\Microsoft\\Windows\\CurrentVersion\\Action Center\\Checks\\{A5268B8E-7DB5-465b-BAB7-BDCDA39A394A}.check.100", "_source_file": "data/baseline/win7-x86/Microsoft-Windows-Sysmon%4Operational.evtx"}, {"EventID": 26, "Computer": "evtx-PC", "UtcTime": "2022-04-04 11:20:07.116", "Provider": "Microsoft-Windows-Sysmon", "RuleName": "-", "ProcessGuid": "{e97d4e69-0000-0000-beb3-000000000000}", "ProcessId": "940", "User": "NT AUTHORITY\\SYSTEM", "Image": "C:\\Windows\\System32\\svchost.exe", "TargetFilename": "C:\\Windows\\Prefetch\\SVCHOST.EXE-05F624AB.pf", "Hashes": "SHA1=53ACB22F85D639144886A8878AE9D1E083A16775,MD5=BE316D56839AFBE7CEC97B9D02D85B08,SHA256=71596A2465E6F3FD8176B56390C3464852A85B68E63FAD4972CFACDA5A82A7AD,IMPHASH=00000000000000000000000000000000", "IsExecutable": "False", "_source_file": "data/baseline/win7-x86/Microsoft-Windows-Sysmon%4Operational.evtx"}, {"EventID": 11, "Computer": "evtx-PC", "UtcTime": "2022-04-04 11:20:07.116", "Provider": "Microsoft-Windows-Sysmon", "RuleName": "-", "ProcessGuid": "{e97d4e69-0000-0000-beb3-000000000000}", "ProcessId": "940", "Image": "C:\\Windows\\System32\\svchost.exe", "TargetFilename": "C:\\Windows\\Prefetch\\SVCHOST.EXE-05F624AB.pf", "CreationUtcTime": "2022-04-04 10:10:33.813", "_source_file": "data/baseline/win7-x86/Microsoft-Windows-Sysmon%4Operational.evtx"}, {"EventID": 12, "Computer": "evtx-PC", "UtcTime": "2022-04-04 11:20:07.943", "Provider": "Microsoft-Windows-Sysmon", "RuleName": "-", "EventType": "CreateKey", "ProcessGuid": "{e97d4e69-0000-0000-e1c9-000000000000}", "ProcessId": "1136", "Image": "C:\\Windows\\system32\\svchost.exe", "TargetObject": "HKLM\\System\\CurrentControlSet\\services\\Tcpip\\Parameters", "_source_file": "data/baseline/win7-x86/Microsoft-Windows-Sysmon%4Operational.evtx"}, {"EventID": 11, "Computer": "evtx-PC", "UtcTime": "2022-04-04 11:20:10.164", "Provider": "Microsoft-Windows-Sysmon", "RuleName": "-", "ProcessGuid": "{e97d4e69-0000-0000-9170-030000000000}", "ProcessId": "3668", "Image": "C:\\Windows\\Sysmon.exe", "TargetFilename": "C:\\Windows\\System32\\config\\systemprofile\\AppData\\LocalLow\\Microsoft\\CryptnetUrlCache\\MetaData\\CA4458E7366E94A3C3A9C1FE548B6D21_82F29F3EF954016E2EAA30E22D51F9AE", "CreationUtcTime": "2022-04-04 11:20:10.164", "_source_file": "data/baseline/win7-x86/Microsoft-Windows-Sysmon%4Operational.evtx"}, {"EventID": 11, "Computer": "evtx-PC", "UtcTime": "2022-04-04 11:20:10.164", "Provider": "Microsoft-Windows-Sysmon", "RuleName": "-", "ProcessGuid": "{e97d4e69-0000-0000-9170-030000000000}", "ProcessId": "3668", "Image": "C:\\Windows\\Sysmon.exe", "TargetFilename": "C:\\Windows\\System32\\config\\systemprofile\\AppData\\LocalLow\\Microsoft\\CryptnetUrlCache\\Content\\CA4458E7366E94A3C3A9C1FE548B6D21_82F29F3EF954016E2EAA30E22D51F9AE", "CreationUtcTime": "2022-04-04 11:20:10.164", "_source_file": "data/baseline/win7-x86/Microsoft-Windows-Sysmon%4Operational.evtx"}, {"EventID": 7, "Computer": "evtx-PC", "UtcTime": "2022-04-04 11:19:57.857", "Provider": "Microsoft-Windows-Sysmon", "RuleName": "-", "ProcessGuid": "{e97d4e69-0000-0000-f5af-090000000000}", "ProcessId": "4848", "Image": "C:\\Program Files\\Google\\Update\\GoogleUpdate.exe", "ImageLoaded": "C:\\Program Files\\Google\\Update\\GoogleUpdate.exe", "FileVersion": "1.3.36.121", "Description": "Google Installer", "Product": "Google Update", "Company": "Google LLC", "OriginalFileName": "GoogleUpdate.exe", "Hashes": "SHA1=A3FF668CBC56D22FB3B258FABFF26BAC74A27E21,MD5=E4BF1E4D8477FBF8411E274F95A0D528,SHA256=62F622B022D4D8A52BAF02BCF0C163F6FD046265CC4553D2A8B267F8EDED4B76,IMPHASH=7DF1816239C5BC855600D41210406C5B", "Signed": "true", "Signature": "Google LLC", "SignatureStatus": "Valid", "_source_file": "data/baseline/win7-x86/Microsoft-Windows-Sysmon%4Operational.evtx"}, {"EventID": 7, "Computer": "evtx-PC", "UtcTime": "2022-04-04 11:19:57.857", "Provider": "Microsoft-Windows-Sysmon", "RuleName": "-", "ProcessGuid": "{e97d4e69-0000-0000-94a9-090000000000}", "ProcessId": "4820", "Image": "C:\\Program Files\\Google\\Update\\GoogleUpdate.exe", "ImageLoaded": "C:\\Program Files\\Google\\Update\\GoogleUpdate.exe", "FileVersion": "1.3.36.121", "Description": "Google Installer", "Product": "Google Update", "Company": "Google LLC", "OriginalFileName": "GoogleUpdate.exe", "Hashes": "SHA1=A3FF668CBC56D22FB3B258FABFF26BAC74A27E21,MD5=E4BF1E4D8477FBF8411E274F95A0D528,SHA256=62F622B022D4D8A52BAF02BCF0C163F6FD046265CC4553D2A8B267F8EDED4B76,IMPHASH=7DF1816239C5BC855600D41210406C5B", "Signed": "true", "Signature": "Google LLC", "SignatureStatus": "Valid", "_source_file": "data/baseline/win7-x86/Microsoft-Windows-Sysmon%4Operational.evtx"}, {"EventID": 7, "Computer": "evtx-PC", "UtcTime": "2022-04-04 11:19:57.690", "Provider": "Microsoft-Windows-Sysmon", "RuleName": "-", "ProcessGuid": "{e97d4e69-0000-0000-94a9-090000000000}", "ProcessId": "4820", "Image": "C:\\Program Files\\Google\\Update\\GoogleUpdate.exe", "ImageLoaded": "C:\\Program Files\\Google\\Update\\GoogleUpdate.exe", "FileVersion": "1.3.36.121", "Description": "Google Installer", "Product": "Google Update", "Company": "Google LLC", "OriginalFileName": "GoogleUpdate.exe", "Hashes": "SHA1=A3FF668CBC56D22FB3B258FABFF26BAC74A27E21,MD5=E4BF1E4D8477FBF8411E274F95A0D528,SHA256=62F622B022D4D8A52BAF02BCF0C163F6FD046265CC4553D2A8B267F8EDED4B76,IMPHASH=7DF1816239C5BC855600D41210406C5B", "Signed": "true", "Signature": "Google LLC", "SignatureStatus": "Valid", "_source_file": "data/baseline/win7-x86/Microsoft-Windows-Sysmon%4Operational.evtx"}, {"EventID": 7, "Computer": "evtx-PC", "UtcTime": "2022-04-04 11:19:57.690", "Provider": "Microsoft-Windows-Sysmon", "RuleName": "-", "ProcessGuid": "{e97d4e69-0000-0000-cb4d-000000000000}", "ProcessId": "536", "Image": "C:\\Windows\\System32\\services.exe", "ImageLoaded": "C:\\Program Files\\Google\\Update\\GoogleUpdate.exe", "FileVersion": "1.3.36.121", "Description": "Google Installer", "Product": "Google Update", "Company": "Google LLC", "OriginalFileName": "GoogleUpdate.exe", "Hashes": "SHA1=A3FF668CBC56D22FB3B258FABFF26BAC74A27E21,MD5=E4BF1E4D8477FBF8411E274F95A0D528,SHA256=62F622B022D4D8A52BAF02BCF0C163F6FD046265CC4553D2A8B267F8EDED4B76,IMPHASH=7DF1816239C5BC855600D41210406C5B", "Signed": "true", "Signature": "Google LLC", "SignatureStatus": "Valid", "_source_file": "data/baseline/win7-x86/Microsoft-Windows-Sysmon%4Operational.evtx"}, {"EventID": 7, "Computer": "evtx-PC", "UtcTime": "2022-04-04 11:19:57.690", "Provider": "Microsoft-Windows-Sysmon", "RuleName": "-", "ProcessGuid": "{e97d4e69-0000-0000-2ea5-090000000000}", "ProcessId": "4788", "Image": "C:\\Windows\\Microsoft.NET\\Framework\\v2.0.50727\\mscorsvw.exe", "ImageLoaded": "C:\\Windows\\System32\\msidle.dll", "FileVersion": "6.1.7600.16385 (win7_rtm.090713-1255)", "Description": "User Idle Monitor", "Product": "Microsoft\u00ae Windows\u00ae Operating System", "Company": "Microsoft Corporation", "OriginalFileName": "MSIDLE.DLL", "Hashes": "SHA1=03148D3293C5F1E0B4A535DD4C5011B633F2CA85,MD5=81600E2E27ED61427AAD865B9BCDDB9D,SHA256=0D7D39C0A5A2C24FAADCA41658A1C62D13180B462C78103BDF6DBD76B64DD79A,IMPHASH=8A5904ED14E280E6569ACD27E09EE485", "Signed": "true", "Signature": "Microsoft Windows", "SignatureStatus": "Valid", "_source_file": "data/baseline/win7-x86/Microsoft-Windows-Sysmon%4Operational.evtx"}, {"EventID": 7, "Computer": "evtx-PC", "UtcTime": "2022-04-04 11:19:57.690", "Provider": "Microsoft-Windows-Sysmon", "RuleName": "-", "ProcessGuid": "{e97d4e69-0000-0000-2ea5-090000000000}", "ProcessId": "4788", "Image": "C:\\Windows\\Microsoft.NET\\Framework\\v2.0.50727\\mscorsvw.exe", "ImageLoaded": "C:\\Windows\\System32\\powrprof.dll", "FileVersion": "6.1.7600.16385 (win7_rtm.090713-1255)", "Description": "Power Profile Helper DLL", "Product": "Microsoft\u00ae Windows\u00ae Operating System", "Company": "Microsoft Corporation", "OriginalFileName": "POWRPROF.DLL", "Hashes": "SHA1=317F2F826BC02D9D8F59A1DD30F0DFF89734E942,MD5=08DFDBD2FD4EA951DC46B1C7661ED35A,SHA256=D926530C659DDAF80770663F46F1EFD94FFB4AAB475C4E3367CB531AF4A734E1,IMPHASH=120B6079779C68F292D551D0389FBAF4", "Signed": "true", "Signature": "Microsoft Windows", "SignatureStatus": "Valid", "_source_file": "data/baseline/win7-x86/Microsoft-Windows-Sysmon%4Operational.evtx"}, {"EventID": 7, "Computer": "evtx-PC", "UtcTime": "2022-04-04 11:19:57.718", "Provider": "Microsoft-Windows-Sysmon", "RuleName": "-", "ProcessGuid": "{e97d4e69-0000-0000-2ea5-090000000000}", "ProcessId": "4788", "Image": "C:\\Windows\\Microsoft.NET\\Framework\\v2.0.50727\\mscorsvw.exe", "ImageLoaded": "C:\\Windows\\System32\\setupapi.dll", "FileVersion": "6.1.7600.16385 (win7_rtm.090713-1255)", "Description": "Windows Setup API", "Product": "Microsoft\u00ae Windows\u00ae Operating System", "Company": "Microsoft Corporation", "OriginalFileName": "SETUPAPI.DLL", "Hashes": "SHA1=0A9D99A3A133D6DACEC5AA95FDEB6B82A56CE679,MD5=41323AB614A2B66AD77B1121D24AC895,SHA256=3B441E113365F597F5AA18979AFFD5F7F37F75EBFBBA0AE821ACEE550E3EEC05,IMPHASH=EEC13C6C486C3E9C6B78BC200BDD59BD", "Signed": "true", "Signature": "Microsoft Windows", "SignatureStatus": "Valid", "_source_file": "data/baseline/win7-x86/Microsoft-Windows-Sysmon%4Operational.evtx"}, {"EventID": 7, "Computer": "evtx-PC", "UtcTime": "2022-04-04 11:19:57.718", "Provider": "Microsoft-Windows-Sysmon", "RuleName": "-", "ProcessGuid": "{e97d4e69-0000-0000-2ea5-090000000000}", "ProcessId": "4788", "Image": "C:\\Windows\\Microsoft.NET\\Framework\\v2.0.50727\\mscorsvw.exe", "ImageLoaded": "C:\\Windows\\System32\\cfgmgr32.dll", "FileVersion": "6.1.7600.16385 (win7_rtm.090713-1255)", "Description": "Configuration Manager DLL", "Product": "Microsoft\u00ae Windows\u00ae Operating System", "Company": "Microsoft Corporation", "OriginalFileName": "CFGMGR32.DLL", "Hashes": "SHA1=1FE36114EACF877607C4518089A5BD84B6660AC4,MD5=15B94E4AC75C9295275BDC9A1D7054C3,SHA256=1B478C2A60B3CFC066B7FE9A388BC2E29974B4B8A664AFEFA59FD8F18B39DE36,IMPHASH=0ED71E403E43217E80917676A4C91A56", "Signed": "true", "Signature": "Microsoft Windows", "SignatureStatus": "Valid", "_source_file": "data/baseline/win7-x86/Microsoft-Windows-Sysmon%4Operational.evtx"}, {"EventID": 7, "Computer": "evtx-PC", "UtcTime": "2022-04-04 11:19:57.718", "Provider": "Microsoft-Windows-Sysmon", "RuleName": "-", "ProcessGuid": "{e97d4e69-0000-0000-2ea5-090000000000}", "ProcessId": "4788", "Image": "C:\\Windows\\Microsoft.NET\\Framework\\v2.0.50727\\mscorsvw.exe", "ImageLoaded": "C:\\Windows\\System32\\devobj.dll", "FileVersion": "6.1.7600.16385 (win7_rtm.090713-1255)", "Description": "Device Information Set DLL", "Product": "Microsoft\u00ae Windows\u00ae Operating System", "Company": "Microsoft Corporation", "OriginalFileName": "devinfoset.DLL", "Hashes": "SHA1=9B24895FB1CB54A7E2A24109BF3366EC4865C7D6,MD5=CC4ED8BEA78B0DCA6F217E014C3291A7,SHA256=01104182E4E6FB3CF6397936D30B2CE3486967586D1B94187B59A8232DAE39FF,IMPHASH=44B79A447697715C64EAD179C9ADE7AC", "Signed": "true", "Signature": "Microsoft Windows", "SignatureStatus": "Valid", "_source_file": "data/baseline/win7-x86/Microsoft-Windows-Sysmon%4Operational.evtx"}, {"EventID": 7, "Computer": "evtx-PC", "UtcTime": "2022-04-04 11:19:57.871", "Provider": "Microsoft-Windows-Sysmon", "RuleName": "-", "ProcessGuid": "{e97d4e69-0000-0000-f5af-090000000000}", "ProcessId": "4848", "Image": "C:\\Program Files\\Google\\Update\\GoogleUpdate.exe", "ImageLoaded": "C:\\Program Files\\Google\\Update\\1.3.36.122\\goopdate.dll", "FileVersion": "1.3.36.122", "Description": "Google Update", "Product": "Google Update", "Company": "Google LLC", "OriginalFileName": "goopdate.dll", "Hashes": "SHA1=101395A59C156139786554153E29A72E445776F7,MD5=B235A510D74783594B5A50F60D6A841A,SHA256=6A478176C0E2257485B517C5B549D6A4B9B93264B8AE67F134C8E87571DB50BA,IMPHASH=F90DFA03C45D9C8B728915F0C7F7896A", "Signed": "true", "Signature": "Google LLC", "SignatureStatus": "Valid", "_source_file": "data/baseline/win7-x86/Microsoft-Windows-Sysmon%4Operational.evtx"}, {"EventID": 7, "Computer": "evtx-PC", "UtcTime": "2022-04-04 11:19:57.787", "Provider": "Microsoft-Windows-Sysmon", "RuleName": "-", "ProcessGuid": "{e97d4e69-0000-0000-94a9-090000000000}", "ProcessId": "4820", "Image": "C:\\Program Files\\Google\\Update\\GoogleUpdate.exe", "ImageLoaded": "C:\\Program Files\\Google\\Update\\1.3.36.122\\goopdate.dll", "FileVersion": "1.3.36.122", "Description": "Google Update", "Product": "Google Update", "Company": "Google LLC", "OriginalFileName": "goopdate.dll", "Hashes": "SHA1=101395A59C156139786554153E29A72E445776F7,MD5=B235A510D74783594B5A50F60D6A841A,SHA256=6A478176C0E2257485B517C5B549D6A4B9B93264B8AE67F134C8E87571DB50BA,IMPHASH=F90DFA03C45D9C8B728915F0C7F7896A", "Signed": "true", "Signature": "Google LLC", "SignatureStatus": "Valid", "_source_file": "data/baseline/win7-x86/Microsoft-Windows-Sysmon%4Operational.evtx"}, {"EventID": 7, "Computer": "evtx-PC", "UtcTime": "2022-04-04 11:19:57.871", "Provider": "Microsoft-Windows-Sysmon", "RuleName": "-", "ProcessGuid": "{e97d4e69-0000-0000-f5af-090000000000}", "ProcessId": "4848", "Image": "C:\\Program Files\\Google\\Update\\GoogleUpdate.exe", "ImageLoaded": "C:\\Windows\\System32\\IPHLPAPI.DLL", "FileVersion": "6.1.7600.16385 (win7_rtm.090713-1255)", "Description": "IP Helper API", "Product": "Microsoft\u00ae Windows\u00ae Operating System", "Company": "Microsoft Corporation", "OriginalFileName": "iphlpapi.dll", "Hashes": "SHA1=4BE53B10F107DC3B1C40BFD22019035943DAEF85,MD5=6095266CAAF5E75F394CFD4844CC4C25,SHA256=99C10DDD9F86D6FC10F5417F7FDE7A48909CDEF53F47D8A2DBFB0B656F89FCA6,IMPHASH=1185A77CA1DAC7BCF9D9E432EB5A42C8", "Signed": "true", "Signature": "Microsoft Windows", "SignatureStatus": "Valid", "_source_file": "data/baseline/win7-x86/Microsoft-Windows-Sysmon%4Operational.evtx"}, {"EventID": 7, "Computer": "evtx-PC", "UtcTime": "2022-04-04 11:19:57.787", "Provider": "Microsoft-Windows-Sysmon", "RuleName": "-", "ProcessGuid": "{e97d4e69-0000-0000-94a9-090000000000}", "ProcessId": "4820", "Image": "C:\\Program Files\\Google\\Update\\GoogleUpdate.exe", "ImageLoaded": "C:\\Windows\\System32\\IPHLPAPI.DLL", "FileVersion": "6.1.7600.16385 (win7_rtm.090713-1255)", "Description": "IP Helper API", "Product": "Microsoft\u00ae Windows\u00ae Operating System", "Company": "Microsoft Corporation", "OriginalFileName": "iphlpapi.dll", "Hashes": "SHA1=4BE53B10F107DC3B1C40BFD22019035943DAEF85,MD5=6095266CAAF5E75F394CFD4844CC4C25,SHA256=99C10DDD9F86D6FC10F5417F7FDE7A48909CDEF53F47D8A2DBFB0B656F89FCA6,IMPHASH=1185A77CA1DAC7BCF9D9E432EB5A42C8", "Signed": "true", "Signature": "Microsoft Windows", "SignatureStatus": "Valid", "_source_file": "data/baseline/win7-x86/Microsoft-Windows-Sysmon%4Operational.evtx"}, {"EventID": 7, "Computer": "evtx-PC", "UtcTime": "2022-04-04 11:19:58.316", "Provider": "Microsoft-Windows-Sysmon", "RuleName": "-", "ProcessGuid": "{e97d4e69-0000-0000-99ba-090000000000}", "ProcessId": "4892", "Image": "C:\\Windows\\System32\\sppsvc.exe", "ImageLoaded": "C:\\Windows\\System32\\nsi.dll", "FileVersion": "6.1.7600.16385 (win7_rtm.090713-1255)", "Description": "NSI User-mode interface DLL", "Product": "Microsoft\u00ae Windows\u00ae Operating System", "Company": "Microsoft Corporation", "OriginalFileName": "nsi.dll", "Hashes": "SHA1=82EB3B8CED5253010BCFD9E2D77FFE8A2386F85A,MD5=6377051C63D5552A311935C67E9FDFDC,SHA256=3FB82988AAB66813567E8DB951D4EE87F156201070F005FDBF52EF998A323E65,IMPHASH=8B44B0A7CDDC55804A3A1FB89E57947B", "Signed": "true", "Signature": "Microsoft Windows", "SignatureStatus": "Valid", "_source_file": "data/baseline/win7-x86/Microsoft-Windows-Sysmon%4Operational.evtx"}, {"EventID": 7, "Computer": "evtx-PC", "UtcTime": "2022-04-04 11:19:57.871", "Provider": "Microsoft-Windows-Sysmon", "RuleName": "-", "ProcessGuid": "{e97d4e69-0000-0000-f5af-090000000000}", "ProcessId": "4848", "Image": "C:\\Program Files\\Google\\Update\\GoogleUpdate.exe", "ImageLoaded": "C:\\Windows\\System32\\nsi.dll", "FileVersion": "6.1.7600.16385 (win7_rtm.090713-1255)", "Description": "NSI User-mode interface DLL", "Product": "Microsoft\u00ae Windows\u00ae Operating System", "Company": "Microsoft Corporation", "OriginalFileName": "nsi.dll", "Hashes": "SHA1=82EB3B8CED5253010BCFD9E2D77FFE8A2386F85A,MD5=6377051C63D5552A311935C67E9FDFDC,SHA256=3FB82988AAB66813567E8DB951D4EE87F156201070F005FDBF52EF998A323E65,IMPHASH=8B44B0A7CDDC55804A3A1FB89E57947B", "Signed": "true", "Signature": "Microsoft Windows", "SignatureStatus": "Valid", "_source_file": "data/baseline/win7-x86/Microsoft-Windows-Sysmon%4Operational.evtx"}, {"EventID": 7, "Computer": "evtx-PC", "UtcTime": "2022-04-04 11:19:57.787", "Provider": "Microsoft-Windows-Sysmon", "RuleName": "-", "ProcessGuid": "{e97d4e69-0000-0000-94a9-090000000000}", "ProcessId": "4820", "Image": "C:\\Program Files\\Google\\Update\\GoogleUpdate.exe", "ImageLoaded": "C:\\Windows\\System32\\nsi.dll", "FileVersion": "6.1.7600.16385 (win7_rtm.090713-1255)", "Description": "NSI User-mode interface DLL", "Product": "Microsoft\u00ae Windows\u00ae Operating System", "Company": "Microsoft Corporation", "OriginalFileName": "nsi.dll", "Hashes": "SHA1=82EB3B8CED5253010BCFD9E2D77FFE8A2386F85A,MD5=6377051C63D5552A311935C67E9FDFDC,SHA256=3FB82988AAB66813567E8DB951D4EE87F156201070F005FDBF52EF998A323E65,IMPHASH=8B44B0A7CDDC55804A3A1FB89E57947B", "Signed": "true", "Signature": "Microsoft Windows", "SignatureStatus": "Valid", "_source_file": "data/baseline/win7-x86/Microsoft-Windows-Sysmon%4Operational.evtx"}, {"EventID": 7, "Computer": "evtx-PC", "UtcTime": "2022-04-04 11:19:57.871", "Provider": "Microsoft-Windows-Sysmon", "RuleName": "-", "ProcessGuid": "{e97d4e69-0000-0000-f5af-090000000000}", "ProcessId": "4848", "Image": "C:\\Program Files\\Google\\Update\\GoogleUpdate.exe", "ImageLoaded": "C:\\Windows\\System32\\winnsi.dll", "FileVersion": "6.1.7600.16385 (win7_rtm.090713-1255)", "Description": "Network Store Information RPC interface", "Product": "Microsoft\u00ae Windows\u00ae Operating System", "Company": "Microsoft Corporation", "OriginalFileName": "winnsi.dll", "Hashes": "SHA1=E2CA593C6C4E8840828F5B718FA896059CC7837E,MD5=CFF35B879D1618D42C86644C717BA947,SHA256=1837275202628D3320867A3BF8CFDA15491730C4B74215F7C0D7E140BF01AC3C,IMPHASH=7EF81D238D132484D545E03DDAA49F95", "Signed": "true", "Signature": "Microsoft Windows", "SignatureStatus": "Valid", "_source_file": "data/baseline/win7-x86/Microsoft-Windows-Sysmon%4Operational.evtx"}, {"EventID": 7, "Computer": "evtx-PC", "UtcTime": "2022-04-04 11:19:57.787", "Provider": "Microsoft-Windows-Sysmon", "RuleName": "-", "ProcessGuid": "{e97d4e69-0000-0000-94a9-090000000000}", "ProcessId": "4820", "Image": "C:\\Program Files\\Google\\Update\\GoogleUpdate.exe", "ImageLoaded": "C:\\Windows\\System32\\winnsi.dll", "FileVersion": "6.1.7600.16385 (win7_rtm.090713-1255)", "Description": "Network Store Information RPC interface", "Product": "Microsoft\u00ae Windows\u00ae Operating System", "Company": "Microsoft Corporation", "OriginalFileName": "winnsi.dll", "Hashes": "SHA1=E2CA593C6C4E8840828F5B718FA896059CC7837E,MD5=CFF35B879D1618D42C86644C717BA947,SHA256=1837275202628D3320867A3BF8CFDA15491730C4B74215F7C0D7E140BF01AC3C,IMPHASH=7EF81D238D132484D545E03DDAA49F95", "Signed": "true", "Signature": "Microsoft Windows", "SignatureStatus": "Valid", "_source_file": "data/baseline/win7-x86/Microsoft-Windows-Sysmon%4Operational.evtx"}, {"EventID": 7, "Computer": "evtx-PC", "UtcTime": "2022-04-04 11:19:57.954", "Provider": "Microsoft-Windows-Sysmon", "RuleName": "-", "ProcessGuid": "{e97d4e69-0000-0000-a8b5-090000000000}", "ProcessId": "4872", "Image": "C:\\Program Files\\Google\\Update\\1.3.36.122\\GoogleCrashHandler.exe", "ImageLoaded": "C:\\Windows\\System32\\netapi32.dll", "FileVersion": "6.1.7600.16385 (win7_rtm.090713-1255)", "Description": "Net Win32 API DLL", "Product": "Microsoft\u00ae Windows\u00ae Operating System", "Company": "Microsoft Corporation", "OriginalFileName": "NetApi32.DLL", "Hashes": "SHA1=3F018B93C32D1674FB66E0BBF772091C438A7520,MD5=C3DBF7DFF5A38136E26BADB7AB4E2972,SHA256=EA7484034B14F9F1082F8FA802560D61740DD030F008B59CED204ED55B7C437B,IMPHASH=A113D4C1EBCDA10ABDA895F2685239CA", "Signed": "true", "Signature": "Microsoft Windows", "SignatureStatus": "Valid", "_source_file": "data/baseline/win7-x86/Microsoft-Windows-Sysmon%4Operational.evtx"}, {"EventID": 7, "Computer": "evtx-PC", "UtcTime": "2022-04-04 11:19:57.871", "Provider": "Microsoft-Windows-Sysmon", "RuleName": "-", "ProcessGuid": "{e97d4e69-0000-0000-f5af-090000000000}", "ProcessId": "4848", "Image": "C:\\Program Files\\Google\\Update\\GoogleUpdate.exe", "ImageLoaded": "C:\\Windows\\System32\\netapi32.dll", "FileVersion": "6.1.7600.16385 (win7_rtm.090713-1255)", "Description": "Net Win32 API DLL", "Product": "Microsoft\u00ae Windows\u00ae Operating System", "Company": "Microsoft Corporation", "OriginalFileName": "NetApi32.DLL", "Hashes": "SHA1=3F018B93C32D1674FB66E0BBF772091C438A7520,MD5=C3DBF7DFF5A38136E26BADB7AB4E2972,SHA256=EA7484034B14F9F1082F8FA802560D61740DD030F008B59CED204ED55B7C437B,IMPHASH=A113D4C1EBCDA10ABDA895F2685239CA", "Signed": "true", "Signature": "Microsoft Windows", "SignatureStatus": "Valid", "_source_file": "data/baseline/win7-x86/Microsoft-Windows-Sysmon%4Operational.evtx"}, {"EventID": 7, "Computer": "evtx-PC", "UtcTime": "2022-04-04 11:19:57.801", "Provider": "Microsoft-Windows-Sysmon", "RuleName": "-", "ProcessGuid": "{e97d4e69-0000-0000-94a9-090000000000}", "ProcessId": "4820", "Image": "C:\\Program Files\\Google\\Update\\GoogleUpdate.exe", "ImageLoaded": "C:\\Windows\\System32\\netapi32.dll", "FileVersion": "6.1.7600.16385 (win7_rtm.090713-1255)", "Description": "Net Win32 API DLL", "Product": "Microsoft\u00ae Windows\u00ae Operating System", "Company": "Microsoft Corporation", "OriginalFileName": "NetApi32.DLL", "Hashes": "SHA1=3F018B93C32D1674FB66E0BBF772091C438A7520,MD5=C3DBF7DFF5A38136E26BADB7AB4E2972,SHA256=EA7484034B14F9F1082F8FA802560D61740DD030F008B59CED204ED55B7C437B,IMPHASH=A113D4C1EBCDA10ABDA895F2685239CA", "Signed": "true", "Signature": "Microsoft Windows", "SignatureStatus": "Valid", "_source_file": "data/baseline/win7-x86/Microsoft-Windows-Sysmon%4Operational.evtx"}, {"EventID": 7, "Computer": "evtx-PC", "UtcTime": "2022-04-04 11:19:58.678", "Provider": "Microsoft-Windows-Sysmon", "RuleName": "-", "ProcessGuid": "{e97d4e69-0000-0000-1bad-000000000000}", "ProcessId": "892", "Image": "C:\\Windows\\System32\\svchost.exe", "ImageLoaded": "C:\\Windows\\System32\\netutils.dll", "FileVersion": "6.1.7600.16385 (win7_rtm.090713-1255)", "Description": "Net Win32 API Helpers DLL", "Product": "Microsoft\u00ae Windows\u00ae Operating System", "Company": "Microsoft Corporation", "OriginalFileName": "NETUTILS.DLL", "Hashes": "SHA1=DC70C292AD60D22CFA89BDB25F93F029358EF014,MD5=C6BB27D9A8AC13D4A44486F528B5C884,SHA256=9624D886A3EBA94E61F90F62BD9A823B799C3A3B9C0E4C59E49824FEBBB18D77,IMPHASH=581A3E4676E5ADB21342A046E577E2EC", "Signed": "true", "Signature": "Microsoft Windows", "SignatureStatus": "Valid", "_source_file": "data/baseline/win7-x86/Microsoft-Windows-Sysmon%4Operational.evtx"}, {"EventID": 7, "Computer": "evtx-PC", "UtcTime": "2022-04-04 11:19:57.954", "Provider": "Microsoft-Windows-Sysmon", "RuleName": "-", "ProcessGuid": "{e97d4e69-0000-0000-a8b5-090000000000}", "ProcessId": "4872", "Image": "C:\\Program Files\\Google\\Update\\1.3.36.122\\GoogleCrashHandler.exe", "ImageLoaded": "C:\\Windows\\System32\\netutils.dll", "FileVersion": "6.1.7600.16385 (win7_rtm.090713-1255)", "Description": "Net Win32 API Helpers DLL", "Product": "Microsoft\u00ae Windows\u00ae Operating System", "Company": "Microsoft Corporation", "OriginalFileName": "NETUTILS.DLL", "Hashes": "SHA1=DC70C292AD60D22CFA89BDB25F93F029358EF014,MD5=C6BB27D9A8AC13D4A44486F528B5C884,SHA256=9624D886A3EBA94E61F90F62BD9A823B799C3A3B9C0E4C59E49824FEBBB18D77,IMPHASH=581A3E4676E5ADB21342A046E577E2EC", "Signed": "true", "Signature": "Microsoft Windows", "SignatureStatus": "Valid", "_source_file": "data/baseline/win7-x86/Microsoft-Windows-Sysmon%4Operational.evtx"}, {"EventID": 7, "Computer": "evtx-PC", "UtcTime": "2022-04-04 11:19:57.871", "Provider": "Microsoft-Windows-Sysmon", "RuleName": "-", "ProcessGuid": "{e97d4e69-0000-0000-f5af-090000000000}", "ProcessId": "4848", "Image": "C:\\Program Files\\Google\\Update\\GoogleUpdate.exe", "ImageLoaded": "C:\\Windows\\System32\\netutils.dll", "FileVersion": "6.1.7600.16385 (win7_rtm.090713-1255)", "Description": "Net Win32 API Helpers DLL", "Product": "Microsoft\u00ae Windows\u00ae Operating System", "Company": "Microsoft Corporation", "OriginalFileName": "NETUTILS.DLL", "Hashes": "SHA1=DC70C292AD60D22CFA89BDB25F93F029358EF014,MD5=C6BB27D9A8AC13D4A44486F528B5C884,SHA256=9624D886A3EBA94E61F90F62BD9A823B799C3A3B9C0E4C59E49824FEBBB18D77,IMPHASH=581A3E4676E5ADB21342A046E577E2EC", "Signed": "true", "Signature": "Microsoft Windows", "SignatureStatus": "Valid", "_source_file": "data/baseline/win7-x86/Microsoft-Windows-Sysmon%4Operational.evtx"}, {"EventID": 7, "Computer": "evtx-PC", "UtcTime": "2022-04-04 11:19:57.801", "Provider": "Microsoft-Windows-Sysmon", "RuleName": "-", "ProcessGuid": "{e97d4e69-0000-0000-94a9-090000000000}", "ProcessId": "4820", "Image": "C:\\Program Files\\Google\\Update\\GoogleUpdate.exe", "ImageLoaded": "C:\\Windows\\System32\\netutils.dll", "FileVersion": "6.1.7600.16385 (win7_rtm.090713-1255)", "Description": "Net Win32 API Helpers DLL", "Product": "Microsoft\u00ae Windows\u00ae Operating System", "Company": "Microsoft Corporation", "OriginalFileName": "NETUTILS.DLL", "Hashes": "SHA1=DC70C292AD60D22CFA89BDB25F93F029358EF014,MD5=C6BB27D9A8AC13D4A44486F528B5C884,SHA256=9624D886A3EBA94E61F90F62BD9A823B799C3A3B9C0E4C59E49824FEBBB18D77,IMPHASH=581A3E4676E5ADB21342A046E577E2EC", "Signed": "true", "Signature": "Microsoft Windows", "SignatureStatus": "Valid", "_source_file": "data/baseline/win7-x86/Microsoft-Windows-Sysmon%4Operational.evtx"}, {"EventID": 7, "Computer": "evtx-PC", "UtcTime": "2022-04-04 11:19:57.954", "Provider": "Microsoft-Windows-Sysmon", "RuleName": "-", "ProcessGuid": "{e97d4e69-0000-0000-a8b5-090000000000}", "ProcessId": "4872", "Image": "C:\\Program Files\\Google\\Update\\1.3.36.122\\GoogleCrashHandler.exe", "ImageLoaded": "C:\\Windows\\System32\\srvcli.dll", "FileVersion": "6.1.7600.16385 (win7_rtm.090713-1255)", "Description": "Server Service Client DLL", "Product": "Microsoft\u00ae Windows\u00ae Operating System", "Company": "Microsoft Corporation", "OriginalFileName": "SRVCLI.DLL", "Hashes": "SHA1=6FD3C175F9D2015397729F9F2689F4C2C9894125,MD5=89D840773C9C4358A5031DCC860449EC,SHA256=F6C241D73E05A95B7C81C12979FF625BFD89C12CDD13193AA137E02A8C0046F2,IMPHASH=5C62D5CAA1D16D3293D07FF9F4830A0D", "Signed": "true", "Signature": "Microsoft Windows", "SignatureStatus": "Valid", "_source_file": "data/baseline/win7-x86/Microsoft-Windows-Sysmon%4Operational.evtx"}, {"EventID": 7, "Computer": "evtx-PC", "UtcTime": "2022-04-04 11:19:57.871", "Provider": "Microsoft-Windows-Sysmon", "RuleName": "-", "ProcessGuid": "{e97d4e69-0000-0000-f5af-090000000000}", "ProcessId": "4848", "Image": "C:\\Program Files\\Google\\Update\\GoogleUpdate.exe", "ImageLoaded": "C:\\Windows\\System32\\srvcli.dll", "FileVersion": "6.1.7600.16385 (win7_rtm.090713-1255)", "Description": "Server Service Client DLL", "Product": "Microsoft\u00ae Windows\u00ae Operating System", "Company": "Microsoft Corporation", "OriginalFileName": "SRVCLI.DLL", "Hashes": "SHA1=6FD3C175F9D2015397729F9F2689F4C2C9894125,MD5=89D840773C9C4358A5031DCC860449EC,SHA256=F6C241D73E05A95B7C81C12979FF625BFD89C12CDD13193AA137E02A8C0046F2,IMPHASH=5C62D5CAA1D16D3293D07FF9F4830A0D", "Signed": "true", "Signature": "Microsoft Windows", "SignatureStatus": "Valid", "_source_file": "data/baseline/win7-x86/Microsoft-Windows-Sysmon%4Operational.evtx"}, {"EventID": 7, "Computer": "evtx-PC", "UtcTime": "2022-04-04 11:19:57.801", "Provider": "Microsoft-Windows-Sysmon", "RuleName": "-", "ProcessGuid": "{e97d4e69-0000-0000-94a9-090000000000}", "ProcessId": "4820", "Image": "C:\\Program Files\\Google\\Update\\GoogleUpdate.exe", "ImageLoaded": "C:\\Windows\\System32\\srvcli.dll", "FileVersion": "6.1.7600.16385 (win7_rtm.090713-1255)", "Description": "Server Service Client DLL", "Product": "Microsoft\u00ae Windows\u00ae Operating System", "Company": "Microsoft Corporation", "OriginalFileName": "SRVCLI.DLL", "Hashes": "SHA1=6FD3C175F9D2015397729F9F2689F4C2C9894125,MD5=89D840773C9C4358A5031DCC860449EC,SHA256=F6C241D73E05A95B7C81C12979FF625BFD89C12CDD13193AA137E02A8C0046F2,IMPHASH=5C62D5CAA1D16D3293D07FF9F4830A0D", "Signed": "true", "Signature": "Microsoft Windows", "SignatureStatus": "Valid", "_source_file": "data/baseline/win7-x86/Microsoft-Windows-Sysmon%4Operational.evtx"}, {"EventID": 7, "Computer": "evtx-PC", "UtcTime": "2022-04-04 11:19:58.678", "Provider": "Microsoft-Windows-Sysmon", "RuleName": "-", "ProcessGuid": "{e97d4e69-0000-0000-1bad-000000000000}", "ProcessId": "892", "Image": "C:\\Windows\\System32\\svchost.exe", "ImageLoaded": "C:\\Windows\\System32\\wkscli.dll", "FileVersion": "6.1.7600.16385 (win7_rtm.090713-1255)", "Description": "Workstation Service Client DLL", "Product": "Microsoft\u00ae Windows\u00ae Operating System", "Company": "Microsoft Corporation", "OriginalFileName": "WKSCLI.DLL", "Hashes": "SHA1=4E29D7B492555E096ADD60D3EA783C93A4AA0343,MD5=7AD12703039056D2A0815F85960E1FA1,SHA256=22C9E953D499555F8BD7719786F3450EF5619672F4FF91082758BAB3FD8A288D,IMPHASH=5C5DB15FFC2E45643C54B017F0F6DCC3", "Signed": "true", "Signature": "Microsoft Windows", "SignatureStatus": "Valid", "_source_file": "data/baseline/win7-x86/Microsoft-Windows-Sysmon%4Operational.evtx"}, {"EventID": 7, "Computer": "evtx-PC", "UtcTime": "2022-04-04 11:19:57.954", "Provider": "Microsoft-Windows-Sysmon", "RuleName": "-", "ProcessGuid": "{e97d4e69-0000-0000-a8b5-090000000000}", "ProcessId": "4872", "Image": "C:\\Program Files\\Google\\Update\\1.3.36.122\\GoogleCrashHandler.exe", "ImageLoaded": "C:\\Windows\\System32\\wkscli.dll", "FileVersion": "6.1.7600.16385 (win7_rtm.090713-1255)", "Description": "Workstation Service Client DLL", "Product": "Microsoft\u00ae Windows\u00ae Operating System", "Company": "Microsoft Corporation", "OriginalFileName": "WKSCLI.DLL", "Hashes": "SHA1=4E29D7B492555E096ADD60D3EA783C93A4AA0343,MD5=7AD12703039056D2A0815F85960E1FA1,SHA256=22C9E953D499555F8BD7719786F3450EF5619672F4FF91082758BAB3FD8A288D,IMPHASH=5C5DB15FFC2E45643C54B017F0F6DCC3", "Signed": "true", "Signature": "Microsoft Windows", "SignatureStatus": "Valid", "_source_file": "data/baseline/win7-x86/Microsoft-Windows-Sysmon%4Operational.evtx"}, 