{"EventID": 11, "Computer": "evtx-PC", "UtcTime": "2022-04-04 11:19:21.196", "Provider": "Microsoft-Windows-Sysmon", "RuleName": "-", "ProcessGuid": "{e97d4e69-0000-0000-8505-040000000000}", "ProcessId": "1036", "Image": "C:\\Program Files\\Google\\Chrome\\Application\\chrome.exe", "TargetFilename": "C:\\Users\\evtx\\AppData\\Local\\Google\\Chrome\\User Data\\Default\\Cache\\Cache_Data\\f_000241", "CreationUtcTime": "2022-04-04 11:19:21.196", "_source_file": "data/baseline/win7-x86/Microsoft-Windows-Sysmon%4Operational.evtx"}, {"EventID": 11, "Computer": "evtx-PC", "UtcTime": "2022-04-04 11:19:21.219", "Provider": "Microsoft-Windows-Sysmon", "RuleName": "-", "ProcessGuid": "{e97d4e69-0000-0000-8505-040000000000}", "ProcessId": "1036", "Image": "C:\\Program Files\\Google\\Chrome\\Application\\chrome.exe", "TargetFilename": "C:\\Users\\evtx\\AppData\\Local\\Google\\Chrome\\User Data\\Default\\Cache\\Cache_Data\\f_000242", "CreationUtcTime": "2022-04-04 11:19:21.219", "_source_file": "data/baseline/win7-x86/Microsoft-Windows-Sysmon%4Operational.evtx"}, {"EventID": 11, "Computer": "evtx-PC", "UtcTime": "2022-04-04 11:19:21.236", "Provider": "Microsoft-Windows-Sysmon", "RuleName": "-", "ProcessGuid": "{e97d4e69-0000-0000-8505-040000000000}", "ProcessId": "1036", "Image": "C:\\Program Files\\Google\\Chrome\\Application\\chrome.exe", "TargetFilename": "C:\\Users\\evtx\\AppData\\Local\\Google\\Chrome\\User Data\\Default\\Cache\\Cache_Data\\f_000243", "CreationUtcTime": "2022-04-04 11:19:21.235", "_source_file": "data/baseline/win7-x86/Microsoft-Windows-Sysmon%4Operational.evtx"}, {"EventID": 12, "Computer": "evtx-PC", "UtcTime": "2022-04-04 11:19:21.418", "Provider": "Microsoft-Windows-Sysmon", "RuleName": "-", "EventType": "CreateKey", "ProcessGuid": "{e97d4e69-0000-0000-1262-000000000000}", "ProcessId": "668", "Image": "C:\\Windows\\system32\\svchost.exe", "TargetObject": "HKLM\\System\\CurrentControlSet\\Control\\DeviceClasses", "_source_file": "data/baseline/win7-x86/Microsoft-Windows-Sysmon%4Operational.evtx"}, {"EventID": 12, "Computer": "evtx-PC", "UtcTime": "2022-04-04 11:19:21.911", "Provider": "Microsoft-Windows-Sysmon", "RuleName": "-", "EventType": "CreateKey", "ProcessGuid": "{e97d4e69-0000-0000-1262-000000000000}", "ProcessId": "668", "Image": "C:\\Windows\\system32\\svchost.exe", "TargetObject": "HKLM\\System\\CurrentControlSet\\Control\\DeviceClasses", "_source_file": "data/baseline/win7-x86/Microsoft-Windows-Sysmon%4Operational.evtx"}, {"EventID": 12, "Computer": "evtx-PC", "UtcTime": "2022-04-04 11:19:22.408", "Provider": "Microsoft-Windows-Sysmon", "RuleName": "-", "EventType": "CreateKey", "ProcessGuid": "{e97d4e69-0000-0000-1262-000000000000}", "ProcessId": "668", "Image": "C:\\Windows\\system32\\svchost.exe", "TargetObject": "HKLM\\System\\CurrentControlSet\\Control\\DeviceClasses", "_source_file": "data/baseline/win7-x86/Microsoft-Windows-Sysmon%4Operational.evtx"}, {"EventID": 12, "Computer": "evtx-PC", "UtcTime": "2022-04-04 11:19:22.905", "Provider": "Microsoft-Windows-Sysmon", "RuleName": "-", "EventType": "CreateKey", "ProcessGuid": "{e97d4e69-0000-0000-1262-000000000000}", "ProcessId": "668", "Image": "C:\\Windows\\system32\\svchost.exe", "TargetObject": "HKLM\\System\\CurrentControlSet\\Control\\DeviceClasses", "_source_file": "data/baseline/win7-x86/Microsoft-Windows-Sysmon%4Operational.evtx"}, {"EventID": 11, "Computer": "evtx-PC", "UtcTime": "2022-04-04 11:19:23.033", "Provider": "Microsoft-Windows-Sysmon", "RuleName": "-", "ProcessGuid": "{e97d4e69-0000-0000-47f9-030000000000}", "ProcessId": "4020", "Image": "C:\\Program Files\\Google\\Chrome\\Application\\chrome.exe", "TargetFilename": "C:\\Users\\evtx\\AppData\\Local\\Google\\Chrome\\User Data\\9c648635-4d50-495f-b694-08f909e969d3.tmp", "CreationUtcTime": "2022-04-04 11:19:23.032", "_source_file": "data/baseline/win7-x86/Microsoft-Windows-Sysmon%4Operational.evtx"}, {"EventID": 2, "Computer": "evtx-PC", "UtcTime": "2022-04-04 11:19:23.040", "Provider": "Microsoft-Windows-Sysmon", "RuleName": "-", "ProcessGuid": "{e97d4e69-0000-0000-47f9-030000000000}", "ProcessId": "4020", "Image": "C:\\Program Files\\Google\\Chrome\\Application\\chrome.exe", "TargetFilename": "C:\\Users\\evtx\\AppData\\Local\\Google\\Chrome\\User Data\\9c648635-4d50-495f-b694-08f909e969d3.tmp", "CreationUtcTime": "2022-04-04 10:16:49.583", "PreviousCreationUtcTime": "2022-04-04 11:19:23.032", "_source_file": "data/baseline/win7-x86/Microsoft-Windows-Sysmon%4Operational.evtx"}, {"EventID": 11, "Computer": "evtx-PC", "UtcTime": "2022-04-04 11:19:23.041", "Provider": "Microsoft-Windows-Sysmon", "RuleName": "-", "ProcessGuid": "{e97d4e69-0000-0000-47f9-030000000000}", "ProcessId": "4020", "Image": "C:\\Program Files\\Google\\Chrome\\Application\\chrome.exe", "TargetFilename": "C:\\Users\\evtx\\AppData\\Local\\Google\\Chrome\\User Data\\Local State~RF16397.TMP", "CreationUtcTime": "2022-04-04 11:19:23.040", "_source_file": "data/baseline/win7-x86/Microsoft-Windows-Sysmon%4Operational.evtx"}, {"EventID": 26, "Computer": "evtx-PC", "UtcTime": "2022-04-04 11:19:23.042", "Provider": "Microsoft-Windows-Sysmon", "RuleName": "-", "ProcessGuid": "{e97d4e69-0000-0000-47f9-030000000000}", "ProcessId": "4020", "User": "evtx-PC\\evtx", "Image": "C:\\Program Files\\Google\\Chrome\\Application\\chrome.exe", "TargetFilename": "C:\\Users\\evtx\\AppData\\Local\\Google\\Chrome\\User Data\\Local State~RF16397.TMP", "Hashes": "SHA1=688241A9A689E7BC6C3A162804706B41D42DDF6F,MD5=0C27CC4751160A56BB3AD8E69AB0B001,SHA256=49A0B0827E170C15126F25C16AED12D747CDD6680C349B6CC6B0E654CAA2EA2C,IMPHASH=00000000000000000000000000000000", "IsExecutable": "False", "_source_file": "data/baseline/win7-x86/Microsoft-Windows-Sysmon%4Operational.evtx"}, {"EventID": 12, "Computer": "evtx-PC", "UtcTime": "2022-04-04 11:19:23.405", "Provider": "Microsoft-Windows-Sysmon", "RuleName": "-", "EventType": "CreateKey", "ProcessGuid": "{e97d4e69-0000-0000-1262-000000000000}", "ProcessId": "668", "Image": "C:\\Windows\\system32\\svchost.exe", "TargetObject": "HKLM\\System\\CurrentControlSet\\Control\\DeviceClasses", "_source_file": "data/baseline/win7-x86/Microsoft-Windows-Sysmon%4Operational.evtx"}, {"EventID": 11, "Computer": "evtx-PC", "UtcTime": "2022-04-04 11:19:23.429", "Provider": "Microsoft-Windows-Sysmon", "RuleName": "-", "ProcessGuid": "{e97d4e69-0000-0000-9170-030000000000}", "ProcessId": "3668", "Image": "C:\\Windows\\Sysmon.exe", "TargetFilename": "C:\\Windows\\Temp\\Cab6531.tmp", "CreationUtcTime": "2022-04-04 11:19:23.429", "_source_file": "data/baseline/win7-x86/Microsoft-Windows-Sysmon%4Operational.evtx"}, {"EventID": 11, "Computer": "evtx-PC", "UtcTime": "2022-04-04 11:19:23.429", "Provider": "Microsoft-Windows-Sysmon", "RuleName": "-", "ProcessGuid": "{e97d4e69-0000-0000-9170-030000000000}", "ProcessId": "3668", "Image": "C:\\Windows\\Sysmon.exe", "TargetFilename": "C:\\Windows\\Temp\\Tar6532.tmp", "CreationUtcTime": "2022-04-04 11:19:23.429", "_source_file": "data/baseline/win7-x86/Microsoft-Windows-Sysmon%4Operational.evtx"}, {"EventID": 11, "Computer": "evtx-PC", "UtcTime": "2022-04-04 11:19:23.429", "Provider": "Microsoft-Windows-Sysmon", "RuleName": "-", "ProcessGuid": "{e97d4e69-0000-0000-9170-030000000000}", "ProcessId": "3668", "Image": "C:\\Windows\\Sysmon.exe", "TargetFilename": "C:\\Windows\\Temp\\Cab6531.tmp", "CreationUtcTime": "2022-04-04 11:19:23.429", "_source_file": "data/baseline/win7-x86/Microsoft-Windows-Sysmon%4Operational.evtx"}, {"EventID": 11, "Computer": "evtx-PC", "UtcTime": "2022-04-04 11:19:23.430", "Provider": "Microsoft-Windows-Sysmon", "RuleName": "-", "ProcessGuid": "{e97d4e69-0000-0000-9170-030000000000}", "ProcessId": "3668", "Image": "C:\\Windows\\Sysmon.exe", "TargetFilename": "C:\\Windows\\Temp\\Tar6532.tmp", "CreationUtcTime": "2022-04-04 11:19:23.429", "_source_file": "data/baseline/win7-x86/Microsoft-Windows-Sysmon%4Operational.evtx"}, {"EventID": 7, "Computer": "evtx-PC", "UtcTime": "2022-04-04 11:18:34.017", "Provider": "Microsoft-Windows-Sysmon", "RuleName": "-", "ProcessGuid": "{e97d4e69-0000-0000-1bad-000000000000}", "ProcessId": "892", "Image": "C:\\Windows\\System32\\svchost.exe", "ImageLoaded": "C:\\Windows\\Sysmon.exe", "FileVersion": "13.23", "Description": "System activity monitor", "Product": "Sysinternals Sysmon", "Company": "Sysinternals - www.sysinternals.com", "OriginalFileName": "-", "Hashes": "SHA1=5203DE0C29E2916FE57F916E2A5F108C79AC5A95,MD5=A987E3026CE1B988DE0A4DC14477F0D7,SHA256=4AC74811AF20F980AA13051F02F020F6A785F31BC23801D4CD04FDC29A0BEE8F,IMPHASH=33359A3D800F7B6BCCEDAF64C57B2F78", "Signed": "false", "Signature": "-", "SignatureStatus": "Unavailable", "_source_file": "data/baseline/win7-x86/Microsoft-Windows-Sysmon%4Operational.evtx"}, {"EventID": 7, "Computer": "evtx-PC", "UtcTime": "2022-04-04 11:18:32.721", "Provider": "Microsoft-Windows-Sysmon", "RuleName": "-", "ProcessGuid": "{e97d4e69-0000-0000-0779-030000000000}", "ProcessId": "3828", "Image": "C:\\Windows\\System32\\conhost.exe", "ImageLoaded": "C:\\Windows\\Sysmon.exe", "FileVersion": "13.23", "Description": "System activity monitor", "Product": "Sysinternals Sysmon", "Company": "Sysinternals - www.sysinternals.com", "OriginalFileName": "-", "Hashes": "SHA1=5203DE0C29E2916FE57F916E2A5F108C79AC5A95,MD5=A987E3026CE1B988DE0A4DC14477F0D7,SHA256=4AC74811AF20F980AA13051F02F020F6A785F31BC23801D4CD04FDC29A0BEE8F,IMPHASH=33359A3D800F7B6BCCEDAF64C57B2F78", "Signed": "false", "Signature": "-", "SignatureStatus": "Unavailable", "_source_file": "data/baseline/win7-x86/Microsoft-Windows-Sysmon%4Operational.evtx"}, {"EventID": 7, "Computer": "evtx-PC", "UtcTime": "2022-04-04 11:18:33.017", "Provider": "Microsoft-Windows-Sysmon", "RuleName": "-", "ProcessGuid": "{e97d4e69-0000-0000-d5b6-000000000000}", "ProcessId": "988", "Image": "C:\\Windows\\System32\\svchost.exe", "ImageLoaded": "C:\\Windows\\System32\\aelupsvc.dll", "FileVersion": "6.1.7600.16385 (win7_rtm.090713-1255)", "Description": "Application Experience Service", "Product": "Microsoft\u00ae Windows\u00ae Operating System", "Company": "Microsoft Corporation", "OriginalFileName": "aelupsvc.dll", "Hashes": "SHA1=E6B108CA5648584DE8077395E962B92AE87CAD20,MD5=8B5EEFEEC1E6D1A72A06C526628AD161,SHA256=026CDF4C96F4D493E7BABF79A14C4B0B5ADCCEF0B081FFFA2E3B243B2414167F,IMPHASH=4C2C0982AD4B1487DF44902B25138B71", "Signed": "true", "Signature": "Microsoft Windows", "SignatureStatus": "Valid", "_source_file": "data/baseline/win7-x86/Microsoft-Windows-Sysmon%4Operational.evtx"}, {"EventID": 7, "Computer": "evtx-PC", "UtcTime": "2022-04-04 11:18:33.033", "Provider": "Microsoft-Windows-Sysmon", "RuleName": "-", "ProcessGuid": "{e97d4e69-0000-0000-1bad-000000000000}", "ProcessId": "892", "Image": "C:\\Windows\\System32\\svchost.exe", "ImageLoaded": "C:\\Windows\\System32\\ci.dll", "FileVersion": "6.1.7600.16385 (win7_rtm.090713-1255)", "Description": "Code Integrity Module", "Product": "Microsoft\u00ae Windows\u00ae Operating System", "Company": "Microsoft Corporation", "OriginalFileName": "ci.dll", "Hashes": "SHA1=0F4765E1E83313B3CFA1BFD970FA6B60D7B72226,MD5=284783C6158F9A6AD7F2796B2ABE7E8E,SHA256=035FD1EF3AF1E6ADD21331A5F92B9844730BC66DEAEB6F362147E31BF72D7015,IMPHASH=1F27D711F0BD20A7F0288C4673309A55", "Signed": "true", "Signature": "Microsoft Windows", "SignatureStatus": "Valid", "_source_file": "data/baseline/win7-x86/Microsoft-Windows-Sysmon%4Operational.evtx"}, {"EventID": 7, "Computer": "evtx-PC", "UtcTime": "2022-04-04 11:18:36.346", "Provider": "Microsoft-Windows-Sysmon", "RuleName": "-", "ProcessGuid": "{e97d4e69-0000-0000-beb3-000000000000}", "ProcessId": "940", "Image": "C:\\Windows\\System32\\svchost.exe", "ImageLoaded": "C:\\Windows\\System32\\secur32.dll", "FileVersion": "6.1.7600.16385 (win7_rtm.090713-1255)", "Description": "Security Support Provider Interface", "Product": "Microsoft\u00ae Windows\u00ae Operating System", "Company": "Microsoft Corporation", "OriginalFileName": "secur32.dll", "Hashes": "SHA1=94516EE059CE0859A398BCEB95587F6BD82BABF5,MD5=033CA30E335588E243C42D715BF48DDF,SHA256=6D40C9D48374D09494CFA04CCF1015CC097457BFA8B460DCD33513F2BC113597,IMPHASH=417AE782D228B55C01AEA8B57998D082", "Signed": "true", "Signature": "Microsoft Windows", "SignatureStatus": "Valid", "_source_file": "data/baseline/win7-x86/Microsoft-Windows-Sysmon%4Operational.evtx"}, {"EventID": 7, "Computer": "evtx-PC", "UtcTime": "2022-04-04 11:18:36.361", "Provider": "Microsoft-Windows-Sysmon", "RuleName": "-", "ProcessGuid": "{e97d4e69-0000-0000-beb3-000000000000}", "ProcessId": "940", "Image": "C:\\Windows\\System32\\svchost.exe", "ImageLoaded": "C:\\Windows\\System32\\credssp.dll", "FileVersion": "6.1.7600.16385 (win7_rtm.090713-1255)", "Description": "Credential Delegation Security Package", "Product": "Microsoft\u00ae Windows\u00ae Operating System", "Company": "Microsoft Corporation", "OriginalFileName": "credssp.dll", "Hashes": "SHA1=A12C95BE381215DC08DF72E582304BC71B61AAE4,MD5=BF591B5C2CC38314518467E883AE37C5,SHA256=AE87A8812B9836440094558D198B15C1EBD333E1F739295BE80F8D7BA23B05DF,IMPHASH=5BE2AACFB1CD4CBDEAB98B0067AC724E", "Signed": "true", "Signature": "Microsoft Windows", "SignatureStatus": "Valid", "_source_file": "data/baseline/win7-x86/Microsoft-Windows-Sysmon%4Operational.evtx"}, {"EventID": 7, "Computer": "evtx-PC", "UtcTime": "2022-04-04 11:18:49.033", "Provider": "Microsoft-Windows-Sysmon", "RuleName": "-", "ProcessGuid": "{e97d4e69-0000-0000-1bad-000000000000}", "ProcessId": "892", "Image": "C:\\Windows\\System32\\svchost.exe", "ImageLoaded": "C:\\Windows\\System32\\sysmain.dll", "FileVersion": "6.1.7600.16385 (win7_rtm.090713-1255)", "Description": "Superfetch Service Host", "Product": "Microsoft\u00ae Windows\u00ae Operating System", "Company": "Microsoft Corporation", "OriginalFileName": "sysmain.dll", "Hashes": "SHA1=A9A0D3A55C5FAAC6330A5CC972B7A369023CA1E2,MD5=04105C8DA62353589C29BDAEB8D88BD8,SHA256=CC7A3A779A143E09FE5C0AA6795A7B13496C4E121347949CB23F7946EE5E2DED,IMPHASH=5F93CC09FB82B6E4A810B908C730FA4D", "Signed": "true", "Signature": "Microsoft Windows", "SignatureStatus": "Valid", "_source_file": "data/baseline/win7-x86/Microsoft-Windows-Sysmon%4Operational.evtx"}, {"EventID": 7, "Computer": "evtx-PC", "UtcTime": "2022-04-04 11:18:55.877", "Provider": "Microsoft-Windows-Sysmon", "RuleName": "-", "ProcessGuid": "{e97d4e69-0000-0000-44d3-000000000000}", "ProcessId": "1244", "Image": "C:\\Windows\\System32\\svchost.exe", "ImageLoaded": "C:\\Windows\\System32\\p2pcollab.dll", "FileVersion": "6.1.7600.16385 (win7_rtm.090713-1255)", "Description": "Peer-to-Peer Collaboration", "Product": "Microsoft\u00ae Windows\u00ae Operating System", "Company": "Microsoft Corporation", "OriginalFileName": "p2pcollab.dll", "Hashes": "SHA1=B4C94E1D86B8D242AECA5AF1A96D449098956E0B,MD5=1B0EC94520CAB89A9CE1B2DA405166AF,SHA256=129102C98C8B3D403C85604C9A2AFC0471CDB1212FD2C5487D73FC089FC88F0C,IMPHASH=49EF4369210C7A037BF2D8701735AD95", "Signed": "true", "Signature": "Microsoft Windows", "SignatureStatus": "Valid", "_source_file": "data/baseline/win7-x86/Microsoft-Windows-Sysmon%4Operational.evtx"}, {"EventID": 7, "Computer": "evtx-PC", "UtcTime": "2022-04-04 11:18:55.877", "Provider": "Microsoft-Windows-Sysmon", "RuleName": "-", "ProcessGuid": "{e97d4e69-0000-0000-44d3-000000000000}", "ProcessId": "1244", "Image": "C:\\Windows\\System32\\svchost.exe", "ImageLoaded": "C:\\Windows\\System32\\p2pcollab.dll", "FileVersion": "6.1.7600.16385 (win7_rtm.090713-1255)", "Description": "Peer-to-Peer Collaboration", "Product": "Microsoft\u00ae Windows\u00ae Operating System", "Company": "Microsoft Corporation", "OriginalFileName": "p2pcollab.dll", "Hashes": "SHA1=B4C94E1D86B8D242AECA5AF1A96D449098956E0B,MD5=1B0EC94520CAB89A9CE1B2DA405166AF,SHA256=129102C98C8B3D403C85604C9A2AFC0471CDB1212FD2C5487D73FC089FC88F0C,IMPHASH=49EF4369210C7A037BF2D8701735AD95", "Signed": "true", "Signature": "Microsoft Windows", "SignatureStatus": "Valid", "_source_file": "data/baseline/win7-x86/Microsoft-Windows-Sysmon%4Operational.evtx"}, {"EventID": 7, "Computer": "evtx-PC", "UtcTime": "2022-04-04 11:18:55.877", "Provider": "Microsoft-Windows-Sysmon", "RuleName": "-", "ProcessGuid": "{e97d4e69-0000-0000-44d3-000000000000}", "ProcessId": "1244", "Image": "C:\\Windows\\System32\\svchost.exe", "ImageLoaded": "C:\\Windows\\System32\\QAGENTRT.DLL", "FileVersion": "6.1.7600.16385 (win7_rtm.090713-1255)", "Description": "Quarantine Agent Service Run-Time", "Product": "Microsoft\u00ae Windows\u00ae Operating System", "Company": "Microsoft Corporation", "OriginalFileName": "QAgentRT.DLL", "Hashes": "SHA1=B8260DD72E2F4911B57871612DA08C4458F4E2FC,MD5=80284F1985C70C86F0B5F86DA2DFE1DF,SHA256=424A5BBC28C72DA0DBABEB9E423B8C409754CD1BA3DFC9E174BF22D8BCE1BE63,IMPHASH=0979C28CC8B11C09D0BA4665515B7CA1", "Signed": "true", "Signature": "Microsoft Windows", "SignatureStatus": "Valid", "_source_file": "data/baseline/win7-x86/Microsoft-Windows-Sysmon%4Operational.evtx"}, {"EventID": 7, "Computer": "evtx-PC", "UtcTime": "2022-04-04 11:18:55.877", "Provider": "Microsoft-Windows-Sysmon", "RuleName": "-", "ProcessGuid": "{e97d4e69-0000-0000-44d3-000000000000}", "ProcessId": "1244", "Image": "C:\\Windows\\System32\\svchost.exe", "ImageLoaded": "C:\\Windows\\System32\\QAGENTRT.DLL", "FileVersion": "6.1.7600.16385 (win7_rtm.090713-1255)", "Description": "Quarantine Agent Service Run-Time", "Product": "Microsoft\u00ae Windows\u00ae Operating System", "Company": "Microsoft Corporation", "OriginalFileName": "QAgentRT.DLL", "Hashes": "SHA1=B8260DD72E2F4911B57871612DA08C4458F4E2FC,MD5=80284F1985C70C86F0B5F86DA2DFE1DF,SHA256=424A5BBC28C72DA0DBABEB9E423B8C409754CD1BA3DFC9E174BF22D8BCE1BE63,IMPHASH=0979C28CC8B11C09D0BA4665515B7CA1", "Signed": "true", "Signature": "Microsoft Windows", "SignatureStatus": "Valid", "_source_file": "data/baseline/win7-x86/Microsoft-Windows-Sysmon%4Operational.evtx"}, {"EventID": 7, "Computer": "evtx-PC", "UtcTime": "2022-04-04 11:18:55.877", "Provider": "Microsoft-Windows-Sysmon", "RuleName": "-", "ProcessGuid": "{e97d4e69-0000-0000-44d3-000000000000}", "ProcessId": "1244", "Image": "C:\\Windows\\System32\\svchost.exe", "ImageLoaded": "C:\\Windows\\System32\\fveui.dll", "FileVersion": "6.1.7600.16385 (win7_rtm.090713-1255)", "Description": "BitLocker Drive Encryption UI", "Product": "Microsoft\u00ae Windows\u00ae Operating System", "Company": "Microsoft Corporation", "OriginalFileName": "FVEUI.DLL", "Hashes": "SHA1=95B72F46E0794BA98579EB00B9BAEA8EF9BE6339,MD5=9FD6496B6D91C8BE2A10BD55EAE2D5F2,SHA256=FC71F6CC24FE61BF83DD3E237C00DD0002D84DC303DB9570B241BF8212B8639D,IMPHASH=8B7978431FCC955A4C0730BA1ACE3F56", "Signed": "true", "Signature": "Microsoft Windows", "SignatureStatus": "Valid", "_source_file": "data/baseline/win7-x86/Microsoft-Windows-Sysmon%4Operational.evtx"}, {"EventID": 7, "Computer": "evtx-PC", "UtcTime": "2022-04-04 11:18:55.877", "Provider": "Microsoft-Windows-Sysmon", "RuleName": "-", "ProcessGuid": "{e97d4e69-0000-0000-44d3-000000000000}", "ProcessId": "1244", "Image": "C:\\Windows\\System32\\svchost.exe", "ImageLoaded": "C:\\Windows\\System32\\fveui.dll", "FileVersion": "6.1.7600.16385 (win7_rtm.090713-1255)", "Description": "BitLocker Drive Encryption UI", "Product": "Microsoft\u00ae Windows\u00ae Operating System", "Company": "Microsoft Corporation", "OriginalFileName": "FVEUI.DLL", "Hashes": "SHA1=95B72F46E0794BA98579EB00B9BAEA8EF9BE6339,MD5=9FD6496B6D91C8BE2A10BD55EAE2D5F2,SHA256=FC71F6CC24FE61BF83DD3E237C00DD0002D84DC303DB9570B241BF8212B8639D,IMPHASH=8B7978431FCC955A4C0730BA1ACE3F56", "Signed": "true", "Signature": "Microsoft Windows", "SignatureStatus": "Valid", "_source_file": "data/baseline/win7-x86/Microsoft-Windows-Sysmon%4Operational.evtx"}, {"EventID": 7, "Computer": "evtx-PC", "UtcTime": "2022-04-04 11:18:55.877", "Provider": "Microsoft-Windows-Sysmon", "RuleName": "-", "ProcessGuid": "{e97d4e69-0000-0000-44d3-000000000000}", "ProcessId": "1244", "Image": "C:\\Windows\\System32\\svchost.exe", "ImageLoaded": "C:\\Windows\\System32\\fveui.dll", "FileVersion": "6.1.7600.16385 (win7_rtm.090713-1255)", "Description": "BitLocker Drive Encryption UI", "Product": "Microsoft\u00ae Windows\u00ae Operating System", "Company": "Microsoft Corporation", "OriginalFileName": "FVEUI.DLL", "Hashes": "SHA1=95B72F46E0794BA98579EB00B9BAEA8EF9BE6339,MD5=9FD6496B6D91C8BE2A10BD55EAE2D5F2,SHA256=FC71F6CC24FE61BF83DD3E237C00DD0002D84DC303DB9570B241BF8212B8639D,IMPHASH=8B7978431FCC955A4C0730BA1ACE3F56", "Signed": "true", "Signature": "Microsoft Windows", "SignatureStatus": "Valid", "_source_file": "data/baseline/win7-x86/Microsoft-Windows-Sysmon%4Operational.evtx"}, {"EventID": 7, "Computer": "evtx-PC", "UtcTime": "2022-04-04 11:18:55.877", "Provider": "Microsoft-Windows-Sysmon", "RuleName": "-", "ProcessGuid": "{e97d4e69-0000-0000-44d3-000000000000}", "ProcessId": "1244", "Image": "C:\\Windows\\System32\\svchost.exe", "ImageLoaded": "C:\\Windows\\System32\\fveui.dll", "FileVersion": "6.1.7600.16385 (win7_rtm.090713-1255)", "Description": "BitLocker Drive Encryption UI", "Product": "Microsoft\u00ae Windows\u00ae Operating System", "Company": "Microsoft Corporation", "OriginalFileName": "FVEUI.DLL", "Hashes": "SHA1=95B72F46E0794BA98579EB00B9BAEA8EF9BE6339,MD5=9FD6496B6D91C8BE2A10BD55EAE2D5F2,SHA256=FC71F6CC24FE61BF83DD3E237C00DD0002D84DC303DB9570B241BF8212B8639D,IMPHASH=8B7978431FCC955A4C0730BA1ACE3F56", "Signed": "true", "Signature": "Microsoft Windows", "SignatureStatus": "Valid", "_source_file": "data/baseline/win7-x86/Microsoft-Windows-Sysmon%4Operational.evtx"}, {"EventID": 7, "Computer": "evtx-PC", "UtcTime": "2022-04-04 11:18:55.892", "Provider": "Microsoft-Windows-Sysmon", "RuleName": "-", "ProcessGuid": "{e97d4e69-0000-0000-44d3-000000000000}", "ProcessId": "1244", "Image": "C:\\Windows\\System32\\svchost.exe", "ImageLoaded": "C:\\Windows\\System32\\ncrypt.dll", "FileVersion": "6.1.7600.16385 (win7_rtm.090713-1255)", "Description": "Windows cryptographic library", "Product": "Microsoft\u00ae Windows\u00ae Operating System", "Company": "Microsoft Corporation", "OriginalFileName": "ncrypt.dll", "Hashes": "SHA1=89BDE5DB029AD9C6210B0DA44FEAEB51B86F64C3,MD5=C20FF1A17726C357461A7AC5B3BFC3AD,SHA256=970558642CC14837B77B48257E3171ACC84466888875927314ACD6D79176F967,IMPHASH=66853730354E1D38A9759E637C922255", "Signed": "true", "Signature": "Microsoft Windows", "SignatureStatus": "Valid", "_source_file": "data/baseline/win7-x86/Microsoft-Windows-Sysmon%4Operational.evtx"}, {"EventID": 7, "Computer": "evtx-PC", "UtcTime": "2022-04-04 11:18:55.892", "Provider": "Microsoft-Windows-Sysmon", "RuleName": "-", "ProcessGuid": "{e97d4e69-0000-0000-44d3-000000000000}", "ProcessId": "1244", "Image": "C:\\Windows\\System32\\svchost.exe", "ImageLoaded": "C:\\Windows\\System32\\cryptnet.dll", "FileVersion": "6.1.7600.16385 (win7_rtm.090713-1255)", "Description": "Crypto Network Related API", "Product": "Microsoft\u00ae Windows\u00ae Operating System", "Company": "Microsoft Corporation", "OriginalFileName": "CRYPTNET.DLL", "Hashes": "SHA1=45177C21E8983EA2D3A50D410D964C88EA87C16C,MD5=04D16553664796613FE98D441A0C35D7,SHA256=EC9D4B3B8F8B0C3EE01D18CDF5BE9EF216AC9BBB1FB64A63D5013BD9AFB2A606,IMPHASH=30CA53E49CE296ABF8CC642280B2B351", "Signed": "true", "Signature": "Microsoft Windows", "SignatureStatus": "Valid", "_source_file": "data/baseline/win7-x86/Microsoft-Windows-Sysmon%4Operational.evtx"}, {"EventID": 7, "Computer": "evtx-PC", "UtcTime": "2022-04-04 11:18:55.892", "Provider": "Microsoft-Windows-Sysmon", "RuleName": "-", "ProcessGuid": "{e97d4e69-0000-0000-44d3-000000000000}", "ProcessId": "1244", "Image": "C:\\Windows\\System32\\svchost.exe", "ImageLoaded": "C:\\Windows\\System32\\Wldap32.dll", "FileVersion": "6.1.7600.16385 (win7_rtm.090713-1255)", "Description": "Win32 LDAP API DLL", "Product": "Microsoft\u00ae Windows\u00ae Operating System", "Company": "Microsoft Corporation", "OriginalFileName": "WLDAP32.DLL", "Hashes": "SHA1=27CB754B62340F4585A2FDD66338033CD91D9E28,MD5=BFA70A99AD1434263F2DFBBA103BDEF8,SHA256=5A0E73D48824C23E2C221EAC369A906FEDECE0E047E8C7E5F012242E74AFAF9E,IMPHASH=D900A750A241DE43244596633C1F0AE1", "Signed": "true", "Signature": "Microsoft Windows", "SignatureStatus": "Valid", "_source_file": "data/baseline/win7-x86/Microsoft-Windows-Sysmon%4Operational.evtx"}, {"EventID": 7, "Computer": "evtx-PC", "UtcTime": "2022-04-04 11:18:55.908", "Provider": "Microsoft-Windows-Sysmon", "RuleName": "-", "ProcessGuid": "{e97d4e69-0000-0000-44d3-000000000000}", "ProcessId": "1244", "Image": "C:\\Windows\\System32\\svchost.exe", "ImageLoaded": "C:\\Windows\\System32\\SensApi.dll", "FileVersion": "6.1.7600.16385 (win7_rtm.090713-1255)", "Description": "SENS Connectivity API DLL", "Product": "Microsoft\u00ae Windows\u00ae Operating System", "Company": "Microsoft Corporation", "OriginalFileName": "SensApi.dll", "Hashes": "SHA1=1335FFC09F6A05E5791CCD1D4F25166FAF9119CA,MD5=6F8E3B7B70E1BBA871212940C1FBDF60,SHA256=3F9D4EE64E4210340C6FEE0DE81BFE3C613DDBE608EC09D63817D24CE24BFC5E,IMPHASH=AE38F8CD7BC55F572D31FE23C2B5347F", "Signed": "true", "Signature": "Microsoft Windows", "SignatureStatus": "Valid", "_source_file": "data/baseline/win7-x86/Microsoft-Windows-Sysmon%4Operational.evtx"}, {"EventID": 7, "Computer": "evtx-PC", "UtcTime": "2022-04-04 11:19:02.142", "Provider": "Microsoft-Windows-Sysmon", "RuleName": "-", "ProcessGuid": "{e97d4e69-0000-0000-f682-010000000000}", "ProcessId": "1272", "Image": "C:\\Windows\\explorer.exe", "ImageLoaded": "C:\\Windows\\explorer.exe", "FileVersion": "6.1.7600.16385 (win7_rtm.090713-1255)", "Description": "Windows Explorer", "Product": "Microsoft\u00ae Windows\u00ae Operating System", "Company": "Microsoft Corporation", "OriginalFileName": "EXPLORER.EXE", "Hashes": "SHA1=EA97227D34B8526055A543ADE7D18587A927F6A3,MD5=15BC38A7492BEFE831966ADB477CF76F,SHA256=80EF843FA78C33B511394A9C7535A9CBACE1DEB2270E86EE4AD2FAFFA5B1E7D2,IMPHASH=13F0ADFF6D1C55636D0D1E6A2FCDE893", "Signed": "true", "Signature": "Microsoft Windows", "SignatureStatus": "Valid", "_source_file": "data/baseline/win7-x86/Microsoft-Windows-Sysmon%4Operational.evtx"}, {"EventID": 7, "Computer": "evtx-PC", "UtcTime": "2022-04-04 11:19:02.174", "Provider": "Microsoft-Windows-Sysmon", "RuleName": "-", "ProcessGuid": "{e97d4e69-0000-0000-f682-010000000000}", "ProcessId": "1272", "Image": "C:\\Windows\\explorer.exe", "ImageLoaded": "C:\\Windows\\System32\\devrtl.dll", "FileVersion": "6.1.7600.16385 (win7_rtm.090713-1255)", "Description": "Device Management Run Time Library", "Product": "Microsoft\u00ae Windows\u00ae Operating System", "Company": "Microsoft Corporation", "OriginalFileName": "DEVRTL.DLL", "Hashes": "SHA1=F235F045CC4A53DAF90A48EDE2F384FFF1289ADE,MD5=FD07F21E0A19C27ED4E1EEC2B07452B3,SHA256=DF54C00B021AF64BB04EDEBCA6F41CCF48F1959DD53ADE545FAFC565F1243392,IMPHASH=0D636A41C626879514A853A5E7E043F8", "Signed": "true", "Signature": "Microsoft Windows", "SignatureStatus": "Valid", "_source_file": "data/baseline/win7-x86/Microsoft-Windows-Sysmon%4Operational.evtx"}, {"EventID": 12, "Computer": "evtx-PC", "UtcTime": "2022-04-04 11:19:23.572", "Provider": "Microsoft-Windows-Sysmon", "RuleName": "-", "EventType": "CreateKey", "ProcessGuid": "{e97d4e69-0000-0000-e1c9-000000000000}", "ProcessId": "1136", "Image": "C:\\Windows\\system32\\svchost.exe", "TargetObject": "HKLM\\System\\CurrentControlSet\\services\\Tcpip\\Parameters", "_source_file": "data/baseline/win7-x86/Microsoft-Windows-Sysmon%4Operational.evtx"}, {"EventID": 12, "Computer": "evtx-PC", "UtcTime": "2022-04-04 11:19:23.906", "Provider": "Microsoft-Windows-Sysmon", "RuleName": "-", "EventType": "CreateKey", "ProcessGuid": "{e97d4e69-0000-0000-1262-000000000000}", "ProcessId": "668", "Image": "C:\\Windows\\system32\\svchost.exe", "TargetObject": "HKLM\\System\\CurrentControlSet\\Control\\DeviceClasses", "_source_file": "data/baseline/win7-x86/Microsoft-Windows-Sysmon%4Operational.evtx"}, {"EventID": 12, "Computer": "evtx-PC", "UtcTime": "2022-04-04 11:19:24.406", "Provider": "Microsoft-Windows-Sysmon", "RuleName": "-", "EventType": "CreateKey", "ProcessGuid": "{e97d4e69-0000-0000-1262-000000000000}", "ProcessId": "668", "Image": "C:\\Windows\\system32\\svchost.exe", "TargetObject": "HKLM\\System\\CurrentControlSet\\Control\\DeviceClasses", "_source_file": "data/baseline/win7-x86/Microsoft-Windows-Sysmon%4Operational.evtx"}, {"EventID": 12, "Computer": "evtx-PC", "UtcTime": "2022-04-04 11:19:24.906", "Provider": "Microsoft-Windows-Sysmon", "RuleName": "-", "EventType": "CreateKey", "ProcessGuid": "{e97d4e69-0000-0000-1262-000000000000}", "ProcessId": "668", "Image": "C:\\Windows\\system32\\svchost.exe", "TargetObject": "HKLM\\System\\CurrentControlSet\\Control\\DeviceClasses", "_source_file": "data/baseline/win7-x86/Microsoft-Windows-Sysmon%4Operational.evtx"}, {"EventID": 12, "Computer": "evtx-PC", "UtcTime": "2022-04-04 11:19:25.257", "Provider": "Microsoft-Windows-Sysmon", "RuleName": "-", "EventType": "CreateKey", "ProcessGuid": "{e97d4e69-0000-0000-ea03-000000000000}", "ProcessId": "4", "Image": "System", "TargetObject": "HKLM\\System\\CurrentControlSet\\Control\\Class\\{4D36E972-E325-11CE-BFC1-08002BE10318}\\0007", "_source_file": "data/baseline/win7-x86/Microsoft-Windows-Sysmon%4Operational.evtx"}, {"EventID": 12, "Computer": "evtx-PC", "UtcTime": "2022-04-04 11:19:25.406", "Provider": "Microsoft-Windows-Sysmon", "RuleName": "-", "EventType": "CreateKey", "ProcessGuid": "{e97d4e69-0000-0000-1262-000000000000}", "ProcessId": "668", "Image": "C:\\Windows\\system32\\svchost.exe", "TargetObject": "HKLM\\System\\CurrentControlSet\\Control\\DeviceClasses", "_source_file": "data/baseline/win7-x86/Microsoft-Windows-Sysmon%4Operational.evtx"}, {"EventID": 12, "Computer": "evtx-PC", "UtcTime": "2022-04-04 11:19:25.444", "Provider": "Microsoft-Windows-Sysmon", "RuleName": "-", "EventType": "CreateKey", "ProcessGuid": "{e97d4e69-0000-0000-ea03-000000000000}", "ProcessId": "4", "Image": "System", "TargetObject": "HKLM\\System\\CurrentControlSet\\Control\\Class\\{4D36E972-E325-11CE-BFC1-08002BE10318}\\0006", "_source_file": "data/baseline/win7-x86/Microsoft-Windows-Sysmon%4Operational.evtx"}, {"EventID": 12, "Computer": "evtx-PC", "UtcTime": "2022-04-04 11:19:25.828", "Provider": "Microsoft-Windows-Sysmon", "RuleName": "-", "EventType": "CreateKey", "ProcessGuid": "{e97d4e69-0000-0000-e1c9-000000000000}", "ProcessId": "1136", "Image": "C:\\Windows\\system32\\svchost.exe", "TargetObject": "HKLM\\System\\CurrentControlSet\\services\\Tcpip\\Parameters", "_source_file": "data/baseline/win7-x86/Microsoft-Windows-Sysmon%4Operational.evtx"}, {"EventID": 12, "Computer": "evtx-PC", "UtcTime": "2022-04-04 11:19:25.904", "Provider": "Microsoft-Windows-Sysmon", "RuleName": "-", "EventType": "CreateKey", "ProcessGuid": "{e97d4e69-0000-0000-1262-000000000000}", "ProcessId": "668", "Image": "C:\\Windows\\system32\\svchost.exe", "TargetObject": "HKLM\\System\\CurrentControlSet\\Control\\DeviceClasses", "_source_file": "data/baseline/win7-x86/Microsoft-Windows-Sysmon%4Operational.evtx"}, {"EventID": 11, "Computer": "evtx-PC", "UtcTime": "2022-04-04 11:19:26.079", "Provider": "Microsoft-Windows-Sysmon", "RuleName": "-", "ProcessGuid": "{e97d4e69-0000-0000-8505-040000000000}", "ProcessId": "1036", "Image": "C:\\Program Files\\Google\\Chrome\\Application\\chrome.exe", "TargetFilename": "C:\\Users\\evtx\\AppData\\Local\\Google\\Chrome\\User Data\\Default\\Network\\006db458-26ac-4615-87aa-03fa4cff6e8c.tmp", "CreationUtcTime": "2022-04-04 11:19:26.078", "_source_file": "data/baseline/win7-x86/Microsoft-Windows-Sysmon%4Operational.evtx"}, {"EventID": 2, "Computer": "evtx-PC", "UtcTime": "2022-04-04 11:19:26.088", "Provider": "Microsoft-Windows-Sysmon", "RuleName": "-", "ProcessGuid": "{e97d4e69-0000-0000-8505-040000000000}", "ProcessId": "1036", "Image": "C:\\Program Files\\Google\\Chrome\\Application\\chrome.exe", "TargetFilename": "C:\\Users\\evtx\\AppData\\Local\\Google\\Chrome\\User Data\\Default\\Network\\006db458-26ac-4615-87aa-03fa4cff6e8c.tmp", "CreationUtcTime": "2022-04-04 10:17:00.250", "PreviousCreationUtcTime": "2022-04-04 11:19:26.078", "_source_file": "data/baseline/win7-x86/Microsoft-Windows-Sysmon%4Operational.evtx"}, {"EventID": 11, "Computer": "evtx-PC", "UtcTime": "2022-04-04 11:19:26.089", "Provider": "Microsoft-Windows-Sysmon", "RuleName": "-", "ProcessGuid": "{e97d4e69-0000-0000-8505-040000000000}", "ProcessId": "1036", "Image": "C:\\Program Files\\Google\\Chrome\\Application\\chrome.exe", "TargetFilename": "C:\\Users\\evtx\\AppData\\Local\\Google\\Chrome\\User Data\\Default\\Network\\TransportSecurity~RF16f7e.TMP", "CreationUtcTime": "2022-04-04 11:19:26.089", "_source_file": "data/baseline/win7-x86/Microsoft-Windows-Sysmon%4Operational.evtx"}, {"EventID": 11, "Computer": "evtx-PC", "UtcTime": "2022-04-04 11:19:26.089", "Provider": "Microsoft-Windows-Sysmon", "RuleName": "-", "ProcessGuid": "{e97d4e69-0000-0000-47f9-030000000000}", "ProcessId": "4020", "Image": "C:\\Program Files\\Google\\Chrome\\Application\\chrome.exe", "TargetFilename": "C:\\Users\\evtx\\AppData\\Local\\Google\\Chrome\\User Data\\Default\\fc91d873-a8ae-44e2-bbac-0fd3aa3950cd.tmp", "CreationUtcTime": "2022-04-04 11:19:26.089", "_source_file": "data/baseline/win7-x86/Microsoft-Windows-Sysmon%4Operational.evtx"}, {"EventID": 26, "Computer": "evtx-PC", "UtcTime": "2022-04-04 11:19:26.090", "Provider": "Microsoft-Windows-Sysmon", "RuleName": "-", "ProcessGuid": "{e97d4e69-0000-0000-8505-040000000000}", "ProcessId": "1036", "User": "evtx-PC\\evtx", "Image": "C:\\Program Files\\Google\\Chrome\\Application\\chrome.exe", "TargetFilename": "C:\\Users\\evtx\\AppData\\Local\\Google\\Chrome\\User Data\\Default\\Network\\TransportSecurity~RF16f7e.TMP", "Hashes": "SHA1=C9E002654503B07F800D0A690D5C39A92EA0E1E6,MD5=CF64FE42AA243BDC39BC0288878BCE87,SHA256=E45E4ED28D5F71616CCC44498E3F1C85AE0F70555F4CA269552CC5CB5D9A8EDF,IMPHASH=00000000000000000000000000000000", "IsExecutable": "False", "_source_file": "data/baseline/win7-x86/Microsoft-Windows-Sysmon%4Operational.evtx"}, {"EventID": 2, "Computer": "evtx-PC", "UtcTime": "2022-04-04 11:19:26.097", "Provider": "Microsoft-Windows-Sysmon", "RuleName": "-", "ProcessGuid": "{e97d4e69-0000-0000-47f9-030000000000}", "ProcessId": "4020", "Image": "C:\\Program Files\\Google\\Chrome\\Application\\chrome.exe", "TargetFilename": "C:\\Users\\evtx\\AppData\\Local\\Google\\Chrome\\User Data\\Default\\fc91d873-a8ae-44e2-bbac-0fd3aa3950cd.tmp", "CreationUtcTime": "2022-04-04 10:16:49.567", "PreviousCreationUtcTime": "2022-04-04 11:19:26.089", "_source_file": "data/baseline/win7-x86/Microsoft-Windows-Sysmon%4Operational.evtx"}, {"EventID": 11, "Computer": "evtx-PC", "UtcTime": "2022-04-04 11:19:26.097", "Provider": "Microsoft-Windows-Sysmon", "RuleName": "-", "ProcessGuid": "{e97d4e69-0000-0000-47f9-030000000000}", "ProcessId": "4020", "Image": "C:\\Program Files\\Google\\Chrome\\Application\\chrome.exe", "TargetFilename": "C:\\Users\\evtx\\AppData\\Local\\Google\\Chrome\\User Data\\Default\\Preferences~RF16f7e.TMP", "CreationUtcTime": "2022-04-04 11:19:26.097", "_source_file": "data/baseline/win7-x86/Microsoft-Windows-Sysmon%4Operational.evtx"}, {"EventID": 26, "Computer": "evtx-PC", "UtcTime": "2022-04-04 11:19:26.098", "Provider": "Microsoft-Windows-Sysmon", "RuleName": "-", "ProcessGuid": "{e97d4e69-0000-0000-47f9-030000000000}", "ProcessId": "4020", "User": "evtx-PC\\evtx", "Image": "C:\\Program Files\\Google\\Chrome\\Application\\chrome.exe", "TargetFilename": "C:\\Users\\evtx\\AppData\\Local\\Google\\Chrome\\User Data\\Default\\Preferences~RF16f7e.TMP", "Hashes": "SHA1=11B77322EFF8E9AEA2D2ED6868523DB4ADE96654,MD5=9368B1AD5AFC002DC91F05D61E62CDC8,SHA256=A009C4FC44C3B62EEDD6B60ED2FFC765E2C0CFB876246861A9550660AC1D2471,IMPHASH=00000000000000000000000000000000", "IsExecutable": "False", "_source_file": "data/baseline/win7-x86/Microsoft-Windows-Sysmon%4Operational.evtx"}, {"EventID": 12, "Computer": "evtx-PC", "UtcTime": "2022-04-04 11:19:26.407", "Provider": "Microsoft-Windows-Sysmon", "RuleName": "-", "EventType": "CreateKey", "ProcessGuid": "{e97d4e69-0000-0000-1262-000000000000}", "ProcessId": "668", "Image": "C:\\Windows\\system32\\svchost.exe", "TargetObject": "HKLM\\System\\CurrentControlSet\\Control\\DeviceClasses", "_source_file": "data/baseline/win7-x86/Microsoft-Windows-Sysmon%4Operational.evtx"}, {"EventID": 12, "Computer": "evtx-PC", "UtcTime": "2022-04-04 11:19:26.907", "Provider": "Microsoft-Windows-Sysmon", "RuleName": "-", "EventType": "CreateKey", "ProcessGuid": "{e97d4e69-0000-0000-1262-000000000000}", "ProcessId": "668", "Image": "C:\\Windows\\system32\\svchost.exe", "TargetObject": "HKLM\\System\\CurrentControlSet\\Control\\DeviceClasses", "_source_file": "data/baseline/win7-x86/Microsoft-Windows-Sysmon%4Operational.evtx"}, {"EventID": 12, "Computer": "evtx-PC", "UtcTime": "2022-04-04 11:19:27.407", "Provider": "Microsoft-Windows-Sysmon", "RuleName": "-", "EventType": "CreateKey", "ProcessGuid": "{e97d4e69-0000-0000-1262-000000000000}", "ProcessId": "668", "Image": "C:\\Windows\\system32\\svchost.exe", "TargetObject": "HKLM\\System\\CurrentControlSet\\Control\\DeviceClasses", "_source_file": "data/baseline/win7-x86/Microsoft-Windows-Sysmon%4Operational.evtx"}, {"EventID": 12, "Computer": "evtx-PC", "UtcTime": "2022-04-04 11:19:27.906", "Provider": "Microsoft-Windows-Sysmon", "RuleName": "-", "EventType": "CreateKey", "ProcessGuid": "{e97d4e69-0000-0000-1262-000000000000}", "ProcessId": "668", "Image": "C:\\Windows\\system32\\svchost.exe", "TargetObject": "HKLM\\System\\CurrentControlSet\\Control\\DeviceClasses", "_source_file": "data/baseline/win7-x86/Microsoft-Windows-Sysmon%4Operational.evtx"}, {"EventID": 1, "Computer": "evtx-PC", "UtcTime": "2022-04-04 11:19:28.131", "Provider": "Microsoft-Windows-Sysmon", "RuleName": "-", "ProcessGuid": "{e97d4e69-0000-0000-2649-050000000000}", "ProcessId": "4224", "Image": "C:\\Windows\\System32\\dllhost.exe", "FileVersion": "6.1.7600.16385 (win7_rtm.090713-1255)", "Description": "COM Surrogate", "Product": "Microsoft\u00ae Windows\u00ae Operating System", "Company": "Microsoft Corporation", "OriginalFileName": "dllhost.exe", "CommandLine": "C:\\Windows\\system32\\DllHost.exe /Processid:{30D49246-D217-465F-B00B-AC9DDD652EB7}", "CurrentDirectory": "C:\\Windows\\system32\\", "User": "NT AUTHORITY\\SYSTEM", "LogonGuid": "{e97d4e69-0000-0000-e703-000000000000}", "LogonId": "0x00000000000003e7", "TerminalSessionId": "0", "IntegrityLevel": "System", "Hashes": "SHA1=ACE762C51DB1908C858C898D7E0F9B36F788D2D9,MD5=A63DC5C2EA944E6657203E0C8EDEAF61,SHA256=F7AD4B09AFB301CE46DF695B22114331A57D52E6D4163FF74787BF68CCF44C78,IMPHASH=EB9A02895A60E58547EFF153D6FF8829", "ParentProcessGuid": "{e97d4e69-0000-0000-1262-000000000000}", "ParentProcessId": "668", "ParentImage": "C:\\Windows\\System32\\svchost.exe", "ParentCommandLine": "C:\\Windows\\system32\\svchost.exe -k DcomLaunch", "_source_file": "data/baseline/win7-x86/Microsoft-Windows-Sysmon%4Operational.evtx"}, {"EventID": 10, "Computer": "evtx-PC", "UtcTime": "2022-04-04 11:19:28.131", "Provider": "Microsoft-Windows-Sysmon", "RuleName": "-", "SourceProcessGUID": "{e97d4e69-0000-0000-1262-000000000000}", "SourceProcessId": "668", "SourceThreadId": "680", "SourceImage": "C:\\Windows\\system32\\svchost.exe", "TargetProcessGUID": "{e97d4e69-0000-0000-2649-050000000000}", "TargetProcessId": "4224", "TargetImage": "C:\\Windows\\system32\\DllHost.exe", "GrantedAccess": "0x001fffff", "CallTrace": "C:\\Windows\\SYSTEM32\\ntdll.dll+44bcc|C:\\Windows\\system32\\kernel32.dll+54a0b|C:\\Windows\\system32\\kernel32.dll+379e1|c:\\windows\\system32\\rpcss.dll+188f6|c:\\windows\\system32\\rpcss.dll+185d6|C:\\Windows\\system32\\RPCRT4.dll+2fc8f|C:\\Windows\\system32\\RPCRT4.dll+94c53|C:\\Windows\\system32\\RPCRT4.dll+9430e|C:\\Windows\\system32\\RPCRT4.dll+2f34a|C:\\Windows\\system32\\RPCRT4.dll+2f4da|C:\\Windows\\system32\\RPCRT4.dll+2f3c6|C:\\Windows\\system32\\RPCRT4.dll+23974|C:\\Windows\\system32\\RPCRT4.dll+2f7a4|C:\\Windows\\system32\\RPCRT4.dll+2f763|C:\\Windows\\system32\\RPCRT4.dll+2f5ff|C:\\Windows\\system32\\RPCRT4.dll+2f573", "_source_file": "data/baseline/win7-x86/Microsoft-Windows-Sysmon%4Operational.evtx"}, {"EventID": 7, "Computer": "evtx-PC", "UtcTime": "2022-04-04 11:19:28.131", "Provider": "Microsoft-Windows-Sysmon", "RuleName": "-", "ProcessGuid": "{e97d4e69-0000-0000-2649-050000000000}", "ProcessId": "4224", "Image": "C:\\Windows\\System32\\dllhost.exe", "ImageLoaded": "C:\\Windows\\System32\\ntdll.dll", "FileVersion": "6.1.7600.16385 (win7_rtm.090713-1255)", "Description": "NT Layer DLL", "Product": "Microsoft\u00ae Windows\u00ae Operating System", "Company": "Microsoft Corporation", "OriginalFileName": "ntdll.dll", "Hashes": "SHA1=9D56BF20851F26960C4C33DD4BDE84730C8D483F,MD5=F87212E64DE6DACDD55610B847DC2A60,SHA256=3E6EAE61CB3751B05547C3A316420DDDF472774BFA562BF9BF976F8430A2AFD1,IMPHASH=00000000000000000000000000000000", "Signed": "true", "Signature": "Microsoft Windows", "SignatureStatus": "Valid", "_source_file": "data/baseline/win7-x86/Microsoft-Windows-Sysmon%4Operational.evtx"}, {"EventID": 9, "Computer": "evtx-PC", "UtcTime": "2022-04-04 11:19:28.131", "Provider": "Microsoft-Windows-Sysmon", "RuleName": "-", "ProcessGuid": "{e97d4e69-0000-0000-2649-050000000000}", "ProcessId": "4224", "Image": "C:\\Windows\\System32\\dllhost.exe", "Device": "\\Device\\HarddiskVolume2", "_source_file": "data/baseline/win7-x86/Microsoft-Windows-Sysmon%4Operational.evtx"}, {"EventID": 7, "Computer": "evtx-PC", "UtcTime": "2022-04-04 11:19:28.131", "Provider": "Microsoft-Windows-Sysmon", "RuleName": "-", "ProcessGuid": "{e97d4e69-0000-0000-2649-050000000000}", "ProcessId": "4224", "Image": "C:\\Windows\\System32\\dllhost.exe", "ImageLoaded": "C:\\Windows\\System32\\kernel32.dll", "FileVersion": "6.1.7600.16385 (win7_rtm.090713-1255)", "Description": "Windows NT BASE API Client DLL", "Product": "Microsoft\u00ae Windows\u00ae Operating System", "Company": "Microsoft Corporation", "OriginalFileName": "kernel32", "Hashes": "SHA1=4F0B455C60C4292A488291D8C29F48AEEC7A17E7,MD5=4605F7EE9805F7E1C98D6C959DD2949C,SHA256=AD30100868EB91760D03356330C6F68A5159D48D3C51A8A8A4FAB644B86369B5,IMPHASH=404D2A341C916548A2B0575C72B0E9D6", "Signed": "true", "Signature": "Microsoft Windows", "SignatureStatus": "Valid", "_source_file": "data/baseline/win7-x86/Microsoft-Windows-Sysmon%4Operational.evtx"}, {"EventID": 7, "Computer": "evtx-PC", "UtcTime": "2022-04-04 11:19:28.131", "Provider": "Microsoft-Windows-Sysmon", "RuleName": "-", "ProcessGuid": "{e97d4e69-0000-0000-2649-050000000000}", "ProcessId": "4224", "Image": "C:\\Windows\\System32\\dllhost.exe", "ImageLoaded": "C:\\Windows\\System32\\KernelBase.dll", "FileVersion": "6.1.7600.16385 (win7_rtm.090713-1255)", "Description": "Windows NT BASE API Client DLL", "Product": "Microsoft\u00ae Windows\u00ae Operating System", "Company": "Microsoft Corporation", "OriginalFileName": "Kernelbase", "Hashes": "SHA1=4DC055D5D64F5BA45347E0A5A372C306E65FA639,MD5=B03C89367C03C19A742482DC78904DD0,SHA256=776A1CE170D3054CAB68E00FBF26148184C2C4FE4529DB6966359F0FB01DB1AE,IMPHASH=42A9DE385BBA8B87B1179593596872E0", "Signed": "true", "Signature": "Microsoft Windows", "SignatureStatus": "Valid", "_source_file": "data/baseline/win7-x86/Microsoft-Windows-Sysmon%4Operational.evtx"}, {"EventID": 7, "Computer": "evtx-PC", "UtcTime": "2022-04-04 11:19:28.134", "Provider": "Microsoft-Windows-Sysmon", "RuleName": "-", "ProcessGuid": "{e97d4e69-0000-0000-2649-050000000000}", "ProcessId": "4224", "Image": "C:\\Windows\\System32\\dllhost.exe", "ImageLoaded": "C:\\Windows\\System32\\msvcrt.dll", "FileVersion": "7.0.7600.16385 (win7_rtm.090713-1255)", "Description": "Windows NT CRT DLL", "Product": "Microsoft\u00ae Windows\u00ae Operating System", "Company": "Microsoft Corporation", "OriginalFileName": "msvcrt.dll", "Hashes": "SHA1=9D936EAA33418B995DD2B1B80DADA9BE4315D766,MD5=E46D48A7FE961401F1CBF85531CDF05D,SHA256=24CA38641020FF9E07E16CE3992212E2BFD2759E902D12744D4989ADF11995BF,IMPHASH=3215AF17EF09211D40D007CC900160F9", "Signed": "true", "Signature": "Microsoft Windows", "SignatureStatus": "Valid", "_source_file": "data/baseline/win7-x86/Microsoft-Windows-Sysmon%4Operational.evtx"}, {"EventID": 7, "Computer": "evtx-PC", "UtcTime": "2022-04-04 11:19:28.135", "Provider": "Microsoft-Windows-Sysmon", "RuleName": "-", "ProcessGuid": "{e97d4e69-0000-0000-2649-050000000000}", "ProcessId": "4224", "Image": "C:\\Windows\\System32\\dllhost.exe", "ImageLoaded": "C:\\Windows\\System32\\ole32.dll", "FileVersion": "6.1.7600.16385 (win7_rtm.090713-1255)", "Description": "Microsoft OLE for Windows", "Product": "Microsoft\u00ae Windows\u00ae Operating System", "Company": "Microsoft Corporation", "OriginalFileName": "OLE32.DLL", "Hashes": "SHA1=AD2F6459B95808C25F4C167C0D7D36BC0FDA4667,MD5=4ACB903AD1693858A918907358CBD9E4,SHA256=F7A5F4F958EB9A79C842A35CB4EE3947CC1F4F2DB4FCB5C90F8C99EF386009D3,IMPHASH=00402F17B490795C2367DFBE0059B215", "Signed": "true", "Signature": "Microsoft Windows", "SignatureStatus": "Valid", "_source_file": "data/baseline/win7-x86/Microsoft-Windows-Sysmon%4Operational.evtx"}, {"EventID": 7, "Computer": "evtx-PC", "UtcTime": "2022-04-04 11:19:28.135", "Provider": "Microsoft-Windows-Sysmon", "RuleName": "-", "ProcessGuid": "{e97d4e69-0000-0000-2649-050000000000}", "ProcessId": "4224", "Image": "C:\\Windows\\System32\\dllhost.exe", "ImageLoaded": "C:\\Windows\\System32\\gdi32.dll", "FileVersion": "6.1.7600.16385 (win7_rtm.090713-1255)", "Description": "GDI Client DLL", "Product": "Microsoft\u00ae Windows\u00ae Operating System", "Company": "Microsoft Corporation", "OriginalFileName": "gdi32", "Hashes": "SHA1=24E785651A5961C6E0D9F9ABE28CF92D0CA7B794,MD5=225F6F663B94ACAF4307055FBB42E55F,SHA256=3A1DD74EBB1895D893AC0E54EF5A0C87769F0B82606AC2C7E7378AFF5B593A10,IMPHASH=4295554673E6ED7B5F5B7D9AEE6913F2", "Signed": "true", "Signature": "Microsoft Windows", "SignatureStatus": "Valid", "_source_file": "data/baseline/win7-x86/Microsoft-Windows-Sysmon%4Operational.evtx"}, {"EventID": 7, "Computer": "evtx-PC", "UtcTime": "2022-04-04 11:19:28.136", "Provider": "Microsoft-Windows-Sysmon", "RuleName": "-", "ProcessGuid": "{e97d4e69-0000-0000-2649-050000000000}", "ProcessId": "4224", "Image": "C:\\Windows\\System32\\dllhost.exe", "ImageLoaded": "C:\\Windows\\System32\\user32.dll", "FileVersion": "6.1.7600.16385 (win7_rtm.090713-1255)", "Description": "Multi-User Windows USER API Client DLL", "Product": "Microsoft\u00ae Windows\u00ae Operating System", "Company": "Microsoft Corporation", "OriginalFileName": "user32", "Hashes": "SHA1=A73E33C0262054DF9BB02C165BB63C84F95807EE,MD5=34B7E222E81FAFA885F0C5F2CFA56861,SHA256=5BA1373011ABA23C3FCE3A9FF8DC4BBD5CE6889212200153C79A749CAE0C17B6,IMPHASH=BB2ED76D276846EBDA271332CA1302B8", "Signed": "true", "Signature": "Microsoft Windows", "SignatureStatus": "Valid", "_source_file": "data/baseline/win7-x86/Microsoft-Windows-Sysmon%4Operational.evtx"}, {"EventID": 7, "Computer": "evtx-PC", "UtcTime": "2022-04-04 11:19:28.136", "Provider": "Microsoft-Windows-Sysmon", "RuleName": "-", "ProcessGuid": "{e97d4e69-0000-0000-2649-050000000000}", "ProcessId": "4224", "Image": "C:\\Windows\\System32\\dllhost.exe", "ImageLoaded": "C:\\Windows\\System32\\lpk.dll", "FileVersion": "6.1.7600.16385 (win7_rtm.090713-1255)", "Description": "Language Pack", "Product": "Microsoft\u00ae Windows\u00ae Operating System", "Company": "Microsoft Corporation", "OriginalFileName": "LanguagePack", "Hashes": "SHA1=0A2E3A987CD4664CA2A6E9CC1EA429C6B79A2AE9,MD5=4F154D2C9C6DF951FD6E5AABBAE6B5EE,SHA256=FB3A3D2FD5AFFC513BD475E90A705E2C33C8E85AAF8B994C2A987DFC9D0A71D4,IMPHASH=B18FCB6327EB8EB41B606BBBC1E2B10A", "Signed": "true", "Signature": "Microsoft Windows", "SignatureStatus": "Valid", "_source_file": "data/baseline/win7-x86/Microsoft-Windows-Sysmon%4Operational.evtx"}, {"EventID": 7, "Computer": "evtx-PC", "UtcTime": "2022-04-04 11:19:28.136", "Provider": "Microsoft-Windows-Sysmon", "RuleName": "-", "ProcessGuid": "{e97d4e69-0000-0000-2649-050000000000}", "ProcessId": "4224", "Image": "C:\\Windows\\System32\\dllhost.exe", "ImageLoaded": "C:\\Windows\\System32\\usp10.dll", "FileVersion": "1.0626.7600.16385 (win7_rtm.090713-1255)", "Description": "Uniscribe Unicode script processor", "Product": "Microsoft(R) Uniscribe Unicode script processor", "Company": "Microsoft Corporation", "OriginalFileName": "Uniscribe", "Hashes": "SHA1=63179EDF1A4E51E841480A94F7E5FE9553254834,MD5=0BA19F3198C40AC4E8CC66EE02EDA6C6,SHA256=4555FB6ED0F286DF94FEACFEC36BF23E0F586CFA80DEE45C5EA7A0760C967E84,IMPHASH=6AB63B69DEFE1DFE2516D054C3C43E22", "Signed": "true", "Signature": "Microsoft Windows", "SignatureStatus": "Valid", "_source_file": "data/baseline/win7-x86/Microsoft-Windows-Sysmon%4Operational.evtx"}, {"EventID": 7, "Computer": "evtx-PC", "UtcTime": "2022-04-04 11:19:28.136", "Provider": "Microsoft-Windows-Sysmon", "RuleName": "-", "ProcessGuid": "{e97d4e69-0000-0000-2649-050000000000}", "ProcessId": "4224", "Image": "C:\\Windows\\System32\\dllhost.exe", "ImageLoaded": "C:\\Windows\\System32\\rpcrt4.dll", "FileVersion": "6.1.7600.16385 (win7_rtm.090713-1255)", "Description": "Remote Procedure Call Runtime", "Product": "Microsoft\u00ae Windows\u00ae Operating System", "Company": "Microsoft Corporation", "OriginalFileName": "rpcrt4.dll", "Hashes": "SHA1=3479588BEAE0CEE8256F6CCD24E4D2F9BAEDB46B,MD5=416D1DC8224A64B8C59DF79096EE6D1D,SHA256=CCC899FEAB2B25DC42992D9A18C71926C2CE2AFD2DB62376E60164C636546EEA,IMPHASH=980219E953D15459E4AD563CE0370930", "Signed": "true", "Signature": "Microsoft Windows", "SignatureStatus": "Valid", "_source_file": "data/baseline/win7-x86/Microsoft-Windows-Sysmon%4Operational.evtx"}, 