{"EventID": 7, "Computer": "evtx-PC", "UtcTime": "2022-04-04 11:19:53.379", "Provider": "Microsoft-Windows-Sysmon", "RuleName": "-", "ProcessGuid": "{e97d4e69-0000-0000-1bad-000000000000}", "ProcessId": "892", "Image": "C:\\Windows\\System32\\svchost.exe", "ImageLoaded": "C:\\Windows\\System32\\MdSched.exe", "FileVersion": "6.1.7600.16385 (win7_rtm.090713-1255)", "Description": "Windows Memory Diagnostics Tool", "Product": "Microsoft\u00ae Windows\u00ae Operating System", "Company": "Microsoft Corporation", "OriginalFileName": "MdSched.exe", "Hashes": "SHA1=9B961AB6BB790C8FB454AFBFB63722C6F8400EEC,MD5=FAF4D9E1746345622F7C5CD150C4AD58,SHA256=97BB76C40FE46A084D9A2CC6032AFB91A3BC820D7F301E155B3F81D39CAC662B,IMPHASH=8DEF2FD45BD1068AD1D4A602F14E6160", "Signed": "true", "Signature": "Microsoft Windows", "SignatureStatus": "Valid", "_source_file": "data/baseline/win7-x86/Microsoft-Windows-Sysmon%4Operational.evtx"}, {"EventID": 7, "Computer": "evtx-PC", "UtcTime": "2022-04-04 11:19:53.379", "Provider": "Microsoft-Windows-Sysmon", "RuleName": "-", "ProcessGuid": "{e97d4e69-0000-0000-1bad-000000000000}", "ProcessId": "892", "Image": "C:\\Windows\\System32\\svchost.exe", "ImageLoaded": "C:\\Windows\\System32\\dimsjob.dll", "FileVersion": "6.1.7600.16385 (win7_rtm.090713-1255)", "Description": "DIMS Job DLL", "Product": "Microsoft\u00ae Windows\u00ae Operating System", "Company": "Microsoft Corporation", "OriginalFileName": "dimsjob.dll", "Hashes": "SHA1=DBE9F0B4B87C2FD4DB47AFBF80C2944BB57CBCDE,MD5=C5C867CD7EFAC60D5021223E374DEEC5,SHA256=197FEE8F02DE348E75771AC9AD748EFB29939F1AAF02DA6555181EEF787FD099,IMPHASH=E826376102DCB6CC29B904843EB9A8AC", "Signed": "true", "Signature": "Microsoft Windows", "SignatureStatus": "Valid", "_source_file": "data/baseline/win7-x86/Microsoft-Windows-Sysmon%4Operational.evtx"}, {"EventID": 7, "Computer": "evtx-PC", "UtcTime": "2022-04-04 11:19:53.394", "Provider": "Microsoft-Windows-Sysmon", "RuleName": "-", "ProcessGuid": "{e97d4e69-0000-0000-1bad-000000000000}", "ProcessId": "892", "Image": "C:\\Windows\\System32\\svchost.exe", "ImageLoaded": "C:\\Windows\\System32\\DiagCpl.dll", "FileVersion": "6.1.7600.16385 (win7_rtm.090713-1255)", "Description": "Troubleshooting Control Panel", "Product": "Microsoft\u00ae Windows\u00ae Operating System", "Company": "Microsoft Corporation", "OriginalFileName": "DIAGCPL.DLL", "Hashes": "SHA1=B9797B3C692C30D924F52A077AC5884AEC7EDEAD,MD5=4D930B0B3945FCFCFFE1EDE96431AC57,SHA256=FE3EE4C381EF7A7A0D8A25A080EACC0AF77C633E3F8B5C8FFF0E37220AC945D7,IMPHASH=F76D861B2CCC44637CB2B3A8169FA5A4", "Signed": "true", "Signature": "Microsoft Windows", "SignatureStatus": "Valid", "_source_file": "data/baseline/win7-x86/Microsoft-Windows-Sysmon%4Operational.evtx"}, {"EventID": 7, "Computer": "evtx-PC", "UtcTime": "2022-04-04 11:19:53.394", "Provider": "Microsoft-Windows-Sysmon", "RuleName": "-", "ProcessGuid": "{e97d4e69-0000-0000-1bad-000000000000}", "ProcessId": "892", "Image": "C:\\Windows\\System32\\svchost.exe", "ImageLoaded": "C:\\Windows\\System32\\samsrv.dll", "FileVersion": "6.1.7600.16385 (win7_rtm.090713-1255)", "Description": "SAM Server DLL", "Product": "Microsoft\u00ae Windows\u00ae Operating System", "Company": "Microsoft Corporation", "OriginalFileName": "samsrv.dll", "Hashes": "SHA1=2467C226A94DF0F36B54886B805AC1DD25D8BB80,MD5=4BEF53964DC519550EE030253FC1E25E,SHA256=7F8B4994C138B5C393F3A9A483E2F7E748C5DBF60591F695F55F5B364717ABAA,IMPHASH=CBB8CCB5B327512BD31B641357B6AD2A", "Signed": "true", "Signature": "Microsoft Windows", "SignatureStatus": "Valid", "_source_file": "data/baseline/win7-x86/Microsoft-Windows-Sysmon%4Operational.evtx"}, {"EventID": 7, "Computer": "evtx-PC", "UtcTime": "2022-04-04 11:19:53.409", "Provider": "Microsoft-Windows-Sysmon", "RuleName": "-", "ProcessGuid": "{e97d4e69-0000-0000-1bad-000000000000}", "ProcessId": "892", "Image": "C:\\Windows\\System32\\svchost.exe", "ImageLoaded": "C:\\Windows\\System32\\oobe\\windeploy.exe", "FileVersion": "6.1.7600.16385 (win7_rtm.090713-1255)", "Description": "Windows Deployment Loader", "Product": "Microsoft\u00ae Windows\u00ae Operating System", "Company": "Microsoft Corporation", "OriginalFileName": "WinDeploy.exe", "Hashes": "SHA1=0C52FB16A81A6E4ADE0CA70A6CEC2D9FDDA374E8,MD5=720D76780AE7CFA810ECC9D7F1D07404,SHA256=1A1CA41347CFC01C812086D1179AF0A4C9298097CE2F092F97A7B078EB3D6CDB,IMPHASH=76FCFEF274C5BB987D29C40EF7E53490", "Signed": "true", "Signature": "Microsoft Windows", "SignatureStatus": "Valid", "_source_file": "data/baseline/win7-x86/Microsoft-Windows-Sysmon%4Operational.evtx"}, {"EventID": 7, "Computer": "evtx-PC", "UtcTime": "2022-04-04 11:19:53.409", "Provider": "Microsoft-Windows-Sysmon", "RuleName": "-", "ProcessGuid": "{e97d4e69-0000-0000-1bad-000000000000}", "ProcessId": "892", "Image": "C:\\Windows\\System32\\svchost.exe", "ImageLoaded": "C:\\Windows\\System32\\oobe\\audit.exe", "FileVersion": "6.1.7600.16385 (win7_rtm.090713-1255)", "Description": "Audit", "Product": "Microsoft\u00ae Windows\u00ae Operating System", "Company": "Microsoft Corporation", "OriginalFileName": "AUDIT.EXE", "Hashes": "SHA1=C56BFFFEBC3BAFA0E2105911745C70B53053BD3E,MD5=E83B0F395B979D844BAEE2CED54F4178,SHA256=27A7C22EECE9B3B241691333F3E3A5EE5AD59D64D517469B58CBB1201CC59CDC,IMPHASH=286513FBD0D7CAF5C01D8E55B0595AC7", "Signed": "true", "Signature": "Microsoft Windows", "SignatureStatus": "Valid", "_source_file": "data/baseline/win7-x86/Microsoft-Windows-Sysmon%4Operational.evtx"}, {"EventID": 7, "Computer": "evtx-PC", "UtcTime": "2022-04-04 11:19:53.409", "Provider": "Microsoft-Windows-Sysmon", "RuleName": "-", "ProcessGuid": "{e97d4e69-0000-0000-1bad-000000000000}", "ProcessId": "892", "Image": "C:\\Windows\\System32\\svchost.exe", "ImageLoaded": "C:\\Windows\\System32\\wersvc.dll", "FileVersion": "6.1.7600.16385 (win7_rtm.090713-1255)", "Description": "Windows Error Reporting Service", "Product": "Microsoft\u00ae Windows\u00ae Operating System", "Company": "Microsoft Corporation", "OriginalFileName": "wersvc", "Hashes": "SHA1=5415E924085E2AB2CA86ED9014A2DF5D5F993C32,MD5=08E420D873E4FD85241EE2421B02C4A4,SHA256=E1E9436EB096FF7DE9A76DA6217035257EF9FC7565DDB9016DCA3859E7F1EF0F,IMPHASH=03E1A0DD2BB1F525845CA0251981D170", "Signed": "true", "Signature": "Microsoft Windows", "SignatureStatus": "Valid", "_source_file": "data/baseline/win7-x86/Microsoft-Windows-Sysmon%4Operational.evtx"}, {"EventID": 7, "Computer": "evtx-PC", "UtcTime": "2022-04-04 11:19:53.425", "Provider": "Microsoft-Windows-Sysmon", "RuleName": "-", "ProcessGuid": "{e97d4e69-0000-0000-1bad-000000000000}", "ProcessId": "892", "Image": "C:\\Windows\\System32\\svchost.exe", "ImageLoaded": "C:\\Windows\\System32\\wininet.dll", "FileVersion": "8.00.7600.16385 (win7_rtm.090713-1255)", "Description": "Internet Extensions for Win32", "Product": "Windows\u00ae Internet Explorer", "Company": "Microsoft Corporation", "OriginalFileName": "wininet.dll", "Hashes": "SHA1=7DB231853ED4C5EA89201061CD5366311C3DE5BB,MD5=0D874F3BC751CC2198AF2E6783FB8B35,SHA256=90528FB50283F4ED8299E2A5203CF204254171A9AC19F50B21B0235BAA042CDF,IMPHASH=26628AFE62ABB27CA873F4DB77128142", "Signed": "true", "Signature": "Microsoft Windows", "SignatureStatus": "Valid", "_source_file": "data/baseline/win7-x86/Microsoft-Windows-Sysmon%4Operational.evtx"}, {"EventID": 7, "Computer": "evtx-PC", "UtcTime": "2022-04-04 11:19:53.409", "Provider": "Microsoft-Windows-Sysmon", "RuleName": "-", "ProcessGuid": "{e97d4e69-0000-0000-1bad-000000000000}", "ProcessId": "892", "Image": "C:\\Windows\\System32\\svchost.exe", "ImageLoaded": "C:\\Windows\\System32\\certcli.dll", "FileVersion": "6.1.7600.16385 (win7_rtm.090713-1255)", "Description": "Microsoft\u00ae Active Directory Certificate Services Client", "Product": "Microsoft\u00ae Windows\u00ae Operating System", "Company": "Microsoft Corporation", "OriginalFileName": "CertCli", "Hashes": "SHA1=490AF253C763BAB30D7AF748AA679C8DCDC7E330,MD5=0174C3636D001197F10A52DB8BBF960D,SHA256=DD3739BDBC1AFF87934D3F45BA1D4A0CA77F2F0683F560D643E3A1BEB37A30B3,IMPHASH=B50C7ACAC478A5B9606A095C5FE19973", "Signed": "true", "Signature": "Microsoft Windows", "SignatureStatus": "Valid", "_source_file": "data/baseline/win7-x86/Microsoft-Windows-Sysmon%4Operational.evtx"}, {"EventID": 7, "Computer": "evtx-PC", "UtcTime": "2022-04-04 11:19:53.425", "Provider": "Microsoft-Windows-Sysmon", "RuleName": "-", "ProcessGuid": "{e97d4e69-0000-0000-1bad-000000000000}", "ProcessId": "892", "Image": "C:\\Windows\\System32\\svchost.exe", "ImageLoaded": "C:\\Windows\\System32\\drivers\\afd.sys", "FileVersion": "6.1.7600.16385 (win7_rtm.090713-1255)", "Description": "Ancillary Function Driver for WinSock", "Product": "Microsoft\u00ae Windows\u00ae Operating System", "Company": "Microsoft Corporation", "OriginalFileName": "afd.sys", "Hashes": "SHA1=383E2F79685BAC04B05BF9C64792EC8ED1C2BCEC,MD5=DDC040FDB01EF1712A6B13E52AFB104C,SHA256=BF17E91BBB85A04F1EEF580CD006101332CDE5B876A0D04C6932F30707BB184F,IMPHASH=F5BBC500CB9F7DA3E0EEE2F5A38A1AFC", "Signed": "true", "Signature": "Microsoft Windows", "SignatureStatus": "Valid", "_source_file": "data/baseline/win7-x86/Microsoft-Windows-Sysmon%4Operational.evtx"}, {"EventID": 7, "Computer": "evtx-PC", "UtcTime": "2022-04-04 11:19:53.425", "Provider": "Microsoft-Windows-Sysmon", "RuleName": "-", "ProcessGuid": "{e97d4e69-0000-0000-1bad-000000000000}", "ProcessId": "892", "Image": "C:\\Windows\\System32\\svchost.exe", "ImageLoaded": "C:\\Windows\\System32\\ocsetup.exe", "FileVersion": "6.1.7600.16385 (win7_rtm.090713-1255)", "Description": "Windows Optional Component Setup", "Product": "Microsoft\u00ae Windows\u00ae Operating System", "Company": "Microsoft Corporation", "OriginalFileName": "ocsetup.exe", "Hashes": "SHA1=C267A1B2FC181FB6C7ACA9553CC18F5E924E9AD2,MD5=65AC89B695FA41FC952A87F38B832AAF,SHA256=8A27D7F76F0155A5D197D7FB65CAD3332B11CB8EA9E9E43B7D11CF71A7D3DCDF,IMPHASH=ECF3F15D306A50B876C28799BE556529", "Signed": "true", "Signature": "Microsoft Windows", "SignatureStatus": "Valid", "_source_file": "data/baseline/win7-x86/Microsoft-Windows-Sysmon%4Operational.evtx"}, {"EventID": 7, "Computer": "evtx-PC", "UtcTime": "2022-04-04 11:19:53.440", "Provider": "Microsoft-Windows-Sysmon", "RuleName": "-", "ProcessGuid": "{e97d4e69-0000-0000-1bad-000000000000}", "ProcessId": "892", "Image": "C:\\Windows\\System32\\svchost.exe", "ImageLoaded": "C:\\Windows\\System32\\ieframe.dll", "FileVersion": "8.00.7600.16385 (win7_rtm.090713-1255)", "Description": "Internet Browser", "Product": "Windows\u00ae Internet Explorer", "Company": "Microsoft Corporation", "OriginalFileName": "IEFRAME.DLL", "Hashes": "SHA1=092312AB1EC7DC252795F00E81569994A23356F2,MD5=672ECBB050F17BF90FE00758596F38CA,SHA256=692CA91D62B65E562A931BC1437B639658CE65C5290A013B73F051A948AE17F9,IMPHASH=7A60CA3C6E7F2DED650236AD37EF7927", "Signed": "true", "Signature": "Microsoft Windows", "SignatureStatus": "Valid", "_source_file": "data/baseline/win7-x86/Microsoft-Windows-Sysmon%4Operational.evtx"}, {"EventID": 7, "Computer": "evtx-PC", "UtcTime": "2022-04-04 11:19:53.456", "Provider": "Microsoft-Windows-Sysmon", "RuleName": "-", "ProcessGuid": "{e97d4e69-0000-0000-1bad-000000000000}", "ProcessId": "892", "Image": "C:\\Windows\\System32\\svchost.exe", "ImageLoaded": "C:\\Windows\\System32\\appidapi.dll", "FileVersion": "6.1.7600.16385 (win7_rtm.090713-1255)", "Description": "Application Identity APIs Dll", "Product": "Microsoft\u00ae Windows\u00ae Operating System", "Company": "Microsoft Corporation", "OriginalFileName": "appidapi.dll", "Hashes": "SHA1=685C116E008E4AA6E15ADDFBC81D8A7E7EEE3D0B,MD5=CEAF33BDAE752B7EA0C7BE5F9D396636,SHA256=7DB648914965018D1192087BFE389F47F9A14A4E7C67BB9952266958C1210CB2,IMPHASH=FD8F2D43CACDAB0F8F2DD63C8C89CCAA", "Signed": "true", "Signature": "Microsoft Windows", "SignatureStatus": "Valid", "_source_file": "data/baseline/win7-x86/Microsoft-Windows-Sysmon%4Operational.evtx"}, {"EventID": 7, "Computer": "evtx-PC", "UtcTime": "2022-04-04 11:19:53.440", "Provider": "Microsoft-Windows-Sysmon", "RuleName": "-", "ProcessGuid": "{e97d4e69-0000-0000-1bad-000000000000}", "ProcessId": "892", "Image": "C:\\Windows\\System32\\svchost.exe", "ImageLoaded": "C:\\Windows\\System32\\sharemediacpl.dll", "FileVersion": "6.1.7600.16385 (win7_rtm.090713-1255)", "Description": "Share Media Control Panel", "Product": "Microsoft\u00ae Windows\u00ae Operating System", "Company": "Microsoft Corporation", "OriginalFileName": "SHAREMEDIACPL.DLL", "Hashes": "SHA1=F6590FE90AAE66DF8D6B6C19F34599812CC07FF6,MD5=A5955D6F25417EC85AEC4AF4ADFE13F2,SHA256=704DED0624CF9B997B2C9628226C22097D19ED1E70BBF38C5EC78E961305B59A,IMPHASH=818928CFEE6896C61A97FB4E79853F9E", "Signed": "true", "Signature": "Microsoft Windows", "SignatureStatus": "Valid", "_source_file": "data/baseline/win7-x86/Microsoft-Windows-Sysmon%4Operational.evtx"}, {"EventID": 7, "Computer": "evtx-PC", "UtcTime": "2022-04-04 11:19:53.456", "Provider": "Microsoft-Windows-Sysmon", "RuleName": "-", "ProcessGuid": "{e97d4e69-0000-0000-1bad-000000000000}", "ProcessId": "892", "Image": "C:\\Windows\\System32\\svchost.exe", "ImageLoaded": "C:\\Windows\\System32\\setupugc.exe", "FileVersion": "6.1.7600.16385 (win7_rtm.090713-1255)", "Description": "Setup Unattend Generic Command Processor", "Product": "Microsoft\u00ae Windows\u00ae Operating System", "Company": "Microsoft Corporation", "OriginalFileName": "SETUPUGC.EXE", "Hashes": "SHA1=D5F0B9946ED663A14C4FD669A17D6EB54E6C8982,MD5=3B5FA5975CEB2812C5D35D793DD661DF,SHA256=F5B89E157B0CC7EC562F92CE63597C246EE26938E144B27FA9C9EF457802E19B,IMPHASH=4A65F625C025095ECA20A743D74CA6FA", "Signed": "true", "Signature": "Microsoft Windows", "SignatureStatus": "Valid", "_source_file": "data/baseline/win7-x86/Microsoft-Windows-Sysmon%4Operational.evtx"}, {"EventID": 7, "Computer": "evtx-PC", "UtcTime": "2022-04-04 11:19:53.456", "Provider": "Microsoft-Windows-Sysmon", "RuleName": "-", "ProcessGuid": "{e97d4e69-0000-0000-1bad-000000000000}", "ProcessId": "892", "Image": "C:\\Windows\\System32\\svchost.exe", "ImageLoaded": "C:\\Windows\\System32\\wwansvc.dll", "FileVersion": "08.01.02.00 (win7_rtm.090713-1255)", "Description": "WWAN Auto Config Service", "Product": "Microsoft\u00ae Windows\u00ae Operating System", "Company": "Microsoft Corporation", "OriginalFileName": "WwanSvc.dll", "Hashes": "SHA1=39ED877871BB378E658F9410DDB40AEF00656DCC,MD5=FF2D745B560F7C71B31F30F4D49F73D2,SHA256=B2FBF7E5F58E34AC64FE6CF65800F1F07939279203BDE89375FAC92B884A4F37,IMPHASH=576D3FC952D41AFCD9DF3A857509D751", "Signed": "true", "Signature": "Microsoft Windows", "SignatureStatus": "Valid", "_source_file": "data/baseline/win7-x86/Microsoft-Windows-Sysmon%4Operational.evtx"}, {"EventID": 7, "Computer": "evtx-PC", "UtcTime": "2022-04-04 11:19:53.456", "Provider": "Microsoft-Windows-Sysmon", "RuleName": "-", "ProcessGuid": "{e97d4e69-0000-0000-1bad-000000000000}", "ProcessId": "892", "Image": "C:\\Windows\\System32\\svchost.exe", "ImageLoaded": "C:\\Windows\\System32\\dot3gpclnt.dll", "FileVersion": "6.1.7600.16385 (win7_rtm.090713-1255)", "Description": "802.3 Group Policy Client", "Product": "Microsoft\u00ae Windows\u00ae Operating System", "Company": "Microsoft Corporation", "OriginalFileName": "dot3gpclnt.dll", "Hashes": "SHA1=2542BC321E1F1F2AD4921AC9555DEDFEC6D42BA8,MD5=4A139DDC4FF1CFD8582B5F4686E3FD14,SHA256=137246AFCE2B0835CD96EBA7FD42088F82C2907032812756659B4192F1EF7834,IMPHASH=2E87A71AB152757B136A22BD36A8E763", "Signed": "true", "Signature": "Microsoft Windows", "SignatureStatus": "Valid", "_source_file": "data/baseline/win7-x86/Microsoft-Windows-Sysmon%4Operational.evtx"}, {"EventID": 7, "Computer": "evtx-PC", "UtcTime": "2022-04-04 11:19:53.456", "Provider": "Microsoft-Windows-Sysmon", "RuleName": "-", "ProcessGuid": "{e97d4e69-0000-0000-1bad-000000000000}", "ProcessId": "892", "Image": "C:\\Windows\\System32\\svchost.exe", "ImageLoaded": "C:\\Windows\\System32\\Wwanadvui.dll", "FileVersion": "08.01.02.00 (win7_rtm.090713-1255)", "Description": "Wireless WAN Connection Flows", "Product": "Microsoft\u00ae Windows\u00ae Operating System", "Company": "Microsoft Corporation", "OriginalFileName": "WWanConn.dll", "Hashes": "SHA1=EBF36AAC1991109014F1ADA97D6E642E2C065AA0,MD5=0FBF76AD1E6D764FC7A5F676FF67A91A,SHA256=4C6B3F75A11C88FE02D704F89FCA88A5532CD9D907CD8954E0EBB4A41072F1FC,IMPHASH=ED8EC42AEFDB1C884E302468128F7461", "Signed": "true", "Signature": "Microsoft Windows", "SignatureStatus": "Valid", "_source_file": "data/baseline/win7-x86/Microsoft-Windows-Sysmon%4Operational.evtx"}, {"EventID": 7, "Computer": "evtx-PC", "UtcTime": "2022-04-04 11:19:53.471", "Provider": "Microsoft-Windows-Sysmon", "RuleName": "-", "ProcessGuid": "{e97d4e69-0000-0000-1bad-000000000000}", "ProcessId": "892", "Image": "C:\\Windows\\System32\\svchost.exe", "ImageLoaded": "C:\\Windows\\System32\\microsoft-windows-hal-events.dll", "FileVersion": "6.1.7600.16385 (win7_rtm.090713-1255)", "Description": "Microsoft-Windows-HAL-Events Resources", "Product": "Microsoft\u00ae Windows\u00ae Operating System", "Company": "Microsoft Corporation", "OriginalFileName": "microsoft-windows-hal-events.dll", "Hashes": "SHA1=997214A6788E959554C967414C4423777D52B379,MD5=9CA4A129C540FF72B3E4D98DE6935056,SHA256=8FECF1202352A364B64C680B13E5D2C5AB6821A1BF7CD33CC42340AFCFF233EE,IMPHASH=00000000000000000000000000000000", "Signed": "true", "Signature": "Microsoft Windows", "SignatureStatus": "Valid", "_source_file": "data/baseline/win7-x86/Microsoft-Windows-Sysmon%4Operational.evtx"}, {"EventID": 7, "Computer": "evtx-PC", "UtcTime": "2022-04-04 11:19:53.487", "Provider": "Microsoft-Windows-Sysmon", "RuleName": "-", "ProcessGuid": "{e97d4e69-0000-0000-1bad-000000000000}", "ProcessId": "892", "Image": "C:\\Windows\\System32\\svchost.exe", "ImageLoaded": "C:\\Windows\\System32\\mfplat.dll", "FileVersion": "12.0.7600.16385 (win7_rtm.090713-1255)", "Description": "Media Foundation Platform DLL", "Product": "Microsoft\u00ae Windows\u00ae Operating System", "Company": "Microsoft Corporation", "OriginalFileName": "mfplat.dll", "Hashes": "SHA1=5FE46CDB15804D707A4DEA21FE57C4564F1534CB,MD5=40B82688907A7DBA4DB3B5ADDE3EAB3B,SHA256=7A8A051F414A0A11252A361461A086890BCE9F49CE1AF794061184AE16517EF1,IMPHASH=EDA90ED6DA555F3D5CBA36F8EB76AB6E", "Signed": "true", "Signature": "Microsoft Windows", "SignatureStatus": "Valid", "_source_file": "data/baseline/win7-x86/Microsoft-Windows-Sysmon%4Operational.evtx"}, {"EventID": 7, "Computer": "evtx-PC", "UtcTime": "2022-04-04 11:19:53.487", "Provider": "Microsoft-Windows-Sysmon", "RuleName": "-", "ProcessGuid": "{e97d4e69-0000-0000-1bad-000000000000}", "ProcessId": "892", "Image": "C:\\Windows\\System32\\svchost.exe", "ImageLoaded": "C:\\Windows\\System32\\mblctr.exe", "FileVersion": "6.1.7600.16385 (win7_rtm.090713-1255)", "Description": "Windows Mobility Center", "Product": "Microsoft\u00ae Windows\u00ae Operating System", "Company": "Microsoft Corporation", "OriginalFileName": "MBLCTR.EXE", "Hashes": "SHA1=9DCB6480DC6698670AB49C7D038B77206D3D8E7F,MD5=9AB56D27F45E3BE1C8C5ED0865D0AB2F,SHA256=9DE8CE4FCF528F759830665AAB2B5EDCA1AEA4AFA24F6088B21CA4A824763B77,IMPHASH=EBCD9AB2DCB5C560EB2451CCD9CF584B", "Signed": "true", "Signature": "Microsoft Windows", "SignatureStatus": "Valid", "_source_file": "data/baseline/win7-x86/Microsoft-Windows-Sysmon%4Operational.evtx"}, {"EventID": 7, "Computer": "evtx-PC", "UtcTime": "2022-04-04 11:19:53.502", "Provider": "Microsoft-Windows-Sysmon", "RuleName": "-", "ProcessGuid": "{e97d4e69-0000-0000-1bad-000000000000}", "ProcessId": "892", "Image": "C:\\Windows\\System32\\svchost.exe", "ImageLoaded": "C:\\Windows\\System32\\wlanpref.dll", "FileVersion": "6.1.7600.16385 (win7_rtm.090713-1255)", "Description": "Wireless Preferred Networks", "Product": "Microsoft\u00ae Windows\u00ae Operating System", "Company": "Microsoft Corporation", "OriginalFileName": "wlanpref.dll", "Hashes": "SHA1=A32AD0498AAE465EB69787B1B21C77536C8F72F7,MD5=E31CAA28EF8E219C49AC96CC2DC40751,SHA256=DE535A53D3F0FBC1BF866B94A93ED52E1CA51ACEA0791C401A8BF1D6ADE4E28C,IMPHASH=A4723F85B4A1AE7C97F6D561C03BDAC6", "Signed": "true", "Signature": "Microsoft Windows", "SignatureStatus": "Valid", "_source_file": "data/baseline/win7-x86/Microsoft-Windows-Sysmon%4Operational.evtx"}, {"EventID": 7, "Computer": "evtx-PC", "UtcTime": "2022-04-04 11:19:53.518", "Provider": "Microsoft-Windows-Sysmon", "RuleName": "-", "ProcessGuid": "{e97d4e69-0000-0000-1bad-000000000000}", "ProcessId": "892", "Image": "C:\\Windows\\System32\\svchost.exe", "ImageLoaded": "C:\\Windows\\System32\\dui70.dll", "FileVersion": "6.1.7600.16385 (win7_rtm.090713-1255)", "Description": "Windows DirectUI Engine", "Product": "Microsoft\u00ae Windows\u00ae Operating System", "Company": "Microsoft Corporation", "OriginalFileName": "DUI70.DLL", "Hashes": "SHA1=69396C24B9AC97882F6EDEEA30A1139EFA43C7FC,MD5=EE06B85BC69F18826302348A2AD089E0,SHA256=417205797CC9F6C986A863A61179784D9ADCAF1961EF8A4D9042D73C5A86509A,IMPHASH=A02FC935882FFF732A43550D224DD3AF", "Signed": "true", "Signature": "Microsoft Windows", "SignatureStatus": "Valid", "_source_file": "data/baseline/win7-x86/Microsoft-Windows-Sysmon%4Operational.evtx"}, {"EventID": 7, "Computer": "evtx-PC", "UtcTime": "2022-04-04 11:19:53.533", "Provider": "Microsoft-Windows-Sysmon", "RuleName": "-", "ProcessGuid": "{e97d4e69-0000-0000-1bad-000000000000}", "ProcessId": "892", "Image": "C:\\Windows\\System32\\svchost.exe", "ImageLoaded": "C:\\Windows\\System32\\wecsvc.dll", "FileVersion": "6.1.7600.16385 (win7_rtm.090713-1255)", "Description": "Event Collector Service", "Product": "Microsoft\u00ae Windows\u00ae Operating System", "Company": "Microsoft Corporation", "OriginalFileName": "wecsvc.dll", "Hashes": "SHA1=313C8B092A562F813D884645FBC8B868709FAD1B,MD5=760F0AFE937A77CFF27153206534F275,SHA256=A53940BA28854486FF18F16B98A3314B36322B0B6EFB54D08B921315BEB0ADD5,IMPHASH=AB136260260724D6E05BD170082F7B85", "Signed": "true", "Signature": "Microsoft Windows", "SignatureStatus": "Valid", "_source_file": "data/baseline/win7-x86/Microsoft-Windows-Sysmon%4Operational.evtx"}, {"EventID": 7, "Computer": "evtx-PC", "UtcTime": "2022-04-04 11:19:53.518", "Provider": "Microsoft-Windows-Sysmon", "RuleName": "-", "ProcessGuid": "{e97d4e69-0000-0000-1bad-000000000000}", "ProcessId": "892", "Image": "C:\\Windows\\System32\\svchost.exe", "ImageLoaded": "C:\\Windows\\System32\\ReAgent.dll", "FileVersion": "6.1.7600.16385 (win7_rtm.090713-1255)", "Description": "Microsoft Windows Recovery Agent DLL", "Product": "Microsoft\u00ae Windows\u00ae Operating System", "Company": "Microsoft Corporation", "OriginalFileName": "reagent.dll", "Hashes": "SHA1=FE11973ED1A4A1388D11B5966AAFCFA9DF3ED1B9,MD5=04DDAF3468330D91C6C49D94734AE61A,SHA256=6815EC642636EF055BC3FD5238F17FB5438625A5F24B1D208AC021734186ADC3,IMPHASH=6D6E21E643A766CDDEBF5645ED16140A", "Signed": "true", "Signature": "Microsoft Windows", "SignatureStatus": "Valid", "_source_file": "data/baseline/win7-x86/Microsoft-Windows-Sysmon%4Operational.evtx"}, {"EventID": 7, "Computer": "evtx-PC", "UtcTime": "2022-04-04 11:19:53.533", "Provider": "Microsoft-Windows-Sysmon", "RuleName": "-", "ProcessGuid": "{e97d4e69-0000-0000-1bad-000000000000}", "ProcessId": "892", "Image": "C:\\Windows\\System32\\svchost.exe", "ImageLoaded": "C:\\Windows\\System32\\DocumentPerformanceEvents.dll", "FileVersion": "6.1.7600.16385 (win7_rtm.090713-1255)", "Description": "Documents and Printing Performance Events", "Product": "Microsoft\u00ae Windows\u00ae Operating System", "Company": "Microsoft Corporation", "OriginalFileName": "DocumentPerformanceEvents.dll", "Hashes": "SHA1=5AEA19D0181A3CF2897D967A38618F02D298A210,MD5=5B2FA87B0A186E04A2972193DB584FC7,SHA256=53D35C1D35B97BBBA8714B4EB31FD8318361A4DF1176857EA71A12CF0C9C655B,IMPHASH=00000000000000000000000000000000", "Signed": "true", "Signature": "Microsoft Windows", "SignatureStatus": "Valid", "_source_file": "data/baseline/win7-x86/Microsoft-Windows-Sysmon%4Operational.evtx"}, {"EventID": 5, "Computer": "evtx-PC", "UtcTime": "2022-04-04 11:19:53.982", "Provider": "Microsoft-Windows-Sysmon", "RuleName": "-", "ProcessGuid": "{e97d4e69-0000-0000-612b-060000000000}", "ProcessId": "4604", "Image": "C:\\Windows\\System32\\dllhost.exe", "_source_file": "data/baseline/win7-x86/Microsoft-Windows-Sysmon%4Operational.evtx"}, {"EventID": 26, "Computer": "evtx-PC", "UtcTime": "2022-04-04 11:19:53.982", "Provider": "Microsoft-Windows-Sysmon", "RuleName": "-", "ProcessGuid": "{e97d4e69-0000-0000-beb3-000000000000}", "ProcessId": "940", "User": "NT AUTHORITY\\SYSTEM", "Image": "C:\\Windows\\System32\\svchost.exe", "TargetFilename": "C:\\Windows\\Prefetch\\DLLHOST.EXE-766398D2.pf", "Hashes": "SHA1=32A4E5764DF204A1BB3E07D68B92819B0ECD12EB,MD5=EDE52A4877833863E408347ABD9DB919,SHA256=379A0B9ACD4019903E99F4DCBD4B670B0AED7E7CA5B3D511FB1C5BFB220D956F,IMPHASH=00000000000000000000000000000000", "IsExecutable": "False", "_source_file": "data/baseline/win7-x86/Microsoft-Windows-Sysmon%4Operational.evtx"}, {"EventID": 11, "Computer": "evtx-PC", "UtcTime": "2022-04-04 11:19:53.982", "Provider": "Microsoft-Windows-Sysmon", "RuleName": "-", "ProcessGuid": "{e97d4e69-0000-0000-beb3-000000000000}", "ProcessId": "940", "Image": "C:\\Windows\\System32\\svchost.exe", "TargetFilename": "C:\\Windows\\Prefetch\\DLLHOST.EXE-766398D2.pf", "CreationUtcTime": "2022-04-04 10:09:19.879", "_source_file": "data/baseline/win7-x86/Microsoft-Windows-Sysmon%4Operational.evtx"}, {"EventID": 5, "Computer": "evtx-PC", "UtcTime": "2022-04-04 11:19:53.997", "Provider": "Microsoft-Windows-Sysmon", "RuleName": "-", "ProcessGuid": "{e97d4e69-0000-0000-6532-060000000000}", "ProcessId": "4648", "Image": "C:\\Windows\\System32\\dllhost.exe", "_source_file": "data/baseline/win7-x86/Microsoft-Windows-Sysmon%4Operational.evtx"}, {"EventID": 26, "Computer": "evtx-PC", "UtcTime": "2022-04-04 11:19:53.997", "Provider": "Microsoft-Windows-Sysmon", "RuleName": "-", "ProcessGuid": "{e97d4e69-0000-0000-beb3-000000000000}", "ProcessId": "940", "User": "NT AUTHORITY\\SYSTEM", "Image": "C:\\Windows\\System32\\svchost.exe", "TargetFilename": "C:\\Windows\\Prefetch\\DLLHOST.EXE-766398D2.pf", "Hashes": "SHA1=72757EB1BB1504F227F3B79E1F2963EF5A4296A6,MD5=8852475D1BC3106390EC08342EB2A16B,SHA256=D7BE8D4FD7BD68055BA017557E661B0939E8D00332CE3CA54F72F481EAF620B1,IMPHASH=00000000000000000000000000000000", "IsExecutable": "False", "_source_file": "data/baseline/win7-x86/Microsoft-Windows-Sysmon%4Operational.evtx"}, {"EventID": 11, "Computer": "evtx-PC", "UtcTime": "2022-04-04 11:19:53.997", "Provider": "Microsoft-Windows-Sysmon", "RuleName": "-", "ProcessGuid": "{e97d4e69-0000-0000-beb3-000000000000}", "ProcessId": "940", "Image": "C:\\Windows\\System32\\svchost.exe", "TargetFilename": "C:\\Windows\\Prefetch\\DLLHOST.EXE-766398D2.pf", "CreationUtcTime": "2022-04-04 10:09:19.879", "_source_file": "data/baseline/win7-x86/Microsoft-Windows-Sysmon%4Operational.evtx"}, {"EventID": 7, "Computer": "evtx-PC", "UtcTime": "2022-04-04 11:19:57.369", "Provider": "Microsoft-Windows-Sysmon", "RuleName": "-", "ProcessGuid": "{e97d4e69-0000-0000-d5b6-000000000000}", "ProcessId": "988", "Image": "C:\\Windows\\System32\\svchost.exe", "ImageLoaded": "C:\\Windows\\System32\\qmgr.dll", "FileVersion": "7.5.7600.16385 (win7_rtm.090713-1255)", "Description": "Background Intelligent Transfer Service", "Product": "Microsoft\u00ae Windows\u00ae Operating System", "Company": "Microsoft Corporation", "OriginalFileName": "qmgr.dll", "Hashes": "SHA1=4D3A1898B8449CE5A19EF281430DC2E169602F83,MD5=53F476476F55A27F580661BDE09C4EC4,SHA256=90DFBF97F011CFF41D2CFA2E33978BC746A7E693AC75EED1436130C4F10B4E67,IMPHASH=6CEB27225BA231ED8519CA9BBAF27AC9", "Signed": "true", "Signature": "Microsoft Windows", "SignatureStatus": "Valid", "_source_file": "data/baseline/win7-x86/Microsoft-Windows-Sysmon%4Operational.evtx"}, {"EventID": 12, "Computer": "evtx-PC", "UtcTime": "2022-04-04 11:19:57.383", "Provider": "Microsoft-Windows-Sysmon", "RuleName": "-", "EventType": "CreateKey", "ProcessGuid": "{e97d4e69-0000-0000-d5b6-000000000000}", "ProcessId": "988", "Image": "C:\\Windows\\system32\\svchost.exe", "TargetObject": "HKLM\\System\\CurrentControlSet\\services\\BITS\\Performance", "_source_file": "data/baseline/win7-x86/Microsoft-Windows-Sysmon%4Operational.evtx"}, {"EventID": 13, "Computer": "evtx-PC", "UtcTime": "2022-04-04 11:19:57.383", "Provider": "Microsoft-Windows-Sysmon", "RuleName": "-", "EventType": "SetValue", "ProcessGuid": "{e97d4e69-0000-0000-d5b6-000000000000}", "ProcessId": "988", "Image": "C:\\Windows\\system32\\svchost.exe", "TargetObject": "HKLM\\System\\CurrentControlSet\\services\\BITS\\Performance\\PerfMMFileName", "Details": "Global\\MMF_BITS_s", "_source_file": "data/baseline/win7-x86/Microsoft-Windows-Sysmon%4Operational.evtx"}, {"EventID": 12, "Computer": "evtx-PC", "UtcTime": "2022-04-04 11:19:57.397", "Provider": "Microsoft-Windows-Sysmon", "RuleName": "-", "EventType": "CreateKey", "ProcessGuid": "{e97d4e69-0000-0000-d5b6-000000000000}", "ProcessId": "988", "Image": "C:\\Windows\\system32\\svchost.exe", "TargetObject": "HKLM\\SOFTWARE\\Microsoft\\Windows\\CurrentVersion\\BITS", "_source_file": "data/baseline/win7-x86/Microsoft-Windows-Sysmon%4Operational.evtx"}, {"EventID": 7, "Computer": "evtx-PC", "UtcTime": "2022-04-04 11:19:57.397", "Provider": "Microsoft-Windows-Sysmon", "RuleName": "-", "ProcessGuid": "{e97d4e69-0000-0000-d5b6-000000000000}", "ProcessId": "988", "Image": "C:\\Windows\\System32\\svchost.exe", "ImageLoaded": "C:\\Windows\\System32\\winhttp.dll", "FileVersion": "6.1.7600.16385 (win7_rtm.090713-1255)", "Description": "Windows HTTP Services", "Product": "Microsoft\u00ae Windows\u00ae Operating System", "Company": "Microsoft Corporation", "OriginalFileName": "winhttp.dll", "Hashes": "SHA1=33E35805E31A0DB73B46BA102E36CB1B81B9A417,MD5=D757F59EED634C595727534B60E640B8,SHA256=58ECD28FB62DB9F2302E21E00F253542FA6D450D36685A11012C827324D0C00D,IMPHASH=B17ECEAFE5889E6E8841052D60F83FB8", "Signed": "true", "Signature": "Microsoft Windows", "SignatureStatus": "Valid", "_source_file": "data/baseline/win7-x86/Microsoft-Windows-Sysmon%4Operational.evtx"}, {"EventID": 7, "Computer": "evtx-PC", "UtcTime": "2022-04-04 11:19:57.397", "Provider": "Microsoft-Windows-Sysmon", "RuleName": "-", "ProcessGuid": "{e97d4e69-0000-0000-d5b6-000000000000}", "ProcessId": "988", "Image": "C:\\Windows\\System32\\svchost.exe", "ImageLoaded": "C:\\Windows\\System32\\webio.dll", "FileVersion": "6.1.7600.16385 (win7_rtm.090713-1255)", "Description": "Web Transfer Protocols API", "Product": "Microsoft\u00ae Windows\u00ae Operating System", "Company": "Microsoft Corporation", "OriginalFileName": "webio.dll", "Hashes": "SHA1=DFF12075E156CF519426347F8B1CB801DDC75510,MD5=7F739F89F7F60221740DA9DE1B1DABB6,SHA256=7FB3E2DF211826B097FEDB8335DB2CC0206823B440897478C1E77169E4033D66,IMPHASH=EEB45DBFF0C730568C0B206F0D3B30B2", "Signed": "true", "Signature": "Microsoft Windows", "SignatureStatus": "Valid", "_source_file": "data/baseline/win7-x86/Microsoft-Windows-Sysmon%4Operational.evtx"}, {"EventID": 10, "Computer": "evtx-PC", "UtcTime": "2022-04-04 11:19:57.411", "Provider": "Microsoft-Windows-Sysmon", "RuleName": "-", "SourceProcessGUID": "{e97d4e69-0000-0000-054f-000000000000}", "SourceProcessId": "552", "SourceThreadId": "660", "SourceImage": "C:\\Windows\\system32\\lsass.exe", "TargetProcessGUID": "{e97d4e69-0000-0000-d5b6-000000000000}", "TargetProcessId": "988", "TargetImage": "C:\\Windows\\system32\\svchost.exe", "GrantedAccess": "0x00001478", "CallTrace": "C:\\Windows\\SYSTEM32\\ntdll.dll+451dc|C:\\Windows\\system32\\lsasrv.dll+1f891|C:\\Windows\\system32\\lsasrv.dll+1f81c|C:\\Windows\\system32\\lsasrv.dll+1fa1c|C:\\Windows\\system32\\SspiSrv.dll+1232|C:\\Windows\\system32\\RPCRT4.dll+2fc8f|C:\\Windows\\system32\\RPCRT4.dll+94c53|C:\\Windows\\system32\\RPCRT4.dll+9430e|C:\\Windows\\system32\\RPCRT4.dll+2f34a|C:\\Windows\\system32\\RPCRT4.dll+2f4da|C:\\Windows\\system32\\RPCRT4.dll+2f3c6|C:\\Windows\\system32\\RPCRT4.dll+23974|C:\\Windows\\system32\\RPCRT4.dll+2f7a4|C:\\Windows\\system32\\RPCRT4.dll+2f763|C:\\Windows\\system32\\RPCRT4.dll+2f5ff|C:\\Windows\\system32\\RPCRT4.dll+2f573", "_source_file": "data/baseline/win7-x86/Microsoft-Windows-Sysmon%4Operational.evtx"}, {"EventID": 7, "Computer": "evtx-PC", "UtcTime": "2022-04-04 11:19:57.383", "Provider": "Microsoft-Windows-Sysmon", "RuleName": "-", "ProcessGuid": "{e97d4e69-0000-0000-d5b6-000000000000}", "ProcessId": "988", "Image": "C:\\Windows\\System32\\svchost.exe", "ImageLoaded": "C:\\Windows\\System32\\bitsperf.dll", "FileVersion": "7.5.7600.16385 (win7_rtm.090713-1255)", "Description": "Perfmon Counter Access", "Product": "Microsoft\u00ae Windows\u00ae Operating System", "Company": "Microsoft Corporation", "OriginalFileName": "BitsPerf.dll", "Hashes": "SHA1=08397C054C093741424214539926816C7532CE21,MD5=704A8B68374E6309B8D67F997FD3034B,SHA256=DC746FF16AEFAFA82BD6CD232751293E420C14B44730D4E2C33C47F09FB2828F,IMPHASH=92DF84950EAF68D650624223864EF3D4", "Signed": "true", "Signature": "Microsoft Windows", "SignatureStatus": "Valid", "_source_file": "data/baseline/win7-x86/Microsoft-Windows-Sysmon%4Operational.evtx"}, {"EventID": 10, "Computer": "evtx-PC", "UtcTime": "2022-04-04 11:19:57.411", "Provider": "Microsoft-Windows-Sysmon", "RuleName": "-", "SourceProcessGUID": "{e97d4e69-0000-0000-274f-000000000000}", "SourceProcessId": "560", "SourceThreadId": "920", "SourceImage": "C:\\Windows\\system32\\lsm.exe", "TargetProcessGUID": "{e97d4e69-0000-0000-d5b6-000000000000}", "TargetProcessId": "988", "TargetImage": "C:\\Windows\\system32\\svchost.exe", "GrantedAccess": "0x00000040", "CallTrace": "C:\\Windows\\SYSTEM32\\ntdll.dll+451dc|C:\\Windows\\system32\\KERNELBASE.dll+91b6|C:\\Windows\\system32\\lsm.exe+3467|C:\\Windows\\system32\\lsm.exe+33c7|C:\\Windows\\system32\\RPCRT4.dll+2fc8f|C:\\Windows\\system32\\RPCRT4.dll+94c53|C:\\Windows\\system32\\RPCRT4.dll+9430e|C:\\Windows\\system32\\RPCRT4.dll+2f34a|C:\\Windows\\system32\\RPCRT4.dll+2f4da|C:\\Windows\\system32\\RPCRT4.dll+2f3c6|C:\\Windows\\system32\\RPCRT4.dll+23974|C:\\Windows\\system32\\RPCRT4.dll+2f7a4|C:\\Windows\\system32\\RPCRT4.dll+2f763|C:\\Windows\\system32\\RPCRT4.dll+2f5ff|C:\\Windows\\system32\\RPCRT4.dll+2f573|C:\\Windows\\system32\\RPCRT4.dll+2ee4f", "_source_file": "data/baseline/win7-x86/Microsoft-Windows-Sysmon%4Operational.evtx"}, {"EventID": 13, "Computer": "evtx-PC", "UtcTime": "2022-04-04 11:19:57.411", "Provider": "Microsoft-Windows-Sysmon", "RuleName": "-", "EventType": "SetValue", "ProcessGuid": "{e97d4e69-0000-0000-d5b6-000000000000}", "ProcessId": "988", "Image": "C:\\Windows\\system32\\svchost.exe", "TargetObject": "HKLM\\System\\CurrentControlSet\\Control\\BackupRestore\\FilesNotToBackup\\BITS_LOG", "Details": "Binary Data", "_source_file": "data/baseline/win7-x86/Microsoft-Windows-Sysmon%4Operational.evtx"}, {"EventID": 13, "Computer": "evtx-PC", "UtcTime": "2022-04-04 11:19:57.411", "Provider": "Microsoft-Windows-Sysmon", "RuleName": "-", "EventType": "SetValue", "ProcessGuid": "{e97d4e69-0000-0000-d5b6-000000000000}", "ProcessId": "988", "Image": "C:\\Windows\\system32\\svchost.exe", "TargetObject": "HKLM\\System\\CurrentControlSet\\Control\\BackupRestore\\FilesNotToBackup\\BITS_BAK", "Details": "Binary Data", "_source_file": "data/baseline/win7-x86/Microsoft-Windows-Sysmon%4Operational.evtx"}, {"EventID": 12, "Computer": "evtx-PC", "UtcTime": "2022-04-04 11:19:57.411", "Provider": "Microsoft-Windows-Sysmon", "RuleName": "-", "EventType": "CreateKey", "ProcessGuid": "{e97d4e69-0000-0000-d5b6-000000000000}", "ProcessId": "988", "Image": "C:\\Windows\\system32\\svchost.exe", "TargetObject": "HKLM\\System\\CurrentControlSet\\services\\VSS\\Diag\\BITS Writer", "_source_file": "data/baseline/win7-x86/Microsoft-Windows-Sysmon%4Operational.evtx"}, {"EventID": 7, "Computer": "evtx-PC", "UtcTime": "2022-04-04 11:19:57.397", "Provider": "Microsoft-Windows-Sysmon", "RuleName": "-", "ProcessGuid": "{e97d4e69-0000-0000-d5b6-000000000000}", "ProcessId": "988", "Image": "C:\\Windows\\System32\\svchost.exe", "ImageLoaded": "C:\\Windows\\System32\\bitsigd.dll", "FileVersion": "7.5.7600.16385 (win7_rtm.090713-1255)", "Description": "Background Intelligent Transfer Service IGD Support", "Product": "Microsoft\u00ae Windows\u00ae Operating System", "Company": "Microsoft Corporation", "OriginalFileName": "bitsigd.dll", "Hashes": "SHA1=4F62F16EB37F97BC868D0466FA95EE4CAF420B94,MD5=F45ED8C4F9AF862CD9992849B5203C11,SHA256=F51E56977C33B8F202C2945FB977501C6FFDD453F158B2BE01453FAF13569919,IMPHASH=AE2F640A62E7A60496CBEDFD6C1DA803", "Signed": "true", "Signature": "Microsoft Windows", "SignatureStatus": "Valid", "_source_file": "data/baseline/win7-x86/Microsoft-Windows-Sysmon%4Operational.evtx"}, {"EventID": 7, "Computer": "evtx-PC", "UtcTime": "2022-04-04 11:19:57.397", "Provider": "Microsoft-Windows-Sysmon", "RuleName": "-", "ProcessGuid": "{e97d4e69-0000-0000-d5b6-000000000000}", "ProcessId": "988", "Image": "C:\\Windows\\System32\\svchost.exe", "ImageLoaded": "C:\\Windows\\System32\\upnp.dll", "FileVersion": "6.1.7600.16385 (win7_rtm.090713-1255)", "Description": "UPnP Control Point API", "Product": "Microsoft\u00ae Windows\u00ae Operating System", "Company": "Microsoft Corporation", "OriginalFileName": "upnp.dll", "Hashes": "SHA1=E340ADC912313126BC2E69CABD2F6D582759B927,MD5=7372A79A5F906CD959A74A32E6FEDB1F,SHA256=EE04BCDE413F8B2010659DE84BE5ECB94936D3F8D8AF768B271EED5B24BADF78,IMPHASH=2D84CC4F1B20B27561A7834F1EB40387", "Signed": "true", "Signature": "Microsoft Windows", "SignatureStatus": "Valid", "_source_file": "data/baseline/win7-x86/Microsoft-Windows-Sysmon%4Operational.evtx"}, {"EventID": 7, "Computer": "evtx-PC", "UtcTime": "2022-04-04 11:19:57.397", "Provider": "Microsoft-Windows-Sysmon", "RuleName": "-", "ProcessGuid": "{e97d4e69-0000-0000-d5b6-000000000000}", "ProcessId": "988", "Image": "C:\\Windows\\System32\\svchost.exe", "ImageLoaded": "C:\\Windows\\System32\\ssdpapi.dll", "FileVersion": "6.1.7600.16385 (win7_rtm.090713-1255)", "Description": "SSDP Client API DLL", "Product": "Microsoft\u00ae Windows\u00ae Operating System", "Company": "Microsoft Corporation", "OriginalFileName": "ssdpapi.dll", "Hashes": "SHA1=DE119D1D26346744FA7F5DF1C595A2E5F503F0E6,MD5=28E2231BD34A39C854BDF3923AB2FF86,SHA256=A95179068F7B86E04F976B724F155DA86253B7F4414F43DBD95F2058282B99E4,IMPHASH=624FEF7EA75E712AA45648F068C106D5", "Signed": "true", "Signature": "Microsoft Windows", "SignatureStatus": "Valid", "_source_file": "data/baseline/win7-x86/Microsoft-Windows-Sysmon%4Operational.evtx"}, {"EventID": 1, "Computer": "evtx-PC", "UtcTime": "2022-04-04 11:19:57.481", "Provider": "Microsoft-Windows-Sysmon", "RuleName": "-", "ProcessGuid": "{e97d4e69-0000-0000-2ea5-090000000000}", "ProcessId": "4788", "Image": "C:\\Windows\\Microsoft.NET\\Framework\\v2.0.50727\\mscorsvw.exe", "FileVersion": "2.0.50727.4927 (NetFXspW7.050727-4900)", "Description": ".NET Runtime Optimization Service", "Product": "Microsoft\u00ae .NET Framework", "Company": "Microsoft Corporation", "OriginalFileName": "mscorsvw.exe", "CommandLine": "C:\\Windows\\Microsoft.NET\\Framework\\v2.0.50727\\mscorsvw.exe", "CurrentDirectory": "C:\\Windows\\system32\\", "User": "NT AUTHORITY\\SYSTEM", "LogonGuid": "{e97d4e69-0000-0000-e703-000000000000}", "LogonId": "0x00000000000003e7", "TerminalSessionId": "0", "IntegrityLevel": "System", "Hashes": "SHA1=5F2C1B67988654A1CF9D21FD177DB11BAA329BFB,MD5=D88040F816FDA31C3B466F0FA0918F29,SHA256=39D3630E623DA25B8444B6D3AAAB16B98E7E289C5619E19A85D47B74C71449F3,IMPHASH=A14FE147CBB35AC7AFA52E2CCEED81B7", "ParentProcessGuid": "{e97d4e69-0000-0000-cb4d-000000000000}", "ParentProcessId": "536", "ParentImage": "C:\\Windows\\System32\\services.exe", "ParentCommandLine": "C:\\Windows\\system32\\services.exe", "_source_file": "data/baseline/win7-x86/Microsoft-Windows-Sysmon%4Operational.evtx"}, {"EventID": 10, "Computer": "evtx-PC", "UtcTime": "2022-04-04 11:19:57.481", "Provider": "Microsoft-Windows-Sysmon", "RuleName": "-", "SourceProcessGUID": "{e97d4e69-0000-0000-cb4d-000000000000}", "SourceProcessId": "536", "SourceThreadId": "624", "SourceImage": "C:\\Windows\\system32\\services.exe", "TargetProcessGUID": "{e97d4e69-0000-0000-2ea5-090000000000}", "TargetProcessId": "4788", "TargetImage": "C:\\Windows\\Microsoft.NET\\Framework\\v2.0.50727\\mscorsvw.exe", "GrantedAccess": "0x001fffff", "CallTrace": "C:\\Windows\\SYSTEM32\\ntdll.dll+44bcc|C:\\Windows\\system32\\kernel32.dll+54a0b|C:\\Windows\\system32\\kernel32.dll+2059|C:\\Windows\\system32\\services.exe+c500|C:\\Windows\\system32\\services.exe+1643a|C:\\Windows\\system32\\services.exe+90e1|C:\\Windows\\system32\\services.exe+8b7e|C:\\Windows\\system32\\services.exe+159db|C:\\Windows\\system32\\services.exe+158a6|C:\\Windows\\SYSTEM32\\ntdll.dll+2dbb4|C:\\Windows\\SYSTEM32\\ntdll.dll+2f35d|C:\\Windows\\SYSTEM32\\ntdll.dll+2e8d1|C:\\Windows\\system32\\kernel32.dll+51174|C:\\Windows\\SYSTEM32\\ntdll.dll+5b3f5|C:\\Windows\\SYSTEM32\\ntdll.dll+5b3c8", "_source_file": "data/baseline/win7-x86/Microsoft-Windows-Sysmon%4Operational.evtx"}, {"EventID": 12, "Computer": "evtx-PC", "UtcTime": "2022-04-04 11:19:57.495", "Provider": "Microsoft-Windows-Sysmon", "RuleName": "-", "EventType": "CreateKey", "ProcessGuid": "{e97d4e69-0000-0000-e1c9-000000000000}", "ProcessId": "1136", "Image": "C:\\Windows\\system32\\svchost.exe", "TargetObject": "HKLM\\System\\CurrentControlSet\\services\\Tcpip\\Parameters", "_source_file": "data/baseline/win7-x86/Microsoft-Windows-Sysmon%4Operational.evtx"}, {"EventID": 12, "Computer": "evtx-PC", "UtcTime": "2022-04-04 11:19:57.578", "Provider": "Microsoft-Windows-Sysmon", "RuleName": "-", "EventType": "CreateKey", "ProcessGuid": "{e97d4e69-0000-0000-2ea5-090000000000}", "ProcessId": "4788", "Image": "C:\\Windows\\Microsoft.NET\\Framework\\v2.0.50727\\mscorsvw.exe", "TargetObject": "HKLM\\SOFTWARE\\Microsoft\\.NETFramework\\v2.0.50727\\NGENService\\State", "_source_file": "data/baseline/win7-x86/Microsoft-Windows-Sysmon%4Operational.evtx"}, {"EventID": 10, "Computer": "evtx-PC", "UtcTime": "2022-04-04 11:19:57.578", "Provider": "Microsoft-Windows-Sysmon", "RuleName": "-", "SourceProcessGUID": "{e97d4e69-0000-0000-cb4d-000000000000}", "SourceProcessId": "536", "SourceThreadId": "1864", "SourceImage": "C:\\Windows\\system32\\services.exe", "TargetProcessGUID": "{e97d4e69-0000-0000-2ea5-090000000000}", "TargetProcessId": "4788", "TargetImage": "C:\\Windows\\Microsoft.NET\\Framework\\v2.0.50727\\mscorsvw.exe", "GrantedAccess": "0x00001400", "CallTrace": "C:\\Windows\\SYSTEM32\\ntdll.dll+4481c|C:\\Windows\\system32\\RPCRT4.dll+c3d4|C:\\Windows\\system32\\RPCRT4.dll+c386|C:\\Windows\\system32\\services.exe+16a8b|C:\\Windows\\system32\\RPCRT4.dll+2fc8f|C:\\Windows\\system32\\RPCRT4.dll+94c53|C:\\Windows\\system32\\RPCRT4.dll+9430e|C:\\Windows\\system32\\RPCRT4.dll+2f34a|C:\\Windows\\system32\\RPCRT4.dll+2f4da|C:\\Windows\\system32\\RPCRT4.dll+2f3c6|C:\\Windows\\system32\\RPCRT4.dll+23974|C:\\Windows\\system32\\RPCRT4.dll+2f7a4|C:\\Windows\\system32\\RPCRT4.dll+2f763|C:\\Windows\\system32\\RPCRT4.dll+2f5ff|C:\\Windows\\system32\\RPCRT4.dll+2f573|C:\\Windows\\system32\\RPCRT4.dll+2ee4f", "_source_file": "data/baseline/win7-x86/Microsoft-Windows-Sysmon%4Operational.evtx"}, {"EventID": 12, "Computer": "evtx-PC", "UtcTime": "2022-04-04 11:19:57.578", "Provider": "Microsoft-Windows-Sysmon", "RuleName": "-", "EventType": "CreateKey", "ProcessGuid": "{e97d4e69-0000-0000-2ea5-090000000000}", "ProcessId": "4788", "Image": "C:\\Windows\\Microsoft.NET\\Framework\\v2.0.50727\\mscorsvw.exe", "TargetObject": "HKLM\\SOFTWARE\\Microsoft\\.NETFramework\\v2.0.50727\\NGENService\\ListenedState", "_source_file": "data/baseline/win7-x86/Microsoft-Windows-Sysmon%4Operational.evtx"}, {"EventID": 12, "Computer": "evtx-PC", "UtcTime": "2022-04-04 11:19:57.578", "Provider": "Microsoft-Windows-Sysmon", "RuleName": "-", "EventType": "CreateKey", "ProcessGuid": "{e97d4e69-0000-0000-2ea5-090000000000}", "ProcessId": "4788", "Image": "C:\\Windows\\Microsoft.NET\\Framework\\v2.0.50727\\mscorsvw.exe", "TargetObject": "HKLM\\SOFTWARE\\Microsoft\\.NETFramework\\v2.0.50727\\NGENService\\State", "_source_file": "data/baseline/win7-x86/Microsoft-Windows-Sysmon%4Operational.evtx"}, {"EventID": 11, "Computer": "evtx-PC", "UtcTime": "2022-04-04 11:19:57.578", "Provider": "Microsoft-Windows-Sysmon", "RuleName": "-", "ProcessGuid": "{e97d4e69-0000-0000-2ea5-090000000000}", "ProcessId": "4788", "Image": "C:\\Windows\\Microsoft.NET\\Framework\\v2.0.50727\\mscorsvw.exe", "TargetFilename": "C:\\Windows\\Microsoft.NET\\Framework\\v2.0.50727\\ngen_service.lock", "CreationUtcTime": "2022-04-04 11:19:57.578", "_source_file": "data/baseline/win7-x86/Microsoft-Windows-Sysmon%4Operational.evtx"}, {"EventID": 11, "Computer": "evtx-PC", "UtcTime": "2022-04-04 11:19:57.578", "Provider": "Microsoft-Windows-Sysmon", "RuleName": "-", "ProcessGuid": "{e97d4e69-0000-0000-2ea5-090000000000}", "ProcessId": "4788", "Image": "C:\\Windows\\Microsoft.NET\\Framework\\v2.0.50727\\mscorsvw.exe", "TargetFilename": "C:\\Windows\\Microsoft.NET\\Framework\\v2.0.50727\\ngen_service.lock", "CreationUtcTime": "2022-04-04 11:19:57.578", "_source_file": "data/baseline/win7-x86/Microsoft-Windows-Sysmon%4Operational.evtx"}, {"EventID": 11, "Computer": "evtx-PC", "UtcTime": "2022-04-04 11:19:57.634", "Provider": "Microsoft-Windows-Sysmon", "RuleName": "-", "ProcessGuid": "{e97d4e69-0000-0000-2ea5-090000000000}", "ProcessId": "4788", "Image": "C:\\Windows\\Microsoft.NET\\Framework\\v2.0.50727\\mscorsvw.exe", "TargetFilename": "C:\\Windows\\Microsoft.NET\\Framework\\v2.0.50727\\ngen_service.lock", "CreationUtcTime": "2022-04-04 11:19:57.578", "_source_file": "data/baseline/win7-x86/Microsoft-Windows-Sysmon%4Operational.evtx"}, {"EventID": 11, "Computer": "evtx-PC", "UtcTime": "2022-04-04 11:19:57.634", "Provider": "Microsoft-Windows-Sysmon", "RuleName": "-", "ProcessGuid": "{e97d4e69-0000-0000-2ea5-090000000000}", "ProcessId": "4788", "Image": "C:\\Windows\\Microsoft.NET\\Framework\\v2.0.50727\\mscorsvw.exe", "TargetFilename": "C:\\Windows\\Microsoft.NET\\Framework\\v2.0.50727\\ngenservicelock.dat", "CreationUtcTime": "2022-04-04 11:19:57.634", "_source_file": "data/baseline/win7-x86/Microsoft-Windows-Sysmon%4Operational.evtx"}, {"EventID": 11, "Computer": "evtx-PC", "UtcTime": "2022-04-04 11:19:57.634", "Provider": "Microsoft-Windows-Sysmon", "RuleName": "-", "ProcessGuid": "{e97d4e69-0000-0000-2ea5-090000000000}", "ProcessId": "4788", "Image": "C:\\Windows\\Microsoft.NET\\Framework\\v2.0.50727\\mscorsvw.exe", "TargetFilename": "C:\\Windows\\Microsoft.NET\\Framework\\v2.0.50727\\ngen_service.lock", "CreationUtcTime": "2022-04-04 11:19:57.578", "_source_file": "data/baseline/win7-x86/Microsoft-Windows-Sysmon%4Operational.evtx"}, {"EventID": 13, "Computer": "evtx-PC", "UtcTime": "2022-04-04 11:19:57.634", "Provider": "Microsoft-Windows-Sysmon", "RuleName": "-", "EventType": "SetValue", "ProcessGuid": "{e97d4e69-0000-0000-cb4d-000000000000}", "ProcessId": "536", "Image": "C:\\Windows\\system32\\services.exe", "TargetObject": "HKLM\\System\\CurrentControlSet\\services\\clr_optimization_v2.0.50727_32\\Start", "Details": "DWORD (0x00000002)", "_source_file": "data/baseline/win7-x86/Microsoft-Windows-Sysmon%4Operational.evtx"}, {"EventID": 1, "Computer": "evtx-PC", "UtcTime": "2022-04-04 11:19:57.690", "Provider": "Microsoft-Windows-Sysmon", "RuleName": "-", "ProcessGuid": "{e97d4e69-0000-0000-94a9-090000000000}", "ProcessId": "4820", "Image": "C:\\Program Files\\Google\\Update\\GoogleUpdate.exe", "FileVersion": "1.3.36.121", "Description": "Google Installer", "Product": "Google Update", "Company": "Google LLC", "OriginalFileName": "GoogleUpdate.exe", "CommandLine": "\"C:\\Program Files\\Google\\Update\\GoogleUpdate.exe\" /svc", "CurrentDirectory": "C:\\Windows\\system32\\", "User": "NT AUTHORITY\\SYSTEM", "LogonGuid": "{e97d4e69-0000-0000-e703-000000000000}", "LogonId": "0x00000000000003e7", "TerminalSessionId": "0", "IntegrityLevel": "System", "Hashes": "SHA1=A3FF668CBC56D22FB3B258FABFF26BAC74A27E21,MD5=E4BF1E4D8477FBF8411E274F95A0D528,SHA256=62F622B022D4D8A52BAF02BCF0C163F6FD046265CC4553D2A8B267F8EDED4B76,IMPHASH=7DF1816239C5BC855600D41210406C5B", "ParentProcessGuid": "{e97d4e69-0000-0000-cb4d-000000000000}", "ParentProcessId": "536", "ParentImage": "C:\\Windows\\System32\\services.exe", "ParentCommandLine": "C:\\Windows\\system32\\services.exe", "_source_file": "data/baseline/win7-x86/Microsoft-Windows-Sysmon%4Operational.evtx"}, {"EventID": 10, "Computer": "evtx-PC", "UtcTime": "2022-04-04 11:19:57.690", "Provider": "Microsoft-Windows-Sysmon", "RuleName": "-", "SourceProcessGUID": "{e97d4e69-0000-0000-cb4d-000000000000}", "SourceProcessId": "536", "SourceThreadId": "624", "SourceImage": "C:\\Windows\\system32\\services.exe", "TargetProcessGUID": "{e97d4e69-0000-0000-94a9-090000000000}", "TargetProcessId": "4820", "TargetImage": "C:\\Program Files\\Google\\Update\\GoogleUpdate.exe", "GrantedAccess": "0x001fffff", "CallTrace": "C:\\Windows\\SYSTEM32\\ntdll.dll+44bcc|C:\\Windows\\system32\\kernel32.dll+54a0b|C:\\Windows\\system32\\kernel32.dll+2059|C:\\Windows\\system32\\services.exe+c500|C:\\Windows\\system32\\services.exe+1643a|C:\\Windows\\system32\\services.exe+90e1|C:\\Windows\\system32\\services.exe+8b7e|C:\\Windows\\system32\\services.exe+159db|C:\\Windows\\system32\\services.exe+158a6|C:\\Windows\\SYSTEM32\\ntdll.dll+2dbb4|C:\\Windows\\SYSTEM32\\ntdll.dll+2f35d|C:\\Windows\\SYSTEM32\\ntdll.dll+2e8d1|C:\\Windows\\system32\\kernel32.dll+51174|C:\\Windows\\SYSTEM32\\ntdll.dll+5b3f5|C:\\Windows\\SYSTEM32\\ntdll.dll+5b3c8", "_source_file": "data/baseline/win7-x86/Microsoft-Windows-Sysmon%4Operational.evtx"}, 