{"EventID": 12, "Computer": "evtx-PC", "UtcTime": "2022-04-04 11:19:46.792", "Provider": "Microsoft-Windows-Sysmon", "RuleName": "-", "EventType": "CreateKey", "ProcessGuid": "{e97d4e69-0000-0000-1262-000000000000}", "ProcessId": "668", "Image": "C:\\Windows\\system32\\svchost.exe", "TargetObject": "HKLM\\System\\CurrentControlSet\\Control\\DeviceClasses", "_source_file": "data/baseline/win7-x86/Microsoft-Windows-Sysmon%4Operational.evtx"}, {"EventID": 12, "Computer": "evtx-PC", "UtcTime": "2022-04-04 11:19:46.809", "Provider": "Microsoft-Windows-Sysmon", "RuleName": "-", "EventType": "CreateKey", "ProcessGuid": "{e97d4e69-0000-0000-1262-000000000000}", "ProcessId": "668", "Image": "C:\\Windows\\system32\\svchost.exe", "TargetObject": "HKLM\\System\\CurrentControlSet\\Control\\DeviceClasses", "_source_file": "data/baseline/win7-x86/Microsoft-Windows-Sysmon%4Operational.evtx"}, {"EventID": 12, "Computer": "evtx-PC", "UtcTime": "2022-04-04 11:19:46.809", "Provider": "Microsoft-Windows-Sysmon", "RuleName": "-", "EventType": "CreateKey", "ProcessGuid": "{e97d4e69-0000-0000-1262-000000000000}", "ProcessId": "668", "Image": "C:\\Windows\\system32\\svchost.exe", "TargetObject": "HKLM\\System\\CurrentControlSet\\Control\\DeviceClasses", "_source_file": "data/baseline/win7-x86/Microsoft-Windows-Sysmon%4Operational.evtx"}, {"EventID": 7, "Computer": "evtx-PC", "UtcTime": "2022-04-04 11:19:46.809", "Provider": "Microsoft-Windows-Sysmon", "RuleName": "-", "ProcessGuid": "{e97d4e69-0000-0000-f682-010000000000}", "ProcessId": "1272", "Image": "C:\\Windows\\explorer.exe", "ImageLoaded": "C:\\Windows\\System32\\DeviceCenter.dll", "FileVersion": "6.1.7600.16385 (win7_rtm.090713-1255)", "Description": "Device Center", "Product": "Microsoft\u00ae Windows\u00ae Operating System", "Company": "Microsoft Corporation", "OriginalFileName": "devicecenter.dll", "Hashes": "SHA1=6C75B6F5E312677DD292C0DDB207E1D16315D677,MD5=3E19163966261CCDBA4C8C030E601998,SHA256=B5F16AEE9566AFE44D172A82449EF3088FFECA2B2C3A68862FA8727F3091E3B8,IMPHASH=AECBBCB8EBDF43E110AD111F56FD446A", "Signed": "true", "Signature": "Microsoft Windows", "SignatureStatus": "Valid", "_source_file": "data/baseline/win7-x86/Microsoft-Windows-Sysmon%4Operational.evtx"}, {"EventID": 12, "Computer": "evtx-PC", "UtcTime": "2022-04-04 11:19:46.809", "Provider": "Microsoft-Windows-Sysmon", "RuleName": "-", "EventType": "CreateKey", "ProcessGuid": "{e97d4e69-0000-0000-1262-000000000000}", "ProcessId": "668", "Image": "C:\\Windows\\system32\\svchost.exe", "TargetObject": "HKLM\\System\\CurrentControlSet\\Control\\DeviceClasses", "_source_file": "data/baseline/win7-x86/Microsoft-Windows-Sysmon%4Operational.evtx"}, {"EventID": 12, "Computer": "evtx-PC", "UtcTime": "2022-04-04 11:19:46.809", "Provider": "Microsoft-Windows-Sysmon", "RuleName": "-", "EventType": "CreateKey", "ProcessGuid": "{e97d4e69-0000-0000-1262-000000000000}", "ProcessId": "668", "Image": "C:\\Windows\\system32\\svchost.exe", "TargetObject": "HKLM\\System\\CurrentControlSet\\Control\\DeviceClasses", "_source_file": "data/baseline/win7-x86/Microsoft-Windows-Sysmon%4Operational.evtx"}, {"EventID": 7, "Computer": "evtx-PC", "UtcTime": "2022-04-04 11:19:46.827", "Provider": "Microsoft-Windows-Sysmon", "RuleName": "-", "ProcessGuid": "{e97d4e69-0000-0000-f682-010000000000}", "ProcessId": "1272", "Image": "C:\\Windows\\explorer.exe", "ImageLoaded": "C:\\Windows\\System32\\mssvp.dll", "FileVersion": "7.00.7600.16385 (win7_rtm.090713-1255)", "Description": "MSSearch Vista Platform", "Product": "Windows\u00ae Search", "Company": "Microsoft Corporation", "OriginalFileName": "mssvp.dll", "Hashes": "SHA1=1AF6CE0D8884C51E71E17D07E11117A23E3CE8FD,MD5=63C1665A3A47266029DC0D0D0D8F4935,SHA256=8E9EF6B3989689E64A5339D988175A2D2C77D15A4A75475ECCFAB8447A5C3A9B,IMPHASH=38756D066D67CBB249D39BEE512C1231", "Signed": "true", "Signature": "Microsoft Windows", "SignatureStatus": "Valid", "_source_file": "data/baseline/win7-x86/Microsoft-Windows-Sysmon%4Operational.evtx"}, {"EventID": 7, "Computer": "evtx-PC", "UtcTime": "2022-04-04 11:19:46.827", "Provider": "Microsoft-Windows-Sysmon", "RuleName": "-", "ProcessGuid": "{e97d4e69-0000-0000-f682-010000000000}", "ProcessId": "1272", "Image": "C:\\Windows\\explorer.exe", "ImageLoaded": "C:\\Windows\\System32\\mapi32.dll", "FileVersion": "1.0.2536.0 (win7_rtm.090713-1255)", "Description": "Extended MAPI 1.0 for Windows NT", "Product": "Microsoft\u00ae Windows\u00ae Operating System", "Company": "Microsoft Corporation", "OriginalFileName": "MAPI32.DLL", "Hashes": "SHA1=03D996D192AD07995E76B055233F75D87F802631,MD5=000B3A704234C202D4D788A171B02243,SHA256=7F5D42EC44DD14204D068E7F4C44C411710A67CAB1A62A1E1484098C50495CF5,IMPHASH=D102FE1885735ADC27A95B078F0F5D5E", "Signed": "true", "Signature": "Microsoft Windows", "SignatureStatus": "Valid", "_source_file": "data/baseline/win7-x86/Microsoft-Windows-Sysmon%4Operational.evtx"}, {"EventID": 12, "Computer": "evtx-PC", "UtcTime": "2022-04-04 11:19:46.844", "Provider": "Microsoft-Windows-Sysmon", "RuleName": "-", "EventType": "CreateKey", "ProcessGuid": "{e97d4e69-0000-0000-f682-010000000000}", "ProcessId": "1272", "Image": "C:\\Windows\\Explorer.EXE", "TargetObject": "HKU\\S-1-5-21-712794737-353456615-3249761964-1001\\Software\\Microsoft\\Windows\\CurrentVersion\\Explorer\\RecentDocs", "_source_file": "data/baseline/win7-x86/Microsoft-Windows-Sysmon%4Operational.evtx"}, {"EventID": 7, "Computer": "evtx-PC", "UtcTime": "2022-04-04 11:19:46.861", "Provider": "Microsoft-Windows-Sysmon", "RuleName": "-", "ProcessGuid": "{e97d4e69-0000-0000-f682-010000000000}", "ProcessId": "1272", "Image": "C:\\Windows\\explorer.exe", "ImageLoaded": "C:\\Users\\evtx\\Desktop\\Sysmon (2)\\Sysmon.exe", "FileVersion": "13.23", "Description": "System activity monitor", "Product": "Sysinternals Sysmon", "Company": "Sysinternals - www.sysinternals.com", "OriginalFileName": "-", "Hashes": "SHA1=5203DE0C29E2916FE57F916E2A5F108C79AC5A95,MD5=A987E3026CE1B988DE0A4DC14477F0D7,SHA256=4AC74811AF20F980AA13051F02F020F6A785F31BC23801D4CD04FDC29A0BEE8F,IMPHASH=33359A3D800F7B6BCCEDAF64C57B2F78", "Signed": "false", "Signature": "-", "SignatureStatus": "Unavailable", "_source_file": "data/baseline/win7-x86/Microsoft-Windows-Sysmon%4Operational.evtx"}, {"EventID": 7, "Computer": "evtx-PC", "UtcTime": "2022-04-04 11:19:46.861", "Provider": "Microsoft-Windows-Sysmon", "RuleName": "-", "ProcessGuid": "{e97d4e69-0000-0000-f682-010000000000}", "ProcessId": "1272", "Image": "C:\\Windows\\explorer.exe", "ImageLoaded": "C:\\Users\\evtx\\Desktop\\Sysmon (2)\\Sysmon.exe", "FileVersion": "13.23", "Description": "System activity monitor", "Product": "Sysinternals Sysmon", "Company": "Sysinternals - www.sysinternals.com", "OriginalFileName": "-", "Hashes": "SHA1=5203DE0C29E2916FE57F916E2A5F108C79AC5A95,MD5=A987E3026CE1B988DE0A4DC14477F0D7,SHA256=4AC74811AF20F980AA13051F02F020F6A785F31BC23801D4CD04FDC29A0BEE8F,IMPHASH=33359A3D800F7B6BCCEDAF64C57B2F78", "Signed": "false", "Signature": "-", "SignatureStatus": "Unavailable", "_source_file": "data/baseline/win7-x86/Microsoft-Windows-Sysmon%4Operational.evtx"}, {"EventID": 12, "Computer": "evtx-PC", "UtcTime": "2022-04-04 11:19:46.895", "Provider": "Microsoft-Windows-Sysmon", "RuleName": "-", "EventType": "CreateKey", "ProcessGuid": "{e97d4e69-0000-0000-1262-000000000000}", "ProcessId": "668", "Image": "C:\\Windows\\system32\\svchost.exe", "TargetObject": "HKLM\\System\\CurrentControlSet\\Control\\DeviceClasses", "_source_file": "data/baseline/win7-x86/Microsoft-Windows-Sysmon%4Operational.evtx"}, {"EventID": 12, "Computer": "evtx-PC", "UtcTime": "2022-04-04 11:19:46.913", "Provider": "Microsoft-Windows-Sysmon", "RuleName": "-", "EventType": "CreateKey", "ProcessGuid": "{e97d4e69-0000-0000-1262-000000000000}", "ProcessId": "668", "Image": "C:\\Windows\\system32\\svchost.exe", "TargetObject": "HKLM\\System\\CurrentControlSet\\Control\\DeviceClasses", "_source_file": "data/baseline/win7-x86/Microsoft-Windows-Sysmon%4Operational.evtx"}, {"EventID": 12, "Computer": "evtx-PC", "UtcTime": "2022-04-04 11:19:46.913", "Provider": "Microsoft-Windows-Sysmon", "RuleName": "-", "EventType": "CreateKey", "ProcessGuid": "{e97d4e69-0000-0000-1262-000000000000}", "ProcessId": "668", "Image": "C:\\Windows\\system32\\svchost.exe", "TargetObject": "HKLM\\System\\CurrentControlSet\\Control\\DeviceClasses", "_source_file": "data/baseline/win7-x86/Microsoft-Windows-Sysmon%4Operational.evtx"}, {"EventID": 7, "Computer": "evtx-PC", "UtcTime": "2022-04-04 11:19:46.913", "Provider": "Microsoft-Windows-Sysmon", "RuleName": "-", "ProcessGuid": "{e97d4e69-0000-0000-f682-010000000000}", "ProcessId": "1272", "Image": "C:\\Windows\\explorer.exe", "ImageLoaded": "C:\\Windows\\System32\\DeviceCenter.dll", "FileVersion": "6.1.7600.16385 (win7_rtm.090713-1255)", "Description": "Device Center", "Product": "Microsoft\u00ae Windows\u00ae Operating System", "Company": "Microsoft Corporation", "OriginalFileName": "devicecenter.dll", "Hashes": "SHA1=6C75B6F5E312677DD292C0DDB207E1D16315D677,MD5=3E19163966261CCDBA4C8C030E601998,SHA256=B5F16AEE9566AFE44D172A82449EF3088FFECA2B2C3A68862FA8727F3091E3B8,IMPHASH=AECBBCB8EBDF43E110AD111F56FD446A", "Signed": "true", "Signature": "Microsoft Windows", "SignatureStatus": "Valid", "_source_file": "data/baseline/win7-x86/Microsoft-Windows-Sysmon%4Operational.evtx"}, {"EventID": 12, "Computer": "evtx-PC", "UtcTime": "2022-04-04 11:19:46.913", "Provider": "Microsoft-Windows-Sysmon", "RuleName": "-", "EventType": "CreateKey", "ProcessGuid": "{e97d4e69-0000-0000-1262-000000000000}", "ProcessId": "668", "Image": "C:\\Windows\\system32\\svchost.exe", "TargetObject": "HKLM\\System\\CurrentControlSet\\Control\\DeviceClasses", "_source_file": "data/baseline/win7-x86/Microsoft-Windows-Sysmon%4Operational.evtx"}, {"EventID": 12, "Computer": "evtx-PC", "UtcTime": "2022-04-04 11:19:46.913", "Provider": "Microsoft-Windows-Sysmon", "RuleName": "-", "EventType": "CreateKey", "ProcessGuid": "{e97d4e69-0000-0000-1262-000000000000}", "ProcessId": "668", "Image": "C:\\Windows\\system32\\svchost.exe", "TargetObject": "HKLM\\System\\CurrentControlSet\\Control\\DeviceClasses", "_source_file": "data/baseline/win7-x86/Microsoft-Windows-Sysmon%4Operational.evtx"}, {"EventID": 7, "Computer": "evtx-PC", "UtcTime": "2022-04-04 11:19:46.928", "Provider": "Microsoft-Windows-Sysmon", "RuleName": "-", "ProcessGuid": "{e97d4e69-0000-0000-f682-010000000000}", "ProcessId": "1272", "Image": "C:\\Windows\\explorer.exe", "ImageLoaded": "C:\\Windows\\System32\\mssvp.dll", "FileVersion": "7.00.7600.16385 (win7_rtm.090713-1255)", "Description": "MSSearch Vista Platform", "Product": "Windows\u00ae Search", "Company": "Microsoft Corporation", "OriginalFileName": "mssvp.dll", "Hashes": "SHA1=1AF6CE0D8884C51E71E17D07E11117A23E3CE8FD,MD5=63C1665A3A47266029DC0D0D0D8F4935,SHA256=8E9EF6B3989689E64A5339D988175A2D2C77D15A4A75475ECCFAB8447A5C3A9B,IMPHASH=38756D066D67CBB249D39BEE512C1231", "Signed": "true", "Signature": "Microsoft Windows", "SignatureStatus": "Valid", "_source_file": "data/baseline/win7-x86/Microsoft-Windows-Sysmon%4Operational.evtx"}, {"EventID": 7, "Computer": "evtx-PC", "UtcTime": "2022-04-04 11:19:46.928", "Provider": "Microsoft-Windows-Sysmon", "RuleName": "-", "ProcessGuid": "{e97d4e69-0000-0000-f682-010000000000}", "ProcessId": "1272", "Image": "C:\\Windows\\explorer.exe", "ImageLoaded": "C:\\Windows\\System32\\mapi32.dll", "FileVersion": "1.0.2536.0 (win7_rtm.090713-1255)", "Description": "Extended MAPI 1.0 for Windows NT", "Product": "Microsoft\u00ae Windows\u00ae Operating System", "Company": "Microsoft Corporation", "OriginalFileName": "MAPI32.DLL", "Hashes": "SHA1=03D996D192AD07995E76B055233F75D87F802631,MD5=000B3A704234C202D4D788A171B02243,SHA256=7F5D42EC44DD14204D068E7F4C44C411710A67CAB1A62A1E1484098C50495CF5,IMPHASH=D102FE1885735ADC27A95B078F0F5D5E", "Signed": "true", "Signature": "Microsoft Windows", "SignatureStatus": "Valid", "_source_file": "data/baseline/win7-x86/Microsoft-Windows-Sysmon%4Operational.evtx"}, {"EventID": 12, "Computer": "evtx-PC", "UtcTime": "2022-04-04 11:19:46.944", "Provider": "Microsoft-Windows-Sysmon", "RuleName": "-", "EventType": "CreateKey", "ProcessGuid": "{e97d4e69-0000-0000-f682-010000000000}", "ProcessId": "1272", "Image": "C:\\Windows\\Explorer.EXE", "TargetObject": "HKU\\S-1-5-21-712794737-353456615-3249761964-1001\\Software\\Microsoft\\Windows\\CurrentVersion\\Explorer\\RecentDocs", "_source_file": "data/baseline/win7-x86/Microsoft-Windows-Sysmon%4Operational.evtx"}, {"EventID": 12, "Computer": "evtx-PC", "UtcTime": "2022-04-04 11:19:47.036", "Provider": "Microsoft-Windows-Sysmon", "RuleName": "-", "EventType": "CreateKey", "ProcessGuid": "{e97d4e69-0000-0000-1262-000000000000}", "ProcessId": "668", "Image": "C:\\Windows\\system32\\svchost.exe", "TargetObject": "HKLM\\System\\CurrentControlSet\\Control\\DeviceClasses", "_source_file": "data/baseline/win7-x86/Microsoft-Windows-Sysmon%4Operational.evtx"}, {"EventID": 12, "Computer": "evtx-PC", "UtcTime": "2022-04-04 11:19:47.052", "Provider": "Microsoft-Windows-Sysmon", "RuleName": "-", "EventType": "CreateKey", "ProcessGuid": "{e97d4e69-0000-0000-1262-000000000000}", "ProcessId": "668", "Image": "C:\\Windows\\system32\\svchost.exe", "TargetObject": "HKLM\\System\\CurrentControlSet\\Control\\DeviceClasses", "_source_file": "data/baseline/win7-x86/Microsoft-Windows-Sysmon%4Operational.evtx"}, {"EventID": 12, "Computer": "evtx-PC", "UtcTime": "2022-04-04 11:19:47.052", "Provider": "Microsoft-Windows-Sysmon", "RuleName": "-", "EventType": "CreateKey", "ProcessGuid": "{e97d4e69-0000-0000-1262-000000000000}", "ProcessId": "668", "Image": "C:\\Windows\\system32\\svchost.exe", "TargetObject": "HKLM\\System\\CurrentControlSet\\Control\\DeviceClasses", "_source_file": "data/baseline/win7-x86/Microsoft-Windows-Sysmon%4Operational.evtx"}, {"EventID": 7, "Computer": "evtx-PC", "UtcTime": "2022-04-04 11:19:47.052", "Provider": "Microsoft-Windows-Sysmon", "RuleName": "-", "ProcessGuid": "{e97d4e69-0000-0000-f682-010000000000}", "ProcessId": "1272", "Image": "C:\\Windows\\explorer.exe", "ImageLoaded": "C:\\Windows\\System32\\DeviceCenter.dll", "FileVersion": "6.1.7600.16385 (win7_rtm.090713-1255)", "Description": "Device Center", "Product": "Microsoft\u00ae Windows\u00ae Operating System", "Company": "Microsoft Corporation", "OriginalFileName": "devicecenter.dll", "Hashes": "SHA1=6C75B6F5E312677DD292C0DDB207E1D16315D677,MD5=3E19163966261CCDBA4C8C030E601998,SHA256=B5F16AEE9566AFE44D172A82449EF3088FFECA2B2C3A68862FA8727F3091E3B8,IMPHASH=AECBBCB8EBDF43E110AD111F56FD446A", "Signed": "true", "Signature": "Microsoft Windows", "SignatureStatus": "Valid", "_source_file": "data/baseline/win7-x86/Microsoft-Windows-Sysmon%4Operational.evtx"}, {"EventID": 12, "Computer": "evtx-PC", "UtcTime": "2022-04-04 11:19:47.052", "Provider": "Microsoft-Windows-Sysmon", "RuleName": "-", "EventType": "CreateKey", "ProcessGuid": "{e97d4e69-0000-0000-1262-000000000000}", "ProcessId": "668", "Image": "C:\\Windows\\system32\\svchost.exe", "TargetObject": "HKLM\\System\\CurrentControlSet\\Control\\DeviceClasses", "_source_file": "data/baseline/win7-x86/Microsoft-Windows-Sysmon%4Operational.evtx"}, {"EventID": 12, "Computer": "evtx-PC", "UtcTime": "2022-04-04 11:19:47.052", "Provider": "Microsoft-Windows-Sysmon", "RuleName": "-", "EventType": "CreateKey", "ProcessGuid": "{e97d4e69-0000-0000-1262-000000000000}", "ProcessId": "668", "Image": "C:\\Windows\\system32\\svchost.exe", "TargetObject": "HKLM\\System\\CurrentControlSet\\Control\\DeviceClasses", "_source_file": "data/baseline/win7-x86/Microsoft-Windows-Sysmon%4Operational.evtx"}, {"EventID": 7, "Computer": "evtx-PC", "UtcTime": "2022-04-04 11:19:47.067", "Provider": "Microsoft-Windows-Sysmon", "RuleName": "-", "ProcessGuid": "{e97d4e69-0000-0000-f682-010000000000}", "ProcessId": "1272", "Image": "C:\\Windows\\explorer.exe", "ImageLoaded": "C:\\Windows\\System32\\mssvp.dll", "FileVersion": "7.00.7600.16385 (win7_rtm.090713-1255)", "Description": "MSSearch Vista Platform", "Product": "Windows\u00ae Search", "Company": "Microsoft Corporation", "OriginalFileName": "mssvp.dll", "Hashes": "SHA1=1AF6CE0D8884C51E71E17D07E11117A23E3CE8FD,MD5=63C1665A3A47266029DC0D0D0D8F4935,SHA256=8E9EF6B3989689E64A5339D988175A2D2C77D15A4A75475ECCFAB8447A5C3A9B,IMPHASH=38756D066D67CBB249D39BEE512C1231", "Signed": "true", "Signature": "Microsoft Windows", "SignatureStatus": "Valid", "_source_file": "data/baseline/win7-x86/Microsoft-Windows-Sysmon%4Operational.evtx"}, {"EventID": 7, "Computer": "evtx-PC", "UtcTime": "2022-04-04 11:19:47.067", "Provider": "Microsoft-Windows-Sysmon", "RuleName": "-", "ProcessGuid": "{e97d4e69-0000-0000-f682-010000000000}", "ProcessId": "1272", "Image": "C:\\Windows\\explorer.exe", "ImageLoaded": "C:\\Windows\\System32\\mapi32.dll", "FileVersion": "1.0.2536.0 (win7_rtm.090713-1255)", "Description": "Extended MAPI 1.0 for Windows NT", "Product": "Microsoft\u00ae Windows\u00ae Operating System", "Company": "Microsoft Corporation", "OriginalFileName": "MAPI32.DLL", "Hashes": "SHA1=03D996D192AD07995E76B055233F75D87F802631,MD5=000B3A704234C202D4D788A171B02243,SHA256=7F5D42EC44DD14204D068E7F4C44C411710A67CAB1A62A1E1484098C50495CF5,IMPHASH=D102FE1885735ADC27A95B078F0F5D5E", "Signed": "true", "Signature": "Microsoft Windows", "SignatureStatus": "Valid", "_source_file": "data/baseline/win7-x86/Microsoft-Windows-Sysmon%4Operational.evtx"}, {"EventID": 12, "Computer": "evtx-PC", "UtcTime": "2022-04-04 11:19:47.083", "Provider": "Microsoft-Windows-Sysmon", "RuleName": "-", "EventType": "CreateKey", "ProcessGuid": "{e97d4e69-0000-0000-f682-010000000000}", "ProcessId": "1272", "Image": "C:\\Windows\\Explorer.EXE", "TargetObject": "HKU\\S-1-5-21-712794737-353456615-3249761964-1001\\Software\\Microsoft\\Windows\\CurrentVersion\\Explorer\\RecentDocs", "_source_file": "data/baseline/win7-x86/Microsoft-Windows-Sysmon%4Operational.evtx"}, {"EventID": 12, "Computer": "evtx-PC", "UtcTime": "2022-04-04 11:19:48.552", "Provider": "Microsoft-Windows-Sysmon", "RuleName": "-", "EventType": "CreateKey", "ProcessGuid": "{e97d4e69-0000-0000-f682-010000000000}", "ProcessId": "1272", "Image": "C:\\Windows\\Explorer.EXE", "TargetObject": "HKU\\S-1-5-21-712794737-353456615-3249761964-1001\\Software\\Microsoft\\Windows\\CurrentVersion\\Explorer\\FileExts\\.lnk\\OpenWithProgids", "_source_file": "data/baseline/win7-x86/Microsoft-Windows-Sysmon%4Operational.evtx"}, {"EventID": 12, "Computer": "evtx-PC", "UtcTime": "2022-04-04 11:19:48.552", "Provider": "Microsoft-Windows-Sysmon", "RuleName": "-", "EventType": "CreateKey", "ProcessGuid": "{e97d4e69-0000-0000-f682-010000000000}", "ProcessId": "1272", "Image": "C:\\Windows\\Explorer.EXE", "TargetObject": "HKLM\\SOFTWARE\\RegisteredApplications", "_source_file": "data/baseline/win7-x86/Microsoft-Windows-Sysmon%4Operational.evtx"}, {"EventID": 12, "Computer": "evtx-PC", "UtcTime": "2022-04-04 11:19:48.552", "Provider": "Microsoft-Windows-Sysmon", "RuleName": "-", "EventType": "CreateKey", "ProcessGuid": "{e97d4e69-0000-0000-f682-010000000000}", "ProcessId": "1272", "Image": "C:\\Windows\\Explorer.EXE", "TargetObject": "HKU\\S-1-5-21-712794737-353456615-3249761964-1001\\Software\\Microsoft\\Windows\\CurrentVersion\\Explorer\\FileExts\\.lnk\\OpenWithList", "_source_file": "data/baseline/win7-x86/Microsoft-Windows-Sysmon%4Operational.evtx"}, {"EventID": 12, "Computer": "evtx-PC", "UtcTime": "2022-04-04 11:19:48.552", "Provider": "Microsoft-Windows-Sysmon", "RuleName": "-", "EventType": "CreateKey", "ProcessGuid": "{e97d4e69-0000-0000-f682-010000000000}", "ProcessId": "1272", "Image": "C:\\Windows\\Explorer.EXE", "TargetObject": "HKU\\S-1-5-21-712794737-353456615-3249761964-1001\\Software\\Microsoft\\Windows\\CurrentVersion\\Explorer\\FileExts\\.msc\\OpenWithProgids", "_source_file": "data/baseline/win7-x86/Microsoft-Windows-Sysmon%4Operational.evtx"}, {"EventID": 12, "Computer": "evtx-PC", "UtcTime": "2022-04-04 11:19:48.552", "Provider": "Microsoft-Windows-Sysmon", "RuleName": "-", "EventType": "CreateKey", "ProcessGuid": "{e97d4e69-0000-0000-f682-010000000000}", "ProcessId": "1272", "Image": "C:\\Windows\\Explorer.EXE", "TargetObject": "HKLM\\SOFTWARE\\RegisteredApplications", "_source_file": "data/baseline/win7-x86/Microsoft-Windows-Sysmon%4Operational.evtx"}, {"EventID": 12, "Computer": "evtx-PC", "UtcTime": "2022-04-04 11:19:48.552", "Provider": "Microsoft-Windows-Sysmon", "RuleName": "-", "EventType": "CreateKey", "ProcessGuid": "{e97d4e69-0000-0000-f682-010000000000}", "ProcessId": "1272", "Image": "C:\\Windows\\Explorer.EXE", "TargetObject": "HKU\\S-1-5-21-712794737-353456615-3249761964-1001\\Software\\Microsoft\\Windows\\CurrentVersion\\Explorer\\FileExts\\.msc\\OpenWithList", "_source_file": "data/baseline/win7-x86/Microsoft-Windows-Sysmon%4Operational.evtx"}, {"EventID": 12, "Computer": "evtx-PC", "UtcTime": "2022-04-04 11:19:48.568", "Provider": "Microsoft-Windows-Sysmon", "RuleName": "-", "EventType": "CreateKey", "ProcessGuid": "{e97d4e69-0000-0000-f682-010000000000}", "ProcessId": "1272", "Image": "C:\\Windows\\Explorer.EXE", "TargetObject": "HKU\\S-1-5-21-712794737-353456615-3249761964-1001\\Software\\Microsoft\\Windows\\CurrentVersion\\Explorer\\FileExts\\.msc\\OpenWithProgids", "_source_file": "data/baseline/win7-x86/Microsoft-Windows-Sysmon%4Operational.evtx"}, {"EventID": 12, "Computer": "evtx-PC", "UtcTime": "2022-04-04 11:19:48.568", "Provider": "Microsoft-Windows-Sysmon", "RuleName": "-", "EventType": "CreateKey", "ProcessGuid": "{e97d4e69-0000-0000-f682-010000000000}", "ProcessId": "1272", "Image": "C:\\Windows\\Explorer.EXE", "TargetObject": "HKLM\\SOFTWARE\\RegisteredApplications", "_source_file": "data/baseline/win7-x86/Microsoft-Windows-Sysmon%4Operational.evtx"}, {"EventID": 12, "Computer": "evtx-PC", "UtcTime": "2022-04-04 11:19:48.568", "Provider": "Microsoft-Windows-Sysmon", "RuleName": "-", "EventType": "CreateKey", "ProcessGuid": "{e97d4e69-0000-0000-f682-010000000000}", "ProcessId": "1272", "Image": "C:\\Windows\\Explorer.EXE", "TargetObject": "HKU\\S-1-5-21-712794737-353456615-3249761964-1001\\Software\\Microsoft\\Windows\\CurrentVersion\\Explorer\\FileExts\\.msc\\OpenWithList", "_source_file": "data/baseline/win7-x86/Microsoft-Windows-Sysmon%4Operational.evtx"}, {"EventID": 1, "Computer": "evtx-PC", "UtcTime": "2022-04-04 11:19:48.599", "Provider": "Microsoft-Windows-Sysmon", "RuleName": "-", "ProcessGuid": "{e97d4e69-0000-0000-ea01-060000000000}", "ProcessId": "4560", "Image": "C:\\Windows\\System32\\mmc.exe", "FileVersion": "6.1.7600.16385 (win7_rtm.090713-1255)", "Description": "Microsoft Management Console", "Product": "Microsoft\u00ae Windows\u00ae Operating System", "Company": "Microsoft Corporation", "OriginalFileName": "mmc.exe", "CommandLine": "\"C:\\Windows\\system32\\mmc.exe\" \"C:\\Windows\\system32\\eventvwr.msc\" /s", "CurrentDirectory": "C:\\Windows\\system32\\", "User": "evtx-PC\\evtx", "LogonGuid": "{e97d4e69-0000-0000-406b-010000000000}", "LogonId": "0x0000000000016b40", "TerminalSessionId": "1", "IntegrityLevel": "Medium", "Hashes": "SHA1=D63163689D0D55DD322CEB509BEE63B0436946AD,MD5=6AAF3BECE2C3D17091BCEF37C5A82AC0,SHA256=EDB5BA42C85EDBF30F8D9BA3DA6B32093D5804FF9E27C3A6AFF35AB7049F516F,IMPHASH=6D2ED4ADDAC7EBAE62381320D82AC4C1", "ParentProcessGuid": "{e97d4e69-0000-0000-f682-010000000000}", "ParentProcessId": "1272", "ParentImage": "C:\\Windows\\explorer.exe", "ParentCommandLine": "C:\\Windows\\Explorer.EXE", "_source_file": "data/baseline/win7-x86/Microsoft-Windows-Sysmon%4Operational.evtx"}, {"EventID": 9, "Computer": "evtx-PC", "UtcTime": "2022-04-04 11:19:48.599", "Provider": "Microsoft-Windows-Sysmon", "RuleName": "-", "ProcessGuid": "{e97d4e69-0000-0000-ea01-060000000000}", "ProcessId": "4560", "Image": "C:\\Windows\\System32\\mmc.exe", "Device": "\\Device\\HarddiskVolume2", "_source_file": "data/baseline/win7-x86/Microsoft-Windows-Sysmon%4Operational.evtx"}, {"EventID": 7, "Computer": "evtx-PC", "UtcTime": "2022-04-04 11:19:48.599", "Provider": "Microsoft-Windows-Sysmon", "RuleName": "-", "ProcessGuid": "{e97d4e69-0000-0000-f682-010000000000}", "ProcessId": "1272", "Image": "C:\\Windows\\explorer.exe", "ImageLoaded": "C:\\Windows\\System32\\mmc.exe", "FileVersion": "6.1.7600.16385 (win7_rtm.090713-1255)", "Description": "Microsoft Management Console", "Product": "Microsoft\u00ae Windows\u00ae Operating System", "Company": "Microsoft Corporation", "OriginalFileName": "mmc.exe", "Hashes": "SHA1=D63163689D0D55DD322CEB509BEE63B0436946AD,MD5=6AAF3BECE2C3D17091BCEF37C5A82AC0,SHA256=EDB5BA42C85EDBF30F8D9BA3DA6B32093D5804FF9E27C3A6AFF35AB7049F516F,IMPHASH=6D2ED4ADDAC7EBAE62381320D82AC4C1", "Signed": "true", "Signature": "Microsoft Windows", "SignatureStatus": "Valid", "_source_file": "data/baseline/win7-x86/Microsoft-Windows-Sysmon%4Operational.evtx"}, {"EventID": 5, "Computer": "evtx-PC", "UtcTime": "2022-04-04 11:19:48.676", "Provider": "Microsoft-Windows-Sysmon", "RuleName": "-", "ProcessGuid": "{e97d4e69-0000-0000-ea01-060000000000}", "ProcessId": "4560", "Image": "C:\\Windows\\System32\\mmc.exe", "_source_file": "data/baseline/win7-x86/Microsoft-Windows-Sysmon%4Operational.evtx"}, {"EventID": 10, "Computer": "evtx-PC", "UtcTime": "2022-04-04 11:19:48.676", "Provider": "Microsoft-Windows-Sysmon", "RuleName": "-", "SourceProcessGUID": "{e97d4e69-0000-0000-d5b6-000000000000}", "SourceProcessId": "988", "SourceThreadId": "1012", "SourceImage": "C:\\Windows\\system32\\svchost.exe", "TargetProcessGUID": "{e97d4e69-0000-0000-f682-010000000000}", "TargetProcessId": "1272", "TargetImage": "C:\\Windows\\Explorer.EXE", "GrantedAccess": "0x001014c0", "CallTrace": "C:\\Windows\\SYSTEM32\\ntdll.dll+451dc|c:\\windows\\system32\\appinfo.dll+4c54|c:\\windows\\system32\\appinfo.dll+5e45|C:\\Windows\\system32\\RPCRT4.dll+2fc8f|C:\\Windows\\system32\\RPCRT4.dll+947ea|C:\\Windows\\system32\\RPCRT4.dll+2f34a|C:\\Windows\\system32\\RPCRT4.dll+2f4da|C:\\Windows\\system32\\RPCRT4.dll+2f3c6|C:\\Windows\\system32\\RPCRT4.dll+30cef|C:\\Windows\\system32\\RPCRT4.dll+2f882|C:\\Windows\\system32\\RPCRT4.dll+2f7a4|C:\\Windows\\system32\\RPCRT4.dll+2f763|C:\\Windows\\system32\\RPCRT4.dll+2f5ff|C:\\Windows\\system32\\RPCRT4.dll+2f573|C:\\Windows\\system32\\RPCRT4.dll+2ee4f|C:\\Windows\\system32\\RPCRT4.dll+2ece7", "_source_file": "data/baseline/win7-x86/Microsoft-Windows-Sysmon%4Operational.evtx"}, {"EventID": 7, "Computer": "evtx-PC", "UtcTime": "2022-04-04 11:19:48.676", "Provider": "Microsoft-Windows-Sysmon", "RuleName": "-", "ProcessGuid": "{e97d4e69-0000-0000-d5b6-000000000000}", "ProcessId": "988", "Image": "C:\\Windows\\System32\\svchost.exe", "ImageLoaded": "C:\\Windows\\System32\\mmc.exe", "FileVersion": "6.1.7600.16385 (win7_rtm.090713-1255)", "Description": "Microsoft Management Console", "Product": "Microsoft\u00ae Windows\u00ae Operating System", "Company": "Microsoft Corporation", "OriginalFileName": "mmc.exe", "Hashes": "SHA1=D63163689D0D55DD322CEB509BEE63B0436946AD,MD5=6AAF3BECE2C3D17091BCEF37C5A82AC0,SHA256=EDB5BA42C85EDBF30F8D9BA3DA6B32093D5804FF9E27C3A6AFF35AB7049F516F,IMPHASH=6D2ED4ADDAC7EBAE62381320D82AC4C1", "Signed": "true", "Signature": "Microsoft Windows", "SignatureStatus": "Valid", "_source_file": "data/baseline/win7-x86/Microsoft-Windows-Sysmon%4Operational.evtx"}, {"EventID": 7, "Computer": "evtx-PC", "UtcTime": "2022-04-04 11:19:48.691", "Provider": "Microsoft-Windows-Sysmon", "RuleName": "-", "ProcessGuid": "{e97d4e69-0000-0000-d5b6-000000000000}", "ProcessId": "988", "Image": "C:\\Windows\\System32\\svchost.exe", "ImageLoaded": "C:\\Windows\\System32\\mmc.exe", "FileVersion": "6.1.7600.16385 (win7_rtm.090713-1255)", "Description": "Microsoft Management Console", "Product": "Microsoft\u00ae Windows\u00ae Operating System", "Company": "Microsoft Corporation", "OriginalFileName": "mmc.exe", "Hashes": "SHA1=D63163689D0D55DD322CEB509BEE63B0436946AD,MD5=6AAF3BECE2C3D17091BCEF37C5A82AC0,SHA256=EDB5BA42C85EDBF30F8D9BA3DA6B32093D5804FF9E27C3A6AFF35AB7049F516F,IMPHASH=6D2ED4ADDAC7EBAE62381320D82AC4C1", "Signed": "true", "Signature": "Microsoft Windows", "SignatureStatus": "Valid", "_source_file": "data/baseline/win7-x86/Microsoft-Windows-Sysmon%4Operational.evtx"}, {"EventID": 26, "Computer": "evtx-PC", "UtcTime": "2022-04-04 11:19:48.691", "Provider": "Microsoft-Windows-Sysmon", "RuleName": "-", "ProcessGuid": "{e97d4e69-0000-0000-beb3-000000000000}", "ProcessId": "940", "User": "NT AUTHORITY\\SYSTEM", "Image": "C:\\Windows\\System32\\svchost.exe", "TargetFilename": "C:\\Windows\\Prefetch\\MMC.EXE-E5EE3A89.pf", "Hashes": "SHA1=51861C612ECC6B523013625BC44408DFFEC97C2E,MD5=180BE4996D96549D0B7F936E52B769DD,SHA256=EC9F4325AA235E81EDAC9FA3DA673EE1C645F5E7A2ACC6CD7A23A18DD69A143F,IMPHASH=00000000000000000000000000000000", "IsExecutable": "False", "_source_file": "data/baseline/win7-x86/Microsoft-Windows-Sysmon%4Operational.evtx"}, {"EventID": 11, "Computer": "evtx-PC", "UtcTime": "2022-04-04 11:19:48.691", "Provider": "Microsoft-Windows-Sysmon", "RuleName": "-", "ProcessGuid": "{e97d4e69-0000-0000-beb3-000000000000}", "ProcessId": "940", "Image": "C:\\Windows\\System32\\svchost.exe", "TargetFilename": "C:\\Windows\\Prefetch\\MMC.EXE-E5EE3A89.pf", "CreationUtcTime": "2022-04-04 10:21:27.156", "_source_file": "data/baseline/win7-x86/Microsoft-Windows-Sysmon%4Operational.evtx"}, {"EventID": 1, "Computer": "evtx-PC", "UtcTime": "2022-04-04 11:19:48.691", "Provider": "Microsoft-Windows-Sysmon", "RuleName": "-", "ProcessGuid": "{e97d4e69-0000-0000-0505-060000000000}", "ProcessId": "4568", "Image": "C:\\Windows\\System32\\consent.exe", "FileVersion": "6.1.7600.16385 (win7_rtm.090713-1255)", "Description": "Consent UI for administrative applications", "Product": "Microsoft\u00ae Windows\u00ae Operating System", "Company": "Microsoft Corporation", "OriginalFileName": "consent.exe", "CommandLine": "consent.exe 988 378 01E2D058", "CurrentDirectory": "C:\\Windows\\system32\\", "User": "NT AUTHORITY\\SYSTEM", "LogonGuid": "{e97d4e69-0000-0000-e703-000000000000}", "LogonId": "0x00000000000003e7", "TerminalSessionId": "1", "IntegrityLevel": "System", "Hashes": "SHA1=8616FEBC20CE5905F38690302156428EF9C2CDB8,MD5=FD97EB722401938AD9C3E4BFAB1519A4,SHA256=33BFAA84E7543C9504B16113E0E0B16FAF3F117FC92FE4017F682E8E7D13B4FD,IMPHASH=54CC2696D9F7231B2E5A0BE4C06E39BA", "ParentProcessGuid": "{e97d4e69-0000-0000-d5b6-000000000000}", "ParentProcessId": "988", "ParentImage": "C:\\Windows\\System32\\svchost.exe", "ParentCommandLine": "C:\\Windows\\system32\\svchost.exe -k netsvcs", "_source_file": "data/baseline/win7-x86/Microsoft-Windows-Sysmon%4Operational.evtx"}, {"EventID": 10, "Computer": "evtx-PC", "UtcTime": "2022-04-04 11:19:48.691", "Provider": "Microsoft-Windows-Sysmon", "RuleName": "-", "SourceProcessGUID": "{e97d4e69-0000-0000-d5b6-000000000000}", "SourceProcessId": "988", "SourceThreadId": "1012", "SourceImage": "C:\\Windows\\system32\\svchost.exe", "TargetProcessGUID": "{e97d4e69-0000-0000-0505-060000000000}", "TargetProcessId": "4568", "TargetImage": "C:\\Windows\\system32\\consent.exe", "GrantedAccess": "0x001fffff", "CallTrace": "C:\\Windows\\SYSTEM32\\ntdll.dll+44bcc|C:\\Windows\\system32\\kernel32.dll+54a0b|C:\\Windows\\system32\\kernel32.dll+379e1|c:\\windows\\system32\\appinfo.dll+5abe|c:\\windows\\system32\\appinfo.dll+4932|c:\\windows\\system32\\appinfo.dll+6318|c:\\windows\\system32\\appinfo.dll+6040|C:\\Windows\\system32\\RPCRT4.dll+2fc8f|C:\\Windows\\system32\\RPCRT4.dll+947ea|C:\\Windows\\system32\\RPCRT4.dll+2f34a|C:\\Windows\\system32\\RPCRT4.dll+2f4da|C:\\Windows\\system32\\RPCRT4.dll+2f3c6|C:\\Windows\\system32\\RPCRT4.dll+30cef|C:\\Windows\\system32\\RPCRT4.dll+2f882|C:\\Windows\\system32\\RPCRT4.dll+2f7a4|C:\\Windows\\system32\\RPCRT4.dll+2f763", "_source_file": "data/baseline/win7-x86/Microsoft-Windows-Sysmon%4Operational.evtx"}, {"EventID": 7, "Computer": "evtx-PC", "UtcTime": "2022-04-04 11:19:48.691", "Provider": "Microsoft-Windows-Sysmon", "RuleName": "-", "ProcessGuid": "{e97d4e69-0000-0000-0505-060000000000}", "ProcessId": "4568", "Image": "C:\\Windows\\System32\\consent.exe", "ImageLoaded": "C:\\Windows\\System32\\ntdll.dll", "FileVersion": "6.1.7600.16385 (win7_rtm.090713-1255)", "Description": "NT Layer DLL", "Product": "Microsoft\u00ae Windows\u00ae Operating System", "Company": "Microsoft Corporation", "OriginalFileName": "ntdll.dll", "Hashes": "SHA1=9D56BF20851F26960C4C33DD4BDE84730C8D483F,MD5=F87212E64DE6DACDD55610B847DC2A60,SHA256=3E6EAE61CB3751B05547C3A316420DDDF472774BFA562BF9BF976F8430A2AFD1,IMPHASH=00000000000000000000000000000000", "Signed": "true", "Signature": "Microsoft Windows", "SignatureStatus": "Valid", "_source_file": "data/baseline/win7-x86/Microsoft-Windows-Sysmon%4Operational.evtx"}, {"EventID": 9, "Computer": "evtx-PC", "UtcTime": "2022-04-04 11:19:48.691", "Provider": "Microsoft-Windows-Sysmon", "RuleName": "-", "ProcessGuid": "{e97d4e69-0000-0000-0505-060000000000}", "ProcessId": "4568", "Image": "C:\\Windows\\System32\\consent.exe", "Device": "\\Device\\HarddiskVolume2", "_source_file": "data/baseline/win7-x86/Microsoft-Windows-Sysmon%4Operational.evtx"}, {"EventID": 7, "Computer": "evtx-PC", "UtcTime": "2022-04-04 11:19:48.691", "Provider": "Microsoft-Windows-Sysmon", "RuleName": "-", "ProcessGuid": "{e97d4e69-0000-0000-0505-060000000000}", "ProcessId": "4568", "Image": "C:\\Windows\\System32\\consent.exe", "ImageLoaded": "C:\\Windows\\System32\\consent.exe", "FileVersion": "6.1.7600.16385 (win7_rtm.090713-1255)", "Description": "Consent UI for administrative applications", "Product": "Microsoft\u00ae Windows\u00ae Operating System", "Company": "Microsoft Corporation", "OriginalFileName": "consent.exe", "Hashes": "SHA1=8616FEBC20CE5905F38690302156428EF9C2CDB8,MD5=FD97EB722401938AD9C3E4BFAB1519A4,SHA256=33BFAA84E7543C9504B16113E0E0B16FAF3F117FC92FE4017F682E8E7D13B4FD,IMPHASH=54CC2696D9F7231B2E5A0BE4C06E39BA", "Signed": "true", "Signature": "Microsoft Windows", "SignatureStatus": "Valid", "_source_file": "data/baseline/win7-x86/Microsoft-Windows-Sysmon%4Operational.evtx"}, {"EventID": 7, "Computer": "evtx-PC", "UtcTime": "2022-04-04 11:19:48.691", "Provider": "Microsoft-Windows-Sysmon", "RuleName": "-", "ProcessGuid": "{e97d4e69-0000-0000-0505-060000000000}", "ProcessId": "4568", "Image": "C:\\Windows\\System32\\consent.exe", "ImageLoaded": "C:\\Windows\\System32\\kernel32.dll", "FileVersion": "6.1.7600.16385 (win7_rtm.090713-1255)", "Description": "Windows NT BASE API Client DLL", "Product": "Microsoft\u00ae Windows\u00ae Operating System", "Company": "Microsoft Corporation", "OriginalFileName": "kernel32", "Hashes": "SHA1=4F0B455C60C4292A488291D8C29F48AEEC7A17E7,MD5=4605F7EE9805F7E1C98D6C959DD2949C,SHA256=AD30100868EB91760D03356330C6F68A5159D48D3C51A8A8A4FAB644B86369B5,IMPHASH=404D2A341C916548A2B0575C72B0E9D6", "Signed": "true", "Signature": "Microsoft Windows", "SignatureStatus": "Valid", "_source_file": "data/baseline/win7-x86/Microsoft-Windows-Sysmon%4Operational.evtx"}, {"EventID": 7, "Computer": "evtx-PC", "UtcTime": "2022-04-04 11:19:48.691", "Provider": "Microsoft-Windows-Sysmon", "RuleName": "-", "ProcessGuid": "{e97d4e69-0000-0000-0505-060000000000}", "ProcessId": "4568", "Image": "C:\\Windows\\System32\\consent.exe", "ImageLoaded": "C:\\Windows\\System32\\KernelBase.dll", "FileVersion": "6.1.7600.16385 (win7_rtm.090713-1255)", "Description": "Windows NT BASE API Client DLL", "Product": "Microsoft\u00ae Windows\u00ae Operating System", "Company": "Microsoft Corporation", "OriginalFileName": "Kernelbase", "Hashes": "SHA1=4DC055D5D64F5BA45347E0A5A372C306E65FA639,MD5=B03C89367C03C19A742482DC78904DD0,SHA256=776A1CE170D3054CAB68E00FBF26148184C2C4FE4529DB6966359F0FB01DB1AE,IMPHASH=42A9DE385BBA8B87B1179593596872E0", "Signed": "true", "Signature": "Microsoft Windows", "SignatureStatus": "Valid", "_source_file": "data/baseline/win7-x86/Microsoft-Windows-Sysmon%4Operational.evtx"}, {"EventID": 10, "Computer": "evtx-PC", "UtcTime": "2022-04-04 11:19:48.691", "Provider": "Microsoft-Windows-Sysmon", "RuleName": "-", "SourceProcessGUID": "{e97d4e69-0000-0000-3a45-000000000000}", "SourceProcessId": "444", "SourceThreadId": "492", "SourceImage": "C:\\Windows\\system32\\csrss.exe", "TargetProcessGUID": "{e97d4e69-0000-0000-0505-060000000000}", "TargetProcessId": "4568", "TargetImage": "C:\\Windows\\system32\\consent.exe", "GrantedAccess": "0x001fffff", "CallTrace": "C:\\Windows\\SYSTEM32\\ntdll.dll+4481c|C:\\Windows\\system32\\CSRSRV.dll+46b7|C:\\Windows\\system32\\CSRSRV.dll+48dd|C:\\Windows\\system32\\CSRSRV.dll+4aef|C:\\Windows\\SYSTEM32\\ntdll.dll+5d0b|C:\\Windows\\SYSTEM32\\ntdll.dll+5b3c8", "_source_file": "data/baseline/win7-x86/Microsoft-Windows-Sysmon%4Operational.evtx"}, {"EventID": 7, "Computer": "evtx-PC", "UtcTime": "2022-04-04 11:19:48.691", "Provider": "Microsoft-Windows-Sysmon", "RuleName": "-", "ProcessGuid": "{e97d4e69-0000-0000-0505-060000000000}", "ProcessId": "4568", "Image": "C:\\Windows\\System32\\consent.exe", "ImageLoaded": "C:\\Windows\\System32\\advapi32.dll", "FileVersion": "6.1.7600.16385 (win7_rtm.090713-1255)", "Description": "Advanced Windows 32 Base API", "Product": "Microsoft\u00ae Windows\u00ae Operating System", "Company": "Microsoft Corporation", "OriginalFileName": "advapi32.dll", "Hashes": "SHA1=1138E3976F45590DFA26ABDFF2203F410F951B3D,MD5=0C65FA8214D6F8378D1D3BA1CA46AF0A,SHA256=C8D0226F39A9DE3B871E84BB6B14975CBBE16A34ADAACBC33ACF726EE6E17104,IMPHASH=56357721DFDF00B68C7BE9D465E71475", "Signed": "true", "Signature": "Microsoft Windows", "SignatureStatus": "Valid", "_source_file": "data/baseline/win7-x86/Microsoft-Windows-Sysmon%4Operational.evtx"}, {"EventID": 7, "Computer": "evtx-PC", "UtcTime": "2022-04-04 11:19:48.691", "Provider": "Microsoft-Windows-Sysmon", "RuleName": "-", "ProcessGuid": "{e97d4e69-0000-0000-0505-060000000000}", "ProcessId": "4568", "Image": "C:\\Windows\\System32\\consent.exe", "ImageLoaded": "C:\\Windows\\System32\\msvcrt.dll", "FileVersion": "7.0.7600.16385 (win7_rtm.090713-1255)", "Description": "Windows NT CRT DLL", "Product": "Microsoft\u00ae Windows\u00ae Operating System", "Company": "Microsoft Corporation", "OriginalFileName": "msvcrt.dll", "Hashes": "SHA1=9D936EAA33418B995DD2B1B80DADA9BE4315D766,MD5=E46D48A7FE961401F1CBF85531CDF05D,SHA256=24CA38641020FF9E07E16CE3992212E2BFD2759E902D12744D4989ADF11995BF,IMPHASH=3215AF17EF09211D40D007CC900160F9", "Signed": "true", "Signature": "Microsoft Windows", "SignatureStatus": "Valid", "_source_file": "data/baseline/win7-x86/Microsoft-Windows-Sysmon%4Operational.evtx"}, {"EventID": 7, "Computer": "evtx-PC", "UtcTime": "2022-04-04 11:19:48.691", "Provider": "Microsoft-Windows-Sysmon", "RuleName": "-", "ProcessGuid": "{e97d4e69-0000-0000-0505-060000000000}", "ProcessId": "4568", "Image": "C:\\Windows\\System32\\consent.exe", "ImageLoaded": "C:\\Windows\\System32\\sechost.dll", "FileVersion": "6.1.7600.16385 (win7_rtm.090713-1255)", "Description": "Host for SCM/SDDL/LSA Lookup APIs", "Product": "Microsoft\u00ae Windows\u00ae Operating System", "Company": "Microsoft Corporation", "OriginalFileName": "sechost.dll", "Hashes": "SHA1=2AE4EA1E2F2248A86F0DD25A1CBF828B5496FA79,MD5=CFC97F07904067A1E5FAE195D534DA3A,SHA256=EB4D2D127312EB09E2ACCA3276779E80F90FAF77322684BABF72B8EC6E1F906C,IMPHASH=EA4ECF88B72B274A5F31593043F273C9", "Signed": "true", "Signature": "Microsoft Windows", "SignatureStatus": "Valid", "_source_file": "data/baseline/win7-x86/Microsoft-Windows-Sysmon%4Operational.evtx"}, {"EventID": 7, "Computer": "evtx-PC", "UtcTime": "2022-04-04 11:19:48.691", "Provider": "Microsoft-Windows-Sysmon", "RuleName": "-", "ProcessGuid": "{e97d4e69-0000-0000-0505-060000000000}", "ProcessId": "4568", "Image": "C:\\Windows\\System32\\consent.exe", "ImageLoaded": "C:\\Windows\\System32\\rpcrt4.dll", "FileVersion": "6.1.7600.16385 (win7_rtm.090713-1255)", "Description": "Remote Procedure Call Runtime", "Product": "Microsoft\u00ae Windows\u00ae Operating System", "Company": "Microsoft Corporation", "OriginalFileName": "rpcrt4.dll", "Hashes": "SHA1=3479588BEAE0CEE8256F6CCD24E4D2F9BAEDB46B,MD5=416D1DC8224A64B8C59DF79096EE6D1D,SHA256=CCC899FEAB2B25DC42992D9A18C71926C2CE2AFD2DB62376E60164C636546EEA,IMPHASH=980219E953D15459E4AD563CE0370930", "Signed": "true", "Signature": "Microsoft Windows", "SignatureStatus": "Valid", "_source_file": "data/baseline/win7-x86/Microsoft-Windows-Sysmon%4Operational.evtx"}, {"EventID": 7, "Computer": "evtx-PC", "UtcTime": "2022-04-04 11:19:48.691", "Provider": "Microsoft-Windows-Sysmon", "RuleName": "-", "ProcessGuid": "{e97d4e69-0000-0000-0505-060000000000}", "ProcessId": "4568", "Image": "C:\\Windows\\System32\\consent.exe", "ImageLoaded": "C:\\Windows\\System32\\gdi32.dll", "FileVersion": "6.1.7600.16385 (win7_rtm.090713-1255)", "Description": "GDI Client DLL", "Product": "Microsoft\u00ae Windows\u00ae Operating System", "Company": "Microsoft Corporation", "OriginalFileName": "gdi32", "Hashes": "SHA1=24E785651A5961C6E0D9F9ABE28CF92D0CA7B794,MD5=225F6F663B94ACAF4307055FBB42E55F,SHA256=3A1DD74EBB1895D893AC0E54EF5A0C87769F0B82606AC2C7E7378AFF5B593A10,IMPHASH=4295554673E6ED7B5F5B7D9AEE6913F2", "Signed": "true", "Signature": "Microsoft Windows", "SignatureStatus": "Valid", "_source_file": "data/baseline/win7-x86/Microsoft-Windows-Sysmon%4Operational.evtx"}, {"EventID": 7, "Computer": "evtx-PC", "UtcTime": "2022-04-04 11:19:48.691", "Provider": "Microsoft-Windows-Sysmon", "RuleName": "-", "ProcessGuid": "{e97d4e69-0000-0000-0505-060000000000}", "ProcessId": "4568", "Image": "C:\\Windows\\System32\\consent.exe", "ImageLoaded": "C:\\Windows\\System32\\user32.dll", "FileVersion": "6.1.7600.16385 (win7_rtm.090713-1255)", "Description": "Multi-User Windows USER API Client DLL", "Product": "Microsoft\u00ae Windows\u00ae Operating System", "Company": "Microsoft Corporation", "OriginalFileName": "user32", "Hashes": "SHA1=A73E33C0262054DF9BB02C165BB63C84F95807EE,MD5=34B7E222E81FAFA885F0C5F2CFA56861,SHA256=5BA1373011ABA23C3FCE3A9FF8DC4BBD5CE6889212200153C79A749CAE0C17B6,IMPHASH=BB2ED76D276846EBDA271332CA1302B8", "Signed": "true", "Signature": "Microsoft Windows", "SignatureStatus": "Valid", "_source_file": "data/baseline/win7-x86/Microsoft-Windows-Sysmon%4Operational.evtx"}, {"EventID": 7, "Computer": "evtx-PC", "UtcTime": "2022-04-04 11:19:48.691", "Provider": "Microsoft-Windows-Sysmon", "RuleName": "-", "ProcessGuid": "{e97d4e69-0000-0000-0505-060000000000}", "ProcessId": "4568", "Image": "C:\\Windows\\System32\\consent.exe", "ImageLoaded": "C:\\Windows\\System32\\lpk.dll", "FileVersion": "6.1.7600.16385 (win7_rtm.090713-1255)", "Description": "Language Pack", "Product": "Microsoft\u00ae Windows\u00ae Operating System", "Company": "Microsoft Corporation", "OriginalFileName": "LanguagePack", "Hashes": "SHA1=0A2E3A987CD4664CA2A6E9CC1EA429C6B79A2AE9,MD5=4F154D2C9C6DF951FD6E5AABBAE6B5EE,SHA256=FB3A3D2FD5AFFC513BD475E90A705E2C33C8E85AAF8B994C2A987DFC9D0A71D4,IMPHASH=B18FCB6327EB8EB41B606BBBC1E2B10A", "Signed": "true", "Signature": "Microsoft Windows", "SignatureStatus": "Valid", "_source_file": "data/baseline/win7-x86/Microsoft-Windows-Sysmon%4Operational.evtx"}, {"EventID": 7, "Computer": "evtx-PC", "UtcTime": "2022-04-04 11:19:48.691", "Provider": "Microsoft-Windows-Sysmon", "RuleName": "-", "ProcessGuid": "{e97d4e69-0000-0000-0505-060000000000}", "ProcessId": "4568", "Image": "C:\\Windows\\System32\\consent.exe", "ImageLoaded": "C:\\Windows\\System32\\usp10.dll", "FileVersion": "1.0626.7600.16385 (win7_rtm.090713-1255)", "Description": "Uniscribe Unicode script processor", "Product": "Microsoft(R) Uniscribe Unicode script processor", "Company": "Microsoft Corporation", "OriginalFileName": "Uniscribe", "Hashes": "SHA1=63179EDF1A4E51E841480A94F7E5FE9553254834,MD5=0BA19F3198C40AC4E8CC66EE02EDA6C6,SHA256=4555FB6ED0F286DF94FEACFEC36BF23E0F586CFA80DEE45C5EA7A0760C967E84,IMPHASH=6AB63B69DEFE1DFE2516D054C3C43E22", "Signed": "true", "Signature": "Microsoft Windows", "SignatureStatus": "Valid", "_source_file": "data/baseline/win7-x86/Microsoft-Windows-Sysmon%4Operational.evtx"}, {"EventID": 7, "Computer": "evtx-PC", "UtcTime": "2022-04-04 11:19:48.691", "Provider": "Microsoft-Windows-Sysmon", "RuleName": "-", "ProcessGuid": "{e97d4e69-0000-0000-0505-060000000000}", "ProcessId": "4568", "Image": "C:\\Windows\\System32\\consent.exe", "ImageLoaded": "C:\\Windows\\System32\\ole32.dll", "FileVersion": "6.1.7600.16385 (win7_rtm.090713-1255)", "Description": "Microsoft OLE for Windows", "Product": "Microsoft\u00ae Windows\u00ae Operating System", "Company": "Microsoft Corporation", "OriginalFileName": "OLE32.DLL", "Hashes": "SHA1=AD2F6459B95808C25F4C167C0D7D36BC0FDA4667,MD5=4ACB903AD1693858A918907358CBD9E4,SHA256=F7A5F4F958EB9A79C842A35CB4EE3947CC1F4F2DB4FCB5C90F8C99EF386009D3,IMPHASH=00402F17B490795C2367DFBE0059B215", "Signed": "true", "Signature": "Microsoft Windows", "SignatureStatus": "Valid", "_source_file": "data/baseline/win7-x86/Microsoft-Windows-Sysmon%4Operational.evtx"}, {"EventID": 7, "Computer": "evtx-PC", "UtcTime": "2022-04-04 11:19:48.691", "Provider": "Microsoft-Windows-Sysmon", "RuleName": "-", "ProcessGuid": "{e97d4e69-0000-0000-0505-060000000000}", "ProcessId": "4568", "Image": "C:\\Windows\\System32\\consent.exe", "ImageLoaded": "C:\\Windows\\System32\\msimg32.dll", "FileVersion": "6.1.7600.16385 (win7_rtm.090713-1255)", "Description": "GDIEXT Client DLL", "Product": "Microsoft\u00ae Windows\u00ae Operating System", "Company": "Microsoft Corporation", "OriginalFileName": "gdiext", "Hashes": "SHA1=1285F3ECCACB0A77CAAB84304682C457B348F6C3,MD5=18AB2E5A40064ED5F7791AC5946A90F3,SHA256=B7536CE56702C23B1CEC3E1B6C78866E0A76808B85A92AF3733D9ED9429E004C,IMPHASH=CE669631CEAD1D131A8EFE42E5E645C7", "Signed": "true", "Signature": "Microsoft Windows", "SignatureStatus": "Valid", "_source_file": "data/baseline/win7-x86/Microsoft-Windows-Sysmon%4Operational.evtx"}, {"EventID": 7, "Computer": "evtx-PC", "UtcTime": "2022-04-04 11:19:48.691", "Provider": "Microsoft-Windows-Sysmon", "RuleName": "-", "ProcessGuid": "{e97d4e69-0000-0000-0505-060000000000}", "ProcessId": "4568", "Image": "C:\\Windows\\System32\\consent.exe", "ImageLoaded": "C:\\Windows\\System32\\wmsgapi.dll", "FileVersion": "6.1.7600.16385 (win7_rtm.090713-1255)", "Description": "WinLogon IPC Client", "Product": "Microsoft\u00ae Windows\u00ae Operating System", "Company": "Microsoft Corporation", "OriginalFileName": "WMsgAPI.DLL", "Hashes": "SHA1=D35A3920437D1FC0BBDA0482F5C2F61B5A747F39,MD5=D412B1B72C5AB020218E9A047D90CA05,SHA256=A9CF8134DB968D259DF4DCC736159841BCB8DF309BEED4FB44F99033B8D31B39,IMPHASH=3F2A7D7378093100A172E891C35AB534", "Signed": "true", "Signature": "Microsoft Windows", "SignatureStatus": "Valid", "_source_file": "data/baseline/win7-x86/Microsoft-Windows-Sysmon%4Operational.evtx"}, {"EventID": 7, "Computer": "evtx-PC", "UtcTime": "2022-04-04 11:19:48.691", "Provider": "Microsoft-Windows-Sysmon", "RuleName": "-", "ProcessGuid": "{e97d4e69-0000-0000-0505-060000000000}", "ProcessId": "4568", "Image": "C:\\Windows\\System32\\consent.exe", "ImageLoaded": "C:\\Windows\\System32\\wtsapi32.dll", "FileVersion": "6.1.7600.16385 (win7_rtm.090713-1255)", "Description": "Windows Remote Desktop Session Host Server SDK APIs", "Product": "Microsoft\u00ae Windows\u00ae Operating System", "Company": "Microsoft Corporation", "OriginalFileName": "wtsapi32.dll", "Hashes": "SHA1=5EB9A8A50A51613F468314347A3CED70B6828C97,MD5=E30E5BB0DBA49EFE5BBBAFEA440CFBD9,SHA256=70D11382A242DB280FC121DBB95D2810E9139DAB6B66BA5FD58F115E3572649B,IMPHASH=7128DCC4A1252BAABD7573FF2138BBBA", "Signed": "true", "Signature": "Microsoft Windows", "SignatureStatus": "Valid", "_source_file": "data/baseline/win7-x86/Microsoft-Windows-Sysmon%4Operational.evtx"}, {"EventID": 7, "Computer": "evtx-PC", "UtcTime": "2022-04-04 11:19:48.722", "Provider": "Microsoft-Windows-Sysmon", "RuleName": "-", "ProcessGuid": "{e97d4e69-0000-0000-0505-060000000000}", "ProcessId": "4568", "Image": "C:\\Windows\\System32\\consent.exe", "ImageLoaded": "C:\\Windows\\System32\\msctf.dll", "FileVersion": "6.1.7600.16385 (win7_rtm.090713-1255)", "Description": "MSCTF Server DLL", "Product": "Microsoft\u00ae Windows\u00ae Operating System", "Company": "Microsoft Corporation", "OriginalFileName": "MSCTF.DLL", "Hashes": "SHA1=E3DC91726533F496DE2E120037534461CE080D0F,MD5=C9618BC9B2B0FD7C1138D8774795A79B,SHA256=0AC170669C2626519FA7A745C56BFBA6B83B8537488F5B9EB7BA72448E5E7A43,IMPHASH=E2192FA494B02675B3CBBAF733421007", "Signed": "true", "Signature": "Microsoft Windows", "SignatureStatus": "Valid", "_source_file": "data/baseline/win7-x86/Microsoft-Windows-Sysmon%4Operational.evtx"}, {"EventID": 7, "Computer": "evtx-PC", "UtcTime": "2022-04-04 11:19:48.722", "Provider": "Microsoft-Windows-Sysmon", "RuleName": "-", "ProcessGuid": "{e97d4e69-0000-0000-0505-060000000000}", "ProcessId": "4568", "Image": "C:\\Windows\\System32\\consent.exe", "ImageLoaded": "C:\\Windows\\System32\\imm32.dll", "FileVersion": "6.1.7600.16385 (win7_rtm.090713-1255)", "Description": "Multi-User Windows IMM32 API Client DLL", "Product": "Microsoft\u00ae Windows\u00ae Operating System", "Company": "Microsoft Corporation", "OriginalFileName": "imm32", "Hashes": "SHA1=8F3BD67AD69E588CB126F236B4B46734A550AEAB,MD5=5DF8132ADF721329234403189FC94E16,SHA256=872029ECC33BBB3CA7100D4EF931E497CD4CB7F692CA4D4A2A3E145CB634130E,IMPHASH=E0BE0937BE9496A917197B024E47B8AA", "Signed": "true", "Signature": "Microsoft Windows", "SignatureStatus": "Valid", "_source_file": "data/baseline/win7-x86/Microsoft-Windows-Sysmon%4Operational.evtx"}, 