{"EventID": 7, "Computer": "evtx-PC", "UtcTime": "2022-04-04 11:19:28.137", "Provider": "Microsoft-Windows-Sysmon", "RuleName": "-", "ProcessGuid": "{e97d4e69-0000-0000-2649-050000000000}", "ProcessId": "4224", "Image": "C:\\Windows\\System32\\dllhost.exe", "ImageLoaded": "C:\\Windows\\System32\\imm32.dll", "FileVersion": "6.1.7600.16385 (win7_rtm.090713-1255)", "Description": "Multi-User Windows IMM32 API Client DLL", "Product": "Microsoft\u00ae Windows\u00ae Operating System", "Company": "Microsoft Corporation", "OriginalFileName": "imm32", "Hashes": "SHA1=8F3BD67AD69E588CB126F236B4B46734A550AEAB,MD5=5DF8132ADF721329234403189FC94E16,SHA256=872029ECC33BBB3CA7100D4EF931E497CD4CB7F692CA4D4A2A3E145CB634130E,IMPHASH=E0BE0937BE9496A917197B024E47B8AA", "Signed": "true", "Signature": "Microsoft Windows", "SignatureStatus": "Valid", "_source_file": "data/baseline/win7-x86/Microsoft-Windows-Sysmon%4Operational.evtx"}, {"EventID": 7, "Computer": "evtx-PC", "UtcTime": "2022-04-04 11:19:28.137", "Provider": "Microsoft-Windows-Sysmon", "RuleName": "-", "ProcessGuid": "{e97d4e69-0000-0000-2649-050000000000}", "ProcessId": "4224", "Image": "C:\\Windows\\System32\\dllhost.exe", "ImageLoaded": "C:\\Windows\\System32\\msctf.dll", "FileVersion": "6.1.7600.16385 (win7_rtm.090713-1255)", "Description": "MSCTF Server DLL", "Product": "Microsoft\u00ae Windows\u00ae Operating System", "Company": "Microsoft Corporation", "OriginalFileName": "MSCTF.DLL", "Hashes": "SHA1=E3DC91726533F496DE2E120037534461CE080D0F,MD5=C9618BC9B2B0FD7C1138D8774795A79B,SHA256=0AC170669C2626519FA7A745C56BFBA6B83B8537488F5B9EB7BA72448E5E7A43,IMPHASH=E2192FA494B02675B3CBBAF733421007", "Signed": "true", "Signature": "Microsoft Windows", "SignatureStatus": "Valid", "_source_file": "data/baseline/win7-x86/Microsoft-Windows-Sysmon%4Operational.evtx"}, {"EventID": 7, "Computer": "evtx-PC", "UtcTime": "2022-04-04 11:19:28.137", "Provider": "Microsoft-Windows-Sysmon", "RuleName": "-", "ProcessGuid": "{e97d4e69-0000-0000-2649-050000000000}", "ProcessId": "4224", "Image": "C:\\Windows\\System32\\dllhost.exe", "ImageLoaded": "C:\\Windows\\System32\\cryptbase.dll", "FileVersion": "6.1.7600.16385 (win7_rtm.090713-1255)", "Description": "Base cryptographic API DLL", "Product": "Microsoft\u00ae Windows\u00ae Operating System", "Company": "Microsoft Corporation", "OriginalFileName": "cryptbase.dll", "Hashes": "SHA1=D5FEFB6B6AB0591F28D878B2D05E301DDC7957AB,MD5=F08F6FCD09F9BE94C37ACC1B344685FF,SHA256=DE48D766258B46EFEAB16579421C4BD97ACC6883F782D00E9857F4A0CE7E8A34,IMPHASH=D2E9FBE1281894943D404810F65E96DB", "Signed": "true", "Signature": "Microsoft Windows", "SignatureStatus": "Valid", "_source_file": "data/baseline/win7-x86/Microsoft-Windows-Sysmon%4Operational.evtx"}, {"EventID": 7, "Computer": "evtx-PC", "UtcTime": "2022-04-04 11:19:28.138", "Provider": "Microsoft-Windows-Sysmon", "RuleName": "-", "ProcessGuid": "{e97d4e69-0000-0000-2649-050000000000}", "ProcessId": "4224", "Image": "C:\\Windows\\System32\\dllhost.exe", "ImageLoaded": "C:\\Windows\\System32\\clbcatq.dll", "FileVersion": "2001.12.8530.16385 (win7_rtm.090713-1255)", "Description": "COM+ Configuration Catalog", "Product": "Microsoft\u00ae Windows\u00ae Operating System", "Company": "Microsoft Corporation", "OriginalFileName": "CLBCATQ.DLL", "Hashes": "SHA1=8C0B91CCA26862AFD6541EB1B78E5B74A29E7FE5,MD5=FF5688D309347F2720911D8796912834,SHA256=3B0D73C50D40A6F42629B7750F99F656BF5C1C50237D5F98B6C0F2CE5E2DA359,IMPHASH=786F63EB1CA007ABEA3CBDEFD7C421BF", "Signed": "true", "Signature": "Microsoft Windows", "SignatureStatus": "Valid", "_source_file": "data/baseline/win7-x86/Microsoft-Windows-Sysmon%4Operational.evtx"}, {"EventID": 7, "Computer": "evtx-PC", "UtcTime": "2022-04-04 11:19:28.138", "Provider": "Microsoft-Windows-Sysmon", "RuleName": "-", "ProcessGuid": "{e97d4e69-0000-0000-2649-050000000000}", "ProcessId": "4224", "Image": "C:\\Windows\\System32\\dllhost.exe", "ImageLoaded": "C:\\Windows\\System32\\advapi32.dll", "FileVersion": "6.1.7600.16385 (win7_rtm.090713-1255)", "Description": "Advanced Windows 32 Base API", "Product": "Microsoft\u00ae Windows\u00ae Operating System", "Company": "Microsoft Corporation", "OriginalFileName": "advapi32.dll", "Hashes": "SHA1=1138E3976F45590DFA26ABDFF2203F410F951B3D,MD5=0C65FA8214D6F8378D1D3BA1CA46AF0A,SHA256=C8D0226F39A9DE3B871E84BB6B14975CBBE16A34ADAACBC33ACF726EE6E17104,IMPHASH=56357721DFDF00B68C7BE9D465E71475", "Signed": "true", "Signature": "Microsoft Windows", "SignatureStatus": "Valid", "_source_file": "data/baseline/win7-x86/Microsoft-Windows-Sysmon%4Operational.evtx"}, {"EventID": 7, "Computer": "evtx-PC", "UtcTime": "2022-04-04 11:19:28.138", "Provider": "Microsoft-Windows-Sysmon", "RuleName": "-", "ProcessGuid": "{e97d4e69-0000-0000-2649-050000000000}", "ProcessId": "4224", "Image": "C:\\Windows\\System32\\dllhost.exe", "ImageLoaded": "C:\\Windows\\System32\\sechost.dll", "FileVersion": "6.1.7600.16385 (win7_rtm.090713-1255)", "Description": "Host for SCM/SDDL/LSA Lookup APIs", "Product": "Microsoft\u00ae Windows\u00ae Operating System", "Company": "Microsoft Corporation", "OriginalFileName": "sechost.dll", "Hashes": "SHA1=2AE4EA1E2F2248A86F0DD25A1CBF828B5496FA79,MD5=CFC97F07904067A1E5FAE195D534DA3A,SHA256=EB4D2D127312EB09E2ACCA3276779E80F90FAF77322684BABF72B8EC6E1F906C,IMPHASH=EA4ECF88B72B274A5F31593043F273C9", "Signed": "true", "Signature": "Microsoft Windows", "SignatureStatus": "Valid", "_source_file": "data/baseline/win7-x86/Microsoft-Windows-Sysmon%4Operational.evtx"}, {"EventID": 7, "Computer": "evtx-PC", "UtcTime": "2022-04-04 11:19:28.138", "Provider": "Microsoft-Windows-Sysmon", "RuleName": "-", "ProcessGuid": "{e97d4e69-0000-0000-2649-050000000000}", "ProcessId": "4224", "Image": "C:\\Windows\\System32\\dllhost.exe", "ImageLoaded": "C:\\Windows\\System32\\oleaut32.dll", "FileVersion": "6.1.7600.16385", "Description": "-", "Product": "-", "Company": "Microsoft Corporation", "OriginalFileName": "-", "Hashes": "SHA1=74C5D7321C62B54E32DC23583E7D954395C3E0C8,MD5=FADBB267FE9846233ED486DE6EEAAEB9,SHA256=7F038884CA763BBEB6E2ACADB4B58DBC5EE9D6A4FDC6C59B5AC8556850E1468E,IMPHASH=977DA93A00C8C967C5054BCABD8A4EBC", "Signed": "true", "Signature": "Microsoft Windows", "SignatureStatus": "Valid", "_source_file": "data/baseline/win7-x86/Microsoft-Windows-Sysmon%4Operational.evtx"}, {"EventID": 7, "Computer": "evtx-PC", "UtcTime": "2022-04-04 11:19:28.140", "Provider": "Microsoft-Windows-Sysmon", "RuleName": "-", "ProcessGuid": "{e97d4e69-0000-0000-2649-050000000000}", "ProcessId": "4224", "Image": "C:\\Windows\\System32\\dllhost.exe", "ImageLoaded": "C:\\Windows\\System32\\cryptsp.dll", "FileVersion": "6.1.7600.16385 (win7_rtm.090713-1255)", "Description": "Cryptographic Service Provider API", "Product": "Microsoft\u00ae Windows\u00ae Operating System", "Company": "Microsoft Corporation", "OriginalFileName": "cryptsp.dll", "Hashes": "SHA1=42CC9671399B63A2846904052D447691B0F4743D,MD5=7321F18D1F820612ED0E9F2D4B578A7E,SHA256=612BD7DE1DFBD100BD6ACB37A38565D88C39842D990D296B9B8E1FB75C3A94E7,IMPHASH=EBC7B47D85441B0F3DCE38E782316E8C", "Signed": "true", "Signature": "Microsoft Windows", "SignatureStatus": "Valid", "_source_file": "data/baseline/win7-x86/Microsoft-Windows-Sysmon%4Operational.evtx"}, {"EventID": 7, "Computer": "evtx-PC", "UtcTime": "2022-04-04 11:19:28.142", "Provider": "Microsoft-Windows-Sysmon", "RuleName": "-", "ProcessGuid": "{e97d4e69-0000-0000-2649-050000000000}", "ProcessId": "4224", "Image": "C:\\Windows\\System32\\dllhost.exe", "ImageLoaded": "C:\\Windows\\System32\\rsaenh.dll", "FileVersion": "6.1.7600.16385 (win7_rtm.090713-1255)", "Description": "Microsoft Enhanced Cryptographic Provider", "Product": "Microsoft\u00ae Windows\u00ae Operating System", "Company": "Microsoft Corporation", "OriginalFileName": "rsaenh.dll", "Hashes": "SHA1=D05812D84F7AAA2837F40F443704191C86ECEC2C,MD5=ED8EC63F7522DF4852147C84EC62C36A,SHA256=75633011CD28DCBD4834211A9D415F17DE15BFCD80FB9FF6CE25CBBD4E9899AF,IMPHASH=EF9E277FF69F132EDD8075D8CD0EBE4E", "Signed": "true", "Signature": "Microsoft Windows", "SignatureStatus": "Valid", "_source_file": "data/baseline/win7-x86/Microsoft-Windows-Sysmon%4Operational.evtx"}, {"EventID": 7, "Computer": "evtx-PC", "UtcTime": "2022-04-04 11:19:28.142", "Provider": "Microsoft-Windows-Sysmon", "RuleName": "-", "ProcessGuid": "{e97d4e69-0000-0000-2649-050000000000}", "ProcessId": "4224", "Image": "C:\\Windows\\System32\\dllhost.exe", "ImageLoaded": "C:\\Windows\\System32\\RpcRtRemote.dll", "FileVersion": "6.1.7600.16385 (win7_rtm.090713-1255)", "Description": "Remote RPC Extension", "Product": "Microsoft\u00ae Windows\u00ae Operating System", "Company": "Microsoft Corporation", "OriginalFileName": "RpcRtRemote.dll", "Hashes": "SHA1=59B6BAD9FFCB001A1E03DAA375F4702E8DB6799D,MD5=6C0BD9D59C7E97DEE2FB3407D17BF697,SHA256=C77DF45B0969DC9D99C1B0F14BECF95403679B912B26B66039A408921613499B,IMPHASH=D7A4102096FA838D83172C15D4B25C11", "Signed": "true", "Signature": "Microsoft Windows", "SignatureStatus": "Valid", "_source_file": "data/baseline/win7-x86/Microsoft-Windows-Sysmon%4Operational.evtx"}, {"EventID": 11, "Computer": "evtx-PC", "UtcTime": "2022-04-04 11:19:28.146", "Provider": "Microsoft-Windows-Sysmon", "RuleName": "-", "ProcessGuid": "{e97d4e69-0000-0000-9170-030000000000}", "ProcessId": "3668", "Image": "C:\\Windows\\Sysmon.exe", "TargetFilename": "C:\\Windows\\System32\\config\\systemprofile\\AppData\\LocalLow\\Microsoft\\CryptnetUrlCache\\MetaData\\F2E248BEDDBB2D85122423C41028BFD4", "CreationUtcTime": "2022-04-04 11:19:28.146", "_source_file": "data/baseline/win7-x86/Microsoft-Windows-Sysmon%4Operational.evtx"}, {"EventID": 11, "Computer": "evtx-PC", "UtcTime": "2022-04-04 11:19:28.146", "Provider": "Microsoft-Windows-Sysmon", "RuleName": "-", "ProcessGuid": "{e97d4e69-0000-0000-9170-030000000000}", "ProcessId": "3668", "Image": "C:\\Windows\\Sysmon.exe", "TargetFilename": "C:\\Windows\\System32\\config\\systemprofile\\AppData\\LocalLow\\Microsoft\\CryptnetUrlCache\\Content\\F2E248BEDDBB2D85122423C41028BFD4", "CreationUtcTime": "2022-04-04 11:19:28.146", "_source_file": "data/baseline/win7-x86/Microsoft-Windows-Sysmon%4Operational.evtx"}, {"EventID": 11, "Computer": "evtx-PC", "UtcTime": "2022-04-04 11:19:28.148", "Provider": "Microsoft-Windows-Sysmon", "RuleName": "-", "ProcessGuid": "{e97d4e69-0000-0000-9170-030000000000}", "ProcessId": "3668", "Image": "C:\\Windows\\Sysmon.exe", "TargetFilename": "C:\\Windows\\Temp\\Cab77A2.tmp", "CreationUtcTime": "2022-04-04 11:19:28.148", "_source_file": "data/baseline/win7-x86/Microsoft-Windows-Sysmon%4Operational.evtx"}, {"EventID": 11, "Computer": "evtx-PC", "UtcTime": "2022-04-04 11:19:28.148", "Provider": "Microsoft-Windows-Sysmon", "RuleName": "-", "ProcessGuid": "{e97d4e69-0000-0000-9170-030000000000}", "ProcessId": "3668", "Image": "C:\\Windows\\Sysmon.exe", "TargetFilename": "C:\\Windows\\Temp\\Tar77A3.tmp", "CreationUtcTime": "2022-04-04 11:19:28.148", "_source_file": "data/baseline/win7-x86/Microsoft-Windows-Sysmon%4Operational.evtx"}, {"EventID": 11, "Computer": "evtx-PC", "UtcTime": "2022-04-04 11:19:28.148", "Provider": "Microsoft-Windows-Sysmon", "RuleName": "-", "ProcessGuid": "{e97d4e69-0000-0000-9170-030000000000}", "ProcessId": "3668", "Image": "C:\\Windows\\Sysmon.exe", "TargetFilename": "C:\\Windows\\Temp\\Cab77A2.tmp", "CreationUtcTime": "2022-04-04 11:19:28.148", "_source_file": "data/baseline/win7-x86/Microsoft-Windows-Sysmon%4Operational.evtx"}, {"EventID": 11, "Computer": "evtx-PC", "UtcTime": "2022-04-04 11:19:28.149", "Provider": "Microsoft-Windows-Sysmon", "RuleName": "-", "ProcessGuid": "{e97d4e69-0000-0000-9170-030000000000}", "ProcessId": "3668", "Image": "C:\\Windows\\Sysmon.exe", "TargetFilename": "C:\\Windows\\Temp\\Tar77A3.tmp", "CreationUtcTime": "2022-04-04 11:19:28.148", "_source_file": "data/baseline/win7-x86/Microsoft-Windows-Sysmon%4Operational.evtx"}, {"EventID": 12, "Computer": "evtx-PC", "UtcTime": "2022-04-04 11:19:28.158", "Provider": "Microsoft-Windows-Sysmon", "RuleName": "-", "EventType": "CreateKey", "ProcessGuid": "{e97d4e69-0000-0000-e1c9-000000000000}", "ProcessId": "1136", "Image": "C:\\Windows\\system32\\svchost.exe", "TargetObject": "HKLM\\System\\CurrentControlSet\\services\\Tcpip\\Parameters", "_source_file": "data/baseline/win7-x86/Microsoft-Windows-Sysmon%4Operational.evtx"}, {"EventID": 12, "Computer": "evtx-PC", "UtcTime": "2022-04-04 11:19:28.406", "Provider": "Microsoft-Windows-Sysmon", "RuleName": "-", "EventType": "CreateKey", "ProcessGuid": "{e97d4e69-0000-0000-1262-000000000000}", "ProcessId": "668", "Image": "C:\\Windows\\system32\\svchost.exe", "TargetObject": "HKLM\\System\\CurrentControlSet\\Control\\DeviceClasses", "_source_file": "data/baseline/win7-x86/Microsoft-Windows-Sysmon%4Operational.evtx"}, {"EventID": 12, "Computer": "evtx-PC", "UtcTime": "2022-04-04 11:19:28.904", "Provider": "Microsoft-Windows-Sysmon", "RuleName": "-", "EventType": "CreateKey", "ProcessGuid": "{e97d4e69-0000-0000-1262-000000000000}", "ProcessId": "668", "Image": "C:\\Windows\\system32\\svchost.exe", "TargetObject": "HKLM\\System\\CurrentControlSet\\Control\\DeviceClasses", "_source_file": "data/baseline/win7-x86/Microsoft-Windows-Sysmon%4Operational.evtx"}, {"EventID": 12, "Computer": "evtx-PC", "UtcTime": "2022-04-04 11:19:29.404", "Provider": "Microsoft-Windows-Sysmon", "RuleName": "-", "EventType": "CreateKey", "ProcessGuid": "{e97d4e69-0000-0000-1262-000000000000}", "ProcessId": "668", "Image": "C:\\Windows\\system32\\svchost.exe", "TargetObject": "HKLM\\System\\CurrentControlSet\\Control\\DeviceClasses", "_source_file": "data/baseline/win7-x86/Microsoft-Windows-Sysmon%4Operational.evtx"}, {"EventID": 12, "Computer": "evtx-PC", "UtcTime": "2022-04-04 11:19:29.904", "Provider": "Microsoft-Windows-Sysmon", "RuleName": "-", "EventType": "CreateKey", "ProcessGuid": "{e97d4e69-0000-0000-1262-000000000000}", "ProcessId": "668", "Image": "C:\\Windows\\system32\\svchost.exe", "TargetObject": "HKLM\\System\\CurrentControlSet\\Control\\DeviceClasses", "_source_file": "data/baseline/win7-x86/Microsoft-Windows-Sysmon%4Operational.evtx"}, {"EventID": 8, "Computer": "evtx-PC", "UtcTime": "2022-04-04 11:19:30.008", "Provider": "Microsoft-Windows-Sysmon", "RuleName": "-", "SourceProcessGuid": "{e97d4e69-0000-0000-03f4-000000000000}", "SourceProcessId": "1456", "SourceImage": "C:\\Windows\\System32\\svchost.exe", "TargetProcessGuid": "{e97d4e69-0000-0000-96f9-040000000000}", "TargetProcessId": "356", "TargetImage": "C:\\Program Files\\Google\\Chrome\\Application\\chrome.exe", "NewThreadId": "4276", "StartAddress": "0x7775E97F", "StartModule": "C:\\Windows\\SYSTEM32\\ntdll.dll", "StartFunction": "EtwpNotificationThread", "_source_file": "data/baseline/win7-x86/Microsoft-Windows-Sysmon%4Operational.evtx"}, {"EventID": 8, "Computer": "evtx-PC", "UtcTime": "2022-04-04 11:19:30.008", "Provider": "Microsoft-Windows-Sysmon", "RuleName": "-", "SourceProcessGuid": "{e97d4e69-0000-0000-03f4-000000000000}", "SourceProcessId": "1456", "SourceImage": "C:\\Windows\\System32\\svchost.exe", "TargetProcessGuid": "{e97d4e69-0000-0000-71f7-040000000000}", "TargetProcessId": "1628", "TargetImage": "C:\\Program Files\\Google\\Chrome\\Application\\chrome.exe", "NewThreadId": "4280", "StartAddress": "0x7775E97F", "StartModule": "C:\\Windows\\SYSTEM32\\ntdll.dll", "StartFunction": "EtwpNotificationThread", "_source_file": "data/baseline/win7-x86/Microsoft-Windows-Sysmon%4Operational.evtx"}, {"EventID": 8, "Computer": "evtx-PC", "UtcTime": "2022-04-04 11:19:30.008", "Provider": "Microsoft-Windows-Sysmon", "RuleName": "-", "SourceProcessGuid": "{e97d4e69-0000-0000-03f4-000000000000}", "SourceProcessId": "1456", "SourceImage": "C:\\Windows\\System32\\svchost.exe", "TargetProcessGuid": "{e97d4e69-0000-0000-b4e2-040000000000}", "TargetProcessId": "3168", "TargetImage": "C:\\Program Files\\Google\\Chrome\\Application\\chrome.exe", "NewThreadId": "4284", "StartAddress": "0x7775E97F", "StartModule": "C:\\Windows\\SYSTEM32\\ntdll.dll", "StartFunction": "EtwpNotificationThread", "_source_file": "data/baseline/win7-x86/Microsoft-Windows-Sysmon%4Operational.evtx"}, {"EventID": 8, "Computer": "evtx-PC", "UtcTime": "2022-04-04 11:19:30.008", "Provider": "Microsoft-Windows-Sysmon", "RuleName": "-", "SourceProcessGuid": "{e97d4e69-0000-0000-03f4-000000000000}", "SourceProcessId": "1456", "SourceImage": "C:\\Windows\\System32\\svchost.exe", "TargetProcessGuid": "{e97d4e69-0000-0000-6dd8-040000000000}", "TargetProcessId": "3280", "TargetImage": "C:\\Program Files\\Google\\Chrome\\Application\\chrome.exe", "NewThreadId": "4288", "StartAddress": "0x7775E97F", "StartModule": "C:\\Windows\\SYSTEM32\\ntdll.dll", "StartFunction": "EtwpNotificationThread", "_source_file": "data/baseline/win7-x86/Microsoft-Windows-Sysmon%4Operational.evtx"}, {"EventID": 8, "Computer": "evtx-PC", "UtcTime": "2022-04-04 11:19:30.008", "Provider": "Microsoft-Windows-Sysmon", "RuleName": "-", "SourceProcessGuid": "{e97d4e69-0000-0000-03f4-000000000000}", "SourceProcessId": "1456", "SourceImage": "C:\\Windows\\System32\\svchost.exe", "TargetProcessGuid": "{e97d4e69-0000-0000-74ce-040000000000}", "TargetProcessId": "2252", "TargetImage": "C:\\Program Files\\Google\\Chrome\\Application\\chrome.exe", "NewThreadId": "4292", "StartAddress": "0x7775E97F", "StartModule": "C:\\Windows\\SYSTEM32\\ntdll.dll", "StartFunction": "EtwpNotificationThread", "_source_file": "data/baseline/win7-x86/Microsoft-Windows-Sysmon%4Operational.evtx"}, {"EventID": 8, "Computer": "evtx-PC", "UtcTime": "2022-04-04 11:19:30.008", "Provider": "Microsoft-Windows-Sysmon", "RuleName": "-", "SourceProcessGuid": "{e97d4e69-0000-0000-03f4-000000000000}", "SourceProcessId": "1456", "SourceImage": "C:\\Windows\\System32\\svchost.exe", "TargetProcessGuid": "{e97d4e69-0000-0000-2fcc-040000000000}", "TargetProcessId": "1908", "TargetImage": "C:\\Program Files\\Google\\Chrome\\Application\\chrome.exe", "NewThreadId": "4296", "StartAddress": "0x7775E97F", "StartModule": "C:\\Windows\\SYSTEM32\\ntdll.dll", "StartFunction": "EtwpNotificationThread", "_source_file": "data/baseline/win7-x86/Microsoft-Windows-Sysmon%4Operational.evtx"}, {"EventID": 8, "Computer": "evtx-PC", "UtcTime": "2022-04-04 11:19:30.008", "Provider": "Microsoft-Windows-Sysmon", "RuleName": "-", "SourceProcessGuid": "{e97d4e69-0000-0000-03f4-000000000000}", "SourceProcessId": "1456", "SourceImage": "C:\\Windows\\System32\\svchost.exe", "TargetProcessGuid": "{e97d4e69-0000-0000-e8cc-040000000000}", "TargetProcessId": "3992", "TargetImage": "C:\\Program Files\\Google\\Chrome\\Application\\chrome.exe", "NewThreadId": "4300", "StartAddress": "0x7775E97F", "StartModule": "C:\\Windows\\SYSTEM32\\ntdll.dll", "StartFunction": "EtwpNotificationThread", "_source_file": "data/baseline/win7-x86/Microsoft-Windows-Sysmon%4Operational.evtx"}, {"EventID": 8, "Computer": "evtx-PC", "UtcTime": "2022-04-04 11:19:30.008", "Provider": "Microsoft-Windows-Sysmon", "RuleName": "-", "SourceProcessGuid": "{e97d4e69-0000-0000-03f4-000000000000}", "SourceProcessId": "1456", "SourceImage": "C:\\Windows\\System32\\svchost.exe", "TargetProcessGuid": "{e97d4e69-0000-0000-93cb-040000000000}", "TargetProcessId": "3316", "TargetImage": "C:\\Program Files\\Google\\Chrome\\Application\\chrome.exe", "NewThreadId": "4304", "StartAddress": "0x7775E97F", "StartModule": "C:\\Windows\\SYSTEM32\\ntdll.dll", "StartFunction": "EtwpNotificationThread", "_source_file": "data/baseline/win7-x86/Microsoft-Windows-Sysmon%4Operational.evtx"}, {"EventID": 8, "Computer": "evtx-PC", "UtcTime": "2022-04-04 11:19:30.008", "Provider": "Microsoft-Windows-Sysmon", "RuleName": "-", "SourceProcessGuid": "{e97d4e69-0000-0000-03f4-000000000000}", "SourceProcessId": "1456", "SourceImage": "C:\\Windows\\System32\\svchost.exe", "TargetProcessGuid": "{e97d4e69-0000-0000-68c7-040000000000}", "TargetProcessId": "1436", "TargetImage": "C:\\Program Files\\Google\\Chrome\\Application\\chrome.exe", "NewThreadId": "4308", "StartAddress": "0x7775E97F", "StartModule": "C:\\Windows\\SYSTEM32\\ntdll.dll", "StartFunction": "EtwpNotificationThread", "_source_file": "data/baseline/win7-x86/Microsoft-Windows-Sysmon%4Operational.evtx"}, {"EventID": 8, "Computer": "evtx-PC", "UtcTime": "2022-04-04 11:19:30.008", "Provider": "Microsoft-Windows-Sysmon", "RuleName": "-", "SourceProcessGuid": "{e97d4e69-0000-0000-03f4-000000000000}", "SourceProcessId": "1456", "SourceImage": "C:\\Windows\\System32\\svchost.exe", "TargetProcessGuid": "{e97d4e69-0000-0000-13ad-040000000000}", "TargetProcessId": "1668", "TargetImage": "C:\\Program Files\\Google\\Chrome\\Application\\chrome.exe", "NewThreadId": "4312", "StartAddress": "0x7775E97F", "StartModule": "C:\\Windows\\SYSTEM32\\ntdll.dll", "StartFunction": "EtwpNotificationThread", "_source_file": "data/baseline/win7-x86/Microsoft-Windows-Sysmon%4Operational.evtx"}, {"EventID": 8, "Computer": "evtx-PC", "UtcTime": "2022-04-04 11:19:30.009", "Provider": "Microsoft-Windows-Sysmon", "RuleName": "-", "SourceProcessGuid": "{e97d4e69-0000-0000-03f4-000000000000}", "SourceProcessId": "1456", "SourceImage": "C:\\Windows\\System32\\svchost.exe", "TargetProcessGuid": "{e97d4e69-0000-0000-50a6-040000000000}", "TargetProcessId": "652", "TargetImage": "C:\\Program Files\\Google\\Chrome\\Application\\chrome.exe", "NewThreadId": "4316", "StartAddress": "0x7775E97F", "StartModule": "C:\\Windows\\SYSTEM32\\ntdll.dll", "StartFunction": "EtwpNotificationThread", "_source_file": "data/baseline/win7-x86/Microsoft-Windows-Sysmon%4Operational.evtx"}, {"EventID": 8, "Computer": "evtx-PC", "UtcTime": "2022-04-04 11:19:30.009", "Provider": "Microsoft-Windows-Sysmon", "RuleName": "-", "SourceProcessGuid": "{e97d4e69-0000-0000-03f4-000000000000}", "SourceProcessId": "1456", "SourceImage": "C:\\Windows\\System32\\svchost.exe", "TargetProcessGuid": "{e97d4e69-0000-0000-fc6e-040000000000}", "TargetProcessId": "3900", "TargetImage": "C:\\Program Files\\Google\\Chrome\\Application\\chrome.exe", "NewThreadId": "4320", "StartAddress": "0x7775E97F", "StartModule": "C:\\Windows\\SYSTEM32\\ntdll.dll", "StartFunction": "EtwpNotificationThread", "_source_file": "data/baseline/win7-x86/Microsoft-Windows-Sysmon%4Operational.evtx"}, {"EventID": 8, "Computer": "evtx-PC", "UtcTime": "2022-04-04 11:19:30.009", "Provider": "Microsoft-Windows-Sysmon", "RuleName": "-", "SourceProcessGuid": "{e97d4e69-0000-0000-03f4-000000000000}", "SourceProcessId": "1456", "SourceImage": "C:\\Windows\\System32\\svchost.exe", "TargetProcessGuid": "{e97d4e69-0000-0000-fb5c-040000000000}", "TargetProcessId": "3648", "TargetImage": "C:\\Program Files\\Google\\Chrome\\Application\\chrome.exe", "NewThreadId": "4324", "StartAddress": "0x7775E97F", "StartModule": "C:\\Windows\\SYSTEM32\\ntdll.dll", "StartFunction": "EtwpNotificationThread", "_source_file": "data/baseline/win7-x86/Microsoft-Windows-Sysmon%4Operational.evtx"}, {"EventID": 8, "Computer": "evtx-PC", "UtcTime": "2022-04-04 11:19:30.009", "Provider": "Microsoft-Windows-Sysmon", "RuleName": "-", "SourceProcessGuid": "{e97d4e69-0000-0000-03f4-000000000000}", "SourceProcessId": "1456", "SourceImage": "C:\\Windows\\System32\\svchost.exe", "TargetProcessGuid": "{e97d4e69-0000-0000-2a55-040000000000}", "TargetProcessId": "3460", "TargetImage": "C:\\Program Files\\Google\\Chrome\\Application\\chrome.exe", "NewThreadId": "4328", "StartAddress": "0x7775E97F", "StartModule": "C:\\Windows\\SYSTEM32\\ntdll.dll", "StartFunction": "EtwpNotificationThread", "_source_file": "data/baseline/win7-x86/Microsoft-Windows-Sysmon%4Operational.evtx"}, {"EventID": 8, "Computer": "evtx-PC", "UtcTime": "2022-04-04 11:19:30.009", "Provider": "Microsoft-Windows-Sysmon", "RuleName": "-", "SourceProcessGuid": "{e97d4e69-0000-0000-03f4-000000000000}", "SourceProcessId": "1456", "SourceImage": "C:\\Windows\\System32\\svchost.exe", "TargetProcessGuid": "{e97d4e69-0000-0000-322e-040000000000}", "TargetProcessId": "3076", "TargetImage": "C:\\Program Files\\Google\\Chrome\\Application\\chrome.exe", "NewThreadId": "4332", "StartAddress": "0x7775E97F", "StartModule": "C:\\Windows\\SYSTEM32\\ntdll.dll", "StartFunction": "EtwpNotificationThread", "_source_file": "data/baseline/win7-x86/Microsoft-Windows-Sysmon%4Operational.evtx"}, {"EventID": 8, "Computer": "evtx-PC", "UtcTime": "2022-04-04 11:19:30.009", "Provider": "Microsoft-Windows-Sysmon", "RuleName": "-", "SourceProcessGuid": "{e97d4e69-0000-0000-03f4-000000000000}", "SourceProcessId": "1456", "SourceImage": "C:\\Windows\\System32\\svchost.exe", "TargetProcessGuid": "{e97d4e69-0000-0000-47f9-030000000000}", "TargetProcessId": "4020", "TargetImage": "C:\\Program Files\\Google\\Chrome\\Application\\chrome.exe", "NewThreadId": "4336", "StartAddress": "0x7775E97F", "StartModule": "C:\\Windows\\SYSTEM32\\ntdll.dll", "StartFunction": "EtwpNotificationThread", "_source_file": "data/baseline/win7-x86/Microsoft-Windows-Sysmon%4Operational.evtx"}, {"EventID": 8, "Computer": "evtx-PC", "UtcTime": "2022-04-04 11:19:30.009", "Provider": "Microsoft-Windows-Sysmon", "RuleName": "-", "SourceProcessGuid": "{e97d4e69-0000-0000-03f4-000000000000}", "SourceProcessId": "1456", "SourceImage": "C:\\Windows\\System32\\svchost.exe", "TargetProcessGuid": "{e97d4e69-0000-0000-5808-040000000000}", "TargetProcessId": "888", "TargetImage": "C:\\Program Files\\Google\\Chrome\\Application\\chrome.exe", "NewThreadId": "4340", "StartAddress": "0x7775E97F", "StartModule": "C:\\Windows\\SYSTEM32\\ntdll.dll", "StartFunction": "EtwpNotificationThread", "_source_file": "data/baseline/win7-x86/Microsoft-Windows-Sysmon%4Operational.evtx"}, {"EventID": 8, "Computer": "evtx-PC", "UtcTime": "2022-04-04 11:19:30.009", "Provider": "Microsoft-Windows-Sysmon", "RuleName": "-", "SourceProcessGuid": "{e97d4e69-0000-0000-03f4-000000000000}", "SourceProcessId": "1456", "SourceImage": "C:\\Windows\\System32\\svchost.exe", "TargetProcessGuid": "{e97d4e69-0000-0000-8505-040000000000}", "TargetProcessId": "1036", "TargetImage": "C:\\Program Files\\Google\\Chrome\\Application\\chrome.exe", "NewThreadId": "4344", "StartAddress": "0x7775E97F", "StartModule": "C:\\Windows\\SYSTEM32\\ntdll.dll", "StartFunction": "EtwpNotificationThread", "_source_file": "data/baseline/win7-x86/Microsoft-Windows-Sysmon%4Operational.evtx"}, {"EventID": 8, "Computer": "evtx-PC", "UtcTime": "2022-04-04 11:19:30.009", "Provider": "Microsoft-Windows-Sysmon", "RuleName": "-", "SourceProcessGuid": "{e97d4e69-0000-0000-03f4-000000000000}", "SourceProcessId": "1456", "SourceImage": "C:\\Windows\\System32\\svchost.exe", "TargetProcessGuid": "{e97d4e69-0000-0000-affb-030000000000}", "TargetProcessId": "4036", "TargetImage": "C:\\Program Files\\Google\\Chrome\\Application\\chrome.exe", "NewThreadId": "4348", "StartAddress": "0x7775E97F", "StartModule": "C:\\Windows\\SYSTEM32\\ntdll.dll", "StartFunction": "EtwpNotificationThread", "_source_file": "data/baseline/win7-x86/Microsoft-Windows-Sysmon%4Operational.evtx"}, {"EventID": 8, "Computer": "evtx-PC", "UtcTime": "2022-04-04 11:19:30.009", "Provider": "Microsoft-Windows-Sysmon", "RuleName": "-", "SourceProcessGuid": "{e97d4e69-0000-0000-03f4-000000000000}", "SourceProcessId": "1456", "SourceImage": "C:\\Windows\\System32\\svchost.exe", "TargetProcessGuid": "{e97d4e69-0000-0000-6178-030000000000}", "TargetProcessId": "3820", "TargetImage": "C:\\Windows\\Sysmon.exe", "NewThreadId": "4352", "StartAddress": "0x7775E97F", "StartModule": "C:\\Windows\\SYSTEM32\\ntdll.dll", "StartFunction": "EtwpNotificationThread", "_source_file": "data/baseline/win7-x86/Microsoft-Windows-Sysmon%4Operational.evtx"}, {"EventID": 8, "Computer": "evtx-PC", "UtcTime": "2022-04-04 11:19:30.009", "Provider": "Microsoft-Windows-Sysmon", "RuleName": "-", "SourceProcessGuid": "{e97d4e69-0000-0000-03f4-000000000000}", "SourceProcessId": "1456", "SourceImage": "C:\\Windows\\System32\\svchost.exe", "TargetProcessGuid": "{e97d4e69-0000-0000-9170-030000000000}", "TargetProcessId": "3668", "TargetImage": "C:\\Windows\\Sysmon.exe", "NewThreadId": "4356", "StartAddress": "0x7775E97F", "StartModule": "C:\\Windows\\SYSTEM32\\ntdll.dll", "StartFunction": "EtwpNotificationThread", "_source_file": "data/baseline/win7-x86/Microsoft-Windows-Sysmon%4Operational.evtx"}, {"EventID": 8, "Computer": "evtx-PC", "UtcTime": "2022-04-04 11:19:30.009", "Provider": "Microsoft-Windows-Sysmon", "RuleName": "-", "SourceProcessGuid": "{e97d4e69-0000-0000-03f4-000000000000}", "SourceProcessId": "1456", "SourceImage": "C:\\Windows\\System32\\svchost.exe", "TargetProcessGuid": "{e97d4e69-0000-0000-4411-030000000000}", "TargetProcessId": "3376", "TargetImage": "C:\\Windows\\System32\\conhost.exe", "NewThreadId": "4360", "StartAddress": "0x7775E97F", "StartModule": "C:\\Windows\\SYSTEM32\\ntdll.dll", "StartFunction": "EtwpNotificationThread", "_source_file": "data/baseline/win7-x86/Microsoft-Windows-Sysmon%4Operational.evtx"}, {"EventID": 8, "Computer": "evtx-PC", "UtcTime": "2022-04-04 11:19:30.009", "Provider": "Microsoft-Windows-Sysmon", "RuleName": "-", "SourceProcessGuid": "{e97d4e69-0000-0000-03f4-000000000000}", "SourceProcessId": "1456", "SourceImage": "C:\\Windows\\System32\\svchost.exe", "TargetProcessGuid": "{e97d4e69-0000-0000-f682-010000000000}", "TargetProcessId": "1272", "TargetImage": "C:\\Windows\\explorer.exe", "NewThreadId": "4364", "StartAddress": "0x7775E97F", "StartModule": "C:\\Windows\\SYSTEM32\\ntdll.dll", "StartFunction": "EtwpNotificationThread", "_source_file": "data/baseline/win7-x86/Microsoft-Windows-Sysmon%4Operational.evtx"}, {"EventID": 8, "Computer": "evtx-PC", "UtcTime": "2022-04-04 11:19:30.009", "Provider": "Microsoft-Windows-Sysmon", "RuleName": "-", "SourceProcessGuid": "{e97d4e69-0000-0000-03f4-000000000000}", "SourceProcessId": "1456", "SourceImage": "C:\\Windows\\System32\\svchost.exe", "TargetProcessGuid": "{e97d4e69-0000-0000-fb78-020000000000}", "TargetProcessId": "2880", "TargetImage": "C:\\Windows\\System32\\svchost.exe", "NewThreadId": "4368", "StartAddress": "0x7775E97F", "StartModule": "C:\\Windows\\SYSTEM32\\ntdll.dll", "StartFunction": "EtwpNotificationThread", "_source_file": "data/baseline/win7-x86/Microsoft-Windows-Sysmon%4Operational.evtx"}, {"EventID": 8, "Computer": "evtx-PC", "UtcTime": "2022-04-04 11:19:30.010", "Provider": "Microsoft-Windows-Sysmon", "RuleName": "-", "SourceProcessGuid": "{e97d4e69-0000-0000-03f4-000000000000}", "SourceProcessId": "1456", "SourceImage": "C:\\Windows\\System32\\svchost.exe", "TargetProcessGuid": "{e97d4e69-0000-0000-f4fe-010000000000}", "TargetProcessId": "2308", "TargetImage": "C:\\Windows\\System32\\SearchIndexer.exe", "NewThreadId": "4372", "StartAddress": "0x7775E97F", "StartModule": "C:\\Windows\\SYSTEM32\\ntdll.dll", "StartFunction": "EtwpNotificationThread", "_source_file": "data/baseline/win7-x86/Microsoft-Windows-Sysmon%4Operational.evtx"}, {"EventID": 8, "Computer": "evtx-PC", "UtcTime": "2022-04-04 11:19:30.010", "Provider": "Microsoft-Windows-Sysmon", "RuleName": "-", "SourceProcessGuid": "{e97d4e69-0000-0000-03f4-000000000000}", "SourceProcessId": "1456", "SourceImage": "C:\\Windows\\System32\\svchost.exe", "TargetProcessGuid": "{e97d4e69-0000-0000-9311-020000000000}", "TargetProcessId": "2432", "TargetImage": "C:\\Windows\\System32\\SearchProtocolHost.exe", "NewThreadId": "4376", "StartAddress": "0x7775E97F", "StartModule": "C:\\Windows\\SYSTEM32\\ntdll.dll", "StartFunction": "EtwpNotificationThread", "_source_file": "data/baseline/win7-x86/Microsoft-Windows-Sysmon%4Operational.evtx"}, {"EventID": 8, "Computer": "evtx-PC", "UtcTime": "2022-04-04 11:19:30.010", "Provider": "Microsoft-Windows-Sysmon", "RuleName": "-", "SourceProcessGuid": "{e97d4e69-0000-0000-03f4-000000000000}", "SourceProcessId": "1456", "SourceImage": "C:\\Windows\\System32\\svchost.exe", "TargetProcessGuid": "{e97d4e69-0000-0000-e715-020000000000}", "TargetProcessId": "2452", "TargetImage": "C:\\Windows\\System32\\SearchFilterHost.exe", "NewThreadId": "4380", "StartAddress": "0x7775E97F", "StartModule": "C:\\Windows\\SYSTEM32\\ntdll.dll", "StartFunction": "EtwpNotificationThread", "_source_file": "data/baseline/win7-x86/Microsoft-Windows-Sysmon%4Operational.evtx"}, {"EventID": 8, "Computer": "evtx-PC", "UtcTime": "2022-04-04 11:19:30.010", "Provider": "Microsoft-Windows-Sysmon", "RuleName": "-", "SourceProcessGuid": "{e97d4e69-0000-0000-03f4-000000000000}", "SourceProcessId": "1456", "SourceImage": "C:\\Windows\\System32\\svchost.exe", "TargetProcessGuid": "{e97d4e69-0000-0000-2d70-010000000000}", "TargetProcessId": "316", "TargetImage": "C:\\Windows\\System32\\taskhost.exe", "NewThreadId": "4384", "StartAddress": "0x7775E97F", "StartModule": "C:\\Windows\\SYSTEM32\\ntdll.dll", "StartFunction": "EtwpNotificationThread", "_source_file": "data/baseline/win7-x86/Microsoft-Windows-Sysmon%4Operational.evtx"}, {"EventID": 8, "Computer": "evtx-PC", "UtcTime": "2022-04-04 11:19:30.010", "Provider": "Microsoft-Windows-Sysmon", "RuleName": "-", "SourceProcessGuid": "{e97d4e69-0000-0000-03f4-000000000000}", "SourceProcessId": "1456", "SourceImage": "C:\\Windows\\System32\\svchost.exe", "TargetProcessGuid": "{e97d4e69-0000-0000-5ccd-010000000000}", "TargetProcessId": "2144", "TargetImage": "C:\\Program Files\\Google\\Update\\1.3.36.122\\GoogleCrashHandler.exe", "NewThreadId": "4388", "StartAddress": "0x7775E97F", "StartModule": "C:\\Windows\\SYSTEM32\\ntdll.dll", "StartFunction": "EtwpNotificationThread", "_source_file": "data/baseline/win7-x86/Microsoft-Windows-Sysmon%4Operational.evtx"}, {"EventID": 8, "Computer": "evtx-PC", "UtcTime": "2022-04-04 11:19:30.010", "Provider": "Microsoft-Windows-Sysmon", "RuleName": "-", "SourceProcessGuid": "{e97d4e69-0000-0000-03f4-000000000000}", "SourceProcessId": "1456", "SourceImage": "C:\\Windows\\System32\\svchost.exe", "TargetProcessGuid": "{e97d4e69-0000-0000-2cb5-010000000000}", "TargetProcessId": "1948", "TargetImage": "C:\\Windows\\System32\\VBoxTray.exe", "NewThreadId": "4392", "StartAddress": "0x7775E97F", "StartModule": "C:\\Windows\\SYSTEM32\\ntdll.dll", "StartFunction": "EtwpNotificationThread", "_source_file": "data/baseline/win7-x86/Microsoft-Windows-Sysmon%4Operational.evtx"}, {"EventID": 8, "Computer": "evtx-PC", "UtcTime": "2022-04-04 11:19:30.010", "Provider": "Microsoft-Windows-Sysmon", "RuleName": "-", "SourceProcessGuid": "{e97d4e69-0000-0000-03f4-000000000000}", "SourceProcessId": "1456", "SourceImage": "C:\\Windows\\System32\\svchost.exe", "TargetProcessGuid": "{e97d4e69-0000-0000-3b80-010000000000}", "TargetProcessId": "604", "TargetImage": "C:\\Windows\\System32\\dwm.exe", "NewThreadId": "4396", "StartAddress": "0x7775E97F", "StartModule": "C:\\Windows\\SYSTEM32\\ntdll.dll", "StartFunction": "EtwpNotificationThread", "_source_file": "data/baseline/win7-x86/Microsoft-Windows-Sysmon%4Operational.evtx"}, {"EventID": 8, "Computer": "evtx-PC", "UtcTime": "2022-04-04 11:19:30.010", "Provider": "Microsoft-Windows-Sysmon", "RuleName": "-", "SourceProcessGuid": "{e97d4e69-0000-0000-03f4-000000000000}", "SourceProcessId": "1456", "SourceImage": "C:\\Windows\\System32\\svchost.exe", "TargetProcessGuid": "{e97d4e69-0000-0000-a475-010000000000}", "TargetProcessId": "388", "TargetImage": "C:\\Windows\\System32\\taskeng.exe", "NewThreadId": "4400", "StartAddress": "0x7775E97F", "StartModule": "C:\\Windows\\SYSTEM32\\ntdll.dll", "StartFunction": "EtwpNotificationThread", "_source_file": "data/baseline/win7-x86/Microsoft-Windows-Sysmon%4Operational.evtx"}, {"EventID": 8, "Computer": "evtx-PC", "UtcTime": "2022-04-04 11:19:30.010", "Provider": "Microsoft-Windows-Sysmon", "RuleName": "-", "SourceProcessGuid": "{e97d4e69-0000-0000-03f4-000000000000}", "SourceProcessId": "1456", "SourceImage": "C:\\Windows\\System32\\svchost.exe", "TargetProcessGuid": "{e97d4e69-0000-0000-f7c3-000000000000}", "TargetProcessId": "1072", "TargetImage": "C:\\Windows\\System32\\audiodg.exe", "NewThreadId": "4408", "StartAddress": "0x7775E97F", "StartModule": "C:\\Windows\\SYSTEM32\\ntdll.dll", "StartFunction": "EtwpNotificationThread", "_source_file": "data/baseline/win7-x86/Microsoft-Windows-Sysmon%4Operational.evtx"}, {"EventID": 8, "Computer": "evtx-PC", "UtcTime": "2022-04-04 11:19:30.010", "Provider": "Microsoft-Windows-Sysmon", "RuleName": "-", "SourceProcessGuid": "{e97d4e69-0000-0000-03f4-000000000000}", "SourceProcessId": "1456", "SourceImage": "C:\\Windows\\System32\\svchost.exe", "TargetProcessGuid": "{e97d4e69-0000-0000-83a5-000000000000}", "TargetProcessId": "728", "TargetImage": "C:\\Windows\\System32\\VBoxService.exe", "NewThreadId": "4412", "StartAddress": "0x7775E97F", "StartModule": "C:\\Windows\\SYSTEM32\\ntdll.dll", "StartFunction": "EtwpNotificationThread", "_source_file": "data/baseline/win7-x86/Microsoft-Windows-Sysmon%4Operational.evtx"}, {"EventID": 13, "Computer": "evtx-PC", "UtcTime": "2022-04-04 11:19:30.164", "Provider": "Microsoft-Windows-Sysmon", "RuleName": "-", "EventType": "SetValue", "ProcessGuid": "{e97d4e69-0000-0000-ea03-000000000000}", "ProcessId": "4", "Image": "System", "TargetObject": "HKLM\\System\\CurrentControlSet\\Control\\WMI\\Autologger\\Circular Kernel Context Logger\\Status", "Details": "DWORD (0x00000000)", "_source_file": "data/baseline/win7-x86/Microsoft-Windows-Sysmon%4Operational.evtx"}, {"EventID": 12, "Computer": "evtx-PC", "UtcTime": "2022-04-04 11:19:30.404", "Provider": "Microsoft-Windows-Sysmon", "RuleName": "-", "EventType": "CreateKey", "ProcessGuid": "{e97d4e69-0000-0000-1262-000000000000}", "ProcessId": "668", "Image": "C:\\Windows\\system32\\svchost.exe", "TargetObject": "HKLM\\System\\CurrentControlSet\\Control\\DeviceClasses", "_source_file": "data/baseline/win7-x86/Microsoft-Windows-Sysmon%4Operational.evtx"}, {"EventID": 12, "Computer": "evtx-PC", "UtcTime": "2022-04-04 11:19:30.415", "Provider": "Microsoft-Windows-Sysmon", "RuleName": "-", "EventType": "CreateKey", "ProcessGuid": "{e97d4e69-0000-0000-e1c9-000000000000}", "ProcessId": "1136", "Image": "C:\\Windows\\system32\\svchost.exe", "TargetObject": "HKLM\\System\\CurrentControlSet\\services\\Tcpip\\Parameters", "_source_file": "data/baseline/win7-x86/Microsoft-Windows-Sysmon%4Operational.evtx"}, {"EventID": 12, "Computer": "evtx-PC", "UtcTime": "2022-04-04 11:19:30.904", "Provider": "Microsoft-Windows-Sysmon", "RuleName": "-", "EventType": "CreateKey", "ProcessGuid": "{e97d4e69-0000-0000-1262-000000000000}", "ProcessId": "668", "Image": "C:\\Windows\\system32\\svchost.exe", "TargetObject": "HKLM\\System\\CurrentControlSet\\Control\\DeviceClasses", "_source_file": "data/baseline/win7-x86/Microsoft-Windows-Sysmon%4Operational.evtx"}, {"EventID": 12, "Computer": "evtx-PC", "UtcTime": "2022-04-04 11:19:31.017", "Provider": "Microsoft-Windows-Sysmon", "RuleName": "-", "EventType": "CreateKey", "ProcessGuid": "{e97d4e69-0000-0000-03f4-000000000000}", "ProcessId": "1456", "Image": "C:\\Windows\\system32\\svchost.exe", "TargetObject": "HKLM\\System\\CurrentControlSet\\Control\\Diagnostics\\Performance", "_source_file": "data/baseline/win7-x86/Microsoft-Windows-Sysmon%4Operational.evtx"}, {"EventID": 12, "Computer": "evtx-PC", "UtcTime": "2022-04-04 11:19:31.017", "Provider": "Microsoft-Windows-Sysmon", "RuleName": "-", "EventType": "CreateKey", "ProcessGuid": "{e97d4e69-0000-0000-03f4-000000000000}", "ProcessId": "1456", "Image": "C:\\Windows\\system32\\svchost.exe", "TargetObject": "HKLM\\System\\CurrentControlSet\\Control\\Diagnostics\\Performance", "_source_file": "data/baseline/win7-x86/Microsoft-Windows-Sysmon%4Operational.evtx"}, {"EventID": 12, "Computer": "evtx-PC", "UtcTime": "2022-04-04 11:19:31.017", "Provider": "Microsoft-Windows-Sysmon", "RuleName": "-", "EventType": "CreateKey", "ProcessGuid": "{e97d4e69-0000-0000-03f4-000000000000}", "ProcessId": "1456", "Image": "C:\\Windows\\system32\\svchost.exe", "TargetObject": "HKLM\\System\\CurrentControlSet\\Control\\Diagnostics\\Performance", "_source_file": "data/baseline/win7-x86/Microsoft-Windows-Sysmon%4Operational.evtx"}, {"EventID": 11, "Computer": "evtx-PC", "UtcTime": "2022-04-04 11:19:31.018", "Provider": "Microsoft-Windows-Sysmon", "RuleName": "-", "ProcessGuid": "{e97d4e69-0000-0000-03f4-000000000000}", "ProcessId": "1456", "Image": "C:\\Windows\\system32\\svchost.exe", "TargetFilename": "C:\\Windows\\System32\\wdi\\{86432a0b-3c7d-4ddf-a89c-172faa90485d}\\{dadca9c9-659a-4d2b-9fa4-b4f55a741690}", "CreationUtcTime": "2022-04-04 11:19:31.017", "_source_file": "data/baseline/win7-x86/Microsoft-Windows-Sysmon%4Operational.evtx"}, {"EventID": 11, "Computer": "evtx-PC", "UtcTime": "2022-04-04 11:19:31.019", "Provider": "Microsoft-Windows-Sysmon", "RuleName": "-", "ProcessGuid": "{e97d4e69-0000-0000-03f4-000000000000}", "ProcessId": "1456", "Image": "C:\\Windows\\system32\\svchost.exe", "TargetFilename": "C:\\Windows\\System32\\wdi\\{86432a0b-3c7d-4ddf-a89c-172faa90485d}\\{dadca9c9-659a-4d2b-9fa4-b4f55a741690}\\snapshot.etl", "CreationUtcTime": "2022-04-04 11:19:31.019", "_source_file": "data/baseline/win7-x86/Microsoft-Windows-Sysmon%4Operational.evtx"}, {"EventID": 12, "Computer": "evtx-PC", "UtcTime": "2022-04-04 11:19:31.021", "Provider": "Microsoft-Windows-Sysmon", "RuleName": "-", "EventType": "CreateKey", "ProcessGuid": "{e97d4e69-0000-0000-03f4-000000000000}", "ProcessId": "1456", "Image": "C:\\Windows\\system32\\svchost.exe", "TargetObject": "HKLM\\SOFTWARE\\Microsoft\\Windows\\CurrentVersion\\Diagnostics\\Performance\\Boot", "_source_file": "data/baseline/win7-x86/Microsoft-Windows-Sysmon%4Operational.evtx"}, {"EventID": 12, "Computer": "evtx-PC", "UtcTime": "2022-04-04 11:19:31.021", "Provider": "Microsoft-Windows-Sysmon", "RuleName": "-", "EventType": "CreateKey", "ProcessGuid": "{e97d4e69-0000-0000-03f4-000000000000}", "ProcessId": "1456", "Image": "C:\\Windows\\system32\\svchost.exe", "TargetObject": "HKLM\\SOFTWARE\\Microsoft\\Windows\\CurrentVersion\\Diagnostics\\Performance\\SystemBoot", "_source_file": "data/baseline/win7-x86/Microsoft-Windows-Sysmon%4Operational.evtx"}, {"EventID": 12, "Computer": "evtx-PC", "UtcTime": "2022-04-04 11:19:31.021", "Provider": "Microsoft-Windows-Sysmon", "RuleName": "-", "EventType": "CreateKey", "ProcessGuid": "{e97d4e69-0000-0000-03f4-000000000000}", "ProcessId": "1456", "Image": "C:\\Windows\\system32\\svchost.exe", "TargetObject": "HKLM\\SOFTWARE\\Microsoft\\Windows\\CurrentVersion\\Diagnostics\\Performance\\UserBoot", "_source_file": "data/baseline/win7-x86/Microsoft-Windows-Sysmon%4Operational.evtx"}, {"EventID": 12, "Computer": "evtx-PC", "UtcTime": "2022-04-04 11:19:31.056", "Provider": "Microsoft-Windows-Sysmon", "RuleName": "-", "EventType": "CreateKey", "ProcessGuid": "{e97d4e69-0000-0000-03f4-000000000000}", "ProcessId": "1456", "Image": "C:\\Windows\\system32\\svchost.exe", "TargetObject": "HKLM\\SOFTWARE\\Microsoft\\Windows\\CurrentVersion\\Diagnostics\\Performance\\Shutdown", "_source_file": "data/baseline/win7-x86/Microsoft-Windows-Sysmon%4Operational.evtx"}, {"EventID": 26, "Computer": "evtx-PC", "UtcTime": "2022-04-04 11:19:31.057", "Provider": "Microsoft-Windows-Sysmon", "RuleName": "-", "ProcessGuid": "{e97d4e69-0000-0000-03f4-000000000000}", "ProcessId": "1456", "User": "NT AUTHORITY\\LOCAL SERVICE", "Image": "C:\\Windows\\system32\\svchost.exe", "TargetFilename": "C:\\Windows\\System32\\wdi\\ShutdownPerformanceDiagnostics_SystemData.bin", "Hashes": "SHA1=8C9B45A62576BBE2BB6D41366A8C7D6680936D47,MD5=C092006B76EDD8026117EE4DDF2B5FE6,SHA256=704C4B1781C3FFB2F5C904027CCD2219372449483F9C2386BB604FD198DAD4D6,IMPHASH=00000000000000000000000000000000", "IsExecutable": "False", "_source_file": "data/baseline/win7-x86/Microsoft-Windows-Sysmon%4Operational.evtx"}, {"EventID": 11, "Computer": "evtx-PC", "UtcTime": "2022-04-04 11:19:31.057", "Provider": "Microsoft-Windows-Sysmon", "RuleName": "-", "ProcessGuid": "{e97d4e69-0000-0000-03f4-000000000000}", "ProcessId": "1456", "Image": "C:\\Windows\\system32\\svchost.exe", "TargetFilename": "C:\\Windows\\System32\\wdi\\ShutdownPerformanceDiagnostics_SystemData.bin", "CreationUtcTime": "2022-04-04 10:16:08.085", "_source_file": "data/baseline/win7-x86/Microsoft-Windows-Sysmon%4Operational.evtx"}, {"EventID": 12, "Computer": "evtx-PC", "UtcTime": "2022-04-04 11:19:31.057", "Provider": "Microsoft-Windows-Sysmon", "RuleName": "-", "EventType": "CreateKey", "ProcessGuid": "{e97d4e69-0000-0000-03f4-000000000000}", "ProcessId": "1456", "Image": "C:\\Windows\\system32\\svchost.exe", "TargetObject": "HKLM\\SOFTWARE\\Microsoft\\Windows\\CurrentVersion\\Diagnostics\\Performance\\Shutdown", "_source_file": "data/baseline/win7-x86/Microsoft-Windows-Sysmon%4Operational.evtx"}, {"EventID": 26, "Computer": "evtx-PC", "UtcTime": "2022-04-04 11:19:31.249", "Provider": "Microsoft-Windows-Sysmon", "RuleName": "-", "ProcessGuid": "{e97d4e69-0000-0000-03f4-000000000000}", "ProcessId": "1456", "User": "NT AUTHORITY\\LOCAL SERVICE", "Image": "C:\\Windows\\system32\\svchost.exe", "TargetFilename": "C:\\Windows\\System32\\wdi\\BootPerformanceDiagnostics_SystemData.bin", "Hashes": "SHA1=A72C495CDA0D9642C90D84427137BB3B802ADB31,MD5=A5BFF288EE99B5EF8CB9C493CA45FBD7,SHA256=9202C7FED4BF3FC504F5B77C3BA91C076F95F8BCC2B4A220ECD6F5FD4BD5A48F,IMPHASH=00000000000000000000000000000000", "IsExecutable": "False", "_source_file": "data/baseline/win7-x86/Microsoft-Windows-Sysmon%4Operational.evtx"}, {"EventID": 11, "Computer": "evtx-PC", "UtcTime": "2022-04-04 11:19:31.250", "Provider": "Microsoft-Windows-Sysmon", "RuleName": "-", "ProcessGuid": "{e97d4e69-0000-0000-03f4-000000000000}", "ProcessId": "1456", "Image": "C:\\Windows\\system32\\svchost.exe", "TargetFilename": "C:\\Windows\\System32\\wdi\\BootPerformanceDiagnostics_SystemData.bin", "CreationUtcTime": "2009-07-14 04:55:35.170", "_source_file": "data/baseline/win7-x86/Microsoft-Windows-Sysmon%4Operational.evtx"}, {"EventID": 26, "Computer": "evtx-PC", "UtcTime": "2022-04-04 11:19:31.262", "Provider": "Microsoft-Windows-Sysmon", "RuleName": "-", "ProcessGuid": "{e97d4e69-0000-0000-03f4-000000000000}", "ProcessId": "1456", "User": "NT AUTHORITY\\LOCAL SERVICE", "Image": "C:\\Windows\\system32\\svchost.exe", "TargetFilename": "C:\\Windows\\System32\\wdi\\{86432a0b-3c7d-4ddf-a89c-172faa90485d}\\S-1-5-21-712794737-353456615-3249761964-1001_UserData.bin", "Hashes": "SHA1=622053FF25B2BD3A416A74777B83434F745006A2,MD5=6EF81F5CAD148D94C0CFCC73A760AA65,SHA256=480A0C8AB54D9D492BB48254A96ACF805D4DC33C62670C6D7BAB96ECF15C7A3E,IMPHASH=00000000000000000000000000000000", "IsExecutable": "False", "_source_file": "data/baseline/win7-x86/Microsoft-Windows-Sysmon%4Operational.evtx"}, {"EventID": 11, "Computer": "evtx-PC", "UtcTime": "2022-04-04 11:19:31.262", "Provider": "Microsoft-Windows-Sysmon", "RuleName": "-", "ProcessGuid": "{e97d4e69-0000-0000-03f4-000000000000}", "ProcessId": "1456", "Image": "C:\\Windows\\system32\\svchost.exe", "TargetFilename": "C:\\Windows\\System32\\wdi\\{86432a0b-3c7d-4ddf-a89c-172faa90485d}\\S-1-5-21-712794737-353456615-3249761964-1001_UserData.bin", "CreationUtcTime": "2022-04-04 10:16:08.225", "_source_file": "data/baseline/win7-x86/Microsoft-Windows-Sysmon%4Operational.evtx"}, {"EventID": 12, "Computer": "evtx-PC", "UtcTime": "2022-04-04 11:19:31.262", "Provider": "Microsoft-Windows-Sysmon", "RuleName": "-", "EventType": "CreateKey", "ProcessGuid": "{e97d4e69-0000-0000-03f4-000000000000}", "ProcessId": "1456", "Image": "C:\\Windows\\system32\\svchost.exe", "TargetObject": "HKLM\\SOFTWARE\\Microsoft\\Windows\\CurrentVersion\\Diagnostics\\Performance\\Boot", "_source_file": "data/baseline/win7-x86/Microsoft-Windows-Sysmon%4Operational.evtx"}, {"EventID": 12, "Computer": "evtx-PC", "UtcTime": "2022-04-04 11:19:31.404", "Provider": "Microsoft-Windows-Sysmon", "RuleName": "-", "EventType": "CreateKey", "ProcessGuid": "{e97d4e69-0000-0000-1262-000000000000}", "ProcessId": "668", "Image": "C:\\Windows\\system32\\svchost.exe", "TargetObject": "HKLM\\System\\CurrentControlSet\\Control\\DeviceClasses", "_source_file": "data/baseline/win7-x86/Microsoft-Windows-Sysmon%4Operational.evtx"}, {"EventID": 12, "Computer": "evtx-PC", "UtcTime": "2022-04-04 11:19:31.906", "Provider": "Microsoft-Windows-Sysmon", "RuleName": "-", "EventType": "CreateKey", "ProcessGuid": "{e97d4e69-0000-0000-1262-000000000000}", "ProcessId": "668", "Image": "C:\\Windows\\system32\\svchost.exe", "TargetObject": "HKLM\\System\\CurrentControlSet\\Control\\DeviceClasses", "_source_file": "data/baseline/win7-x86/Microsoft-Windows-Sysmon%4Operational.evtx"}, {"EventID": 12, "Computer": "evtx-PC", "UtcTime": "2022-04-04 11:19:32.406", "Provider": "Microsoft-Windows-Sysmon", "RuleName": "-", "EventType": "CreateKey", "ProcessGuid": "{e97d4e69-0000-0000-1262-000000000000}", "ProcessId": "668", "Image": "C:\\Windows\\system32\\svchost.exe", "TargetObject": "HKLM\\System\\CurrentControlSet\\Control\\DeviceClasses", "_source_file": "data/baseline/win7-x86/Microsoft-Windows-Sysmon%4Operational.evtx"}, {"EventID": 11, "Computer": "evtx-PC", "UtcTime": "2022-04-04 11:19:32.696", "Provider": "Microsoft-Windows-Sysmon", "RuleName": "-", "ProcessGuid": "{e97d4e69-0000-0000-9170-030000000000}", "ProcessId": "3668", "Image": "C:\\Windows\\Sysmon.exe", "TargetFilename": "C:\\Windows\\Temp\\Cab8967.tmp", "CreationUtcTime": "2022-04-04 11:19:32.695", "_source_file": "data/baseline/win7-x86/Microsoft-Windows-Sysmon%4Operational.evtx"}, {"EventID": 11, "Computer": "evtx-PC", "UtcTime": "2022-04-04 11:19:32.696", "Provider": "Microsoft-Windows-Sysmon", "RuleName": "-", "ProcessGuid": "{e97d4e69-0000-0000-9170-030000000000}", "ProcessId": "3668", "Image": "C:\\Windows\\Sysmon.exe", "TargetFilename": "C:\\Windows\\Temp\\Tar8968.tmp", "CreationUtcTime": "2022-04-04 11:19:32.696", "_source_file": "data/baseline/win7-x86/Microsoft-Windows-Sysmon%4Operational.evtx"}, 