[{"EventID": 16, "Computer": "evtx-PC", "UtcTime": "2022-04-04 11:18:32.486", "Provider": "Microsoft-Windows-Sysmon", "Configuration": "C:\\Users\\evtx\\Desktop\\Sysmon (2)\\sysmon.xml", "ConfigurationFileHash": "SHA256=4A4E6F833DB832B3C9E6623F297CCD25ACC3AF8AF0498C47EB8CB354C8783469", "_source_file": "data/baseline/win7-x86/Microsoft-Windows-Sysmon%4Operational.evtx"}, {"EventID": 4, "Computer": "evtx-PC", "UtcTime": "2022-04-04 11:18:32.705", "Provider": "Microsoft-Windows-Sysmon", "State": "Started", "Version": "13.23", "SchemaVersion": "4.70", "_source_file": "data/baseline/win7-x86/Microsoft-Windows-Sysmon%4Operational.evtx"}, {"EventID": 255, "Computer": "evtx-PC", "UtcTime": "2022-04-04 11:18:32.705", "Provider": "Microsoft-Windows-Sysmon", "ID": "CREATE_PIPE", "Description": "Unable to attach to \\device\\namedpipe", "_source_file": "data/baseline/win7-x86/Microsoft-Windows-Sysmon%4Operational.evtx"}, {"EventID": 1, "Computer": "evtx-PC", "UtcTime": "2022-04-04 11:18:32.549", "Provider": "Microsoft-Windows-Sysmon", "RuleName": "-", "ProcessGuid": "{e97d4e69-0000-0000-cc72-030000000000}", "ProcessId": "3696", "Image": "C:\\Windows\\System32\\wbem\\unsecapp.exe", "FileVersion": "6.1.7600.16385 (win7_rtm.090713-1255)", "Description": "Sink to receive asynchronous callbacks for WMI client application", "Product": "Microsoft\u00ae Windows\u00ae Operating System", "Company": "Microsoft Corporation", "OriginalFileName": "unsecapp.dll", "CommandLine": "C:\\Windows\\system32\\wbem\\unsecapp.exe -Embedding", "CurrentDirectory": "C:\\Windows\\system32\\", "User": "NT AUTHORITY\\SYSTEM", "LogonGuid": "{e97d4e69-0000-0000-e703-000000000000}", "LogonId": "0x00000000000003e7", "TerminalSessionId": "0", "IntegrityLevel": "System", "Hashes": "SHA1=393CFBAC0AC28DCC194F88C951D856E74F5B3CB6,MD5=B042D6B383FEC85D73D09DB92F807713,SHA256=861E3DD5FBD6CCCCD0E3EA6187D13F3E4BC42FAA171043238B46717FD24165A6,IMPHASH=227D81C5224C7437AE46E793D9114B4D", "ParentProcessGuid": "{e97d4e69-0000-0000-1262-000000000000}", "ParentProcessId": "668", "ParentImage": "C:\\Windows\\System32\\svchost.exe", "ParentCommandLine": "C:\\Windows\\system32\\svchost.exe -k DcomLaunch", "_source_file": "data/baseline/win7-x86/Microsoft-Windows-Sysmon%4Operational.evtx"}, {"EventID": 10, "Computer": "evtx-PC", "UtcTime": "2022-04-04 11:18:32.549", "Provider": "Microsoft-Windows-Sysmon", "RuleName": "-", "SourceProcessGUID": "{e97d4e69-0000-0000-1262-000000000000}", "SourceProcessId": "668", "SourceThreadId": "680", "SourceImage": "C:\\Windows\\system32\\svchost.exe", "TargetProcessGUID": "{e97d4e69-0000-0000-cc72-030000000000}", "TargetProcessId": "3696", "TargetImage": "C:\\Windows\\system32\\wbem\\unsecapp.exe", "GrantedAccess": "0x001fffff", "CallTrace": "C:\\Windows\\SYSTEM32\\ntdll.dll+44bcc|C:\\Windows\\system32\\kernel32.dll+54a0b|C:\\Windows\\system32\\kernel32.dll+379e1|c:\\windows\\system32\\rpcss.dll+188f6|c:\\windows\\system32\\rpcss.dll+185d6|C:\\Windows\\system32\\RPCRT4.dll+2fc8f|C:\\Windows\\system32\\RPCRT4.dll+94c53|C:\\Windows\\system32\\RPCRT4.dll+9430e|C:\\Windows\\system32\\RPCRT4.dll+2f34a|C:\\Windows\\system32\\RPCRT4.dll+2f4da|C:\\Windows\\system32\\RPCRT4.dll+2f3c6|C:\\Windows\\system32\\RPCRT4.dll+23974|C:\\Windows\\system32\\RPCRT4.dll+2f7a4|C:\\Windows\\system32\\RPCRT4.dll+2f763|C:\\Windows\\system32\\RPCRT4.dll+2f5ff|C:\\Windows\\system32\\RPCRT4.dll+2f573", "_source_file": "data/baseline/win7-x86/Microsoft-Windows-Sysmon%4Operational.evtx"}, {"EventID": 12, "Computer": "evtx-PC", "UtcTime": "2022-04-04 11:18:32.658", "Provider": "Microsoft-Windows-Sysmon", "RuleName": "-", "EventType": "CreateKey", "ProcessGuid": "{e97d4e69-0000-0000-cc72-030000000000}", "ProcessId": "3696", "Image": "C:\\Windows\\system32\\wbem\\unsecapp.exe", "TargetObject": "HKLM\\SOFTWARE\\Microsoft\\WBEM\\CIMOM", "_source_file": "data/baseline/win7-x86/Microsoft-Windows-Sysmon%4Operational.evtx"}, {"EventID": 12, "Computer": "evtx-PC", "UtcTime": "2022-04-04 11:18:32.658", "Provider": "Microsoft-Windows-Sysmon", "RuleName": "-", "EventType": "CreateKey", "ProcessGuid": "{e97d4e69-0000-0000-cc72-030000000000}", "ProcessId": "3696", "Image": "C:\\Windows\\system32\\wbem\\unsecapp.exe", "TargetObject": "HKLM\\SOFTWARE\\Microsoft\\WBEM\\CIMOM", "_source_file": "data/baseline/win7-x86/Microsoft-Windows-Sysmon%4Operational.evtx"}, {"EventID": 12, "Computer": "evtx-PC", "UtcTime": "2022-04-04 11:18:32.689", "Provider": "Microsoft-Windows-Sysmon", "RuleName": "-", "EventType": "CreateKey", "ProcessGuid": "{e97d4e69-0000-0000-cc72-030000000000}", "ProcessId": "3696", "Image": "C:\\Windows\\system32\\wbem\\unsecapp.exe", "TargetObject": "HKLM\\SOFTWARE\\Microsoft\\WBEM\\CIMOM", "_source_file": "data/baseline/win7-x86/Microsoft-Windows-Sysmon%4Operational.evtx"}, {"EventID": 12, "Computer": "evtx-PC", "UtcTime": "2022-04-04 11:18:32.689", "Provider": "Microsoft-Windows-Sysmon", "RuleName": "-", "EventType": "CreateKey", "ProcessGuid": "{e97d4e69-0000-0000-d5b6-000000000000}", "ProcessId": "988", "Image": "C:\\Windows\\system32\\svchost.exe", "TargetObject": "HKLM\\SOFTWARE\\Microsoft\\WBEM\\CIMOM", "_source_file": "data/baseline/win7-x86/Microsoft-Windows-Sysmon%4Operational.evtx"}, {"EventID": 13, "Computer": "evtx-PC", "UtcTime": "2022-04-04 11:18:32.689", "Provider": "Microsoft-Windows-Sysmon", "RuleName": "-", "EventType": "SetValue", "ProcessGuid": "{e97d4e69-0000-0000-d5b6-000000000000}", "ProcessId": "988", "Image": "C:\\Windows\\system32\\svchost.exe", "TargetObject": "HKLM\\SOFTWARE\\Microsoft\\WBEM\\CIMOM\\ConfigValueEssNeedsLoading", "Details": "DWORD (0x00000001)", "_source_file": "data/baseline/win7-x86/Microsoft-Windows-Sysmon%4Operational.evtx"}, {"EventID": 12, "Computer": "evtx-PC", "UtcTime": "2022-04-04 11:18:32.689", "Provider": "Microsoft-Windows-Sysmon", "RuleName": "-", "EventType": "CreateKey", "ProcessGuid": "{e97d4e69-0000-0000-d5b6-000000000000}", "ProcessId": "988", "Image": "C:\\Windows\\system32\\svchost.exe", "TargetObject": "HKLM\\SOFTWARE\\Microsoft\\WBEM\\CIMOM", "_source_file": "data/baseline/win7-x86/Microsoft-Windows-Sysmon%4Operational.evtx"}, {"EventID": 13, "Computer": "evtx-PC", "UtcTime": "2022-04-04 11:18:32.689", "Provider": "Microsoft-Windows-Sysmon", "RuleName": "-", "EventType": "SetValue", "ProcessGuid": "{e97d4e69-0000-0000-d5b6-000000000000}", "ProcessId": "988", "Image": "C:\\Windows\\system32\\svchost.exe", "TargetObject": "HKLM\\SOFTWARE\\Microsoft\\WBEM\\CIMOM\\List of event-active namespaces", "Details": "Binary Data", "_source_file": "data/baseline/win7-x86/Microsoft-Windows-Sysmon%4Operational.evtx"}, {"EventID": 12, "Computer": "evtx-PC", "UtcTime": "2022-04-04 11:18:32.689", "Provider": "Microsoft-Windows-Sysmon", "RuleName": "-", "EventType": "CreateKey", "ProcessGuid": "{e97d4e69-0000-0000-d5b6-000000000000}", "ProcessId": "988", "Image": "C:\\Windows\\system32\\svchost.exe", "TargetObject": "HKLM\\SOFTWARE\\Microsoft\\WBEM\\ESS\\//./root/subscription", "_source_file": "data/baseline/win7-x86/Microsoft-Windows-Sysmon%4Operational.evtx"}, {"EventID": 12, "Computer": "evtx-PC", "UtcTime": "2022-04-04 11:18:32.689", "Provider": "Microsoft-Windows-Sysmon", "RuleName": "-", "EventType": "CreateKey", "ProcessGuid": "{e97d4e69-0000-0000-d5b6-000000000000}", "ProcessId": "988", "Image": "C:\\Windows\\system32\\svchost.exe", "TargetObject": "HKLM\\SOFTWARE\\Microsoft\\WBEM\\ESS\\//./root/CIMV2", "_source_file": "data/baseline/win7-x86/Microsoft-Windows-Sysmon%4Operational.evtx"}, {"EventID": 8, "Computer": "evtx-PC", "UtcTime": "2022-04-04 11:18:32.705", "Provider": "Microsoft-Windows-Sysmon", "RuleName": "-", "SourceProcessGuid": "{e97d4e69-0000-0000-9170-030000000000}", "SourceProcessId": "3668", "SourceImage": "C:\\Windows\\Sysmon.exe", "TargetProcessGuid": "{e97d4e69-0000-0000-111f-020000000000}", "TargetProcessId": "2528", "TargetImage": "C:\\Program Files\\Windows Media Player\\wmpnetwk.exe", "NewThreadId": "3784", "StartAddress": "0x7775E97F", "StartModule": "C:\\Windows\\SYSTEM32\\ntdll.dll", "StartFunction": "EtwpNotificationThread", "_source_file": "data/baseline/win7-x86/Microsoft-Windows-Sysmon%4Operational.evtx"}, {"EventID": 8, "Computer": "evtx-PC", "UtcTime": "2022-04-04 11:18:32.705", "Provider": "Microsoft-Windows-Sysmon", "RuleName": "-", "SourceProcessGuid": "{e97d4e69-0000-0000-9170-030000000000}", "SourceProcessId": "3668", "SourceImage": "C:\\Windows\\Sysmon.exe", "TargetProcessGuid": "{e97d4e69-0000-0000-220e-010000000000}", "TargetProcessId": "1560", "TargetImage": "C:\\Windows\\System32\\svchost.exe", "NewThreadId": "3788", "StartAddress": "0x7775E97F", "StartModule": "C:\\Windows\\SYSTEM32\\ntdll.dll", "StartFunction": "EtwpNotificationThread", "_source_file": "data/baseline/win7-x86/Microsoft-Windows-Sysmon%4Operational.evtx"}, {"EventID": 8, "Computer": "evtx-PC", "UtcTime": "2022-04-04 11:18:32.705", "Provider": "Microsoft-Windows-Sysmon", "RuleName": "-", "SourceProcessGuid": "{e97d4e69-0000-0000-9170-030000000000}", "SourceProcessId": "3668", "SourceImage": "C:\\Windows\\Sysmon.exe", "TargetProcessGuid": "{e97d4e69-0000-0000-e1c9-000000000000}", "TargetProcessId": "1136", "TargetImage": "C:\\Windows\\System32\\svchost.exe", "NewThreadId": "3792", "StartAddress": "0x7775E97F", "StartModule": "C:\\Windows\\SYSTEM32\\ntdll.dll", "StartFunction": "EtwpNotificationThread", "_source_file": "data/baseline/win7-x86/Microsoft-Windows-Sysmon%4Operational.evtx"}, {"EventID": 8, "Computer": "evtx-PC", "UtcTime": "2022-04-04 11:18:32.705", "Provider": "Microsoft-Windows-Sysmon", "RuleName": "-", "SourceProcessGuid": "{e97d4e69-0000-0000-9170-030000000000}", "SourceProcessId": "3668", "SourceImage": "C:\\Windows\\Sysmon.exe", "TargetProcessGuid": "{e97d4e69-0000-0000-5ff0-000000000000}", "TargetProcessId": "1428", "TargetImage": "C:\\Windows\\System32\\spoolsv.exe", "NewThreadId": "3796", "StartAddress": "0x7775E97F", "StartModule": "C:\\Windows\\SYSTEM32\\ntdll.dll", "StartFunction": "EtwpNotificationThread", "_source_file": "data/baseline/win7-x86/Microsoft-Windows-Sysmon%4Operational.evtx"}, {"EventID": 8, "Computer": "evtx-PC", "UtcTime": "2022-04-04 11:18:32.705", "Provider": "Microsoft-Windows-Sysmon", "RuleName": "-", "SourceProcessGuid": "{e97d4e69-0000-0000-9170-030000000000}", "SourceProcessId": "3668", "SourceImage": "C:\\Windows\\Sysmon.exe", "TargetProcessGuid": "{e97d4e69-0000-0000-44d3-000000000000}", "TargetProcessId": "1244", "TargetImage": "C:\\Windows\\System32\\svchost.exe", "NewThreadId": "3800", "StartAddress": "0x7775E97F", "StartModule": "C:\\Windows\\SYSTEM32\\ntdll.dll", "StartFunction": "EtwpNotificationThread", "_source_file": "data/baseline/win7-x86/Microsoft-Windows-Sysmon%4Operational.evtx"}, {"EventID": 8, "Computer": "evtx-PC", "UtcTime": "2022-04-04 11:18:32.705", "Provider": "Microsoft-Windows-Sysmon", "RuleName": "-", "SourceProcessGuid": "{e97d4e69-0000-0000-9170-030000000000}", "SourceProcessId": "3668", "SourceImage": "C:\\Windows\\Sysmon.exe", "TargetProcessGuid": "{e97d4e69-0000-0000-1bad-000000000000}", "TargetProcessId": "892", "TargetImage": "C:\\Windows\\System32\\svchost.exe", "NewThreadId": "3804", "StartAddress": "0x7775E97F", "StartModule": "C:\\Windows\\SYSTEM32\\ntdll.dll", "StartFunction": "EtwpNotificationThread", "_source_file": "data/baseline/win7-x86/Microsoft-Windows-Sysmon%4Operational.evtx"}, {"EventID": 8, "Computer": "evtx-PC", "UtcTime": "2022-04-04 11:18:32.705", "Provider": "Microsoft-Windows-Sysmon", "RuleName": "-", "SourceProcessGuid": "{e97d4e69-0000-0000-9170-030000000000}", "SourceProcessId": "3668", "SourceImage": "C:\\Windows\\Sysmon.exe", "TargetProcessGuid": "{e97d4e69-0000-0000-054f-000000000000}", "TargetProcessId": "552", "TargetImage": "C:\\Windows\\System32\\lsass.exe", "NewThreadId": "3808", "StartAddress": "0x7775E97F", "StartModule": "C:\\Windows\\SYSTEM32\\ntdll.dll", "StartFunction": "EtwpNotificationThread", "_source_file": "data/baseline/win7-x86/Microsoft-Windows-Sysmon%4Operational.evtx"}, {"EventID": 12, "Computer": "evtx-PC", "UtcTime": "2022-04-04 11:18:32.705", "Provider": "Microsoft-Windows-Sysmon", "RuleName": "-", "EventType": "CreateKey", "ProcessGuid": "{e97d4e69-0000-0000-44d3-000000000000}", "ProcessId": "1244", "Image": "C:\\Windows\\system32\\svchost.exe", "TargetObject": "HKLM\\System\\CurrentControlSet\\services\\Tcpip\\Parameters", "_source_file": "data/baseline/win7-x86/Microsoft-Windows-Sysmon%4Operational.evtx"}, {"EventID": 11, "Computer": "evtx-PC", "UtcTime": "2022-04-04 11:18:32.705", "Provider": "Microsoft-Windows-Sysmon", "RuleName": "-", "ProcessGuid": "{e97d4e69-0000-0000-ea03-000000000000}", "ProcessId": "4", "Image": "System", "TargetFilename": "C:\\Windows\\System32\\LogFiles\\WMI\\RtBackup\\EtwRTSysmonDnsEtwSession.etl", "CreationUtcTime": "2022-04-04 11:18:32.705", "_source_file": "data/baseline/win7-x86/Microsoft-Windows-Sysmon%4Operational.evtx"}, {"EventID": 12, "Computer": "evtx-PC", "UtcTime": "2022-04-04 11:18:32.705", "Provider": "Microsoft-Windows-Sysmon", "RuleName": "-", "EventType": "CreateKey", "ProcessGuid": "{e97d4e69-0000-0000-d5b6-000000000000}", "ProcessId": "988", "Image": "C:\\Windows\\system32\\svchost.exe", "TargetObject": "HKCR", "_source_file": "data/baseline/win7-x86/Microsoft-Windows-Sysmon%4Operational.evtx"}, {"EventID": 12, "Computer": "evtx-PC", "UtcTime": "2022-04-04 11:18:32.705", "Provider": "Microsoft-Windows-Sysmon", "RuleName": "-", "EventType": "CreateKey", "ProcessGuid": "{e97d4e69-0000-0000-d5b6-000000000000}", "ProcessId": "988", "Image": "C:\\Windows\\system32\\svchost.exe", "TargetObject": "HKCR", "_source_file": "data/baseline/win7-x86/Microsoft-Windows-Sysmon%4Operational.evtx"}, {"EventID": 12, "Computer": "evtx-PC", "UtcTime": "2022-04-04 11:18:32.705", "Provider": "Microsoft-Windows-Sysmon", "RuleName": "-", "EventType": "CreateKey", "ProcessGuid": "{e97d4e69-0000-0000-d5b6-000000000000}", "ProcessId": "988", "Image": "C:\\Windows\\system32\\svchost.exe", "TargetObject": "HKCR", "_source_file": "data/baseline/win7-x86/Microsoft-Windows-Sysmon%4Operational.evtx"}, {"EventID": 1, "Computer": "evtx-PC", "UtcTime": "2022-04-04 11:18:32.705", "Provider": "Microsoft-Windows-Sysmon", "RuleName": "-", "ProcessGuid": "{e97d4e69-0000-0000-0779-030000000000}", "ProcessId": "3828", "Image": "C:\\Windows\\System32\\conhost.exe", "FileVersion": "6.1.7600.16385 (win7_rtm.090713-1255)", "Description": "Console Window Host", "Product": "Microsoft\u00ae Windows\u00ae Operating System", "Company": "Microsoft Corporation", "OriginalFileName": "CONHOST.EXE", "CommandLine": "\\??\\C:\\Windows\\system32\\conhost.exe", "CurrentDirectory": "C:\\Windows\\system32\\", "User": "evtx-PC\\evtx", "LogonGuid": "{e97d4e69-0000-0000-406b-010000000000}", "LogonId": "0x0000000000016b40", "TerminalSessionId": "1", "IntegrityLevel": "Medium", "Hashes": "SHA1=177E139755D2EFE2FF447BF3B93B9B035E9BE8CA,MD5=29D9FCDF65B7C823688A035937BB6697,SHA256=91722232861E35712B4C515247B23A942B908909118F1708DD97FD6CF37CC2FA,IMPHASH=BE113EABF7221D96FD9DDB080ADF6B75", "ParentProcessGuid": "{e97d4e69-0000-0000-3a45-000000000000}", "ParentProcessId": "444", "ParentImage": "C:\\Windows\\System32\\csrss.exe", "ParentCommandLine": "%SystemRoot%\\system32\\csrss.exe ObjectDirectory=\\Windows SharedSection=1024,12288,512 Windows=On SubSystemType=Windows ServerDll=basesrv,1 ServerDll=winsrv:UserServerDllInitialization,3 ServerDll=winsrv:ConServerDllInitialization,2 ServerDll=sxssrv,4 ProfileControl=Off MaxRequestThreads=16", "_source_file": "data/baseline/win7-x86/Microsoft-Windows-Sysmon%4Operational.evtx"}, {"EventID": 10, "Computer": "evtx-PC", "UtcTime": "2022-04-04 11:18:32.705", "Provider": "Microsoft-Windows-Sysmon", "RuleName": "-", "SourceProcessGUID": "{e97d4e69-0000-0000-3a45-000000000000}", "SourceProcessId": "444", "SourceThreadId": "3660", "SourceImage": "C:\\Windows\\system32\\csrss.exe", "TargetProcessGUID": "{e97d4e69-0000-0000-0779-030000000000}", "TargetProcessId": "3828", "TargetImage": "C:\\Windows\\system32\\conhost.exe", "GrantedAccess": "0x001fffff", "CallTrace": "C:\\Windows\\SYSTEM32\\ntdll.dll+44bcc|C:\\Windows\\SYSTEM32\\ntdll.dll+2714b|C:\\Windows\\SYSTEM32\\ntdll.dll+26f66|C:\\Windows\\system32\\winsrv.DLL+21d0|C:\\Windows\\system32\\winsrv.DLL+2018|C:\\Windows\\system32\\CSRSRV.dll+32c1|C:\\Windows\\system32\\CSRSRV.dll+4d55|C:\\Windows\\SYSTEM32\\ntdll.dll+5d0b|C:\\Windows\\SYSTEM32\\ntdll.dll+5b3c8", "_source_file": "data/baseline/win7-x86/Microsoft-Windows-Sysmon%4Operational.evtx"}, {"EventID": 10, "Computer": "evtx-PC", "UtcTime": "2022-04-04 11:18:32.705", "Provider": "Microsoft-Windows-Sysmon", "RuleName": "-", "SourceProcessGUID": "{e97d4e69-0000-0000-3a45-000000000000}", "SourceProcessId": "444", "SourceThreadId": "492", "SourceImage": "C:\\Windows\\system32\\csrss.exe", "TargetProcessGUID": "{e97d4e69-0000-0000-0779-030000000000}", "TargetProcessId": "3828", "TargetImage": "C:\\Windows\\system32\\conhost.exe", "GrantedAccess": "0x001fffff", "CallTrace": "C:\\Windows\\SYSTEM32\\ntdll.dll+4481c|C:\\Windows\\system32\\CSRSRV.dll+46b7|C:\\Windows\\system32\\CSRSRV.dll+48dd|C:\\Windows\\system32\\CSRSRV.dll+4aef|C:\\Windows\\SYSTEM32\\ntdll.dll+5d0b|C:\\Windows\\SYSTEM32\\ntdll.dll+5b3c8", "_source_file": "data/baseline/win7-x86/Microsoft-Windows-Sysmon%4Operational.evtx"}, {"EventID": 12, "Computer": "evtx-PC", "UtcTime": "2022-04-04 11:18:32.705", "Provider": "Microsoft-Windows-Sysmon", "RuleName": "-", "EventType": "CreateKey", "ProcessGuid": "{e97d4e69-0000-0000-d5b6-000000000000}", "ProcessId": "988", "Image": "C:\\Windows\\system32\\svchost.exe", "TargetObject": "HKLM\\SOFTWARE\\Microsoft\\WBEM\\ESS\\//./root/CIMV2\\SCM Event Provider", "_source_file": "data/baseline/win7-x86/Microsoft-Windows-Sysmon%4Operational.evtx"}, {"EventID": 10, "Computer": "evtx-PC", "UtcTime": "2022-04-04 11:18:32.705", "Provider": "Microsoft-Windows-Sysmon", "RuleName": "-", "SourceProcessGUID": "{e97d4e69-0000-0000-d5b6-000000000000}", "SourceProcessId": "988", "SourceThreadId": "1112", "SourceImage": "C:\\Windows\\system32\\svchost.exe", "TargetProcessGUID": "{e97d4e69-0000-0000-0779-030000000000}", "TargetProcessId": "3828", "TargetImage": "C:\\Windows\\system32\\conhost.exe", "GrantedAccess": "0x00001478", "CallTrace": "C:\\Windows\\SYSTEM32\\ntdll.dll+451dc|c:\\windows\\system32\\themeservice.dll+223a|c:\\windows\\system32\\themeservice.dll+231d|c:\\windows\\system32\\themeservice.dll+1348|c:\\windows\\system32\\themeservice.dll+1261|c:\\windows\\system32\\themeservice.dll+50c7|C:\\Windows\\SYSTEM32\\sechost.dll+75a8|C:\\Windows\\system32\\kernel32.dll+51174|C:\\Windows\\SYSTEM32\\ntdll.dll+5b3f5|C:\\Windows\\SYSTEM32\\ntdll.dll+5b3c8", "_source_file": "data/baseline/win7-x86/Microsoft-Windows-Sysmon%4Operational.evtx"}, {"EventID": 10, "Computer": "evtx-PC", "UtcTime": "2022-04-04 11:18:32.705", "Provider": "Microsoft-Windows-Sysmon", "RuleName": "-", "SourceProcessGUID": "{e97d4e69-0000-0000-d5b6-000000000000}", "SourceProcessId": "988", "SourceThreadId": "1996", "SourceImage": "C:\\Windows\\system32\\svchost.exe", "TargetProcessGUID": "{e97d4e69-0000-0000-0779-030000000000}", "TargetProcessId": "3828", "TargetImage": "C:\\Windows\\system32\\conhost.exe", "GrantedAccess": "0x00001400", "CallTrace": "C:\\Windows\\SYSTEM32\\ntdll.dll+451dc|c:\\windows\\system32\\themeservice.dll+1e26|c:\\windows\\system32\\themeservice.dll+1e6a|c:\\windows\\system32\\themeservice.dll+23cb|c:\\windows\\system32\\themeservice.dll+1ca9|c:\\windows\\system32\\themeservice.dll+1add|c:\\windows\\system32\\themeservice.dll+1a10|C:\\Windows\\SYSTEM32\\ntdll.dll+2b5e9|C:\\Windows\\SYSTEM32\\ntdll.dll+2e8d1|C:\\Windows\\system32\\kernel32.dll+51174|C:\\Windows\\SYSTEM32\\ntdll.dll+5b3f5|C:\\Windows\\SYSTEM32\\ntdll.dll+5b3c8", "_source_file": "data/baseline/win7-x86/Microsoft-Windows-Sysmon%4Operational.evtx"}, {"EventID": 10, "Computer": "evtx-PC", "UtcTime": "2022-04-04 11:18:32.705", "Provider": "Microsoft-Windows-Sysmon", "RuleName": "-", "SourceProcessGUID": "{e97d4e69-0000-0000-d5b6-000000000000}", "SourceProcessId": "988", "SourceThreadId": "1996", "SourceImage": "C:\\Windows\\system32\\svchost.exe", "TargetProcessGUID": "{e97d4e69-0000-0000-0779-030000000000}", "TargetProcessId": "3828", "TargetImage": "C:\\Windows\\system32\\conhost.exe", "GrantedAccess": "0x00001400", "CallTrace": "C:\\Windows\\SYSTEM32\\ntdll.dll+451dc|c:\\windows\\system32\\themeservice.dll+1e26|c:\\windows\\system32\\themeservice.dll+1e6a|c:\\windows\\system32\\themeservice.dll+242e|c:\\windows\\system32\\themeservice.dll+1b94|c:\\windows\\system32\\themeservice.dll+1ca9|c:\\windows\\system32\\themeservice.dll+1add|c:\\windows\\system32\\themeservice.dll+1a10|C:\\Windows\\SYSTEM32\\ntdll.dll+2b5e9|C:\\Windows\\SYSTEM32\\ntdll.dll+2e8d1|C:\\Windows\\system32\\kernel32.dll+51174|C:\\Windows\\SYSTEM32\\ntdll.dll+5b3f5|C:\\Windows\\SYSTEM32\\ntdll.dll+5b3c8", "_source_file": "data/baseline/win7-x86/Microsoft-Windows-Sysmon%4Operational.evtx"}, {"EventID": 5, "Computer": "evtx-PC", "UtcTime": "2022-04-04 11:18:32.721", "Provider": "Microsoft-Windows-Sysmon", "RuleName": "-", "ProcessGuid": "{e97d4e69-0000-0000-0779-030000000000}", "ProcessId": "3828", "Image": "C:\\Windows\\System32\\conhost.exe", "_source_file": "data/baseline/win7-x86/Microsoft-Windows-Sysmon%4Operational.evtx"}, {"EventID": 12, "Computer": "evtx-PC", "UtcTime": "2022-04-04 11:18:32.721", "Provider": "Microsoft-Windows-Sysmon", "RuleName": "-", "EventType": "CreateKey", "ProcessGuid": "{e97d4e69-0000-0000-d5b6-000000000000}", "ProcessId": "988", "Image": "C:\\Windows\\system32\\svchost.exe", "TargetObject": "HKCR", "_source_file": "data/baseline/win7-x86/Microsoft-Windows-Sysmon%4Operational.evtx"}, {"EventID": 12, "Computer": "evtx-PC", "UtcTime": "2022-04-04 11:18:32.721", "Provider": "Microsoft-Windows-Sysmon", "RuleName": "-", "EventType": "CreateKey", "ProcessGuid": "{e97d4e69-0000-0000-e1c9-000000000000}", "ProcessId": "1136", "Image": "C:\\Windows\\system32\\svchost.exe", "TargetObject": "HKLM\\System\\CurrentControlSet\\services\\Tcpip\\Parameters", "_source_file": "data/baseline/win7-x86/Microsoft-Windows-Sysmon%4Operational.evtx"}, {"EventID": 12, "Computer": "evtx-PC", "UtcTime": "2022-04-04 11:18:33.033", "Provider": "Microsoft-Windows-Sysmon", "RuleName": "-", "EventType": "CreateKey", "ProcessGuid": "{e97d4e69-0000-0000-ea03-000000000000}", "ProcessId": "4", "Image": "System", "TargetObject": "\\REGISTRY\\A\\{DE7492E6-B408-11EC-9856-0800278DF289}\\DefaultObjectStore", "_source_file": "data/baseline/win7-x86/Microsoft-Windows-Sysmon%4Operational.evtx"}, {"EventID": 5, "Computer": "evtx-PC", "UtcTime": "2022-04-04 11:18:33.127", "Provider": "Microsoft-Windows-Sysmon", "RuleName": "-", "ProcessGuid": "{e97d4e69-0000-0000-564e-030000000000}", "ProcessId": "3548", "Image": "C:\\Windows\\System32\\dllhost.exe", "_source_file": "data/baseline/win7-x86/Microsoft-Windows-Sysmon%4Operational.evtx"}, {"EventID": 5, "Computer": "evtx-PC", "UtcTime": "2022-04-04 11:18:33.549", "Provider": "Microsoft-Windows-Sysmon", "RuleName": "-", "ProcessGuid": "{e97d4e69-0000-0000-2454-030000000000}", "ProcessId": "3608", "Image": "C:\\Users\\evtx\\Desktop\\Sysmon (2)\\Sysmon.exe", "_source_file": "data/baseline/win7-x86/Microsoft-Windows-Sysmon%4Operational.evtx"}, {"EventID": 12, "Computer": "evtx-PC", "UtcTime": "2022-04-04 11:18:34.986", "Provider": "Microsoft-Windows-Sysmon", "RuleName": "-", "EventType": "CreateKey", "ProcessGuid": "{e97d4e69-0000-0000-e1c9-000000000000}", "ProcessId": "1136", "Image": "C:\\Windows\\system32\\svchost.exe", "TargetObject": "HKLM\\System\\CurrentControlSet\\services\\Tcpip\\Parameters", "_source_file": "data/baseline/win7-x86/Microsoft-Windows-Sysmon%4Operational.evtx"}, {"EventID": 12, "Computer": "evtx-PC", "UtcTime": "2022-04-04 11:18:36.267", "Provider": "Microsoft-Windows-Sysmon", "RuleName": "-", "EventType": "CreateKey", "ProcessGuid": "{e97d4e69-0000-0000-beb3-000000000000}", "ProcessId": "940", "Image": "C:\\Windows\\System32\\svchost.exe", "TargetObject": "HKLM\\SOFTWARE\\Microsoft\\Windows NT\\CurrentVersion\\EMDMgmt", "_source_file": "data/baseline/win7-x86/Microsoft-Windows-Sysmon%4Operational.evtx"}, {"EventID": 13, "Computer": "evtx-PC", "UtcTime": "2022-04-04 11:18:36.267", "Provider": "Microsoft-Windows-Sysmon", "RuleName": "-", "EventType": "SetValue", "ProcessGuid": "{e97d4e69-0000-0000-beb3-000000000000}", "ProcessId": "940", "Image": "C:\\Windows\\System32\\svchost.exe", "TargetObject": "HKLM\\System\\CurrentControlSet\\Control\\WMI\\Autologger\\ReadyBoot\\Start", "Details": "DWORD (0x00000001)", "_source_file": "data/baseline/win7-x86/Microsoft-Windows-Sysmon%4Operational.evtx"}, {"EventID": 12, "Computer": "evtx-PC", "UtcTime": "2022-04-04 11:18:36.267", "Provider": "Microsoft-Windows-Sysmon", "RuleName": "-", "EventType": "CreateKey", "ProcessGuid": "{e97d4e69-0000-0000-beb3-000000000000}", "ProcessId": "940", "Image": "C:\\Windows\\System32\\svchost.exe", "TargetObject": "HKLM\\System\\CurrentControlSet\\services\\rdyboost\\Parameters", "_source_file": "data/baseline/win7-x86/Microsoft-Windows-Sysmon%4Operational.evtx"}, {"EventID": 13, "Computer": "evtx-PC", "UtcTime": "2022-04-04 11:18:36.267", "Provider": "Microsoft-Windows-Sysmon", "RuleName": "-", "EventType": "SetValue", "ProcessGuid": "{e97d4e69-0000-0000-beb3-000000000000}", "ProcessId": "940", "Image": "C:\\Windows\\System32\\svchost.exe", "TargetObject": "HKLM\\System\\CurrentControlSet\\services\\rdyboost\\Parameters\\ReadyBootVolumeUniqueId", "Details": "Binary Data", "_source_file": "data/baseline/win7-x86/Microsoft-Windows-Sysmon%4Operational.evtx"}, {"EventID": 12, "Computer": "evtx-PC", "UtcTime": "2022-04-04 11:18:36.267", "Provider": "Microsoft-Windows-Sysmon", "RuleName": "-", "EventType": "CreateKey", "ProcessGuid": "{e97d4e69-0000-0000-beb3-000000000000}", "ProcessId": "940", "Image": "C:\\Windows\\System32\\svchost.exe", "TargetObject": "HKLM\\SOFTWARE\\Microsoft\\Windows NT\\CurrentVersion\\Superfetch\\DiskAssessment", "_source_file": "data/baseline/win7-x86/Microsoft-Windows-Sysmon%4Operational.evtx"}, {"EventID": 10, "Computer": "evtx-PC", "UtcTime": "2022-04-04 11:18:36.267", "Provider": "Microsoft-Windows-Sysmon", "RuleName": "-", "SourceProcessGUID": "{e97d4e69-0000-0000-d5b6-000000000000}", "SourceProcessId": "988", "SourceThreadId": "1996", "SourceImage": "C:\\Windows\\system32\\svchost.exe", "TargetProcessGUID": "{e97d4e69-0000-0000-beb3-000000000000}", "TargetProcessId": "940", "TargetImage": "C:\\Windows\\System32\\svchost.exe", "GrantedAccess": "0x001fffff", "CallTrace": "C:\\Windows\\SYSTEM32\\ntdll.dll+451dc|C:\\Windows\\system32\\KERNELBASE.dll+91b6|c:\\windows\\system32\\schedsvc.dll+1b626|C:\\Windows\\system32\\RPCRT4.dll+2fc8f|C:\\Windows\\system32\\RPCRT4.dll+94c53|C:\\Windows\\system32\\RPCRT4.dll+9430e|C:\\Windows\\system32\\RPCRT4.dll+2f34a|C:\\Windows\\system32\\RPCRT4.dll+2f4da|C:\\Windows\\system32\\RPCRT4.dll+2f3c6|C:\\Windows\\system32\\RPCRT4.dll+23974|C:\\Windows\\system32\\RPCRT4.dll+2f7a4|C:\\Windows\\system32\\RPCRT4.dll+2f763|C:\\Windows\\system32\\RPCRT4.dll+2f5ff|C:\\Windows\\system32\\RPCRT4.dll+2f573|C:\\Windows\\system32\\RPCRT4.dll+2ee4f|C:\\Windows\\system32\\RPCRT4.dll+2ece7", "_source_file": "data/baseline/win7-x86/Microsoft-Windows-Sysmon%4Operational.evtx"}, {"EventID": 12, "Computer": "evtx-PC", "UtcTime": "2022-04-04 11:18:36.267", "Provider": "Microsoft-Windows-Sysmon", "RuleName": "-", "EventType": "CreateKey", "ProcessGuid": "{e97d4e69-0000-0000-beb3-000000000000}", "ProcessId": "940", "Image": "C:\\Windows\\System32\\svchost.exe", "TargetObject": "HKLM\\SOFTWARE\\Microsoft\\Windows NT\\CurrentVersion\\Prefetcher", "_source_file": "data/baseline/win7-x86/Microsoft-Windows-Sysmon%4Operational.evtx"}, {"EventID": 12, "Computer": "evtx-PC", "UtcTime": "2022-04-04 11:18:36.267", "Provider": "Microsoft-Windows-Sysmon", "RuleName": "-", "EventType": "CreateKey", "ProcessGuid": "{e97d4e69-0000-0000-beb3-000000000000}", "ProcessId": "940", "Image": "C:\\Windows\\System32\\svchost.exe", "TargetObject": "HKLM\\SOFTWARE\\Microsoft\\Windows\\CurrentVersion\\OptimalLayout", "_source_file": "data/baseline/win7-x86/Microsoft-Windows-Sysmon%4Operational.evtx"}, {"EventID": 12, "Computer": "evtx-PC", "UtcTime": "2022-04-04 11:18:36.267", "Provider": "Microsoft-Windows-Sysmon", "RuleName": "-", "EventType": "CreateKey", "ProcessGuid": "{e97d4e69-0000-0000-1262-000000000000}", "ProcessId": "668", "Image": "C:\\Windows\\system32\\svchost.exe", "TargetObject": "HKLM\\System\\CurrentControlSet\\Control\\DeviceClasses", "_source_file": "data/baseline/win7-x86/Microsoft-Windows-Sysmon%4Operational.evtx"}, {"EventID": 12, "Computer": "evtx-PC", "UtcTime": "2022-04-04 11:18:36.267", "Provider": "Microsoft-Windows-Sysmon", "RuleName": "-", "EventType": "CreateKey", "ProcessGuid": "{e97d4e69-0000-0000-1262-000000000000}", "ProcessId": "668", "Image": "C:\\Windows\\system32\\svchost.exe", "TargetObject": "HKLM\\System\\CurrentControlSet\\Control\\DeviceClasses", "_source_file": "data/baseline/win7-x86/Microsoft-Windows-Sysmon%4Operational.evtx"}, {"EventID": 12, "Computer": "evtx-PC", "UtcTime": "2022-04-04 11:18:36.267", "Provider": "Microsoft-Windows-Sysmon", "RuleName": "-", "EventType": "CreateKey", "ProcessGuid": "{e97d4e69-0000-0000-beb3-000000000000}", "ProcessId": "940", "Image": "C:\\Windows\\System32\\svchost.exe", "TargetObject": "HKLM\\System\\CurrentControlSet\\services\\rdyboost\\AttachState", "_source_file": "data/baseline/win7-x86/Microsoft-Windows-Sysmon%4Operational.evtx"}, {"EventID": 10, "Computer": "evtx-PC", "UtcTime": "2022-04-04 11:18:36.267", "Provider": "Microsoft-Windows-Sysmon", "RuleName": "-", "SourceProcessGUID": "{e97d4e69-0000-0000-1262-000000000000}", "SourceProcessId": "668", "SourceThreadId": "1724", "SourceImage": "C:\\Windows\\system32\\svchost.exe", "TargetProcessGUID": "{e97d4e69-0000-0000-beb3-000000000000}", "TargetProcessId": "940", "TargetImage": "C:\\Windows\\System32\\svchost.exe", "GrantedAccess": "0x00001400", "CallTrace": "C:\\Windows\\SYSTEM32\\ntdll.dll+451dc|C:\\Windows\\system32\\KERNELBASE.dll+6dc1|c:\\windows\\system32\\umpnpmgr.dll+62a9|c:\\windows\\system32\\umpnpmgr.dll+6417|C:\\Windows\\system32\\RPCRT4.dll+2fc8f|C:\\Windows\\system32\\RPCRT4.dll+94c53|C:\\Windows\\system32\\RPCRT4.dll+9430e|C:\\Windows\\system32\\RPCRT4.dll+2f34a|C:\\Windows\\system32\\RPCRT4.dll+2f4da|C:\\Windows\\system32\\RPCRT4.dll+2f3c6|C:\\Windows\\system32\\RPCRT4.dll+23974|C:\\Windows\\system32\\RPCRT4.dll+2f7a4|C:\\Windows\\system32\\RPCRT4.dll+2f763|C:\\Windows\\system32\\RPCRT4.dll+2f5ff|C:\\Windows\\system32\\RPCRT4.dll+2f573|C:\\Windows\\system32\\RPCRT4.dll+2ee4f", "_source_file": "data/baseline/win7-x86/Microsoft-Windows-Sysmon%4Operational.evtx"}, {"EventID": 10, "Computer": "evtx-PC", "UtcTime": "2022-04-04 11:18:36.267", "Provider": "Microsoft-Windows-Sysmon", "RuleName": "-", "SourceProcessGUID": "{e97d4e69-0000-0000-1262-000000000000}", "SourceProcessId": "668", "SourceThreadId": "1724", "SourceImage": "C:\\Windows\\system32\\svchost.exe", "TargetProcessGUID": "{e97d4e69-0000-0000-beb3-000000000000}", "TargetProcessId": "940", "TargetImage": "C:\\Windows\\System32\\svchost.exe", "GrantedAccess": "0x00000040", "CallTrace": "C:\\Windows\\SYSTEM32\\ntdll.dll+451dc|C:\\Windows\\system32\\KERNELBASE.dll+91b6|c:\\windows\\system32\\umpnpmgr.dll+778f|C:\\Windows\\system32\\RPCRT4.dll+2fc8f|C:\\Windows\\system32\\RPCRT4.dll+94c53|C:\\Windows\\system32\\RPCRT4.dll+9430e|C:\\Windows\\system32\\RPCRT4.dll+2f34a|C:\\Windows\\system32\\RPCRT4.dll+2f4da|C:\\Windows\\system32\\RPCRT4.dll+2f3c6|C:\\Windows\\system32\\RPCRT4.dll+23974|C:\\Windows\\system32\\RPCRT4.dll+2f7a4|C:\\Windows\\system32\\RPCRT4.dll+2f763|C:\\Windows\\system32\\RPCRT4.dll+2f5ff|C:\\Windows\\system32\\RPCRT4.dll+2f573|C:\\Windows\\system32\\RPCRT4.dll+2ee4f|C:\\Windows\\system32\\RPCRT4.dll+2ece7", "_source_file": "data/baseline/win7-x86/Microsoft-Windows-Sysmon%4Operational.evtx"}, {"EventID": 12, "Computer": "evtx-PC", "UtcTime": "2022-04-04 11:18:36.267", "Provider": "Microsoft-Windows-Sysmon", "RuleName": "-", "EventType": "CreateKey", "ProcessGuid": "{e97d4e69-0000-0000-beb3-000000000000}", "ProcessId": "940", "Image": "C:\\Windows\\System32\\svchost.exe", "TargetObject": "HKLM\\System\\CurrentControlSet\\services\\rdyboost\\AttachState", "_source_file": "data/baseline/win7-x86/Microsoft-Windows-Sysmon%4Operational.evtx"}, {"EventID": 10, "Computer": "evtx-PC", "UtcTime": "2022-04-04 11:18:36.267", "Provider": "Microsoft-Windows-Sysmon", "RuleName": "-", "SourceProcessGUID": "{e97d4e69-0000-0000-1262-000000000000}", "SourceProcessId": "668", "SourceThreadId": "1724", "SourceImage": "C:\\Windows\\system32\\svchost.exe", "TargetProcessGUID": "{e97d4e69-0000-0000-beb3-000000000000}", "TargetProcessId": "940", "TargetImage": "C:\\Windows\\System32\\svchost.exe", "GrantedAccess": "0x00001400", "CallTrace": "C:\\Windows\\SYSTEM32\\ntdll.dll+451dc|C:\\Windows\\system32\\KERNELBASE.dll+6dc1|c:\\windows\\system32\\umpnpmgr.dll+62a9|c:\\windows\\system32\\umpnpmgr.dll+6417|C:\\Windows\\system32\\RPCRT4.dll+2fc8f|C:\\Windows\\system32\\RPCRT4.dll+94c53|C:\\Windows\\system32\\RPCRT4.dll+9430e|C:\\Windows\\system32\\RPCRT4.dll+2f34a|C:\\Windows\\system32\\RPCRT4.dll+2f4da|C:\\Windows\\system32\\RPCRT4.dll+2f3c6|C:\\Windows\\system32\\RPCRT4.dll+23974|C:\\Windows\\system32\\RPCRT4.dll+2f7a4|C:\\Windows\\system32\\RPCRT4.dll+2f763|C:\\Windows\\system32\\RPCRT4.dll+2f5ff|C:\\Windows\\system32\\RPCRT4.dll+2f573|C:\\Windows\\system32\\RPCRT4.dll+2ee4f", "_source_file": "data/baseline/win7-x86/Microsoft-Windows-Sysmon%4Operational.evtx"}, {"EventID": 10, "Computer": "evtx-PC", "UtcTime": "2022-04-04 11:18:36.283", "Provider": "Microsoft-Windows-Sysmon", "RuleName": "-", "SourceProcessGUID": "{e97d4e69-0000-0000-1262-000000000000}", "SourceProcessId": "668", "SourceThreadId": "1724", "SourceImage": "C:\\Windows\\system32\\svchost.exe", "TargetProcessGUID": "{e97d4e69-0000-0000-beb3-000000000000}", "TargetProcessId": "940", "TargetImage": "C:\\Windows\\System32\\svchost.exe", "GrantedAccess": "0x00000040", "CallTrace": "C:\\Windows\\SYSTEM32\\ntdll.dll+451dc|C:\\Windows\\system32\\KERNELBASE.dll+91b6|c:\\windows\\system32\\umpnpmgr.dll+778f|C:\\Windows\\system32\\RPCRT4.dll+2fc8f|C:\\Windows\\system32\\RPCRT4.dll+94c53|C:\\Windows\\system32\\RPCRT4.dll+9430e|C:\\Windows\\system32\\RPCRT4.dll+2f34a|C:\\Windows\\system32\\RPCRT4.dll+2f4da|C:\\Windows\\system32\\RPCRT4.dll+2f3c6|C:\\Windows\\system32\\RPCRT4.dll+23974|C:\\Windows\\system32\\RPCRT4.dll+2f7a4|C:\\Windows\\system32\\RPCRT4.dll+2f763|C:\\Windows\\system32\\RPCRT4.dll+2f5ff|C:\\Windows\\system32\\RPCRT4.dll+2f573|C:\\Windows\\system32\\RPCRT4.dll+2ee4f|C:\\Windows\\system32\\RPCRT4.dll+2ece7", "_source_file": "data/baseline/win7-x86/Microsoft-Windows-Sysmon%4Operational.evtx"}, {"EventID": 10, "Computer": "evtx-PC", "UtcTime": "2022-04-04 11:18:36.283", "Provider": "Microsoft-Windows-Sysmon", "RuleName": "-", "SourceProcessGUID": "{e97d4e69-0000-0000-1262-000000000000}", "SourceProcessId": "668", "SourceThreadId": "1724", "SourceImage": "C:\\Windows\\system32\\svchost.exe", "TargetProcessGUID": "{e97d4e69-0000-0000-beb3-000000000000}", "TargetProcessId": "940", "TargetImage": "C:\\Windows\\System32\\svchost.exe", "GrantedAccess": "0x00001400", "CallTrace": "C:\\Windows\\SYSTEM32\\ntdll.dll+451dc|C:\\Windows\\system32\\KERNELBASE.dll+6dc1|c:\\windows\\system32\\umpnpmgr.dll+62a9|c:\\windows\\system32\\umpnpmgr.dll+6417|C:\\Windows\\system32\\RPCRT4.dll+2fc8f|C:\\Windows\\system32\\RPCRT4.dll+94c53|C:\\Windows\\system32\\RPCRT4.dll+9430e|C:\\Windows\\system32\\RPCRT4.dll+2f34a|C:\\Windows\\system32\\RPCRT4.dll+2f4da|C:\\Windows\\system32\\RPCRT4.dll+2f3c6|C:\\Windows\\system32\\RPCRT4.dll+23974|C:\\Windows\\system32\\RPCRT4.dll+2f7a4|C:\\Windows\\system32\\RPCRT4.dll+2f763|C:\\Windows\\system32\\RPCRT4.dll+2f5ff|C:\\Windows\\system32\\RPCRT4.dll+2f573|C:\\Windows\\system32\\RPCRT4.dll+2ee4f", "_source_file": "data/baseline/win7-x86/Microsoft-Windows-Sysmon%4Operational.evtx"}, {"EventID": 10, "Computer": "evtx-PC", "UtcTime": "2022-04-04 11:18:36.283", "Provider": "Microsoft-Windows-Sysmon", "RuleName": "-", "SourceProcessGUID": "{e97d4e69-0000-0000-274f-000000000000}", "SourceProcessId": "560", "SourceThreadId": "920", "SourceImage": "C:\\Windows\\system32\\lsm.exe", "TargetProcessGUID": "{e97d4e69-0000-0000-beb3-000000000000}", "TargetProcessId": "940", "TargetImage": "C:\\Windows\\System32\\svchost.exe", "GrantedAccess": "0x00000040", "CallTrace": "C:\\Windows\\SYSTEM32\\ntdll.dll+451dc|C:\\Windows\\system32\\KERNELBASE.dll+91b6|C:\\Windows\\system32\\lsm.exe+3467|C:\\Windows\\system32\\lsm.exe+33c7|C:\\Windows\\system32\\RPCRT4.dll+2fc8f|C:\\Windows\\system32\\RPCRT4.dll+94c53|C:\\Windows\\system32\\RPCRT4.dll+9430e|C:\\Windows\\system32\\RPCRT4.dll+2f34a|C:\\Windows\\system32\\RPCRT4.dll+2f4da|C:\\Windows\\system32\\RPCRT4.dll+2f3c6|C:\\Windows\\system32\\RPCRT4.dll+23974|C:\\Windows\\system32\\RPCRT4.dll+2f7a4|C:\\Windows\\system32\\RPCRT4.dll+2f763|C:\\Windows\\system32\\RPCRT4.dll+2f5ff|C:\\Windows\\system32\\RPCRT4.dll+2f573|C:\\Windows\\system32\\RPCRT4.dll+2ee4f", "_source_file": "data/baseline/win7-x86/Microsoft-Windows-Sysmon%4Operational.evtx"}, {"EventID": 10, "Computer": "evtx-PC", "UtcTime": "2022-04-04 11:18:36.346", "Provider": "Microsoft-Windows-Sysmon", "RuleName": "-", "SourceProcessGUID": "{e97d4e69-0000-0000-d5b6-000000000000}", "SourceProcessId": "988", "SourceThreadId": "1996", "SourceImage": "C:\\Windows\\system32\\svchost.exe", "TargetProcessGUID": "{e97d4e69-0000-0000-beb3-000000000000}", "TargetProcessId": "940", "TargetImage": "C:\\Windows\\System32\\svchost.exe", "GrantedAccess": "0x001fffff", "CallTrace": "C:\\Windows\\SYSTEM32\\ntdll.dll+451dc|C:\\Windows\\system32\\KERNELBASE.dll+91b6|c:\\windows\\system32\\schedsvc.dll+1b626|C:\\Windows\\system32\\RPCRT4.dll+2fc8f|C:\\Windows\\system32\\RPCRT4.dll+94c53|C:\\Windows\\system32\\RPCRT4.dll+9430e|C:\\Windows\\system32\\RPCRT4.dll+2f34a|C:\\Windows\\system32\\RPCRT4.dll+2f4da|C:\\Windows\\system32\\RPCRT4.dll+2f3c6|C:\\Windows\\system32\\RPCRT4.dll+23974|C:\\Windows\\system32\\RPCRT4.dll+2f7a4|C:\\Windows\\system32\\RPCRT4.dll+2f763|C:\\Windows\\system32\\RPCRT4.dll+2f5ff|C:\\Windows\\system32\\RPCRT4.dll+2f573|C:\\Windows\\system32\\RPCRT4.dll+2ee4f|C:\\Windows\\system32\\RPCRT4.dll+2ece7", "_source_file": "data/baseline/win7-x86/Microsoft-Windows-Sysmon%4Operational.evtx"}, {"EventID": 10, "Computer": "evtx-PC", "UtcTime": "2022-04-04 11:18:36.346", "Provider": "Microsoft-Windows-Sysmon", "RuleName": "-", "SourceProcessGUID": "{e97d4e69-0000-0000-d5b6-000000000000}", "SourceProcessId": "988", "SourceThreadId": "1996", "SourceImage": "C:\\Windows\\system32\\svchost.exe", "TargetProcessGUID": "{e97d4e69-0000-0000-beb3-000000000000}", "TargetProcessId": "940", "TargetImage": "C:\\Windows\\System32\\svchost.exe", "GrantedAccess": "0x001fffff", "CallTrace": "C:\\Windows\\SYSTEM32\\ntdll.dll+451dc|C:\\Windows\\system32\\KERNELBASE.dll+91b6|c:\\windows\\system32\\schedsvc.dll+1b626|C:\\Windows\\system32\\RPCRT4.dll+2fc8f|C:\\Windows\\system32\\RPCRT4.dll+94c53|C:\\Windows\\system32\\RPCRT4.dll+9430e|C:\\Windows\\system32\\RPCRT4.dll+2f34a|C:\\Windows\\system32\\RPCRT4.dll+2f4da|C:\\Windows\\system32\\RPCRT4.dll+2f3c6|C:\\Windows\\system32\\RPCRT4.dll+23974|C:\\Windows\\system32\\RPCRT4.dll+2f7a4|C:\\Windows\\system32\\RPCRT4.dll+2f763|C:\\Windows\\system32\\RPCRT4.dll+2f5ff|C:\\Windows\\system32\\RPCRT4.dll+2f573|C:\\Windows\\system32\\RPCRT4.dll+2ee4f|C:\\Windows\\system32\\RPCRT4.dll+2ece7", "_source_file": "data/baseline/win7-x86/Microsoft-Windows-Sysmon%4Operational.evtx"}, {"EventID": 12, "Computer": "evtx-PC", "UtcTime": "2022-04-04 11:18:36.346", "Provider": "Microsoft-Windows-Sysmon", "RuleName": "-", "EventType": "CreateKey", "ProcessGuid": "{e97d4e69-0000-0000-beb3-000000000000}", "ProcessId": "940", "Image": "C:\\Windows\\System32\\svchost.exe", "TargetObject": "HKLM\\SOFTWARE\\Microsoft\\Windows NT\\CurrentVersion\\NvCache", "_source_file": "data/baseline/win7-x86/Microsoft-Windows-Sysmon%4Operational.evtx"}, {"EventID": 12, "Computer": "evtx-PC", "UtcTime": "2022-04-04 11:18:36.346", "Provider": "Microsoft-Windows-Sysmon", "RuleName": "-", "EventType": "CreateKey", "ProcessGuid": "{e97d4e69-0000-0000-1262-000000000000}", "ProcessId": "668", "Image": "C:\\Windows\\system32\\svchost.exe", "TargetObject": "HKLM\\System\\CurrentControlSet\\Control\\DeviceClasses", "_source_file": "data/baseline/win7-x86/Microsoft-Windows-Sysmon%4Operational.evtx"}, {"EventID": 12, "Computer": "evtx-PC", "UtcTime": "2022-04-04 11:18:36.346", "Provider": "Microsoft-Windows-Sysmon", "RuleName": "-", "EventType": "CreateKey", "ProcessGuid": "{e97d4e69-0000-0000-beb3-000000000000}", "ProcessId": "940", "Image": "C:\\Windows\\System32\\svchost.exe", "TargetObject": "HKLM\\System\\CurrentControlSet\\Control\\Session Manager\\Memory Management\\PrefetchParameters", "_source_file": "data/baseline/win7-x86/Microsoft-Windows-Sysmon%4Operational.evtx"}, {"EventID": 13, "Computer": "evtx-PC", "UtcTime": "2022-04-04 11:18:36.346", "Provider": "Microsoft-Windows-Sysmon", "RuleName": "-", "EventType": "SetValue", "ProcessGuid": "{e97d4e69-0000-0000-beb3-000000000000}", "ProcessId": "940", "Image": "C:\\Windows\\System32\\svchost.exe", "TargetObject": "HKLM\\System\\CurrentControlSet\\Control\\Session Manager\\Memory Management\\PrefetchParameters\\EnableBootTrace", "Details": "DWORD (0x00000000)", "_source_file": "data/baseline/win7-x86/Microsoft-Windows-Sysmon%4Operational.evtx"}, {"EventID": 11, "Computer": "evtx-PC", "UtcTime": "2022-04-04 11:18:37.314", "Provider": "Microsoft-Windows-Sysmon", "RuleName": "-", "ProcessGuid": "{e97d4e69-0000-0000-9170-030000000000}", "ProcessId": "3668", "Image": "C:\\Windows\\Sysmon.exe", "TargetFilename": "C:\\Windows\\System32\\config\\systemprofile\\AppData\\LocalLow\\Microsoft\\CryptnetUrlCache\\MetaData\\696F3DE637E6DE85B458996D49D759AD", "CreationUtcTime": "2022-04-04 11:18:37.314", "_source_file": "data/baseline/win7-x86/Microsoft-Windows-Sysmon%4Operational.evtx"}, {"EventID": 11, "Computer": "evtx-PC", "UtcTime": "2022-04-04 11:18:37.314", "Provider": "Microsoft-Windows-Sysmon", "RuleName": "-", "ProcessGuid": "{e97d4e69-0000-0000-9170-030000000000}", "ProcessId": "3668", "Image": "C:\\Windows\\Sysmon.exe", "TargetFilename": "C:\\Windows\\System32\\config\\systemprofile\\AppData\\LocalLow\\Microsoft\\CryptnetUrlCache\\Content\\696F3DE637E6DE85B458996D49D759AD", "CreationUtcTime": "2022-04-04 11:18:37.314", "_source_file": "data/baseline/win7-x86/Microsoft-Windows-Sysmon%4Operational.evtx"}, {"EventID": 12, "Computer": "evtx-PC", "UtcTime": "2022-04-04 11:18:37.314", "Provider": "Microsoft-Windows-Sysmon", "RuleName": "-", "EventType": "CreateKey", "ProcessGuid": "{e97d4e69-0000-0000-e1c9-000000000000}", "ProcessId": "1136", "Image": "C:\\Windows\\system32\\svchost.exe", "TargetObject": "HKLM\\System\\CurrentControlSet\\services\\Tcpip\\Parameters", "_source_file": "data/baseline/win7-x86/Microsoft-Windows-Sysmon%4Operational.evtx"}, {"EventID": 12, "Computer": "evtx-PC", "UtcTime": "2022-04-04 11:18:39.580", "Provider": "Microsoft-Windows-Sysmon", "RuleName": "-", "EventType": "CreateKey", "ProcessGuid": "{e97d4e69-0000-0000-e1c9-000000000000}", "ProcessId": "1136", "Image": "C:\\Windows\\system32\\svchost.exe", "TargetObject": "HKLM\\System\\CurrentControlSet\\services\\Tcpip\\Parameters", "_source_file": "data/baseline/win7-x86/Microsoft-Windows-Sysmon%4Operational.evtx"}, {"EventID": 11, "Computer": "evtx-PC", "UtcTime": "2022-04-04 11:18:41.846", "Provider": "Microsoft-Windows-Sysmon", "RuleName": "-", "ProcessGuid": "{e97d4e69-0000-0000-9170-030000000000}", "ProcessId": "3668", "Image": "C:\\Windows\\Sysmon.exe", "TargetFilename": "C:\\Windows\\System32\\config\\systemprofile\\AppData\\LocalLow\\Microsoft\\CryptnetUrlCache\\MetaData\\B8CC409ACDBF2A2FE04C56F2875B1FD6", "CreationUtcTime": "2022-04-04 11:18:41.846", "_source_file": "data/baseline/win7-x86/Microsoft-Windows-Sysmon%4Operational.evtx"}, {"EventID": 11, "Computer": "evtx-PC", "UtcTime": "2022-04-04 11:18:41.861", "Provider": "Microsoft-Windows-Sysmon", "RuleName": "-", "ProcessGuid": "{e97d4e69-0000-0000-9170-030000000000}", "ProcessId": "3668", "Image": "C:\\Windows\\Sysmon.exe", "TargetFilename": "C:\\Windows\\System32\\config\\systemprofile\\AppData\\LocalLow\\Microsoft\\CryptnetUrlCache\\Content\\B8CC409ACDBF2A2FE04C56F2875B1FD6", "CreationUtcTime": "2022-04-04 11:18:41.861", "_source_file": "data/baseline/win7-x86/Microsoft-Windows-Sysmon%4Operational.evtx"}, {"EventID": 12, "Computer": "evtx-PC", "UtcTime": "2022-04-04 11:18:41.877", "Provider": "Microsoft-Windows-Sysmon", "RuleName": "-", "EventType": "CreateKey", "ProcessGuid": "{e97d4e69-0000-0000-e1c9-000000000000}", "ProcessId": "1136", "Image": "C:\\Windows\\system32\\svchost.exe", "TargetObject": "HKLM\\System\\CurrentControlSet\\services\\Tcpip\\Parameters", "_source_file": "data/baseline/win7-x86/Microsoft-Windows-Sysmon%4Operational.evtx"}, {"EventID": 12, "Computer": "evtx-PC", "UtcTime": "2022-04-04 11:18:44.127", "Provider": "Microsoft-Windows-Sysmon", "RuleName": "-", "EventType": "CreateKey", "ProcessGuid": "{e97d4e69-0000-0000-e1c9-000000000000}", "ProcessId": "1136", "Image": "C:\\Windows\\system32\\svchost.exe", "TargetObject": "HKLM\\System\\CurrentControlSet\\services\\Tcpip\\Parameters", "_source_file": "data/baseline/win7-x86/Microsoft-Windows-Sysmon%4Operational.evtx"}, {"EventID": 11, "Computer": "evtx-PC", "UtcTime": "2022-04-04 11:18:46.408", "Provider": "Microsoft-Windows-Sysmon", "RuleName": "-", "ProcessGuid": "{e97d4e69-0000-0000-9170-030000000000}", "ProcessId": "3668", "Image": "C:\\Windows\\Sysmon.exe", "TargetFilename": "C:\\Windows\\System32\\config\\systemprofile\\AppData\\LocalLow\\Microsoft\\CryptnetUrlCache\\MetaData\\F90F18257CBB4D84216AC1E1F3BB2C76", "CreationUtcTime": "2022-04-04 11:18:46.408", "_source_file": "data/baseline/win7-x86/Microsoft-Windows-Sysmon%4Operational.evtx"}, {"EventID": 11, "Computer": "evtx-PC", "UtcTime": "2022-04-04 11:18:46.424", "Provider": "Microsoft-Windows-Sysmon", "RuleName": "-", "ProcessGuid": "{e97d4e69-0000-0000-9170-030000000000}", "ProcessId": "3668", "Image": "C:\\Windows\\Sysmon.exe", "TargetFilename": "C:\\Windows\\System32\\config\\systemprofile\\AppData\\LocalLow\\Microsoft\\CryptnetUrlCache\\Content\\F90F18257CBB4D84216AC1E1F3BB2C76", "CreationUtcTime": "2022-04-04 11:18:46.408", "_source_file": "data/baseline/win7-x86/Microsoft-Windows-Sysmon%4Operational.evtx"}, {"EventID": 7, "Computer": "evtx-PC", "UtcTime": "2022-04-04 11:18:32.549", "Provider": "Microsoft-Windows-Sysmon", "RuleName": "-", "ProcessGuid": "{e97d4e69-0000-0000-1262-000000000000}", "ProcessId": "668", "Image": "C:\\Windows\\System32\\svchost.exe", "ImageLoaded": "C:\\Windows\\System32\\wbem\\unsecapp.exe", "FileVersion": "6.1.7600.16385 (win7_rtm.090713-1255)", "Description": "Sink to receive asynchronous callbacks for WMI client application", "Product": "Microsoft\u00ae Windows\u00ae Operating System", "Company": "Microsoft Corporation", "OriginalFileName": "unsecapp.dll", "Hashes": "SHA1=393CFBAC0AC28DCC194F88C951D856E74F5B3CB6,MD5=B042D6B383FEC85D73D09DB92F807713,SHA256=861E3DD5FBD6CCCCD0E3EA6187D13F3E4BC42FAA171043238B46717FD24165A6,IMPHASH=227D81C5224C7437AE46E793D9114B4D", "Signed": "true", "Signature": "Microsoft Windows", "SignatureStatus": "Valid", "_source_file": "data/baseline/win7-x86/Microsoft-Windows-Sysmon%4Operational.evtx"}, {"EventID": 7, "Computer": "evtx-PC", "UtcTime": "2022-04-04 11:18:33.033", "Provider": "Microsoft-Windows-Sysmon", "RuleName": "-", "ProcessGuid": "{e97d4e69-0000-0000-d5b6-000000000000}", "ProcessId": "988", "Image": "C:\\Windows\\System32\\svchost.exe", "ImageLoaded": "C:\\Windows\\System32\\wbem\\unsecapp.exe", "FileVersion": "6.1.7600.16385 (win7_rtm.090713-1255)", "Description": "Sink to receive asynchronous callbacks for WMI client application", "Product": "Microsoft\u00ae Windows\u00ae Operating System", "Company": "Microsoft Corporation", "OriginalFileName": "unsecapp.dll", "Hashes": "SHA1=393CFBAC0AC28DCC194F88C951D856E74F5B3CB6,MD5=B042D6B383FEC85D73D09DB92F807713,SHA256=861E3DD5FBD6CCCCD0E3EA6187D13F3E4BC42FAA171043238B46717FD24165A6,IMPHASH=227D81C5224C7437AE46E793D9114B4D", "Signed": "true", "Signature": "Microsoft Windows", "SignatureStatus": "Valid", "_source_file": "data/baseline/win7-x86/Microsoft-Windows-Sysmon%4Operational.evtx"}, {"EventID": 7, "Computer": "evtx-PC", "UtcTime": "2022-04-04 11:18:33.033", "Provider": "Microsoft-Windows-Sysmon", "RuleName": "-", "ProcessGuid": "{e97d4e69-0000-0000-d5b6-000000000000}", "ProcessId": "988", "Image": "C:\\Windows\\System32\\svchost.exe", "ImageLoaded": "C:\\Windows\\System32\\wbem\\unsecapp.exe", "FileVersion": "6.1.7600.16385 (win7_rtm.090713-1255)", "Description": "Sink to receive asynchronous callbacks for WMI client application", "Product": "Microsoft\u00ae Windows\u00ae Operating System", "Company": "Microsoft Corporation", "OriginalFileName": "unsecapp.dll", "Hashes": "SHA1=393CFBAC0AC28DCC194F88C951D856E74F5B3CB6,MD5=B042D6B383FEC85D73D09DB92F807713,SHA256=861E3DD5FBD6CCCCD0E3EA6187D13F3E4BC42FAA171043238B46717FD24165A6,IMPHASH=227D81C5224C7437AE46E793D9114B4D", "Signed": "true", "Signature": "Microsoft Windows", "SignatureStatus": "Valid", "_source_file": "data/baseline/win7-x86/Microsoft-Windows-Sysmon%4Operational.evtx"}, 