{"EventID": 7, "Computer": "evtx-PC", "UtcTime": "2022-04-04 11:19:48.691", "Provider": "Microsoft-Windows-Sysmon", "RuleName": "-", "ProcessGuid": "{e97d4e69-0000-0000-0505-060000000000}", "ProcessId": "4568", "Image": "C:\\Windows\\System32\\consent.exe", "ImageLoaded": "C:\\Windows\\System32\\winmm.dll", "FileVersion": "6.1.7600.16385 (win7_rtm.090713-1255)", "Description": "MCI API DLL", "Product": "Microsoft\u00ae Windows\u00ae Operating System", "Company": "Microsoft Corporation", "OriginalFileName": "WINMM.DLL", "Hashes": "SHA1=375EADE80CE972027071119762A2CFBDEBA1E655,MD5=26A634B2E0FD87F23541AD13A503CA72,SHA256=B4D6CA0EADA9862493C449A8532C4033F11CE835E048857BF604DB9D893C0943,IMPHASH=1A7210F2C9930AF9B51025300C67DA77", "Signed": "true", "Signature": "Microsoft Windows", "SignatureStatus": "Valid", "_source_file": "data/baseline/win7-x86/Microsoft-Windows-Sysmon%4Operational.evtx"}, {"EventID": 7, "Computer": "evtx-PC", "UtcTime": "2022-04-04 11:19:48.707", "Provider": "Microsoft-Windows-Sysmon", "RuleName": "-", "ProcessGuid": "{e97d4e69-0000-0000-0505-060000000000}", "ProcessId": "4568", "Image": "C:\\Windows\\System32\\consent.exe", "ImageLoaded": "C:\\Windows\\System32\\userenv.dll", "FileVersion": "6.1.7600.16385 (win7_rtm.090713-1255)", "Description": "Userenv", "Product": "Microsoft\u00ae Windows\u00ae Operating System", "Company": "Microsoft Corporation", "OriginalFileName": "userenv.dll", "Hashes": "SHA1=302FC2F019EE725070758AA4F97F4B7067B241FB,MD5=9C0DC1DAAD14D443DD5A0D1EE78D775E,SHA256=73BA5BDF50EB78FA8BF479ADE0F1826FBB161CA70AF1405E06B64F4D2254B42C,IMPHASH=A7E397FE242848075A20A5F359911BC1", "Signed": "true", "Signature": "Microsoft Windows", "SignatureStatus": "Valid", "_source_file": "data/baseline/win7-x86/Microsoft-Windows-Sysmon%4Operational.evtx"}, {"EventID": 7, "Computer": "evtx-PC", "UtcTime": "2022-04-04 11:19:48.707", "Provider": "Microsoft-Windows-Sysmon", "RuleName": "-", "ProcessGuid": "{e97d4e69-0000-0000-0505-060000000000}", "ProcessId": "4568", "Image": "C:\\Windows\\System32\\consent.exe", "ImageLoaded": "C:\\Windows\\System32\\profapi.dll", "FileVersion": "6.1.7600.16385 (win7_rtm.090713-1255)", "Description": "User Profile Basic API", "Product": "Microsoft\u00ae Windows\u00ae Operating System", "Company": "Microsoft Corporation", "OriginalFileName": "PROFAPI.DLL", "Hashes": "SHA1=12B2CBAB8DD8B7531DF89B03D2A9A7A4EA9F7C2B,MD5=C733D233B623B7FFCE5031E4B756EE26,SHA256=33CC8B140B0E4A9B702E3468BE2646AEE4273F20C6EA5BAC6C3D8FC8EDEF0881,IMPHASH=3CAE6018A52671EE44B0B713A042E47F", "Signed": "true", "Signature": "Microsoft Windows", "SignatureStatus": "Valid", "_source_file": "data/baseline/win7-x86/Microsoft-Windows-Sysmon%4Operational.evtx"}, {"EventID": 7, "Computer": "evtx-PC", "UtcTime": "2022-04-04 11:19:48.707", "Provider": "Microsoft-Windows-Sysmon", "RuleName": "-", "ProcessGuid": "{e97d4e69-0000-0000-0505-060000000000}", "ProcessId": "4568", "Image": "C:\\Windows\\System32\\consent.exe", "ImageLoaded": "C:\\Windows\\System32\\winsta.dll", "FileVersion": "6.1.7600.16385 (win7_rtm.090713-1255)", "Description": "Winstation Library", "Product": "Microsoft\u00ae Windows\u00ae Operating System", "Company": "Microsoft Corporation", "OriginalFileName": "winsta.dll", "Hashes": "SHA1=91C277BD2CB7E051EDF006B7B656C5D2ED024600,MD5=AE5FF948400A51B040F999BF04290373,SHA256=7D1A0C2C1C2E136DC840979CC3287E6D305E511A8E2E04956A4EC9EBA11E15E5,IMPHASH=1A61FED9B5C2A2ADEB96C11CE3012CD1", "Signed": "true", "Signature": "Microsoft Windows", "SignatureStatus": "Valid", "_source_file": "data/baseline/win7-x86/Microsoft-Windows-Sysmon%4Operational.evtx"}, {"EventID": 7, "Computer": "evtx-PC", "UtcTime": "2022-04-04 11:19:48.722", "Provider": "Microsoft-Windows-Sysmon", "RuleName": "-", "ProcessGuid": "{e97d4e69-0000-0000-0505-060000000000}", "ProcessId": "4568", "Image": "C:\\Windows\\System32\\consent.exe", "ImageLoaded": "C:\\Windows\\System32\\crypt32.dll", "FileVersion": "6.1.7600.16385 (win7_rtm.090713-1255)", "Description": "Crypto API32", "Product": "Microsoft\u00ae Windows\u00ae Operating System", "Company": "Microsoft Corporation", "OriginalFileName": "CRYPT32.DLL", "Hashes": "SHA1=FA43E98FA0BD44CEAF381C55E8874B0868478AB8,MD5=E6B5DE86ABF68D7D67E451C29287B5C5,SHA256=AFE45D233FFBC190B3F13D357C973D20122B3C08A06BFF1CE70C0D46E44C5532,IMPHASH=58B2B8CD5F045A5B97B1B011C9E1FF44", "Signed": "true", "Signature": "Microsoft Windows", "SignatureStatus": "Valid", "_source_file": "data/baseline/win7-x86/Microsoft-Windows-Sysmon%4Operational.evtx"}, {"EventID": 7, "Computer": "evtx-PC", "UtcTime": "2022-04-04 11:19:48.722", "Provider": "Microsoft-Windows-Sysmon", "RuleName": "-", "ProcessGuid": "{e97d4e69-0000-0000-0505-060000000000}", "ProcessId": "4568", "Image": "C:\\Windows\\System32\\consent.exe", "ImageLoaded": "C:\\Windows\\System32\\msasn1.dll", "FileVersion": "6.1.7600.16385 (win7_rtm.090713-1255)", "Description": "ASN.1 Runtime APIs", "Product": "Microsoft\u00ae Windows\u00ae Operating System", "Company": "Microsoft Corporation", "OriginalFileName": "msasn1.dll", "Hashes": "SHA1=59DA364D41A03C599D2C75F6A743BE11FEE07587,MD5=F5777C29E38E4BF12C6F93A0B2F1B2D7,SHA256=9565A1D3BEDECE70CE711A8A975886F3B0BBD9CFC3CBE6654372942EAF61773E,IMPHASH=95AFB94F9D7416CBD861FE7EB393513B", "Signed": "true", "Signature": "Microsoft Windows", "SignatureStatus": "Valid", "_source_file": "data/baseline/win7-x86/Microsoft-Windows-Sysmon%4Operational.evtx"}, {"EventID": 7, "Computer": "evtx-PC", "UtcTime": "2022-04-04 11:19:48.753", "Provider": "Microsoft-Windows-Sysmon", "RuleName": "-", "ProcessGuid": "{e97d4e69-0000-0000-0505-060000000000}", "ProcessId": "4568", "Image": "C:\\Windows\\System32\\consent.exe", "ImageLoaded": "C:\\Windows\\System32\\secur32.dll", "FileVersion": "6.1.7600.16385 (win7_rtm.090713-1255)", "Description": "Security Support Provider Interface", "Product": "Microsoft\u00ae Windows\u00ae Operating System", "Company": "Microsoft Corporation", "OriginalFileName": "secur32.dll", "Hashes": "SHA1=94516EE059CE0859A398BCEB95587F6BD82BABF5,MD5=033CA30E335588E243C42D715BF48DDF,SHA256=6D40C9D48374D09494CFA04CCF1015CC097457BFA8B460DCD33513F2BC113597,IMPHASH=417AE782D228B55C01AEA8B57998D082", "Signed": "true", "Signature": "Microsoft Windows", "SignatureStatus": "Valid", "_source_file": "data/baseline/win7-x86/Microsoft-Windows-Sysmon%4Operational.evtx"}, {"EventID": 10, "Computer": "evtx-PC", "UtcTime": "2022-04-04 11:19:48.753", "Provider": "Microsoft-Windows-Sysmon", "RuleName": "-", "SourceProcessGUID": "{e97d4e69-0000-0000-054f-000000000000}", "SourceProcessId": "552", "SourceThreadId": "616", "SourceImage": "C:\\Windows\\system32\\lsass.exe", "TargetProcessGUID": "{e97d4e69-0000-0000-0505-060000000000}", "TargetProcessId": "4568", "TargetImage": "C:\\Windows\\system32\\consent.exe", "GrantedAccess": "0x00001478", "CallTrace": "C:\\Windows\\SYSTEM32\\ntdll.dll+451dc|C:\\Windows\\system32\\lsasrv.dll+1f891|C:\\Windows\\system32\\lsasrv.dll+1f81c|C:\\Windows\\system32\\lsasrv.dll+1fa1c|C:\\Windows\\system32\\SspiSrv.dll+1232|C:\\Windows\\system32\\RPCRT4.dll+2fc8f|C:\\Windows\\system32\\RPCRT4.dll+94c53|C:\\Windows\\system32\\RPCRT4.dll+9430e|C:\\Windows\\system32\\RPCRT4.dll+2f34a|C:\\Windows\\system32\\RPCRT4.dll+2f4da|C:\\Windows\\system32\\RPCRT4.dll+2f3c6|C:\\Windows\\system32\\RPCRT4.dll+23974|C:\\Windows\\system32\\RPCRT4.dll+2f7a4|C:\\Windows\\system32\\RPCRT4.dll+2f763|C:\\Windows\\system32\\RPCRT4.dll+2f5ff|C:\\Windows\\system32\\RPCRT4.dll+2f573", "_source_file": "data/baseline/win7-x86/Microsoft-Windows-Sysmon%4Operational.evtx"}, {"EventID": 7, "Computer": "evtx-PC", "UtcTime": "2022-04-04 11:19:48.722", "Provider": "Microsoft-Windows-Sysmon", "RuleName": "-", "ProcessGuid": "{e97d4e69-0000-0000-0505-060000000000}", "ProcessId": "4568", "Image": "C:\\Windows\\System32\\consent.exe", "ImageLoaded": "C:\\Windows\\System32\\MsCtfMonitor.dll", "FileVersion": "6.1.7600.16385 (win7_rtm.090713-1255)", "Description": "MsCtfMonitor DLL", "Product": "Microsoft\u00ae Windows\u00ae Operating System", "Company": "Microsoft Corporation", "OriginalFileName": "MsCtfMonitor.DLL", "Hashes": "SHA1=06A90F687A27A0AAD07CEC86E6E0A23270C5B0BC,MD5=B43687C534A49700BF4B3C9898763752,SHA256=B4C371CB2C0EAC1803E6C845F629814B2CE4C568022EB6A1C9AC1F293BF74F40,IMPHASH=9AD8F703A4D10D7566C4D4475CDCFC53", "Signed": "true", "Signature": "Microsoft Windows", "SignatureStatus": "Valid", "_source_file": "data/baseline/win7-x86/Microsoft-Windows-Sysmon%4Operational.evtx"}, {"EventID": 7, "Computer": "evtx-PC", "UtcTime": "2022-04-04 11:19:48.722", "Provider": "Microsoft-Windows-Sysmon", "RuleName": "-", "ProcessGuid": "{e97d4e69-0000-0000-0505-060000000000}", "ProcessId": "4568", "Image": "C:\\Windows\\System32\\consent.exe", "ImageLoaded": "C:\\Windows\\System32\\msutb.dll", "FileVersion": "6.1.7600.16385 (win7_rtm.090713-1255)", "Description": "MSUTB Server DLL", "Product": "Microsoft\u00ae Windows\u00ae Operating System", "Company": "Microsoft Corporation", "OriginalFileName": "MSUTB.DLL", "Hashes": "SHA1=501394698A376984CB7EA5E95DFFEF11305B2908,MD5=415132079EAF93D6E90D9CA1B641F068,SHA256=797A1DADC28DAFCFA5734A9CCD25C5D3765E47162F886FC5DFDF534E066B684C,IMPHASH=45F118D0018B81BA37840E5FB456068F", "Signed": "true", "Signature": "Microsoft Windows", "SignatureStatus": "Valid", "_source_file": "data/baseline/win7-x86/Microsoft-Windows-Sysmon%4Operational.evtx"}, {"EventID": 7, "Computer": "evtx-PC", "UtcTime": "2022-04-04 11:19:48.738", "Provider": "Microsoft-Windows-Sysmon", "RuleName": "-", "ProcessGuid": "{e97d4e69-0000-0000-0505-060000000000}", "ProcessId": "4568", "Image": "C:\\Windows\\System32\\consent.exe", "ImageLoaded": "C:\\Windows\\winsxs\\x86_microsoft.windows.common-controls_6595b64144ccf1df_6.0.7600.16385_none_421189da2b7fabfc\\comctl32.dll", "FileVersion": "6.10 (win7_rtm.090713-1255)", "Description": "User Experience Controls Library", "Product": "Microsoft\u00ae Windows\u00ae Operating System", "Company": "Microsoft Corporation", "OriginalFileName": "comctl32.DLL", "Hashes": "SHA1=E8E3872380107CC8AA2675C1904A6305BD6AB16C,MD5=0FA436A553408CBEBA070E3182658DE3,SHA256=304DA948021759DB08AB37DB9719CAF1BF671AACA1C6497C7CC784FE4EFF9550,IMPHASH=D51071FF11012808360B61E65257FB1E", "Signed": "true", "Signature": "Microsoft Windows", "SignatureStatus": "Valid", "_source_file": "data/baseline/win7-x86/Microsoft-Windows-Sysmon%4Operational.evtx"}, {"EventID": 7, "Computer": "evtx-PC", "UtcTime": "2022-04-04 11:19:48.753", "Provider": "Microsoft-Windows-Sysmon", "RuleName": "-", "ProcessGuid": "{e97d4e69-0000-0000-0505-060000000000}", "ProcessId": "4568", "Image": "C:\\Windows\\System32\\consent.exe", "ImageLoaded": "C:\\Windows\\System32\\shlwapi.dll", "FileVersion": "6.1.7600.16385 (win7_rtm.090713-1255)", "Description": "Shell Light-weight Utility Library", "Product": "Microsoft\u00ae Windows\u00ae Operating System", "Company": "Microsoft Corporation", "OriginalFileName": "SHLWAPI.DLL", "Hashes": "SHA1=E7E1172E3A5F4665C2ABA4EBD8DBC7C70306E6E5,MD5=F037DB14CF6165C62F4A64D12A25B07C,SHA256=26CE06C858F59691F6D6D41E0031D9CD1ACB9AF24569FC3A0E869C08AA5225B5,IMPHASH=72F2EB5F918B203273F13006B674EB11", "Signed": "true", "Signature": "Microsoft Windows", "SignatureStatus": "Valid", "_source_file": "data/baseline/win7-x86/Microsoft-Windows-Sysmon%4Operational.evtx"}, {"EventID": 7, "Computer": "evtx-PC", "UtcTime": "2022-04-04 11:19:48.753", "Provider": "Microsoft-Windows-Sysmon", "RuleName": "-", "ProcessGuid": "{e97d4e69-0000-0000-0505-060000000000}", "ProcessId": "4568", "Image": "C:\\Windows\\System32\\consent.exe", "ImageLoaded": "C:\\Windows\\System32\\sspicli.dll", "FileVersion": "6.1.7600.16385 (win7_rtm.090713-1255)", "Description": "Security Support Provider Interface", "Product": "Microsoft\u00ae Windows\u00ae Operating System", "Company": "Microsoft Corporation", "OriginalFileName": "sspicli.dll", "Hashes": "SHA1=BAAC87B8EBFC3C0C010751E2F5939059534F17D1,MD5=3450BB5465D61E8876FD3006F772DEA9,SHA256=683043E1E9F34C015161F19614A03A0552DB8FD18628C1D05C92D4F9D9A64890,IMPHASH=93B19886BD536E07EC0606E95E7EFCC4", "Signed": "true", "Signature": "Microsoft Windows", "SignatureStatus": "Valid", "_source_file": "data/baseline/win7-x86/Microsoft-Windows-Sysmon%4Operational.evtx"}, {"EventID": 10, "Computer": "evtx-PC", "UtcTime": "2022-04-04 11:19:48.893", "Provider": "Microsoft-Windows-Sysmon", "RuleName": "-", "SourceProcessGUID": "{e97d4e69-0000-0000-0505-060000000000}", "SourceProcessId": "4568", "SourceThreadId": "4572", "SourceImage": "C:\\Windows\\system32\\consent.exe", "TargetProcessGUID": "{e97d4e69-0000-0000-d5b6-000000000000}", "TargetProcessId": "988", "TargetImage": "C:\\Windows\\system32\\svchost.exe", "GrantedAccess": "0x00000070", "CallTrace": "C:\\Windows\\SYSTEM32\\ntdll.dll+451dc|C:\\Windows\\system32\\consent.exe+1cf5|C:\\Windows\\system32\\consent.exe+39c0|C:\\Windows\\system32\\kernel32.dll+51174|C:\\Windows\\SYSTEM32\\ntdll.dll+5b3f5|C:\\Windows\\SYSTEM32\\ntdll.dll+5b3c8", "_source_file": "data/baseline/win7-x86/Microsoft-Windows-Sysmon%4Operational.evtx"}, {"EventID": 7, "Computer": "evtx-PC", "UtcTime": "2022-04-04 11:19:48.893", "Provider": "Microsoft-Windows-Sysmon", "RuleName": "-", "ProcessGuid": "{e97d4e69-0000-0000-0505-060000000000}", "ProcessId": "4568", "Image": "C:\\Windows\\System32\\consent.exe", "ImageLoaded": "C:\\Windows\\System32\\cryptbase.dll", "FileVersion": "6.1.7600.16385 (win7_rtm.090713-1255)", "Description": "Base cryptographic API DLL", "Product": "Microsoft\u00ae Windows\u00ae Operating System", "Company": "Microsoft Corporation", "OriginalFileName": "cryptbase.dll", "Hashes": "SHA1=D5FEFB6B6AB0591F28D878B2D05E301DDC7957AB,MD5=F08F6FCD09F9BE94C37ACC1B344685FF,SHA256=DE48D766258B46EFEAB16579421C4BD97ACC6883F782D00E9857F4A0CE7E8A34,IMPHASH=D2E9FBE1281894943D404810F65E96DB", "Signed": "true", "Signature": "Microsoft Windows", "SignatureStatus": "Valid", "_source_file": "data/baseline/win7-x86/Microsoft-Windows-Sysmon%4Operational.evtx"}, {"EventID": 7, "Computer": "evtx-PC", "UtcTime": "2022-04-04 11:19:48.893", "Provider": "Microsoft-Windows-Sysmon", "RuleName": "-", "ProcessGuid": "{e97d4e69-0000-0000-0505-060000000000}", "ProcessId": "4568", "Image": "C:\\Windows\\System32\\consent.exe", "ImageLoaded": "C:\\Windows\\System32\\uxtheme.dll", "FileVersion": "6.1.7600.16385 (win7_rtm.090713-1255)", "Description": "Microsoft UxTheme Library", "Product": "Microsoft\u00ae Windows\u00ae Operating System", "Company": "Microsoft Corporation", "OriginalFileName": "UxTheme.dll", "Hashes": "SHA1=AF64952050EE3A3BC48F2DD6C7355968DB3CCA34,MD5=63BFDF555DA2075A77D677829C3CCCD0,SHA256=13B0C0576A0158FBEE6C216136F8C66373C8E6592895D3D824EC67147B9190E9,IMPHASH=9A31FFA66BC5094ECBAD381F8239980E", "Signed": "true", "Signature": "Microsoft Windows", "SignatureStatus": "Valid", "_source_file": "data/baseline/win7-x86/Microsoft-Windows-Sysmon%4Operational.evtx"}, {"EventID": 10, "Computer": "evtx-PC", "UtcTime": "2022-04-04 11:19:48.893", "Provider": "Microsoft-Windows-Sysmon", "RuleName": "-", "SourceProcessGUID": "{e97d4e69-0000-0000-d5b6-000000000000}", "SourceProcessId": "988", "SourceThreadId": "1112", "SourceImage": "C:\\Windows\\system32\\svchost.exe", "TargetProcessGUID": "{e97d4e69-0000-0000-0505-060000000000}", "TargetProcessId": "4568", "TargetImage": "C:\\Windows\\system32\\consent.exe", "GrantedAccess": "0x00001478", "CallTrace": "C:\\Windows\\SYSTEM32\\ntdll.dll+451dc|c:\\windows\\system32\\themeservice.dll+223a|c:\\windows\\system32\\themeservice.dll+231d|c:\\windows\\system32\\themeservice.dll+1348|c:\\windows\\system32\\themeservice.dll+1261|c:\\windows\\system32\\themeservice.dll+50c7|C:\\Windows\\SYSTEM32\\sechost.dll+75a8|C:\\Windows\\system32\\kernel32.dll+51174|C:\\Windows\\SYSTEM32\\ntdll.dll+5b3f5|C:\\Windows\\SYSTEM32\\ntdll.dll+5b3c8", "_source_file": "data/baseline/win7-x86/Microsoft-Windows-Sysmon%4Operational.evtx"}, {"EventID": 10, "Computer": "evtx-PC", "UtcTime": "2022-04-04 11:19:48.893", "Provider": "Microsoft-Windows-Sysmon", "RuleName": "-", "SourceProcessGUID": "{e97d4e69-0000-0000-d5b6-000000000000}", "SourceProcessId": "988", "SourceThreadId": "1016", "SourceImage": "C:\\Windows\\system32\\svchost.exe", "TargetProcessGUID": "{e97d4e69-0000-0000-0505-060000000000}", "TargetProcessId": "4568", "TargetImage": "C:\\Windows\\system32\\consent.exe", "GrantedAccess": "0x00001400", "CallTrace": "C:\\Windows\\SYSTEM32\\ntdll.dll+451dc|c:\\windows\\system32\\themeservice.dll+1e26|c:\\windows\\system32\\themeservice.dll+1e6a|c:\\windows\\system32\\themeservice.dll+23cb|c:\\windows\\system32\\themeservice.dll+1ca9|c:\\windows\\system32\\themeservice.dll+1add|c:\\windows\\system32\\themeservice.dll+1a10|C:\\Windows\\SYSTEM32\\ntdll.dll+2b5e9|C:\\Windows\\SYSTEM32\\ntdll.dll+2e8d1|C:\\Windows\\system32\\kernel32.dll+51174|C:\\Windows\\SYSTEM32\\ntdll.dll+5b3f5|C:\\Windows\\SYSTEM32\\ntdll.dll+5b3c8", "_source_file": "data/baseline/win7-x86/Microsoft-Windows-Sysmon%4Operational.evtx"}, {"EventID": 10, "Computer": "evtx-PC", "UtcTime": "2022-04-04 11:19:48.893", "Provider": "Microsoft-Windows-Sysmon", "RuleName": "-", "SourceProcessGUID": "{e97d4e69-0000-0000-d5b6-000000000000}", "SourceProcessId": "988", "SourceThreadId": "1016", "SourceImage": "C:\\Windows\\system32\\svchost.exe", "TargetProcessGUID": "{e97d4e69-0000-0000-0505-060000000000}", "TargetProcessId": "4568", "TargetImage": "C:\\Windows\\system32\\consent.exe", "GrantedAccess": "0x00001400", "CallTrace": "C:\\Windows\\SYSTEM32\\ntdll.dll+451dc|c:\\windows\\system32\\themeservice.dll+1e26|c:\\windows\\system32\\themeservice.dll+1e6a|c:\\windows\\system32\\themeservice.dll+242e|c:\\windows\\system32\\themeservice.dll+1b94|c:\\windows\\system32\\themeservice.dll+1ca9|c:\\windows\\system32\\themeservice.dll+1add|c:\\windows\\system32\\themeservice.dll+1a10|C:\\Windows\\SYSTEM32\\ntdll.dll+2b5e9|C:\\Windows\\SYSTEM32\\ntdll.dll+2e8d1|C:\\Windows\\system32\\kernel32.dll+51174|C:\\Windows\\SYSTEM32\\ntdll.dll+5b3f5|C:\\Windows\\SYSTEM32\\ntdll.dll+5b3c8", "_source_file": "data/baseline/win7-x86/Microsoft-Windows-Sysmon%4Operational.evtx"}, {"EventID": 7, "Computer": "evtx-PC", "UtcTime": "2022-04-04 11:19:48.908", "Provider": "Microsoft-Windows-Sysmon", "RuleName": "-", "ProcessGuid": "{e97d4e69-0000-0000-0505-060000000000}", "ProcessId": "4568", "Image": "C:\\Windows\\System32\\consent.exe", "ImageLoaded": "C:\\Windows\\System32\\cryptsp.dll", "FileVersion": "6.1.7600.16385 (win7_rtm.090713-1255)", "Description": "Cryptographic Service Provider API", "Product": "Microsoft\u00ae Windows\u00ae Operating System", "Company": "Microsoft Corporation", "OriginalFileName": "cryptsp.dll", "Hashes": "SHA1=42CC9671399B63A2846904052D447691B0F4743D,MD5=7321F18D1F820612ED0E9F2D4B578A7E,SHA256=612BD7DE1DFBD100BD6ACB37A38565D88C39842D990D296B9B8E1FB75C3A94E7,IMPHASH=EBC7B47D85441B0F3DCE38E782316E8C", "Signed": "true", "Signature": "Microsoft Windows", "SignatureStatus": "Valid", "_source_file": "data/baseline/win7-x86/Microsoft-Windows-Sysmon%4Operational.evtx"}, {"EventID": 7, "Computer": "evtx-PC", "UtcTime": "2022-04-04 11:19:48.908", "Provider": "Microsoft-Windows-Sysmon", "RuleName": "-", "ProcessGuid": "{e97d4e69-0000-0000-0505-060000000000}", "ProcessId": "4568", "Image": "C:\\Windows\\System32\\consent.exe", "ImageLoaded": "C:\\Windows\\System32\\rsaenh.dll", "FileVersion": "6.1.7600.16385 (win7_rtm.090713-1255)", "Description": "Microsoft Enhanced Cryptographic Provider", "Product": "Microsoft\u00ae Windows\u00ae Operating System", "Company": "Microsoft Corporation", "OriginalFileName": "rsaenh.dll", "Hashes": "SHA1=D05812D84F7AAA2837F40F443704191C86ECEC2C,MD5=ED8EC63F7522DF4852147C84EC62C36A,SHA256=75633011CD28DCBD4834211A9D415F17DE15BFCD80FB9FF6CE25CBBD4E9899AF,IMPHASH=EF9E277FF69F132EDD8075D8CD0EBE4E", "Signed": "true", "Signature": "Microsoft Windows", "SignatureStatus": "Valid", "_source_file": "data/baseline/win7-x86/Microsoft-Windows-Sysmon%4Operational.evtx"}, {"EventID": 12, "Computer": "evtx-PC", "UtcTime": "2022-04-04 11:19:48.908", "Provider": "Microsoft-Windows-Sysmon", "RuleName": "-", "EventType": "CreateKey", "ProcessGuid": "{e97d4e69-0000-0000-0505-060000000000}", "ProcessId": "4568", "Image": "C:\\Windows\\system32\\consent.exe", "TargetObject": "HKU\\S-1-5-21-712794737-353456615-3249761964-1001\\Software\\Microsoft\\Windows\\CurrentVersion\\WinTrust\\Trust Providers\\Software Publishing", "_source_file": "data/baseline/win7-x86/Microsoft-Windows-Sysmon%4Operational.evtx"}, {"EventID": 10, "Computer": "evtx-PC", "UtcTime": "2022-04-04 11:19:48.924", "Provider": "Microsoft-Windows-Sysmon", "RuleName": "-", "SourceProcessGUID": "{e97d4e69-0000-0000-beb3-000000000000}", "SourceProcessId": "940", "SourceThreadId": "1220", "SourceImage": "C:\\Windows\\System32\\svchost.exe", "TargetProcessGUID": "{e97d4e69-0000-0000-0505-060000000000}", "TargetProcessId": "4568", "TargetImage": "C:\\Windows\\system32\\consent.exe", "GrantedAccess": "0x00001400", "CallTrace": "C:\\Windows\\SYSTEM32\\ntdll.dll+451dc|C:\\Windows\\system32\\KERNELBASE.dll+6dc1|c:\\windows\\system32\\uxsms.dll+176c|c:\\windows\\system32\\uxsms.dll+16c8|c:\\windows\\system32\\uxsms.dll+143a|c:\\windows\\system32\\uxsms.dll+11eb|c:\\windows\\system32\\uxsms.dll+2e2f|C:\\Windows\\system32\\kernel32.dll+51174|C:\\Windows\\SYSTEM32\\ntdll.dll+5b3f5|C:\\Windows\\SYSTEM32\\ntdll.dll+5b3c8", "_source_file": "data/baseline/win7-x86/Microsoft-Windows-Sysmon%4Operational.evtx"}, {"EventID": 10, "Computer": "evtx-PC", "UtcTime": "2022-04-04 11:19:48.924", "Provider": "Microsoft-Windows-Sysmon", "RuleName": "-", "SourceProcessGUID": "{e97d4e69-0000-0000-beb3-000000000000}", "SourceProcessId": "940", "SourceThreadId": "1220", "SourceImage": "C:\\Windows\\System32\\svchost.exe", "TargetProcessGUID": "{e97d4e69-0000-0000-0505-060000000000}", "TargetProcessId": "4568", "TargetImage": "C:\\Windows\\system32\\consent.exe", "GrantedAccess": "0x00001400", "CallTrace": "C:\\Windows\\SYSTEM32\\ntdll.dll+451dc|C:\\Windows\\system32\\KERNELBASE.dll+91b6|c:\\windows\\system32\\uxsms.dll+164d|c:\\windows\\system32\\uxsms.dll+17af|c:\\windows\\system32\\uxsms.dll+16c8|c:\\windows\\system32\\uxsms.dll+143a|c:\\windows\\system32\\uxsms.dll+11eb|c:\\windows\\system32\\uxsms.dll+2e2f|C:\\Windows\\system32\\kernel32.dll+51174|C:\\Windows\\SYSTEM32\\ntdll.dll+5b3f5|C:\\Windows\\SYSTEM32\\ntdll.dll+5b3c8", "_source_file": "data/baseline/win7-x86/Microsoft-Windows-Sysmon%4Operational.evtx"}, {"EventID": 10, "Computer": "evtx-PC", "UtcTime": "2022-04-04 11:19:48.924", "Provider": "Microsoft-Windows-Sysmon", "RuleName": "-", "SourceProcessGUID": "{e97d4e69-0000-0000-beb3-000000000000}", "SourceProcessId": "940", "SourceThreadId": "1220", "SourceImage": "C:\\Windows\\System32\\svchost.exe", "TargetProcessGUID": "{e97d4e69-0000-0000-0505-060000000000}", "TargetProcessId": "4568", "TargetImage": "C:\\Windows\\system32\\consent.exe", "GrantedAccess": "0x00001400", "CallTrace": "C:\\Windows\\SYSTEM32\\ntdll.dll+451dc|C:\\Windows\\system32\\KERNELBASE.dll+6dc1|c:\\windows\\system32\\uxsms.dll+176c|c:\\windows\\system32\\uxsms.dll+16c8|c:\\windows\\system32\\uxsms.dll+143a|c:\\windows\\system32\\uxsms.dll+11eb|c:\\windows\\system32\\uxsms.dll+2e2f|C:\\Windows\\system32\\kernel32.dll+51174|C:\\Windows\\SYSTEM32\\ntdll.dll+5b3f5|C:\\Windows\\SYSTEM32\\ntdll.dll+5b3c8", "_source_file": "data/baseline/win7-x86/Microsoft-Windows-Sysmon%4Operational.evtx"}, {"EventID": 10, "Computer": "evtx-PC", "UtcTime": "2022-04-04 11:19:48.924", "Provider": "Microsoft-Windows-Sysmon", "RuleName": "-", "SourceProcessGUID": "{e97d4e69-0000-0000-beb3-000000000000}", "SourceProcessId": "940", "SourceThreadId": "1220", "SourceImage": "C:\\Windows\\System32\\svchost.exe", "TargetProcessGUID": "{e97d4e69-0000-0000-0505-060000000000}", "TargetProcessId": "4568", "TargetImage": "C:\\Windows\\system32\\consent.exe", "GrantedAccess": "0x00001400", "CallTrace": "C:\\Windows\\SYSTEM32\\ntdll.dll+451dc|C:\\Windows\\system32\\KERNELBASE.dll+91b6|c:\\windows\\system32\\uxsms.dll+164d|c:\\windows\\system32\\uxsms.dll+17af|c:\\windows\\system32\\uxsms.dll+16c8|c:\\windows\\system32\\uxsms.dll+143a|c:\\windows\\system32\\uxsms.dll+11eb|c:\\windows\\system32\\uxsms.dll+2e2f|C:\\Windows\\system32\\kernel32.dll+51174|C:\\Windows\\SYSTEM32\\ntdll.dll+5b3f5|C:\\Windows\\SYSTEM32\\ntdll.dll+5b3c8", "_source_file": "data/baseline/win7-x86/Microsoft-Windows-Sysmon%4Operational.evtx"}, {"EventID": 12, "Computer": "evtx-PC", "UtcTime": "2022-04-04 11:19:48.924", "Provider": "Microsoft-Windows-Sysmon", "RuleName": "-", "EventType": "CreateKey", "ProcessGuid": "{e97d4e69-0000-0000-0505-060000000000}", "ProcessId": "4568", "Image": "C:\\Windows\\system32\\consent.exe", "TargetObject": "HKU\\S-1-5-21-712794737-353456615-3249761964-1001\\Software\\Microsoft\\Windows\\CurrentVersion\\WinTrust\\Trust Providers\\Software Publishing", "_source_file": "data/baseline/win7-x86/Microsoft-Windows-Sysmon%4Operational.evtx"}, {"EventID": 7, "Computer": "evtx-PC", "UtcTime": "2022-04-04 11:19:48.924", "Provider": "Microsoft-Windows-Sysmon", "RuleName": "-", "ProcessGuid": "{e97d4e69-0000-0000-0505-060000000000}", "ProcessId": "4568", "Image": "C:\\Windows\\System32\\consent.exe", "ImageLoaded": "C:\\Windows\\System32\\ncrypt.dll", "FileVersion": "6.1.7600.16385 (win7_rtm.090713-1255)", "Description": "Windows cryptographic library", "Product": "Microsoft\u00ae Windows\u00ae Operating System", "Company": "Microsoft Corporation", "OriginalFileName": "ncrypt.dll", "Hashes": "SHA1=89BDE5DB029AD9C6210B0DA44FEAEB51B86F64C3,MD5=C20FF1A17726C357461A7AC5B3BFC3AD,SHA256=970558642CC14837B77B48257E3171ACC84466888875927314ACD6D79176F967,IMPHASH=66853730354E1D38A9759E637C922255", "Signed": "true", "Signature": "Microsoft Windows", "SignatureStatus": "Valid", "_source_file": "data/baseline/win7-x86/Microsoft-Windows-Sysmon%4Operational.evtx"}, {"EventID": 12, "Computer": "evtx-PC", "UtcTime": "2022-04-04 11:19:48.924", "Provider": "Microsoft-Windows-Sysmon", "RuleName": "-", "EventType": "CreateKey", "ProcessGuid": "{e97d4e69-0000-0000-0505-060000000000}", "ProcessId": "4568", "Image": "C:\\Windows\\system32\\consent.exe", "TargetObject": "HKU\\S-1-5-21-712794737-353456615-3249761964-1001\\Software", "_source_file": "data/baseline/win7-x86/Microsoft-Windows-Sysmon%4Operational.evtx"}, {"EventID": 12, "Computer": "evtx-PC", "UtcTime": "2022-04-04 11:19:48.924", "Provider": "Microsoft-Windows-Sysmon", "RuleName": "-", "EventType": "CreateKey", "ProcessGuid": "{e97d4e69-0000-0000-0505-060000000000}", "ProcessId": "4568", "Image": "C:\\Windows\\system32\\consent.exe", "TargetObject": "HKU\\S-1-5-21-712794737-353456615-3249761964-1001\\Software\\Policies", "_source_file": "data/baseline/win7-x86/Microsoft-Windows-Sysmon%4Operational.evtx"}, {"EventID": 12, "Computer": "evtx-PC", "UtcTime": "2022-04-04 11:19:48.924", "Provider": "Microsoft-Windows-Sysmon", "RuleName": "-", "EventType": "CreateKey", "ProcessGuid": "{e97d4e69-0000-0000-0505-060000000000}", "ProcessId": "4568", "Image": "C:\\Windows\\system32\\consent.exe", "TargetObject": "HKU\\S-1-5-21-712794737-353456615-3249761964-1001\\Software\\Policies\\Microsoft", "_source_file": "data/baseline/win7-x86/Microsoft-Windows-Sysmon%4Operational.evtx"}, {"EventID": 12, "Computer": "evtx-PC", "UtcTime": "2022-04-04 11:19:48.924", "Provider": "Microsoft-Windows-Sysmon", "RuleName": "-", "EventType": "CreateKey", "ProcessGuid": "{e97d4e69-0000-0000-0505-060000000000}", "ProcessId": "4568", "Image": "C:\\Windows\\system32\\consent.exe", "TargetObject": "HKU\\S-1-5-21-712794737-353456615-3249761964-1001\\Software\\Policies\\Microsoft\\SystemCertificates", "_source_file": "data/baseline/win7-x86/Microsoft-Windows-Sysmon%4Operational.evtx"}, {"EventID": 12, "Computer": "evtx-PC", "UtcTime": "2022-04-04 11:19:48.924", "Provider": "Microsoft-Windows-Sysmon", "RuleName": "-", "EventType": "CreateKey", "ProcessGuid": "{e97d4e69-0000-0000-0505-060000000000}", "ProcessId": "4568", "Image": "C:\\Windows\\system32\\consent.exe", "TargetObject": "HKLM\\SOFTWARE", "_source_file": "data/baseline/win7-x86/Microsoft-Windows-Sysmon%4Operational.evtx"}, {"EventID": 12, "Computer": "evtx-PC", "UtcTime": "2022-04-04 11:19:48.924", "Provider": "Microsoft-Windows-Sysmon", "RuleName": "-", "EventType": "CreateKey", "ProcessGuid": "{e97d4e69-0000-0000-0505-060000000000}", "ProcessId": "4568", "Image": "C:\\Windows\\system32\\consent.exe", "TargetObject": "HKLM\\SOFTWARE\\Microsoft", "_source_file": "data/baseline/win7-x86/Microsoft-Windows-Sysmon%4Operational.evtx"}, {"EventID": 12, "Computer": "evtx-PC", "UtcTime": "2022-04-04 11:19:48.924", "Provider": "Microsoft-Windows-Sysmon", "RuleName": "-", "EventType": "CreateKey", "ProcessGuid": "{e97d4e69-0000-0000-0505-060000000000}", "ProcessId": "4568", "Image": "C:\\Windows\\system32\\consent.exe", "TargetObject": "HKLM\\SOFTWARE\\Microsoft\\SystemCertificates", "_source_file": "data/baseline/win7-x86/Microsoft-Windows-Sysmon%4Operational.evtx"}, {"EventID": 12, "Computer": "evtx-PC", "UtcTime": "2022-04-04 11:19:48.924", "Provider": "Microsoft-Windows-Sysmon", "RuleName": "-", "EventType": "CreateKey", "ProcessGuid": "{e97d4e69-0000-0000-0505-060000000000}", "ProcessId": "4568", "Image": "C:\\Windows\\system32\\consent.exe", "TargetObject": "HKLM\\SOFTWARE", "_source_file": "data/baseline/win7-x86/Microsoft-Windows-Sysmon%4Operational.evtx"}, {"EventID": 12, "Computer": "evtx-PC", "UtcTime": "2022-04-04 11:19:48.924", "Provider": "Microsoft-Windows-Sysmon", "RuleName": "-", "EventType": "CreateKey", "ProcessGuid": "{e97d4e69-0000-0000-0505-060000000000}", "ProcessId": "4568", "Image": "C:\\Windows\\system32\\consent.exe", "TargetObject": "HKLM\\SOFTWARE\\Microsoft", "_source_file": "data/baseline/win7-x86/Microsoft-Windows-Sysmon%4Operational.evtx"}, {"EventID": 12, "Computer": "evtx-PC", "UtcTime": "2022-04-04 11:19:48.924", "Provider": "Microsoft-Windows-Sysmon", "RuleName": "-", "EventType": "CreateKey", "ProcessGuid": "{e97d4e69-0000-0000-0505-060000000000}", "ProcessId": "4568", "Image": "C:\\Windows\\system32\\consent.exe", "TargetObject": "HKLM\\SOFTWARE\\Microsoft\\SystemCertificates", "_source_file": "data/baseline/win7-x86/Microsoft-Windows-Sysmon%4Operational.evtx"}, {"EventID": 12, "Computer": "evtx-PC", "UtcTime": "2022-04-04 11:19:48.924", "Provider": "Microsoft-Windows-Sysmon", "RuleName": "-", "EventType": "CreateKey", "ProcessGuid": "{e97d4e69-0000-0000-0505-060000000000}", "ProcessId": "4568", "Image": "C:\\Windows\\system32\\consent.exe", "TargetObject": "HKLM\\SOFTWARE", "_source_file": "data/baseline/win7-x86/Microsoft-Windows-Sysmon%4Operational.evtx"}, {"EventID": 12, "Computer": "evtx-PC", "UtcTime": "2022-04-04 11:19:48.924", "Provider": "Microsoft-Windows-Sysmon", "RuleName": "-", "EventType": "CreateKey", "ProcessGuid": "{e97d4e69-0000-0000-0505-060000000000}", "ProcessId": "4568", "Image": "C:\\Windows\\system32\\consent.exe", "TargetObject": "HKLM\\SOFTWARE\\Policies", "_source_file": "data/baseline/win7-x86/Microsoft-Windows-Sysmon%4Operational.evtx"}, {"EventID": 12, "Computer": "evtx-PC", "UtcTime": "2022-04-04 11:19:48.924", "Provider": "Microsoft-Windows-Sysmon", "RuleName": "-", "EventType": "CreateKey", "ProcessGuid": "{e97d4e69-0000-0000-0505-060000000000}", "ProcessId": "4568", "Image": "C:\\Windows\\system32\\consent.exe", "TargetObject": "HKLM\\SOFTWARE\\Policies\\Microsoft", "_source_file": "data/baseline/win7-x86/Microsoft-Windows-Sysmon%4Operational.evtx"}, {"EventID": 12, "Computer": "evtx-PC", "UtcTime": "2022-04-04 11:19:48.924", "Provider": "Microsoft-Windows-Sysmon", "RuleName": "-", "EventType": "CreateKey", "ProcessGuid": "{e97d4e69-0000-0000-0505-060000000000}", "ProcessId": "4568", "Image": "C:\\Windows\\system32\\consent.exe", "TargetObject": "HKLM\\SOFTWARE\\Policies\\Microsoft\\SystemCertificates", "_source_file": "data/baseline/win7-x86/Microsoft-Windows-Sysmon%4Operational.evtx"}, {"EventID": 12, "Computer": "evtx-PC", "UtcTime": "2022-04-04 11:19:48.924", "Provider": "Microsoft-Windows-Sysmon", "RuleName": "-", "EventType": "CreateKey", "ProcessGuid": "{e97d4e69-0000-0000-0505-060000000000}", "ProcessId": "4568", "Image": "C:\\Windows\\system32\\consent.exe", "TargetObject": "HKLM\\SOFTWARE", "_source_file": "data/baseline/win7-x86/Microsoft-Windows-Sysmon%4Operational.evtx"}, {"EventID": 12, "Computer": "evtx-PC", "UtcTime": "2022-04-04 11:19:48.924", "Provider": "Microsoft-Windows-Sysmon", "RuleName": "-", "EventType": "CreateKey", "ProcessGuid": "{e97d4e69-0000-0000-0505-060000000000}", "ProcessId": "4568", "Image": "C:\\Windows\\system32\\consent.exe", "TargetObject": "HKLM\\SOFTWARE\\Microsoft", "_source_file": "data/baseline/win7-x86/Microsoft-Windows-Sysmon%4Operational.evtx"}, {"EventID": 12, "Computer": "evtx-PC", "UtcTime": "2022-04-04 11:19:48.924", "Provider": "Microsoft-Windows-Sysmon", "RuleName": "-", "EventType": "CreateKey", "ProcessGuid": "{e97d4e69-0000-0000-0505-060000000000}", "ProcessId": "4568", "Image": "C:\\Windows\\system32\\consent.exe", "TargetObject": "HKLM\\SOFTWARE\\Microsoft\\EnterpriseCertificates", "_source_file": "data/baseline/win7-x86/Microsoft-Windows-Sysmon%4Operational.evtx"}, {"EventID": 12, "Computer": "evtx-PC", "UtcTime": "2022-04-04 11:19:48.924", "Provider": "Microsoft-Windows-Sysmon", "RuleName": "-", "EventType": "CreateKey", "ProcessGuid": "{e97d4e69-0000-0000-0505-060000000000}", "ProcessId": "4568", "Image": "C:\\Windows\\system32\\consent.exe", "TargetObject": "HKLM\\SOFTWARE", "_source_file": "data/baseline/win7-x86/Microsoft-Windows-Sysmon%4Operational.evtx"}, {"EventID": 12, "Computer": "evtx-PC", "UtcTime": "2022-04-04 11:19:48.924", "Provider": "Microsoft-Windows-Sysmon", "RuleName": "-", "EventType": "CreateKey", "ProcessGuid": "{e97d4e69-0000-0000-0505-060000000000}", "ProcessId": "4568", "Image": "C:\\Windows\\system32\\consent.exe", "TargetObject": "HKLM\\SOFTWARE\\Microsoft", "_source_file": "data/baseline/win7-x86/Microsoft-Windows-Sysmon%4Operational.evtx"}, {"EventID": 12, "Computer": "evtx-PC", "UtcTime": "2022-04-04 11:19:48.924", "Provider": "Microsoft-Windows-Sysmon", "RuleName": "-", "EventType": "CreateKey", "ProcessGuid": "{e97d4e69-0000-0000-0505-060000000000}", "ProcessId": "4568", "Image": "C:\\Windows\\system32\\consent.exe", "TargetObject": "HKLM\\SOFTWARE\\Microsoft\\EnterpriseCertificates", "_source_file": "data/baseline/win7-x86/Microsoft-Windows-Sysmon%4Operational.evtx"}, {"EventID": 12, "Computer": "evtx-PC", "UtcTime": "2022-04-04 11:19:48.924", "Provider": "Microsoft-Windows-Sysmon", "RuleName": "-", "EventType": "CreateKey", "ProcessGuid": "{e97d4e69-0000-0000-0505-060000000000}", "ProcessId": "4568", "Image": "C:\\Windows\\system32\\consent.exe", "TargetObject": "HKU\\S-1-5-21-712794737-353456615-3249761964-1001\\Software", "_source_file": "data/baseline/win7-x86/Microsoft-Windows-Sysmon%4Operational.evtx"}, {"EventID": 12, "Computer": "evtx-PC", "UtcTime": "2022-04-04 11:19:48.924", "Provider": "Microsoft-Windows-Sysmon", "RuleName": "-", "EventType": "CreateKey", "ProcessGuid": "{e97d4e69-0000-0000-0505-060000000000}", "ProcessId": "4568", "Image": "C:\\Windows\\system32\\consent.exe", "TargetObject": "HKU\\S-1-5-21-712794737-353456615-3249761964-1001\\Software\\Policies", "_source_file": "data/baseline/win7-x86/Microsoft-Windows-Sysmon%4Operational.evtx"}, {"EventID": 12, "Computer": "evtx-PC", "UtcTime": "2022-04-04 11:19:48.924", "Provider": "Microsoft-Windows-Sysmon", "RuleName": "-", "EventType": "CreateKey", "ProcessGuid": "{e97d4e69-0000-0000-0505-060000000000}", "ProcessId": "4568", "Image": "C:\\Windows\\system32\\consent.exe", "TargetObject": "HKU\\S-1-5-21-712794737-353456615-3249761964-1001\\Software\\Policies\\Microsoft", "_source_file": "data/baseline/win7-x86/Microsoft-Windows-Sysmon%4Operational.evtx"}, {"EventID": 12, "Computer": "evtx-PC", "UtcTime": "2022-04-04 11:19:48.924", "Provider": "Microsoft-Windows-Sysmon", "RuleName": "-", "EventType": "CreateKey", "ProcessGuid": "{e97d4e69-0000-0000-0505-060000000000}", "ProcessId": "4568", "Image": "C:\\Windows\\system32\\consent.exe", "TargetObject": "HKU\\S-1-5-21-712794737-353456615-3249761964-1001\\Software\\Policies\\Microsoft\\SystemCertificates", "_source_file": "data/baseline/win7-x86/Microsoft-Windows-Sysmon%4Operational.evtx"}, {"EventID": 12, "Computer": "evtx-PC", "UtcTime": "2022-04-04 11:19:48.924", "Provider": "Microsoft-Windows-Sysmon", "RuleName": "-", "EventType": "CreateKey", "ProcessGuid": "{e97d4e69-0000-0000-0505-060000000000}", "ProcessId": "4568", "Image": "C:\\Windows\\system32\\consent.exe", "TargetObject": "HKLM\\SOFTWARE", "_source_file": "data/baseline/win7-x86/Microsoft-Windows-Sysmon%4Operational.evtx"}, {"EventID": 12, "Computer": "evtx-PC", "UtcTime": "2022-04-04 11:19:48.924", "Provider": "Microsoft-Windows-Sysmon", "RuleName": "-", "EventType": "CreateKey", "ProcessGuid": "{e97d4e69-0000-0000-0505-060000000000}", "ProcessId": "4568", "Image": "C:\\Windows\\system32\\consent.exe", "TargetObject": "HKLM\\SOFTWARE\\Microsoft", "_source_file": "data/baseline/win7-x86/Microsoft-Windows-Sysmon%4Operational.evtx"}, {"EventID": 12, "Computer": "evtx-PC", "UtcTime": "2022-04-04 11:19:48.924", "Provider": "Microsoft-Windows-Sysmon", "RuleName": "-", "EventType": "CreateKey", "ProcessGuid": "{e97d4e69-0000-0000-0505-060000000000}", "ProcessId": "4568", "Image": "C:\\Windows\\system32\\consent.exe", "TargetObject": "HKLM\\SOFTWARE\\Microsoft\\SystemCertificates", "_source_file": "data/baseline/win7-x86/Microsoft-Windows-Sysmon%4Operational.evtx"}, {"EventID": 12, "Computer": "evtx-PC", "UtcTime": "2022-04-04 11:19:48.924", "Provider": "Microsoft-Windows-Sysmon", "RuleName": "-", "EventType": "CreateKey", "ProcessGuid": "{e97d4e69-0000-0000-0505-060000000000}", "ProcessId": "4568", "Image": "C:\\Windows\\system32\\consent.exe", "TargetObject": "HKLM\\SOFTWARE", "_source_file": "data/baseline/win7-x86/Microsoft-Windows-Sysmon%4Operational.evtx"}, {"EventID": 12, "Computer": "evtx-PC", "UtcTime": "2022-04-04 11:19:48.924", "Provider": "Microsoft-Windows-Sysmon", "RuleName": "-", "EventType": "CreateKey", "ProcessGuid": "{e97d4e69-0000-0000-0505-060000000000}", "ProcessId": "4568", "Image": "C:\\Windows\\system32\\consent.exe", "TargetObject": "HKLM\\SOFTWARE\\Microsoft", "_source_file": "data/baseline/win7-x86/Microsoft-Windows-Sysmon%4Operational.evtx"}, {"EventID": 12, "Computer": "evtx-PC", "UtcTime": "2022-04-04 11:19:48.924", "Provider": "Microsoft-Windows-Sysmon", "RuleName": "-", "EventType": "CreateKey", "ProcessGuid": "{e97d4e69-0000-0000-0505-060000000000}", "ProcessId": "4568", "Image": "C:\\Windows\\system32\\consent.exe", "TargetObject": "HKLM\\SOFTWARE\\Microsoft\\SystemCertificates", "_source_file": "data/baseline/win7-x86/Microsoft-Windows-Sysmon%4Operational.evtx"}, {"EventID": 12, "Computer": "evtx-PC", "UtcTime": "2022-04-04 11:19:48.924", "Provider": "Microsoft-Windows-Sysmon", "RuleName": "-", "EventType": "CreateKey", "ProcessGuid": "{e97d4e69-0000-0000-0505-060000000000}", "ProcessId": "4568", "Image": "C:\\Windows\\system32\\consent.exe", "TargetObject": "HKLM\\SOFTWARE", "_source_file": "data/baseline/win7-x86/Microsoft-Windows-Sysmon%4Operational.evtx"}, {"EventID": 12, "Computer": "evtx-PC", "UtcTime": "2022-04-04 11:19:48.924", "Provider": "Microsoft-Windows-Sysmon", "RuleName": "-", "EventType": "CreateKey", "ProcessGuid": "{e97d4e69-0000-0000-0505-060000000000}", "ProcessId": "4568", "Image": "C:\\Windows\\system32\\consent.exe", "TargetObject": "HKLM\\SOFTWARE\\Policies", "_source_file": "data/baseline/win7-x86/Microsoft-Windows-Sysmon%4Operational.evtx"}, {"EventID": 12, "Computer": "evtx-PC", "UtcTime": "2022-04-04 11:19:48.924", "Provider": "Microsoft-Windows-Sysmon", "RuleName": "-", "EventType": "CreateKey", "ProcessGuid": "{e97d4e69-0000-0000-0505-060000000000}", "ProcessId": "4568", "Image": "C:\\Windows\\system32\\consent.exe", "TargetObject": "HKLM\\SOFTWARE\\Policies\\Microsoft", "_source_file": "data/baseline/win7-x86/Microsoft-Windows-Sysmon%4Operational.evtx"}, {"EventID": 12, "Computer": "evtx-PC", "UtcTime": "2022-04-04 11:19:48.924", "Provider": "Microsoft-Windows-Sysmon", "RuleName": "-", "EventType": "CreateKey", "ProcessGuid": "{e97d4e69-0000-0000-0505-060000000000}", "ProcessId": "4568", "Image": "C:\\Windows\\system32\\consent.exe", "TargetObject": "HKLM\\SOFTWARE\\Policies\\Microsoft\\SystemCertificates", "_source_file": "data/baseline/win7-x86/Microsoft-Windows-Sysmon%4Operational.evtx"}, {"EventID": 12, "Computer": "evtx-PC", "UtcTime": "2022-04-04 11:19:48.924", "Provider": "Microsoft-Windows-Sysmon", "RuleName": "-", "EventType": "CreateKey", "ProcessGuid": "{e97d4e69-0000-0000-0505-060000000000}", "ProcessId": "4568", "Image": "C:\\Windows\\system32\\consent.exe", "TargetObject": "HKLM\\SOFTWARE", "_source_file": "data/baseline/win7-x86/Microsoft-Windows-Sysmon%4Operational.evtx"}, {"EventID": 12, "Computer": "evtx-PC", "UtcTime": "2022-04-04 11:19:48.924", "Provider": "Microsoft-Windows-Sysmon", "RuleName": "-", "EventType": "CreateKey", "ProcessGuid": "{e97d4e69-0000-0000-0505-060000000000}", "ProcessId": "4568", "Image": "C:\\Windows\\system32\\consent.exe", "TargetObject": "HKLM\\SOFTWARE\\Microsoft", "_source_file": "data/baseline/win7-x86/Microsoft-Windows-Sysmon%4Operational.evtx"}, {"EventID": 12, "Computer": "evtx-PC", "UtcTime": "2022-04-04 11:19:48.924", "Provider": "Microsoft-Windows-Sysmon", "RuleName": "-", "EventType": "CreateKey", "ProcessGuid": "{e97d4e69-0000-0000-0505-060000000000}", "ProcessId": "4568", "Image": "C:\\Windows\\system32\\consent.exe", "TargetObject": "HKLM\\SOFTWARE\\Microsoft\\EnterpriseCertificates", "_source_file": "data/baseline/win7-x86/Microsoft-Windows-Sysmon%4Operational.evtx"}, {"EventID": 12, "Computer": "evtx-PC", "UtcTime": "2022-04-04 11:19:48.924", "Provider": "Microsoft-Windows-Sysmon", "RuleName": "-", "EventType": "CreateKey", "ProcessGuid": "{e97d4e69-0000-0000-0505-060000000000}", "ProcessId": "4568", "Image": "C:\\Windows\\system32\\consent.exe", "TargetObject": "HKLM\\SOFTWARE", "_source_file": "data/baseline/win7-x86/Microsoft-Windows-Sysmon%4Operational.evtx"}, {"EventID": 12, "Computer": "evtx-PC", "UtcTime": "2022-04-04 11:19:48.924", "Provider": "Microsoft-Windows-Sysmon", "RuleName": "-", "EventType": "CreateKey", "ProcessGuid": "{e97d4e69-0000-0000-0505-060000000000}", "ProcessId": "4568", "Image": "C:\\Windows\\system32\\consent.exe", "TargetObject": "HKLM\\SOFTWARE\\Microsoft", "_source_file": "data/baseline/win7-x86/Microsoft-Windows-Sysmon%4Operational.evtx"}, {"EventID": 12, "Computer": "evtx-PC", "UtcTime": "2022-04-04 11:19:48.924", "Provider": "Microsoft-Windows-Sysmon", "RuleName": "-", "EventType": "CreateKey", "ProcessGuid": "{e97d4e69-0000-0000-0505-060000000000}", "ProcessId": "4568", "Image": "C:\\Windows\\system32\\consent.exe", "TargetObject": "HKLM\\SOFTWARE\\Microsoft\\EnterpriseCertificates", "_source_file": "data/baseline/win7-x86/Microsoft-Windows-Sysmon%4Operational.evtx"}, {"EventID": 12, "Computer": "evtx-PC", "UtcTime": "2022-04-04 11:19:48.924", "Provider": "Microsoft-Windows-Sysmon", "RuleName": "-", "EventType": "CreateKey", "ProcessGuid": "{e97d4e69-0000-0000-0505-060000000000}", "ProcessId": "4568", "Image": "C:\\Windows\\system32\\consent.exe", "TargetObject": "HKLM\\SOFTWARE", "_source_file": "data/baseline/win7-x86/Microsoft-Windows-Sysmon%4Operational.evtx"}, {"EventID": 7, "Computer": "evtx-PC", "UtcTime": "2022-04-04 11:19:48.893", "Provider": "Microsoft-Windows-Sysmon", "RuleName": "-", "ProcessGuid": "{e97d4e69-0000-0000-0505-060000000000}", "ProcessId": "4568", "Image": "C:\\Windows\\System32\\consent.exe", "ImageLoaded": "C:\\Windows\\System32\\shell32.dll", "FileVersion": "6.1.7600.16385 (win7_rtm.090713-1255)", "Description": "Windows Shell Common Dll", "Product": "Microsoft\u00ae Windows\u00ae Operating System", "Company": "Microsoft Corporation", "OriginalFileName": "SHELL32.DLL", "Hashes": "SHA1=CC82028C9D8791CE8413E05A70B8B2CC8C757076,MD5=518C6116079414E7074E726925D07A41,SHA256=419DB5CB061EAA5DCC4E6C91E02889C3681DA9F69D663A891FBDC3DF591A9247,IMPHASH=A0CE3D2E5A208A05CE19D021B97FCEAC", "Signed": "true", "Signature": "Microsoft Windows", "SignatureStatus": "Valid", "_source_file": "data/baseline/win7-x86/Microsoft-Windows-Sysmon%4Operational.evtx"}, {"EventID": 12, "Computer": "evtx-PC", "UtcTime": "2022-04-04 11:19:48.924", "Provider": "Microsoft-Windows-Sysmon", "RuleName": "-", "EventType": "CreateKey", "ProcessGuid": "{e97d4e69-0000-0000-0505-060000000000}", "ProcessId": "4568", "Image": "C:\\Windows\\system32\\consent.exe", "TargetObject": "HKLM\\SOFTWARE\\Microsoft", "_source_file": "data/baseline/win7-x86/Microsoft-Windows-Sysmon%4Operational.evtx"}, {"EventID": 12, "Computer": "evtx-PC", "UtcTime": "2022-04-04 11:19:48.924", "Provider": "Microsoft-Windows-Sysmon", "RuleName": "-", "EventType": "CreateKey", "ProcessGuid": "{e97d4e69-0000-0000-0505-060000000000}", "ProcessId": "4568", "Image": "C:\\Windows\\system32\\consent.exe", "TargetObject": "HKLM\\SOFTWARE\\Microsoft\\SystemCertificates", "_source_file": "data/baseline/win7-x86/Microsoft-Windows-Sysmon%4Operational.evtx"}, {"EventID": 12, "Computer": "evtx-PC", "UtcTime": "2022-04-04 11:19:48.924", "Provider": "Microsoft-Windows-Sysmon", "RuleName": "-", "EventType": "CreateKey", "ProcessGuid": "{e97d4e69-0000-0000-0505-060000000000}", "ProcessId": "4568", "Image": "C:\\Windows\\system32\\consent.exe", "TargetObject": "HKLM\\SOFTWARE", "_source_file": "data/baseline/win7-x86/Microsoft-Windows-Sysmon%4Operational.evtx"}, {"EventID": 12, "Computer": "evtx-PC", "UtcTime": "2022-04-04 11:19:48.924", "Provider": "Microsoft-Windows-Sysmon", "RuleName": "-", "EventType": "CreateKey", "ProcessGuid": "{e97d4e69-0000-0000-0505-060000000000}", "ProcessId": "4568", "Image": "C:\\Windows\\system32\\consent.exe", "TargetObject": "HKLM\\SOFTWARE\\Microsoft", "_source_file": "data/baseline/win7-x86/Microsoft-Windows-Sysmon%4Operational.evtx"}, {"EventID": 12, "Computer": "evtx-PC", "UtcTime": "2022-04-04 11:19:48.924", "Provider": "Microsoft-Windows-Sysmon", "RuleName": "-", "EventType": "CreateKey", "ProcessGuid": "{e97d4e69-0000-0000-0505-060000000000}", "ProcessId": "4568", "Image": "C:\\Windows\\system32\\consent.exe", "TargetObject": "HKLM\\SOFTWARE\\Microsoft\\SystemCertificates", "_source_file": "data/baseline/win7-x86/Microsoft-Windows-Sysmon%4Operational.evtx"}, {"EventID": 12, "Computer": "evtx-PC", "UtcTime": "2022-04-04 11:19:48.924", "Provider": "Microsoft-Windows-Sysmon", "RuleName": "-", "EventType": "CreateKey", "ProcessGuid": "{e97d4e69-0000-0000-0505-060000000000}", "ProcessId": "4568", "Image": "C:\\Windows\\system32\\consent.exe", "TargetObject": "HKLM\\SOFTWARE", "_source_file": "data/baseline/win7-x86/Microsoft-Windows-Sysmon%4Operational.evtx"}, {"EventID": 12, "Computer": "evtx-PC", "UtcTime": "2022-04-04 11:19:48.924", "Provider": "Microsoft-Windows-Sysmon", "RuleName": "-", "EventType": "CreateKey", "ProcessGuid": "{e97d4e69-0000-0000-0505-060000000000}", "ProcessId": "4568", "Image": "C:\\Windows\\system32\\consent.exe", "TargetObject": "HKLM\\SOFTWARE\\Microsoft", "_source_file": "data/baseline/win7-x86/Microsoft-Windows-Sysmon%4Operational.evtx"}, {"EventID": 12, "Computer": "evtx-PC", "UtcTime": "2022-04-04 11:19:48.924", "Provider": "Microsoft-Windows-Sysmon", "RuleName": "-", "EventType": "CreateKey", "ProcessGuid": "{e97d4e69-0000-0000-0505-060000000000}", "ProcessId": "4568", "Image": "C:\\Windows\\system32\\consent.exe", "TargetObject": "HKLM\\SOFTWARE\\Microsoft\\SystemCertificates", "_source_file": "data/baseline/win7-x86/Microsoft-Windows-Sysmon%4Operational.evtx"}, {"EventID": 12, "Computer": "evtx-PC", "UtcTime": "2022-04-04 11:19:48.924", "Provider": "Microsoft-Windows-Sysmon", "RuleName": "-", "EventType": "CreateKey", "ProcessGuid": "{e97d4e69-0000-0000-0505-060000000000}", "ProcessId": "4568", "Image": "C:\\Windows\\system32\\consent.exe", "TargetObject": "HKLM\\SOFTWARE", "_source_file": "data/baseline/win7-x86/Microsoft-Windows-Sysmon%4Operational.evtx"}, {"EventID": 12, "Computer": "evtx-PC", "UtcTime": "2022-04-04 11:19:48.924", "Provider": "Microsoft-Windows-Sysmon", "RuleName": "-", "EventType": "CreateKey", "ProcessGuid": "{e97d4e69-0000-0000-0505-060000000000}", "ProcessId": "4568", "Image": "C:\\Windows\\system32\\consent.exe", "TargetObject": "HKLM\\SOFTWARE\\Policies", "_source_file": "data/baseline/win7-x86/Microsoft-Windows-Sysmon%4Operational.evtx"}, {"EventID": 12, "Computer": "evtx-PC", "UtcTime": "2022-04-04 11:19:48.924", "Provider": "Microsoft-Windows-Sysmon", "RuleName": "-", "EventType": "CreateKey", "ProcessGuid": "{e97d4e69-0000-0000-0505-060000000000}", "ProcessId": "4568", "Image": "C:\\Windows\\system32\\consent.exe", "TargetObject": "HKLM\\SOFTWARE\\Policies\\Microsoft", "_source_file": "data/baseline/win7-x86/Microsoft-Windows-Sysmon%4Operational.evtx"}, {"EventID": 12, "Computer": "evtx-PC", "UtcTime": "2022-04-04 11:19:48.924", "Provider": "Microsoft-Windows-Sysmon", "RuleName": "-", "EventType": "CreateKey", "ProcessGuid": "{e97d4e69-0000-0000-0505-060000000000}", "ProcessId": "4568", "Image": "C:\\Windows\\system32\\consent.exe", "TargetObject": "HKLM\\SOFTWARE\\Policies\\Microsoft\\SystemCertificates", "_source_file": "data/baseline/win7-x86/Microsoft-Windows-Sysmon%4Operational.evtx"}, {"EventID": 12, "Computer": "evtx-PC", "UtcTime": "2022-04-04 11:19:48.924", "Provider": "Microsoft-Windows-Sysmon", "RuleName": "-", "EventType": "CreateKey", "ProcessGuid": "{e97d4e69-0000-0000-0505-060000000000}", "ProcessId": "4568", "Image": "C:\\Windows\\system32\\consent.exe", "TargetObject": "HKLM\\SOFTWARE", "_source_file": "data/baseline/win7-x86/Microsoft-Windows-Sysmon%4Operational.evtx"}, 