{"EventID": 12, "Computer": "evtx-PC", "UtcTime": "2022-04-04 11:19:49.001", "Provider": "Microsoft-Windows-Sysmon", "RuleName": "-", "EventType": "CreateKey", "ProcessGuid": "{e97d4e69-0000-0000-0505-060000000000}", "ProcessId": "4568", "Image": "C:\\Windows\\system32\\consent.exe", "TargetObject": "HKLM\\SOFTWARE\\Policies\\Microsoft\\SystemCertificates", "_source_file": "data/baseline/win7-x86/Microsoft-Windows-Sysmon%4Operational.evtx"}, {"EventID": 12, "Computer": "evtx-PC", "UtcTime": "2022-04-04 11:19:49.001", "Provider": "Microsoft-Windows-Sysmon", "RuleName": "-", "EventType": "CreateKey", "ProcessGuid": "{e97d4e69-0000-0000-0505-060000000000}", "ProcessId": "4568", "Image": "C:\\Windows\\system32\\consent.exe", "TargetObject": "HKLM\\SOFTWARE", "_source_file": "data/baseline/win7-x86/Microsoft-Windows-Sysmon%4Operational.evtx"}, {"EventID": 12, "Computer": "evtx-PC", "UtcTime": "2022-04-04 11:19:49.001", "Provider": "Microsoft-Windows-Sysmon", "RuleName": "-", "EventType": "CreateKey", "ProcessGuid": "{e97d4e69-0000-0000-0505-060000000000}", "ProcessId": "4568", "Image": "C:\\Windows\\system32\\consent.exe", "TargetObject": "HKLM\\SOFTWARE\\Microsoft", "_source_file": "data/baseline/win7-x86/Microsoft-Windows-Sysmon%4Operational.evtx"}, {"EventID": 12, "Computer": "evtx-PC", "UtcTime": "2022-04-04 11:19:49.001", "Provider": "Microsoft-Windows-Sysmon", "RuleName": "-", "EventType": "CreateKey", "ProcessGuid": "{e97d4e69-0000-0000-0505-060000000000}", "ProcessId": "4568", "Image": "C:\\Windows\\system32\\consent.exe", "TargetObject": "HKLM\\SOFTWARE\\Microsoft\\EnterpriseCertificates", "_source_file": "data/baseline/win7-x86/Microsoft-Windows-Sysmon%4Operational.evtx"}, {"EventID": 12, "Computer": "evtx-PC", "UtcTime": "2022-04-04 11:19:49.001", "Provider": "Microsoft-Windows-Sysmon", "RuleName": "-", "EventType": "CreateKey", "ProcessGuid": "{e97d4e69-0000-0000-0505-060000000000}", "ProcessId": "4568", "Image": "C:\\Windows\\system32\\consent.exe", "TargetObject": "HKLM\\SOFTWARE", "_source_file": "data/baseline/win7-x86/Microsoft-Windows-Sysmon%4Operational.evtx"}, {"EventID": 12, "Computer": "evtx-PC", "UtcTime": "2022-04-04 11:19:49.001", "Provider": "Microsoft-Windows-Sysmon", "RuleName": "-", "EventType": "CreateKey", "ProcessGuid": "{e97d4e69-0000-0000-0505-060000000000}", "ProcessId": "4568", "Image": "C:\\Windows\\system32\\consent.exe", "TargetObject": "HKLM\\SOFTWARE\\Microsoft", "_source_file": "data/baseline/win7-x86/Microsoft-Windows-Sysmon%4Operational.evtx"}, {"EventID": 12, "Computer": "evtx-PC", "UtcTime": "2022-04-04 11:19:49.001", "Provider": "Microsoft-Windows-Sysmon", "RuleName": "-", "EventType": "CreateKey", "ProcessGuid": "{e97d4e69-0000-0000-0505-060000000000}", "ProcessId": "4568", "Image": "C:\\Windows\\system32\\consent.exe", "TargetObject": "HKLM\\SOFTWARE\\Microsoft\\EnterpriseCertificates", "_source_file": "data/baseline/win7-x86/Microsoft-Windows-Sysmon%4Operational.evtx"}, {"EventID": 7, "Computer": "evtx-PC", "UtcTime": "2022-04-04 11:19:49.001", "Provider": "Microsoft-Windows-Sysmon", "RuleName": "-", "ProcessGuid": "{e97d4e69-0000-0000-0505-060000000000}", "ProcessId": "4568", "Image": "C:\\Windows\\System32\\consent.exe", "ImageLoaded": "C:\\Windows\\System32\\mmc.exe", "FileVersion": "6.1.7600.16385 (win7_rtm.090713-1255)", "Description": "Microsoft Management Console", "Product": "Microsoft\u00ae Windows\u00ae Operating System", "Company": "Microsoft Corporation", "OriginalFileName": "mmc.exe", "Hashes": "SHA1=D63163689D0D55DD322CEB509BEE63B0436946AD,MD5=6AAF3BECE2C3D17091BCEF37C5A82AC0,SHA256=EDB5BA42C85EDBF30F8D9BA3DA6B32093D5804FF9E27C3A6AFF35AB7049F516F,IMPHASH=6D2ED4ADDAC7EBAE62381320D82AC4C1", "Signed": "true", "Signature": "Microsoft Windows", "SignatureStatus": "Valid", "_source_file": "data/baseline/win7-x86/Microsoft-Windows-Sysmon%4Operational.evtx"}, {"EventID": 10, "Computer": "evtx-PC", "UtcTime": "2022-04-04 11:19:49.001", "Provider": "Microsoft-Windows-Sysmon", "RuleName": "-", "SourceProcessGUID": "{e97d4e69-0000-0000-054f-000000000000}", "SourceProcessId": "552", "SourceThreadId": "616", "SourceImage": "C:\\Windows\\system32\\lsass.exe", "TargetProcessGUID": "{e97d4e69-0000-0000-0505-060000000000}", "TargetProcessId": "4568", "TargetImage": "C:\\Windows\\system32\\consent.exe", "GrantedAccess": "0x00001478", "CallTrace": "C:\\Windows\\SYSTEM32\\ntdll.dll+451dc|C:\\Windows\\system32\\lsasrv.dll+1f891|C:\\Windows\\system32\\lsasrv.dll+1f81c|C:\\Windows\\system32\\lsasrv.dll+1fa1c|C:\\Windows\\system32\\SspiSrv.dll+1232|C:\\Windows\\system32\\RPCRT4.dll+2fc8f|C:\\Windows\\system32\\RPCRT4.dll+94c53|C:\\Windows\\system32\\RPCRT4.dll+9430e|C:\\Windows\\system32\\RPCRT4.dll+2f34a|C:\\Windows\\system32\\RPCRT4.dll+2f4da|C:\\Windows\\system32\\RPCRT4.dll+2f3c6|C:\\Windows\\system32\\RPCRT4.dll+23974|C:\\Windows\\system32\\RPCRT4.dll+2f7a4|C:\\Windows\\system32\\RPCRT4.dll+2f763|C:\\Windows\\system32\\RPCRT4.dll+2f5ff|C:\\Windows\\system32\\RPCRT4.dll+2f573", "_source_file": "data/baseline/win7-x86/Microsoft-Windows-Sysmon%4Operational.evtx"}, {"EventID": 13, "Computer": "evtx-PC", "UtcTime": "2022-04-04 11:19:49.001", "Provider": "Microsoft-Windows-Sysmon", "RuleName": "-", "EventType": "SetValue", "ProcessGuid": "{e97d4e69-0000-0000-d5b6-000000000000}", "ProcessId": "988", "Image": "C:\\Windows\\system32\\svchost.exe", "TargetObject": "HKLM\\SOFTWARE\\Microsoft\\Windows NT\\CurrentVersion\\ProfileList\\S-1-5-21-712794737-353456615-3249761964-1001\\RefCount", "Details": "DWORD (0x00000003)", "_source_file": "data/baseline/win7-x86/Microsoft-Windows-Sysmon%4Operational.evtx"}, {"EventID": 7, "Computer": "evtx-PC", "UtcTime": "2022-04-04 11:19:48.985", "Provider": "Microsoft-Windows-Sysmon", "RuleName": "-", "ProcessGuid": "{e97d4e69-0000-0000-0505-060000000000}", "ProcessId": "4568", "Image": "C:\\Windows\\System32\\consent.exe", "ImageLoaded": "C:\\Windows\\System32\\msisip.dll", "FileVersion": "5.0.7600.16385 (win7_rtm.090713-1255)", "Description": "MSI Signature SIP Provider", "Product": "Windows Installer - Unicode", "Company": "Microsoft Corporation", "OriginalFileName": "MSISIP.DLL", "Hashes": "SHA1=90C141447D7A7552C14791423703A741043173A8,MD5=C5413BC4F10CEB4C3070BBF04D324117,SHA256=83908C79D22458BC05FAB5ABF1DDF74177B1E5C612E893C62C19C284D2C86F60,IMPHASH=CBD0FA4A944479F379F092690F4198EA", "Signed": "true", "Signature": "Microsoft Windows", "SignatureStatus": "Valid", "_source_file": "data/baseline/win7-x86/Microsoft-Windows-Sysmon%4Operational.evtx"}, {"EventID": 1, "Computer": "evtx-PC", "UtcTime": "2022-04-04 11:19:49.001", "Provider": "Microsoft-Windows-Sysmon", "RuleName": "-", "ProcessGuid": "{e97d4e69-0000-0000-612b-060000000000}", "ProcessId": "4604", "Image": "C:\\Windows\\System32\\dllhost.exe", "FileVersion": "6.1.7600.16385 (win7_rtm.090713-1255)", "Description": "COM Surrogate", "Product": "Microsoft\u00ae Windows\u00ae Operating System", "Company": "Microsoft Corporation", "OriginalFileName": "dllhost.exe", "CommandLine": "C:\\Windows\\system32\\DllHost.exe /Processid:{E10F6C3A-F1AE-4ADC-AA9D-2FE65525666E}", "CurrentDirectory": "C:\\Windows\\system32\\", "User": "NT AUTHORITY\\SYSTEM", "LogonGuid": "{e97d4e69-0000-0000-e703-000000000000}", "LogonId": "0x00000000000003e7", "TerminalSessionId": "1", "IntegrityLevel": "System", "Hashes": "SHA1=ACE762C51DB1908C858C898D7E0F9B36F788D2D9,MD5=A63DC5C2EA944E6657203E0C8EDEAF61,SHA256=F7AD4B09AFB301CE46DF695B22114331A57D52E6D4163FF74787BF68CCF44C78,IMPHASH=EB9A02895A60E58547EFF153D6FF8829", "ParentProcessGuid": "{e97d4e69-0000-0000-1262-000000000000}", "ParentProcessId": "668", "ParentImage": "C:\\Windows\\System32\\svchost.exe", "ParentCommandLine": "C:\\Windows\\system32\\svchost.exe -k DcomLaunch", "_source_file": "data/baseline/win7-x86/Microsoft-Windows-Sysmon%4Operational.evtx"}, {"EventID": 10, "Computer": "evtx-PC", "UtcTime": "2022-04-04 11:19:49.001", "Provider": "Microsoft-Windows-Sysmon", "RuleName": "-", "SourceProcessGUID": "{e97d4e69-0000-0000-1262-000000000000}", "SourceProcessId": "668", "SourceThreadId": "680", "SourceImage": "C:\\Windows\\system32\\svchost.exe", "TargetProcessGUID": "{e97d4e69-0000-0000-612b-060000000000}", "TargetProcessId": "4604", "TargetImage": "C:\\Windows\\system32\\DllHost.exe", "GrantedAccess": "0x001fffff", "CallTrace": "C:\\Windows\\SYSTEM32\\ntdll.dll+44bcc|C:\\Windows\\system32\\kernel32.dll+54a0b|C:\\Windows\\system32\\kernel32.dll+379e1|c:\\windows\\system32\\rpcss.dll+188f6|c:\\windows\\system32\\rpcss.dll+185d6|C:\\Windows\\system32\\RPCRT4.dll+2fc8f|C:\\Windows\\system32\\RPCRT4.dll+94c53|C:\\Windows\\system32\\RPCRT4.dll+9430e|C:\\Windows\\system32\\RPCRT4.dll+2f34a|C:\\Windows\\system32\\RPCRT4.dll+2f4da|C:\\Windows\\system32\\RPCRT4.dll+2f3c6|C:\\Windows\\system32\\RPCRT4.dll+23974|C:\\Windows\\system32\\RPCRT4.dll+2f7a4|C:\\Windows\\system32\\RPCRT4.dll+2f763|C:\\Windows\\system32\\RPCRT4.dll+2f5ff|C:\\Windows\\system32\\RPCRT4.dll+2f573", "_source_file": "data/baseline/win7-x86/Microsoft-Windows-Sysmon%4Operational.evtx"}, {"EventID": 7, "Computer": "evtx-PC", "UtcTime": "2022-04-04 11:19:49.001", "Provider": "Microsoft-Windows-Sysmon", "RuleName": "-", "ProcessGuid": "{e97d4e69-0000-0000-1262-000000000000}", "ProcessId": "668", "Image": "C:\\Windows\\System32\\svchost.exe", "ImageLoaded": "C:\\Windows\\System32\\dllhost.exe", "FileVersion": "6.1.7600.16385 (win7_rtm.090713-1255)", "Description": "COM Surrogate", "Product": "Microsoft\u00ae Windows\u00ae Operating System", "Company": "Microsoft Corporation", "OriginalFileName": "dllhost.exe", "Hashes": "SHA1=ACE762C51DB1908C858C898D7E0F9B36F788D2D9,MD5=A63DC5C2EA944E6657203E0C8EDEAF61,SHA256=F7AD4B09AFB301CE46DF695B22114331A57D52E6D4163FF74787BF68CCF44C78,IMPHASH=EB9A02895A60E58547EFF153D6FF8829", "Signed": "true", "Signature": "Microsoft Windows", "SignatureStatus": "Valid", "_source_file": "data/baseline/win7-x86/Microsoft-Windows-Sysmon%4Operational.evtx"}, {"EventID": 7, "Computer": "evtx-PC", "UtcTime": "2022-04-04 11:19:49.001", "Provider": "Microsoft-Windows-Sysmon", "RuleName": "-", "ProcessGuid": "{e97d4e69-0000-0000-612b-060000000000}", "ProcessId": "4604", "Image": "C:\\Windows\\System32\\dllhost.exe", "ImageLoaded": "C:\\Windows\\System32\\dllhost.exe", "FileVersion": "6.1.7600.16385 (win7_rtm.090713-1255)", "Description": "COM Surrogate", "Product": "Microsoft\u00ae Windows\u00ae Operating System", "Company": "Microsoft Corporation", "OriginalFileName": "dllhost.exe", "Hashes": "SHA1=ACE762C51DB1908C858C898D7E0F9B36F788D2D9,MD5=A63DC5C2EA944E6657203E0C8EDEAF61,SHA256=F7AD4B09AFB301CE46DF695B22114331A57D52E6D4163FF74787BF68CCF44C78,IMPHASH=EB9A02895A60E58547EFF153D6FF8829", "Signed": "true", "Signature": "Microsoft Windows", "SignatureStatus": "Valid", "_source_file": "data/baseline/win7-x86/Microsoft-Windows-Sysmon%4Operational.evtx"}, {"EventID": 7, "Computer": "evtx-PC", "UtcTime": "2022-04-04 11:19:49.001", "Provider": "Microsoft-Windows-Sysmon", "RuleName": "-", "ProcessGuid": "{e97d4e69-0000-0000-612b-060000000000}", "ProcessId": "4604", "Image": "C:\\Windows\\System32\\dllhost.exe", "ImageLoaded": "C:\\Windows\\System32\\ntdll.dll", "FileVersion": "6.1.7600.16385 (win7_rtm.090713-1255)", "Description": "NT Layer DLL", "Product": "Microsoft\u00ae Windows\u00ae Operating System", "Company": "Microsoft Corporation", "OriginalFileName": "ntdll.dll", "Hashes": "SHA1=9D56BF20851F26960C4C33DD4BDE84730C8D483F,MD5=F87212E64DE6DACDD55610B847DC2A60,SHA256=3E6EAE61CB3751B05547C3A316420DDDF472774BFA562BF9BF976F8430A2AFD1,IMPHASH=00000000000000000000000000000000", "Signed": "true", "Signature": "Microsoft Windows", "SignatureStatus": "Valid", "_source_file": "data/baseline/win7-x86/Microsoft-Windows-Sysmon%4Operational.evtx"}, {"EventID": 9, "Computer": "evtx-PC", "UtcTime": "2022-04-04 11:19:49.016", "Provider": "Microsoft-Windows-Sysmon", "RuleName": "-", "ProcessGuid": "{e97d4e69-0000-0000-612b-060000000000}", "ProcessId": "4604", "Image": "C:\\Windows\\System32\\dllhost.exe", "Device": "\\Device\\HarddiskVolume2", "_source_file": "data/baseline/win7-x86/Microsoft-Windows-Sysmon%4Operational.evtx"}, {"EventID": 7, "Computer": "evtx-PC", "UtcTime": "2022-04-04 11:19:49.016", "Provider": "Microsoft-Windows-Sysmon", "RuleName": "-", "ProcessGuid": "{e97d4e69-0000-0000-612b-060000000000}", "ProcessId": "4604", "Image": "C:\\Windows\\System32\\dllhost.exe", "ImageLoaded": "C:\\Windows\\System32\\kernel32.dll", "FileVersion": "6.1.7600.16385 (win7_rtm.090713-1255)", "Description": "Windows NT BASE API Client DLL", "Product": "Microsoft\u00ae Windows\u00ae Operating System", "Company": "Microsoft Corporation", "OriginalFileName": "kernel32", "Hashes": "SHA1=4F0B455C60C4292A488291D8C29F48AEEC7A17E7,MD5=4605F7EE9805F7E1C98D6C959DD2949C,SHA256=AD30100868EB91760D03356330C6F68A5159D48D3C51A8A8A4FAB644B86369B5,IMPHASH=404D2A341C916548A2B0575C72B0E9D6", "Signed": "true", "Signature": "Microsoft Windows", "SignatureStatus": "Valid", "_source_file": "data/baseline/win7-x86/Microsoft-Windows-Sysmon%4Operational.evtx"}, {"EventID": 7, "Computer": "evtx-PC", "UtcTime": "2022-04-04 11:19:49.016", "Provider": "Microsoft-Windows-Sysmon", "RuleName": "-", "ProcessGuid": "{e97d4e69-0000-0000-612b-060000000000}", "ProcessId": "4604", "Image": "C:\\Windows\\System32\\dllhost.exe", "ImageLoaded": "C:\\Windows\\System32\\KernelBase.dll", "FileVersion": "6.1.7600.16385 (win7_rtm.090713-1255)", "Description": "Windows NT BASE API Client DLL", "Product": "Microsoft\u00ae Windows\u00ae Operating System", "Company": "Microsoft Corporation", "OriginalFileName": "Kernelbase", "Hashes": "SHA1=4DC055D5D64F5BA45347E0A5A372C306E65FA639,MD5=B03C89367C03C19A742482DC78904DD0,SHA256=776A1CE170D3054CAB68E00FBF26148184C2C4FE4529DB6966359F0FB01DB1AE,IMPHASH=42A9DE385BBA8B87B1179593596872E0", "Signed": "true", "Signature": "Microsoft Windows", "SignatureStatus": "Valid", "_source_file": "data/baseline/win7-x86/Microsoft-Windows-Sysmon%4Operational.evtx"}, {"EventID": 10, "Computer": "evtx-PC", "UtcTime": "2022-04-04 11:19:49.016", "Provider": "Microsoft-Windows-Sysmon", "RuleName": "-", "SourceProcessGUID": "{e97d4e69-0000-0000-3a45-000000000000}", "SourceProcessId": "444", "SourceThreadId": "492", "SourceImage": "C:\\Windows\\system32\\csrss.exe", "TargetProcessGUID": "{e97d4e69-0000-0000-612b-060000000000}", "TargetProcessId": "4604", "TargetImage": "C:\\Windows\\system32\\DllHost.exe", "GrantedAccess": "0x001fffff", "CallTrace": "C:\\Windows\\SYSTEM32\\ntdll.dll+4481c|C:\\Windows\\system32\\CSRSRV.dll+46b7|C:\\Windows\\system32\\CSRSRV.dll+48dd|C:\\Windows\\system32\\CSRSRV.dll+4aef|C:\\Windows\\SYSTEM32\\ntdll.dll+5d0b|C:\\Windows\\SYSTEM32\\ntdll.dll+5b3c8", "_source_file": "data/baseline/win7-x86/Microsoft-Windows-Sysmon%4Operational.evtx"}, {"EventID": 7, "Computer": "evtx-PC", "UtcTime": "2022-04-04 11:19:49.016", "Provider": "Microsoft-Windows-Sysmon", "RuleName": "-", "ProcessGuid": "{e97d4e69-0000-0000-612b-060000000000}", "ProcessId": "4604", "Image": "C:\\Windows\\System32\\dllhost.exe", "ImageLoaded": "C:\\Windows\\System32\\msvcrt.dll", "FileVersion": "7.0.7600.16385 (win7_rtm.090713-1255)", "Description": "Windows NT CRT DLL", "Product": "Microsoft\u00ae Windows\u00ae Operating System", "Company": "Microsoft Corporation", "OriginalFileName": "msvcrt.dll", "Hashes": "SHA1=9D936EAA33418B995DD2B1B80DADA9BE4315D766,MD5=E46D48A7FE961401F1CBF85531CDF05D,SHA256=24CA38641020FF9E07E16CE3992212E2BFD2759E902D12744D4989ADF11995BF,IMPHASH=3215AF17EF09211D40D007CC900160F9", "Signed": "true", "Signature": "Microsoft Windows", "SignatureStatus": "Valid", "_source_file": "data/baseline/win7-x86/Microsoft-Windows-Sysmon%4Operational.evtx"}, {"EventID": 7, "Computer": "evtx-PC", "UtcTime": "2022-04-04 11:19:49.016", "Provider": "Microsoft-Windows-Sysmon", "RuleName": "-", "ProcessGuid": "{e97d4e69-0000-0000-612b-060000000000}", "ProcessId": "4604", "Image": "C:\\Windows\\System32\\dllhost.exe", "ImageLoaded": "C:\\Windows\\System32\\ole32.dll", "FileVersion": "6.1.7600.16385 (win7_rtm.090713-1255)", "Description": "Microsoft OLE for Windows", "Product": "Microsoft\u00ae Windows\u00ae Operating System", "Company": "Microsoft Corporation", "OriginalFileName": "OLE32.DLL", "Hashes": "SHA1=AD2F6459B95808C25F4C167C0D7D36BC0FDA4667,MD5=4ACB903AD1693858A918907358CBD9E4,SHA256=F7A5F4F958EB9A79C842A35CB4EE3947CC1F4F2DB4FCB5C90F8C99EF386009D3,IMPHASH=00402F17B490795C2367DFBE0059B215", "Signed": "true", "Signature": "Microsoft Windows", "SignatureStatus": "Valid", "_source_file": "data/baseline/win7-x86/Microsoft-Windows-Sysmon%4Operational.evtx"}, {"EventID": 7, "Computer": "evtx-PC", "UtcTime": "2022-04-04 11:19:49.016", "Provider": "Microsoft-Windows-Sysmon", "RuleName": "-", "ProcessGuid": "{e97d4e69-0000-0000-612b-060000000000}", "ProcessId": "4604", "Image": "C:\\Windows\\System32\\dllhost.exe", "ImageLoaded": "C:\\Windows\\System32\\gdi32.dll", "FileVersion": "6.1.7600.16385 (win7_rtm.090713-1255)", "Description": "GDI Client DLL", "Product": "Microsoft\u00ae Windows\u00ae Operating System", "Company": "Microsoft Corporation", "OriginalFileName": "gdi32", "Hashes": "SHA1=24E785651A5961C6E0D9F9ABE28CF92D0CA7B794,MD5=225F6F663B94ACAF4307055FBB42E55F,SHA256=3A1DD74EBB1895D893AC0E54EF5A0C87769F0B82606AC2C7E7378AFF5B593A10,IMPHASH=4295554673E6ED7B5F5B7D9AEE6913F2", "Signed": "true", "Signature": "Microsoft Windows", "SignatureStatus": "Valid", "_source_file": "data/baseline/win7-x86/Microsoft-Windows-Sysmon%4Operational.evtx"}, {"EventID": 7, "Computer": "evtx-PC", "UtcTime": "2022-04-04 11:19:49.016", "Provider": "Microsoft-Windows-Sysmon", "RuleName": "-", "ProcessGuid": "{e97d4e69-0000-0000-612b-060000000000}", "ProcessId": "4604", "Image": "C:\\Windows\\System32\\dllhost.exe", "ImageLoaded": "C:\\Windows\\System32\\user32.dll", "FileVersion": "6.1.7600.16385 (win7_rtm.090713-1255)", "Description": "Multi-User Windows USER API Client DLL", "Product": "Microsoft\u00ae Windows\u00ae Operating System", "Company": "Microsoft Corporation", "OriginalFileName": "user32", "Hashes": "SHA1=A73E33C0262054DF9BB02C165BB63C84F95807EE,MD5=34B7E222E81FAFA885F0C5F2CFA56861,SHA256=5BA1373011ABA23C3FCE3A9FF8DC4BBD5CE6889212200153C79A749CAE0C17B6,IMPHASH=BB2ED76D276846EBDA271332CA1302B8", "Signed": "true", "Signature": "Microsoft Windows", "SignatureStatus": "Valid", "_source_file": "data/baseline/win7-x86/Microsoft-Windows-Sysmon%4Operational.evtx"}, {"EventID": 7, "Computer": "evtx-PC", "UtcTime": "2022-04-04 11:19:49.016", "Provider": "Microsoft-Windows-Sysmon", "RuleName": "-", "ProcessGuid": "{e97d4e69-0000-0000-612b-060000000000}", "ProcessId": "4604", "Image": "C:\\Windows\\System32\\dllhost.exe", "ImageLoaded": "C:\\Windows\\System32\\lpk.dll", "FileVersion": "6.1.7600.16385 (win7_rtm.090713-1255)", "Description": "Language Pack", "Product": "Microsoft\u00ae Windows\u00ae Operating System", "Company": "Microsoft Corporation", "OriginalFileName": "LanguagePack", "Hashes": "SHA1=0A2E3A987CD4664CA2A6E9CC1EA429C6B79A2AE9,MD5=4F154D2C9C6DF951FD6E5AABBAE6B5EE,SHA256=FB3A3D2FD5AFFC513BD475E90A705E2C33C8E85AAF8B994C2A987DFC9D0A71D4,IMPHASH=B18FCB6327EB8EB41B606BBBC1E2B10A", "Signed": "true", "Signature": "Microsoft Windows", "SignatureStatus": "Valid", "_source_file": "data/baseline/win7-x86/Microsoft-Windows-Sysmon%4Operational.evtx"}, {"EventID": 7, "Computer": "evtx-PC", "UtcTime": "2022-04-04 11:19:49.016", "Provider": "Microsoft-Windows-Sysmon", "RuleName": "-", "ProcessGuid": "{e97d4e69-0000-0000-612b-060000000000}", "ProcessId": "4604", "Image": "C:\\Windows\\System32\\dllhost.exe", "ImageLoaded": "C:\\Windows\\System32\\usp10.dll", "FileVersion": "1.0626.7600.16385 (win7_rtm.090713-1255)", "Description": "Uniscribe Unicode script processor", "Product": "Microsoft(R) Uniscribe Unicode script processor", "Company": "Microsoft Corporation", "OriginalFileName": "Uniscribe", "Hashes": "SHA1=63179EDF1A4E51E841480A94F7E5FE9553254834,MD5=0BA19F3198C40AC4E8CC66EE02EDA6C6,SHA256=4555FB6ED0F286DF94FEACFEC36BF23E0F586CFA80DEE45C5EA7A0760C967E84,IMPHASH=6AB63B69DEFE1DFE2516D054C3C43E22", "Signed": "true", "Signature": "Microsoft Windows", "SignatureStatus": "Valid", "_source_file": "data/baseline/win7-x86/Microsoft-Windows-Sysmon%4Operational.evtx"}, {"EventID": 7, "Computer": "evtx-PC", "UtcTime": "2022-04-04 11:19:49.016", "Provider": "Microsoft-Windows-Sysmon", "RuleName": "-", "ProcessGuid": "{e97d4e69-0000-0000-612b-060000000000}", "ProcessId": "4604", "Image": "C:\\Windows\\System32\\dllhost.exe", "ImageLoaded": "C:\\Windows\\System32\\rpcrt4.dll", "FileVersion": "6.1.7600.16385 (win7_rtm.090713-1255)", "Description": "Remote Procedure Call Runtime", "Product": "Microsoft\u00ae Windows\u00ae Operating System", "Company": "Microsoft Corporation", "OriginalFileName": "rpcrt4.dll", "Hashes": "SHA1=3479588BEAE0CEE8256F6CCD24E4D2F9BAEDB46B,MD5=416D1DC8224A64B8C59DF79096EE6D1D,SHA256=CCC899FEAB2B25DC42992D9A18C71926C2CE2AFD2DB62376E60164C636546EEA,IMPHASH=980219E953D15459E4AD563CE0370930", "Signed": "true", "Signature": "Microsoft Windows", "SignatureStatus": "Valid", "_source_file": "data/baseline/win7-x86/Microsoft-Windows-Sysmon%4Operational.evtx"}, {"EventID": 7, "Computer": "evtx-PC", "UtcTime": "2022-04-04 11:19:49.016", "Provider": "Microsoft-Windows-Sysmon", "RuleName": "-", "ProcessGuid": "{e97d4e69-0000-0000-612b-060000000000}", "ProcessId": "4604", "Image": "C:\\Windows\\System32\\dllhost.exe", "ImageLoaded": "C:\\Windows\\System32\\imm32.dll", "FileVersion": "6.1.7600.16385 (win7_rtm.090713-1255)", "Description": "Multi-User Windows IMM32 API Client DLL", "Product": "Microsoft\u00ae Windows\u00ae Operating System", "Company": "Microsoft Corporation", "OriginalFileName": "imm32", "Hashes": "SHA1=8F3BD67AD69E588CB126F236B4B46734A550AEAB,MD5=5DF8132ADF721329234403189FC94E16,SHA256=872029ECC33BBB3CA7100D4EF931E497CD4CB7F692CA4D4A2A3E145CB634130E,IMPHASH=E0BE0937BE9496A917197B024E47B8AA", "Signed": "true", "Signature": "Microsoft Windows", "SignatureStatus": "Valid", "_source_file": "data/baseline/win7-x86/Microsoft-Windows-Sysmon%4Operational.evtx"}, {"EventID": 7, "Computer": "evtx-PC", "UtcTime": "2022-04-04 11:19:49.016", "Provider": "Microsoft-Windows-Sysmon", "RuleName": "-", "ProcessGuid": "{e97d4e69-0000-0000-612b-060000000000}", "ProcessId": "4604", "Image": "C:\\Windows\\System32\\dllhost.exe", "ImageLoaded": "C:\\Windows\\System32\\msctf.dll", "FileVersion": "6.1.7600.16385 (win7_rtm.090713-1255)", "Description": "MSCTF Server DLL", "Product": "Microsoft\u00ae Windows\u00ae Operating System", "Company": "Microsoft Corporation", "OriginalFileName": "MSCTF.DLL", "Hashes": "SHA1=E3DC91726533F496DE2E120037534461CE080D0F,MD5=C9618BC9B2B0FD7C1138D8774795A79B,SHA256=0AC170669C2626519FA7A745C56BFBA6B83B8537488F5B9EB7BA72448E5E7A43,IMPHASH=E2192FA494B02675B3CBBAF733421007", "Signed": "true", "Signature": "Microsoft Windows", "SignatureStatus": "Valid", "_source_file": "data/baseline/win7-x86/Microsoft-Windows-Sysmon%4Operational.evtx"}, {"EventID": 7, "Computer": "evtx-PC", "UtcTime": "2022-04-04 11:19:49.016", "Provider": "Microsoft-Windows-Sysmon", "RuleName": "-", "ProcessGuid": "{e97d4e69-0000-0000-612b-060000000000}", "ProcessId": "4604", "Image": "C:\\Windows\\System32\\dllhost.exe", "ImageLoaded": "C:\\Windows\\System32\\cryptbase.dll", "FileVersion": "6.1.7600.16385 (win7_rtm.090713-1255)", "Description": "Base cryptographic API DLL", "Product": "Microsoft\u00ae Windows\u00ae Operating System", "Company": "Microsoft Corporation", "OriginalFileName": "cryptbase.dll", "Hashes": "SHA1=D5FEFB6B6AB0591F28D878B2D05E301DDC7957AB,MD5=F08F6FCD09F9BE94C37ACC1B344685FF,SHA256=DE48D766258B46EFEAB16579421C4BD97ACC6883F782D00E9857F4A0CE7E8A34,IMPHASH=D2E9FBE1281894943D404810F65E96DB", "Signed": "true", "Signature": "Microsoft Windows", "SignatureStatus": "Valid", "_source_file": "data/baseline/win7-x86/Microsoft-Windows-Sysmon%4Operational.evtx"}, {"EventID": 7, "Computer": "evtx-PC", "UtcTime": "2022-04-04 11:19:49.016", "Provider": "Microsoft-Windows-Sysmon", "RuleName": "-", "ProcessGuid": "{e97d4e69-0000-0000-612b-060000000000}", "ProcessId": "4604", "Image": "C:\\Windows\\System32\\dllhost.exe", "ImageLoaded": "C:\\Windows\\System32\\clbcatq.dll", "FileVersion": "2001.12.8530.16385 (win7_rtm.090713-1255)", "Description": "COM+ Configuration Catalog", "Product": "Microsoft\u00ae Windows\u00ae Operating System", "Company": "Microsoft Corporation", "OriginalFileName": "CLBCATQ.DLL", "Hashes": "SHA1=8C0B91CCA26862AFD6541EB1B78E5B74A29E7FE5,MD5=FF5688D309347F2720911D8796912834,SHA256=3B0D73C50D40A6F42629B7750F99F656BF5C1C50237D5F98B6C0F2CE5E2DA359,IMPHASH=786F63EB1CA007ABEA3CBDEFD7C421BF", "Signed": "true", "Signature": "Microsoft Windows", "SignatureStatus": "Valid", "_source_file": "data/baseline/win7-x86/Microsoft-Windows-Sysmon%4Operational.evtx"}, {"EventID": 7, "Computer": "evtx-PC", "UtcTime": "2022-04-04 11:19:49.016", "Provider": "Microsoft-Windows-Sysmon", "RuleName": "-", "ProcessGuid": "{e97d4e69-0000-0000-612b-060000000000}", "ProcessId": "4604", "Image": "C:\\Windows\\System32\\dllhost.exe", "ImageLoaded": "C:\\Windows\\System32\\advapi32.dll", "FileVersion": "6.1.7600.16385 (win7_rtm.090713-1255)", "Description": "Advanced Windows 32 Base API", "Product": "Microsoft\u00ae Windows\u00ae Operating System", "Company": "Microsoft Corporation", "OriginalFileName": "advapi32.dll", "Hashes": "SHA1=1138E3976F45590DFA26ABDFF2203F410F951B3D,MD5=0C65FA8214D6F8378D1D3BA1CA46AF0A,SHA256=C8D0226F39A9DE3B871E84BB6B14975CBBE16A34ADAACBC33ACF726EE6E17104,IMPHASH=56357721DFDF00B68C7BE9D465E71475", "Signed": "true", "Signature": "Microsoft Windows", "SignatureStatus": "Valid", "_source_file": "data/baseline/win7-x86/Microsoft-Windows-Sysmon%4Operational.evtx"}, {"EventID": 7, "Computer": "evtx-PC", "UtcTime": "2022-04-04 11:19:49.016", "Provider": "Microsoft-Windows-Sysmon", "RuleName": "-", "ProcessGuid": "{e97d4e69-0000-0000-612b-060000000000}", "ProcessId": "4604", "Image": "C:\\Windows\\System32\\dllhost.exe", "ImageLoaded": "C:\\Windows\\System32\\sechost.dll", "FileVersion": "6.1.7600.16385 (win7_rtm.090713-1255)", "Description": "Host for SCM/SDDL/LSA Lookup APIs", "Product": "Microsoft\u00ae Windows\u00ae Operating System", "Company": "Microsoft Corporation", "OriginalFileName": "sechost.dll", "Hashes": "SHA1=2AE4EA1E2F2248A86F0DD25A1CBF828B5496FA79,MD5=CFC97F07904067A1E5FAE195D534DA3A,SHA256=EB4D2D127312EB09E2ACCA3276779E80F90FAF77322684BABF72B8EC6E1F906C,IMPHASH=EA4ECF88B72B274A5F31593043F273C9", "Signed": "true", "Signature": "Microsoft Windows", "SignatureStatus": "Valid", "_source_file": "data/baseline/win7-x86/Microsoft-Windows-Sysmon%4Operational.evtx"}, {"EventID": 7, "Computer": "evtx-PC", "UtcTime": "2022-04-04 11:19:49.016", "Provider": "Microsoft-Windows-Sysmon", "RuleName": "-", "ProcessGuid": "{e97d4e69-0000-0000-612b-060000000000}", "ProcessId": "4604", "Image": "C:\\Windows\\System32\\dllhost.exe", "ImageLoaded": "C:\\Windows\\System32\\oleaut32.dll", "FileVersion": "6.1.7600.16385", "Description": "-", "Product": "-", "Company": "Microsoft Corporation", "OriginalFileName": "-", "Hashes": "SHA1=74C5D7321C62B54E32DC23583E7D954395C3E0C8,MD5=FADBB267FE9846233ED486DE6EEAAEB9,SHA256=7F038884CA763BBEB6E2ACADB4B58DBC5EE9D6A4FDC6C59B5AC8556850E1468E,IMPHASH=977DA93A00C8C967C5054BCABD8A4EBC", "Signed": "true", "Signature": "Microsoft Windows", "SignatureStatus": "Valid", "_source_file": "data/baseline/win7-x86/Microsoft-Windows-Sysmon%4Operational.evtx"}, {"EventID": 7, "Computer": "evtx-PC", "UtcTime": "2022-04-04 11:19:49.016", "Provider": "Microsoft-Windows-Sysmon", "RuleName": "-", "ProcessGuid": "{e97d4e69-0000-0000-612b-060000000000}", "ProcessId": "4604", "Image": "C:\\Windows\\System32\\dllhost.exe", "ImageLoaded": "C:\\Windows\\System32\\cryptsp.dll", "FileVersion": "6.1.7600.16385 (win7_rtm.090713-1255)", "Description": "Cryptographic Service Provider API", "Product": "Microsoft\u00ae Windows\u00ae Operating System", "Company": "Microsoft Corporation", "OriginalFileName": "cryptsp.dll", "Hashes": "SHA1=42CC9671399B63A2846904052D447691B0F4743D,MD5=7321F18D1F820612ED0E9F2D4B578A7E,SHA256=612BD7DE1DFBD100BD6ACB37A38565D88C39842D990D296B9B8E1FB75C3A94E7,IMPHASH=EBC7B47D85441B0F3DCE38E782316E8C", "Signed": "true", "Signature": "Microsoft Windows", "SignatureStatus": "Valid", "_source_file": "data/baseline/win7-x86/Microsoft-Windows-Sysmon%4Operational.evtx"}, {"EventID": 7, "Computer": "evtx-PC", "UtcTime": "2022-04-04 11:19:49.016", "Provider": "Microsoft-Windows-Sysmon", "RuleName": "-", "ProcessGuid": "{e97d4e69-0000-0000-612b-060000000000}", "ProcessId": "4604", "Image": "C:\\Windows\\System32\\dllhost.exe", "ImageLoaded": "C:\\Windows\\System32\\rsaenh.dll", "FileVersion": "6.1.7600.16385 (win7_rtm.090713-1255)", "Description": "Microsoft Enhanced Cryptographic Provider", "Product": "Microsoft\u00ae Windows\u00ae Operating System", "Company": "Microsoft Corporation", "OriginalFileName": "rsaenh.dll", "Hashes": "SHA1=D05812D84F7AAA2837F40F443704191C86ECEC2C,MD5=ED8EC63F7522DF4852147C84EC62C36A,SHA256=75633011CD28DCBD4834211A9D415F17DE15BFCD80FB9FF6CE25CBBD4E9899AF,IMPHASH=EF9E277FF69F132EDD8075D8CD0EBE4E", "Signed": "true", "Signature": "Microsoft Windows", "SignatureStatus": "Valid", "_source_file": "data/baseline/win7-x86/Microsoft-Windows-Sysmon%4Operational.evtx"}, {"EventID": 7, "Computer": "evtx-PC", "UtcTime": "2022-04-04 11:19:49.016", "Provider": "Microsoft-Windows-Sysmon", "RuleName": "-", "ProcessGuid": "{e97d4e69-0000-0000-612b-060000000000}", "ProcessId": "4604", "Image": "C:\\Windows\\System32\\dllhost.exe", "ImageLoaded": "C:\\Windows\\System32\\RpcRtRemote.dll", "FileVersion": "6.1.7600.16385 (win7_rtm.090713-1255)", "Description": "Remote RPC Extension", "Product": "Microsoft\u00ae Windows\u00ae Operating System", "Company": "Microsoft Corporation", "OriginalFileName": "RpcRtRemote.dll", "Hashes": "SHA1=59B6BAD9FFCB001A1E03DAA375F4702E8DB6799D,MD5=6C0BD9D59C7E97DEE2FB3407D17BF697,SHA256=C77DF45B0969DC9D99C1B0F14BECF95403679B912B26B66039A408921613499B,IMPHASH=D7A4102096FA838D83172C15D4B25C11", "Signed": "true", "Signature": "Microsoft Windows", "SignatureStatus": "Valid", "_source_file": "data/baseline/win7-x86/Microsoft-Windows-Sysmon%4Operational.evtx"}, {"EventID": 7, "Computer": "evtx-PC", "UtcTime": "2022-04-04 11:19:49.016", "Provider": "Microsoft-Windows-Sysmon", "RuleName": "-", "ProcessGuid": "{e97d4e69-0000-0000-612b-060000000000}", "ProcessId": "4604", "Image": "C:\\Windows\\System32\\dllhost.exe", "ImageLoaded": "C:\\Windows\\System32\\uxtheme.dll", "FileVersion": "6.1.7600.16385 (win7_rtm.090713-1255)", "Description": "Microsoft UxTheme Library", "Product": "Microsoft\u00ae Windows\u00ae Operating System", "Company": "Microsoft Corporation", "OriginalFileName": "UxTheme.dll", "Hashes": "SHA1=AF64952050EE3A3BC48F2DD6C7355968DB3CCA34,MD5=63BFDF555DA2075A77D677829C3CCCD0,SHA256=13B0C0576A0158FBEE6C216136F8C66373C8E6592895D3D824EC67147B9190E9,IMPHASH=9A31FFA66BC5094ECBAD381F8239980E", "Signed": "true", "Signature": "Microsoft Windows", "SignatureStatus": "Valid", "_source_file": "data/baseline/win7-x86/Microsoft-Windows-Sysmon%4Operational.evtx"}, {"EventID": 10, "Computer": "evtx-PC", "UtcTime": "2022-04-04 11:19:49.016", "Provider": "Microsoft-Windows-Sysmon", "RuleName": "-", "SourceProcessGUID": "{e97d4e69-0000-0000-d5b6-000000000000}", "SourceProcessId": "988", "SourceThreadId": "1112", "SourceImage": "C:\\Windows\\system32\\svchost.exe", "TargetProcessGUID": "{e97d4e69-0000-0000-612b-060000000000}", "TargetProcessId": "4604", "TargetImage": "C:\\Windows\\system32\\DllHost.exe", "GrantedAccess": "0x00001478", "CallTrace": "C:\\Windows\\SYSTEM32\\ntdll.dll+451dc|c:\\windows\\system32\\themeservice.dll+223a|c:\\windows\\system32\\themeservice.dll+231d|c:\\windows\\system32\\themeservice.dll+1348|c:\\windows\\system32\\themeservice.dll+1261|c:\\windows\\system32\\themeservice.dll+50c7|C:\\Windows\\SYSTEM32\\sechost.dll+75a8|C:\\Windows\\system32\\kernel32.dll+51174|C:\\Windows\\SYSTEM32\\ntdll.dll+5b3f5|C:\\Windows\\SYSTEM32\\ntdll.dll+5b3c8", "_source_file": "data/baseline/win7-x86/Microsoft-Windows-Sysmon%4Operational.evtx"}, {"EventID": 7, "Computer": "evtx-PC", "UtcTime": "2022-04-04 11:19:48.985", "Provider": "Microsoft-Windows-Sysmon", "RuleName": "-", "ProcessGuid": "{e97d4e69-0000-0000-0505-060000000000}", "ProcessId": "4568", "Image": "C:\\Windows\\System32\\consent.exe", "ImageLoaded": "C:\\Windows\\System32\\wshext.dll", "FileVersion": "5.8.7600.16385", "Description": "Microsoft \u00ae Shell Extension for Windows Script Host", "Product": "Microsoft \u00ae Windows Script Host", "Company": "Microsoft Corporation", "OriginalFileName": "wshext.dll", "Hashes": "SHA1=3DC303AC4DBBFD5B5E169542CFCD9B0E25D8D71E,MD5=E8F6851E4600CD3674422487EE240941,SHA256=D7CC1B8975E919C0B91AE877561F0245C8700082470C806618A09D87D1A6923A,IMPHASH=885FE89B9BD0BE708A554D0CE46F2C6E", "Signed": "true", "Signature": "Microsoft Windows", "SignatureStatus": "Valid", "_source_file": "data/baseline/win7-x86/Microsoft-Windows-Sysmon%4Operational.evtx"}, {"EventID": 10, "Computer": "evtx-PC", "UtcTime": "2022-04-04 11:19:49.016", "Provider": "Microsoft-Windows-Sysmon", "RuleName": "-", "SourceProcessGUID": "{e97d4e69-0000-0000-d5b6-000000000000}", "SourceProcessId": "988", "SourceThreadId": "1996", "SourceImage": "C:\\Windows\\system32\\svchost.exe", "TargetProcessGUID": "{e97d4e69-0000-0000-612b-060000000000}", "TargetProcessId": "4604", "TargetImage": "C:\\Windows\\system32\\DllHost.exe", "GrantedAccess": "0x00001400", "CallTrace": "C:\\Windows\\SYSTEM32\\ntdll.dll+451dc|c:\\windows\\system32\\themeservice.dll+1e26|c:\\windows\\system32\\themeservice.dll+1e6a|c:\\windows\\system32\\themeservice.dll+23cb|c:\\windows\\system32\\themeservice.dll+1ca9|c:\\windows\\system32\\themeservice.dll+1add|c:\\windows\\system32\\themeservice.dll+1a10|C:\\Windows\\SYSTEM32\\ntdll.dll+2b5e9|C:\\Windows\\SYSTEM32\\ntdll.dll+2e8d1|C:\\Windows\\system32\\kernel32.dll+51174|C:\\Windows\\SYSTEM32\\ntdll.dll+5b3f5|C:\\Windows\\SYSTEM32\\ntdll.dll+5b3c8", "_source_file": "data/baseline/win7-x86/Microsoft-Windows-Sysmon%4Operational.evtx"}, {"EventID": 10, "Computer": "evtx-PC", "UtcTime": "2022-04-04 11:19:49.016", "Provider": "Microsoft-Windows-Sysmon", "RuleName": "-", "SourceProcessGUID": "{e97d4e69-0000-0000-d5b6-000000000000}", "SourceProcessId": "988", "SourceThreadId": "4636", "SourceImage": "C:\\Windows\\system32\\svchost.exe", "TargetProcessGUID": "{e97d4e69-0000-0000-612b-060000000000}", "TargetProcessId": "4604", "TargetImage": "C:\\Windows\\system32\\DllHost.exe", "GrantedAccess": "0x00001400", "CallTrace": "C:\\Windows\\SYSTEM32\\ntdll.dll+451dc|c:\\windows\\system32\\themeservice.dll+1e26|c:\\windows\\system32\\themeservice.dll+1e6a|c:\\windows\\system32\\themeservice.dll+242e|c:\\windows\\system32\\themeservice.dll+1b94|c:\\windows\\system32\\themeservice.dll+1ca9|c:\\windows\\system32\\themeservice.dll+1add|c:\\windows\\system32\\themeservice.dll+1a10|C:\\Windows\\SYSTEM32\\ntdll.dll+2b5e9|C:\\Windows\\SYSTEM32\\ntdll.dll+2e8d1|C:\\Windows\\system32\\kernel32.dll+51174|C:\\Windows\\SYSTEM32\\ntdll.dll+5b3f5|C:\\Windows\\SYSTEM32\\ntdll.dll+5b3c8", "_source_file": "data/baseline/win7-x86/Microsoft-Windows-Sysmon%4Operational.evtx"}, {"EventID": 7, "Computer": "evtx-PC", "UtcTime": "2022-04-04 11:19:48.985", "Provider": "Microsoft-Windows-Sysmon", "RuleName": "-", "ProcessGuid": "{e97d4e69-0000-0000-0505-060000000000}", "ProcessId": "4568", "Image": "C:\\Windows\\System32\\consent.exe", "ImageLoaded": "C:\\Windows\\System32\\WindowsPowerShell\\v1.0\\pwrshsip.dll", "FileVersion": "6.1.7600.16385 (win7_rtm.090713-1255)", "Description": "Crypto SIP provider for signing and verifying PowerShell script files (.ps1/.ps1xml)", "Product": "Microsoft\u00ae Windows\u00ae Operating System", "Company": "Microsoft Corporation", "OriginalFileName": "pwrshsip.dll", "Hashes": "SHA1=E1F4D8E593AE65FF007ECA24C321998EEFD04317,MD5=2875B386B45B8A77E2343C5E129AE50C,SHA256=674AA2DA0F27D11FDB9FF42DCF9910DC0ED320B45E60300C07990D11CA57496F,IMPHASH=70E8CE4BC8FBECF8F60C283EFBEAFE16", "Signed": "true", "Signature": "Microsoft Windows", "SignatureStatus": "Valid", "_source_file": "data/baseline/win7-x86/Microsoft-Windows-Sysmon%4Operational.evtx"}, {"EventID": 7, "Computer": "evtx-PC", "UtcTime": "2022-04-04 11:19:49.032", "Provider": "Microsoft-Windows-Sysmon", "RuleName": "-", "ProcessGuid": "{e97d4e69-0000-0000-612b-060000000000}", "ProcessId": "4604", "Image": "C:\\Windows\\System32\\dllhost.exe", "ImageLoaded": "C:\\Windows\\System32\\shlwapi.dll", "FileVersion": "6.1.7600.16385 (win7_rtm.090713-1255)", "Description": "Shell Light-weight Utility Library", "Product": "Microsoft\u00ae Windows\u00ae Operating System", "Company": "Microsoft Corporation", "OriginalFileName": "SHLWAPI.DLL", "Hashes": "SHA1=E7E1172E3A5F4665C2ABA4EBD8DBC7C70306E6E5,MD5=F037DB14CF6165C62F4A64D12A25B07C,SHA256=26CE06C858F59691F6D6D41E0031D9CD1ACB9AF24569FC3A0E869C08AA5225B5,IMPHASH=72F2EB5F918B203273F13006B674EB11", "Signed": "true", "Signature": "Microsoft Windows", "SignatureStatus": "Valid", "_source_file": "data/baseline/win7-x86/Microsoft-Windows-Sysmon%4Operational.evtx"}, {"EventID": 7, "Computer": "evtx-PC", "UtcTime": "2022-04-04 11:19:49.032", "Provider": "Microsoft-Windows-Sysmon", "RuleName": "-", "ProcessGuid": "{e97d4e69-0000-0000-612b-060000000000}", "ProcessId": "4604", "Image": "C:\\Windows\\System32\\dllhost.exe", "ImageLoaded": "C:\\Windows\\System32\\userenv.dll", "FileVersion": "6.1.7600.16385 (win7_rtm.090713-1255)", "Description": "Userenv", "Product": "Microsoft\u00ae Windows\u00ae Operating System", "Company": "Microsoft Corporation", "OriginalFileName": "userenv.dll", "Hashes": "SHA1=302FC2F019EE725070758AA4F97F4B7067B241FB,MD5=9C0DC1DAAD14D443DD5A0D1EE78D775E,SHA256=73BA5BDF50EB78FA8BF479ADE0F1826FBB161CA70AF1405E06B64F4D2254B42C,IMPHASH=A7E397FE242848075A20A5F359911BC1", "Signed": "true", "Signature": "Microsoft Windows", "SignatureStatus": "Valid", "_source_file": "data/baseline/win7-x86/Microsoft-Windows-Sysmon%4Operational.evtx"}, {"EventID": 7, "Computer": "evtx-PC", "UtcTime": "2022-04-04 11:19:49.032", "Provider": "Microsoft-Windows-Sysmon", "RuleName": "-", "ProcessGuid": "{e97d4e69-0000-0000-612b-060000000000}", "ProcessId": "4604", "Image": "C:\\Windows\\System32\\dllhost.exe", "ImageLoaded": "C:\\Windows\\System32\\profapi.dll", "FileVersion": "6.1.7600.16385 (win7_rtm.090713-1255)", "Description": "User Profile Basic API", "Product": "Microsoft\u00ae Windows\u00ae Operating System", "Company": "Microsoft Corporation", "OriginalFileName": "PROFAPI.DLL", "Hashes": "SHA1=12B2CBAB8DD8B7531DF89B03D2A9A7A4EA9F7C2B,MD5=C733D233B623B7FFCE5031E4B756EE26,SHA256=33CC8B140B0E4A9B702E3468BE2646AEE4273F20C6EA5BAC6C3D8FC8EDEF0881,IMPHASH=3CAE6018A52671EE44B0B713A042E47F", "Signed": "true", "Signature": "Microsoft Windows", "SignatureStatus": "Valid", "_source_file": "data/baseline/win7-x86/Microsoft-Windows-Sysmon%4Operational.evtx"}, {"EventID": 7, "Computer": "evtx-PC", "UtcTime": "2022-04-04 11:19:49.032", "Provider": "Microsoft-Windows-Sysmon", "RuleName": "-", "ProcessGuid": "{e97d4e69-0000-0000-612b-060000000000}", "ProcessId": "4604", "Image": "C:\\Windows\\System32\\dllhost.exe", "ImageLoaded": "C:\\Windows\\System32\\IDStore.dll", "FileVersion": "6.1.7600.16385 (win7_rtm.090713-1255)", "Description": "Identity Store", "Product": "Microsoft\u00ae Windows\u00ae Operating System", "Company": "Microsoft Corporation", "OriginalFileName": "IdStore.dll", "Hashes": "SHA1=CEF4A5C2628CFCB1886A150D7E185FA22AF3FE44,MD5=0B31464B7B2D616BD5F7036673588EC1,SHA256=AAC717D7FB02D5F7CC11AECC5C87FE6B7224340C569EBF7B77BD8C9F79FAA190,IMPHASH=A7C76A58FB79926303C6E1BD19470AA5", "Signed": "true", "Signature": "Microsoft Windows", "SignatureStatus": "Valid", "_source_file": "data/baseline/win7-x86/Microsoft-Windows-Sysmon%4Operational.evtx"}, {"EventID": 12, "Computer": "evtx-PC", "UtcTime": "2022-04-04 11:19:49.032", "Provider": "Microsoft-Windows-Sysmon", "RuleName": "-", "EventType": "CreateKey", "ProcessGuid": "{e97d4e69-0000-0000-612b-060000000000}", "ProcessId": "4604", "Image": "C:\\Windows\\system32\\DllHost.exe", "TargetObject": "HKLM\\SOFTWARE\\Microsoft\\IdentityStore\\Cache\\S-1-5-21-712794737-353456615-3249761964-1001", "_source_file": "data/baseline/win7-x86/Microsoft-Windows-Sysmon%4Operational.evtx"}, {"EventID": 13, "Computer": "evtx-PC", "UtcTime": "2022-04-04 11:19:49.032", "Provider": "Microsoft-Windows-Sysmon", "RuleName": "-", "EventType": "SetValue", "ProcessGuid": "{e97d4e69-0000-0000-d5b6-000000000000}", "ProcessId": "988", "Image": "C:\\Windows\\system32\\svchost.exe", "TargetObject": "HKLM\\SOFTWARE\\Microsoft\\Windows NT\\CurrentVersion\\ProfileList\\S-1-5-21-712794737-353456615-3249761964-1001\\RefCount", "Details": "DWORD (0x00000002)", "_source_file": "data/baseline/win7-x86/Microsoft-Windows-Sysmon%4Operational.evtx"}, {"EventID": 10, "Computer": "evtx-PC", "UtcTime": "2022-04-04 11:19:49.032", "Provider": "Microsoft-Windows-Sysmon", "RuleName": "-", "SourceProcessGUID": "{e97d4e69-0000-0000-054f-000000000000}", "SourceProcessId": "552", "SourceThreadId": "616", "SourceImage": "C:\\Windows\\system32\\lsass.exe", "TargetProcessGUID": "{e97d4e69-0000-0000-0505-060000000000}", "TargetProcessId": "4568", "TargetImage": "C:\\Windows\\system32\\consent.exe", "GrantedAccess": "0x00001478", "CallTrace": "C:\\Windows\\SYSTEM32\\ntdll.dll+451dc|C:\\Windows\\system32\\lsasrv.dll+1f891|C:\\Windows\\system32\\lsasrv.dll+1f81c|C:\\Windows\\system32\\lsasrv.dll+1fa1c|C:\\Windows\\system32\\SspiSrv.dll+1232|C:\\Windows\\system32\\RPCRT4.dll+2fc8f|C:\\Windows\\system32\\RPCRT4.dll+94c53|C:\\Windows\\system32\\RPCRT4.dll+9430e|C:\\Windows\\system32\\RPCRT4.dll+2f34a|C:\\Windows\\system32\\RPCRT4.dll+2f4da|C:\\Windows\\system32\\RPCRT4.dll+2f3c6|C:\\Windows\\system32\\RPCRT4.dll+23974|C:\\Windows\\system32\\RPCRT4.dll+2f7a4|C:\\Windows\\system32\\RPCRT4.dll+2f763|C:\\Windows\\system32\\RPCRT4.dll+2f5ff|C:\\Windows\\system32\\RPCRT4.dll+2f573", "_source_file": "data/baseline/win7-x86/Microsoft-Windows-Sysmon%4Operational.evtx"}, {"EventID": 12, "Computer": "evtx-PC", "UtcTime": "2022-04-04 11:19:49.032", "Provider": "Microsoft-Windows-Sysmon", "RuleName": "-", "EventType": "CreateKey", "ProcessGuid": "{e97d4e69-0000-0000-0505-060000000000}", "ProcessId": "4568", "Image": "C:\\Windows\\system32\\consent.exe", "TargetObject": "HKU\\.DEFAULT\\Software\\Microsoft\\CTF\\MSUTB", "_source_file": "data/baseline/win7-x86/Microsoft-Windows-Sysmon%4Operational.evtx"}, {"EventID": 13, "Computer": "evtx-PC", "UtcTime": "2022-04-04 11:19:49.032", "Provider": "Microsoft-Windows-Sysmon", "RuleName": "-", "EventType": "SetValue", "ProcessGuid": "{e97d4e69-0000-0000-0505-060000000000}", "ProcessId": "4568", "Image": "C:\\Windows\\system32\\consent.exe", "TargetObject": "HKU\\.DEFAULT\\Software\\Microsoft\\CTF\\MSUTB\\Left", "Details": "DWORD (0x00000217)", "_source_file": "data/baseline/win7-x86/Microsoft-Windows-Sysmon%4Operational.evtx"}, {"EventID": 13, "Computer": "evtx-PC", "UtcTime": "2022-04-04 11:19:49.032", "Provider": "Microsoft-Windows-Sysmon", "RuleName": "-", "EventType": "SetValue", "ProcessGuid": "{e97d4e69-0000-0000-0505-060000000000}", "ProcessId": "4568", "Image": "C:\\Windows\\system32\\consent.exe", "TargetObject": "HKU\\.DEFAULT\\Software\\Microsoft\\CTF\\MSUTB\\Top", "Details": "DWORD (0x00000000)", "_source_file": "data/baseline/win7-x86/Microsoft-Windows-Sysmon%4Operational.evtx"}, {"EventID": 5, "Computer": "evtx-PC", "UtcTime": "2022-04-04 11:19:49.032", "Provider": "Microsoft-Windows-Sysmon", "RuleName": "-", "ProcessGuid": "{e97d4e69-0000-0000-0505-060000000000}", "ProcessId": "4568", "Image": "C:\\Windows\\System32\\consent.exe", "_source_file": "data/baseline/win7-x86/Microsoft-Windows-Sysmon%4Operational.evtx"}, {"EventID": 7, "Computer": "evtx-PC", "UtcTime": "2022-04-04 11:19:49.016", "Provider": "Microsoft-Windows-Sysmon", "RuleName": "-", "ProcessGuid": "{e97d4e69-0000-0000-612b-060000000000}", "ProcessId": "4604", "Image": "C:\\Windows\\System32\\dllhost.exe", "ImageLoaded": "C:\\Windows\\System32\\shacct.dll", "FileVersion": "6.1.7600.16385 (win7_rtm.090713-1255)", "Description": "Shell Accounts Classes", "Product": "Microsoft\u00ae Windows\u00ae Operating System", "Company": "Microsoft Corporation", "OriginalFileName": "shacct.dll", "Hashes": "SHA1=5559E35EC8062A246882F56A27981E772F021425,MD5=D6415224AD96840153E283A0268DE384,SHA256=7ECEAE8694448146909B0B849C2A668F6AA3AC4481C25A1398EF126412CB714F,IMPHASH=5A9987900C7DDC08BE0B1C29A3C1F2E5", "Signed": "true", "Signature": "Microsoft Windows", "SignatureStatus": "Valid", "_source_file": "data/baseline/win7-x86/Microsoft-Windows-Sysmon%4Operational.evtx"}, {"EventID": 13, "Computer": "evtx-PC", "UtcTime": "2022-04-04 11:19:49.032", "Provider": "Microsoft-Windows-Sysmon", "RuleName": "-", "EventType": "SetValue", "ProcessGuid": "{e97d4e69-0000-0000-d5b6-000000000000}", "ProcessId": "988", "Image": "C:\\Windows\\system32\\svchost.exe", "TargetObject": "HKLM\\SOFTWARE\\Microsoft\\Windows NT\\CurrentVersion\\ProfileList\\S-1-5-21-712794737-353456615-3249761964-1001\\RefCount", "Details": "DWORD (0x00000003)", "_source_file": "data/baseline/win7-x86/Microsoft-Windows-Sysmon%4Operational.evtx"}, {"EventID": 1, "Computer": "evtx-PC", "UtcTime": "2022-04-04 11:19:49.032", "Provider": "Microsoft-Windows-Sysmon", "RuleName": "-", "ProcessGuid": "{e97d4e69-0000-0000-6532-060000000000}", "ProcessId": "4648", "Image": "C:\\Windows\\System32\\dllhost.exe", "FileVersion": "6.1.7600.16385 (win7_rtm.090713-1255)", "Description": "COM Surrogate", "Product": "Microsoft\u00ae Windows\u00ae Operating System", "Company": "Microsoft Corporation", "OriginalFileName": "dllhost.exe", "CommandLine": "C:\\Windows\\system32\\DllHost.exe /Processid:{E10F6C3A-F1AE-4ADC-AA9D-2FE65525666E}", "CurrentDirectory": "C:\\Windows\\system32\\", "User": "NT AUTHORITY\\SYSTEM", "LogonGuid": "{e97d4e69-0000-0000-e703-000000000000}", "LogonId": "0x00000000000003e7", "TerminalSessionId": "0", "IntegrityLevel": "System", "Hashes": "SHA1=ACE762C51DB1908C858C898D7E0F9B36F788D2D9,MD5=A63DC5C2EA944E6657203E0C8EDEAF61,SHA256=F7AD4B09AFB301CE46DF695B22114331A57D52E6D4163FF74787BF68CCF44C78,IMPHASH=EB9A02895A60E58547EFF153D6FF8829", "ParentProcessGuid": "{e97d4e69-0000-0000-1262-000000000000}", "ParentProcessId": "668", "ParentImage": "C:\\Windows\\System32\\svchost.exe", "ParentCommandLine": "C:\\Windows\\system32\\svchost.exe -k DcomLaunch", "_source_file": "data/baseline/win7-x86/Microsoft-Windows-Sysmon%4Operational.evtx"}, {"EventID": 10, "Computer": "evtx-PC", "UtcTime": "2022-04-04 11:19:49.032", "Provider": "Microsoft-Windows-Sysmon", "RuleName": "-", "SourceProcessGUID": "{e97d4e69-0000-0000-1262-000000000000}", "SourceProcessId": "668", "SourceThreadId": "680", "SourceImage": "C:\\Windows\\system32\\svchost.exe", "TargetProcessGUID": "{e97d4e69-0000-0000-6532-060000000000}", "TargetProcessId": "4648", "TargetImage": "C:\\Windows\\system32\\DllHost.exe", "GrantedAccess": "0x001fffff", "CallTrace": "C:\\Windows\\SYSTEM32\\ntdll.dll+44bcc|C:\\Windows\\system32\\kernel32.dll+54a0b|C:\\Windows\\system32\\kernel32.dll+379e1|c:\\windows\\system32\\rpcss.dll+188f6|c:\\windows\\system32\\rpcss.dll+185d6|C:\\Windows\\system32\\RPCRT4.dll+2fc8f|C:\\Windows\\system32\\RPCRT4.dll+94c53|C:\\Windows\\system32\\RPCRT4.dll+9430e|C:\\Windows\\system32\\RPCRT4.dll+2f34a|C:\\Windows\\system32\\RPCRT4.dll+2f4da|C:\\Windows\\system32\\RPCRT4.dll+2f3c6|C:\\Windows\\system32\\RPCRT4.dll+23974|C:\\Windows\\system32\\RPCRT4.dll+2f7a4|C:\\Windows\\system32\\RPCRT4.dll+2f763|C:\\Windows\\system32\\RPCRT4.dll+2f5ff|C:\\Windows\\system32\\RPCRT4.dll+2f573", "_source_file": "data/baseline/win7-x86/Microsoft-Windows-Sysmon%4Operational.evtx"}, {"EventID": 26, "Computer": "evtx-PC", "UtcTime": "2022-04-04 11:19:49.032", "Provider": "Microsoft-Windows-Sysmon", "RuleName": "-", "ProcessGuid": "{e97d4e69-0000-0000-beb3-000000000000}", "ProcessId": "940", "User": "NT AUTHORITY\\SYSTEM", "Image": "C:\\Windows\\System32\\svchost.exe", "TargetFilename": "C:\\Windows\\Prefetch\\CONSENT.EXE-531BD9EA.pf", "Hashes": "SHA1=B4CD9866A598754DAFE1E77A9DA2B4FE0CC40314,MD5=C1D73C0EEB56D82C37C6BC73E5C905F2,SHA256=C9FD43B5D9D4E86E6DCB1F28EE2366A91CE09A24E1D9B8797DD6C9B00F50FE97,IMPHASH=00000000000000000000000000000000", "IsExecutable": "False", "_source_file": "data/baseline/win7-x86/Microsoft-Windows-Sysmon%4Operational.evtx"}, {"EventID": 7, "Computer": "evtx-PC", "UtcTime": "2022-04-04 11:19:49.032", "Provider": "Microsoft-Windows-Sysmon", "RuleName": "-", "ProcessGuid": "{e97d4e69-0000-0000-1262-000000000000}", "ProcessId": "668", "Image": "C:\\Windows\\System32\\svchost.exe", "ImageLoaded": "C:\\Windows\\System32\\dllhost.exe", "FileVersion": "6.1.7600.16385 (win7_rtm.090713-1255)", "Description": "COM Surrogate", "Product": "Microsoft\u00ae Windows\u00ae Operating System", "Company": "Microsoft Corporation", "OriginalFileName": "dllhost.exe", "Hashes": "SHA1=ACE762C51DB1908C858C898D7E0F9B36F788D2D9,MD5=A63DC5C2EA944E6657203E0C8EDEAF61,SHA256=F7AD4B09AFB301CE46DF695B22114331A57D52E6D4163FF74787BF68CCF44C78,IMPHASH=EB9A02895A60E58547EFF153D6FF8829", "Signed": "true", "Signature": "Microsoft Windows", "SignatureStatus": "Valid", "_source_file": "data/baseline/win7-x86/Microsoft-Windows-Sysmon%4Operational.evtx"}, 