{"EventID": 7, "Computer": "evtx-PC", "UtcTime": "2022-04-04 11:19:50.795", "Provider": "Microsoft-Windows-Sysmon", "RuleName": "-", "ProcessGuid": "{e97d4e69-0000-0000-1bad-000000000000}", "ProcessId": "892", "Image": "C:\\Windows\\System32\\svchost.exe", "ImageLoaded": "C:\\Windows\\System32\\wpd_ci.dll", "FileVersion": "6.1.7600.16385 (win7_rtm.090713-1255)", "Description": "Driver Setup Class Installer for Windows Portable Devices", "Product": "Microsoft\u00ae Windows\u00ae Operating System", "Company": "Microsoft Corporation", "OriginalFileName": "wpd_ci.DLL", "Hashes": "SHA1=EA9080E01C4624309B8446D8F53FA9A1D59804F8,MD5=48685A9603CBD3B297202991B54E3152,SHA256=493015821C4103080B5BBF99712AA77AB4BC3763161E0007312EDA79D6721F9F,IMPHASH=5139E714E021757226C3548B7AFA8770", "Signed": "true", "Signature": "Microsoft Windows", "SignatureStatus": "Valid", "_source_file": "data/baseline/win7-x86/Microsoft-Windows-Sysmon%4Operational.evtx"}, {"EventID": 7, "Computer": "evtx-PC", "UtcTime": "2022-04-04 11:19:50.795", "Provider": "Microsoft-Windows-Sysmon", "RuleName": "-", "ProcessGuid": "{e97d4e69-0000-0000-1bad-000000000000}", "ProcessId": "892", "Image": "C:\\Windows\\System32\\svchost.exe", "ImageLoaded": "C:\\Windows\\System32\\wpd_ci.dll", "FileVersion": "6.1.7600.16385 (win7_rtm.090713-1255)", "Description": "Driver Setup Class Installer for Windows Portable Devices", "Product": "Microsoft\u00ae Windows\u00ae Operating System", "Company": "Microsoft Corporation", "OriginalFileName": "wpd_ci.DLL", "Hashes": "SHA1=EA9080E01C4624309B8446D8F53FA9A1D59804F8,MD5=48685A9603CBD3B297202991B54E3152,SHA256=493015821C4103080B5BBF99712AA77AB4BC3763161E0007312EDA79D6721F9F,IMPHASH=5139E714E021757226C3548B7AFA8770", "Signed": "true", "Signature": "Microsoft Windows", "SignatureStatus": "Valid", "_source_file": "data/baseline/win7-x86/Microsoft-Windows-Sysmon%4Operational.evtx"}, {"EventID": 7, "Computer": "evtx-PC", "UtcTime": "2022-04-04 11:19:50.811", "Provider": "Microsoft-Windows-Sysmon", "RuleName": "-", "ProcessGuid": "{e97d4e69-0000-0000-1bad-000000000000}", "ProcessId": "892", "Image": "C:\\Windows\\System32\\svchost.exe", "ImageLoaded": "C:\\Windows\\System32\\wpd_ci.dll", "FileVersion": "6.1.7600.16385 (win7_rtm.090713-1255)", "Description": "Driver Setup Class Installer for Windows Portable Devices", "Product": "Microsoft\u00ae Windows\u00ae Operating System", "Company": "Microsoft Corporation", "OriginalFileName": "wpd_ci.DLL", "Hashes": "SHA1=EA9080E01C4624309B8446D8F53FA9A1D59804F8,MD5=48685A9603CBD3B297202991B54E3152,SHA256=493015821C4103080B5BBF99712AA77AB4BC3763161E0007312EDA79D6721F9F,IMPHASH=5139E714E021757226C3548B7AFA8770", "Signed": "true", "Signature": "Microsoft Windows", "SignatureStatus": "Valid", "_source_file": "data/baseline/win7-x86/Microsoft-Windows-Sysmon%4Operational.evtx"}, {"EventID": 7, "Computer": "evtx-PC", "UtcTime": "2022-04-04 11:19:50.795", "Provider": "Microsoft-Windows-Sysmon", "RuleName": "-", "ProcessGuid": "{e97d4e69-0000-0000-1bad-000000000000}", "ProcessId": "892", "Image": "C:\\Windows\\System32\\svchost.exe", "ImageLoaded": "C:\\Program Files\\Windows NT\\Accessories\\wordpad.exe", "FileVersion": "6.1.7600.16385 (win7_rtm.090713-1255)", "Description": "Windows Wordpad Application", "Product": "Microsoft\u00ae Windows\u00ae Operating System", "Company": "Microsoft Corporation", "OriginalFileName": "WORDPAD.EXE", "Hashes": "SHA1=1A9360B71F163F6FF3AA2CE8CC8A7526EE63A523,MD5=E745BC62FE98CE4DA12D7B18F5DDBA3F,SHA256=D3D4CD5622BF194A26A5639E09F02B2768A7897A168F2DFDBBB4B56D2DE183F8,IMPHASH=4E0ADB71FB5ED967326827F177E8694F", "Signed": "true", "Signature": "Microsoft Windows", "SignatureStatus": "Valid", "_source_file": "data/baseline/win7-x86/Microsoft-Windows-Sysmon%4Operational.evtx"}, {"EventID": 7, "Computer": "evtx-PC", "UtcTime": "2022-04-04 11:19:50.857", "Provider": "Microsoft-Windows-Sysmon", "RuleName": "-", "ProcessGuid": "{e97d4e69-0000-0000-1bad-000000000000}", "ProcessId": "892", "Image": "C:\\Windows\\System32\\svchost.exe", "ImageLoaded": "C:\\Windows\\System32\\shwebsvc.dll", "FileVersion": "6.1.7600.16385 (win7_rtm.090713-1255)", "Description": "Windows Shell Web Services", "Product": "Microsoft\u00ae Windows\u00ae Operating System", "Company": "Microsoft Corporation", "OriginalFileName": "SHWEBSVC.DLL", "Hashes": "SHA1=9025A28AD5DB13F9E0A97BE9BAD6A1AF1F03E889,MD5=CCCE8C232C857F93FCEB2A19CBE67D10,SHA256=40E3A8871860D50E67AA5D8E68D365F89C35BE96EF52780A48213940380CB039,IMPHASH=DD9A0A56D187DF2E9389BD3803597454", "Signed": "true", "Signature": "Microsoft Windows", "SignatureStatus": "Valid", "_source_file": "data/baseline/win7-x86/Microsoft-Windows-Sysmon%4Operational.evtx"}, {"EventID": 7, "Computer": "evtx-PC", "UtcTime": "2022-04-04 11:19:50.857", "Provider": "Microsoft-Windows-Sysmon", "RuleName": "-", "ProcessGuid": "{e97d4e69-0000-0000-1bad-000000000000}", "ProcessId": "892", "Image": "C:\\Windows\\System32\\svchost.exe", "ImageLoaded": "C:\\Windows\\System32\\wbem\\WinMgmtR.dll", "FileVersion": "6.1.7600.16385 (win7_rtm.090713-1255)", "Description": "WMI", "Product": "Microsoft\u00ae Windows\u00ae Operating System", "Company": "Microsoft Corporation", "OriginalFileName": "WinMgmtR.dll", "Hashes": "SHA1=54711F59D945929CB326F7080DF908316DA2E815,MD5=881D9F2D6E04E1C323050CF1574870F7,SHA256=DA02C415977A2E50C3D1E96E227234E7195BD33903C446A17FBE0FA8D14A164F,IMPHASH=00000000000000000000000000000000", "Signed": "true", "Signature": "Microsoft Windows", "SignatureStatus": "Valid", "_source_file": "data/baseline/win7-x86/Microsoft-Windows-Sysmon%4Operational.evtx"}, {"EventID": 7, "Computer": "evtx-PC", "UtcTime": "2022-04-04 11:19:50.857", "Provider": "Microsoft-Windows-Sysmon", "RuleName": "-", "ProcessGuid": "{e97d4e69-0000-0000-1bad-000000000000}", "ProcessId": "892", "Image": "C:\\Windows\\System32\\svchost.exe", "ImageLoaded": "C:\\Windows\\System32\\oobe\\oobeldr.exe", "FileVersion": "6.1.7600.16385 (win7_rtm.090713-1255)", "Description": "OOBE Loader", "Product": "Microsoft\u00ae Windows\u00ae Operating System", "Company": "Microsoft Corporation", "OriginalFileName": "OOBELDR.EXE", "Hashes": "SHA1=5FAE0187C5328F555F2C4F4B36308CD7F684D983,MD5=FDE84A802CD3E1510397174865BEB0B9,SHA256=1BA925E5ACC00423366AB9224AD3151520A7585A1A1D8453DBC5D5A6B1C8E548,IMPHASH=FC23A1633250ED12106CE8B0157AB2BC", "Signed": "true", "Signature": "Microsoft Windows", "SignatureStatus": "Valid", "_source_file": "data/baseline/win7-x86/Microsoft-Windows-Sysmon%4Operational.evtx"}, {"EventID": 7, "Computer": "evtx-PC", "UtcTime": "2022-04-04 11:19:50.857", "Provider": "Microsoft-Windows-Sysmon", "RuleName": "-", "ProcessGuid": "{e97d4e69-0000-0000-1bad-000000000000}", "ProcessId": "892", "Image": "C:\\Windows\\System32\\svchost.exe", "ImageLoaded": "C:\\Windows\\System32\\microsoft-windows-kernel-processor-power-events.dll", "FileVersion": "6.1.7600.16385 (win7_rtm.090713-1255)", "Description": "Microsoft-Windows-Kernel-Processor-Power-Events Resources", "Product": "Microsoft\u00ae Windows\u00ae Operating System", "Company": "Microsoft Corporation", "OriginalFileName": "microsoft-windows-kernel-processor-power-events.dll", "Hashes": "SHA1=3C92DFD8150C598D5589434B68914126766FAA6E,MD5=1F5497D7D3D79C7BF0AB0C8B4C5BFE6E,SHA256=27848861F25C00168A1A0FE0722D8E327D2251C4FB69A7968EE5722ECCD129E3,IMPHASH=00000000000000000000000000000000", "Signed": "true", "Signature": "Microsoft Windows", "SignatureStatus": "Valid", "_source_file": "data/baseline/win7-x86/Microsoft-Windows-Sysmon%4Operational.evtx"}, {"EventID": 7, "Computer": "evtx-PC", "UtcTime": "2022-04-04 11:19:50.873", "Provider": "Microsoft-Windows-Sysmon", "RuleName": "-", "ProcessGuid": "{e97d4e69-0000-0000-1bad-000000000000}", "ProcessId": "892", "Image": "C:\\Windows\\System32\\svchost.exe", "ImageLoaded": "C:\\Windows\\System32\\nettrace.dll", "FileVersion": "6.1.7600.16385 (win7_rtm.090713-1255)", "Description": "Network Trace Helper", "Product": "Microsoft\u00ae Windows\u00ae Operating System", "Company": "Microsoft Corporation", "OriginalFileName": "nettrace.dll", "Hashes": "SHA1=129A4088423AD95B6FE7103C4471A1C6A7422253,MD5=7EFDA98AC1A9C8F5875246BA0B7C4144,SHA256=7F31C69E763E489459740BC53E7001B6BF565896B2C98F109E5643F1F2D1D0EB,IMPHASH=D34DB27D83D261BD576E51F74C32270B", "Signed": "true", "Signature": "Microsoft Windows", "SignatureStatus": "Valid", "_source_file": "data/baseline/win7-x86/Microsoft-Windows-Sysmon%4Operational.evtx"}, {"EventID": 7, "Computer": "evtx-PC", "UtcTime": "2022-04-04 11:19:50.919", "Provider": "Microsoft-Windows-Sysmon", "RuleName": "-", "ProcessGuid": "{e97d4e69-0000-0000-1bad-000000000000}", "ProcessId": "892", "Image": "C:\\Windows\\System32\\svchost.exe", "ImageLoaded": "C:\\Windows\\System32\\sppsvc.exe", "FileVersion": "6.1.7600.16385 (win7_rtm.090713-1255)", "Description": "Microsoft Software Protection Platform Service", "Product": "Microsoft\u00ae Windows\u00ae Operating System", "Company": "Microsoft Corporation", "OriginalFileName": "sppsvc.exe", "Hashes": "SHA1=F4855315A4F753565A3E72427071B225AE823309,MD5=4C287F9069FEDBD791178876EE9DE536,SHA256=6099E76FF6FBA002EBA2BA7BE4E3238D91332E077524D1DD402E0C9ADA22E852,IMPHASH=522613916868E4512BDF9A470D3400F6", "Signed": "true", "Signature": "Microsoft Windows", "SignatureStatus": "Valid", "_source_file": "data/baseline/win7-x86/Microsoft-Windows-Sysmon%4Operational.evtx"}, {"EventID": 7, "Computer": "evtx-PC", "UtcTime": "2022-04-04 11:19:50.919", "Provider": "Microsoft-Windows-Sysmon", "RuleName": "-", "ProcessGuid": "{e97d4e69-0000-0000-1bad-000000000000}", "ProcessId": "892", "Image": "C:\\Windows\\System32\\svchost.exe", "ImageLoaded": "C:\\Windows\\System32\\wininit.exe", "FileVersion": "6.1.7600.16385 (win7_rtm.090713-1255)", "Description": "Windows Start-Up Application", "Product": "Microsoft\u00ae Windows\u00ae Operating System", "Company": "Microsoft Corporation", "OriginalFileName": "WinInit.exe", "Hashes": "SHA1=C7BBA9840C44E7739FB314B7A3EFE30E6B25CC48,MD5=B5C5DCAD3899512020D135600129D665,SHA256=F6B4D18FA0D3C4958711AC0D476C21A6FDF2897F989A0AD290B43F463DD8B5B0,IMPHASH=3A03523373D4A10171106AA80AA91C50", "Signed": "true", "Signature": "Microsoft Windows", "SignatureStatus": "Valid", "_source_file": "data/baseline/win7-x86/Microsoft-Windows-Sysmon%4Operational.evtx"}, {"EventID": 7, "Computer": "evtx-PC", "UtcTime": "2022-04-04 11:19:50.919", "Provider": "Microsoft-Windows-Sysmon", "RuleName": "-", "ProcessGuid": "{e97d4e69-0000-0000-1bad-000000000000}", "ProcessId": "892", "Image": "C:\\Windows\\System32\\svchost.exe", "ImageLoaded": "C:\\Windows\\System32\\csrsrv.dll", "FileVersion": "6.1.7600.16385 (win7_rtm.090713-1255)", "Description": "Client Server Runtime Process", "Product": "Microsoft\u00ae Windows\u00ae Operating System", "Company": "Microsoft Corporation", "OriginalFileName": "CSRSrv.DLL", "Hashes": "SHA1=19E3E2CC45F3CAC0E12058CADD5CCDCC7792C4E0,MD5=10DE24CCCD418C31107813682EB73542,SHA256=73A7EEEA73487A1F6386816705C179FDC5CE59E217AB9C367139664EE06D9ED1,IMPHASH=688BD0D543709A5038047496687E887C", "Signed": "true", "Signature": "Microsoft Windows", "SignatureStatus": "Valid", "_source_file": "data/baseline/win7-x86/Microsoft-Windows-Sysmon%4Operational.evtx"}, {"EventID": 7, "Computer": "evtx-PC", "UtcTime": "2022-04-04 11:19:50.996", "Provider": "Microsoft-Windows-Sysmon", "RuleName": "-", "ProcessGuid": "{e97d4e69-0000-0000-1bad-000000000000}", "ProcessId": "892", "Image": "C:\\Windows\\System32\\svchost.exe", "ImageLoaded": "C:\\Windows\\System32\\mshtml.dll", "FileVersion": "8.00.7600.16385 (win7_rtm.090713-1255)", "Description": "Microsoft (R) HTML Viewer", "Product": "Windows\u00ae Internet Explorer", "Company": "Microsoft Corporation", "OriginalFileName": "MSHTML.DLL", "Hashes": "SHA1=AA0D87C1FCF12D59D8838E33DE98D79E919541D1,MD5=43592D31AFF84DD957199248898D9430,SHA256=BE0D2C635725647EAC985B59DAFA5CFE2C2BA110AA54E9DC0C2D3019CC6A2C6E,IMPHASH=9BB3FD9121261A80E7C5C1EAC2F4F809", "Signed": "true", "Signature": "Microsoft Windows", "SignatureStatus": "Valid", "_source_file": "data/baseline/win7-x86/Microsoft-Windows-Sysmon%4Operational.evtx"}, {"EventID": 7, "Computer": "evtx-PC", "UtcTime": "2022-04-04 11:19:51.012", "Provider": "Microsoft-Windows-Sysmon", "RuleName": "-", "ProcessGuid": "{e97d4e69-0000-0000-1bad-000000000000}", "ProcessId": "892", "Image": "C:\\Windows\\System32\\svchost.exe", "ImageLoaded": "C:\\Windows\\System32\\UIAutomationCore.dll", "FileVersion": "7.0.0.0 (win7_rtm.090713-1255)", "Description": "Microsoft UI Automation Core", "Product": "Microsoft\u00ae Windows\u00ae Operating System", "Company": "Microsoft Corporation", "OriginalFileName": "UIAutomationCore.dll", "Hashes": "SHA1=EC48264FC325579EA2D59F6F95957608A9A1D07F,MD5=FD049C25A168D3DE310D9207B7B6367B,SHA256=48966605E7CF87996068AC1A2E563F90F6F152E710323792C633E10BCBA480E4,IMPHASH=F5085C628E60192CCB76CC679EF1BD1D", "Signed": "true", "Signature": "Microsoft Windows", "SignatureStatus": "Valid", "_source_file": "data/baseline/win7-x86/Microsoft-Windows-Sysmon%4Operational.evtx"}, {"EventID": 7, "Computer": "evtx-PC", "UtcTime": "2022-04-04 11:19:51.012", "Provider": "Microsoft-Windows-Sysmon", "RuleName": "-", "ProcessGuid": "{e97d4e69-0000-0000-1bad-000000000000}", "ProcessId": "892", "Image": "C:\\Windows\\System32\\svchost.exe", "ImageLoaded": "C:\\Windows\\System32\\sysprep\\sysprep.exe", "FileVersion": "6.1.7600.16385 (win7_rtm.090713-1255)", "Description": "System Preparation Tool", "Product": "Microsoft\u00ae Windows\u00ae Operating System", "Company": "Microsoft Corporation", "OriginalFileName": "sysprep.EXE", "Hashes": "SHA1=3139024AB9518AF421627390414C91133B6DE902,MD5=804C1F67CF44FD09C70261E6980594F6,SHA256=7A8AABD97D067FC3CEB25FA5B71D4F938ADF78B542F7416EBFB6E6A7D607E685,IMPHASH=E925A3BDE35ECBE27F0C2C2AB1030008", "Signed": "true", "Signature": "Microsoft Windows", "SignatureStatus": "Valid", "_source_file": "data/baseline/win7-x86/Microsoft-Windows-Sysmon%4Operational.evtx"}, {"EventID": 7, "Computer": "evtx-PC", "UtcTime": "2022-04-04 11:19:51.012", "Provider": "Microsoft-Windows-Sysmon", "RuleName": "-", "ProcessGuid": "{e97d4e69-0000-0000-1bad-000000000000}", "ProcessId": "892", "Image": "C:\\Windows\\System32\\svchost.exe", "ImageLoaded": "C:\\Windows\\System32\\perfos.dll", "FileVersion": "6.1.7600.16385 (win7_rtm.090713-1255)", "Description": "Windows System Performance Objects DLL", "Product": "Microsoft\u00ae Windows\u00ae Operating System", "Company": "Microsoft Corporation", "OriginalFileName": "PERFOS.DLL", "Hashes": "SHA1=4FF7C15C0F30347F52F534A028FF7BBC1E752F66,MD5=6FA41E0C86EF049A12C05CA4BBA8F9AF,SHA256=D18758C5A33B4C596EA6E87A16B53D7CF68EA9586C7F11C9518577BC8D7CBC9B,IMPHASH=81DD14D400B0F6F542B3F8003F1AFB76", "Signed": "true", "Signature": "Microsoft Windows", "SignatureStatus": "Valid", "_source_file": "data/baseline/win7-x86/Microsoft-Windows-Sysmon%4Operational.evtx"}, {"EventID": 7, "Computer": "evtx-PC", "UtcTime": "2022-04-04 11:19:51.027", "Provider": "Microsoft-Windows-Sysmon", "RuleName": "-", "ProcessGuid": "{e97d4e69-0000-0000-1bad-000000000000}", "ProcessId": "892", "Image": "C:\\Windows\\System32\\svchost.exe", "ImageLoaded": "C:\\Program Files\\Windows Media Player\\wmpnetwk.exe", "FileVersion": "12.0.7600.16385 (win7_rtm.090713-1255)", "Description": "Windows Media Player Network Sharing Service", "Product": "Microsoft\u00ae Windows\u00ae Operating System", "Company": "Microsoft Corporation", "OriginalFileName": "WMPNetwk.exe", "Hashes": "SHA1=5C5FEB6189D7C3E0415EF1236028B7112743AC0F,MD5=77FBD400984CF72BA0FC4B3489D65F74,SHA256=9AA404F17177FEB43A9EA1A86061B452E7C4A93C873E61B68269047519CD433E,IMPHASH=28FFC92B79B90D5AA1A2E825E4235296", "Signed": "true", "Signature": "Microsoft Windows", "SignatureStatus": "Valid", "_source_file": "data/baseline/win7-x86/Microsoft-Windows-Sysmon%4Operational.evtx"}, {"EventID": 7, "Computer": "evtx-PC", "UtcTime": "2022-04-04 11:19:51.043", "Provider": "Microsoft-Windows-Sysmon", "RuleName": "-", "ProcessGuid": "{e97d4e69-0000-0000-1bad-000000000000}", "ProcessId": "892", "Image": "C:\\Windows\\System32\\svchost.exe", "ImageLoaded": "C:\\Program Files\\Common Files\\microsoft shared\\ink\\tabskb.dll", "FileVersion": "6.1.7600.16385 (win7_rtm.090713-1255)", "Description": "Tablet PC Input Panel On-Screen Keyboard", "Product": "Microsoft\u00ae Windows\u00ae Operating System", "Company": "Microsoft Corporation", "OriginalFileName": "tabskb.dll", "Hashes": "SHA1=861287745D7A7DDD8F64E642F890520CCEADB2EC,MD5=97137ACAABA87B00A8A5C2B1ACA19289,SHA256=95A16F0DE828A3233994D54538D92D771A0A9AA2AF6665222A16BBA2F3BB0B30,IMPHASH=07E48D05592A0FF47324F705D3F343BB", "Signed": "true", "Signature": "Microsoft Windows", "SignatureStatus": "Valid", "_source_file": "data/baseline/win7-x86/Microsoft-Windows-Sysmon%4Operational.evtx"}, {"EventID": 7, "Computer": "evtx-PC", "UtcTime": "2022-04-04 11:19:51.043", "Provider": "Microsoft-Windows-Sysmon", "RuleName": "-", "ProcessGuid": "{e97d4e69-0000-0000-1bad-000000000000}", "ProcessId": "892", "Image": "C:\\Windows\\System32\\svchost.exe", "ImageLoaded": "C:\\Windows\\System32\\VAN.dll", "FileVersion": "6.1.7600.16385 (win7_rtm.090713-1255)", "Description": "View Available Networks", "Product": "Microsoft\u00ae Windows\u00ae Operating System", "Company": "Microsoft Corporation", "OriginalFileName": "Van.dll", "Hashes": "SHA1=3A1C7CA56344831609C1E6C3B45E306996F0760B,MD5=EEFE897ECED089426683818CF87CCA32,SHA256=6669C46E424EFA4CC6348CD971B0BE692768B1EA07503D060ACC0E1BB918AB51,IMPHASH=1F46F112A4DA8825E5F7BA806D7E976B", "Signed": "true", "Signature": "Microsoft Windows", "SignatureStatus": "Valid", "_source_file": "data/baseline/win7-x86/Microsoft-Windows-Sysmon%4Operational.evtx"}, {"EventID": 7, "Computer": "evtx-PC", "UtcTime": "2022-04-04 11:19:51.043", "Provider": "Microsoft-Windows-Sysmon", "RuleName": "-", "ProcessGuid": "{e97d4e69-0000-0000-1bad-000000000000}", "ProcessId": "892", "Image": "C:\\Windows\\System32\\svchost.exe", "ImageLoaded": "C:\\Windows\\System32\\oleres.dll", "FileVersion": "6.1.7600.16385 (win7_rtm.090713-1255)", "Description": "Ole resource dll", "Product": "Microsoft\u00ae Windows\u00ae Operating System", "Company": "Microsoft Corporation", "OriginalFileName": "oleres.dll", "Hashes": "SHA1=49B48AC54916981B7A52C6F879060B26E7054F27,MD5=370E6FB6F6FF1B3DAC7F1182AC493BB6,SHA256=6F61C15EDA310DBDEED6F597A971ABB2BBA8E01A549F7420AB247929C875FEF0,IMPHASH=00000000000000000000000000000000", "Signed": "true", "Signature": "Microsoft Windows", "SignatureStatus": "Valid", "_source_file": "data/baseline/win7-x86/Microsoft-Windows-Sysmon%4Operational.evtx"}, {"EventID": 7, "Computer": "evtx-PC", "UtcTime": "2022-04-04 11:19:51.043", "Provider": "Microsoft-Windows-Sysmon", "RuleName": "-", "ProcessGuid": "{e97d4e69-0000-0000-1bad-000000000000}", "ProcessId": "892", "Image": "C:\\Windows\\System32\\svchost.exe", "ImageLoaded": "C:\\Windows\\System32\\IPBusEnum.dll", "FileVersion": "6.1.7600.16385 (win7_rtm.090713-1255)", "Description": "PnP-X IP Bus Enumerator DLL", "Product": "Microsoft\u00ae Windows\u00ae Operating System", "Company": "Microsoft Corporation", "OriginalFileName": "IPBusEnum.dll", "Hashes": "SHA1=A302EB8D2DC7EDDEBFDC2572816C66DAE17E62CE,MD5=ACB364B9075A45C0736E5C47BE5CAE19,SHA256=202F77C659103D2D0E787B8CB0A23BE32EA5AA2E6B3B0A0F0A8DFA906AB3C0C0,IMPHASH=9A327FDBBE3A7D975249EF0C870E82ED", "Signed": "true", "Signature": "Microsoft Windows", "SignatureStatus": "Valid", "_source_file": "data/baseline/win7-x86/Microsoft-Windows-Sysmon%4Operational.evtx"}, {"EventID": 7, "Computer": "evtx-PC", "UtcTime": "2022-04-04 11:19:51.089", "Provider": "Microsoft-Windows-Sysmon", "RuleName": "-", "ProcessGuid": "{e97d4e69-0000-0000-1bad-000000000000}", "ProcessId": "892", "Image": "C:\\Windows\\System32\\svchost.exe", "ImageLoaded": "C:\\Windows\\System32\\MPSSVC.dll", "FileVersion": "6.1.7600.16385 (win7_rtm.090713-1255)", "Description": "Microsoft Protection Service", "Product": "Microsoft\u00ae Windows\u00ae Operating System", "Company": "Microsoft Corporation", "OriginalFileName": "mpssvc.dll", "Hashes": "SHA1=CF57000F0171A8A47AAC69C7434C5B27D16A364A,MD5=5CD996CECF45CBC3E8D109C86B82D69E,SHA256=ABE40DA4DA555D3D5054BE28BF82E775D90DCB9E31409DC95FABF2F016B17700,IMPHASH=E5C12753FA04C91B3B5003971F6E32BB", "Signed": "true", "Signature": "Microsoft Windows", "SignatureStatus": "Valid", "_source_file": "data/baseline/win7-x86/Microsoft-Windows-Sysmon%4Operational.evtx"}, {"EventID": 7, "Computer": "evtx-PC", "UtcTime": "2022-04-04 11:19:51.058", "Provider": "Microsoft-Windows-Sysmon", "RuleName": "-", "ProcessGuid": "{e97d4e69-0000-0000-1bad-000000000000}", "ProcessId": "892", "Image": "C:\\Windows\\System32\\svchost.exe", "ImageLoaded": "C:\\Windows\\System32\\drivers\\vwififlt.sys", "FileVersion": "6.1.7600.16385 (win7_rtm.090713-1255)", "Description": "Virtual WiFi Filter Driver", "Product": "Microsoft\u00ae Windows\u00ae Operating System", "Company": "Microsoft Corporation", "OriginalFileName": "vwififlt.sys", "Hashes": "SHA1=7CA2639B01F851E0928CDFC7C9863AF5A5FA3718,MD5=7090D3436EEB4E7DA3373090A23448F7,SHA256=3A130B28F2BFA7DCEC8596C4CE4E187B019F5ECF1AAC8DD1BBDE9CBD2428FEC2,IMPHASH=9216E7DA4629F3655E2A18BE1DDB9D79", "Signed": "true", "Signature": "Microsoft Windows", "SignatureStatus": "Valid", "_source_file": "data/baseline/win7-x86/Microsoft-Windows-Sysmon%4Operational.evtx"}, {"EventID": 7, "Computer": "evtx-PC", "UtcTime": "2022-04-04 11:19:51.058", "Provider": "Microsoft-Windows-Sysmon", "RuleName": "-", "ProcessGuid": "{e97d4e69-0000-0000-1bad-000000000000}", "ProcessId": "892", "Image": "C:\\Windows\\System32\\svchost.exe", "ImageLoaded": "C:\\Windows\\System32\\msdt.exe", "FileVersion": "6.1.7600.16385 (win7_rtm.090713-1255)", "Description": "Diagnostics Troubleshooting Wizard", "Product": "Microsoft\u00ae Windows\u00ae Operating System", "Company": "Microsoft Corporation", "OriginalFileName": "msdt.exe", "Hashes": "SHA1=74D1F99FAB21C98DE441F4545FCAE9F709BE9F8C,MD5=F67A64C46DE10425045AF682802F5BA6,SHA256=65B029802A1CD52E21032CADD0E7C92EEB7D4C475FE892770AEAC75C01C4C977,IMPHASH=2759E4FEB225A01F456B1150752AA6C7", "Signed": "true", "Signature": "Microsoft Windows", "SignatureStatus": "Valid", "_source_file": "data/baseline/win7-x86/Microsoft-Windows-Sysmon%4Operational.evtx"}, {"EventID": 7, "Computer": "evtx-PC", "UtcTime": "2022-04-04 11:19:51.089", "Provider": "Microsoft-Windows-Sysmon", "RuleName": "-", "ProcessGuid": "{e97d4e69-0000-0000-1bad-000000000000}", "ProcessId": "892", "Image": "C:\\Windows\\System32\\svchost.exe", "ImageLoaded": "C:\\Program Files\\Windows Media Player\\WMPDMC.exe", "FileVersion": "12.0.7600.16385 (win7_rtm.090713-1255)", "Description": "Windows Media Player Digital Media Controller Application", "Product": "Microsoft\u00ae Windows\u00ae Operating System", "Company": "Microsoft Corporation", "OriginalFileName": "WMPDMC.exe", "Hashes": "SHA1=1131E8EEBF4F2DCD590B53C52F69533120B81349,MD5=7B27F19EEB01583E758594E50C6EA755,SHA256=0DAAA2E1005A1A31E08075C2321097BD114782F7AA294648DC5F53DD7DBE68FF,IMPHASH=B87D4D1404DB39D60F663640E7199A07", "Signed": "true", "Signature": "Microsoft Windows", "SignatureStatus": "Valid", "_source_file": "data/baseline/win7-x86/Microsoft-Windows-Sysmon%4Operational.evtx"}, {"EventID": 7, "Computer": "evtx-PC", "UtcTime": "2022-04-04 11:19:51.089", "Provider": "Microsoft-Windows-Sysmon", "RuleName": "-", "ProcessGuid": "{e97d4e69-0000-0000-1bad-000000000000}", "ProcessId": "892", "Image": "C:\\Windows\\System32\\svchost.exe", "ImageLoaded": "C:\\Windows\\System32\\SndVolSSO.dll", "FileVersion": "6.1.7600.16385 (win7_rtm.090713-1255)", "Description": "SCA Volume", "Product": "Microsoft\u00ae Windows\u00ae Operating System", "Company": "Microsoft Corporation", "OriginalFileName": "SndVolSSO.dll", "Hashes": "SHA1=B289972C25EDA5D47B4D4AABAA83B680C171B78B,MD5=6B18F23108E6FA70B9F62B4D89668ED8,SHA256=201EA68843BE0436DA1904ADAAC8B259ECB51871E4BD74AC8199D687816FBE90,IMPHASH=11456DE9949160829A3E9B99F5917C39", "Signed": "true", "Signature": "Microsoft Windows", "SignatureStatus": "Valid", "_source_file": "data/baseline/win7-x86/Microsoft-Windows-Sysmon%4Operational.evtx"}, {"EventID": 7, "Computer": "evtx-PC", "UtcTime": "2022-04-04 11:19:51.120", "Provider": "Microsoft-Windows-Sysmon", "RuleName": "-", "ProcessGuid": "{e97d4e69-0000-0000-1bad-000000000000}", "ProcessId": "892", "Image": "C:\\Windows\\System32\\svchost.exe", "ImageLoaded": "C:\\Windows\\System32\\wdc.dll", "FileVersion": "6.1.7600.16385 (win7_rtm.090713-1255)", "Description": "Performance Monitor", "Product": "Microsoft\u00ae Windows\u00ae Operating System", "Company": "Microsoft Corporation", "OriginalFileName": "wdc.dll", "Hashes": "SHA1=21DAD0C76F40A9B735A84F4DAAE69B17A64A47A5,MD5=7BB83E451AF929C0A07EE0D22224287C,SHA256=48DA2158CEFA3473E20D02E50C809E9269E970AD72E8159B7D3CC925D87BC626,IMPHASH=7577129360524833898D0A1F00311698", "Signed": "true", "Signature": "Microsoft Windows", "SignatureStatus": "Valid", "_source_file": "data/baseline/win7-x86/Microsoft-Windows-Sysmon%4Operational.evtx"}, {"EventID": 7, "Computer": "evtx-PC", "UtcTime": "2022-04-04 11:19:51.151", "Provider": "Microsoft-Windows-Sysmon", "RuleName": "-", "ProcessGuid": "{e97d4e69-0000-0000-1bad-000000000000}", "ProcessId": "892", "Image": "C:\\Windows\\System32\\svchost.exe", "ImageLoaded": "C:\\Windows\\System32\\drivers\\http.sys", "FileVersion": "6.1.7600.16385 (win7_rtm.090713-1255)", "Description": "HTTP Protocol Stack", "Product": "Microsoft\u00ae Windows\u00ae Operating System", "Company": "Microsoft Corporation", "OriginalFileName": "http.sys", "Hashes": "SHA1=A4EDCF899DCF39C3BEC5D1465B9D1EE8BEADD420,MD5=C531C7FD9E8B62021112787C4E2C5A5A,SHA256=09205E2A5BFB6C623B312B8AC82F7F7CA8A922B1D9A0E3952BD3BA47BBE1F18C,IMPHASH=117F2DFF37EF0F122BF7B60E260258E0", "Signed": "true", "Signature": "Microsoft Windows", "SignatureStatus": "Valid", "_source_file": "data/baseline/win7-x86/Microsoft-Windows-Sysmon%4Operational.evtx"}, {"EventID": 7, "Computer": "evtx-PC", "UtcTime": "2022-04-04 11:19:51.151", "Provider": "Microsoft-Windows-Sysmon", "RuleName": "-", "ProcessGuid": "{e97d4e69-0000-0000-1bad-000000000000}", "ProcessId": "892", "Image": "C:\\Windows\\System32\\svchost.exe", "ImageLoaded": "C:\\Windows\\System32\\WerFault.exe", "FileVersion": "6.1.7600.16385 (win7_rtm.090713-1255)", "Description": "Windows Problem Reporting", "Product": "Microsoft\u00ae Windows\u00ae Operating System", "Company": "Microsoft Corporation", "OriginalFileName": "WerFault.exe", "Hashes": "SHA1=F43F28CC5165608E6FB3794E9A3D083CA2C75F0E,MD5=5FEAB868CAEDBBD1B7A145CA8261E4AA,SHA256=08BACE187A0225E10677DE9AA6738A7118BE3E5CAD6DC45FB8D3366A61BB343C,IMPHASH=9E033013A54C838941E1E6B8DC42511D", "Signed": "true", "Signature": "Microsoft Windows", "SignatureStatus": "Valid", "_source_file": "data/baseline/win7-x86/Microsoft-Windows-Sysmon%4Operational.evtx"}, {"EventID": 7, "Computer": "evtx-PC", "UtcTime": "2022-04-04 11:19:51.151", "Provider": "Microsoft-Windows-Sysmon", "RuleName": "-", "ProcessGuid": "{e97d4e69-0000-0000-1bad-000000000000}", "ProcessId": "892", "Image": "C:\\Windows\\System32\\svchost.exe", "ImageLoaded": "C:\\Windows\\System32\\WerFault.exe", "FileVersion": "6.1.7600.16385 (win7_rtm.090713-1255)", "Description": "Windows Problem Reporting", "Product": "Microsoft\u00ae Windows\u00ae Operating System", "Company": "Microsoft Corporation", "OriginalFileName": "WerFault.exe", "Hashes": "SHA1=F43F28CC5165608E6FB3794E9A3D083CA2C75F0E,MD5=5FEAB868CAEDBBD1B7A145CA8261E4AA,SHA256=08BACE187A0225E10677DE9AA6738A7118BE3E5CAD6DC45FB8D3366A61BB343C,IMPHASH=9E033013A54C838941E1E6B8DC42511D", "Signed": "true", "Signature": "Microsoft Windows", "SignatureStatus": "Valid", "_source_file": "data/baseline/win7-x86/Microsoft-Windows-Sysmon%4Operational.evtx"}, {"EventID": 7, "Computer": "evtx-PC", "UtcTime": "2022-04-04 11:19:51.136", "Provider": "Microsoft-Windows-Sysmon", "RuleName": "-", "ProcessGuid": "{e97d4e69-0000-0000-1bad-000000000000}", "ProcessId": "892", "Image": "C:\\Windows\\System32\\svchost.exe", "ImageLoaded": "C:\\Windows\\System32\\certprop.dll", "FileVersion": "6.1.7600.16385 (win7_rtm.090713-1255)", "Description": "Microsoft Smartcard Certificate Propagation Service", "Product": "Microsoft\u00ae Windows\u00ae Operating System", "Company": "Microsoft Corporation", "OriginalFileName": "certprop.dll", "Hashes": "SHA1=ACD76F930D4E696F7ABE8940C2AACC46D3FAB36F,MD5=628A9E30EC5E18DD5DE6BE4DBDC12198,SHA256=DDA43DCCB195440D6BD5752BD00D984F45BD6D23DBE2A656C33E3CD1E5D17AD7,IMPHASH=C45EC4D64D24AA88F78C2B4E79D39C56", "Signed": "true", "Signature": "Microsoft Windows", "SignatureStatus": "Valid", "_source_file": "data/baseline/win7-x86/Microsoft-Windows-Sysmon%4Operational.evtx"}, {"EventID": 7, "Computer": "evtx-PC", "UtcTime": "2022-04-04 11:19:51.151", "Provider": "Microsoft-Windows-Sysmon", "RuleName": "-", "ProcessGuid": "{e97d4e69-0000-0000-1bad-000000000000}", "ProcessId": "892", "Image": "C:\\Windows\\System32\\svchost.exe", "ImageLoaded": "C:\\Windows\\System32\\services.exe", "FileVersion": "6.1.7600.16385 (win7_rtm.090713-1255)", "Description": "Services and Controller app", "Product": "Microsoft\u00ae Windows\u00ae Operating System", "Company": "Microsoft Corporation", "OriginalFileName": "services.exe", "Hashes": "SHA1=54A90C371155985420F455361A5B3AC897E6C96E,MD5=5F1B6A9C35D3D5CA72D6D6FDEF9747D6,SHA256=D7BC4ED605B32274B45328FD9914FB0E7B90D869A38F0E6F94FB1BF4E9E2B407,IMPHASH=7554E509802EA52A1D02BBB4506CAE72", "Signed": "true", "Signature": "Microsoft Windows", "SignatureStatus": "Valid", "_source_file": "data/baseline/win7-x86/Microsoft-Windows-Sysmon%4Operational.evtx"}, {"EventID": 7, "Computer": "evtx-PC", "UtcTime": "2022-04-04 11:19:51.151", "Provider": "Microsoft-Windows-Sysmon", "RuleName": "-", "ProcessGuid": "{e97d4e69-0000-0000-1bad-000000000000}", "ProcessId": "892", "Image": "C:\\Windows\\System32\\svchost.exe", "ImageLoaded": "C:\\Windows\\System32\\services.exe", "FileVersion": "6.1.7600.16385 (win7_rtm.090713-1255)", "Description": "Services and Controller app", "Product": "Microsoft\u00ae Windows\u00ae Operating System", "Company": "Microsoft Corporation", "OriginalFileName": "services.exe", "Hashes": "SHA1=54A90C371155985420F455361A5B3AC897E6C96E,MD5=5F1B6A9C35D3D5CA72D6D6FDEF9747D6,SHA256=D7BC4ED605B32274B45328FD9914FB0E7B90D869A38F0E6F94FB1BF4E9E2B407,IMPHASH=7554E509802EA52A1D02BBB4506CAE72", "Signed": "true", "Signature": "Microsoft Windows", "SignatureStatus": "Valid", "_source_file": "data/baseline/win7-x86/Microsoft-Windows-Sysmon%4Operational.evtx"}, {"EventID": 7, "Computer": "evtx-PC", "UtcTime": "2022-04-04 11:19:51.166", "Provider": "Microsoft-Windows-Sysmon", "RuleName": "-", "ProcessGuid": "{e97d4e69-0000-0000-1bad-000000000000}", "ProcessId": "892", "Image": "C:\\Windows\\System32\\svchost.exe", "ImageLoaded": "C:\\Windows\\System32\\mshtml.dll", "FileVersion": "8.00.7600.16385 (win7_rtm.090713-1255)", "Description": "Microsoft (R) HTML Viewer", "Product": "Windows\u00ae Internet Explorer", "Company": "Microsoft Corporation", "OriginalFileName": "MSHTML.DLL", "Hashes": "SHA1=AA0D87C1FCF12D59D8838E33DE98D79E919541D1,MD5=43592D31AFF84DD957199248898D9430,SHA256=BE0D2C635725647EAC985B59DAFA5CFE2C2BA110AA54E9DC0C2D3019CC6A2C6E,IMPHASH=9BB3FD9121261A80E7C5C1EAC2F4F809", "Signed": "true", "Signature": "Microsoft Windows", "SignatureStatus": "Valid", "_source_file": "data/baseline/win7-x86/Microsoft-Windows-Sysmon%4Operational.evtx"}, {"EventID": 7, "Computer": "evtx-PC", "UtcTime": "2022-04-04 11:19:51.151", "Provider": "Microsoft-Windows-Sysmon", "RuleName": "-", "ProcessGuid": "{e97d4e69-0000-0000-1bad-000000000000}", "ProcessId": "892", "Image": "C:\\Windows\\System32\\svchost.exe", "ImageLoaded": "C:\\Windows\\System32\\wlgpclnt.dll", "FileVersion": "6.1.7600.16385 (win7_rtm.090713-1255)", "Description": "802.11 Group Policy Client", "Product": "Microsoft\u00ae Windows\u00ae Operating System", "Company": "Microsoft Corporation", "OriginalFileName": "wlgpclnt.dll", "Hashes": "SHA1=EA4E683AF820BF6D135305701B9FBC3E7FAB5600,MD5=749F9795F01C35EEBE100A87D82B9681,SHA256=03A636328D3D97AFA6B5D6B3085EA8D27C3DBCAEA5986FD74904FC754378CD64,IMPHASH=A067B7A935D65AC97AD7348E823FB257", "Signed": "true", "Signature": "Microsoft Windows", "SignatureStatus": "Valid", "_source_file": "data/baseline/win7-x86/Microsoft-Windows-Sysmon%4Operational.evtx"}, {"EventID": 7, "Computer": "evtx-PC", "UtcTime": "2022-04-04 11:19:51.151", "Provider": "Microsoft-Windows-Sysmon", "RuleName": "-", "ProcessGuid": "{e97d4e69-0000-0000-1bad-000000000000}", "ProcessId": "892", "Image": "C:\\Windows\\System32\\svchost.exe", "ImageLoaded": "C:\\Windows\\System32\\shsvcs.dll", "FileVersion": "6.1.7600.16385 (win7_rtm.090713-1255)", "Description": "Windows Shell Services Dll", "Product": "Microsoft\u00ae Windows\u00ae Operating System", "Company": "Microsoft Corporation", "OriginalFileName": "SHSVCS.DLL", "Hashes": "SHA1=8AC39AA70C29CD4CA2CA7E5C1A6827C042C055A6,MD5=CD2E48FA5B29EE2B3B5858056D246EF2,SHA256=B743F92D0121CF3D827753C85F1F5A14C2DAA1CAFD42C7810C3BECB853DB6175,IMPHASH=24E4C7E1298E493F271A6A5FE676E7FE", "Signed": "true", "Signature": "Microsoft Windows", "SignatureStatus": "Valid", "_source_file": "data/baseline/win7-x86/Microsoft-Windows-Sysmon%4Operational.evtx"}, {"EventID": 7, "Computer": "evtx-PC", "UtcTime": "2022-04-04 11:19:51.166", "Provider": "Microsoft-Windows-Sysmon", "RuleName": "-", "ProcessGuid": "{e97d4e69-0000-0000-1bad-000000000000}", "ProcessId": "892", "Image": "C:\\Windows\\System32\\svchost.exe", "ImageLoaded": "C:\\Windows\\System32\\RpcEpMap.dll", "FileVersion": "6.1.7600.16385 (win7_rtm.090713-1255)", "Description": "RPC Endpoint Mapper", "Product": "Microsoft\u00ae Windows\u00ae Operating System", "Company": "Microsoft Corporation", "OriginalFileName": "RpcEpMap.dll", "Hashes": "SHA1=C604BC90032B99456C9F92F98F963DF999CF8B15,MD5=78D072F35BC45D9E4E1B61895C152234,SHA256=80C924EE1156B4E3172E83DCB9C60817E87885FB9377647E0BF90153E415B1CA,IMPHASH=22D2A700B86EBCF1D9EC9F88B6379819", "Signed": "true", "Signature": "Microsoft Windows", "SignatureStatus": "Valid", "_source_file": "data/baseline/win7-x86/Microsoft-Windows-Sysmon%4Operational.evtx"}, {"EventID": 7, "Computer": "evtx-PC", "UtcTime": "2022-04-04 11:19:51.182", "Provider": "Microsoft-Windows-Sysmon", "RuleName": "-", "ProcessGuid": "{e97d4e69-0000-0000-1bad-000000000000}", "ProcessId": "892", "Image": "C:\\Windows\\System32\\svchost.exe", "ImageLoaded": "C:\\Windows\\System32\\comres.dll", "FileVersion": "2001.12.8530.16385 (win7_rtm.090713-1255)", "Description": "COM+ Resources", "Product": "Microsoft\u00ae Windows\u00ae Operating System", "Company": "Microsoft Corporation", "OriginalFileName": "COMRES.DLL", "Hashes": "SHA1=1DFE6AFF652DAC20A00BA277585DC19C8EF46630,MD5=808D8A8B2A3074002852BC856D419576,SHA256=1AFDEAAD071D398F4663E82D58510ABC0A30048018866C59AB53D3ECB6E6D349,IMPHASH=00000000000000000000000000000000", "Signed": "true", "Signature": "Microsoft Windows", "SignatureStatus": "Valid", "_source_file": "data/baseline/win7-x86/Microsoft-Windows-Sysmon%4Operational.evtx"}, {"EventID": 7, "Computer": "evtx-PC", "UtcTime": "2022-04-04 11:19:51.197", "Provider": "Microsoft-Windows-Sysmon", "RuleName": "-", "ProcessGuid": "{e97d4e69-0000-0000-1bad-000000000000}", "ProcessId": "892", "Image": "C:\\Windows\\System32\\svchost.exe", "ImageLoaded": "C:\\Windows\\System32\\mfplat.dll", "FileVersion": "12.0.7600.16385 (win7_rtm.090713-1255)", "Description": "Media Foundation Platform DLL", "Product": "Microsoft\u00ae Windows\u00ae Operating System", "Company": "Microsoft Corporation", "OriginalFileName": "mfplat.dll", "Hashes": "SHA1=5FE46CDB15804D707A4DEA21FE57C4564F1534CB,MD5=40B82688907A7DBA4DB3B5ADDE3EAB3B,SHA256=7A8A051F414A0A11252A361461A086890BCE9F49CE1AF794061184AE16517EF1,IMPHASH=EDA90ED6DA555F3D5CBA36F8EB76AB6E", "Signed": "true", "Signature": "Microsoft Windows", "SignatureStatus": "Valid", "_source_file": "data/baseline/win7-x86/Microsoft-Windows-Sysmon%4Operational.evtx"}, {"EventID": 7, "Computer": "evtx-PC", "UtcTime": "2022-04-04 11:19:51.213", "Provider": "Microsoft-Windows-Sysmon", "RuleName": "-", "ProcessGuid": "{e97d4e69-0000-0000-1bad-000000000000}", "ProcessId": "892", "Image": "C:\\Windows\\System32\\svchost.exe", "ImageLoaded": "C:\\Windows\\System32\\lsasrv.dll", "FileVersion": "6.1.7600.16385 (win7_rtm.090713-1255)", "Description": "LSA Server DLL", "Product": "Microsoft\u00ae Windows\u00ae Operating System", "Company": "Microsoft Corporation", "OriginalFileName": "lsasrv.dll", "Hashes": "SHA1=01F4477F35CA183640195038D1709773A15E7A25,MD5=4BC5B6D0B7BA1B92C9610A7EB1BAD8AB,SHA256=C6244732D4F82382650C3CE931CE94EEC83EDFF7A0E96698880B8C46EF117E39,IMPHASH=99767454581AF4F35FB3E1C5F6D29EF6", "Signed": "true", "Signature": "Microsoft Windows", "SignatureStatus": "Valid", "_source_file": "data/baseline/win7-x86/Microsoft-Windows-Sysmon%4Operational.evtx"}, {"EventID": 7, "Computer": "evtx-PC", "UtcTime": "2022-04-04 11:19:51.213", "Provider": "Microsoft-Windows-Sysmon", "RuleName": "-", "ProcessGuid": "{e97d4e69-0000-0000-1bad-000000000000}", "ProcessId": "892", "Image": "C:\\Windows\\System32\\svchost.exe", "ImageLoaded": "C:\\Windows\\System32\\loadperf.dll", "FileVersion": "6.1.7600.16385 (win7_rtm.090713-1255)", "Description": "Load & Unload Performance Counters", "Product": "Microsoft\u00ae Windows\u00ae Operating System", "Company": "Microsoft Corporation", "OriginalFileName": "LODCTR.DLL", "Hashes": "SHA1=199DDDDD865F755B5D6164CDC5DE66624D553E1B,MD5=529879612A7FAE235914E3AA6A9A669C,SHA256=715843BDDCB7BFB9C6A968F6DC7BBDE0844883FD57CB72608E2D7352F385C7A8,IMPHASH=31286A8C94F87D624298A9E923C16EEE", "Signed": "true", "Signature": "Microsoft Windows", "SignatureStatus": "Valid", "_source_file": "data/baseline/win7-x86/Microsoft-Windows-Sysmon%4Operational.evtx"}, {"EventID": 7, "Computer": "evtx-PC", "UtcTime": "2022-04-04 11:19:51.228", "Provider": "Microsoft-Windows-Sysmon", "RuleName": "-", "ProcessGuid": "{e97d4e69-0000-0000-1bad-000000000000}", "ProcessId": "892", "Image": "C:\\Windows\\System32\\svchost.exe", "ImageLoaded": "C:\\Windows\\System32\\wsepno.dll", "FileVersion": "7.00.7600.16385 (win7_rtm.090713-1255)", "Description": "Profile notification support for Windows Search Service", "Product": "Windows\u00ae Search", "Company": "Microsoft Corporation", "OriginalFileName": "PROFNOTIFY.DLL", "Hashes": "SHA1=A47A60435D0DD39A7059855E402316B2ACFD033E,MD5=C7900299C6B41196043A5A6E59DB2532,SHA256=FCC80D06F73B65F53626D5EDB25C74597AABB0404B04C94E7E8D7E49005C0DEF,IMPHASH=F0F9DC620E5779639B68E876A87E1583", "Signed": "true", "Signature": "Microsoft Windows", "SignatureStatus": "Valid", "_source_file": "data/baseline/win7-x86/Microsoft-Windows-Sysmon%4Operational.evtx"}, {"EventID": 7, "Computer": "evtx-PC", "UtcTime": "2022-04-04 11:19:51.244", "Provider": "Microsoft-Windows-Sysmon", "RuleName": "-", "ProcessGuid": "{e97d4e69-0000-0000-1bad-000000000000}", "ProcessId": "892", "Image": "C:\\Windows\\System32\\svchost.exe", "ImageLoaded": "C:\\Windows\\System32\\calc.exe", "FileVersion": "6.1.7600.16385 (win7_rtm.090713-1255)", "Description": "Windows Calculator", "Product": "Microsoft\u00ae Windows\u00ae Operating System", "Company": "Microsoft Corporation", "OriginalFileName": "CALC.EXE", "Hashes": "SHA1=7BF8F58D8D8D5DEDCEE34185622A4B64702EFB8E,MD5=4884DA7754823B44CCC2B2106F21146E,SHA256=20F7530727FF461DE43AF16A42D60F12CD5C79A808E8DBEB8AB98159BD325ECE,IMPHASH=F93B5D76132F6E6068946EC238813CE1", "Signed": "true", "Signature": "Microsoft Windows", "SignatureStatus": "Valid", "_source_file": "data/baseline/win7-x86/Microsoft-Windows-Sysmon%4Operational.evtx"}, {"EventID": 7, "Computer": "evtx-PC", "UtcTime": "2022-04-04 11:19:51.244", "Provider": "Microsoft-Windows-Sysmon", "RuleName": "-", "ProcessGuid": "{e97d4e69-0000-0000-1bad-000000000000}", "ProcessId": "892", "Image": "C:\\Windows\\System32\\svchost.exe", "ImageLoaded": "C:\\Windows\\System32\\mciavi32.dll", "FileVersion": "6.1.7600.16385 (win7_rtm.090713-1255)", "Description": "Video For Windows MCI driver", "Product": "Microsoft\u00ae Windows\u00ae Operating System", "Company": "Microsoft Corporation", "OriginalFileName": "mciavi32.dll", "Hashes": "SHA1=6A9C3107253170E2E08B45E90D9334B6947AAEB7,MD5=24390989B08298AD96AA371D57C394B8,SHA256=1DF1BB2313E20D1B53671D98BBF68FA85CA11F621A82E3A0C8F1B1C8F916138D,IMPHASH=8D295A7BA7575ED62C882F26CF4F8EBD", "Signed": "true", "Signature": "Microsoft Windows", "SignatureStatus": "Valid", "_source_file": "data/baseline/win7-x86/Microsoft-Windows-Sysmon%4Operational.evtx"}, {"EventID": 7, "Computer": "evtx-PC", "UtcTime": "2022-04-04 11:19:51.259", "Provider": "Microsoft-Windows-Sysmon", "RuleName": "-", "ProcessGuid": "{e97d4e69-0000-0000-1bad-000000000000}", "ProcessId": "892", "Image": "C:\\Windows\\System32\\svchost.exe", "ImageLoaded": "C:\\Windows\\System32\\services.exe", "FileVersion": "6.1.7600.16385 (win7_rtm.090713-1255)", "Description": "Services and Controller app", "Product": "Microsoft\u00ae Windows\u00ae Operating System", "Company": "Microsoft Corporation", "OriginalFileName": "services.exe", "Hashes": "SHA1=54A90C371155985420F455361A5B3AC897E6C96E,MD5=5F1B6A9C35D3D5CA72D6D6FDEF9747D6,SHA256=D7BC4ED605B32274B45328FD9914FB0E7B90D869A38F0E6F94FB1BF4E9E2B407,IMPHASH=7554E509802EA52A1D02BBB4506CAE72", "Signed": "true", "Signature": "Microsoft Windows", "SignatureStatus": "Valid", "_source_file": "data/baseline/win7-x86/Microsoft-Windows-Sysmon%4Operational.evtx"}, {"EventID": 7, "Computer": "evtx-PC", "UtcTime": "2022-04-04 11:19:51.259", "Provider": "Microsoft-Windows-Sysmon", "RuleName": "-", "ProcessGuid": "{e97d4e69-0000-0000-1bad-000000000000}", "ProcessId": "892", "Image": "C:\\Windows\\System32\\svchost.exe", "ImageLoaded": "C:\\Windows\\System32\\drivers\\tunnel.sys", "FileVersion": "6.1.7600.16385 (win7_rtm.090713-1255)", "Description": "Microsoft Tunnel Interface Driver", "Product": "Microsoft\u00ae Windows\u00ae Operating System", "Company": "Microsoft Corporation", "OriginalFileName": "tunnel.sys", "Hashes": "SHA1=2CF927D2646E3B7586CAEC02170DECEC102504E4,MD5=3E461D890A97F9D4C168F5FDA36E1D00,SHA256=82A8778F404F7AC5102802CF46F279F1E58AC74244665D06FD0C68A8BD887536,IMPHASH=917CFB2BFB6B0DD4CCCE4756144E90AA", "Signed": "true", "Signature": "Microsoft Windows", "SignatureStatus": "Valid", "_source_file": "data/baseline/win7-x86/Microsoft-Windows-Sysmon%4Operational.evtx"}, {"EventID": 7, "Computer": "evtx-PC", "UtcTime": "2022-04-04 11:19:51.259", "Provider": "Microsoft-Windows-Sysmon", "RuleName": "-", "ProcessGuid": "{e97d4e69-0000-0000-1bad-000000000000}", "ProcessId": "892", "Image": "C:\\Windows\\System32\\svchost.exe", "ImageLoaded": "C:\\Windows\\System32\\sstpsvc.dll", "FileVersion": "6.1.7600.16385 (win7_rtm.090713-1255)", "Description": "Provides the facility of using Secure Socket Tunneling Protocol (SSTP) to connect to remote computers (using VPN).", "Product": "Microsoft\u00ae Windows\u00ae Operating System", "Company": "Microsoft Corporation", "OriginalFileName": "sstpsvc.dll", "Hashes": "SHA1=45DD9CDC594EA03BCF356C12698B8EABF74EFE00,MD5=D318F23BE45D5E3A107469EB64815B50,SHA256=D74355E6FF215AA8CE53BC9DF16AF2740F2FC2FD754939478A3608BDA8C6DDA0,IMPHASH=22A0D3D3801A0AE08F392587302CC1BD", "Signed": "true", "Signature": "Microsoft Windows", "SignatureStatus": "Valid", "_source_file": "data/baseline/win7-x86/Microsoft-Windows-Sysmon%4Operational.evtx"}, {"EventID": 7, "Computer": "evtx-PC", "UtcTime": "2022-04-04 11:19:51.275", "Provider": "Microsoft-Windows-Sysmon", "RuleName": "-", "ProcessGuid": "{e97d4e69-0000-0000-1bad-000000000000}", "ProcessId": "892", "Image": "C:\\Windows\\System32\\svchost.exe", "ImageLoaded": "C:\\Windows\\System32\\stobject.dll", "FileVersion": "6.1.7600.16385 (win7_rtm.090713-1255)", "Description": "Systray shell service object", "Product": "Microsoft\u00ae Windows\u00ae Operating System", "Company": "Microsoft Corporation", "OriginalFileName": "stobject.dll", "Hashes": "SHA1=420E9A0472B28C081D3019F70B82870816BEBCF5,MD5=6850CAB88C6689D9A9936AFF033578AF,SHA256=A94D13171D89F421E0BC46581B6C864DE9899CBA3CD15C00151008546F6E40C4,IMPHASH=49D713DF62BE01F56497CCC31D3C2DB3", "Signed": "true", "Signature": "Microsoft Windows", "SignatureStatus": "Valid", "_source_file": "data/baseline/win7-x86/Microsoft-Windows-Sysmon%4Operational.evtx"}, {"EventID": 7, "Computer": "evtx-PC", "UtcTime": "2022-04-04 11:19:51.275", "Provider": "Microsoft-Windows-Sysmon", "RuleName": "-", "ProcessGuid": "{e97d4e69-0000-0000-1bad-000000000000}", "ProcessId": "892", "Image": "C:\\Windows\\System32\\svchost.exe", "ImageLoaded": "C:\\Windows\\System32\\drivers\\cng.sys", "FileVersion": "6.1.7600.16385 (win7_rtm.090713-1255)", "Description": "Kernel Cryptography, Next Generation", "Product": "Microsoft\u00ae Windows\u00ae Operating System", "Company": "Microsoft Corporation", "OriginalFileName": "cng.sys", "Hashes": "SHA1=51C7C42E90EE4EAA33BFC779482C6F40D8BF6A13,MD5=1B675691ED940766149C93E8F4488D68,SHA256=A55C41B2B343B1CF53D737ED1752D0510052094FFC60FDB833279A8A52398132,IMPHASH=CBACF0F2E6891793E3EDDB74C50CB5E5", "Signed": "true", "Signature": "Microsoft Windows", "SignatureStatus": "Valid", "_source_file": "data/baseline/win7-x86/Microsoft-Windows-Sysmon%4Operational.evtx"}, {"EventID": 7, "Computer": "evtx-PC", "UtcTime": "2022-04-04 11:19:51.290", "Provider": "Microsoft-Windows-Sysmon", "RuleName": "-", "ProcessGuid": "{e97d4e69-0000-0000-1bad-000000000000}", "ProcessId": "892", "Image": "C:\\Windows\\System32\\svchost.exe", "ImageLoaded": "C:\\Windows\\System32\\FirewallControlPanel.dll", "FileVersion": "6.1.7600.16385 (win7_rtm.090713-1255)", "Description": "Windows Firewall Control Panel", "Product": "Microsoft\u00ae Windows\u00ae Operating System", "Company": "Microsoft Corporation", "OriginalFileName": "FIREWALLCONTROLPANEL.DLL", "Hashes": "SHA1=CA041D5362039CAAEE0FC598F60DACB5AA4D3718,MD5=EE09D820F6F783856886EAC19415E906,SHA256=12690810B75BE85F79EAE9D891187DEB51403091500638EA9BF4A32D249E004B,IMPHASH=E35F0693502B1C30FA05DBD7D87F096C", "Signed": "true", "Signature": "Microsoft Windows", "SignatureStatus": "Valid", "_source_file": "data/baseline/win7-x86/Microsoft-Windows-Sysmon%4Operational.evtx"}, {"EventID": 7, "Computer": "evtx-PC", "UtcTime": "2022-04-04 11:19:51.306", "Provider": "Microsoft-Windows-Sysmon", "RuleName": "-", "ProcessGuid": "{e97d4e69-0000-0000-1bad-000000000000}", "ProcessId": "892", "Image": "C:\\Windows\\System32\\svchost.exe", "ImageLoaded": "C:\\Windows\\System32\\ActionCenter.dll", "FileVersion": "6.1.7600.16385 (win7_rtm.090713-1255)", "Description": "Action Center", "Product": "Microsoft\u00ae Windows\u00ae Operating System", "Company": "Microsoft Corporation", "OriginalFileName": "ACTIONCENTER.DLL", "Hashes": "SHA1=ABDD186C65A31B4023BD7FCBD44D5EAC9BC96DE7,MD5=F4055BF49A90375FD7672A604F3B0B8E,SHA256=500DDE528774154E7A1D439DDD5BA8235A452E0A3DE74078F0FA05CE77960164,IMPHASH=9792753CC315A36F249A28883CB0284D", "Signed": "true", "Signature": "Microsoft Windows", "SignatureStatus": "Valid", "_source_file": "data/baseline/win7-x86/Microsoft-Windows-Sysmon%4Operational.evtx"}, {"EventID": 7, "Computer": "evtx-PC", "UtcTime": "2022-04-04 11:19:51.306", "Provider": "Microsoft-Windows-Sysmon", "RuleName": "-", "ProcessGuid": "{e97d4e69-0000-0000-1bad-000000000000}", "ProcessId": "892", "Image": "C:\\Windows\\System32\\svchost.exe", "ImageLoaded": "C:\\Windows\\System32\\energy.dll", "FileVersion": "6.1.7600.16385 (win7_rtm.090713-1255)", "Description": "Power Efficiency Diagnostics", "Product": "Microsoft\u00ae Windows\u00ae Operating System", "Company": "Microsoft Corporation", "OriginalFileName": "energy.dll", "Hashes": "SHA1=9DA23376ACB8BC4C9AE93C7159F48531D77D9164,MD5=BF68AEC3653911A2FAA32639DA3CC0FA,SHA256=1EB20FA37476A8D1905839CBBF31719CC1AC378D6016C5AFAC5E93D169197BDA,IMPHASH=2A26DB6BE736E6C899C5731F847B32D3", "Signed": "true", "Signature": "Microsoft Windows", "SignatureStatus": "Valid", "_source_file": "data/baseline/win7-x86/Microsoft-Windows-Sysmon%4Operational.evtx"}, {"EventID": 7, "Computer": "evtx-PC", "UtcTime": "2022-04-04 11:19:51.321", "Provider": "Microsoft-Windows-Sysmon", "RuleName": "-", "ProcessGuid": "{e97d4e69-0000-0000-1bad-000000000000}", "ProcessId": "892", "Image": "C:\\Windows\\System32\\svchost.exe", "ImageLoaded": "C:\\Windows\\System32\\apphelp.dll", "FileVersion": "6.1.7600.16385 (win7_rtm.090713-1255)", "Description": "Application Compatibility Client Library", "Product": "Microsoft\u00ae Windows\u00ae Operating System", "Company": "Microsoft Corporation", "OriginalFileName": "Apphelp", "Hashes": "SHA1=D8EF05D54FBB878EC576A2CF7F7468B9884B7882,MD5=C02E3CE20E7776C922B5C8938350B5F1,SHA256=4BA2250230BC496ACF5709AD54E99BAC858C298BF09DBC574F8CA365A33E5FFC,IMPHASH=4CE9F6B32A14EDA18E129A2B11F0B0CC", "Signed": "true", "Signature": "Microsoft Windows", "SignatureStatus": "Valid", "_source_file": "data/baseline/win7-x86/Microsoft-Windows-Sysmon%4Operational.evtx"}, 