{"EventID": 26, "Computer": "evtx-PC", "UtcTime": "2022-04-04 11:19:17.136", "Provider": "Microsoft-Windows-Sysmon", "RuleName": "-", "ProcessGuid": "{e97d4e69-0000-0000-47f9-030000000000}", "ProcessId": "4020", "User": "evtx-PC\\evtx", "Image": "C:\\Program Files\\Google\\Chrome\\Application\\chrome.exe", "TargetFilename": "C:\\Users\\evtx\\AppData\\Local\\Temp\\Cab4CC9.tmp", "Hashes": "SHA1=A46AEE6E5A4A4893FBA5806BCC14FC7FB3CE80AE,MD5=637481DF32351129E60560D5A5C100B5,SHA256=1F1029D94CA4656A577D554CEDD79D447658F475AF08620084897A5523587052,IMPHASH=00000000000000000000000000000000", "IsExecutable": "False", "_source_file": "data/baseline/win7-x86/Microsoft-Windows-Sysmon%4Operational.evtx"}, {"EventID": 26, "Computer": "evtx-PC", "UtcTime": "2022-04-04 11:19:17.136", "Provider": "Microsoft-Windows-Sysmon", "RuleName": "-", "ProcessGuid": "{e97d4e69-0000-0000-47f9-030000000000}", "ProcessId": "4020", "User": "evtx-PC\\evtx", "Image": "C:\\Program Files\\Google\\Chrome\\Application\\chrome.exe", "TargetFilename": "C:\\Users\\evtx\\AppData\\Local\\Temp\\Cab4CCB.tmp", "Hashes": "SHA1=A46AEE6E5A4A4893FBA5806BCC14FC7FB3CE80AE,MD5=637481DF32351129E60560D5A5C100B5,SHA256=1F1029D94CA4656A577D554CEDD79D447658F475AF08620084897A5523587052,IMPHASH=00000000000000000000000000000000", "IsExecutable": "False", "_source_file": "data/baseline/win7-x86/Microsoft-Windows-Sysmon%4Operational.evtx"}, {"EventID": 26, "Computer": "evtx-PC", "UtcTime": "2022-04-04 11:19:17.136", "Provider": "Microsoft-Windows-Sysmon", "RuleName": "-", "ProcessGuid": "{e97d4e69-0000-0000-47f9-030000000000}", "ProcessId": "4020", "User": "evtx-PC\\evtx", "Image": "C:\\Program Files\\Google\\Chrome\\Application\\chrome.exe", "TargetFilename": "C:\\Users\\evtx\\AppData\\Local\\Temp\\Tar4CCA.tmp", "Hashes": "SHA1=EFFC167CE6206A4E92375C9509943CC86058E3C7,MD5=30644DA711C99BE812B06023C163B751,SHA256=96DBA3D67364C1E75DAB241D4A023B48F4D6453F495175B210F525E930CF144B,IMPHASH=00000000000000000000000000000000", "IsExecutable": "False", "_source_file": "data/baseline/win7-x86/Microsoft-Windows-Sysmon%4Operational.evtx"}, {"EventID": 26, "Computer": "evtx-PC", "UtcTime": "2022-04-04 11:19:17.136", "Provider": "Microsoft-Windows-Sysmon", "RuleName": "-", "ProcessGuid": "{e97d4e69-0000-0000-47f9-030000000000}", "ProcessId": "4020", "User": "evtx-PC\\evtx", "Image": "C:\\Program Files\\Google\\Chrome\\Application\\chrome.exe", "TargetFilename": "C:\\Users\\evtx\\AppData\\Local\\Temp\\Tar4CCC.tmp", "Hashes": "SHA1=EFFC167CE6206A4E92375C9509943CC86058E3C7,MD5=30644DA711C99BE812B06023C163B751,SHA256=96DBA3D67364C1E75DAB241D4A023B48F4D6453F495175B210F525E930CF144B,IMPHASH=00000000000000000000000000000000", "IsExecutable": "False", "_source_file": "data/baseline/win7-x86/Microsoft-Windows-Sysmon%4Operational.evtx"}, {"EventID": 11, "Computer": "evtx-PC", "UtcTime": "2022-04-04 11:19:17.182", "Provider": "Microsoft-Windows-Sysmon", "RuleName": "-", "ProcessGuid": "{e97d4e69-0000-0000-47f9-030000000000}", "ProcessId": "4020", "Image": "C:\\Program Files\\Google\\Chrome\\Application\\chrome.exe", "TargetFilename": "C:\\Users\\evtx\\AppData\\Local\\Temp\\Cab4CFB.tmp", "CreationUtcTime": "2022-04-04 11:19:17.181", "_source_file": "data/baseline/win7-x86/Microsoft-Windows-Sysmon%4Operational.evtx"}, {"EventID": 11, "Computer": "evtx-PC", "UtcTime": "2022-04-04 11:19:17.182", "Provider": "Microsoft-Windows-Sysmon", "RuleName": "-", "ProcessGuid": "{e97d4e69-0000-0000-47f9-030000000000}", "ProcessId": "4020", "Image": "C:\\Program Files\\Google\\Chrome\\Application\\chrome.exe", "TargetFilename": "C:\\Users\\evtx\\AppData\\Local\\Temp\\Tar4CFC.tmp", "CreationUtcTime": "2022-04-04 11:19:17.182", "_source_file": "data/baseline/win7-x86/Microsoft-Windows-Sysmon%4Operational.evtx"}, {"EventID": 26, "Computer": "evtx-PC", "UtcTime": "2022-04-04 11:19:17.182", "Provider": "Microsoft-Windows-Sysmon", "RuleName": "-", "ProcessGuid": "{e97d4e69-0000-0000-47f9-030000000000}", "ProcessId": "4020", "User": "evtx-PC\\evtx", "Image": "C:\\Program Files\\Google\\Chrome\\Application\\chrome.exe", "TargetFilename": "C:\\Users\\evtx\\AppData\\Local\\Temp\\Cab4CFB.tmp", "Hashes": "SHA1=DA39A3EE5E6B4B0D3255BFEF95601890AFD80709,MD5=D41D8CD98F00B204E9800998ECF8427E,SHA256=E3B0C44298FC1C149AFBF4C8996FB92427AE41E4649B934CA495991B7852B855,IMPHASH=00000000000000000000000000000000", "IsExecutable": "False", "_source_file": "data/baseline/win7-x86/Microsoft-Windows-Sysmon%4Operational.evtx"}, {"EventID": 11, "Computer": "evtx-PC", "UtcTime": "2022-04-04 11:19:17.182", "Provider": "Microsoft-Windows-Sysmon", "RuleName": "-", "ProcessGuid": "{e97d4e69-0000-0000-47f9-030000000000}", "ProcessId": "4020", "Image": "C:\\Program Files\\Google\\Chrome\\Application\\chrome.exe", "TargetFilename": "C:\\Users\\evtx\\AppData\\Local\\Temp\\Cab4CFB.tmp", "CreationUtcTime": "2022-04-04 11:19:17.181", "_source_file": "data/baseline/win7-x86/Microsoft-Windows-Sysmon%4Operational.evtx"}, {"EventID": 26, "Computer": "evtx-PC", "UtcTime": "2022-04-04 11:19:17.183", "Provider": "Microsoft-Windows-Sysmon", "RuleName": "-", "ProcessGuid": "{e97d4e69-0000-0000-47f9-030000000000}", "ProcessId": "4020", "User": "evtx-PC\\evtx", "Image": "C:\\Program Files\\Google\\Chrome\\Application\\chrome.exe", "TargetFilename": "C:\\Users\\evtx\\AppData\\Local\\Temp\\Tar4CFC.tmp", "Hashes": "SHA1=DA39A3EE5E6B4B0D3255BFEF95601890AFD80709,MD5=D41D8CD98F00B204E9800998ECF8427E,SHA256=E3B0C44298FC1C149AFBF4C8996FB92427AE41E4649B934CA495991B7852B855,IMPHASH=00000000000000000000000000000000", "IsExecutable": "False", "_source_file": "data/baseline/win7-x86/Microsoft-Windows-Sysmon%4Operational.evtx"}, {"EventID": 11, "Computer": "evtx-PC", "UtcTime": "2022-04-04 11:19:17.183", "Provider": "Microsoft-Windows-Sysmon", "RuleName": "-", "ProcessGuid": "{e97d4e69-0000-0000-47f9-030000000000}", "ProcessId": "4020", "Image": "C:\\Program Files\\Google\\Chrome\\Application\\chrome.exe", "TargetFilename": "C:\\Users\\evtx\\AppData\\Local\\Temp\\Tar4CFC.tmp", "CreationUtcTime": "2022-04-04 11:19:17.182", "_source_file": "data/baseline/win7-x86/Microsoft-Windows-Sysmon%4Operational.evtx"}, {"EventID": 26, "Computer": "evtx-PC", "UtcTime": "2022-04-04 11:19:17.184", "Provider": "Microsoft-Windows-Sysmon", "RuleName": "-", "ProcessGuid": "{e97d4e69-0000-0000-47f9-030000000000}", "ProcessId": "4020", "User": "evtx-PC\\evtx", "Image": "C:\\Program Files\\Google\\Chrome\\Application\\chrome.exe", "TargetFilename": "C:\\Users\\evtx\\AppData\\Local\\Temp\\Cab4CFB.tmp", "Hashes": "SHA1=A46AEE6E5A4A4893FBA5806BCC14FC7FB3CE80AE,MD5=637481DF32351129E60560D5A5C100B5,SHA256=1F1029D94CA4656A577D554CEDD79D447658F475AF08620084897A5523587052,IMPHASH=00000000000000000000000000000000", "IsExecutable": "False", "_source_file": "data/baseline/win7-x86/Microsoft-Windows-Sysmon%4Operational.evtx"}, {"EventID": 26, "Computer": "evtx-PC", "UtcTime": "2022-04-04 11:19:17.186", "Provider": "Microsoft-Windows-Sysmon", "RuleName": "-", "ProcessGuid": "{e97d4e69-0000-0000-47f9-030000000000}", "ProcessId": "4020", "User": "evtx-PC\\evtx", "Image": "C:\\Program Files\\Google\\Chrome\\Application\\chrome.exe", "TargetFilename": "C:\\Users\\evtx\\AppData\\Local\\Temp\\Tar4CFC.tmp", "Hashes": "SHA1=EFFC167CE6206A4E92375C9509943CC86058E3C7,MD5=30644DA711C99BE812B06023C163B751,SHA256=96DBA3D67364C1E75DAB241D4A023B48F4D6453F495175B210F525E930CF144B,IMPHASH=00000000000000000000000000000000", "IsExecutable": "False", "_source_file": "data/baseline/win7-x86/Microsoft-Windows-Sysmon%4Operational.evtx"}, {"EventID": 11, "Computer": "evtx-PC", "UtcTime": "2022-04-04 11:19:17.186", "Provider": "Microsoft-Windows-Sysmon", "RuleName": "-", "ProcessGuid": "{e97d4e69-0000-0000-47f9-030000000000}", "ProcessId": "4020", "Image": "C:\\Program Files\\Google\\Chrome\\Application\\chrome.exe", "TargetFilename": "C:\\Users\\evtx\\AppData\\Local\\Temp\\Cab4CFD.tmp", "CreationUtcTime": "2022-04-04 11:19:17.186", "_source_file": "data/baseline/win7-x86/Microsoft-Windows-Sysmon%4Operational.evtx"}, {"EventID": 11, "Computer": "evtx-PC", "UtcTime": "2022-04-04 11:19:17.186", "Provider": "Microsoft-Windows-Sysmon", "RuleName": "-", "ProcessGuid": "{e97d4e69-0000-0000-47f9-030000000000}", "ProcessId": "4020", "Image": "C:\\Program Files\\Google\\Chrome\\Application\\chrome.exe", "TargetFilename": "C:\\Users\\evtx\\AppData\\Local\\Temp\\Cab4CFE.tmp", "CreationUtcTime": "2022-04-04 11:19:17.186", "_source_file": "data/baseline/win7-x86/Microsoft-Windows-Sysmon%4Operational.evtx"}, {"EventID": 11, "Computer": "evtx-PC", "UtcTime": "2022-04-04 11:19:17.187", "Provider": "Microsoft-Windows-Sysmon", "RuleName": "-", "ProcessGuid": "{e97d4e69-0000-0000-47f9-030000000000}", "ProcessId": "4020", "Image": "C:\\Program Files\\Google\\Chrome\\Application\\chrome.exe", "TargetFilename": "C:\\Users\\evtx\\AppData\\Local\\Temp\\Tar4CFF.tmp", "CreationUtcTime": "2022-04-04 11:19:17.186", "_source_file": "data/baseline/win7-x86/Microsoft-Windows-Sysmon%4Operational.evtx"}, {"EventID": 11, "Computer": "evtx-PC", "UtcTime": "2022-04-04 11:19:17.187", "Provider": "Microsoft-Windows-Sysmon", "RuleName": "-", "ProcessGuid": "{e97d4e69-0000-0000-47f9-030000000000}", "ProcessId": "4020", "Image": "C:\\Program Files\\Google\\Chrome\\Application\\chrome.exe", "TargetFilename": "C:\\Users\\evtx\\AppData\\Local\\Temp\\Tar4D00.tmp", "CreationUtcTime": "2022-04-04 11:19:17.187", "_source_file": "data/baseline/win7-x86/Microsoft-Windows-Sysmon%4Operational.evtx"}, {"EventID": 26, "Computer": "evtx-PC", "UtcTime": "2022-04-04 11:19:17.187", "Provider": "Microsoft-Windows-Sysmon", "RuleName": "-", "ProcessGuid": "{e97d4e69-0000-0000-47f9-030000000000}", "ProcessId": "4020", "User": "evtx-PC\\evtx", "Image": "C:\\Program Files\\Google\\Chrome\\Application\\chrome.exe", "TargetFilename": "C:\\Users\\evtx\\AppData\\Local\\Temp\\Cab4CFD.tmp", "Hashes": "SHA1=DA39A3EE5E6B4B0D3255BFEF95601890AFD80709,MD5=D41D8CD98F00B204E9800998ECF8427E,SHA256=E3B0C44298FC1C149AFBF4C8996FB92427AE41E4649B934CA495991B7852B855,IMPHASH=00000000000000000000000000000000", "IsExecutable": "False", "_source_file": "data/baseline/win7-x86/Microsoft-Windows-Sysmon%4Operational.evtx"}, {"EventID": 26, "Computer": "evtx-PC", "UtcTime": "2022-04-04 11:19:17.187", "Provider": "Microsoft-Windows-Sysmon", "RuleName": "-", "ProcessGuid": "{e97d4e69-0000-0000-47f9-030000000000}", "ProcessId": "4020", "User": "evtx-PC\\evtx", "Image": "C:\\Program Files\\Google\\Chrome\\Application\\chrome.exe", "TargetFilename": "C:\\Users\\evtx\\AppData\\Local\\Temp\\Cab4CFE.tmp", "Hashes": "SHA1=DA39A3EE5E6B4B0D3255BFEF95601890AFD80709,MD5=D41D8CD98F00B204E9800998ECF8427E,SHA256=E3B0C44298FC1C149AFBF4C8996FB92427AE41E4649B934CA495991B7852B855,IMPHASH=00000000000000000000000000000000", "IsExecutable": "False", "_source_file": "data/baseline/win7-x86/Microsoft-Windows-Sysmon%4Operational.evtx"}, {"EventID": 11, "Computer": "evtx-PC", "UtcTime": "2022-04-04 11:19:17.187", "Provider": "Microsoft-Windows-Sysmon", "RuleName": "-", "ProcessGuid": "{e97d4e69-0000-0000-47f9-030000000000}", "ProcessId": "4020", "Image": "C:\\Program Files\\Google\\Chrome\\Application\\chrome.exe", "TargetFilename": "C:\\Users\\evtx\\AppData\\Local\\Temp\\Cab4CFD.tmp", "CreationUtcTime": "2022-04-04 11:19:17.186", "_source_file": "data/baseline/win7-x86/Microsoft-Windows-Sysmon%4Operational.evtx"}, {"EventID": 11, "Computer": "evtx-PC", "UtcTime": "2022-04-04 11:19:17.187", "Provider": "Microsoft-Windows-Sysmon", "RuleName": "-", "ProcessGuid": "{e97d4e69-0000-0000-47f9-030000000000}", "ProcessId": "4020", "Image": "C:\\Program Files\\Google\\Chrome\\Application\\chrome.exe", "TargetFilename": "C:\\Users\\evtx\\AppData\\Local\\Temp\\Cab4CFE.tmp", "CreationUtcTime": "2022-04-04 11:19:17.186", "_source_file": "data/baseline/win7-x86/Microsoft-Windows-Sysmon%4Operational.evtx"}, {"EventID": 26, "Computer": "evtx-PC", "UtcTime": "2022-04-04 11:19:17.188", "Provider": "Microsoft-Windows-Sysmon", "RuleName": "-", "ProcessGuid": "{e97d4e69-0000-0000-47f9-030000000000}", "ProcessId": "4020", "User": "evtx-PC\\evtx", "Image": "C:\\Program Files\\Google\\Chrome\\Application\\chrome.exe", "TargetFilename": "C:\\Users\\evtx\\AppData\\Local\\Temp\\Tar4D00.tmp", "Hashes": "SHA1=DA39A3EE5E6B4B0D3255BFEF95601890AFD80709,MD5=D41D8CD98F00B204E9800998ECF8427E,SHA256=E3B0C44298FC1C149AFBF4C8996FB92427AE41E4649B934CA495991B7852B855,IMPHASH=00000000000000000000000000000000", "IsExecutable": "False", "_source_file": "data/baseline/win7-x86/Microsoft-Windows-Sysmon%4Operational.evtx"}, {"EventID": 26, "Computer": "evtx-PC", "UtcTime": "2022-04-04 11:19:17.188", "Provider": "Microsoft-Windows-Sysmon", "RuleName": "-", "ProcessGuid": "{e97d4e69-0000-0000-47f9-030000000000}", "ProcessId": "4020", "User": "evtx-PC\\evtx", "Image": "C:\\Program Files\\Google\\Chrome\\Application\\chrome.exe", "TargetFilename": "C:\\Users\\evtx\\AppData\\Local\\Temp\\Tar4CFF.tmp", "Hashes": "SHA1=DA39A3EE5E6B4B0D3255BFEF95601890AFD80709,MD5=D41D8CD98F00B204E9800998ECF8427E,SHA256=E3B0C44298FC1C149AFBF4C8996FB92427AE41E4649B934CA495991B7852B855,IMPHASH=00000000000000000000000000000000", "IsExecutable": "False", "_source_file": "data/baseline/win7-x86/Microsoft-Windows-Sysmon%4Operational.evtx"}, {"EventID": 11, "Computer": "evtx-PC", "UtcTime": "2022-04-04 11:19:17.188", "Provider": "Microsoft-Windows-Sysmon", "RuleName": "-", "ProcessGuid": "{e97d4e69-0000-0000-47f9-030000000000}", "ProcessId": "4020", "Image": "C:\\Program Files\\Google\\Chrome\\Application\\chrome.exe", "TargetFilename": "C:\\Users\\evtx\\AppData\\Local\\Temp\\Tar4D00.tmp", "CreationUtcTime": "2022-04-04 11:19:17.187", "_source_file": "data/baseline/win7-x86/Microsoft-Windows-Sysmon%4Operational.evtx"}, {"EventID": 11, "Computer": "evtx-PC", "UtcTime": "2022-04-04 11:19:17.188", "Provider": "Microsoft-Windows-Sysmon", "RuleName": "-", "ProcessGuid": "{e97d4e69-0000-0000-47f9-030000000000}", "ProcessId": "4020", "Image": "C:\\Program Files\\Google\\Chrome\\Application\\chrome.exe", "TargetFilename": "C:\\Users\\evtx\\AppData\\Local\\Temp\\Tar4CFF.tmp", "CreationUtcTime": "2022-04-04 11:19:17.186", "_source_file": "data/baseline/win7-x86/Microsoft-Windows-Sysmon%4Operational.evtx"}, {"EventID": 11, "Computer": "evtx-PC", "UtcTime": "2022-04-04 11:19:17.190", "Provider": "Microsoft-Windows-Sysmon", "RuleName": "-", "ProcessGuid": "{e97d4e69-0000-0000-47f9-030000000000}", "ProcessId": "4020", "Image": "C:\\Program Files\\Google\\Chrome\\Application\\chrome.exe", "TargetFilename": "C:\\Users\\evtx\\AppData\\Local\\Temp\\Cab4D01.tmp", "CreationUtcTime": "2022-04-04 11:19:17.189", "_source_file": "data/baseline/win7-x86/Microsoft-Windows-Sysmon%4Operational.evtx"}, {"EventID": 26, "Computer": "evtx-PC", "UtcTime": "2022-04-04 11:19:17.190", "Provider": "Microsoft-Windows-Sysmon", "RuleName": "-", "ProcessGuid": "{e97d4e69-0000-0000-47f9-030000000000}", "ProcessId": "4020", "User": "evtx-PC\\evtx", "Image": "C:\\Program Files\\Google\\Chrome\\Application\\chrome.exe", "TargetFilename": "C:\\Users\\evtx\\AppData\\Local\\Temp\\Cab4CFD.tmp", "Hashes": "SHA1=A46AEE6E5A4A4893FBA5806BCC14FC7FB3CE80AE,MD5=637481DF32351129E60560D5A5C100B5,SHA256=1F1029D94CA4656A577D554CEDD79D447658F475AF08620084897A5523587052,IMPHASH=00000000000000000000000000000000", "IsExecutable": "False", "_source_file": "data/baseline/win7-x86/Microsoft-Windows-Sysmon%4Operational.evtx"}, {"EventID": 11, "Computer": "evtx-PC", "UtcTime": "2022-04-04 11:19:17.190", "Provider": "Microsoft-Windows-Sysmon", "RuleName": "-", "ProcessGuid": "{e97d4e69-0000-0000-47f9-030000000000}", "ProcessId": "4020", "Image": "C:\\Program Files\\Google\\Chrome\\Application\\chrome.exe", "TargetFilename": "C:\\Users\\evtx\\AppData\\Local\\Temp\\Tar4D02.tmp", "CreationUtcTime": "2022-04-04 11:19:17.190", "_source_file": "data/baseline/win7-x86/Microsoft-Windows-Sysmon%4Operational.evtx"}, {"EventID": 26, "Computer": "evtx-PC", "UtcTime": "2022-04-04 11:19:17.190", "Provider": "Microsoft-Windows-Sysmon", "RuleName": "-", "ProcessGuid": "{e97d4e69-0000-0000-47f9-030000000000}", "ProcessId": "4020", "User": "evtx-PC\\evtx", "Image": "C:\\Program Files\\Google\\Chrome\\Application\\chrome.exe", "TargetFilename": "C:\\Users\\evtx\\AppData\\Local\\Temp\\Cab4CFE.tmp", "Hashes": "SHA1=A46AEE6E5A4A4893FBA5806BCC14FC7FB3CE80AE,MD5=637481DF32351129E60560D5A5C100B5,SHA256=1F1029D94CA4656A577D554CEDD79D447658F475AF08620084897A5523587052,IMPHASH=00000000000000000000000000000000", "IsExecutable": "False", "_source_file": "data/baseline/win7-x86/Microsoft-Windows-Sysmon%4Operational.evtx"}, {"EventID": 26, "Computer": "evtx-PC", "UtcTime": "2022-04-04 11:19:17.191", "Provider": "Microsoft-Windows-Sysmon", "RuleName": "-", "ProcessGuid": "{e97d4e69-0000-0000-47f9-030000000000}", "ProcessId": "4020", "User": "evtx-PC\\evtx", "Image": "C:\\Program Files\\Google\\Chrome\\Application\\chrome.exe", "TargetFilename": "C:\\Users\\evtx\\AppData\\Local\\Temp\\Cab4D01.tmp", "Hashes": "SHA1=DA39A3EE5E6B4B0D3255BFEF95601890AFD80709,MD5=D41D8CD98F00B204E9800998ECF8427E,SHA256=E3B0C44298FC1C149AFBF4C8996FB92427AE41E4649B934CA495991B7852B855,IMPHASH=00000000000000000000000000000000", "IsExecutable": "False", "_source_file": "data/baseline/win7-x86/Microsoft-Windows-Sysmon%4Operational.evtx"}, {"EventID": 11, "Computer": "evtx-PC", "UtcTime": "2022-04-04 11:19:17.191", "Provider": "Microsoft-Windows-Sysmon", "RuleName": "-", "ProcessGuid": "{e97d4e69-0000-0000-47f9-030000000000}", "ProcessId": "4020", "Image": "C:\\Program Files\\Google\\Chrome\\Application\\chrome.exe", "TargetFilename": "C:\\Users\\evtx\\AppData\\Local\\Temp\\Cab4D01.tmp", "CreationUtcTime": "2022-04-04 11:19:17.189", "_source_file": "data/baseline/win7-x86/Microsoft-Windows-Sysmon%4Operational.evtx"}, {"EventID": 26, "Computer": "evtx-PC", "UtcTime": "2022-04-04 11:19:17.191", "Provider": "Microsoft-Windows-Sysmon", "RuleName": "-", "ProcessGuid": "{e97d4e69-0000-0000-47f9-030000000000}", "ProcessId": "4020", "User": "evtx-PC\\evtx", "Image": "C:\\Program Files\\Google\\Chrome\\Application\\chrome.exe", "TargetFilename": "C:\\Users\\evtx\\AppData\\Local\\Temp\\Tar4D02.tmp", "Hashes": "SHA1=DA39A3EE5E6B4B0D3255BFEF95601890AFD80709,MD5=D41D8CD98F00B204E9800998ECF8427E,SHA256=E3B0C44298FC1C149AFBF4C8996FB92427AE41E4649B934CA495991B7852B855,IMPHASH=00000000000000000000000000000000", "IsExecutable": "False", "_source_file": "data/baseline/win7-x86/Microsoft-Windows-Sysmon%4Operational.evtx"}, {"EventID": 11, "Computer": "evtx-PC", "UtcTime": "2022-04-04 11:19:17.191", "Provider": "Microsoft-Windows-Sysmon", "RuleName": "-", "ProcessGuid": "{e97d4e69-0000-0000-47f9-030000000000}", "ProcessId": "4020", "Image": "C:\\Program Files\\Google\\Chrome\\Application\\chrome.exe", "TargetFilename": "C:\\Users\\evtx\\AppData\\Local\\Temp\\Tar4D02.tmp", "CreationUtcTime": "2022-04-04 11:19:17.190", "_source_file": "data/baseline/win7-x86/Microsoft-Windows-Sysmon%4Operational.evtx"}, {"EventID": 26, "Computer": "evtx-PC", "UtcTime": "2022-04-04 11:19:17.191", "Provider": "Microsoft-Windows-Sysmon", "RuleName": "-", "ProcessGuid": "{e97d4e69-0000-0000-47f9-030000000000}", "ProcessId": "4020", "User": "evtx-PC\\evtx", "Image": "C:\\Program Files\\Google\\Chrome\\Application\\chrome.exe", "TargetFilename": "C:\\Users\\evtx\\AppData\\Local\\Temp\\Tar4CFF.tmp", "Hashes": "SHA1=EFFC167CE6206A4E92375C9509943CC86058E3C7,MD5=30644DA711C99BE812B06023C163B751,SHA256=96DBA3D67364C1E75DAB241D4A023B48F4D6453F495175B210F525E930CF144B,IMPHASH=00000000000000000000000000000000", "IsExecutable": "False", "_source_file": "data/baseline/win7-x86/Microsoft-Windows-Sysmon%4Operational.evtx"}, {"EventID": 26, "Computer": "evtx-PC", "UtcTime": "2022-04-04 11:19:17.192", "Provider": "Microsoft-Windows-Sysmon", "RuleName": "-", "ProcessGuid": "{e97d4e69-0000-0000-47f9-030000000000}", "ProcessId": "4020", "User": "evtx-PC\\evtx", "Image": "C:\\Program Files\\Google\\Chrome\\Application\\chrome.exe", "TargetFilename": "C:\\Users\\evtx\\AppData\\Local\\Temp\\Tar4D00.tmp", "Hashes": "SHA1=EFFC167CE6206A4E92375C9509943CC86058E3C7,MD5=30644DA711C99BE812B06023C163B751,SHA256=96DBA3D67364C1E75DAB241D4A023B48F4D6453F495175B210F525E930CF144B,IMPHASH=00000000000000000000000000000000", "IsExecutable": "False", "_source_file": "data/baseline/win7-x86/Microsoft-Windows-Sysmon%4Operational.evtx"}, {"EventID": 26, "Computer": "evtx-PC", "UtcTime": "2022-04-04 11:19:17.193", "Provider": "Microsoft-Windows-Sysmon", "RuleName": "-", "ProcessGuid": "{e97d4e69-0000-0000-47f9-030000000000}", "ProcessId": "4020", "User": "evtx-PC\\evtx", "Image": "C:\\Program Files\\Google\\Chrome\\Application\\chrome.exe", "TargetFilename": "C:\\Users\\evtx\\AppData\\Local\\Temp\\Cab4D01.tmp", "Hashes": "SHA1=A46AEE6E5A4A4893FBA5806BCC14FC7FB3CE80AE,MD5=637481DF32351129E60560D5A5C100B5,SHA256=1F1029D94CA4656A577D554CEDD79D447658F475AF08620084897A5523587052,IMPHASH=00000000000000000000000000000000", "IsExecutable": "False", "_source_file": "data/baseline/win7-x86/Microsoft-Windows-Sysmon%4Operational.evtx"}, {"EventID": 26, "Computer": "evtx-PC", "UtcTime": "2022-04-04 11:19:17.194", "Provider": "Microsoft-Windows-Sysmon", "RuleName": "-", "ProcessGuid": "{e97d4e69-0000-0000-47f9-030000000000}", "ProcessId": "4020", "User": "evtx-PC\\evtx", "Image": "C:\\Program Files\\Google\\Chrome\\Application\\chrome.exe", "TargetFilename": "C:\\Users\\evtx\\AppData\\Local\\Temp\\Tar4D02.tmp", "Hashes": "SHA1=EFFC167CE6206A4E92375C9509943CC86058E3C7,MD5=30644DA711C99BE812B06023C163B751,SHA256=96DBA3D67364C1E75DAB241D4A023B48F4D6453F495175B210F525E930CF144B,IMPHASH=00000000000000000000000000000000", "IsExecutable": "False", "_source_file": "data/baseline/win7-x86/Microsoft-Windows-Sysmon%4Operational.evtx"}, {"EventID": 1, "Computer": "evtx-PC", "UtcTime": "2022-04-04 11:19:17.313", "Provider": "Microsoft-Windows-Sysmon", "RuleName": "-", "ProcessGuid": "{e97d4e69-0000-0000-68c7-040000000000}", "ProcessId": "1436", "Image": "C:\\Program Files\\Google\\Chrome\\Application\\chrome.exe", "FileVersion": "100.0.4896.60", "Description": "Google Chrome", "Product": "Google Chrome", "Company": "Google LLC", "OriginalFileName": "chrome.exe", "CommandLine": "\"C:\\Program Files\\Google\\Chrome\\Application\\chrome.exe\" --type=renderer --display-capture-permissions-policy-allowed --disable-gpu-compositing --lang=de --device-scale-factor=1 --num-raster-threads=2 --enable-main-frame-before-activation --renderer-client-id=18 --launch-time-ticks=94090238 --mojo-platform-channel-handle=3992 --field-trial-handle=1144,i,10721192303479405621,17374914068529973340,131072 /prefetch:1", "CurrentDirectory": "C:\\Program Files\\Google\\Chrome\\Application\\100.0.4896.60\\", "User": "evtx-PC\\evtx", "LogonGuid": "{e97d4e69-0000-0000-406b-010000000000}", "LogonId": "0x0000000000016b40", "TerminalSessionId": "1", "IntegrityLevel": "Low", "Hashes": "SHA1=FF6DE90E8F891D30729CC7E00C98C0EB4F7EFF1E,MD5=AB240D01AD5A9D9D3C3080D98B89BE5E,SHA256=8B6116385E53F6BA6930A394930855476C1BB8C1D0EE2CE6F198ECBA744FEDE3,IMPHASH=64E8050754AD3A068CBB0D1A6DA6A0F8", "ParentProcessGuid": "{e97d4e69-0000-0000-47f9-030000000000}", "ParentProcessId": "4020", "ParentImage": "C:\\Program Files\\Google\\Chrome\\Application\\chrome.exe", "ParentCommandLine": "\"C:\\Program Files\\Google\\Chrome\\Application\\chrome.exe\" ", "_source_file": "data/baseline/win7-x86/Microsoft-Windows-Sysmon%4Operational.evtx"}, {"EventID": 12, "Computer": "evtx-PC", "UtcTime": "2022-04-04 11:19:17.314", "Provider": "Microsoft-Windows-Sysmon", "RuleName": "-", "EventType": "CreateKey", "ProcessGuid": "{e97d4e69-0000-0000-47f9-030000000000}", "ProcessId": "4020", "Image": "C:\\Program Files\\Google\\Chrome\\Application\\chrome.exe", "TargetObject": "HKU\\S-1-5-21-712794737-353456615-3249761964-1001\\Software\\Google\\Update\\ClientState\\{8A69D345-D564-463c-AFF1-A69D9E530F96}", "_source_file": "data/baseline/win7-x86/Microsoft-Windows-Sysmon%4Operational.evtx"}, {"EventID": 13, "Computer": "evtx-PC", "UtcTime": "2022-04-04 11:19:17.314", "Provider": "Microsoft-Windows-Sysmon", "RuleName": "-", "EventType": "SetValue", "ProcessGuid": "{e97d4e69-0000-0000-47f9-030000000000}", "ProcessId": "4020", "Image": "C:\\Program Files\\Google\\Chrome\\Application\\chrome.exe", "TargetObject": "HKU\\S-1-5-21-712794737-353456615-3249761964-1001\\Software\\Google\\Update\\ClientState\\{8A69D345-D564-463c-AFF1-A69D9E530F96}\\dr", "Details": "1", "_source_file": "data/baseline/win7-x86/Microsoft-Windows-Sysmon%4Operational.evtx"}, {"EventID": 11, "Computer": "evtx-PC", "UtcTime": "2022-04-04 11:19:17.367", "Provider": "Microsoft-Windows-Sysmon", "RuleName": "-", "ProcessGuid": "{e97d4e69-0000-0000-47f9-030000000000}", "ProcessId": "4020", "Image": "C:\\Program Files\\Google\\Chrome\\Application\\chrome.exe", "TargetFilename": "C:\\Users\\evtx\\AppData\\Local\\Temp\\f78b23b1-1d7b-455a-b322-ce54452d21d8.tmp", "CreationUtcTime": "2022-04-04 11:19:17.366", "_source_file": "data/baseline/win7-x86/Microsoft-Windows-Sysmon%4Operational.evtx"}, {"EventID": 11, "Computer": "evtx-PC", "UtcTime": "2022-04-04 11:19:17.367", "Provider": "Microsoft-Windows-Sysmon", "RuleName": "-", "ProcessGuid": "{e97d4e69-0000-0000-47f9-030000000000}", "ProcessId": "4020", "Image": "C:\\Program Files\\Google\\Chrome\\Application\\chrome.exe", "TargetFilename": "C:\\Users\\evtx\\AppData\\Local\\Temp\\f78b23b1-1d7b-455a-b322-ce54452d21d8.tmp", "CreationUtcTime": "2022-04-04 11:19:17.366", "_source_file": "data/baseline/win7-x86/Microsoft-Windows-Sysmon%4Operational.evtx"}, {"EventID": 12, "Computer": "evtx-PC", "UtcTime": "2022-04-04 11:19:17.373", "Provider": "Microsoft-Windows-Sysmon", "RuleName": "-", "EventType": "CreateKey", "ProcessGuid": "{e97d4e69-0000-0000-1262-000000000000}", "ProcessId": "668", "Image": "C:\\Windows\\system32\\svchost.exe", "TargetObject": "HKLM\\System\\CurrentControlSet\\Control\\DeviceClasses", "_source_file": "data/baseline/win7-x86/Microsoft-Windows-Sysmon%4Operational.evtx"}, {"EventID": 5, "Computer": "evtx-PC", "UtcTime": "2022-04-04 11:19:17.384", "Provider": "Microsoft-Windows-Sysmon", "RuleName": "-", "ProcessGuid": "{e97d4e69-0000-0000-4187-040000000000}", "ProcessId": "3956", "Image": "C:\\Program Files\\Google\\Chrome\\Application\\chrome.exe", "_source_file": "data/baseline/win7-x86/Microsoft-Windows-Sysmon%4Operational.evtx"}, {"EventID": 1, "Computer": "evtx-PC", "UtcTime": "2022-04-04 11:19:17.451", "Provider": "Microsoft-Windows-Sysmon", "RuleName": "-", "ProcessGuid": "{e97d4e69-0000-0000-93cb-040000000000}", "ProcessId": "3316", "Image": "C:\\Program Files\\Google\\Chrome\\Application\\chrome.exe", "FileVersion": "100.0.4896.60", "Description": "Google Chrome", "Product": "Google Chrome", "Company": "Google LLC", "OriginalFileName": "chrome.exe", "CommandLine": "\"C:\\Program Files\\Google\\Chrome\\Application\\chrome.exe\" --type=renderer --display-capture-permissions-policy-allowed --disable-gpu-compositing --lang=de --device-scale-factor=1 --num-raster-threads=2 --enable-main-frame-before-activation --renderer-client-id=19 --launch-time-ticks=94229923 --mojo-platform-channel-handle=3596 --field-trial-handle=1144,i,10721192303479405621,17374914068529973340,131072 /prefetch:1", "CurrentDirectory": "C:\\Program Files\\Google\\Chrome\\Application\\100.0.4896.60\\", "User": "evtx-PC\\evtx", "LogonGuid": "{e97d4e69-0000-0000-406b-010000000000}", "LogonId": "0x0000000000016b40", "TerminalSessionId": "1", "IntegrityLevel": "Low", "Hashes": "SHA1=FF6DE90E8F891D30729CC7E00C98C0EB4F7EFF1E,MD5=AB240D01AD5A9D9D3C3080D98B89BE5E,SHA256=8B6116385E53F6BA6930A394930855476C1BB8C1D0EE2CE6F198ECBA744FEDE3,IMPHASH=64E8050754AD3A068CBB0D1A6DA6A0F8", "ParentProcessGuid": "{e97d4e69-0000-0000-47f9-030000000000}", "ParentProcessId": "4020", "ParentImage": "C:\\Program Files\\Google\\Chrome\\Application\\chrome.exe", "ParentCommandLine": "\"C:\\Program Files\\Google\\Chrome\\Application\\chrome.exe\" ", "_source_file": "data/baseline/win7-x86/Microsoft-Windows-Sysmon%4Operational.evtx"}, {"EventID": 12, "Computer": "evtx-PC", "UtcTime": "2022-04-04 11:19:17.452", "Provider": "Microsoft-Windows-Sysmon", "RuleName": "-", "EventType": "CreateKey", "ProcessGuid": "{e97d4e69-0000-0000-47f9-030000000000}", "ProcessId": "4020", "Image": "C:\\Program Files\\Google\\Chrome\\Application\\chrome.exe", "TargetObject": "HKU\\S-1-5-21-712794737-353456615-3249761964-1001\\Software\\Google\\Update\\ClientState\\{8A69D345-D564-463c-AFF1-A69D9E530F96}", "_source_file": "data/baseline/win7-x86/Microsoft-Windows-Sysmon%4Operational.evtx"}, {"EventID": 13, "Computer": "evtx-PC", "UtcTime": "2022-04-04 11:19:17.452", "Provider": "Microsoft-Windows-Sysmon", "RuleName": "-", "EventType": "SetValue", "ProcessGuid": "{e97d4e69-0000-0000-47f9-030000000000}", "ProcessId": "4020", "Image": "C:\\Program Files\\Google\\Chrome\\Application\\chrome.exe", "TargetObject": "HKU\\S-1-5-21-712794737-353456615-3249761964-1001\\Software\\Google\\Update\\ClientState\\{8A69D345-D564-463c-AFF1-A69D9E530F96}\\dr", "Details": "1", "_source_file": "data/baseline/win7-x86/Microsoft-Windows-Sysmon%4Operational.evtx"}, {"EventID": 1, "Computer": "evtx-PC", "UtcTime": "2022-04-04 11:19:17.453", "Provider": "Microsoft-Windows-Sysmon", "RuleName": "-", "ProcessGuid": "{e97d4e69-0000-0000-2fcc-040000000000}", "ProcessId": "1908", "Image": "C:\\Program Files\\Google\\Chrome\\Application\\chrome.exe", "FileVersion": "100.0.4896.60", "Description": "Google Chrome", "Product": "Google Chrome", "Company": "Google LLC", "OriginalFileName": "chrome.exe", "CommandLine": "\"C:\\Program Files\\Google\\Chrome\\Application\\chrome.exe\" --type=renderer --display-capture-permissions-policy-allowed --disable-gpu-compositing --lang=de --device-scale-factor=1 --num-raster-threads=2 --enable-main-frame-before-activation --renderer-client-id=20 --launch-time-ticks=94233692 --mojo-platform-channel-handle=3840 --field-trial-handle=1144,i,10721192303479405621,17374914068529973340,131072 /prefetch:1", "CurrentDirectory": "C:\\Program Files\\Google\\Chrome\\Application\\100.0.4896.60\\", "User": "evtx-PC\\evtx", "LogonGuid": "{e97d4e69-0000-0000-406b-010000000000}", "LogonId": "0x0000000000016b40", "TerminalSessionId": "1", "IntegrityLevel": "Low", "Hashes": "SHA1=FF6DE90E8F891D30729CC7E00C98C0EB4F7EFF1E,MD5=AB240D01AD5A9D9D3C3080D98B89BE5E,SHA256=8B6116385E53F6BA6930A394930855476C1BB8C1D0EE2CE6F198ECBA744FEDE3,IMPHASH=64E8050754AD3A068CBB0D1A6DA6A0F8", "ParentProcessGuid": "{e97d4e69-0000-0000-47f9-030000000000}", "ParentProcessId": "4020", "ParentImage": "C:\\Program Files\\Google\\Chrome\\Application\\chrome.exe", "ParentCommandLine": "\"C:\\Program Files\\Google\\Chrome\\Application\\chrome.exe\" ", "_source_file": "data/baseline/win7-x86/Microsoft-Windows-Sysmon%4Operational.evtx"}, {"EventID": 12, "Computer": "evtx-PC", "UtcTime": "2022-04-04 11:19:17.456", "Provider": "Microsoft-Windows-Sysmon", "RuleName": "-", "EventType": "CreateKey", "ProcessGuid": "{e97d4e69-0000-0000-47f9-030000000000}", "ProcessId": "4020", "Image": "C:\\Program Files\\Google\\Chrome\\Application\\chrome.exe", "TargetObject": "HKU\\S-1-5-21-712794737-353456615-3249761964-1001\\Software\\Google\\Update\\ClientState\\{8A69D345-D564-463c-AFF1-A69D9E530F96}", "_source_file": "data/baseline/win7-x86/Microsoft-Windows-Sysmon%4Operational.evtx"}, {"EventID": 13, "Computer": "evtx-PC", "UtcTime": "2022-04-04 11:19:17.457", "Provider": "Microsoft-Windows-Sysmon", "RuleName": "-", "EventType": "SetValue", "ProcessGuid": "{e97d4e69-0000-0000-47f9-030000000000}", "ProcessId": "4020", "Image": "C:\\Program Files\\Google\\Chrome\\Application\\chrome.exe", "TargetObject": "HKU\\S-1-5-21-712794737-353456615-3249761964-1001\\Software\\Google\\Update\\ClientState\\{8A69D345-D564-463c-AFF1-A69D9E530F96}\\dr", "Details": "1", "_source_file": "data/baseline/win7-x86/Microsoft-Windows-Sysmon%4Operational.evtx"}, {"EventID": 1, "Computer": "evtx-PC", "UtcTime": "2022-04-04 11:19:17.462", "Provider": "Microsoft-Windows-Sysmon", "RuleName": "-", "ProcessGuid": "{e97d4e69-0000-0000-e8cc-040000000000}", "ProcessId": "3992", "Image": "C:\\Program Files\\Google\\Chrome\\Application\\chrome.exe", "FileVersion": "100.0.4896.60", "Description": "Google Chrome", "Product": "Google Chrome", "Company": "Google LLC", "OriginalFileName": "chrome.exe", "CommandLine": "\"C:\\Program Files\\Google\\Chrome\\Application\\chrome.exe\" --type=renderer --display-capture-permissions-policy-allowed --disable-gpu-compositing --lang=de --device-scale-factor=1 --num-raster-threads=2 --enable-main-frame-before-activation --renderer-client-id=21 --launch-time-ticks=94241965 --mojo-platform-channel-handle=4396 --field-trial-handle=1144,i,10721192303479405621,17374914068529973340,131072 /prefetch:1", "CurrentDirectory": "C:\\Program Files\\Google\\Chrome\\Application\\100.0.4896.60\\", "User": "evtx-PC\\evtx", "LogonGuid": "{e97d4e69-0000-0000-406b-010000000000}", "LogonId": "0x0000000000016b40", "TerminalSessionId": "1", "IntegrityLevel": "Low", "Hashes": "SHA1=FF6DE90E8F891D30729CC7E00C98C0EB4F7EFF1E,MD5=AB240D01AD5A9D9D3C3080D98B89BE5E,SHA256=8B6116385E53F6BA6930A394930855476C1BB8C1D0EE2CE6F198ECBA744FEDE3,IMPHASH=64E8050754AD3A068CBB0D1A6DA6A0F8", "ParentProcessGuid": "{e97d4e69-0000-0000-47f9-030000000000}", "ParentProcessId": "4020", "ParentImage": "C:\\Program Files\\Google\\Chrome\\Application\\chrome.exe", "ParentCommandLine": "\"C:\\Program Files\\Google\\Chrome\\Application\\chrome.exe\" ", "_source_file": "data/baseline/win7-x86/Microsoft-Windows-Sysmon%4Operational.evtx"}, {"EventID": 12, "Computer": "evtx-PC", "UtcTime": "2022-04-04 11:19:17.464", "Provider": "Microsoft-Windows-Sysmon", "RuleName": "-", "EventType": "CreateKey", "ProcessGuid": "{e97d4e69-0000-0000-47f9-030000000000}", "ProcessId": "4020", "Image": "C:\\Program Files\\Google\\Chrome\\Application\\chrome.exe", "TargetObject": "HKU\\S-1-5-21-712794737-353456615-3249761964-1001\\Software\\Google\\Update\\ClientState\\{8A69D345-D564-463c-AFF1-A69D9E530F96}", "_source_file": "data/baseline/win7-x86/Microsoft-Windows-Sysmon%4Operational.evtx"}, {"EventID": 13, "Computer": "evtx-PC", "UtcTime": "2022-04-04 11:19:17.464", "Provider": "Microsoft-Windows-Sysmon", "RuleName": "-", "EventType": "SetValue", "ProcessGuid": "{e97d4e69-0000-0000-47f9-030000000000}", "ProcessId": "4020", "Image": "C:\\Program Files\\Google\\Chrome\\Application\\chrome.exe", "TargetObject": "HKU\\S-1-5-21-712794737-353456615-3249761964-1001\\Software\\Google\\Update\\ClientState\\{8A69D345-D564-463c-AFF1-A69D9E530F96}\\dr", "Details": "1", "_source_file": "data/baseline/win7-x86/Microsoft-Windows-Sysmon%4Operational.evtx"}, {"EventID": 11, "Computer": "evtx-PC", "UtcTime": "2022-04-04 11:19:17.486", "Provider": "Microsoft-Windows-Sysmon", "RuleName": "-", "ProcessGuid": "{e97d4e69-0000-0000-47f9-030000000000}", "ProcessId": "4020", "Image": "C:\\Program Files\\Google\\Chrome\\Application\\chrome.exe", "TargetFilename": "C:\\Users\\evtx\\AppData\\Local\\Google\\Chrome\\User Data\\Default\\Code Cache\\js\\a123bc2aba1a7a73_0", "CreationUtcTime": "2022-04-04 11:19:17.485", "_source_file": "data/baseline/win7-x86/Microsoft-Windows-Sysmon%4Operational.evtx"}, {"EventID": 1, "Computer": "evtx-PC", "UtcTime": "2022-04-04 11:19:17.497", "Provider": "Microsoft-Windows-Sysmon", "RuleName": "-", "ProcessGuid": "{e97d4e69-0000-0000-74ce-040000000000}", "ProcessId": "2252", "Image": "C:\\Program Files\\Google\\Chrome\\Application\\chrome.exe", "FileVersion": "100.0.4896.60", "Description": "Google Chrome", "Product": "Google Chrome", "Company": "Google LLC", "OriginalFileName": "chrome.exe", "CommandLine": "\"C:\\Program Files\\Google\\Chrome\\Application\\chrome.exe\" --type=renderer --display-capture-permissions-policy-allowed --disable-gpu-compositing --lang=de --device-scale-factor=1 --num-raster-threads=2 --enable-main-frame-before-activation --renderer-client-id=22 --launch-time-ticks=94268918 --mojo-platform-channel-handle=4524 --field-trial-handle=1144,i,10721192303479405621,17374914068529973340,131072 /prefetch:1", "CurrentDirectory": "C:\\Program Files\\Google\\Chrome\\Application\\100.0.4896.60\\", "User": "evtx-PC\\evtx", "LogonGuid": "{e97d4e69-0000-0000-406b-010000000000}", "LogonId": "0x0000000000016b40", "TerminalSessionId": "1", "IntegrityLevel": "Low", "Hashes": "SHA1=FF6DE90E8F891D30729CC7E00C98C0EB4F7EFF1E,MD5=AB240D01AD5A9D9D3C3080D98B89BE5E,SHA256=8B6116385E53F6BA6930A394930855476C1BB8C1D0EE2CE6F198ECBA744FEDE3,IMPHASH=64E8050754AD3A068CBB0D1A6DA6A0F8", "ParentProcessGuid": "{e97d4e69-0000-0000-47f9-030000000000}", "ParentProcessId": "4020", "ParentImage": "C:\\Program Files\\Google\\Chrome\\Application\\chrome.exe", "ParentCommandLine": "\"C:\\Program Files\\Google\\Chrome\\Application\\chrome.exe\" ", "_source_file": "data/baseline/win7-x86/Microsoft-Windows-Sysmon%4Operational.evtx"}, {"EventID": 12, "Computer": "evtx-PC", "UtcTime": "2022-04-04 11:19:17.498", "Provider": "Microsoft-Windows-Sysmon", "RuleName": "-", "EventType": "CreateKey", "ProcessGuid": "{e97d4e69-0000-0000-47f9-030000000000}", "ProcessId": "4020", "Image": "C:\\Program Files\\Google\\Chrome\\Application\\chrome.exe", "TargetObject": "HKU\\S-1-5-21-712794737-353456615-3249761964-1001\\Software\\Google\\Update\\ClientState\\{8A69D345-D564-463c-AFF1-A69D9E530F96}", "_source_file": "data/baseline/win7-x86/Microsoft-Windows-Sysmon%4Operational.evtx"}, {"EventID": 13, "Computer": "evtx-PC", "UtcTime": "2022-04-04 11:19:17.498", "Provider": "Microsoft-Windows-Sysmon", "RuleName": "-", "EventType": "SetValue", "ProcessGuid": "{e97d4e69-0000-0000-47f9-030000000000}", "ProcessId": "4020", "Image": "C:\\Program Files\\Google\\Chrome\\Application\\chrome.exe", "TargetObject": "HKU\\S-1-5-21-712794737-353456615-3249761964-1001\\Software\\Google\\Update\\ClientState\\{8A69D345-D564-463c-AFF1-A69D9E530F96}\\dr", "Details": "1", "_source_file": "data/baseline/win7-x86/Microsoft-Windows-Sysmon%4Operational.evtx"}, {"EventID": 11, "Computer": "evtx-PC", "UtcTime": "2022-04-04 11:19:17.557", "Provider": "Microsoft-Windows-Sysmon", "RuleName": "-", "ProcessGuid": "{e97d4e69-0000-0000-47f9-030000000000}", "ProcessId": "4020", "Image": "C:\\Program Files\\Google\\Chrome\\Application\\chrome.exe", "TargetFilename": "C:\\Users\\evtx\\AppData\\Local\\Temp\\8c747055-9caa-4db7-91a2-b3888d708347.tmp", "CreationUtcTime": "2022-04-04 11:19:17.557", "_source_file": "data/baseline/win7-x86/Microsoft-Windows-Sysmon%4Operational.evtx"}, {"EventID": 11, "Computer": "evtx-PC", "UtcTime": "2022-04-04 11:19:17.558", "Provider": "Microsoft-Windows-Sysmon", "RuleName": "-", "ProcessGuid": "{e97d4e69-0000-0000-47f9-030000000000}", "ProcessId": "4020", "Image": "C:\\Program Files\\Google\\Chrome\\Application\\chrome.exe", "TargetFilename": "C:\\Users\\evtx\\AppData\\Local\\Temp\\8c747055-9caa-4db7-91a2-b3888d708347.tmp", "CreationUtcTime": "2022-04-04 11:19:17.557", "_source_file": "data/baseline/win7-x86/Microsoft-Windows-Sysmon%4Operational.evtx"}, {"EventID": 11, "Computer": "evtx-PC", "UtcTime": "2022-04-04 11:19:17.579", "Provider": "Microsoft-Windows-Sysmon", "RuleName": "-", "ProcessGuid": "{e97d4e69-0000-0000-47f9-030000000000}", "ProcessId": "4020", "Image": "C:\\Program Files\\Google\\Chrome\\Application\\chrome.exe", "TargetFilename": "C:\\Users\\evtx\\AppData\\Local\\Temp\\2d45778a-f64a-430f-9c8c-d1032be80c88.tmp", "CreationUtcTime": "2022-04-04 11:19:17.578", "_source_file": "data/baseline/win7-x86/Microsoft-Windows-Sysmon%4Operational.evtx"}, {"EventID": 11, "Computer": "evtx-PC", "UtcTime": "2022-04-04 11:19:17.580", "Provider": "Microsoft-Windows-Sysmon", "RuleName": "-", "ProcessGuid": "{e97d4e69-0000-0000-47f9-030000000000}", "ProcessId": "4020", "Image": "C:\\Program Files\\Google\\Chrome\\Application\\chrome.exe", "TargetFilename": "C:\\Users\\evtx\\AppData\\Local\\Temp\\2d45778a-f64a-430f-9c8c-d1032be80c88.tmp", "CreationUtcTime": "2022-04-04 11:19:17.578", "_source_file": "data/baseline/win7-x86/Microsoft-Windows-Sysmon%4Operational.evtx"}, {"EventID": 11, "Computer": "evtx-PC", "UtcTime": "2022-04-04 11:19:17.636", "Provider": "Microsoft-Windows-Sysmon", "RuleName": "-", "ProcessGuid": "{e97d4e69-0000-0000-47f9-030000000000}", "ProcessId": "4020", "Image": "C:\\Program Files\\Google\\Chrome\\Application\\chrome.exe", "TargetFilename": "C:\\Users\\evtx\\AppData\\Local\\Temp\\3c94e9a7-8b0d-49aa-abb8-b1617ae60104.tmp", "CreationUtcTime": "2022-04-04 11:19:17.635", "_source_file": "data/baseline/win7-x86/Microsoft-Windows-Sysmon%4Operational.evtx"}, {"EventID": 11, "Computer": "evtx-PC", "UtcTime": "2022-04-04 11:19:17.636", "Provider": "Microsoft-Windows-Sysmon", "RuleName": "-", "ProcessGuid": "{e97d4e69-0000-0000-47f9-030000000000}", "ProcessId": "4020", "Image": "C:\\Program Files\\Google\\Chrome\\Application\\chrome.exe", "TargetFilename": "C:\\Users\\evtx\\AppData\\Local\\Temp\\3c94e9a7-8b0d-49aa-abb8-b1617ae60104.tmp", "CreationUtcTime": "2022-04-04 11:19:17.635", "_source_file": "data/baseline/win7-x86/Microsoft-Windows-Sysmon%4Operational.evtx"}, {"EventID": 11, "Computer": "evtx-PC", "UtcTime": "2022-04-04 11:19:17.642", "Provider": "Microsoft-Windows-Sysmon", "RuleName": "-", "ProcessGuid": "{e97d4e69-0000-0000-47f9-030000000000}", "ProcessId": "4020", "Image": "C:\\Program Files\\Google\\Chrome\\Application\\chrome.exe", "TargetFilename": "C:\\Users\\evtx\\AppData\\Local\\Temp\\e58b6a40-b390-4061-a027-efed5176bcaa.tmp", "CreationUtcTime": "2022-04-04 11:19:17.642", "_source_file": "data/baseline/win7-x86/Microsoft-Windows-Sysmon%4Operational.evtx"}, {"EventID": 11, "Computer": "evtx-PC", "UtcTime": "2022-04-04 11:19:17.642", "Provider": "Microsoft-Windows-Sysmon", "RuleName": "-", "ProcessGuid": "{e97d4e69-0000-0000-47f9-030000000000}", "ProcessId": "4020", "Image": "C:\\Program Files\\Google\\Chrome\\Application\\chrome.exe", "TargetFilename": "C:\\Users\\evtx\\AppData\\Local\\Temp\\e58b6a40-b390-4061-a027-efed5176bcaa.tmp", "CreationUtcTime": "2022-04-04 11:19:17.642", "_source_file": "data/baseline/win7-x86/Microsoft-Windows-Sysmon%4Operational.evtx"}, {"EventID": 12, "Computer": "evtx-PC", "UtcTime": "2022-04-04 11:19:17.767", "Provider": "Microsoft-Windows-Sysmon", "RuleName": "-", "EventType": "CreateKey", "ProcessGuid": "{e97d4e69-0000-0000-47f9-030000000000}", "ProcessId": "4020", "Image": "C:\\Program Files\\Google\\Chrome\\Application\\chrome.exe", "TargetObject": "HKU\\S-1-5-21-712794737-353456615-3249761964-1001\\Software\\Microsoft\\Speech\\Voices", "_source_file": "data/baseline/win7-x86/Microsoft-Windows-Sysmon%4Operational.evtx"}, {"EventID": 10, "Computer": "evtx-PC", "UtcTime": "2022-04-04 11:19:17.768", "Provider": "Microsoft-Windows-Sysmon", "RuleName": "-", "SourceProcessGUID": "{e97d4e69-0000-0000-1262-000000000000}", "SourceProcessId": "668", "SourceThreadId": "676", "SourceImage": "C:\\Windows\\system32\\svchost.exe", "TargetProcessGUID": "{e97d4e69-0000-0000-47f9-030000000000}", "TargetProcessId": "4020", "TargetImage": "C:\\Program Files\\Google\\Chrome\\Application\\chrome.exe", "GrantedAccess": "0x00001400", "CallTrace": "C:\\Windows\\SYSTEM32\\ntdll.dll+451dc|C:\\Windows\\system32\\KERNELBASE.dll+6dc1|c:\\windows\\system32\\umpnpmgr.dll+62a9|c:\\windows\\system32\\umpnpmgr.dll+6417|C:\\Windows\\system32\\RPCRT4.dll+2fc8f|C:\\Windows\\system32\\RPCRT4.dll+94c53|C:\\Windows\\system32\\RPCRT4.dll+9430e|C:\\Windows\\system32\\RPCRT4.dll+2f34a|C:\\Windows\\system32\\RPCRT4.dll+2f4da|C:\\Windows\\system32\\RPCRT4.dll+2f3c6|C:\\Windows\\system32\\RPCRT4.dll+23974|C:\\Windows\\system32\\RPCRT4.dll+2f7a4|C:\\Windows\\system32\\RPCRT4.dll+2f763|C:\\Windows\\system32\\RPCRT4.dll+2f5ff|C:\\Windows\\system32\\RPCRT4.dll+2f573|C:\\Windows\\system32\\RPCRT4.dll+2ee4f", "_source_file": "data/baseline/win7-x86/Microsoft-Windows-Sysmon%4Operational.evtx"}, {"EventID": 12, "Computer": "evtx-PC", "UtcTime": "2022-04-04 11:19:17.768", "Provider": "Microsoft-Windows-Sysmon", "RuleName": "-", "EventType": "CreateKey", "ProcessGuid": "{e97d4e69-0000-0000-1262-000000000000}", "ProcessId": "668", "Image": "C:\\Windows\\system32\\svchost.exe", "TargetObject": "HKLM\\System\\CurrentControlSet\\Control\\DeviceClasses", "_source_file": "data/baseline/win7-x86/Microsoft-Windows-Sysmon%4Operational.evtx"}, {"EventID": 10, "Computer": "evtx-PC", "UtcTime": "2022-04-04 11:19:17.771", "Provider": "Microsoft-Windows-Sysmon", "RuleName": "-", "SourceProcessGUID": "{e97d4e69-0000-0000-1bad-000000000000}", "SourceProcessId": "892", "SourceThreadId": "1032", "SourceImage": "C:\\Windows\\System32\\svchost.exe", "TargetProcessGUID": "{e97d4e69-0000-0000-47f9-030000000000}", "TargetProcessId": "4020", "TargetImage": "C:\\Program Files\\Google\\Chrome\\Application\\chrome.exe", "GrantedAccess": "0x00001400", "CallTrace": "C:\\Windows\\SYSTEM32\\ntdll.dll+451dc|C:\\Windows\\system32\\KERNELBASE.dll+6dc1|c:\\windows\\system32\\audiosrv.dll+5de5|c:\\windows\\system32\\audiosrv.dll+6305|C:\\Windows\\system32\\RPCRT4.dll+2fc8f|C:\\Windows\\system32\\RPCRT4.dll+94c53|C:\\Windows\\system32\\RPCRT4.dll+9430e|C:\\Windows\\system32\\RPCRT4.dll+2f34a|C:\\Windows\\system32\\RPCRT4.dll+2f4da|C:\\Windows\\system32\\RPCRT4.dll+2f3c6|C:\\Windows\\system32\\RPCRT4.dll+23974|C:\\Windows\\system32\\RPCRT4.dll+2f7a4|C:\\Windows\\system32\\RPCRT4.dll+2f763|C:\\Windows\\system32\\RPCRT4.dll+2f5ff|C:\\Windows\\system32\\RPCRT4.dll+2f573|C:\\Windows\\system32\\RPCRT4.dll+2ee4f", "_source_file": "data/baseline/win7-x86/Microsoft-Windows-Sysmon%4Operational.evtx"}, {"EventID": 10, "Computer": "evtx-PC", "UtcTime": "2022-04-04 11:19:17.771", "Provider": "Microsoft-Windows-Sysmon", "RuleName": "-", "SourceProcessGUID": "{e97d4e69-0000-0000-cb4d-000000000000}", "SourceProcessId": "536", "SourceThreadId": "628", "SourceImage": "C:\\Windows\\system32\\services.exe", "TargetProcessGUID": "{e97d4e69-0000-0000-47f9-030000000000}", "TargetProcessId": "4020", "TargetImage": "C:\\Program Files\\Google\\Chrome\\Application\\chrome.exe", "GrantedAccess": "0x00001400", "CallTrace": "C:\\Windows\\SYSTEM32\\ntdll.dll+4481c|C:\\Windows\\system32\\RPCRT4.dll+c3d4|C:\\Windows\\system32\\RPCRT4.dll+c386|C:\\Windows\\system32\\services.exe+54b8|C:\\Windows\\system32\\services.exe+55db|C:\\Windows\\system32\\services.exe+5993|C:\\Windows\\system32\\RPCRT4.dll+2fc8f|C:\\Windows\\system32\\RPCRT4.dll+94c53|C:\\Windows\\system32\\RPCRT4.dll+9430e|C:\\Windows\\system32\\RPCRT4.dll+2f34a|C:\\Windows\\system32\\RPCRT4.dll+2f4da|C:\\Windows\\system32\\RPCRT4.dll+2f3c6|C:\\Windows\\system32\\RPCRT4.dll+23974|C:\\Windows\\system32\\RPCRT4.dll+2f7a4|C:\\Windows\\system32\\RPCRT4.dll+2f763|C:\\Windows\\system32\\RPCRT4.dll+2f5ff", "_source_file": "data/baseline/win7-x86/Microsoft-Windows-Sysmon%4Operational.evtx"}, {"EventID": 10, "Computer": "evtx-PC", "UtcTime": "2022-04-04 11:19:17.771", "Provider": "Microsoft-Windows-Sysmon", "RuleName": "-", "SourceProcessGUID": "{e97d4e69-0000-0000-cb4d-000000000000}", "SourceProcessId": "536", "SourceThreadId": "628", "SourceImage": "C:\\Windows\\system32\\services.exe", "TargetProcessGUID": "{e97d4e69-0000-0000-47f9-030000000000}", "TargetProcessId": "4020", "TargetImage": "C:\\Program Files\\Google\\Chrome\\Application\\chrome.exe", "GrantedAccess": "0x00001400", "CallTrace": "C:\\Windows\\SYSTEM32\\ntdll.dll+451dc|C:\\Windows\\system32\\KERNELBASE.dll+91b6|C:\\Windows\\system32\\services.exe+5b61|C:\\Windows\\system32\\services.exe+506d|C:\\Windows\\system32\\services.exe+569d|C:\\Windows\\system32\\services.exe+5993|C:\\Windows\\system32\\RPCRT4.dll+2fc8f|C:\\Windows\\system32\\RPCRT4.dll+94c53|C:\\Windows\\system32\\RPCRT4.dll+9430e|C:\\Windows\\system32\\RPCRT4.dll+2f34a|C:\\Windows\\system32\\RPCRT4.dll+2f4da|C:\\Windows\\system32\\RPCRT4.dll+2f3c6|C:\\Windows\\system32\\RPCRT4.dll+23974|C:\\Windows\\system32\\RPCRT4.dll+2f7a4|C:\\Windows\\system32\\RPCRT4.dll+2f763|C:\\Windows\\system32\\RPCRT4.dll+2f5ff", "_source_file": "data/baseline/win7-x86/Microsoft-Windows-Sysmon%4Operational.evtx"}, {"EventID": 10, "Computer": "evtx-PC", "UtcTime": "2022-04-04 11:19:17.771", "Provider": "Microsoft-Windows-Sysmon", "RuleName": "-", "SourceProcessGUID": "{e97d4e69-0000-0000-1bad-000000000000}", "SourceProcessId": "892", "SourceThreadId": "1032", "SourceImage": "C:\\Windows\\System32\\svchost.exe", "TargetProcessGUID": "{e97d4e69-0000-0000-47f9-030000000000}", "TargetProcessId": "4020", "TargetImage": "C:\\Program Files\\Google\\Chrome\\Application\\chrome.exe", "GrantedAccess": "0x00001400", "CallTrace": "C:\\Windows\\SYSTEM32\\ntdll.dll+451dc|C:\\Windows\\system32\\KERNELBASE.dll+6dc1|c:\\windows\\system32\\audiosrv.dll+5de5|c:\\windows\\system32\\audiosrv.dll+625c|C:\\Windows\\system32\\RPCRT4.dll+2fc8f|C:\\Windows\\system32\\RPCRT4.dll+94c53|C:\\Windows\\system32\\RPCRT4.dll+9430e|C:\\Windows\\system32\\RPCRT4.dll+2f34a|C:\\Windows\\system32\\RPCRT4.dll+2f4da|C:\\Windows\\system32\\RPCRT4.dll+2f3c6|C:\\Windows\\system32\\RPCRT4.dll+23974|C:\\Windows\\system32\\RPCRT4.dll+2f7a4|C:\\Windows\\system32\\RPCRT4.dll+2f763|C:\\Windows\\system32\\RPCRT4.dll+2f5ff|C:\\Windows\\system32\\RPCRT4.dll+2f573|C:\\Windows\\system32\\RPCRT4.dll+2ee4f", "_source_file": "data/baseline/win7-x86/Microsoft-Windows-Sysmon%4Operational.evtx"}, 