{"EventID": 7, "Computer": "evtx-PC", "UtcTime": "2022-04-04 11:18:33.033", "Provider": "Microsoft-Windows-Sysmon", "RuleName": "-", "ProcessGuid": "{e97d4e69-0000-0000-d5b6-000000000000}", "ProcessId": "988", "Image": "C:\\Windows\\System32\\svchost.exe", "ImageLoaded": "C:\\Windows\\System32\\wbem\\unsecapp.exe", "FileVersion": "6.1.7600.16385 (win7_rtm.090713-1255)", "Description": "Sink to receive asynchronous callbacks for WMI client application", "Product": "Microsoft\u00ae Windows\u00ae Operating System", "Company": "Microsoft Corporation", "OriginalFileName": "unsecapp.dll", "Hashes": "SHA1=393CFBAC0AC28DCC194F88C951D856E74F5B3CB6,MD5=B042D6B383FEC85D73D09DB92F807713,SHA256=861E3DD5FBD6CCCCD0E3EA6187D13F3E4BC42FAA171043238B46717FD24165A6,IMPHASH=227D81C5224C7437AE46E793D9114B4D", "Signed": "true", "Signature": "Microsoft Windows", "SignatureStatus": "Valid", "_source_file": "data/baseline/win7-x86/Microsoft-Windows-Sysmon%4Operational.evtx"}, {"EventID": 7, "Computer": "evtx-PC", "UtcTime": "2022-04-04 11:18:32.564", "Provider": "Microsoft-Windows-Sysmon", "RuleName": "-", "ProcessGuid": "{e97d4e69-0000-0000-cc72-030000000000}", "ProcessId": "3696", "Image": "C:\\Windows\\System32\\wbem\\unsecapp.exe", "ImageLoaded": "C:\\Windows\\System32\\wbem\\unsecapp.exe", "FileVersion": "6.1.7600.16385 (win7_rtm.090713-1255)", "Description": "Sink to receive asynchronous callbacks for WMI client application", "Product": "Microsoft\u00ae Windows\u00ae Operating System", "Company": "Microsoft Corporation", "OriginalFileName": "unsecapp.dll", "Hashes": "SHA1=393CFBAC0AC28DCC194F88C951D856E74F5B3CB6,MD5=B042D6B383FEC85D73D09DB92F807713,SHA256=861E3DD5FBD6CCCCD0E3EA6187D13F3E4BC42FAA171043238B46717FD24165A6,IMPHASH=227D81C5224C7437AE46E793D9114B4D", "Signed": "true", "Signature": "Microsoft Windows", "SignatureStatus": "Valid", "_source_file": "data/baseline/win7-x86/Microsoft-Windows-Sysmon%4Operational.evtx"}, {"EventID": 7, "Computer": "evtx-PC", "UtcTime": "2022-04-04 11:18:32.705", "Provider": "Microsoft-Windows-Sysmon", "RuleName": "-", "ProcessGuid": "{e97d4e69-0000-0000-0779-030000000000}", "ProcessId": "3828", "Image": "C:\\Windows\\System32\\conhost.exe", "ImageLoaded": "C:\\Windows\\System32\\ntdll.dll", "FileVersion": "6.1.7600.16385 (win7_rtm.090713-1255)", "Description": "NT Layer DLL", "Product": "Microsoft\u00ae Windows\u00ae Operating System", "Company": "Microsoft Corporation", "OriginalFileName": "ntdll.dll", "Hashes": "SHA1=9D56BF20851F26960C4C33DD4BDE84730C8D483F,MD5=F87212E64DE6DACDD55610B847DC2A60,SHA256=3E6EAE61CB3751B05547C3A316420DDDF472774BFA562BF9BF976F8430A2AFD1,IMPHASH=00000000000000000000000000000000", "Signed": "true", "Signature": "Microsoft Windows", "SignatureStatus": "Valid", "_source_file": "data/baseline/win7-x86/Microsoft-Windows-Sysmon%4Operational.evtx"}, {"EventID": 7, "Computer": "evtx-PC", "UtcTime": "2022-04-04 11:18:32.564", "Provider": "Microsoft-Windows-Sysmon", "RuleName": "-", "ProcessGuid": "{e97d4e69-0000-0000-cc72-030000000000}", "ProcessId": "3696", "Image": "C:\\Windows\\System32\\wbem\\unsecapp.exe", "ImageLoaded": "C:\\Windows\\System32\\ntdll.dll", "FileVersion": "6.1.7600.16385 (win7_rtm.090713-1255)", "Description": "NT Layer DLL", "Product": "Microsoft\u00ae Windows\u00ae Operating System", "Company": "Microsoft Corporation", "OriginalFileName": "ntdll.dll", "Hashes": "SHA1=9D56BF20851F26960C4C33DD4BDE84730C8D483F,MD5=F87212E64DE6DACDD55610B847DC2A60,SHA256=3E6EAE61CB3751B05547C3A316420DDDF472774BFA562BF9BF976F8430A2AFD1,IMPHASH=00000000000000000000000000000000", "Signed": "true", "Signature": "Microsoft Windows", "SignatureStatus": "Valid", "_source_file": "data/baseline/win7-x86/Microsoft-Windows-Sysmon%4Operational.evtx"}, {"EventID": 7, "Computer": "evtx-PC", "UtcTime": "2022-04-04 11:18:32.705", "Provider": "Microsoft-Windows-Sysmon", "RuleName": "-", "ProcessGuid": "{e97d4e69-0000-0000-0779-030000000000}", "ProcessId": "3828", "Image": "C:\\Windows\\System32\\conhost.exe", "ImageLoaded": "C:\\Windows\\System32\\kernel32.dll", "FileVersion": "6.1.7600.16385 (win7_rtm.090713-1255)", "Description": "Windows NT BASE API Client DLL", "Product": "Microsoft\u00ae Windows\u00ae Operating System", "Company": "Microsoft Corporation", "OriginalFileName": "kernel32", "Hashes": "SHA1=4F0B455C60C4292A488291D8C29F48AEEC7A17E7,MD5=4605F7EE9805F7E1C98D6C959DD2949C,SHA256=AD30100868EB91760D03356330C6F68A5159D48D3C51A8A8A4FAB644B86369B5,IMPHASH=404D2A341C916548A2B0575C72B0E9D6", "Signed": "true", "Signature": "Microsoft Windows", "SignatureStatus": "Valid", "_source_file": "data/baseline/win7-x86/Microsoft-Windows-Sysmon%4Operational.evtx"}, {"EventID": 7, "Computer": "evtx-PC", "UtcTime": "2022-04-04 11:18:32.580", "Provider": "Microsoft-Windows-Sysmon", "RuleName": "-", "ProcessGuid": "{e97d4e69-0000-0000-cc72-030000000000}", "ProcessId": "3696", "Image": "C:\\Windows\\System32\\wbem\\unsecapp.exe", "ImageLoaded": "C:\\Windows\\System32\\kernel32.dll", "FileVersion": "6.1.7600.16385 (win7_rtm.090713-1255)", "Description": "Windows NT BASE API Client DLL", "Product": "Microsoft\u00ae Windows\u00ae Operating System", "Company": "Microsoft Corporation", "OriginalFileName": "kernel32", "Hashes": "SHA1=4F0B455C60C4292A488291D8C29F48AEEC7A17E7,MD5=4605F7EE9805F7E1C98D6C959DD2949C,SHA256=AD30100868EB91760D03356330C6F68A5159D48D3C51A8A8A4FAB644B86369B5,IMPHASH=404D2A341C916548A2B0575C72B0E9D6", "Signed": "true", "Signature": "Microsoft Windows", "SignatureStatus": "Valid", "_source_file": "data/baseline/win7-x86/Microsoft-Windows-Sysmon%4Operational.evtx"}, {"EventID": 7, "Computer": "evtx-PC", "UtcTime": "2022-04-04 11:18:32.705", "Provider": "Microsoft-Windows-Sysmon", "RuleName": "-", "ProcessGuid": "{e97d4e69-0000-0000-0779-030000000000}", "ProcessId": "3828", "Image": "C:\\Windows\\System32\\conhost.exe", "ImageLoaded": "C:\\Windows\\System32\\KernelBase.dll", "FileVersion": "6.1.7600.16385 (win7_rtm.090713-1255)", "Description": "Windows NT BASE API Client DLL", "Product": "Microsoft\u00ae Windows\u00ae Operating System", "Company": "Microsoft Corporation", "OriginalFileName": "Kernelbase", "Hashes": "SHA1=4DC055D5D64F5BA45347E0A5A372C306E65FA639,MD5=B03C89367C03C19A742482DC78904DD0,SHA256=776A1CE170D3054CAB68E00FBF26148184C2C4FE4529DB6966359F0FB01DB1AE,IMPHASH=42A9DE385BBA8B87B1179593596872E0", "Signed": "true", "Signature": "Microsoft Windows", "SignatureStatus": "Valid", "_source_file": "data/baseline/win7-x86/Microsoft-Windows-Sysmon%4Operational.evtx"}, {"EventID": 7, "Computer": "evtx-PC", "UtcTime": "2022-04-04 11:18:32.580", "Provider": "Microsoft-Windows-Sysmon", "RuleName": "-", "ProcessGuid": "{e97d4e69-0000-0000-cc72-030000000000}", "ProcessId": "3696", "Image": "C:\\Windows\\System32\\wbem\\unsecapp.exe", "ImageLoaded": "C:\\Windows\\System32\\KernelBase.dll", "FileVersion": "6.1.7600.16385 (win7_rtm.090713-1255)", "Description": "Windows NT BASE API Client DLL", "Product": "Microsoft\u00ae Windows\u00ae Operating System", "Company": "Microsoft Corporation", "OriginalFileName": "Kernelbase", "Hashes": "SHA1=4DC055D5D64F5BA45347E0A5A372C306E65FA639,MD5=B03C89367C03C19A742482DC78904DD0,SHA256=776A1CE170D3054CAB68E00FBF26148184C2C4FE4529DB6966359F0FB01DB1AE,IMPHASH=42A9DE385BBA8B87B1179593596872E0", "Signed": "true", "Signature": "Microsoft Windows", "SignatureStatus": "Valid", "_source_file": "data/baseline/win7-x86/Microsoft-Windows-Sysmon%4Operational.evtx"}, {"EventID": 7, "Computer": "evtx-PC", "UtcTime": "2022-04-04 11:18:32.705", "Provider": "Microsoft-Windows-Sysmon", "RuleName": "-", "ProcessGuid": "{e97d4e69-0000-0000-0779-030000000000}", "ProcessId": "3828", "Image": "C:\\Windows\\System32\\conhost.exe", "ImageLoaded": "C:\\Windows\\System32\\msvcrt.dll", "FileVersion": "7.0.7600.16385 (win7_rtm.090713-1255)", "Description": "Windows NT CRT DLL", "Product": "Microsoft\u00ae Windows\u00ae Operating System", "Company": "Microsoft Corporation", "OriginalFileName": "msvcrt.dll", "Hashes": "SHA1=9D936EAA33418B995DD2B1B80DADA9BE4315D766,MD5=E46D48A7FE961401F1CBF85531CDF05D,SHA256=24CA38641020FF9E07E16CE3992212E2BFD2759E902D12744D4989ADF11995BF,IMPHASH=3215AF17EF09211D40D007CC900160F9", "Signed": "true", "Signature": "Microsoft Windows", "SignatureStatus": "Valid", "_source_file": "data/baseline/win7-x86/Microsoft-Windows-Sysmon%4Operational.evtx"}, {"EventID": 7, "Computer": "evtx-PC", "UtcTime": "2022-04-04 11:18:32.580", "Provider": "Microsoft-Windows-Sysmon", "RuleName": "-", "ProcessGuid": "{e97d4e69-0000-0000-cc72-030000000000}", "ProcessId": "3696", "Image": "C:\\Windows\\System32\\wbem\\unsecapp.exe", "ImageLoaded": "C:\\Windows\\System32\\msvcrt.dll", "FileVersion": "7.0.7600.16385 (win7_rtm.090713-1255)", "Description": "Windows NT CRT DLL", "Product": "Microsoft\u00ae Windows\u00ae Operating System", "Company": "Microsoft Corporation", "OriginalFileName": "msvcrt.dll", "Hashes": "SHA1=9D936EAA33418B995DD2B1B80DADA9BE4315D766,MD5=E46D48A7FE961401F1CBF85531CDF05D,SHA256=24CA38641020FF9E07E16CE3992212E2BFD2759E902D12744D4989ADF11995BF,IMPHASH=3215AF17EF09211D40D007CC900160F9", "Signed": "true", "Signature": "Microsoft Windows", "SignatureStatus": "Valid", "_source_file": "data/baseline/win7-x86/Microsoft-Windows-Sysmon%4Operational.evtx"}, {"EventID": 7, "Computer": "evtx-PC", "UtcTime": "2022-04-04 11:18:32.596", "Provider": "Microsoft-Windows-Sysmon", "RuleName": "-", "ProcessGuid": "{e97d4e69-0000-0000-cc72-030000000000}", "ProcessId": "3696", "Image": "C:\\Windows\\System32\\wbem\\unsecapp.exe", "ImageLoaded": "C:\\Windows\\System32\\wbemcomn.dll", "FileVersion": "6.1.7600.16385 (win7_rtm.090713-1255)", "Description": "WMI", "Product": "Microsoft\u00ae Windows\u00ae Operating System", "Company": "Microsoft Corporation", "OriginalFileName": "wbemcomn.dll", "Hashes": "SHA1=96B26DFF054B93E90F304A65551A12E60ECDF8A7,MD5=96F3F676B4D0DF4DA9C4081358C4662F,SHA256=99EC65A61B88DFEFB2F02C3E3D01638FCBC41773AB40268F9CB2C72FD288CF62,IMPHASH=897D29AF412D66451EAD14F76AB9B1FB", "Signed": "true", "Signature": "Microsoft Windows", "SignatureStatus": "Valid", "_source_file": "data/baseline/win7-x86/Microsoft-Windows-Sysmon%4Operational.evtx"}, {"EventID": 7, "Computer": "evtx-PC", "UtcTime": "2022-04-04 11:18:32.705", "Provider": "Microsoft-Windows-Sysmon", "RuleName": "-", "ProcessGuid": "{e97d4e69-0000-0000-0779-030000000000}", "ProcessId": "3828", "Image": "C:\\Windows\\System32\\conhost.exe", "ImageLoaded": "C:\\Windows\\System32\\oleaut32.dll", "FileVersion": "6.1.7600.16385", "Description": "-", "Product": "-", "Company": "Microsoft Corporation", "OriginalFileName": "-", "Hashes": "SHA1=74C5D7321C62B54E32DC23583E7D954395C3E0C8,MD5=FADBB267FE9846233ED486DE6EEAAEB9,SHA256=7F038884CA763BBEB6E2ACADB4B58DBC5EE9D6A4FDC6C59B5AC8556850E1468E,IMPHASH=977DA93A00C8C967C5054BCABD8A4EBC", "Signed": "true", "Signature": "Microsoft Windows", "SignatureStatus": "Valid", "_source_file": "data/baseline/win7-x86/Microsoft-Windows-Sysmon%4Operational.evtx"}, {"EventID": 7, "Computer": "evtx-PC", "UtcTime": "2022-04-04 11:18:32.596", "Provider": "Microsoft-Windows-Sysmon", "RuleName": "-", "ProcessGuid": "{e97d4e69-0000-0000-cc72-030000000000}", "ProcessId": "3696", "Image": "C:\\Windows\\System32\\wbem\\unsecapp.exe", "ImageLoaded": "C:\\Windows\\System32\\oleaut32.dll", "FileVersion": "6.1.7600.16385", "Description": "-", "Product": "-", "Company": "Microsoft Corporation", "OriginalFileName": "-", "Hashes": "SHA1=74C5D7321C62B54E32DC23583E7D954395C3E0C8,MD5=FADBB267FE9846233ED486DE6EEAAEB9,SHA256=7F038884CA763BBEB6E2ACADB4B58DBC5EE9D6A4FDC6C59B5AC8556850E1468E,IMPHASH=977DA93A00C8C967C5054BCABD8A4EBC", "Signed": "true", "Signature": "Microsoft Windows", "SignatureStatus": "Valid", "_source_file": "data/baseline/win7-x86/Microsoft-Windows-Sysmon%4Operational.evtx"}, {"EventID": 7, "Computer": "evtx-PC", "UtcTime": "2022-04-04 11:18:32.705", "Provider": "Microsoft-Windows-Sysmon", "RuleName": "-", "ProcessGuid": "{e97d4e69-0000-0000-0779-030000000000}", "ProcessId": "3828", "Image": "C:\\Windows\\System32\\conhost.exe", "ImageLoaded": "C:\\Windows\\System32\\ole32.dll", "FileVersion": "6.1.7600.16385 (win7_rtm.090713-1255)", "Description": "Microsoft OLE for Windows", "Product": "Microsoft\u00ae Windows\u00ae Operating System", "Company": "Microsoft Corporation", "OriginalFileName": "OLE32.DLL", "Hashes": "SHA1=AD2F6459B95808C25F4C167C0D7D36BC0FDA4667,MD5=4ACB903AD1693858A918907358CBD9E4,SHA256=F7A5F4F958EB9A79C842A35CB4EE3947CC1F4F2DB4FCB5C90F8C99EF386009D3,IMPHASH=00402F17B490795C2367DFBE0059B215", "Signed": "true", "Signature": "Microsoft Windows", "SignatureStatus": "Valid", "_source_file": "data/baseline/win7-x86/Microsoft-Windows-Sysmon%4Operational.evtx"}, {"EventID": 7, "Computer": "evtx-PC", "UtcTime": "2022-04-04 11:18:32.611", "Provider": "Microsoft-Windows-Sysmon", "RuleName": "-", "ProcessGuid": "{e97d4e69-0000-0000-cc72-030000000000}", "ProcessId": "3696", "Image": "C:\\Windows\\System32\\wbem\\unsecapp.exe", "ImageLoaded": "C:\\Windows\\System32\\ole32.dll", "FileVersion": "6.1.7600.16385 (win7_rtm.090713-1255)", "Description": "Microsoft OLE for Windows", "Product": "Microsoft\u00ae Windows\u00ae Operating System", "Company": "Microsoft Corporation", "OriginalFileName": "OLE32.DLL", "Hashes": "SHA1=AD2F6459B95808C25F4C167C0D7D36BC0FDA4667,MD5=4ACB903AD1693858A918907358CBD9E4,SHA256=F7A5F4F958EB9A79C842A35CB4EE3947CC1F4F2DB4FCB5C90F8C99EF386009D3,IMPHASH=00402F17B490795C2367DFBE0059B215", "Signed": "true", "Signature": "Microsoft Windows", "SignatureStatus": "Valid", "_source_file": "data/baseline/win7-x86/Microsoft-Windows-Sysmon%4Operational.evtx"}, {"EventID": 7, "Computer": "evtx-PC", "UtcTime": "2022-04-04 11:18:32.705", "Provider": "Microsoft-Windows-Sysmon", "RuleName": "-", "ProcessGuid": "{e97d4e69-0000-0000-0779-030000000000}", "ProcessId": "3828", "Image": "C:\\Windows\\System32\\conhost.exe", "ImageLoaded": "C:\\Windows\\System32\\gdi32.dll", "FileVersion": "6.1.7600.16385 (win7_rtm.090713-1255)", "Description": "GDI Client DLL", "Product": "Microsoft\u00ae Windows\u00ae Operating System", "Company": "Microsoft Corporation", "OriginalFileName": "gdi32", "Hashes": "SHA1=24E785651A5961C6E0D9F9ABE28CF92D0CA7B794,MD5=225F6F663B94ACAF4307055FBB42E55F,SHA256=3A1DD74EBB1895D893AC0E54EF5A0C87769F0B82606AC2C7E7378AFF5B593A10,IMPHASH=4295554673E6ED7B5F5B7D9AEE6913F2", "Signed": "true", "Signature": "Microsoft Windows", "SignatureStatus": "Valid", "_source_file": "data/baseline/win7-x86/Microsoft-Windows-Sysmon%4Operational.evtx"}, {"EventID": 7, "Computer": "evtx-PC", "UtcTime": "2022-04-04 11:18:32.611", "Provider": "Microsoft-Windows-Sysmon", "RuleName": "-", "ProcessGuid": "{e97d4e69-0000-0000-cc72-030000000000}", "ProcessId": "3696", "Image": "C:\\Windows\\System32\\wbem\\unsecapp.exe", "ImageLoaded": "C:\\Windows\\System32\\gdi32.dll", "FileVersion": "6.1.7600.16385 (win7_rtm.090713-1255)", "Description": "GDI Client DLL", "Product": "Microsoft\u00ae Windows\u00ae Operating System", "Company": "Microsoft Corporation", "OriginalFileName": "gdi32", "Hashes": "SHA1=24E785651A5961C6E0D9F9ABE28CF92D0CA7B794,MD5=225F6F663B94ACAF4307055FBB42E55F,SHA256=3A1DD74EBB1895D893AC0E54EF5A0C87769F0B82606AC2C7E7378AFF5B593A10,IMPHASH=4295554673E6ED7B5F5B7D9AEE6913F2", "Signed": "true", "Signature": "Microsoft Windows", "SignatureStatus": "Valid", "_source_file": "data/baseline/win7-x86/Microsoft-Windows-Sysmon%4Operational.evtx"}, {"EventID": 7, "Computer": "evtx-PC", "UtcTime": "2022-04-04 11:18:32.705", "Provider": "Microsoft-Windows-Sysmon", "RuleName": "-", "ProcessGuid": "{e97d4e69-0000-0000-0779-030000000000}", "ProcessId": "3828", "Image": "C:\\Windows\\System32\\conhost.exe", "ImageLoaded": "C:\\Windows\\System32\\user32.dll", "FileVersion": "6.1.7600.16385 (win7_rtm.090713-1255)", "Description": "Multi-User Windows USER API Client DLL", "Product": "Microsoft\u00ae Windows\u00ae Operating System", "Company": "Microsoft Corporation", "OriginalFileName": "user32", "Hashes": "SHA1=A73E33C0262054DF9BB02C165BB63C84F95807EE,MD5=34B7E222E81FAFA885F0C5F2CFA56861,SHA256=5BA1373011ABA23C3FCE3A9FF8DC4BBD5CE6889212200153C79A749CAE0C17B6,IMPHASH=BB2ED76D276846EBDA271332CA1302B8", "Signed": "true", "Signature": "Microsoft Windows", "SignatureStatus": "Valid", "_source_file": "data/baseline/win7-x86/Microsoft-Windows-Sysmon%4Operational.evtx"}, {"EventID": 7, "Computer": "evtx-PC", "UtcTime": "2022-04-04 11:18:32.627", "Provider": "Microsoft-Windows-Sysmon", "RuleName": "-", "ProcessGuid": "{e97d4e69-0000-0000-cc72-030000000000}", "ProcessId": "3696", "Image": "C:\\Windows\\System32\\wbem\\unsecapp.exe", "ImageLoaded": "C:\\Windows\\System32\\user32.dll", "FileVersion": "6.1.7600.16385 (win7_rtm.090713-1255)", "Description": "Multi-User Windows USER API Client DLL", "Product": "Microsoft\u00ae Windows\u00ae Operating System", "Company": "Microsoft Corporation", "OriginalFileName": "user32", "Hashes": "SHA1=A73E33C0262054DF9BB02C165BB63C84F95807EE,MD5=34B7E222E81FAFA885F0C5F2CFA56861,SHA256=5BA1373011ABA23C3FCE3A9FF8DC4BBD5CE6889212200153C79A749CAE0C17B6,IMPHASH=BB2ED76D276846EBDA271332CA1302B8", "Signed": "true", "Signature": "Microsoft Windows", "SignatureStatus": "Valid", "_source_file": "data/baseline/win7-x86/Microsoft-Windows-Sysmon%4Operational.evtx"}, {"EventID": 7, "Computer": "evtx-PC", "UtcTime": "2022-04-04 11:18:32.705", "Provider": "Microsoft-Windows-Sysmon", "RuleName": "-", "ProcessGuid": "{e97d4e69-0000-0000-0779-030000000000}", "ProcessId": "3828", "Image": "C:\\Windows\\System32\\conhost.exe", "ImageLoaded": "C:\\Windows\\System32\\lpk.dll", "FileVersion": "6.1.7600.16385 (win7_rtm.090713-1255)", "Description": "Language Pack", "Product": "Microsoft\u00ae Windows\u00ae Operating System", "Company": "Microsoft Corporation", "OriginalFileName": "LanguagePack", "Hashes": "SHA1=0A2E3A987CD4664CA2A6E9CC1EA429C6B79A2AE9,MD5=4F154D2C9C6DF951FD6E5AABBAE6B5EE,SHA256=FB3A3D2FD5AFFC513BD475E90A705E2C33C8E85AAF8B994C2A987DFC9D0A71D4,IMPHASH=B18FCB6327EB8EB41B606BBBC1E2B10A", "Signed": "true", "Signature": "Microsoft Windows", "SignatureStatus": "Valid", "_source_file": "data/baseline/win7-x86/Microsoft-Windows-Sysmon%4Operational.evtx"}, {"EventID": 7, "Computer": "evtx-PC", "UtcTime": "2022-04-04 11:18:32.627", "Provider": "Microsoft-Windows-Sysmon", "RuleName": "-", "ProcessGuid": "{e97d4e69-0000-0000-cc72-030000000000}", "ProcessId": "3696", "Image": "C:\\Windows\\System32\\wbem\\unsecapp.exe", "ImageLoaded": "C:\\Windows\\System32\\lpk.dll", "FileVersion": "6.1.7600.16385 (win7_rtm.090713-1255)", "Description": "Language Pack", "Product": "Microsoft\u00ae Windows\u00ae Operating System", "Company": "Microsoft Corporation", "OriginalFileName": "LanguagePack", "Hashes": "SHA1=0A2E3A987CD4664CA2A6E9CC1EA429C6B79A2AE9,MD5=4F154D2C9C6DF951FD6E5AABBAE6B5EE,SHA256=FB3A3D2FD5AFFC513BD475E90A705E2C33C8E85AAF8B994C2A987DFC9D0A71D4,IMPHASH=B18FCB6327EB8EB41B606BBBC1E2B10A", "Signed": "true", "Signature": "Microsoft Windows", "SignatureStatus": "Valid", "_source_file": "data/baseline/win7-x86/Microsoft-Windows-Sysmon%4Operational.evtx"}, {"EventID": 7, "Computer": "evtx-PC", "UtcTime": "2022-04-04 11:18:32.705", "Provider": "Microsoft-Windows-Sysmon", "RuleName": "-", "ProcessGuid": "{e97d4e69-0000-0000-0779-030000000000}", "ProcessId": "3828", "Image": "C:\\Windows\\System32\\conhost.exe", "ImageLoaded": "C:\\Windows\\System32\\usp10.dll", "FileVersion": "1.0626.7600.16385 (win7_rtm.090713-1255)", "Description": "Uniscribe Unicode script processor", "Product": "Microsoft(R) Uniscribe Unicode script processor", "Company": "Microsoft Corporation", "OriginalFileName": "Uniscribe", "Hashes": "SHA1=63179EDF1A4E51E841480A94F7E5FE9553254834,MD5=0BA19F3198C40AC4E8CC66EE02EDA6C6,SHA256=4555FB6ED0F286DF94FEACFEC36BF23E0F586CFA80DEE45C5EA7A0760C967E84,IMPHASH=6AB63B69DEFE1DFE2516D054C3C43E22", "Signed": "true", "Signature": "Microsoft Windows", "SignatureStatus": "Valid", "_source_file": "data/baseline/win7-x86/Microsoft-Windows-Sysmon%4Operational.evtx"}, {"EventID": 7, "Computer": "evtx-PC", "UtcTime": "2022-04-04 11:18:32.627", "Provider": "Microsoft-Windows-Sysmon", "RuleName": "-", "ProcessGuid": "{e97d4e69-0000-0000-cc72-030000000000}", "ProcessId": "3696", "Image": "C:\\Windows\\System32\\wbem\\unsecapp.exe", "ImageLoaded": "C:\\Windows\\System32\\usp10.dll", "FileVersion": "1.0626.7600.16385 (win7_rtm.090713-1255)", "Description": "Uniscribe Unicode script processor", "Product": "Microsoft(R) Uniscribe Unicode script processor", "Company": "Microsoft Corporation", "OriginalFileName": "Uniscribe", "Hashes": "SHA1=63179EDF1A4E51E841480A94F7E5FE9553254834,MD5=0BA19F3198C40AC4E8CC66EE02EDA6C6,SHA256=4555FB6ED0F286DF94FEACFEC36BF23E0F586CFA80DEE45C5EA7A0760C967E84,IMPHASH=6AB63B69DEFE1DFE2516D054C3C43E22", "Signed": "true", "Signature": "Microsoft Windows", "SignatureStatus": "Valid", "_source_file": "data/baseline/win7-x86/Microsoft-Windows-Sysmon%4Operational.evtx"}, {"EventID": 7, "Computer": "evtx-PC", "UtcTime": "2022-04-04 11:18:32.705", "Provider": "Microsoft-Windows-Sysmon", "RuleName": "-", "ProcessGuid": "{e97d4e69-0000-0000-0779-030000000000}", "ProcessId": "3828", "Image": "C:\\Windows\\System32\\conhost.exe", "ImageLoaded": "C:\\Windows\\System32\\rpcrt4.dll", "FileVersion": "6.1.7600.16385 (win7_rtm.090713-1255)", "Description": "Remote Procedure Call Runtime", "Product": "Microsoft\u00ae Windows\u00ae Operating System", "Company": "Microsoft Corporation", "OriginalFileName": "rpcrt4.dll", "Hashes": "SHA1=3479588BEAE0CEE8256F6CCD24E4D2F9BAEDB46B,MD5=416D1DC8224A64B8C59DF79096EE6D1D,SHA256=CCC899FEAB2B25DC42992D9A18C71926C2CE2AFD2DB62376E60164C636546EEA,IMPHASH=980219E953D15459E4AD563CE0370930", "Signed": "true", "Signature": "Microsoft Windows", "SignatureStatus": "Valid", "_source_file": "data/baseline/win7-x86/Microsoft-Windows-Sysmon%4Operational.evtx"}, {"EventID": 7, "Computer": "evtx-PC", "UtcTime": "2022-04-04 11:18:32.642", "Provider": "Microsoft-Windows-Sysmon", "RuleName": "-", "ProcessGuid": "{e97d4e69-0000-0000-cc72-030000000000}", "ProcessId": "3696", "Image": "C:\\Windows\\System32\\wbem\\unsecapp.exe", "ImageLoaded": "C:\\Windows\\System32\\rpcrt4.dll", "FileVersion": "6.1.7600.16385 (win7_rtm.090713-1255)", "Description": "Remote Procedure Call Runtime", "Product": "Microsoft\u00ae Windows\u00ae Operating System", "Company": "Microsoft Corporation", "OriginalFileName": "rpcrt4.dll", "Hashes": "SHA1=3479588BEAE0CEE8256F6CCD24E4D2F9BAEDB46B,MD5=416D1DC8224A64B8C59DF79096EE6D1D,SHA256=CCC899FEAB2B25DC42992D9A18C71926C2CE2AFD2DB62376E60164C636546EEA,IMPHASH=980219E953D15459E4AD563CE0370930", "Signed": "true", "Signature": "Microsoft Windows", "SignatureStatus": "Valid", "_source_file": "data/baseline/win7-x86/Microsoft-Windows-Sysmon%4Operational.evtx"}, {"EventID": 7, "Computer": "evtx-PC", "UtcTime": "2022-04-04 11:18:32.642", "Provider": "Microsoft-Windows-Sysmon", "RuleName": "-", "ProcessGuid": "{e97d4e69-0000-0000-cc72-030000000000}", "ProcessId": "3696", "Image": "C:\\Windows\\System32\\wbem\\unsecapp.exe", "ImageLoaded": "C:\\Windows\\System32\\ws2_32.dll", "FileVersion": "6.1.7600.16385 (win7_rtm.090713-1255)", "Description": "Windows Socket 2.0 32-Bit DLL", "Product": "Microsoft\u00ae Windows\u00ae Operating System", "Company": "Microsoft Corporation", "OriginalFileName": "ws2_32.dll", "Hashes": "SHA1=65ACBD7F5C9E0535041B0B5EF94C11DE94144F25,MD5=DAAE8A9B8C0ACC7F858454132553C30D,SHA256=668A2FF7C4774A73D19E06D0E32B070C3B58FA66D273E647A01EE502A0CEE026,IMPHASH=2F7EBEAC5B536B34CD1B6CFA0D78CBE0", "Signed": "true", "Signature": "Microsoft Windows", "SignatureStatus": "Valid", "_source_file": "data/baseline/win7-x86/Microsoft-Windows-Sysmon%4Operational.evtx"}, {"EventID": 7, "Computer": "evtx-PC", "UtcTime": "2022-04-04 11:18:32.642", "Provider": "Microsoft-Windows-Sysmon", "RuleName": "-", "ProcessGuid": "{e97d4e69-0000-0000-cc72-030000000000}", "ProcessId": "3696", "Image": "C:\\Windows\\System32\\wbem\\unsecapp.exe", "ImageLoaded": "C:\\Windows\\System32\\nsi.dll", "FileVersion": "6.1.7600.16385 (win7_rtm.090713-1255)", "Description": "NSI User-mode interface DLL", "Product": "Microsoft\u00ae Windows\u00ae Operating System", "Company": "Microsoft Corporation", "OriginalFileName": "nsi.dll", "Hashes": "SHA1=82EB3B8CED5253010BCFD9E2D77FFE8A2386F85A,MD5=6377051C63D5552A311935C67E9FDFDC,SHA256=3FB82988AAB66813567E8DB951D4EE87F156201070F005FDBF52EF998A323E65,IMPHASH=8B44B0A7CDDC55804A3A1FB89E57947B", "Signed": "true", "Signature": "Microsoft Windows", "SignatureStatus": "Valid", "_source_file": "data/baseline/win7-x86/Microsoft-Windows-Sysmon%4Operational.evtx"}, {"EventID": 7, "Computer": "evtx-PC", "UtcTime": "2022-04-04 11:18:32.642", "Provider": "Microsoft-Windows-Sysmon", "RuleName": "-", "ProcessGuid": "{e97d4e69-0000-0000-cc72-030000000000}", "ProcessId": "3696", "Image": "C:\\Windows\\System32\\wbem\\unsecapp.exe", "ImageLoaded": "C:\\Windows\\System32\\sechost.dll", "FileVersion": "6.1.7600.16385 (win7_rtm.090713-1255)", "Description": "Host for SCM/SDDL/LSA Lookup APIs", "Product": "Microsoft\u00ae Windows\u00ae Operating System", "Company": "Microsoft Corporation", "OriginalFileName": "sechost.dll", "Hashes": "SHA1=2AE4EA1E2F2248A86F0DD25A1CBF828B5496FA79,MD5=CFC97F07904067A1E5FAE195D534DA3A,SHA256=EB4D2D127312EB09E2ACCA3276779E80F90FAF77322684BABF72B8EC6E1F906C,IMPHASH=EA4ECF88B72B274A5F31593043F273C9", "Signed": "true", "Signature": "Microsoft Windows", "SignatureStatus": "Valid", "_source_file": "data/baseline/win7-x86/Microsoft-Windows-Sysmon%4Operational.evtx"}, {"EventID": 7, "Computer": "evtx-PC", "UtcTime": "2022-04-04 11:18:32.705", "Provider": "Microsoft-Windows-Sysmon", "RuleName": "-", "ProcessGuid": "{e97d4e69-0000-0000-0779-030000000000}", "ProcessId": "3828", "Image": "C:\\Windows\\System32\\conhost.exe", "ImageLoaded": "C:\\Windows\\System32\\imm32.dll", "FileVersion": "6.1.7600.16385 (win7_rtm.090713-1255)", "Description": "Multi-User Windows IMM32 API Client DLL", "Product": "Microsoft\u00ae Windows\u00ae Operating System", "Company": "Microsoft Corporation", "OriginalFileName": "imm32", "Hashes": "SHA1=8F3BD67AD69E588CB126F236B4B46734A550AEAB,MD5=5DF8132ADF721329234403189FC94E16,SHA256=872029ECC33BBB3CA7100D4EF931E497CD4CB7F692CA4D4A2A3E145CB634130E,IMPHASH=E0BE0937BE9496A917197B024E47B8AA", "Signed": "true", "Signature": "Microsoft Windows", "SignatureStatus": "Valid", "_source_file": "data/baseline/win7-x86/Microsoft-Windows-Sysmon%4Operational.evtx"}, {"EventID": 7, "Computer": "evtx-PC", "UtcTime": "2022-04-04 11:18:32.642", "Provider": "Microsoft-Windows-Sysmon", "RuleName": "-", "ProcessGuid": "{e97d4e69-0000-0000-cc72-030000000000}", "ProcessId": "3696", "Image": "C:\\Windows\\System32\\wbem\\unsecapp.exe", "ImageLoaded": "C:\\Windows\\System32\\imm32.dll", "FileVersion": "6.1.7600.16385 (win7_rtm.090713-1255)", "Description": "Multi-User Windows IMM32 API Client DLL", "Product": "Microsoft\u00ae Windows\u00ae Operating System", "Company": "Microsoft Corporation", "OriginalFileName": "imm32", "Hashes": "SHA1=8F3BD67AD69E588CB126F236B4B46734A550AEAB,MD5=5DF8132ADF721329234403189FC94E16,SHA256=872029ECC33BBB3CA7100D4EF931E497CD4CB7F692CA4D4A2A3E145CB634130E,IMPHASH=E0BE0937BE9496A917197B024E47B8AA", "Signed": "true", "Signature": "Microsoft Windows", "SignatureStatus": "Valid", "_source_file": "data/baseline/win7-x86/Microsoft-Windows-Sysmon%4Operational.evtx"}, {"EventID": 7, "Computer": "evtx-PC", "UtcTime": "2022-04-04 11:18:32.705", "Provider": "Microsoft-Windows-Sysmon", "RuleName": "-", "ProcessGuid": "{e97d4e69-0000-0000-0779-030000000000}", "ProcessId": "3828", "Image": "C:\\Windows\\System32\\conhost.exe", "ImageLoaded": "C:\\Windows\\System32\\msctf.dll", "FileVersion": "6.1.7600.16385 (win7_rtm.090713-1255)", "Description": "MSCTF Server DLL", "Product": "Microsoft\u00ae Windows\u00ae Operating System", "Company": "Microsoft Corporation", "OriginalFileName": "MSCTF.DLL", "Hashes": "SHA1=E3DC91726533F496DE2E120037534461CE080D0F,MD5=C9618BC9B2B0FD7C1138D8774795A79B,SHA256=0AC170669C2626519FA7A745C56BFBA6B83B8537488F5B9EB7BA72448E5E7A43,IMPHASH=E2192FA494B02675B3CBBAF733421007", "Signed": "true", "Signature": "Microsoft Windows", "SignatureStatus": "Valid", "_source_file": "data/baseline/win7-x86/Microsoft-Windows-Sysmon%4Operational.evtx"}, {"EventID": 7, "Computer": "evtx-PC", "UtcTime": "2022-04-04 11:18:32.658", "Provider": "Microsoft-Windows-Sysmon", "RuleName": "-", "ProcessGuid": "{e97d4e69-0000-0000-cc72-030000000000}", "ProcessId": "3696", "Image": "C:\\Windows\\System32\\wbem\\unsecapp.exe", "ImageLoaded": "C:\\Windows\\System32\\msctf.dll", "FileVersion": "6.1.7600.16385 (win7_rtm.090713-1255)", "Description": "MSCTF Server DLL", "Product": "Microsoft\u00ae Windows\u00ae Operating System", "Company": "Microsoft Corporation", "OriginalFileName": "MSCTF.DLL", "Hashes": "SHA1=E3DC91726533F496DE2E120037534461CE080D0F,MD5=C9618BC9B2B0FD7C1138D8774795A79B,SHA256=0AC170669C2626519FA7A745C56BFBA6B83B8537488F5B9EB7BA72448E5E7A43,IMPHASH=E2192FA494B02675B3CBBAF733421007", "Signed": "true", "Signature": "Microsoft Windows", "SignatureStatus": "Valid", "_source_file": "data/baseline/win7-x86/Microsoft-Windows-Sysmon%4Operational.evtx"}, {"EventID": 7, "Computer": "evtx-PC", "UtcTime": "2022-04-04 11:18:32.658", "Provider": "Microsoft-Windows-Sysmon", "RuleName": "-", "ProcessGuid": "{e97d4e69-0000-0000-cc72-030000000000}", "ProcessId": "3696", "Image": "C:\\Windows\\System32\\wbem\\unsecapp.exe", "ImageLoaded": "C:\\Windows\\System32\\cryptbase.dll", "FileVersion": "6.1.7600.16385 (win7_rtm.090713-1255)", "Description": "Base cryptographic API DLL", "Product": "Microsoft\u00ae Windows\u00ae Operating System", "Company": "Microsoft Corporation", "OriginalFileName": "cryptbase.dll", "Hashes": "SHA1=D5FEFB6B6AB0591F28D878B2D05E301DDC7957AB,MD5=F08F6FCD09F9BE94C37ACC1B344685FF,SHA256=DE48D766258B46EFEAB16579421C4BD97ACC6883F782D00E9857F4A0CE7E8A34,IMPHASH=D2E9FBE1281894943D404810F65E96DB", "Signed": "true", "Signature": "Microsoft Windows", "SignatureStatus": "Valid", "_source_file": "data/baseline/win7-x86/Microsoft-Windows-Sysmon%4Operational.evtx"}, {"EventID": 7, "Computer": "evtx-PC", "UtcTime": "2022-04-04 11:18:32.658", "Provider": "Microsoft-Windows-Sysmon", "RuleName": "-", "ProcessGuid": "{e97d4e69-0000-0000-cc72-030000000000}", "ProcessId": "3696", "Image": "C:\\Windows\\System32\\wbem\\unsecapp.exe", "ImageLoaded": "C:\\Windows\\System32\\advapi32.dll", "FileVersion": "6.1.7600.16385 (win7_rtm.090713-1255)", "Description": "Advanced Windows 32 Base API", "Product": "Microsoft\u00ae Windows\u00ae Operating System", "Company": "Microsoft Corporation", "OriginalFileName": "advapi32.dll", "Hashes": "SHA1=1138E3976F45590DFA26ABDFF2203F410F951B3D,MD5=0C65FA8214D6F8378D1D3BA1CA46AF0A,SHA256=C8D0226F39A9DE3B871E84BB6B14975CBBE16A34ADAACBC33ACF726EE6E17104,IMPHASH=56357721DFDF00B68C7BE9D465E71475", "Signed": "true", "Signature": "Microsoft Windows", "SignatureStatus": "Valid", "_source_file": "data/baseline/win7-x86/Microsoft-Windows-Sysmon%4Operational.evtx"}, {"EventID": 7, "Computer": "evtx-PC", "UtcTime": "2022-04-04 11:18:32.674", "Provider": "Microsoft-Windows-Sysmon", "RuleName": "-", "ProcessGuid": "{e97d4e69-0000-0000-cc72-030000000000}", "ProcessId": "3696", "Image": "C:\\Windows\\System32\\wbem\\unsecapp.exe", "ImageLoaded": "C:\\Windows\\System32\\clbcatq.dll", "FileVersion": "2001.12.8530.16385 (win7_rtm.090713-1255)", "Description": "COM+ Configuration Catalog", "Product": "Microsoft\u00ae Windows\u00ae Operating System", "Company": "Microsoft Corporation", "OriginalFileName": "CLBCATQ.DLL", "Hashes": "SHA1=8C0B91CCA26862AFD6541EB1B78E5B74A29E7FE5,MD5=FF5688D309347F2720911D8796912834,SHA256=3B0D73C50D40A6F42629B7750F99F656BF5C1C50237D5F98B6C0F2CE5E2DA359,IMPHASH=786F63EB1CA007ABEA3CBDEFD7C421BF", "Signed": "true", "Signature": "Microsoft Windows", "SignatureStatus": "Valid", "_source_file": "data/baseline/win7-x86/Microsoft-Windows-Sysmon%4Operational.evtx"}, {"EventID": 7, "Computer": "evtx-PC", "UtcTime": "2022-04-04 11:18:32.674", "Provider": "Microsoft-Windows-Sysmon", "RuleName": "-", "ProcessGuid": "{e97d4e69-0000-0000-cc72-030000000000}", "ProcessId": "3696", "Image": "C:\\Windows\\System32\\wbem\\unsecapp.exe", "ImageLoaded": "C:\\Windows\\System32\\cryptsp.dll", "FileVersion": "6.1.7600.16385 (win7_rtm.090713-1255)", "Description": "Cryptographic Service Provider API", "Product": "Microsoft\u00ae Windows\u00ae Operating System", "Company": "Microsoft Corporation", "OriginalFileName": "cryptsp.dll", "Hashes": "SHA1=42CC9671399B63A2846904052D447691B0F4743D,MD5=7321F18D1F820612ED0E9F2D4B578A7E,SHA256=612BD7DE1DFBD100BD6ACB37A38565D88C39842D990D296B9B8E1FB75C3A94E7,IMPHASH=EBC7B47D85441B0F3DCE38E782316E8C", "Signed": "true", "Signature": "Microsoft Windows", "SignatureStatus": "Valid", "_source_file": "data/baseline/win7-x86/Microsoft-Windows-Sysmon%4Operational.evtx"}, {"EventID": 7, "Computer": "evtx-PC", "UtcTime": "2022-04-04 11:18:32.674", "Provider": "Microsoft-Windows-Sysmon", "RuleName": "-", "ProcessGuid": "{e97d4e69-0000-0000-cc72-030000000000}", "ProcessId": "3696", "Image": "C:\\Windows\\System32\\wbem\\unsecapp.exe", "ImageLoaded": "C:\\Windows\\System32\\rsaenh.dll", "FileVersion": "6.1.7600.16385 (win7_rtm.090713-1255)", "Description": "Microsoft Enhanced Cryptographic Provider", "Product": "Microsoft\u00ae Windows\u00ae Operating System", "Company": "Microsoft Corporation", "OriginalFileName": "rsaenh.dll", "Hashes": "SHA1=D05812D84F7AAA2837F40F443704191C86ECEC2C,MD5=ED8EC63F7522DF4852147C84EC62C36A,SHA256=75633011CD28DCBD4834211A9D415F17DE15BFCD80FB9FF6CE25CBBD4E9899AF,IMPHASH=EF9E277FF69F132EDD8075D8CD0EBE4E", "Signed": "true", "Signature": "Microsoft Windows", "SignatureStatus": "Valid", "_source_file": "data/baseline/win7-x86/Microsoft-Windows-Sysmon%4Operational.evtx"}, {"EventID": 7, "Computer": "evtx-PC", "UtcTime": "2022-04-04 11:18:32.674", "Provider": "Microsoft-Windows-Sysmon", "RuleName": "-", "ProcessGuid": "{e97d4e69-0000-0000-cc72-030000000000}", "ProcessId": "3696", "Image": "C:\\Windows\\System32\\wbem\\unsecapp.exe", "ImageLoaded": "C:\\Windows\\System32\\RpcRtRemote.dll", "FileVersion": "6.1.7600.16385 (win7_rtm.090713-1255)", "Description": "Remote RPC Extension", "Product": "Microsoft\u00ae Windows\u00ae Operating System", "Company": "Microsoft Corporation", "OriginalFileName": "RpcRtRemote.dll", "Hashes": "SHA1=59B6BAD9FFCB001A1E03DAA375F4702E8DB6799D,MD5=6C0BD9D59C7E97DEE2FB3407D17BF697,SHA256=C77DF45B0969DC9D99C1B0F14BECF95403679B912B26B66039A408921613499B,IMPHASH=D7A4102096FA838D83172C15D4B25C11", "Signed": "true", "Signature": "Microsoft Windows", "SignatureStatus": "Valid", "_source_file": "data/baseline/win7-x86/Microsoft-Windows-Sysmon%4Operational.evtx"}, {"EventID": 7, "Computer": "evtx-PC", "UtcTime": "2022-04-04 11:18:32.674", "Provider": "Microsoft-Windows-Sysmon", "RuleName": "-", "ProcessGuid": "{e97d4e69-0000-0000-cc72-030000000000}", "ProcessId": "3696", "Image": "C:\\Windows\\System32\\wbem\\unsecapp.exe", "ImageLoaded": "C:\\Windows\\System32\\wbem\\wbemsvc.dll", "FileVersion": "6.1.7600.16385 (win7_rtm.090713-1255)", "Description": "WMI", "Product": "Microsoft\u00ae Windows\u00ae Operating System", "Company": "Microsoft Corporation", "OriginalFileName": "wbemsvc.dll", "Hashes": "SHA1=C35FA5DE94BED76F5F39EFD434D95D9FD21AA93E,MD5=776AE0564F8B1C282E331FD95A1BDC5F,SHA256=601CFCA3922FFEA46A54AD323845A76A12FC6AF9FF64E9B0AE294FBB1AFCF4CB,IMPHASH=842D482F2906411989E5A64953FB7617", "Signed": "true", "Signature": "Microsoft Windows", "SignatureStatus": "Valid", "_source_file": "data/baseline/win7-x86/Microsoft-Windows-Sysmon%4Operational.evtx"}, {"EventID": 7, "Computer": "evtx-PC", "UtcTime": "2022-04-04 11:18:32.689", "Provider": "Microsoft-Windows-Sysmon", "RuleName": "-", "ProcessGuid": "{e97d4e69-0000-0000-cc72-030000000000}", "ProcessId": "3696", "Image": "C:\\Windows\\System32\\wbem\\unsecapp.exe", "ImageLoaded": "C:\\Windows\\System32\\wbem\\fastprox.dll", "FileVersion": "6.1.7600.16385 (win7_rtm.090713-1255)", "Description": "WMI Custom Marshaller", "Product": "Microsoft\u00ae Windows\u00ae Operating System", "Company": "Microsoft Corporation", "OriginalFileName": "fastprox.dll", "Hashes": "SHA1=D2B0FDCE393BF50910CE00B789EE87562149D81B,MD5=1CEDFE91F527858CACA1B08B04666BC0,SHA256=B29D4545DAEBF28C07DF684C9AF0C5EE8DE5C723E81B8832188FA27106F1FC50,IMPHASH=C57128B390ADD06FE5DC5D3C8958286C", "Signed": "true", "Signature": "Microsoft Windows", "SignatureStatus": "Valid", "_source_file": "data/baseline/win7-x86/Microsoft-Windows-Sysmon%4Operational.evtx"}, {"EventID": 7, "Computer": "evtx-PC", "UtcTime": "2022-04-04 11:18:32.689", "Provider": "Microsoft-Windows-Sysmon", "RuleName": "-", "ProcessGuid": "{e97d4e69-0000-0000-cc72-030000000000}", "ProcessId": "3696", "Image": "C:\\Windows\\System32\\wbem\\unsecapp.exe", "ImageLoaded": "C:\\Windows\\System32\\ntdsapi.dll", "FileVersion": "6.1.7600.16385 (win7_rtm.090713-1255)", "Description": "Active Directory Domain Services API", "Product": "Microsoft\u00ae Windows\u00ae Operating System", "Company": "Microsoft Corporation", "OriginalFileName": "ntdsapi.dll", "Hashes": "SHA1=7E7F055503E745D39C7A6D40B39D6D5458E2A858,MD5=E3E811471DE781900FF21C1FD84E941E,SHA256=2A47FF52D1D6480AAD1919382E783EA184BF926311F8C7E466FEBE9F6FB88FD6,IMPHASH=0753F298CC3748A98C1E8D00FE17095E", "Signed": "true", "Signature": "Microsoft Windows", "SignatureStatus": "Valid", "_source_file": "data/baseline/win7-x86/Microsoft-Windows-Sysmon%4Operational.evtx"}, {"EventID": 7, "Computer": "evtx-PC", "UtcTime": "2022-04-04 11:18:32.705", "Provider": "Microsoft-Windows-Sysmon", "RuleName": "-", "ProcessGuid": "{e97d4e69-0000-0000-0779-030000000000}", "ProcessId": "3828", "Image": "C:\\Windows\\System32\\conhost.exe", "ImageLoaded": "C:\\Windows\\System32\\conhost.exe", "FileVersion": "6.1.7600.16385 (win7_rtm.090713-1255)", "Description": "Console Window Host", "Product": "Microsoft\u00ae Windows\u00ae Operating System", "Company": "Microsoft Corporation", "OriginalFileName": "CONHOST.EXE", "Hashes": "SHA1=177E139755D2EFE2FF447BF3B93B9B035E9BE8CA,MD5=29D9FCDF65B7C823688A035937BB6697,SHA256=91722232861E35712B4C515247B23A942B908909118F1708DD97FD6CF37CC2FA,IMPHASH=BE113EABF7221D96FD9DDB080ADF6B75", "Signed": "true", "Signature": "Microsoft Windows", "SignatureStatus": "Valid", "_source_file": "data/baseline/win7-x86/Microsoft-Windows-Sysmon%4Operational.evtx"}, {"EventID": 7, "Computer": "evtx-PC", "UtcTime": "2022-04-04 11:18:32.705", "Provider": "Microsoft-Windows-Sysmon", "RuleName": "-", "ProcessGuid": "{e97d4e69-0000-0000-d5b6-000000000000}", "ProcessId": "988", "Image": "C:\\Windows\\System32\\svchost.exe", "ImageLoaded": "C:\\Windows\\System32\\wbem\\NCProv.dll", "FileVersion": "6.1.7600.16385 (win7_rtm.090713-1255)", "Description": "Non-COM WMI Event Provision APIs", "Product": "Microsoft\u00ae Windows\u00ae Operating System", "Company": "Microsoft Corporation", "OriginalFileName": "NCObjAPI.DLL", "Hashes": "SHA1=B9BCC6AC49B99BFC7BE026E96B7CE070ABC4EB8E,MD5=F148865E4AC4F715E322EA06E6E21D84,SHA256=88CF0A1CB18BA9CA3D356EAF2F7EF8892CDDD9BF55798E64E4351C1ED111575A,IMPHASH=8F5B9DCD42F4A7DBD68DC1E0A0399E92", "Signed": "true", "Signature": "Microsoft Windows", "SignatureStatus": "Valid", "_source_file": "data/baseline/win7-x86/Microsoft-Windows-Sysmon%4Operational.evtx"}, {"EventID": 7, "Computer": "evtx-PC", "UtcTime": "2022-04-04 11:18:32.705", "Provider": "Microsoft-Windows-Sysmon", "RuleName": "-", "ProcessGuid": "{e97d4e69-0000-0000-0779-030000000000}", "ProcessId": "3828", "Image": "C:\\Windows\\System32\\conhost.exe", "ImageLoaded": "C:\\Windows\\System32\\uxtheme.dll", "FileVersion": "6.1.7600.16385 (win7_rtm.090713-1255)", "Description": "Microsoft UxTheme Library", "Product": "Microsoft\u00ae Windows\u00ae Operating System", "Company": "Microsoft Corporation", "OriginalFileName": "UxTheme.dll", "Hashes": "SHA1=AF64952050EE3A3BC48F2DD6C7355968DB3CCA34,MD5=63BFDF555DA2075A77D677829C3CCCD0,SHA256=13B0C0576A0158FBEE6C216136F8C66373C8E6592895D3D824EC67147B9190E9,IMPHASH=9A31FFA66BC5094ECBAD381F8239980E", "Signed": "true", "Signature": "Microsoft Windows", "SignatureStatus": "Valid", "_source_file": "data/baseline/win7-x86/Microsoft-Windows-Sysmon%4Operational.evtx"}, {"EventID": 12, "Computer": "evtx-PC", "UtcTime": "2022-04-04 11:18:46.658", "Provider": "Microsoft-Windows-Sysmon", "RuleName": "-", "EventType": "CreateKey", "ProcessGuid": "{e97d4e69-0000-0000-e1c9-000000000000}", "ProcessId": "1136", "Image": "C:\\Windows\\system32\\svchost.exe", "TargetObject": "HKLM\\System\\CurrentControlSet\\services\\Tcpip\\Parameters", "_source_file": "data/baseline/win7-x86/Microsoft-Windows-Sysmon%4Operational.evtx"}, {"EventID": 12, "Computer": "evtx-PC", "UtcTime": "2022-04-04 11:18:48.080", "Provider": "Microsoft-Windows-Sysmon", "RuleName": "-", "EventType": "CreateKey", "ProcessGuid": "{e97d4e69-0000-0000-beb3-000000000000}", "ProcessId": "940", "Image": "C:\\Windows\\System32\\svchost.exe", "TargetObject": "HKLM\\SOFTWARE\\Microsoft\\Windows NT\\CurrentVersion\\Superfetch\\DiskAssessment", "_source_file": "data/baseline/win7-x86/Microsoft-Windows-Sysmon%4Operational.evtx"}, {"EventID": 11, "Computer": "evtx-PC", "UtcTime": "2022-04-04 11:18:48.080", "Provider": "Microsoft-Windows-Sysmon", "RuleName": "-", "ProcessGuid": "{e97d4e69-0000-0000-beb3-000000000000}", "ProcessId": "940", "Image": "C:\\Windows\\System32\\svchost.exe", "TargetFilename": "C:\\Windows\\Prefetch\\ReadyBoot\\Trace4.fx", "CreationUtcTime": "2022-04-04 11:18:48.080", "_source_file": "data/baseline/win7-x86/Microsoft-Windows-Sysmon%4Operational.evtx"}, {"EventID": 26, "Computer": "evtx-PC", "UtcTime": "2022-04-04 11:18:48.205", "Provider": "Microsoft-Windows-Sysmon", "RuleName": "-", "ProcessGuid": "{e97d4e69-0000-0000-beb3-000000000000}", "ProcessId": "940", "User": "NT AUTHORITY\\SYSTEM", "Image": "C:\\Windows\\System32\\svchost.exe", "TargetFilename": "C:\\Windows\\Prefetch\\ReadyBoot\\ReadyBoot.etl", "Hashes": "SHA1=F5AE83790CC75B498ADDFF8038F5149528D70847,MD5=4F62642B7F83DABCB539EB05D3B3E203,SHA256=6138698F6FCB3BCC6C31080F270DB9965586CDEE2A16CA5F84B26B04B7C2FFA2,IMPHASH=00000000000000000000000000000000", "IsExecutable": "False", "_source_file": "data/baseline/win7-x86/Microsoft-Windows-Sysmon%4Operational.evtx"}, {"EventID": 12, "Computer": "evtx-PC", "UtcTime": "2022-04-04 11:18:48.252", "Provider": "Microsoft-Windows-Sysmon", "RuleName": "-", "EventType": "CreateKey", "ProcessGuid": "{e97d4e69-0000-0000-beb3-000000000000}", "ProcessId": "940", "Image": "C:\\Windows\\System32\\svchost.exe", "TargetObject": "HKLM\\System\\CurrentControlSet\\services\\rdyboost\\Parameters", "_source_file": "data/baseline/win7-x86/Microsoft-Windows-Sysmon%4Operational.evtx"}, {"EventID": 13, "Computer": "evtx-PC", "UtcTime": "2022-04-04 11:18:48.252", "Provider": "Microsoft-Windows-Sysmon", "RuleName": "-", "EventType": "SetValue", "ProcessGuid": "{e97d4e69-0000-0000-beb3-000000000000}", "ProcessId": "940", "Image": "C:\\Windows\\System32\\svchost.exe", "TargetObject": "HKLM\\System\\CurrentControlSet\\services\\rdyboost\\Parameters\\BootPlan", "Details": "Binary Data", "_source_file": "data/baseline/win7-x86/Microsoft-Windows-Sysmon%4Operational.evtx"}, {"EventID": 13, "Computer": "evtx-PC", "UtcTime": "2022-04-04 11:18:48.252", "Provider": "Microsoft-Windows-Sysmon", "RuleName": "-", "EventType": "SetValue", "ProcessGuid": "{e97d4e69-0000-0000-beb3-000000000000}", "ProcessId": "940", "Image": "C:\\Windows\\System32\\svchost.exe", "TargetObject": "HKLM\\System\\CurrentControlSet\\services\\rdyboost\\Parameters\\ReadyBootPlanAge", "Details": "DWORD (0x00000000)", "_source_file": "data/baseline/win7-x86/Microsoft-Windows-Sysmon%4Operational.evtx"}, {"EventID": 13, "Computer": "evtx-PC", "UtcTime": "2022-04-04 11:18:48.252", "Provider": "Microsoft-Windows-Sysmon", "RuleName": "-", "EventType": "SetValue", "ProcessGuid": "{e97d4e69-0000-0000-beb3-000000000000}", "ProcessId": "940", "Image": "C:\\Windows\\System32\\svchost.exe", "TargetObject": "HKLM\\System\\CurrentControlSet\\services\\rdyboost\\Parameters\\LastBootPlanUserTime", "Details": "\u200eMon\u200e, \u200eApr \u200e04 \u200e22, 01:18:48 PM", "_source_file": "data/baseline/win7-x86/Microsoft-Windows-Sysmon%4Operational.evtx"}, {"EventID": 12, "Computer": "evtx-PC", "UtcTime": "2022-04-04 11:18:48.908", "Provider": "Microsoft-Windows-Sysmon", "RuleName": "-", "EventType": "CreateKey", "ProcessGuid": "{e97d4e69-0000-0000-e1c9-000000000000}", "ProcessId": "1136", "Image": "C:\\Windows\\system32\\svchost.exe", "TargetObject": "HKLM\\System\\CurrentControlSet\\services\\Tcpip\\Parameters", "_source_file": "data/baseline/win7-x86/Microsoft-Windows-Sysmon%4Operational.evtx"}, {"EventID": 11, "Computer": "evtx-PC", "UtcTime": "2022-04-04 11:18:51.236", "Provider": "Microsoft-Windows-Sysmon", "RuleName": "-", "ProcessGuid": "{e97d4e69-0000-0000-9170-030000000000}", "ProcessId": "3668", "Image": "C:\\Windows\\Sysmon.exe", "TargetFilename": "C:\\Windows\\System32\\config\\systemprofile\\AppData\\LocalLow\\Microsoft\\CryptnetUrlCache\\MetaData\\E34E75954A05FA2156EB895949C74728", "CreationUtcTime": "2022-04-04 11:18:51.236", "_source_file": "data/baseline/win7-x86/Microsoft-Windows-Sysmon%4Operational.evtx"}, {"EventID": 11, "Computer": "evtx-PC", "UtcTime": "2022-04-04 11:18:51.236", "Provider": "Microsoft-Windows-Sysmon", "RuleName": "-", "ProcessGuid": "{e97d4e69-0000-0000-9170-030000000000}", "ProcessId": "3668", "Image": "C:\\Windows\\Sysmon.exe", "TargetFilename": "C:\\Windows\\System32\\config\\systemprofile\\AppData\\LocalLow\\Microsoft\\CryptnetUrlCache\\Content\\E34E75954A05FA2156EB895949C74728", "CreationUtcTime": "2022-04-04 11:18:51.236", "_source_file": "data/baseline/win7-x86/Microsoft-Windows-Sysmon%4Operational.evtx"}, {"EventID": 12, "Computer": "evtx-PC", "UtcTime": "2022-04-04 11:18:51.236", "Provider": "Microsoft-Windows-Sysmon", "RuleName": "-", "EventType": "CreateKey", "ProcessGuid": "{e97d4e69-0000-0000-e1c9-000000000000}", "ProcessId": "1136", "Image": "C:\\Windows\\system32\\svchost.exe", "TargetObject": "HKLM\\System\\CurrentControlSet\\services\\Tcpip\\Parameters", "_source_file": "data/baseline/win7-x86/Microsoft-Windows-Sysmon%4Operational.evtx"}, {"EventID": 12, "Computer": "evtx-PC", "UtcTime": "2022-04-04 11:18:53.486", "Provider": "Microsoft-Windows-Sysmon", "RuleName": "-", "EventType": "CreateKey", "ProcessGuid": "{e97d4e69-0000-0000-e1c9-000000000000}", "ProcessId": "1136", "Image": "C:\\Windows\\system32\\svchost.exe", "TargetObject": "HKLM\\System\\CurrentControlSet\\services\\Tcpip\\Parameters", "_source_file": "data/baseline/win7-x86/Microsoft-Windows-Sysmon%4Operational.evtx"}, {"EventID": 11, "Computer": "evtx-PC", "UtcTime": "2022-04-04 11:18:55.861", "Provider": "Microsoft-Windows-Sysmon", "RuleName": "-", "ProcessGuid": "{e97d4e69-0000-0000-9170-030000000000}", "ProcessId": "3668", "Image": "C:\\Windows\\Sysmon.exe", "TargetFilename": "C:\\Windows\\Temp\\CabF963.tmp", "CreationUtcTime": "2022-04-04 11:18:55.861", "_source_file": "data/baseline/win7-x86/Microsoft-Windows-Sysmon%4Operational.evtx"}, {"EventID": 11, "Computer": "evtx-PC", "UtcTime": "2022-04-04 11:18:55.861", "Provider": "Microsoft-Windows-Sysmon", "RuleName": "-", "ProcessGuid": "{e97d4e69-0000-0000-9170-030000000000}", "ProcessId": "3668", "Image": "C:\\Windows\\Sysmon.exe", "TargetFilename": "C:\\Windows\\Temp\\TarF964.tmp", "CreationUtcTime": "2022-04-04 11:18:55.861", "_source_file": "data/baseline/win7-x86/Microsoft-Windows-Sysmon%4Operational.evtx"}, {"EventID": 11, "Computer": "evtx-PC", "UtcTime": "2022-04-04 11:18:55.861", "Provider": "Microsoft-Windows-Sysmon", "RuleName": "-", "ProcessGuid": "{e97d4e69-0000-0000-9170-030000000000}", "ProcessId": "3668", "Image": "C:\\Windows\\Sysmon.exe", "TargetFilename": "C:\\Windows\\Temp\\CabF963.tmp", "CreationUtcTime": "2022-04-04 11:18:55.861", "_source_file": "data/baseline/win7-x86/Microsoft-Windows-Sysmon%4Operational.evtx"}, {"EventID": 11, "Computer": "evtx-PC", "UtcTime": "2022-04-04 11:18:55.861", "Provider": "Microsoft-Windows-Sysmon", "RuleName": "-", "ProcessGuid": "{e97d4e69-0000-0000-9170-030000000000}", "ProcessId": "3668", "Image": "C:\\Windows\\Sysmon.exe", "TargetFilename": "C:\\Windows\\Temp\\TarF964.tmp", "CreationUtcTime": "2022-04-04 11:18:55.861", "_source_file": "data/baseline/win7-x86/Microsoft-Windows-Sysmon%4Operational.evtx"}, {"EventID": 12, "Computer": "evtx-PC", "UtcTime": "2022-04-04 11:18:55.892", "Provider": "Microsoft-Windows-Sysmon", "RuleName": "-", "EventType": "CreateKey", "ProcessGuid": "{e97d4e69-0000-0000-44d3-000000000000}", "ProcessId": "1244", "Image": "C:\\Windows\\system32\\svchost.exe", "TargetObject": "HKLM\\SOFTWARE", "_source_file": "data/baseline/win7-x86/Microsoft-Windows-Sysmon%4Operational.evtx"}, {"EventID": 12, "Computer": "evtx-PC", "UtcTime": "2022-04-04 11:18:55.892", "Provider": "Microsoft-Windows-Sysmon", "RuleName": "-", "EventType": "CreateKey", "ProcessGuid": "{e97d4e69-0000-0000-44d3-000000000000}", "ProcessId": "1244", "Image": "C:\\Windows\\system32\\svchost.exe", "TargetObject": "HKLM\\SOFTWARE\\Microsoft", "_source_file": "data/baseline/win7-x86/Microsoft-Windows-Sysmon%4Operational.evtx"}, {"EventID": 12, "Computer": "evtx-PC", "UtcTime": "2022-04-04 11:18:55.892", "Provider": "Microsoft-Windows-Sysmon", "RuleName": "-", "EventType": "CreateKey", "ProcessGuid": "{e97d4e69-0000-0000-44d3-000000000000}", "ProcessId": "1244", "Image": "C:\\Windows\\system32\\svchost.exe", "TargetObject": "HKLM\\SOFTWARE\\Microsoft\\SystemCertificates", "_source_file": "data/baseline/win7-x86/Microsoft-Windows-Sysmon%4Operational.evtx"}, 