{"EventID": 5, "Computer": "evtx-PC", "UtcTime": "2022-04-04 11:19:43.732", "Provider": "Microsoft-Windows-Sysmon", "RuleName": "-", "ProcessGuid": "{e97d4e69-0000-0000-96f9-040000000000}", "ProcessId": "356", "Image": "C:\\Program Files\\Google\\Chrome\\Application\\chrome.exe", "_source_file": "data/baseline/win7-x86/Microsoft-Windows-Sysmon%4Operational.evtx"}, {"EventID": 26, "Computer": "evtx-PC", "UtcTime": "2022-04-04 11:19:43.732", "Provider": "Microsoft-Windows-Sysmon", "RuleName": "-", "ProcessGuid": "{e97d4e69-0000-0000-47f9-030000000000}", "ProcessId": "4020", "User": "evtx-PC\\evtx", "Image": "C:\\Program Files\\Google\\Chrome\\Application\\chrome.exe", "TargetFilename": "C:\\Users\\evtx\\AppData\\Local\\Google\\Chrome\\User Data\\Local State~RF1b198.TMP", "Hashes": "SHA1=77E38C114C7ADE1D6E3D6FCC089EE5F2AB92C0EE,MD5=51E96D3B88A39DA32DFA56E917A886D9,SHA256=48D1CA71EAA95A6002C8A16F5965C8A5465C686026439D575ACDC280FE65CB64,IMPHASH=00000000000000000000000000000000", "IsExecutable": "False", "_source_file": "data/baseline/win7-x86/Microsoft-Windows-Sysmon%4Operational.evtx"}, {"EventID": 11, "Computer": "evtx-PC", "UtcTime": "2022-04-04 11:19:43.735", "Provider": "Microsoft-Windows-Sysmon", "RuleName": "-", "ProcessGuid": "{e97d4e69-0000-0000-47f9-030000000000}", "ProcessId": "4020", "Image": "C:\\Program Files\\Google\\Chrome\\Application\\chrome.exe", "TargetFilename": "C:\\Users\\evtx\\AppData\\Local\\Google\\Chrome\\User Data\\00fa8923-6744-444e-9fbf-9b6919383bc5.tmp", "CreationUtcTime": "2022-04-04 11:19:43.732", "_source_file": "data/baseline/win7-x86/Microsoft-Windows-Sysmon%4Operational.evtx"}, {"EventID": 12, "Computer": "evtx-PC", "UtcTime": "2022-04-04 11:19:43.743", "Provider": "Microsoft-Windows-Sysmon", "RuleName": "-", "EventType": "CreateKey", "ProcessGuid": "{e97d4e69-0000-0000-47f9-030000000000}", "ProcessId": "4020", "Image": "C:\\Program Files\\Google\\Chrome\\Application\\chrome.exe", "TargetObject": "HKU\\S-1-5-21-712794737-353456615-3249761964-1001\\Software\\Microsoft\\Windows\\CurrentVersion\\Run", "_source_file": "data/baseline/win7-x86/Microsoft-Windows-Sysmon%4Operational.evtx"}, {"EventID": 5, "Computer": "evtx-PC", "UtcTime": "2022-04-04 11:19:43.745", "Provider": "Microsoft-Windows-Sysmon", "RuleName": "-", "ProcessGuid": "{e97d4e69-0000-0000-fc6e-040000000000}", "ProcessId": "3900", "Image": "C:\\Program Files\\Google\\Chrome\\Application\\chrome.exe", "_source_file": "data/baseline/win7-x86/Microsoft-Windows-Sysmon%4Operational.evtx"}, {"EventID": 5, "Computer": "evtx-PC", "UtcTime": "2022-04-04 11:19:43.746", "Provider": "Microsoft-Windows-Sysmon", "RuleName": "-", "ProcessGuid": "{e97d4e69-0000-0000-74ce-040000000000}", "ProcessId": "2252", "Image": "C:\\Program Files\\Google\\Chrome\\Application\\chrome.exe", "_source_file": "data/baseline/win7-x86/Microsoft-Windows-Sysmon%4Operational.evtx"}, {"EventID": 2, "Computer": "evtx-PC", "UtcTime": "2022-04-04 11:19:43.750", "Provider": "Microsoft-Windows-Sysmon", "RuleName": "-", "ProcessGuid": "{e97d4e69-0000-0000-47f9-030000000000}", "ProcessId": "4020", "Image": "C:\\Program Files\\Google\\Chrome\\Application\\chrome.exe", "TargetFilename": "C:\\Users\\evtx\\AppData\\Local\\Google\\Chrome\\User Data\\00fa8923-6744-444e-9fbf-9b6919383bc5.tmp", "CreationUtcTime": "2022-04-04 10:16:49.583", "PreviousCreationUtcTime": "2022-04-04 11:19:43.732", "_source_file": "data/baseline/win7-x86/Microsoft-Windows-Sysmon%4Operational.evtx"}, {"EventID": 11, "Computer": "evtx-PC", "UtcTime": "2022-04-04 11:19:43.751", "Provider": "Microsoft-Windows-Sysmon", "RuleName": "-", "ProcessGuid": "{e97d4e69-0000-0000-47f9-030000000000}", "ProcessId": "4020", "Image": "C:\\Program Files\\Google\\Chrome\\Application\\chrome.exe", "TargetFilename": "C:\\Users\\evtx\\AppData\\Local\\Google\\Chrome\\User Data\\Local State~RF1b1a7.TMP", "CreationUtcTime": "2022-04-04 11:19:43.750", "_source_file": "data/baseline/win7-x86/Microsoft-Windows-Sysmon%4Operational.evtx"}, {"EventID": 26, "Computer": "evtx-PC", "UtcTime": "2022-04-04 11:19:43.751", "Provider": "Microsoft-Windows-Sysmon", "RuleName": "-", "ProcessGuid": "{e97d4e69-0000-0000-74ce-040000000000}", "ProcessId": "2252", "User": "evtx-PC\\evtx", "Image": "C:\\Program Files\\Google\\Chrome\\Application\\chrome.exe", "TargetFilename": "C:\\Users\\evtx\\AppData\\Local\\Temp\\e58b6a40-b390-4061-a027-efed5176bcaa.tmp", "Hashes": "SHA1=B6C764B21EA3F927A31E4C4A367F0875C5F44E65,MD5=4380F3DDC5DF3737535D01927D0BB6F7,SHA256=785DDBE38692C77AFF2C6EC6B32E33976EC90DEABA4A9FF3796739790A8E6595,IMPHASH=00000000000000000000000000000000", "IsExecutable": "False", "_source_file": "data/baseline/win7-x86/Microsoft-Windows-Sysmon%4Operational.evtx"}, {"EventID": 26, "Computer": "evtx-PC", "UtcTime": "2022-04-04 11:19:43.752", "Provider": "Microsoft-Windows-Sysmon", "RuleName": "-", "ProcessGuid": "{e97d4e69-0000-0000-47f9-030000000000}", "ProcessId": "4020", "User": "evtx-PC\\evtx", "Image": "C:\\Program Files\\Google\\Chrome\\Application\\chrome.exe", "TargetFilename": "C:\\Users\\evtx\\AppData\\Local\\Google\\Chrome\\User Data\\Local State~RF1b1a7.TMP", "Hashes": "SHA1=05B5405490CD2D228356060C3704C393C7B87D8B,MD5=578EB6B4C5409FDB580569A2A39F5157,SHA256=AE3CC64B8BF2331145D1432A16F5FC95B4795F943913A61499BA1A561C7CFE06,IMPHASH=00000000000000000000000000000000", "IsExecutable": "False", "_source_file": "data/baseline/win7-x86/Microsoft-Windows-Sysmon%4Operational.evtx"}, {"EventID": 11, "Computer": "evtx-PC", "UtcTime": "2022-04-04 11:19:43.759", "Provider": "Microsoft-Windows-Sysmon", "RuleName": "-", "ProcessGuid": "{e97d4e69-0000-0000-47f9-030000000000}", "ProcessId": "4020", "Image": "C:\\Program Files\\Google\\Chrome\\Application\\chrome.exe", "TargetFilename": "C:\\Users\\evtx\\AppData\\Local\\Google\\Chrome\\User Data\\Default\\7a56dacc-90e5-4d87-9a55-951200cdc838.tmp", "CreationUtcTime": "2022-04-04 11:19:43.759", "_source_file": "data/baseline/win7-x86/Microsoft-Windows-Sysmon%4Operational.evtx"}, {"EventID": 11, "Computer": "evtx-PC", "UtcTime": "2022-04-04 11:19:43.761", "Provider": "Microsoft-Windows-Sysmon", "RuleName": "-", "ProcessGuid": "{e97d4e69-0000-0000-47f9-030000000000}", "ProcessId": "4020", "Image": "C:\\Program Files\\Google\\Chrome\\Application\\chrome.exe", "TargetFilename": "C:\\Users\\evtx\\AppData\\Local\\Google\\Chrome\\User Data\\05fdb843-5900-48ad-b42f-ade5d15902e1.tmp", "CreationUtcTime": "2022-04-04 11:19:43.760", "_source_file": "data/baseline/win7-x86/Microsoft-Windows-Sysmon%4Operational.evtx"}, {"EventID": 10, "Computer": "evtx-PC", "UtcTime": "2022-04-04 11:19:43.761", "Provider": "Microsoft-Windows-Sysmon", "RuleName": "-", "SourceProcessGUID": "{e97d4e69-0000-0000-1bad-000000000000}", "SourceProcessId": "892", "SourceThreadId": "3492", "SourceImage": "C:\\Windows\\System32\\svchost.exe", "TargetProcessGUID": "{e97d4e69-0000-0000-47f9-030000000000}", "TargetProcessId": "4020", "TargetImage": "C:\\Program Files\\Google\\Chrome\\Application\\chrome.exe", "GrantedAccess": "0x00001400", "CallTrace": "C:\\Windows\\SYSTEM32\\ntdll.dll+451dc|C:\\Windows\\system32\\KERNELBASE.dll+6dc1|c:\\windows\\system32\\audiosrv.dll+5de5|c:\\windows\\system32\\audiosrv.dll+6058|C:\\Windows\\system32\\RPCRT4.dll+2fc8f|C:\\Windows\\system32\\RPCRT4.dll+94c53|C:\\Windows\\system32\\RPCRT4.dll+9430e|C:\\Windows\\system32\\RPCRT4.dll+2f34a|C:\\Windows\\system32\\RPCRT4.dll+2f4da|C:\\Windows\\system32\\RPCRT4.dll+2f3c6|C:\\Windows\\system32\\RPCRT4.dll+23974|C:\\Windows\\system32\\RPCRT4.dll+2f7a4|C:\\Windows\\system32\\RPCRT4.dll+2f763|C:\\Windows\\system32\\RPCRT4.dll+2f5ff|C:\\Windows\\system32\\RPCRT4.dll+2f573|C:\\Windows\\system32\\RPCRT4.dll+2ee4f", "_source_file": "data/baseline/win7-x86/Microsoft-Windows-Sysmon%4Operational.evtx"}, {"EventID": 11, "Computer": "evtx-PC", "UtcTime": "2022-04-04 11:19:43.763", "Provider": "Microsoft-Windows-Sysmon", "RuleName": "-", "ProcessGuid": "{e97d4e69-0000-0000-8505-040000000000}", "ProcessId": "1036", "Image": "C:\\Program Files\\Google\\Chrome\\Application\\chrome.exe", "TargetFilename": "C:\\Users\\evtx\\AppData\\Local\\Google\\Chrome\\User Data\\Default\\Network\\0a24b263-ae5e-450b-bb50-27c5cfb087d5.tmp", "CreationUtcTime": "2022-04-04 11:19:43.762", "_source_file": "data/baseline/win7-x86/Microsoft-Windows-Sysmon%4Operational.evtx"}, {"EventID": 5, "Computer": "evtx-PC", "UtcTime": "2022-04-04 11:19:43.784", "Provider": "Microsoft-Windows-Sysmon", "RuleName": "-", "ProcessGuid": "{e97d4e69-0000-0000-2a55-040000000000}", "ProcessId": "3460", "Image": "C:\\Program Files\\Google\\Chrome\\Application\\chrome.exe", "_source_file": "data/baseline/win7-x86/Microsoft-Windows-Sysmon%4Operational.evtx"}, {"EventID": 5, "Computer": "evtx-PC", "UtcTime": "2022-04-04 11:19:43.784", "Provider": "Microsoft-Windows-Sysmon", "RuleName": "-", "ProcessGuid": "{e97d4e69-0000-0000-50a6-040000000000}", "ProcessId": "652", "Image": "C:\\Program Files\\Google\\Chrome\\Application\\chrome.exe", "_source_file": "data/baseline/win7-x86/Microsoft-Windows-Sysmon%4Operational.evtx"}, {"EventID": 5, "Computer": "evtx-PC", "UtcTime": "2022-04-04 11:19:43.784", "Provider": "Microsoft-Windows-Sysmon", "RuleName": "-", "ProcessGuid": "{e97d4e69-0000-0000-b4e2-040000000000}", "ProcessId": "3168", "Image": "C:\\Program Files\\Google\\Chrome\\Application\\chrome.exe", "_source_file": "data/baseline/win7-x86/Microsoft-Windows-Sysmon%4Operational.evtx"}, {"EventID": 26, "Computer": "evtx-PC", "UtcTime": "2022-04-04 11:19:43.784", "Provider": "Microsoft-Windows-Sysmon", "RuleName": "-", "ProcessGuid": "{e97d4e69-0000-0000-b4e2-040000000000}", "ProcessId": "3168", "User": "evtx-PC\\evtx", "Image": "C:\\Program Files\\Google\\Chrome\\Application\\chrome.exe", "TargetFilename": "C:\\Users\\evtx\\AppData\\Local\\Temp\\21661a0c-c7db-412a-a802-96123845db4a.tmp", "Hashes": "SHA1=B4017CD0841920090C7C27FB2BD978228E8F0F28,MD5=32A25B2BBBB99903B6B3711ECC422D9E,SHA256=F43F36A8E6D6F4229E5322223714D4B22F7D549F0E69F1CC9DE0CFECF8AF3CD8,IMPHASH=00000000000000000000000000000000", "IsExecutable": "False", "_source_file": "data/baseline/win7-x86/Microsoft-Windows-Sysmon%4Operational.evtx"}, {"EventID": 2, "Computer": "evtx-PC", "UtcTime": "2022-04-04 11:19:43.784", "Provider": "Microsoft-Windows-Sysmon", "RuleName": "-", "ProcessGuid": "{e97d4e69-0000-0000-47f9-030000000000}", "ProcessId": "4020", "Image": "C:\\Program Files\\Google\\Chrome\\Application\\chrome.exe", "TargetFilename": "C:\\Users\\evtx\\AppData\\Local\\Google\\Chrome\\User Data\\05fdb843-5900-48ad-b42f-ade5d15902e1.tmp", "CreationUtcTime": "2022-04-04 10:16:49.583", "PreviousCreationUtcTime": "2022-04-04 11:19:43.760", "_source_file": "data/baseline/win7-x86/Microsoft-Windows-Sysmon%4Operational.evtx"}, {"EventID": 11, "Computer": "evtx-PC", "UtcTime": "2022-04-04 11:19:43.784", "Provider": "Microsoft-Windows-Sysmon", "RuleName": "-", "ProcessGuid": "{e97d4e69-0000-0000-47f9-030000000000}", "ProcessId": "4020", "Image": "C:\\Program Files\\Google\\Chrome\\Application\\chrome.exe", "TargetFilename": "C:\\Users\\evtx\\AppData\\Local\\Google\\Chrome\\User Data\\Local State~RF1b1b7.TMP", "CreationUtcTime": "2022-04-04 11:19:43.784", "_source_file": "data/baseline/win7-x86/Microsoft-Windows-Sysmon%4Operational.evtx"}, {"EventID": 26, "Computer": "evtx-PC", "UtcTime": "2022-04-04 11:19:43.802", "Provider": "Microsoft-Windows-Sysmon", "RuleName": "-", "ProcessGuid": "{e97d4e69-0000-0000-47f9-030000000000}", "ProcessId": "4020", "User": "evtx-PC\\evtx", "Image": "C:\\Program Files\\Google\\Chrome\\Application\\chrome.exe", "TargetFilename": "C:\\Users\\evtx\\AppData\\Local\\Google\\Chrome\\User Data\\Local State~RF1b1b7.TMP", "Hashes": "SHA1=444181A55E7BFA555842EB8BAF6F7904C9015FBE,MD5=9C186F818DB2D8A6148C5A58A46C5B0E,SHA256=93F6B070C12F7C575F0D3C6C8A2393FCD685C31E71EEFEA1EBE509BFB42533EE,IMPHASH=00000000000000000000000000000000", "IsExecutable": "False", "_source_file": "data/baseline/win7-x86/Microsoft-Windows-Sysmon%4Operational.evtx"}, {"EventID": 5, "Computer": "evtx-PC", "UtcTime": "2022-04-04 11:19:43.802", "Provider": "Microsoft-Windows-Sysmon", "RuleName": "-", "ProcessGuid": "{e97d4e69-0000-0000-2fcc-040000000000}", "ProcessId": "1908", "Image": "C:\\Program Files\\Google\\Chrome\\Application\\chrome.exe", "_source_file": "data/baseline/win7-x86/Microsoft-Windows-Sysmon%4Operational.evtx"}, {"EventID": 26, "Computer": "evtx-PC", "UtcTime": "2022-04-04 11:19:43.802", "Provider": "Microsoft-Windows-Sysmon", "RuleName": "-", "ProcessGuid": "{e97d4e69-0000-0000-2a55-040000000000}", "ProcessId": "3460", "User": "evtx-PC\\evtx", "Image": "C:\\Program Files\\Google\\Chrome\\Application\\chrome.exe", "TargetFilename": "C:\\Users\\evtx\\AppData\\Local\\Temp\\7e4e2f30-79dd-433a-b474-2f87a6d64b59.tmp", "Hashes": "SHA1=CD7EEC5F8D8F6CE23BDD473E1315C58E5B6B862B,MD5=E0142305864C8042449DBD909E55F52F,SHA256=6FEC6EBB8DEE45F3C66F889141AB7AD276F8196472DF9B7B335C71540E69BA59,IMPHASH=00000000000000000000000000000000", "IsExecutable": "False", "_source_file": "data/baseline/win7-x86/Microsoft-Windows-Sysmon%4Operational.evtx"}, {"EventID": 11, "Computer": "evtx-PC", "UtcTime": "2022-04-04 11:19:43.802", "Provider": "Microsoft-Windows-Sysmon", "RuleName": "-", "ProcessGuid": "{e97d4e69-0000-0000-8505-040000000000}", "ProcessId": "1036", "Image": "C:\\Program Files\\Google\\Chrome\\Application\\chrome.exe", "TargetFilename": "C:\\Users\\evtx\\AppData\\Local\\Google\\Chrome\\User Data\\Default\\Network\\188aa5e0-8214-4706-87b3-69b25f1583b1.tmp", "CreationUtcTime": "2022-04-04 11:19:43.767", "_source_file": "data/baseline/win7-x86/Microsoft-Windows-Sysmon%4Operational.evtx"}, {"EventID": 26, "Computer": "evtx-PC", "UtcTime": "2022-04-04 11:19:43.802", "Provider": "Microsoft-Windows-Sysmon", "RuleName": "-", "ProcessGuid": "{e97d4e69-0000-0000-2fcc-040000000000}", "ProcessId": "1908", "User": "evtx-PC\\evtx", "Image": "C:\\Program Files\\Google\\Chrome\\Application\\chrome.exe", "TargetFilename": "C:\\Users\\evtx\\AppData\\Local\\Temp\\3c94e9a7-8b0d-49aa-abb8-b1617ae60104.tmp", "Hashes": "SHA1=D84412ECEB792B2087AECDECCA3933C82BB416CC,MD5=8E47B872B3610E552FA3958AA6FBCDFF,SHA256=BA080EB913DB0A5155577B084E1B5EDD89BB8E5640B8D678A97FCF6CEE6D0312,IMPHASH=00000000000000000000000000000000", "IsExecutable": "False", "_source_file": "data/baseline/win7-x86/Microsoft-Windows-Sysmon%4Operational.evtx"}, {"EventID": 5, "Computer": "evtx-PC", "UtcTime": "2022-04-04 11:19:43.802", "Provider": "Microsoft-Windows-Sysmon", "RuleName": "-", "ProcessGuid": "{e97d4e69-0000-0000-13ad-040000000000}", "ProcessId": "1668", "Image": "C:\\Program Files\\Google\\Chrome\\Application\\chrome.exe", "_source_file": "data/baseline/win7-x86/Microsoft-Windows-Sysmon%4Operational.evtx"}, {"EventID": 2, "Computer": "evtx-PC", "UtcTime": "2022-04-04 11:19:43.802", "Provider": "Microsoft-Windows-Sysmon", "RuleName": "-", "ProcessGuid": "{e97d4e69-0000-0000-47f9-030000000000}", "ProcessId": "4020", "Image": "C:\\Program Files\\Google\\Chrome\\Application\\chrome.exe", "TargetFilename": "C:\\Users\\evtx\\AppData\\Local\\Google\\Chrome\\User Data\\Default\\7a56dacc-90e5-4d87-9a55-951200cdc838.tmp", "CreationUtcTime": "2022-04-04 10:16:49.567", "PreviousCreationUtcTime": "2022-04-04 11:19:43.759", "_source_file": "data/baseline/win7-x86/Microsoft-Windows-Sysmon%4Operational.evtx"}, {"EventID": 26, "Computer": "evtx-PC", "UtcTime": "2022-04-04 11:19:43.819", "Provider": "Microsoft-Windows-Sysmon", "RuleName": "-", "ProcessGuid": "{e97d4e69-0000-0000-13ad-040000000000}", "ProcessId": "1668", "User": "evtx-PC\\evtx", "Image": "C:\\Program Files\\Google\\Chrome\\Application\\chrome.exe", "TargetFilename": "C:\\Users\\evtx\\AppData\\Local\\Temp\\7843950c-dca2-428d-a923-388631be77de.tmp", "Hashes": "SHA1=1B85E61428738FEE84897762BEA386FD87FC34F4,MD5=88CFF1AFCE5C46879E6206E5A4691E58,SHA256=D120EAF66497F8EF57CD8FE319FACE65C70AC664957DEF70C2C87E182F0614FD,IMPHASH=00000000000000000000000000000000", "IsExecutable": "False", "_source_file": "data/baseline/win7-x86/Microsoft-Windows-Sysmon%4Operational.evtx"}, {"EventID": 2, "Computer": "evtx-PC", "UtcTime": "2022-04-04 11:19:43.819", "Provider": "Microsoft-Windows-Sysmon", "RuleName": "-", "ProcessGuid": "{e97d4e69-0000-0000-8505-040000000000}", "ProcessId": "1036", "Image": "C:\\Program Files\\Google\\Chrome\\Application\\chrome.exe", "TargetFilename": "C:\\Users\\evtx\\AppData\\Local\\Google\\Chrome\\User Data\\Default\\Network\\188aa5e0-8214-4706-87b3-69b25f1583b1.tmp", "CreationUtcTime": "2022-04-04 10:16:59.824", "PreviousCreationUtcTime": "2022-04-04 11:19:43.767", "_source_file": "data/baseline/win7-x86/Microsoft-Windows-Sysmon%4Operational.evtx"}, {"EventID": 11, "Computer": "evtx-PC", "UtcTime": "2022-04-04 11:19:43.819", "Provider": "Microsoft-Windows-Sysmon", "RuleName": "-", "ProcessGuid": "{e97d4e69-0000-0000-47f9-030000000000}", "ProcessId": "4020", "Image": "C:\\Program Files\\Google\\Chrome\\Application\\chrome.exe", "TargetFilename": "C:\\Users\\evtx\\AppData\\Local\\Google\\Chrome\\User Data\\Default\\Preferences~RF1b1d6.TMP", "CreationUtcTime": "2022-04-04 11:19:43.819", "_source_file": "data/baseline/win7-x86/Microsoft-Windows-Sysmon%4Operational.evtx"}, {"EventID": 26, "Computer": "evtx-PC", "UtcTime": "2022-04-04 11:19:43.819", "Provider": "Microsoft-Windows-Sysmon", "RuleName": "-", "ProcessGuid": "{e97d4e69-0000-0000-47f9-030000000000}", "ProcessId": "4020", "User": "evtx-PC\\evtx", "Image": "C:\\Program Files\\Google\\Chrome\\Application\\chrome.exe", "TargetFilename": "C:\\Users\\evtx\\AppData\\Local\\Google\\Chrome\\User Data\\Default\\Preferences~RF1b1d6.TMP", "Hashes": "SHA1=0F2890AA319188791686CBAC0BDF150851300EB3,MD5=BFCCE627111814471C983632149E1D9E,SHA256=495B2B2FCDE658A006AB5FD812726C3A4B0BCAE8CF8DF660E7D493AB50052E5D,IMPHASH=00000000000000000000000000000000", "IsExecutable": "False", "_source_file": "data/baseline/win7-x86/Microsoft-Windows-Sysmon%4Operational.evtx"}, {"EventID": 11, "Computer": "evtx-PC", "UtcTime": "2022-04-04 11:19:43.819", "Provider": "Microsoft-Windows-Sysmon", "RuleName": "-", "ProcessGuid": "{e97d4e69-0000-0000-8505-040000000000}", "ProcessId": "1036", "Image": "C:\\Program Files\\Google\\Chrome\\Application\\chrome.exe", "TargetFilename": "C:\\Users\\evtx\\AppData\\Local\\Google\\Chrome\\User Data\\Default\\Network\\Network Persistent State~RF1b1d6.TMP", "CreationUtcTime": "2022-04-04 11:19:43.819", "_source_file": "data/baseline/win7-x86/Microsoft-Windows-Sysmon%4Operational.evtx"}, {"EventID": 26, "Computer": "evtx-PC", "UtcTime": "2022-04-04 11:19:43.819", "Provider": "Microsoft-Windows-Sysmon", "RuleName": "-", "ProcessGuid": "{e97d4e69-0000-0000-8505-040000000000}", "ProcessId": "1036", "User": "evtx-PC\\evtx", "Image": "C:\\Program Files\\Google\\Chrome\\Application\\chrome.exe", "TargetFilename": "C:\\Users\\evtx\\AppData\\Local\\Google\\Chrome\\User Data\\Default\\Network\\Network Persistent State~RF1b1d6.TMP", "Hashes": "SHA1=ACF7E3ED8F32ED1B78A4409718ECF709B9CA181B,MD5=C868499F33F96F701085FDD4CE158533,SHA256=B42C3192D18345F7CAE71A62A1DB3C0F5A6F7E3E793FD0BD036996C5A4908070,IMPHASH=00000000000000000000000000000000", "IsExecutable": "False", "_source_file": "data/baseline/win7-x86/Microsoft-Windows-Sysmon%4Operational.evtx"}, {"EventID": 2, "Computer": "evtx-PC", "UtcTime": "2022-04-04 11:19:43.974", "Provider": "Microsoft-Windows-Sysmon", "RuleName": "-", "ProcessGuid": "{e97d4e69-0000-0000-8505-040000000000}", "ProcessId": "1036", "Image": "C:\\Program Files\\Google\\Chrome\\Application\\chrome.exe", "TargetFilename": "C:\\Users\\evtx\\AppData\\Local\\Google\\Chrome\\User Data\\Default\\Network\\0a24b263-ae5e-450b-bb50-27c5cfb087d5.tmp", "CreationUtcTime": "2022-04-04 10:17:00.250", "PreviousCreationUtcTime": "2022-04-04 11:19:43.762", "_source_file": "data/baseline/win7-x86/Microsoft-Windows-Sysmon%4Operational.evtx"}, {"EventID": 11, "Computer": "evtx-PC", "UtcTime": "2022-04-04 11:19:43.974", "Provider": "Microsoft-Windows-Sysmon", "RuleName": "-", "ProcessGuid": "{e97d4e69-0000-0000-8505-040000000000}", "ProcessId": "1036", "Image": "C:\\Program Files\\Google\\Chrome\\Application\\chrome.exe", "TargetFilename": "C:\\Users\\evtx\\AppData\\Local\\Google\\Chrome\\User Data\\Default\\Network\\TransportSecurity~RF1b263.TMP", "CreationUtcTime": "2022-04-04 11:19:43.974", "_source_file": "data/baseline/win7-x86/Microsoft-Windows-Sysmon%4Operational.evtx"}, {"EventID": 26, "Computer": "evtx-PC", "UtcTime": "2022-04-04 11:19:43.974", "Provider": "Microsoft-Windows-Sysmon", "RuleName": "-", "ProcessGuid": "{e97d4e69-0000-0000-8505-040000000000}", "ProcessId": "1036", "User": "evtx-PC\\evtx", "Image": "C:\\Program Files\\Google\\Chrome\\Application\\chrome.exe", "TargetFilename": "C:\\Users\\evtx\\AppData\\Local\\Google\\Chrome\\User Data\\Default\\Network\\TransportSecurity~RF1b263.TMP", "Hashes": "SHA1=6B2F358E2DC484F2FCB771F663709DD5CCE55100,MD5=77A722DAFB491BB05B8F5CDC2F4DE2CB,SHA256=5BC5DD631A61DE7A26DB95D9D8D3642BDBEE7EA06EF0CB2866B0F3F6471FD68F,IMPHASH=00000000000000000000000000000000", "IsExecutable": "False", "_source_file": "data/baseline/win7-x86/Microsoft-Windows-Sysmon%4Operational.evtx"}, {"EventID": 5, "Computer": "evtx-PC", "UtcTime": "2022-04-04 11:19:43.974", "Provider": "Microsoft-Windows-Sysmon", "RuleName": "-", "ProcessGuid": "{e97d4e69-0000-0000-8505-040000000000}", "ProcessId": "1036", "Image": "C:\\Program Files\\Google\\Chrome\\Application\\chrome.exe", "_source_file": "data/baseline/win7-x86/Microsoft-Windows-Sysmon%4Operational.evtx"}, {"EventID": 5, "Computer": "evtx-PC", "UtcTime": "2022-04-04 11:19:43.991", "Provider": "Microsoft-Windows-Sysmon", "RuleName": "-", "ProcessGuid": "{e97d4e69-0000-0000-5808-040000000000}", "ProcessId": "888", "Image": "C:\\Program Files\\Google\\Chrome\\Application\\chrome.exe", "_source_file": "data/baseline/win7-x86/Microsoft-Windows-Sysmon%4Operational.evtx"}, {"EventID": 5, "Computer": "evtx-PC", "UtcTime": "2022-04-04 11:19:43.991", "Provider": "Microsoft-Windows-Sysmon", "RuleName": "-", "ProcessGuid": "{e97d4e69-0000-0000-322e-040000000000}", "ProcessId": "3076", "Image": "C:\\Program Files\\Google\\Chrome\\Application\\chrome.exe", "_source_file": "data/baseline/win7-x86/Microsoft-Windows-Sysmon%4Operational.evtx"}, {"EventID": 5, "Computer": "evtx-PC", "UtcTime": "2022-04-04 11:19:43.991", "Provider": "Microsoft-Windows-Sysmon", "RuleName": "-", "ProcessGuid": "{e97d4e69-0000-0000-71f7-040000000000}", "ProcessId": "1628", "Image": "C:\\Program Files\\Google\\Chrome\\Application\\chrome.exe", "_source_file": "data/baseline/win7-x86/Microsoft-Windows-Sysmon%4Operational.evtx"}, {"EventID": 11, "Computer": "evtx-PC", "UtcTime": "2022-04-04 11:19:43.991", "Provider": "Microsoft-Windows-Sysmon", "RuleName": "-", "ProcessGuid": "{e97d4e69-0000-0000-47f9-030000000000}", "ProcessId": "4020", "Image": "C:\\Program Files\\Google\\Chrome\\Application\\chrome.exe", "TargetFilename": "C:\\Users\\evtx\\AppData\\Local\\Google\\Chrome\\User Data\\chrome_shutdown_ms.txt", "CreationUtcTime": "2022-04-04 11:19:43.991", "_source_file": "data/baseline/win7-x86/Microsoft-Windows-Sysmon%4Operational.evtx"}, {"EventID": 5, "Computer": "evtx-PC", "UtcTime": "2022-04-04 11:19:43.991", "Provider": "Microsoft-Windows-Sysmon", "RuleName": "-", "ProcessGuid": "{e97d4e69-0000-0000-47f9-030000000000}", "ProcessId": "4020", "Image": "C:\\Program Files\\Google\\Chrome\\Application\\chrome.exe", "_source_file": "data/baseline/win7-x86/Microsoft-Windows-Sysmon%4Operational.evtx"}, {"EventID": 5, "Computer": "evtx-PC", "UtcTime": "2022-04-04 11:19:44.008", "Provider": "Microsoft-Windows-Sysmon", "RuleName": "-", "ProcessGuid": "{e97d4e69-0000-0000-affb-030000000000}", "ProcessId": "4036", "Image": "C:\\Program Files\\Google\\Chrome\\Application\\chrome.exe", "_source_file": "data/baseline/win7-x86/Microsoft-Windows-Sysmon%4Operational.evtx"}, {"EventID": 13, "Computer": "evtx-PC", "UtcTime": "2022-04-04 11:19:45.864", "Provider": "Microsoft-Windows-Sysmon", "RuleName": "-", "EventType": "SetValue", "ProcessGuid": "{e97d4e69-0000-0000-f682-010000000000}", "ProcessId": "1272", "Image": "C:\\Windows\\Explorer.EXE", "TargetObject": "HKU\\S-1-5-21-712794737-353456615-3249761964-1001\\Software\\Microsoft\\Windows\\CurrentVersion\\Explorer\\UserAssist\\{CEBFF5CD-ACE2-4F4F-9178-9926F41749EA}\\Count\\{Q65231O0-O2S1-4857-N4PR-N8R7P6RN7Q27}\\pzq.rkr", "Details": "Binary Data", "_source_file": "data/baseline/win7-x86/Microsoft-Windows-Sysmon%4Operational.evtx"}, {"EventID": 13, "Computer": "evtx-PC", "UtcTime": "2022-04-04 11:19:45.864", "Provider": "Microsoft-Windows-Sysmon", "RuleName": "-", "EventType": "SetValue", "ProcessGuid": "{e97d4e69-0000-0000-f682-010000000000}", "ProcessId": "1272", "Image": "C:\\Windows\\Explorer.EXE", "TargetObject": "HKU\\S-1-5-21-712794737-353456615-3249761964-1001\\Software\\Microsoft\\Windows\\CurrentVersion\\Explorer\\UserAssist\\{CEBFF5CD-ACE2-4F4F-9178-9926F41749EA}\\Count\\HRZR_PGYFRFFVBA", "Details": "Binary Data", "_source_file": "data/baseline/win7-x86/Microsoft-Windows-Sysmon%4Operational.evtx"}, {"EventID": 13, "Computer": "evtx-PC", "UtcTime": "2022-04-04 11:19:45.864", "Provider": "Microsoft-Windows-Sysmon", "RuleName": "-", "EventType": "SetValue", "ProcessGuid": "{e97d4e69-0000-0000-f682-010000000000}", "ProcessId": "1272", "Image": "C:\\Windows\\Explorer.EXE", "TargetObject": "HKU\\S-1-5-21-712794737-353456615-3249761964-1001\\Software\\Microsoft\\Windows\\CurrentVersion\\Explorer\\UserAssist\\{CEBFF5CD-ACE2-4F4F-9178-9926F41749EA}\\Count\\{Q65231O0-O2S1-4857-N4PR-N8R7P6RN7Q27}\\pzq.rkr", "Details": "Binary Data", "_source_file": "data/baseline/win7-x86/Microsoft-Windows-Sysmon%4Operational.evtx"}, {"EventID": 13, "Computer": "evtx-PC", "UtcTime": "2022-04-04 11:19:45.864", "Provider": "Microsoft-Windows-Sysmon", "RuleName": "-", "EventType": "SetValue", "ProcessGuid": "{e97d4e69-0000-0000-f682-010000000000}", "ProcessId": "1272", "Image": "C:\\Windows\\Explorer.EXE", "TargetObject": "HKU\\S-1-5-21-712794737-353456615-3249761964-1001\\Software\\Microsoft\\Windows\\CurrentVersion\\Explorer\\UserAssist\\{CEBFF5CD-ACE2-4F4F-9178-9926F41749EA}\\Count\\HRZR_PGYFRFFVBA", "Details": "Binary Data", "_source_file": "data/baseline/win7-x86/Microsoft-Windows-Sysmon%4Operational.evtx"}, {"EventID": 12, "Computer": "evtx-PC", "UtcTime": "2022-04-04 11:19:46.517", "Provider": "Microsoft-Windows-Sysmon", "RuleName": "-", "EventType": "CreateKey", "ProcessGuid": "{e97d4e69-0000-0000-1262-000000000000}", "ProcessId": "668", "Image": "C:\\Windows\\system32\\svchost.exe", "TargetObject": "HKLM\\System\\CurrentControlSet\\Control\\DeviceClasses", "_source_file": "data/baseline/win7-x86/Microsoft-Windows-Sysmon%4Operational.evtx"}, {"EventID": 12, "Computer": "evtx-PC", "UtcTime": "2022-04-04 11:19:46.534", "Provider": "Microsoft-Windows-Sysmon", "RuleName": "-", "EventType": "CreateKey", "ProcessGuid": "{e97d4e69-0000-0000-1262-000000000000}", "ProcessId": "668", "Image": "C:\\Windows\\system32\\svchost.exe", "TargetObject": "HKLM\\System\\CurrentControlSet\\Control\\DeviceClasses", "_source_file": "data/baseline/win7-x86/Microsoft-Windows-Sysmon%4Operational.evtx"}, {"EventID": 12, "Computer": "evtx-PC", "UtcTime": "2022-04-04 11:19:46.534", "Provider": "Microsoft-Windows-Sysmon", "RuleName": "-", "EventType": "CreateKey", "ProcessGuid": "{e97d4e69-0000-0000-1262-000000000000}", "ProcessId": "668", "Image": "C:\\Windows\\system32\\svchost.exe", "TargetObject": "HKLM\\System\\CurrentControlSet\\Control\\DeviceClasses", "_source_file": "data/baseline/win7-x86/Microsoft-Windows-Sysmon%4Operational.evtx"}, {"EventID": 12, "Computer": "evtx-PC", "UtcTime": "2022-04-04 11:19:46.552", "Provider": "Microsoft-Windows-Sysmon", "RuleName": "-", "EventType": "CreateKey", "ProcessGuid": "{e97d4e69-0000-0000-1262-000000000000}", "ProcessId": "668", "Image": "C:\\Windows\\system32\\svchost.exe", "TargetObject": "HKLM\\System\\CurrentControlSet\\Control\\DeviceClasses", "_source_file": "data/baseline/win7-x86/Microsoft-Windows-Sysmon%4Operational.evtx"}, {"EventID": 12, "Computer": "evtx-PC", "UtcTime": "2022-04-04 11:19:46.552", "Provider": "Microsoft-Windows-Sysmon", "RuleName": "-", "EventType": "CreateKey", "ProcessGuid": "{e97d4e69-0000-0000-1262-000000000000}", "ProcessId": "668", "Image": "C:\\Windows\\system32\\svchost.exe", "TargetObject": "HKLM\\System\\CurrentControlSet\\Control\\DeviceClasses", "_source_file": "data/baseline/win7-x86/Microsoft-Windows-Sysmon%4Operational.evtx"}, {"EventID": 12, "Computer": "evtx-PC", "UtcTime": "2022-04-04 11:19:46.552", "Provider": "Microsoft-Windows-Sysmon", "RuleName": "-", "EventType": "CreateKey", "ProcessGuid": "{e97d4e69-0000-0000-1262-000000000000}", "ProcessId": "668", "Image": "C:\\Windows\\system32\\svchost.exe", "TargetObject": "HKLM\\System\\CurrentControlSet\\Control\\DeviceClasses", "_source_file": "data/baseline/win7-x86/Microsoft-Windows-Sysmon%4Operational.evtx"}, {"EventID": 12, "Computer": "evtx-PC", "UtcTime": "2022-04-04 11:19:46.552", "Provider": "Microsoft-Windows-Sysmon", "RuleName": "-", "EventType": "CreateKey", "ProcessGuid": "{e97d4e69-0000-0000-1262-000000000000}", "ProcessId": "668", "Image": "C:\\Windows\\system32\\svchost.exe", "TargetObject": "HKLM\\System\\CurrentControlSet\\Control\\DeviceClasses", "_source_file": "data/baseline/win7-x86/Microsoft-Windows-Sysmon%4Operational.evtx"}, {"EventID": 7, "Computer": "evtx-PC", "UtcTime": "2022-04-04 11:19:46.552", "Provider": "Microsoft-Windows-Sysmon", "RuleName": "-", "ProcessGuid": "{e97d4e69-0000-0000-f682-010000000000}", "ProcessId": "1272", "Image": "C:\\Windows\\explorer.exe", "ImageLoaded": "C:\\Windows\\System32\\DeviceCenter.dll", "FileVersion": "6.1.7600.16385 (win7_rtm.090713-1255)", "Description": "Device Center", "Product": "Microsoft\u00ae Windows\u00ae Operating System", "Company": "Microsoft Corporation", "OriginalFileName": "devicecenter.dll", "Hashes": "SHA1=6C75B6F5E312677DD292C0DDB207E1D16315D677,MD5=3E19163966261CCDBA4C8C030E601998,SHA256=B5F16AEE9566AFE44D172A82449EF3088FFECA2B2C3A68862FA8727F3091E3B8,IMPHASH=AECBBCB8EBDF43E110AD111F56FD446A", "Signed": "true", "Signature": "Microsoft Windows", "SignatureStatus": "Valid", "_source_file": "data/baseline/win7-x86/Microsoft-Windows-Sysmon%4Operational.evtx"}, {"EventID": 12, "Computer": "evtx-PC", "UtcTime": "2022-04-04 11:19:46.569", "Provider": "Microsoft-Windows-Sysmon", "RuleName": "-", "EventType": "CreateKey", "ProcessGuid": "{e97d4e69-0000-0000-f682-010000000000}", "ProcessId": "1272", "Image": "C:\\Windows\\Explorer.EXE", "TargetObject": "HKU\\S-1-5-21-712794737-353456615-3249761964-1001\\Software\\Microsoft\\Windows\\CurrentVersion\\Internet Settings", "_source_file": "data/baseline/win7-x86/Microsoft-Windows-Sysmon%4Operational.evtx"}, {"EventID": 7, "Computer": "evtx-PC", "UtcTime": "2022-04-04 11:19:46.569", "Provider": "Microsoft-Windows-Sysmon", "RuleName": "-", "ProcessGuid": "{e97d4e69-0000-0000-f682-010000000000}", "ProcessId": "1272", "Image": "C:\\Windows\\explorer.exe", "ImageLoaded": "C:\\Windows\\System32\\wininet.dll", "FileVersion": "8.00.7600.16385 (win7_rtm.090713-1255)", "Description": "Internet Extensions for Win32", "Product": "Windows\u00ae Internet Explorer", "Company": "Microsoft Corporation", "OriginalFileName": "wininet.dll", "Hashes": "SHA1=7DB231853ED4C5EA89201061CD5366311C3DE5BB,MD5=0D874F3BC751CC2198AF2E6783FB8B35,SHA256=90528FB50283F4ED8299E2A5203CF204254171A9AC19F50B21B0235BAA042CDF,IMPHASH=26628AFE62ABB27CA873F4DB77128142", "Signed": "true", "Signature": "Microsoft Windows", "SignatureStatus": "Valid", "_source_file": "data/baseline/win7-x86/Microsoft-Windows-Sysmon%4Operational.evtx"}, {"EventID": 7, "Computer": "evtx-PC", "UtcTime": "2022-04-04 11:19:46.569", "Provider": "Microsoft-Windows-Sysmon", "RuleName": "-", "ProcessGuid": "{e97d4e69-0000-0000-f682-010000000000}", "ProcessId": "1272", "Image": "C:\\Windows\\explorer.exe", "ImageLoaded": "C:\\Windows\\System32\\normaliz.dll", "FileVersion": "6.1.7600.16385 (win7_rtm.090713-1255)", "Description": "Unicode Normalization DLL", "Product": "Microsoft\u00ae Windows\u00ae Operating System", "Company": "Microsoft Corporation", "OriginalFileName": "normaliz.dll", "Hashes": "SHA1=66A88FC0CA2CB75F39284CF411CD9C8E232FF88D,MD5=9C278785347BCC991F8EA2999D90F58D,SHA256=EA680C3642A6ABF627415AEE019956FAC702DC6A8F4B4D0FC8A4FB21EADD3896,IMPHASH=00000000000000000000000000000000", "Signed": "true", "Signature": "Microsoft Windows", "SignatureStatus": "Valid", "_source_file": "data/baseline/win7-x86/Microsoft-Windows-Sysmon%4Operational.evtx"}, {"EventID": 12, "Computer": "evtx-PC", "UtcTime": "2022-04-04 11:19:46.586", "Provider": "Microsoft-Windows-Sysmon", "RuleName": "-", "EventType": "CreateKey", "ProcessGuid": "{e97d4e69-0000-0000-f682-010000000000}", "ProcessId": "1272", "Image": "C:\\Windows\\Explorer.EXE", "TargetObject": "HKLM\\SOFTWARE\\Microsoft\\Tracing", "_source_file": "data/baseline/win7-x86/Microsoft-Windows-Sysmon%4Operational.evtx"}, {"EventID": 10, "Computer": "evtx-PC", "UtcTime": "2022-04-04 11:19:46.586", "Provider": "Microsoft-Windows-Sysmon", "RuleName": "-", "SourceProcessGUID": "{e97d4e69-0000-0000-cb4d-000000000000}", "SourceProcessId": "536", "SourceThreadId": "628", "SourceImage": "C:\\Windows\\system32\\services.exe", "TargetProcessGUID": "{e97d4e69-0000-0000-f682-010000000000}", "TargetProcessId": "1272", "TargetImage": "C:\\Windows\\Explorer.EXE", "GrantedAccess": "0x00001400", "CallTrace": "C:\\Windows\\SYSTEM32\\ntdll.dll+4481c|C:\\Windows\\system32\\RPCRT4.dll+c3d4|C:\\Windows\\system32\\RPCRT4.dll+c386|C:\\Windows\\system32\\services.exe+54b8|C:\\Windows\\system32\\services.exe+55db|C:\\Windows\\system32\\services.exe+5993|C:\\Windows\\system32\\RPCRT4.dll+2fc8f|C:\\Windows\\system32\\RPCRT4.dll+94c53|C:\\Windows\\system32\\RPCRT4.dll+9430e|C:\\Windows\\system32\\RPCRT4.dll+2f34a|C:\\Windows\\system32\\RPCRT4.dll+2f4da|C:\\Windows\\system32\\RPCRT4.dll+2f3c6|C:\\Windows\\system32\\RPCRT4.dll+23974|C:\\Windows\\system32\\RPCRT4.dll+2f7a4|C:\\Windows\\system32\\RPCRT4.dll+2f763|C:\\Windows\\system32\\RPCRT4.dll+2f5ff", "_source_file": "data/baseline/win7-x86/Microsoft-Windows-Sysmon%4Operational.evtx"}, {"EventID": 10, "Computer": "evtx-PC", "UtcTime": "2022-04-04 11:19:46.586", "Provider": "Microsoft-Windows-Sysmon", "RuleName": "-", "SourceProcessGUID": "{e97d4e69-0000-0000-cb4d-000000000000}", "SourceProcessId": "536", "SourceThreadId": "628", "SourceImage": "C:\\Windows\\system32\\services.exe", "TargetProcessGUID": "{e97d4e69-0000-0000-f682-010000000000}", "TargetProcessId": "1272", "TargetImage": "C:\\Windows\\Explorer.EXE", "GrantedAccess": "0x00001400", "CallTrace": "C:\\Windows\\SYSTEM32\\ntdll.dll+451dc|C:\\Windows\\system32\\KERNELBASE.dll+91b6|C:\\Windows\\system32\\services.exe+5b61|C:\\Windows\\system32\\services.exe+506d|C:\\Windows\\system32\\services.exe+569d|C:\\Windows\\system32\\services.exe+5993|C:\\Windows\\system32\\RPCRT4.dll+2fc8f|C:\\Windows\\system32\\RPCRT4.dll+94c53|C:\\Windows\\system32\\RPCRT4.dll+9430e|C:\\Windows\\system32\\RPCRT4.dll+2f34a|C:\\Windows\\system32\\RPCRT4.dll+2f4da|C:\\Windows\\system32\\RPCRT4.dll+2f3c6|C:\\Windows\\system32\\RPCRT4.dll+23974|C:\\Windows\\system32\\RPCRT4.dll+2f7a4|C:\\Windows\\system32\\RPCRT4.dll+2f763|C:\\Windows\\system32\\RPCRT4.dll+2f5ff", "_source_file": "data/baseline/win7-x86/Microsoft-Windows-Sysmon%4Operational.evtx"}, {"EventID": 7, "Computer": "evtx-PC", "UtcTime": "2022-04-04 11:19:46.586", "Provider": "Microsoft-Windows-Sysmon", "RuleName": "-", "ProcessGuid": "{e97d4e69-0000-0000-f682-010000000000}", "ProcessId": "1272", "Image": "C:\\Windows\\explorer.exe", "ImageLoaded": "C:\\Windows\\System32\\dnsapi.dll", "FileVersion": "6.1.7600.16385 (win7_rtm.090713-1255)", "Description": "DNS Client API DLL", "Product": "Microsoft\u00ae Windows\u00ae Operating System", "Company": "Microsoft Corporation", "OriginalFileName": "dnsapi", "Hashes": "SHA1=693911500D2D9BD0BE435B0F8E8D2C2ECF4F8C40,MD5=6D5A49D6479EB753C7879F73A4C35E0F,SHA256=A6009398E643051A8CC3943EDF9B7974F15867720246EFE52EDB09B5B3A30B83,IMPHASH=222B2996CF97DE9C241B29C1719216D6", "Signed": "true", "Signature": "Microsoft Windows", "SignatureStatus": "Valid", "_source_file": "data/baseline/win7-x86/Microsoft-Windows-Sysmon%4Operational.evtx"}, {"EventID": 10, "Computer": "evtx-PC", "UtcTime": "2022-04-04 11:19:46.586", "Provider": "Microsoft-Windows-Sysmon", "RuleName": "-", "SourceProcessGUID": "{e97d4e69-0000-0000-cb4d-000000000000}", "SourceProcessId": "536", "SourceThreadId": "628", "SourceImage": "C:\\Windows\\system32\\services.exe", "TargetProcessGUID": "{e97d4e69-0000-0000-f682-010000000000}", "TargetProcessId": "1272", "TargetImage": "C:\\Windows\\Explorer.EXE", "GrantedAccess": "0x00001400", "CallTrace": "C:\\Windows\\SYSTEM32\\ntdll.dll+4481c|C:\\Windows\\system32\\RPCRT4.dll+c3d4|C:\\Windows\\system32\\RPCRT4.dll+c386|C:\\Windows\\system32\\services.exe+54b8|C:\\Windows\\system32\\services.exe+55db|C:\\Windows\\system32\\services.exe+5993|C:\\Windows\\system32\\RPCRT4.dll+2fc8f|C:\\Windows\\system32\\RPCRT4.dll+94c53|C:\\Windows\\system32\\RPCRT4.dll+9430e|C:\\Windows\\system32\\RPCRT4.dll+2f34a|C:\\Windows\\system32\\RPCRT4.dll+2f4da|C:\\Windows\\system32\\RPCRT4.dll+2f3c6|C:\\Windows\\system32\\RPCRT4.dll+23974|C:\\Windows\\system32\\RPCRT4.dll+2f7a4|C:\\Windows\\system32\\RPCRT4.dll+2f763|C:\\Windows\\system32\\RPCRT4.dll+2f5ff", "_source_file": "data/baseline/win7-x86/Microsoft-Windows-Sysmon%4Operational.evtx"}, {"EventID": 7, "Computer": "evtx-PC", "UtcTime": "2022-04-04 11:19:46.603", "Provider": "Microsoft-Windows-Sysmon", "RuleName": "-", "ProcessGuid": "{e97d4e69-0000-0000-f682-010000000000}", "ProcessId": "1272", "Image": "C:\\Windows\\explorer.exe", "ImageLoaded": "C:\\Windows\\System32\\SensApi.dll", "FileVersion": "6.1.7600.16385 (win7_rtm.090713-1255)", "Description": "SENS Connectivity API DLL", "Product": "Microsoft\u00ae Windows\u00ae Operating System", "Company": "Microsoft Corporation", "OriginalFileName": "SensApi.dll", "Hashes": "SHA1=1335FFC09F6A05E5791CCD1D4F25166FAF9119CA,MD5=6F8E3B7B70E1BBA871212940C1FBDF60,SHA256=3F9D4EE64E4210340C6FEE0DE81BFE3C613DDBE608EC09D63817D24CE24BFC5E,IMPHASH=AE38F8CD7BC55F572D31FE23C2B5347F", "Signed": "true", "Signature": "Microsoft Windows", "SignatureStatus": "Valid", "_source_file": "data/baseline/win7-x86/Microsoft-Windows-Sysmon%4Operational.evtx"}, {"EventID": 12, "Computer": "evtx-PC", "UtcTime": "2022-04-04 11:19:46.603", "Provider": "Microsoft-Windows-Sysmon", "RuleName": "-", "EventType": "CreateKey", "ProcessGuid": "{e97d4e69-0000-0000-f682-010000000000}", "ProcessId": "1272", "Image": "C:\\Windows\\Explorer.EXE", "TargetObject": "HKU\\S-1-5-21-712794737-353456615-3249761964-1001\\Software\\Microsoft\\Windows\\CurrentVersion\\Internet Settings\\Connections", "_source_file": "data/baseline/win7-x86/Microsoft-Windows-Sysmon%4Operational.evtx"}, {"EventID": 12, "Computer": "evtx-PC", "UtcTime": "2022-04-04 11:19:46.603", "Provider": "Microsoft-Windows-Sysmon", "RuleName": "-", "EventType": "CreateKey", "ProcessGuid": "{e97d4e69-0000-0000-f682-010000000000}", "ProcessId": "1272", "Image": "C:\\Windows\\Explorer.EXE", "TargetObject": "HKU\\S-1-5-21-712794737-353456615-3249761964-1001\\Software\\Microsoft\\Windows\\CurrentVersion\\Internet Settings\\Connections", "_source_file": "data/baseline/win7-x86/Microsoft-Windows-Sysmon%4Operational.evtx"}, {"EventID": 12, "Computer": "evtx-PC", "UtcTime": "2022-04-04 11:19:46.603", "Provider": "Microsoft-Windows-Sysmon", "RuleName": "-", "EventType": "CreateKey", "ProcessGuid": "{e97d4e69-0000-0000-f682-010000000000}", "ProcessId": "1272", "Image": "C:\\Windows\\Explorer.EXE", "TargetObject": "HKU\\S-1-5-21-712794737-353456615-3249761964-1001\\Software\\Microsoft\\Windows\\CurrentVersion\\Internet Settings", "_source_file": "data/baseline/win7-x86/Microsoft-Windows-Sysmon%4Operational.evtx"}, {"EventID": 13, "Computer": "evtx-PC", "UtcTime": "2022-04-04 11:19:46.603", "Provider": "Microsoft-Windows-Sysmon", "RuleName": "-", "EventType": "SetValue", "ProcessGuid": "{e97d4e69-0000-0000-f682-010000000000}", "ProcessId": "1272", "Image": "C:\\Windows\\Explorer.EXE", "TargetObject": "HKU\\S-1-5-21-712794737-353456615-3249761964-1001\\Software\\Microsoft\\Windows\\CurrentVersion\\Internet Settings\\ProxyEnable", "Details": "DWORD (0x00000000)", "_source_file": "data/baseline/win7-x86/Microsoft-Windows-Sysmon%4Operational.evtx"}, {"EventID": 12, "Computer": "evtx-PC", "UtcTime": "2022-04-04 11:19:46.603", "Provider": "Microsoft-Windows-Sysmon", "RuleName": "-", "EventType": "CreateKey", "ProcessGuid": "{e97d4e69-0000-0000-f682-010000000000}", "ProcessId": "1272", "Image": "C:\\Windows\\Explorer.EXE", "TargetObject": "HKU\\S-1-5-21-712794737-353456615-3249761964-1001\\Software\\Microsoft\\Windows\\CurrentVersion\\Internet Settings\\Connections", "_source_file": "data/baseline/win7-x86/Microsoft-Windows-Sysmon%4Operational.evtx"}, {"EventID": 12, "Computer": "evtx-PC", "UtcTime": "2022-04-04 11:19:46.603", "Provider": "Microsoft-Windows-Sysmon", "RuleName": "-", "EventType": "CreateKey", "ProcessGuid": "{e97d4e69-0000-0000-f682-010000000000}", "ProcessId": "1272", "Image": "C:\\Windows\\Explorer.EXE", "TargetObject": "HKU\\S-1-5-21-712794737-353456615-3249761964-1001\\Software\\Microsoft\\Windows\\CurrentVersion\\Internet Settings\\Connections", "_source_file": "data/baseline/win7-x86/Microsoft-Windows-Sysmon%4Operational.evtx"}, {"EventID": 13, "Computer": "evtx-PC", "UtcTime": "2022-04-04 11:19:46.603", "Provider": "Microsoft-Windows-Sysmon", "RuleName": "-", "EventType": "SetValue", "ProcessGuid": "{e97d4e69-0000-0000-f682-010000000000}", "ProcessId": "1272", "Image": "C:\\Windows\\Explorer.EXE", "TargetObject": "HKU\\S-1-5-21-712794737-353456615-3249761964-1001\\Software\\Microsoft\\Windows\\CurrentVersion\\Internet Settings\\Connections\\SavedLegacySettings", "Details": "Binary Data", "_source_file": "data/baseline/win7-x86/Microsoft-Windows-Sysmon%4Operational.evtx"}, {"EventID": 12, "Computer": "evtx-PC", "UtcTime": "2022-04-04 11:19:46.603", "Provider": "Microsoft-Windows-Sysmon", "RuleName": "-", "EventType": "CreateKey", "ProcessGuid": "{e97d4e69-0000-0000-1262-000000000000}", "ProcessId": "668", "Image": "C:\\Windows\\system32\\svchost.exe", "TargetObject": "HKLM\\System\\CurrentControlSet\\Control\\DeviceClasses", "_source_file": "data/baseline/win7-x86/Microsoft-Windows-Sysmon%4Operational.evtx"}, {"EventID": 12, "Computer": "evtx-PC", "UtcTime": "2022-04-04 11:19:46.603", "Provider": "Microsoft-Windows-Sysmon", "RuleName": "-", "EventType": "CreateKey", "ProcessGuid": "{e97d4e69-0000-0000-1262-000000000000}", "ProcessId": "668", "Image": "C:\\Windows\\system32\\svchost.exe", "TargetObject": "HKLM\\System\\CurrentControlSet\\Control\\DeviceClasses", "_source_file": "data/baseline/win7-x86/Microsoft-Windows-Sysmon%4Operational.evtx"}, {"EventID": 7, "Computer": "evtx-PC", "UtcTime": "2022-04-04 11:19:46.586", "Provider": "Microsoft-Windows-Sysmon", "RuleName": "-", "ProcessGuid": "{e97d4e69-0000-0000-f682-010000000000}", "ProcessId": "1272", "Image": "C:\\Windows\\explorer.exe", "ImageLoaded": "C:\\Windows\\System32\\rasapi32.dll", "FileVersion": "6.1.7600.16385 (win7_rtm.090713-1255)", "Description": "Remote Access API", "Product": "Microsoft\u00ae Windows\u00ae Operating System", "Company": "Microsoft Corporation", "OriginalFileName": "rasapi32.dll", "Hashes": "SHA1=DD17272F010E0BF24EDD8148CD940F216D00CE7F,MD5=839F96DBAAFD3353E0B248A5E0BD2A51,SHA256=11DA5AD3EA5FF4766C12B99FB520B3CBE08581ECAF1A2FD1DC5AC835CA78FAC2,IMPHASH=6468E7FC96A03B9D6EC326325CED60D6", "Signed": "true", "Signature": "Microsoft Windows", "SignatureStatus": "Valid", "_source_file": "data/baseline/win7-x86/Microsoft-Windows-Sysmon%4Operational.evtx"}, {"EventID": 7, "Computer": "evtx-PC", "UtcTime": "2022-04-04 11:19:46.586", "Provider": "Microsoft-Windows-Sysmon", "RuleName": "-", "ProcessGuid": "{e97d4e69-0000-0000-f682-010000000000}", "ProcessId": "1272", "Image": "C:\\Windows\\explorer.exe", "ImageLoaded": "C:\\Windows\\System32\\rasman.dll", "FileVersion": "6.1.7600.16385 (win7_rtm.090713-1255)", "Description": "Remote Access Connection Manager", "Product": "Microsoft\u00ae Windows\u00ae Operating System", "Company": "Microsoft Corporation", "OriginalFileName": "Rasman.dll", "Hashes": "SHA1=ED25B14DF715A7E09B16112A73D9265A83D12D96,MD5=FFA7172354B9256DBB2CDD75F16F33FE,SHA256=85B2F014C67C2E52540F17D561793C6633C9E98F12639CCD3854EB1EC34DD035,IMPHASH=1E8025B92720C9A5BBB14A9A34A99939", "Signed": "true", "Signature": "Microsoft Windows", "SignatureStatus": "Valid", "_source_file": "data/baseline/win7-x86/Microsoft-Windows-Sysmon%4Operational.evtx"}, {"EventID": 7, "Computer": "evtx-PC", "UtcTime": "2022-04-04 11:19:46.586", "Provider": "Microsoft-Windows-Sysmon", "RuleName": "-", "ProcessGuid": "{e97d4e69-0000-0000-f682-010000000000}", "ProcessId": "1272", "Image": "C:\\Windows\\explorer.exe", "ImageLoaded": "C:\\Windows\\System32\\rtutils.dll", "FileVersion": "6.1.7600.16385 (win7_rtm.090713-1255)", "Description": "Routing Utilities", "Product": "Microsoft\u00ae Windows\u00ae Operating System", "Company": "Microsoft Corporation", "OriginalFileName": "RTUTILS.DLL", "Hashes": "SHA1=4B598D0CEAA24BC7C950B86B6C7A064045B7F409,MD5=2DD44566FF92EC81726C5FAFEFA3FE8B,SHA256=A8F49AF8B443A8FCF10B6A7C2A52154760A2A8370028E89073E740E000B95D1F,IMPHASH=A62B6418AEA535CA057ADBD696167A44", "Signed": "true", "Signature": "Microsoft Windows", "SignatureStatus": "Valid", "_source_file": "data/baseline/win7-x86/Microsoft-Windows-Sysmon%4Operational.evtx"}, {"EventID": 7, "Computer": "evtx-PC", "UtcTime": "2022-04-04 11:19:46.620", "Provider": "Microsoft-Windows-Sysmon", "RuleName": "-", "ProcessGuid": "{e97d4e69-0000-0000-f682-010000000000}", "ProcessId": "1272", "Image": "C:\\Windows\\explorer.exe", "ImageLoaded": "C:\\Windows\\System32\\mssvp.dll", "FileVersion": "7.00.7600.16385 (win7_rtm.090713-1255)", "Description": "MSSearch Vista Platform", "Product": "Windows\u00ae Search", "Company": "Microsoft Corporation", "OriginalFileName": "mssvp.dll", "Hashes": "SHA1=1AF6CE0D8884C51E71E17D07E11117A23E3CE8FD,MD5=63C1665A3A47266029DC0D0D0D8F4935,SHA256=8E9EF6B3989689E64A5339D988175A2D2C77D15A4A75475ECCFAB8447A5C3A9B,IMPHASH=38756D066D67CBB249D39BEE512C1231", "Signed": "true", "Signature": "Microsoft Windows", "SignatureStatus": "Valid", "_source_file": "data/baseline/win7-x86/Microsoft-Windows-Sysmon%4Operational.evtx"}, {"EventID": 7, "Computer": "evtx-PC", "UtcTime": "2022-04-04 11:19:46.620", "Provider": "Microsoft-Windows-Sysmon", "RuleName": "-", "ProcessGuid": "{e97d4e69-0000-0000-f682-010000000000}", "ProcessId": "1272", "Image": "C:\\Windows\\explorer.exe", "ImageLoaded": "C:\\Windows\\System32\\mapi32.dll", "FileVersion": "1.0.2536.0 (win7_rtm.090713-1255)", "Description": "Extended MAPI 1.0 for Windows NT", "Product": "Microsoft\u00ae Windows\u00ae Operating System", "Company": "Microsoft Corporation", "OriginalFileName": "MAPI32.DLL", "Hashes": "SHA1=03D996D192AD07995E76B055233F75D87F802631,MD5=000B3A704234C202D4D788A171B02243,SHA256=7F5D42EC44DD14204D068E7F4C44C411710A67CAB1A62A1E1484098C50495CF5,IMPHASH=D102FE1885735ADC27A95B078F0F5D5E", "Signed": "true", "Signature": "Microsoft Windows", "SignatureStatus": "Valid", "_source_file": "data/baseline/win7-x86/Microsoft-Windows-Sysmon%4Operational.evtx"}, {"EventID": 12, "Computer": "evtx-PC", "UtcTime": "2022-04-04 11:19:46.655", "Provider": "Microsoft-Windows-Sysmon", "RuleName": "-", "EventType": "CreateKey", "ProcessGuid": "{e97d4e69-0000-0000-f682-010000000000}", "ProcessId": "1272", "Image": "C:\\Windows\\Explorer.EXE", "TargetObject": "HKU\\S-1-5-21-712794737-353456615-3249761964-1001\\Software\\Microsoft\\Windows\\CurrentVersion\\Explorer\\RecentDocs", "_source_file": "data/baseline/win7-x86/Microsoft-Windows-Sysmon%4Operational.evtx"}, {"EventID": 7, "Computer": "evtx-PC", "UtcTime": "2022-04-04 11:19:46.706", "Provider": "Microsoft-Windows-Sysmon", "RuleName": "-", "ProcessGuid": "{e97d4e69-0000-0000-f682-010000000000}", "ProcessId": "1272", "Image": "C:\\Windows\\explorer.exe", "ImageLoaded": "C:\\Users\\evtx\\Desktop\\Sysmon (2)\\Sysmon.exe", "FileVersion": "13.23", "Description": "System activity monitor", "Product": "Sysinternals Sysmon", "Company": "Sysinternals - www.sysinternals.com", "OriginalFileName": "-", "Hashes": "SHA1=5203DE0C29E2916FE57F916E2A5F108C79AC5A95,MD5=A987E3026CE1B988DE0A4DC14477F0D7,SHA256=4AC74811AF20F980AA13051F02F020F6A785F31BC23801D4CD04FDC29A0BEE8F,IMPHASH=33359A3D800F7B6BCCEDAF64C57B2F78", "Signed": "false", "Signature": "-", "SignatureStatus": "Unavailable", "_source_file": "data/baseline/win7-x86/Microsoft-Windows-Sysmon%4Operational.evtx"}, {"EventID": 7, "Computer": "evtx-PC", "UtcTime": "2022-04-04 11:19:46.706", "Provider": "Microsoft-Windows-Sysmon", "RuleName": "-", "ProcessGuid": "{e97d4e69-0000-0000-f682-010000000000}", "ProcessId": "1272", "Image": "C:\\Windows\\explorer.exe", "ImageLoaded": "C:\\Users\\evtx\\Desktop\\Sysmon (2)\\Sysmon.exe", "FileVersion": "13.23", "Description": "System activity monitor", "Product": "Sysinternals Sysmon", "Company": "Sysinternals - www.sysinternals.com", "OriginalFileName": "-", "Hashes": "SHA1=5203DE0C29E2916FE57F916E2A5F108C79AC5A95,MD5=A987E3026CE1B988DE0A4DC14477F0D7,SHA256=4AC74811AF20F980AA13051F02F020F6A785F31BC23801D4CD04FDC29A0BEE8F,IMPHASH=33359A3D800F7B6BCCEDAF64C57B2F78", "Signed": "false", "Signature": "-", "SignatureStatus": "Unavailable", "_source_file": "data/baseline/win7-x86/Microsoft-Windows-Sysmon%4Operational.evtx"}, 